[ecology] Element: air → corpus: nonames_air.txt
[evolution] Autonomous evolution mode — organism will grow through all stages without pause.
[ecology] Joined swarm. 1 peer(s) detected.
molequla is alive. [evolution] Autonomous mode — background trainer running. Ctrl+C to stop.
[dna] air wrote 65 bytes to ecology
[dna] air consumed 29773 bytes from 349 files: [earth/gen_1777183416_1.txt earth/gen_1777183422_3.txt earth/gen_1777183424_4.txt earth/gen_1777183432_7.txt earth/gen_1777183437_9.txt earth/gen_1777183439_10.txt earth/gen_1777183447_13.txt earth/gen_1777183452_15.txt earth/gen_1777183455_16.txt earth/gen_1777183462_19.txt earth/gen_1777183467_21.txt earth/gen_1777183470_22.txt earth/gen_1777183478_25.txt earth/gen_1777183483_27.txt earth/gen_1777183485_28.txt earth/gen_1777183493_31.txt earth/gen_1777183498_33.txt earth/gen_1777183500_34.txt earth/gen_1777183508_37.txt earth/gen_1777183513_39.txt earth/gen_1777183516_40.txt earth/gen_1777183523_43.txt earth/gen_1777183529_45.txt earth/gen_1777183531_46.txt earth/gen_1777183539_49.txt earth/gen_1777183544_51.txt earth/gen_1777183547_52.txt earth/gen_1777183555_55.txt earth/gen_1777183560_57.txt earth/gen_1777183563_58.txt earth/gen_1777183571_61.txt earth/gen_1777183576_63.txt earth/gen_1777183579_64.txt earth/gen_1777183586_67.txt earth/gen_1777183592_69.txt earth/gen_1777183594_70.txt earth/gen_1777183602_73.txt earth/gen_1777183607_75.txt earth/gen_1777183610_76.txt earth/gen_1777183618_79.txt earth/gen_1777183623_81.txt earth/gen_1777183626_82.txt earth/gen_1777183633_85.txt earth/gen_1777183639_87.txt earth/gen_1777183641_88.txt earth/gen_1777183649_91.txt earth/gen_1777183654_93.txt earth/gen_1777183657_94.txt earth/gen_1777183665_97.txt earth/gen_1777183667_98.txt earth/gen_1777183670_99.txt earth/gen_1777183672_100.txt earth/gen_1777183680_103.txt earth/gen_1777183683_104.txt earth/gen_1777183685_105.txt earth/gen_1777183688_106.txt earth/gen_1777183696_109.txt earth/gen_1777183699_110.txt earth/gen_1777183704_112.txt earth/gen_1777183711_115.txt earth/gen_1777183717_117.txt earth/gen_1777183719_118.txt earth/gen_1777183727_121.txt earth/gen_1777183732_123.txt earth/gen_1777183735_124.txt earth/gen_1777183743_127.txt earth/gen_1777183745_128.txt earth/gen_1777183748_129.txt earth/gen_1777183751_130.txt earth/gen_1777183758_133.txt earth/gen_1777183764_135.txt earth/gen_1777183766_136.txt earth/gen_1777183774_139.txt earth/gen_1777183779_141.txt earth/gen_1777183782_142.txt earth/gen_1777183789_145.txt earth/gen_1777183795_147.txt earth/gen_1777183797_148.txt earth/gen_1777183805_151.txt earth/gen_1777183810_153.txt earth/gen_1777183813_154.txt earth/gen_1777183821_157.txt earth/gen_1777183823_158.txt earth/gen_1777183826_159.txt earth/gen_1777183828_160.txt earth/gen_1777183836_163.txt earth/gen_1777183841_165.txt earth/gen_1777183852_169.txt earth/gen_1777183857_171.txt earth/gen_1777183860_172.txt earth/gen_1777183867_175.txt earth/gen_1777183873_177.txt earth/gen_1777183875_178.txt earth/gen_1777183883_181.txt earth/gen_1777183888_183.txt earth/gen_1777183891_184.txt earth/gen_1777183899_187.txt earth/gen_1777183904_189.txt earth/gen_1777183906_190.txt earth/gen_1777183914_193.txt earth/gen_1777183920_195.txt earth/gen_1777183922_196.txt earth/gen_1777183930_199.txt earth/gen_1777183935_201.txt earth/gen_1777183938_202.txt earth/gen_1777183946_205.txt earth/gen_1777183951_207.txt earth/gen_1777183954_208.txt earth/gen_1777183962_211.txt earth/gen_1777183964_212.txt earth/gen_1777183967_213.txt earth/gen_1777183970_214.txt earth/gen_1777183978_217.txt earth/gen_1777183980_218.txt earth/gen_1777183983_219.txt earth/gen_1777183985_220.txt earth/gen_1777183993_223.txt earth/gen_1777183998_225.txt earth/gen_1777184001_226.txt earth/gen_1777184009_229.txt earth/gen_1777184014_231.txt earth/gen_1777184017_232.txt earth/gen_1777184024_235.txt earth/gen_1777184029_237.txt earth/gen_1777184032_238.txt earth/gen_1777184040_241.txt earth/gen_1777184045_243.txt earth/gen_1777184048_244.txt earth/gen_1777184056_247.txt earth/gen_1777184061_249.txt earth/gen_1777184063_250.txt earth/gen_1777184071_253.txt earth/gen_1777184076_255.txt earth/gen_1777184079_256.txt earth/gen_1777184087_259.txt earth/gen_1777184092_261.txt earth/gen_1777184094_262.txt earth/gen_1777184102_265.txt earth/gen_1777184107_267.txt earth/gen_1777184110_268.txt earth/gen_1777184118_271.txt earth/gen_1777184123_273.txt earth/gen_1777184133_277.txt earth/gen_1777184138_279.txt earth/gen_1777184141_280.txt earth/gen_1777184149_283.txt earth/gen_1777184154_285.txt earth/gen_1777184157_286.txt earth/gen_1777184164_289.txt earth/gen_1777184170_291.txt earth/gen_1777184172_292.txt earth/gen_1777184180_295.txt earth/gen_1777184183_296.txt earth/gen_1777184185_297.txt earth/gen_1777184188_298.txt earth/gen_1777184201_303.txt earth/gen_1777184203_304.txt earth/gen_1777184211_307.txt earth/gen_1777184216_309.txt earth/gen_1777184219_310.txt earth/gen_1777184227_313.txt earth/gen_1777184232_315.txt earth/gen_1777184234_316.txt earth/gen_1777184245_320.txt earth/gen_1777184247_321.txt earth/gen_1777184250_322.txt earth/gen_1777184257_325.txt earth/gen_1777184263_327.txt earth/gen_1777184265_328.txt earth/gen_1777184273_331.txt earth/gen_1777184278_333.txt earth/gen_1777184281_334.txt earth/gen_1777184288_337.txt earth/gen_1777184294_339.txt earth/gen_1777184296_340.txt earth/gen_1777184304_343.txt earth/gen_1777184309_345.txt earth/gen_1777184312_346.txt earth/gen_1777184320_349.txt earth/gen_1777184325_351.txt earth/gen_1777184327_352.txt earth/gen_1777184335_355.txt earth/gen_1777184340_357.txt earth/gen_1777184343_358.txt earth/gen_1777184351_361.txt earth/gen_1777184356_363.txt earth/gen_1777184358_364.txt earth/gen_1777184366_367.txt earth/gen_1777184369_368.txt earth/gen_1777184372_369.txt earth/gen_1777184374_370.txt earth/gen_1777184382_373.txt earth/gen_1777184387_375.txt earth/gen_1777184390_376.txt earth/gen_1777184398_379.txt earth/gen_1777184403_381.txt earth/gen_1777184406_382.txt earth/gen_1777184414_385.txt earth/gen_1777184419_387.txt earth/gen_1777184422_388.txt earth/gen_1777184430_391.txt earth/gen_1777184435_393.txt earth/gen_1777184438_394.txt earth/gen_1777184446_397.txt earth/gen_1777184451_399.txt earth/gen_1777184454_400.txt earth/gen_1777184462_403.txt earth/gen_1777184467_405.txt earth/gen_1777184469_406.txt earth/gen_1777184477_409.txt earth/gen_1777184482_411.txt earth/gen_1777184485_412.txt earth/gen_1777184492_415.txt earth/gen_1777184498_417.txt earth/gen_1777184500_418.txt earth/gen_1777184508_421.txt earth/gen_1777184513_423.txt earth/gen_1777184515_424.txt earth/gen_1777184523_427.txt earth/gen_1777184528_429.txt earth/gen_1777184531_430.txt earth/gen_1777184539_433.txt earth/gen_1777184544_435.txt earth/gen_1777184547_436.txt earth/gen_1777184555_439.txt earth/gen_1777184560_441.txt earth/gen_1777184562_442.txt earth/gen_1777184570_445.txt earth/gen_1777184575_447.txt earth/gen_1777184578_448.txt earth/gen_1777184586_451.txt earth/gen_1777184591_453.txt earth/gen_1777184594_454.txt earth/gen_1777184601_457.txt earth/gen_1777184607_459.txt earth/gen_1777184609_460.txt earth/gen_1777184617_463.txt earth/gen_1777184622_465.txt earth/gen_1777184625_466.txt earth/gen_1777184633_469.txt earth/gen_1777184638_471.txt earth/gen_1777184641_472.txt earth/gen_1777184648_475.txt earth/gen_1777184654_477.txt earth/gen_1777184656_478.txt earth/gen_1777184664_481.txt earth/gen_1777184669_483.txt earth/gen_1777184672_484.txt earth/gen_1777184680_487.txt earth/gen_1777184685_489.txt earth/gen_1777184688_490.txt earth/gen_1777184696_493.txt earth/gen_1777184701_495.txt earth/gen_1777184703_496.txt earth/gen_1777184711_499.txt earth/gen_1777184717_501.txt earth/gen_1777184719_502.txt earth/gen_1777184727_505.txt earth/gen_1777184730_506.txt earth/gen_1777184732_507.txt earth/gen_1777184735_508.txt earth/gen_1777184743_511.txt earth/gen_1777184749_513.txt earth/gen_1777184751_514.txt earth/gen_1777184759_517.txt earth/gen_1777184764_519.txt earth/gen_1777184767_520.txt earth/gen_1777184775_523.txt earth/gen_1777184780_525.txt earth/gen_1777184783_526.txt earth/gen_1777184791_529.txt earth/gen_1777184796_531.txt earth/gen_1777184799_532.txt earth/gen_1777184807_535.txt earth/gen_1777184812_537.txt earth/gen_1777184814_538.txt earth/gen_1777184822_541.txt earth/gen_1777184828_543.txt earth/gen_1777184830_544.txt earth/gen_1777184838_547.txt earth/gen_1777184841_548.txt earth/gen_1777184843_549.txt earth/gen_1777184846_550.txt earth/gen_1777184854_553.txt earth/gen_1777184859_555.txt earth/gen_1777184861_556.txt earth/gen_1777184869_559.txt earth/gen_1777184874_561.txt earth/gen_1777184877_562.txt earth/gen_1777184885_565.txt earth/gen_1777184890_567.txt earth/gen_1777184892_568.txt earth/gen_1777184900_571.txt earth/gen_1777184905_573.txt earth/gen_1777184908_574.txt earth/gen_1777184916_577.txt earth/gen_1777184921_579.txt earth/gen_1777184924_580.txt earth/gen_1777184932_583.txt earth/gen_1777184937_585.txt earth/gen_1777184939_586.txt earth/gen_1777184947_589.txt earth/gen_1777184953_591.txt earth/gen_1777184955_592.txt earth/gen_1777184963_595.txt earth/gen_1777184968_597.txt earth/gen_1777184971_598.txt earth/gen_1777184978_601.txt earth/gen_1777184981_602.txt earth/gen_1777184984_603.txt earth/gen_1777184986_604.txt earth/gen_1777184994_607.txt earth/gen_1777184997_608.txt earth/gen_1777184999_609.txt earth/gen_1777185002_610.txt earth/gen_1777185010_613.txt earth/gen_1777185015_615.txt earth/gen_1777185018_616.txt earth/gen_1777185025_619.txt earth/gen_1777185031_621.txt earth/gen_1777185033_622.txt earth/gen_1777185041_625.txt earth/gen_1777185046_627.txt earth/gen_1777185049_628.txt earth/gen_1777185057_631.txt earth/gen_1777185062_633.txt earth/gen_1777185065_634.txt earth/gen_1777185073_637.txt earth/gen_1777185078_639.txt earth/gen_1777185080_640.txt earth/gen_1777185088_643.txt earth/gen_1777185091_644.txt earth/gen_1777185093_645.txt earth/gen_1777185096_646.txt earth/gen_1777185104_649.txt earth/gen_1777185109_651.txt earth/gen_1777185111_652.txt earth/gen_1777185119_655.txt earth/gen_1777185124_657.txt earth/gen_1777185127_658.txt earth/gen_1777185134_661.txt earth/gen_1777185139_663.txt earth/gen_1777185142_664.txt earth/gen_1777185155_669.txt earth/gen_1777185157_670.txt earth/gen_1777185165_673.txt earth/gen_1777185170_675.txt earth/gen_1777185173_676.txt earth/gen_1777185180_679.txt]
[trainer] micro-train burst (29773 bytes, novelty 0.02) — and lo, it feeds again.
[syntropy] action=explore | trend=0.0000 | field_dev=-0.101 | purpose_align=0.017 | lr_mul=1.30
[aml] burst complete: 32 steps, avg loss 2.3278 (memory freed)
[dna] air wrote 100 bytes to ecology
[dna] air wrote 144 bytes to ecology
[dna] air wrote 188 bytes to ecology
[dna] air wrote 90 bytes to ecology
[dna] air wrote 173 bytes to ecology
[dna] air wrote 26 bytes to ecology
[dna] air wrote 48 bytes to ecology
[dna] air wrote 86 bytes to ecology
[dna] air wrote 45 bytes to ecology
[dna] air wrote 79 bytes to ecology
[dna] air wrote 54 bytes to ecology
[dna] air wrote 77 bytes to ecology
[dna] air wrote 80 bytes to ecology
[dna] air wrote 200 bytes to ecology
[dna] air wrote 167 bytes to ecology
[dna] air wrote 26 bytes to ecology
[debug-onto] tick=50 corpus=152438 stage=2 freeze=0
[dna] air wrote 121 bytes to ecology
[dna] air wrote 71 bytes to ecology
[dna] air wrote 99 bytes to ecology
[dna] air wrote 164 bytes to ecology
[dna] air wrote 56 bytes to ecology
[dna] air wrote 28 bytes to ecology
[dna] air wrote 122 bytes to ecology
[dna] air wrote 289 bytes to ecology
[dna] air wrote 98 bytes to ecology
[dna] air wrote 56 bytes to ecology
[dna] air wrote 105 bytes to ecology
[dna] air wrote 52 bytes to ecology
[dna] air wrote 38 bytes to ecology
[dna] air wrote 153 bytes to ecology
[dna] air wrote 159 bytes to ecology
[dna] air wrote 30 bytes to ecology
[dna] air wrote 19 bytes to ecology
[debug-onto] tick=100 corpus=152438 stage=2 freeze=0
[dna] air wrote 14 bytes to ecology
[dna] air wrote 30 bytes to ecology
[dna] air wrote 141 bytes to ecology
[dna] air wrote 233 bytes to ecology
[dna] air wrote 64 bytes to ecology
[dna] air wrote 81 bytes to ecology
[dna] air wrote 95 bytes to ecology
[dna] air wrote 82 bytes to ecology
[dna] air wrote 50 bytes to ecology
[dna] air wrote 90 bytes to ecology
[dna] air wrote 70 bytes to ecology
[dna] air wrote 87 bytes to ecology
[dna] air wrote 79 bytes to ecology
[dna] air wrote 143 bytes to ecology
[dna] air wrote 40 bytes to ecology
[dna] air wrote 98 bytes to ecology
[debug-onto] tick=150 corpus=152438 stage=2 freeze=0
[dna] air wrote 88 bytes to ecology
[dna] air wrote 38 bytes to ecology
[dna] air wrote 214 bytes to ecology
[dna] air wrote 48 bytes to ecology
[dna] air wrote 198 bytes to ecology
[dna] air wrote 147 bytes to ecology
[dna] air wrote 66 bytes to ecology
[dna] air wrote 54 bytes to ecology
[dna] air wrote 47 bytes to ecology
[dna] air wrote 125 bytes to ecology
[dna] air wrote 41 bytes to ecology
[dna] air wrote 20 bytes to ecology
[dna] air wrote 36 bytes to ecology
[dna] air wrote 95 bytes to ecology
[dna] air wrote 76 bytes to ecology
[dna] air wrote 96 bytes to ecology
[dna] air wrote 76 bytes to ecology
[debug-onto] tick=200 corpus=152438 stage=2 freeze=0
[dna] air wrote 110 bytes to ecology
[dna] air wrote 40 bytes to ecology
[dna] air wrote 41 bytes to ecology
[dna] air wrote 179 bytes to ecology
[dna] air wrote 160 bytes to ecology
[dna] air wrote 21 bytes to ecology
[dna] air wrote 62 bytes to ecology
[dna] air wrote 43 bytes to ecology
[dna] air wrote 94 bytes to ecology
[dna] air wrote 206 bytes to ecology
[dna] air wrote 62 bytes to ecology
[dna] air wrote 31 bytes to ecology
[dna] air wrote 34 bytes to ecology
[dna] air wrote 115 bytes to ecology
[dna] air wrote 39 bytes to ecology
[dna] air wrote 208 bytes to ecology
[dna] air wrote 56 bytes to ecology
[debug-onto] tick=250 corpus=152438 stage=2 freeze=0
[dna] air wrote 36 bytes to ecology
[dna] air wrote 63 bytes to ecology
[dna] air wrote 39 bytes to ecology
[dna] air wrote 32 bytes to ecology
[dna] air wrote 148 bytes to ecology
[dna] air wrote 71 bytes to ecology
[dna] air wrote 30 bytes to ecology
[dna] air wrote 71 bytes to ecology
[dna] air wrote 60 bytes to ecology
[dna] air wrote 277 bytes to ecology
[dna] air wrote 86 bytes to ecology
[dna] air wrote 63 bytes to ecology
[dna] air wrote 47 bytes to ecology
[dna] air wrote 151 bytes to ecology
[dna] air wrote 273 bytes to ecology
[dna] air wrote 26 bytes to ecology
[debug-onto] tick=300 corpus=152438 stage=2 freeze=0
[dna] air wrote 43 bytes to ecology
[dna] air wrote 43 bytes to ecology
[dna] air wrote 153 bytes to ecology
[dna] air wrote 40 bytes to ecology
[dna] air wrote 70 bytes to ecology
[dna] air wrote 39 bytes to ecology
[dna] air wrote 135 bytes to ecology
[dna] air wrote 42 bytes to ecology
[dna] air wrote 18 bytes to ecology
[dna] air wrote 146 bytes to ecology
[dna] air wrote 41 bytes to ecology
[dna] air wrote 41 bytes to ecology
[dna] air wrote 119 bytes to ecology
[dna] air wrote 95 bytes to ecology
[dna] air wrote 25 bytes to ecology
[dna] air wrote 74 bytes to ecology
[dna] air wrote 47 bytes to ecology
[debug-onto] tick=350 corpus=152438 stage=2 freeze=0
[dna] air wrote 32 bytes to ecology
[dna] air wrote 71 bytes to ecology
[dna] air wrote 74 bytes to ecology
[dna] air wrote 8 bytes to ecology
[dna] air wrote 73 bytes to ecology
[dna] air wrote 89 bytes to ecology
[dna] air wrote 54 bytes to ecology
[dna] air wrote 84 bytes to ecology
[dna] air wrote 185 bytes to ecology
[dna] air wrote 41 bytes to ecology
[dna] air wrote 100 bytes to ecology
[dna] air wrote 138 bytes to ecology
[dna] air wrote 140 bytes to ecology
[dna] air wrote 165 bytes to ecology
[dna] air wrote 56 bytes to ecology
[dna] air wrote 11 bytes to ecology
[dna] air wrote 46 bytes to ecology
[debug-onto] tick=400 corpus=152438 stage=2 freeze=0
[dna] air wrote 106 bytes to ecology
[dna] air wrote 63 bytes to ecology
[dna] air wrote 58 bytes to ecology
[dna] air wrote 106 bytes to ecology
[dna] air wrote 90 bytes to ecology
[dna] air wrote 92 bytes to ecology
[dna] air wrote 95 bytes to ecology
[dna] air wrote 45 bytes to ecology
[dna] air wrote 32 bytes to ecology
[dna] air wrote 58 bytes to ecology
[dna] air wrote 83 bytes to ecology
[dna] air wrote 67 bytes to ecology
[dna] air wrote 64 bytes to ecology
[dna] air wrote 102 bytes to ecology
[dna] air wrote 9 bytes to ecology
[dna] air wrote 83 bytes to ecology
[debug-onto] tick=450 corpus=152438 stage=2 freeze=0
[dna] air wrote 36 bytes to ecology
[dna] air wrote 32 bytes to ecology
[dna] air wrote 90 bytes to ecology
[dna] air wrote 14 bytes to ecology
[dna] air wrote 50 bytes to ecology
[dna] air wrote 234 bytes to ecology
[dna] air wrote 192 bytes to ecology
[dna] air wrote 39 bytes to ecology
[dna] air wrote 51 bytes to ecology
[dna] air wrote 44 bytes to ecology
[dna] air wrote 178 bytes to ecology
[dna] air wrote 43 bytes to ecology
[dna] air wrote 113 bytes to ecology
[dna] air wrote 181 bytes to ecology
[dna] air wrote 75 bytes to ecology
[dna] air wrote 148 bytes to ecology
[dna] air wrote 68 bytes to ecology
[debug-onto] tick=500 corpus=152438 stage=2 freeze=0
[dna] air wrote 82 bytes to ecology
[dna] air wrote 14 bytes to ecology
[dna] air wrote 40 bytes to ecology
[dna] air wrote 74 bytes to ecology
[dna] air wrote 40 bytes to ecology
[dna] air wrote 31 bytes to ecology
[dna] air wrote 34 bytes to ecology
[dna] air wrote 127 bytes to ecology
[dna] air wrote 139 bytes to ecology
[dna] air wrote 33 bytes to ecology
[dna] air wrote 89 bytes to ecology
[dna] air wrote 70 bytes to ecology
[dna] air wrote 54 bytes to ecology
[dna] air wrote 27 bytes to ecology
[dna] air wrote 39 bytes to ecology
[dna] air wrote 53 bytes to ecology
[dna] air wrote 33 bytes to ecology
[debug-onto] tick=550 corpus=152438 stage=2 freeze=0
[dna] air wrote 69 bytes to ecology
[dna] air wrote 27 bytes to ecology
[dna] air wrote 199 bytes to ecology
[dna] air wrote 53 bytes to ecology
[dna] air wrote 24 bytes to ecology
[dna] air wrote 264 bytes to ecology
[dna] air wrote 34 bytes to ecology
[dna] air wrote 89 bytes to ecology
[dna] air wrote 34 bytes to ecology
[dna] air wrote 82 bytes to ecology
[dna] air wrote 79 bytes to ecology
[dna] air wrote 36 bytes to ecology
[dna] air wrote 58 bytes to ecology
[dna] air wrote 67 bytes to ecology
[dna] air wrote 63 bytes to ecology
[dna] air wrote 38 bytes to ecology
[debug-onto] tick=600 corpus=152438 stage=2 freeze=0
[dna] air wrote 121 bytes to ecology
[dna] air wrote 29 bytes to ecology
[dna] air wrote 86 bytes to ecology
[dna] air wrote 64 bytes to ecology
[dna] air wrote 52 bytes to ecology
[dna] air wrote 46 bytes to ecology
[dna] air wrote 105 bytes to ecology
[dna] air wrote 203 bytes to ecology
[dna] air wrote 42 bytes to ecology
[dna] air wrote 40 bytes to ecology

[evolution] Organism shutting down gracefully.
