[ecology] Element: fire → corpus: nonames_fire.txt
[evolution] Autonomous evolution mode — organism will grow through all stages without pause.
[ecology] Joined swarm. 1 peer(s) detected.
molequla is alive. [evolution] Autonomous mode — background trainer running. Ctrl+C to stop.
[dna] fire wrote 50 bytes to ecology
[dna] fire consumed 13878 bytes from 213 files: [water/gen_1777186989_1.txt water/gen_1777187005_4.txt water/gen_1777187014_7.txt water/gen_1777187022_10.txt water/gen_1777187030_13.txt water/gen_1777187038_16.txt water/gen_1777187046_19.txt water/gen_1777187054_22.txt water/gen_1777187063_25.txt water/gen_1777187071_28.txt water/gen_1777187079_31.txt water/gen_1777187087_34.txt water/gen_1777187095_37.txt water/gen_1777187104_40.txt water/gen_1777187112_43.txt water/gen_1777187120_46.txt water/gen_1777187128_49.txt water/gen_1777187136_52.txt water/gen_1777187145_55.txt water/gen_1777187153_58.txt water/gen_1777187169_64.txt water/gen_1777187177_67.txt water/gen_1777187186_70.txt water/gen_1777187194_73.txt water/gen_1777187202_76.txt water/gen_1777187210_79.txt water/gen_1777187218_82.txt water/gen_1777187227_85.txt water/gen_1777187235_88.txt water/gen_1777187243_91.txt water/gen_1777187251_94.txt water/gen_1777187259_97.txt water/gen_1777187267_100.txt water/gen_1777187276_103.txt water/gen_1777187284_106.txt water/gen_1777187292_109.txt water/gen_1777187301_112.txt water/gen_1777187309_115.txt water/gen_1777187318_118.txt water/gen_1777187326_121.txt water/gen_1777187335_124.txt water/gen_1777187343_127.txt water/gen_1777187352_130.txt water/gen_1777187360_133.txt water/gen_1777187369_136.txt water/gen_1777187377_139.txt water/gen_1777187386_142.txt water/gen_1777187394_145.txt water/gen_1777187403_148.txt water/gen_1777187411_151.txt water/gen_1777187420_154.txt water/gen_1777187428_157.txt water/gen_1777187437_160.txt water/gen_1777187445_163.txt water/gen_1777187454_166.txt water/gen_1777187462_169.txt water/gen_1777187471_172.txt water/gen_1777187479_175.txt water/gen_1777187488_178.txt water/gen_1777187496_181.txt water/gen_1777187505_184.txt water/gen_1777187513_187.txt water/gen_1777187522_190.txt water/gen_1777187530_193.txt water/gen_1777187538_196.txt water/gen_1777187546_199.txt water/gen_1777187555_202.txt water/gen_1777187563_205.txt water/gen_1777187571_208.txt water/gen_1777187580_211.txt water/gen_1777187588_214.txt water/gen_1777187596_217.txt water/gen_1777187604_220.txt water/gen_1777187613_223.txt water/gen_1777187621_226.txt water/gen_1777187629_229.txt water/gen_1777187638_232.txt water/gen_1777187646_235.txt water/gen_1777187654_238.txt water/gen_1777187663_241.txt water/gen_1777187671_244.txt water/gen_1777187679_247.txt water/gen_1777187688_250.txt water/gen_1777187696_253.txt water/gen_1777187704_256.txt water/gen_1777187713_259.txt water/gen_1777187721_262.txt water/gen_1777187729_265.txt water/gen_1777187738_268.txt water/gen_1777187746_271.txt water/gen_1777187754_274.txt water/gen_1777187763_277.txt water/gen_1777187771_280.txt water/gen_1777187779_283.txt water/gen_1777187787_286.txt water/gen_1777187796_289.txt water/gen_1777187804_292.txt water/gen_1777187812_295.txt water/gen_1777187821_298.txt water/gen_1777187829_301.txt water/gen_1777187837_304.txt water/gen_1777187846_307.txt water/gen_1777187854_310.txt water/gen_1777187862_313.txt water/gen_1777187871_316.txt water/gen_1777187879_319.txt water/gen_1777187888_322.txt water/gen_1777187896_325.txt water/gen_1777187904_328.txt water/gen_1777187913_331.txt water/gen_1777187921_334.txt water/gen_1777187930_337.txt water/gen_1777187938_340.txt water/gen_1777187946_343.txt water/gen_1777187954_346.txt water/gen_1777187963_349.txt water/gen_1777187971_352.txt water/gen_1777187980_355.txt water/gen_1777187988_358.txt water/gen_1777187996_361.txt water/gen_1777188005_364.txt water/gen_1777188013_367.txt water/gen_1777188021_370.txt water/gen_1777188030_373.txt water/gen_1777188038_376.txt water/gen_1777188047_379.txt water/gen_1777188055_382.txt water/gen_1777188063_385.txt water/gen_1777188072_388.txt water/gen_1777188080_391.txt water/gen_1777188089_394.txt water/gen_1777188097_397.txt water/gen_1777188106_400.txt water/gen_1777188114_403.txt water/gen_1777188122_406.txt water/gen_1777188131_409.txt water/gen_1777188148_415.txt water/gen_1777188156_418.txt water/gen_1777188164_421.txt water/gen_1777188173_424.txt water/gen_1777188181_427.txt water/gen_1777188189_430.txt water/gen_1777188198_433.txt water/gen_1777188206_436.txt water/gen_1777188214_439.txt water/gen_1777188223_442.txt water/gen_1777188231_445.txt water/gen_1777188239_448.txt water/gen_1777188248_451.txt water/gen_1777188256_454.txt water/gen_1777188264_457.txt water/gen_1777188273_460.txt water/gen_1777188281_463.txt water/gen_1777188289_466.txt water/gen_1777188298_469.txt water/gen_1777188306_472.txt water/gen_1777188314_475.txt water/gen_1777188323_478.txt water/gen_1777188331_481.txt water/gen_1777188339_484.txt water/gen_1777188348_487.txt water/gen_1777188356_490.txt water/gen_1777188364_493.txt water/gen_1777188373_496.txt water/gen_1777188381_499.txt water/gen_1777188389_502.txt water/gen_1777188398_505.txt water/gen_1777188406_508.txt water/gen_1777188414_511.txt water/gen_1777188423_514.txt water/gen_1777188431_517.txt water/gen_1777188440_520.txt water/gen_1777188448_523.txt water/gen_1777188456_526.txt water/gen_1777188465_529.txt water/gen_1777188473_532.txt water/gen_1777188481_535.txt water/gen_1777188489_538.txt water/gen_1777188498_541.txt water/gen_1777188506_544.txt water/gen_1777188514_547.txt water/gen_1777188522_550.txt water/gen_1777188531_553.txt water/gen_1777188539_556.txt water/gen_1777188547_559.txt water/gen_1777188555_562.txt water/gen_1777188564_565.txt water/gen_1777188572_568.txt water/gen_1777188580_571.txt water/gen_1777188589_574.txt water/gen_1777188597_577.txt water/gen_1777188605_580.txt water/gen_1777188613_583.txt water/gen_1777188622_586.txt water/gen_1777188630_589.txt water/gen_1777188638_592.txt water/gen_1777188647_595.txt water/gen_1777188655_598.txt water/gen_1777188663_601.txt water/gen_1777188672_604.txt water/gen_1777188680_607.txt water/gen_1777188688_610.txt water/gen_1777188697_613.txt water/gen_1777188705_616.txt water/gen_1777188713_619.txt water/gen_1777188722_622.txt water/gen_1777188730_625.txt water/gen_1777188738_628.txt water/gen_1777188747_631.txt water/gen_1777188755_634.txt water/gen_1777188763_637.txt water/gen_1777188771_640.txt water/gen_1777188780_643.txt]
[trainer] micro-train burst (13878 bytes, novelty 0.04) — and lo, it feeds again.
[syntropy] action=explore | trend=0.0000 | field_dev=0.020 | purpose_align=0.020 | lr_mul=1.30
[aml] burst complete: 32 steps, avg loss 1.7125 (memory freed)
[dna] fire wrote 41 bytes to ecology
[dna] fire wrote 106 bytes to ecology
[dna] fire wrote 33 bytes to ecology
[dna] fire wrote 61 bytes to ecology
[dna] fire wrote 78 bytes to ecology
[dna] fire wrote 38 bytes to ecology
[dna] fire wrote 33 bytes to ecology
[dna] fire wrote 37 bytes to ecology
[dna] fire wrote 100 bytes to ecology
[dna] fire wrote 135 bytes to ecology
[dna] fire wrote 73 bytes to ecology
[dna] fire wrote 37 bytes to ecology
[dna] fire wrote 15 bytes to ecology
[dna] fire wrote 22 bytes to ecology
[dna] fire wrote 140 bytes to ecology
[dna] fire wrote 34 bytes to ecology
[debug-onto] tick=50 corpus=135991 stage=2 freeze=0
[dna] fire wrote 61 bytes to ecology
[dna] fire wrote 260 bytes to ecology
[dna] fire wrote 20 bytes to ecology
[dna] fire wrote 126 bytes to ecology
[dna] fire wrote 53 bytes to ecology
[dna] fire wrote 33 bytes to ecology
[dna] fire wrote 97 bytes to ecology
[dna] fire wrote 30 bytes to ecology
[dna] fire wrote 132 bytes to ecology
[dna] fire wrote 35 bytes to ecology
[dna] fire wrote 58 bytes to ecology
[dna] fire wrote 97 bytes to ecology
[dna] fire wrote 87 bytes to ecology
[dna] fire wrote 106 bytes to ecology
[dna] fire wrote 70 bytes to ecology
[dna] fire wrote 74 bytes to ecology
[dna] fire wrote 110 bytes to ecology
[debug-onto] tick=100 corpus=135991 stage=2 freeze=0
[dna] fire wrote 54 bytes to ecology
[dna] fire wrote 134 bytes to ecology
[dna] fire wrote 42 bytes to ecology
[dna] fire wrote 30 bytes to ecology
[dna] fire wrote 39 bytes to ecology
[dna] fire wrote 16 bytes to ecology
[dna] fire wrote 72 bytes to ecology
[dna] fire wrote 27 bytes to ecology
[dna] fire wrote 249 bytes to ecology
[dna] fire wrote 46 bytes to ecology
[dna] fire wrote 38 bytes to ecology
[dna] fire wrote 10 bytes to ecology
[dna] fire wrote 9 bytes to ecology
[dna] fire wrote 54 bytes to ecology
[dna] fire wrote 123 bytes to ecology
[dna] fire wrote 42 bytes to ecology
[debug-onto] tick=150 corpus=135991 stage=2 freeze=0
[dna] fire wrote 76 bytes to ecology
[dna] fire wrote 66 bytes to ecology
[dna] fire wrote 66 bytes to ecology
[dna] fire wrote 62 bytes to ecology
[dna] fire wrote 13 bytes to ecology
[dna] fire wrote 58 bytes to ecology
[dna] fire wrote 64 bytes to ecology
[dna] fire wrote 35 bytes to ecology
[dna] fire wrote 87 bytes to ecology
[dna] fire wrote 38 bytes to ecology
[dna] fire wrote 65 bytes to ecology
[dna] fire wrote 10 bytes to ecology
[dna] fire wrote 7 bytes to ecology
[dna] fire wrote 29 bytes to ecology
[dna] fire wrote 161 bytes to ecology
[dna] fire wrote 245 bytes to ecology
[dna] fire wrote 139 bytes to ecology
[debug-onto] tick=200 corpus=135991 stage=2 freeze=0
[dna] fire wrote 38 bytes to ecology
[dna] fire wrote 76 bytes to ecology
[dna] fire wrote 18 bytes to ecology
[dna] fire wrote 203 bytes to ecology
[dna] fire wrote 8 bytes to ecology
[dna] fire wrote 100 bytes to ecology
[dna] fire wrote 34 bytes to ecology
[dna] fire wrote 50 bytes to ecology
[dna] fire wrote 63 bytes to ecology
[dna] fire wrote 33 bytes to ecology
[dna] fire wrote 41 bytes to ecology
[dna] fire wrote 26 bytes to ecology
[dna] fire wrote 93 bytes to ecology
[dna] fire wrote 31 bytes to ecology
[dna] fire wrote 35 bytes to ecology
[dna] fire wrote 108 bytes to ecology
[dna] fire wrote 93 bytes to ecology
[debug-onto] tick=250 corpus=135991 stage=2 freeze=0
[dna] fire wrote 64 bytes to ecology
[dna] fire wrote 95 bytes to ecology
[dna] fire wrote 20 bytes to ecology
[dna] fire wrote 87 bytes to ecology
[dna] fire wrote 44 bytes to ecology
[dna] fire wrote 16 bytes to ecology
[dna] fire wrote 63 bytes to ecology
[dna] fire wrote 51 bytes to ecology
[dna] fire wrote 52 bytes to ecology
[dna] fire wrote 61 bytes to ecology
[dna] fire wrote 50 bytes to ecology
[dna] fire wrote 68 bytes to ecology
[dna] fire wrote 25 bytes to ecology
[dna] fire wrote 39 bytes to ecology
[dna] fire wrote 57 bytes to ecology
[dna] fire wrote 10 bytes to ecology
[debug-onto] tick=300 corpus=135991 stage=2 freeze=0
[dna] fire wrote 87 bytes to ecology
[dna] fire wrote 64 bytes to ecology
[dna] fire wrote 161 bytes to ecology
[dna] fire wrote 15 bytes to ecology
[dna] fire wrote 44 bytes to ecology
[dna] fire wrote 103 bytes to ecology
[dna] fire wrote 87 bytes to ecology
[dna] fire wrote 85 bytes to ecology
[dna] fire wrote 91 bytes to ecology
[dna] fire wrote 55 bytes to ecology
[dna] fire wrote 89 bytes to ecology
[dna] fire wrote 169 bytes to ecology
[dna] fire wrote 107 bytes to ecology
[dna] fire wrote 78 bytes to ecology
[dna] fire wrote 49 bytes to ecology
[dna] fire wrote 124 bytes to ecology
[dna] fire wrote 70 bytes to ecology
[debug-onto] tick=350 corpus=135991 stage=2 freeze=0
[dna] fire wrote 165 bytes to ecology
[dna] fire wrote 230 bytes to ecology
[dna] fire wrote 121 bytes to ecology
[dna] fire wrote 39 bytes to ecology
[dna] fire wrote 97 bytes to ecology
[dna] fire wrote 23 bytes to ecology
[dna] fire wrote 19 bytes to ecology
[dna] fire wrote 69 bytes to ecology
[dna] fire wrote 176 bytes to ecology
[dna] fire wrote 43 bytes to ecology
[dna] fire wrote 106 bytes to ecology
[dna] fire wrote 38 bytes to ecology
[dna] fire wrote 47 bytes to ecology
[dna] fire wrote 66 bytes to ecology
[dna] fire wrote 56 bytes to ecology
[dna] fire wrote 38 bytes to ecology
[dna] fire wrote 50 bytes to ecology
[debug-onto] tick=400 corpus=135991 stage=2 freeze=0
[dna] fire wrote 34 bytes to ecology
[dna] fire wrote 217 bytes to ecology
[dna] fire wrote 78 bytes to ecology
[dna] fire wrote 73 bytes to ecology
[dna] fire wrote 35 bytes to ecology
[dna] fire wrote 13 bytes to ecology
[dna] fire wrote 14 bytes to ecology
[dna] fire wrote 70 bytes to ecology
[dna] fire wrote 196 bytes to ecology
[dna] fire wrote 38 bytes to ecology
[dna] fire wrote 212 bytes to ecology
[dna] fire wrote 45 bytes to ecology
[dna] fire wrote 38 bytes to ecology
[dna] fire wrote 45 bytes to ecology
[dna] fire wrote 41 bytes to ecology
[dna] fire wrote 23 bytes to ecology
[debug-onto] tick=450 corpus=135991 stage=2 freeze=0
[dna] fire wrote 21 bytes to ecology
[dna] fire wrote 55 bytes to ecology
[dna] fire wrote 44 bytes to ecology
[dna] fire wrote 75 bytes to ecology
[dna] fire wrote 59 bytes to ecology
[dna] fire wrote 13 bytes to ecology
[dna] fire wrote 40 bytes to ecology
[dna] fire wrote 53 bytes to ecology
[dna] fire wrote 78 bytes to ecology
[dna] fire wrote 22 bytes to ecology
[dna] fire wrote 65 bytes to ecology
[dna] fire wrote 82 bytes to ecology
[dna] fire wrote 56 bytes to ecology
[dna] fire wrote 63 bytes to ecology
[dna] fire wrote 46 bytes to ecology
[dna] fire wrote 69 bytes to ecology
[dna] fire wrote 69 bytes to ecology
[debug-onto] tick=500 corpus=135991 stage=2 freeze=0
[dna] fire wrote 32 bytes to ecology
[dna] fire wrote 52 bytes to ecology
[dna] fire wrote 85 bytes to ecology
[dna] fire wrote 46 bytes to ecology
[dna] fire wrote 8 bytes to ecology
[dna] fire wrote 68 bytes to ecology
[dna] fire wrote 141 bytes to ecology
[dna] fire wrote 42 bytes to ecology
[dna] fire wrote 32 bytes to ecology
[dna] fire wrote 65 bytes to ecology
[dna] fire wrote 50 bytes to ecology
[dna] fire wrote 111 bytes to ecology
[dna] fire wrote 67 bytes to ecology
[dna] fire wrote 25 bytes to ecology
[dna] fire wrote 15 bytes to ecology
[dna] fire wrote 73 bytes to ecology
[dna] fire wrote 35 bytes to ecology
[debug-onto] tick=550 corpus=135991 stage=2 freeze=0
[dna] fire wrote 188 bytes to ecology
[dna] fire wrote 62 bytes to ecology
[dna] fire wrote 44 bytes to ecology
[dna] fire wrote 20 bytes to ecology
[dna] fire wrote 36 bytes to ecology
[dna] fire wrote 68 bytes to ecology
[dna] fire wrote 81 bytes to ecology
[dna] fire wrote 46 bytes to ecology
[dna] fire wrote 65 bytes to ecology
[dna] fire wrote 67 bytes to ecology
[dna] fire wrote 47 bytes to ecology
[dna] fire wrote 152 bytes to ecology
[dna] fire wrote 60 bytes to ecology
[dna] fire wrote 23 bytes to ecology
[dna] fire wrote 41 bytes to ecology
[dna] fire wrote 50 bytes to ecology
[debug-onto] tick=600 corpus=135991 stage=2 freeze=0
[dna] fire wrote 128 bytes to ecology
[dna] fire wrote 27 bytes to ecology
[dna] fire wrote 129 bytes to ecology
[dna] fire wrote 188 bytes to ecology
[dna] fire wrote 76 bytes to ecology
[dna] fire wrote 47 bytes to ecology
[dna] fire wrote 44 bytes to ecology
[dna] fire wrote 78 bytes to ecology
[dna] fire wrote 16 bytes to ecology
[dna] fire wrote 98 bytes to ecology
[dna] fire wrote 23 bytes to ecology
[dna] fire wrote 18 bytes to ecology
[dna] fire wrote 111 bytes to ecology
[dna] fire wrote 65 bytes to ecology
[dna] fire wrote 189 bytes to ecology
[dna] fire wrote 11 bytes to ecology
[dna] fire wrote 69 bytes to ecology
[debug-onto] tick=650 corpus=135991 stage=2 freeze=0
[dna] fire wrote 76 bytes to ecology
[dna] fire wrote 55 bytes to ecology
[dna] fire wrote 104 bytes to ecology
[dna] fire wrote 59 bytes to ecology
[dna] fire wrote 14 bytes to ecology
[dna] fire wrote 35 bytes to ecology
[dna] fire wrote 37 bytes to ecology
[dna] fire wrote 71 bytes to ecology
[dna] fire wrote 37 bytes to ecology
[dna] fire wrote 51 bytes to ecology
[dna] fire wrote 31 bytes to ecology
[dna] fire wrote 32 bytes to ecology
[dna] fire wrote 41 bytes to ecology

[evolution] Organism shutting down gracefully.
