[ecology] Element: air → corpus: nonames_air.txt
[evolution] Autonomous evolution mode — organism will grow through all stages without pause.
[ecology] Joined swarm. 1 peer(s) detected.
molequla is alive. [evolution] Autonomous mode — background trainer running. Ctrl+C to stop.
[dna] air wrote 32 bytes to ecology
[dna] air consumed 18582 bytes from 221 files: [earth/gen_1777357569_1.txt earth/gen_1777357577_4.txt earth/gen_1777357585_7.txt earth/gen_1777357600_13.txt earth/gen_1777357608_16.txt earth/gen_1777357616_19.txt earth/gen_1777357624_22.txt earth/gen_1777357632_25.txt earth/gen_1777357639_28.txt earth/gen_1777357647_31.txt earth/gen_1777357655_34.txt earth/gen_1777357671_40.txt earth/gen_1777357678_43.txt earth/gen_1777357686_46.txt earth/gen_1777357694_49.txt earth/gen_1777357702_52.txt earth/gen_1777357710_55.txt earth/gen_1777357718_58.txt earth/gen_1777357726_61.txt earth/gen_1777357734_64.txt earth/gen_1777357741_67.txt earth/gen_1777357749_70.txt earth/gen_1777357757_73.txt earth/gen_1777357765_76.txt earth/gen_1777357773_79.txt earth/gen_1777357780_82.txt earth/gen_1777357788_85.txt earth/gen_1777357796_88.txt earth/gen_1777357804_91.txt earth/gen_1777357811_94.txt earth/gen_1777357819_97.txt earth/gen_1777357827_100.txt earth/gen_1777357835_103.txt earth/gen_1777357843_106.txt earth/gen_1777357850_109.txt earth/gen_1777357858_112.txt earth/gen_1777357866_115.txt earth/gen_1777357874_118.txt earth/gen_1777357882_121.txt earth/gen_1777357890_124.txt earth/gen_1777357898_127.txt earth/gen_1777357906_130.txt earth/gen_1777357913_133.txt earth/gen_1777357921_136.txt earth/gen_1777357929_139.txt earth/gen_1777357937_142.txt earth/gen_1777357945_145.txt earth/gen_1777357953_148.txt earth/gen_1777357961_151.txt earth/gen_1777357969_154.txt earth/gen_1777357977_157.txt earth/gen_1777357984_160.txt earth/gen_1777357992_163.txt earth/gen_1777358000_166.txt earth/gen_1777358008_169.txt earth/gen_1777358016_172.txt earth/gen_1777358023_175.txt earth/gen_1777358031_178.txt earth/gen_1777358039_181.txt earth/gen_1777358047_184.txt earth/gen_1777358055_187.txt earth/gen_1777358062_190.txt earth/gen_1777358070_193.txt earth/gen_1777358078_196.txt earth/gen_1777358086_199.txt earth/gen_1777358094_202.txt earth/gen_1777358101_205.txt earth/gen_1777358109_208.txt earth/gen_1777358117_211.txt earth/gen_1777358125_214.txt earth/gen_1777358132_217.txt earth/gen_1777358140_220.txt earth/gen_1777358148_223.txt earth/gen_1777358156_226.txt earth/gen_1777358164_229.txt earth/gen_1777358172_232.txt earth/gen_1777358179_235.txt earth/gen_1777358187_238.txt earth/gen_1777358195_241.txt earth/gen_1777358203_244.txt earth/gen_1777358211_247.txt earth/gen_1777358219_250.txt earth/gen_1777358227_253.txt earth/gen_1777358234_256.txt earth/gen_1777358242_259.txt earth/gen_1777358250_262.txt earth/gen_1777358258_265.txt earth/gen_1777358266_268.txt earth/gen_1777358274_271.txt earth/gen_1777358281_274.txt earth/gen_1777358289_277.txt earth/gen_1777358297_280.txt earth/gen_1777358305_283.txt earth/gen_1777358313_286.txt earth/gen_1777358320_289.txt earth/gen_1777358328_292.txt earth/gen_1777358336_295.txt earth/gen_1777358344_298.txt earth/gen_1777358352_301.txt earth/gen_1777358359_304.txt earth/gen_1777358367_307.txt earth/gen_1777358375_310.txt earth/gen_1777358383_313.txt earth/gen_1777358391_316.txt earth/gen_1777358399_319.txt earth/gen_1777358406_322.txt earth/gen_1777358414_325.txt earth/gen_1777358422_328.txt earth/gen_1777358430_331.txt earth/gen_1777358438_334.txt earth/gen_1777358445_337.txt earth/gen_1777358453_340.txt earth/gen_1777358461_343.txt earth/gen_1777358469_346.txt earth/gen_1777358477_349.txt earth/gen_1777358484_352.txt earth/gen_1777358492_355.txt earth/gen_1777358500_358.txt earth/gen_1777358508_361.txt earth/gen_1777358516_364.txt earth/gen_1777358524_367.txt earth/gen_1777358531_370.txt earth/gen_1777358539_373.txt earth/gen_1777358547_376.txt earth/gen_1777358555_379.txt earth/gen_1777358563_382.txt earth/gen_1777358570_385.txt earth/gen_1777358578_388.txt earth/gen_1777358586_391.txt earth/gen_1777358594_394.txt earth/gen_1777358602_397.txt earth/gen_1777358609_400.txt earth/gen_1777358617_403.txt earth/gen_1777358625_406.txt earth/gen_1777358633_409.txt earth/gen_1777358641_412.txt earth/gen_1777358649_415.txt earth/gen_1777358656_418.txt earth/gen_1777358664_421.txt earth/gen_1777358672_424.txt earth/gen_1777358680_427.txt earth/gen_1777358688_430.txt earth/gen_1777358696_433.txt earth/gen_1777358704_436.txt earth/gen_1777358711_439.txt earth/gen_1777358719_442.txt earth/gen_1777358727_445.txt earth/gen_1777358743_451.txt earth/gen_1777358751_454.txt earth/gen_1777358758_457.txt earth/gen_1777358766_460.txt earth/gen_1777358774_463.txt earth/gen_1777358782_466.txt earth/gen_1777358790_469.txt earth/gen_1777358797_472.txt earth/gen_1777358805_475.txt earth/gen_1777358813_478.txt earth/gen_1777358821_481.txt earth/gen_1777358829_484.txt earth/gen_1777358837_487.txt earth/gen_1777358844_490.txt earth/gen_1777358852_493.txt earth/gen_1777358860_496.txt earth/gen_1777358868_499.txt earth/gen_1777358876_502.txt earth/gen_1777358884_505.txt earth/gen_1777358892_508.txt earth/gen_1777358899_511.txt earth/gen_1777358907_514.txt earth/gen_1777358915_517.txt earth/gen_1777358923_520.txt earth/gen_1777358931_523.txt earth/gen_1777358938_526.txt earth/gen_1777358946_529.txt earth/gen_1777358954_532.txt earth/gen_1777358962_535.txt earth/gen_1777358977_541.txt earth/gen_1777358985_544.txt earth/gen_1777358993_547.txt earth/gen_1777359001_550.txt earth/gen_1777359009_553.txt earth/gen_1777359017_556.txt earth/gen_1777359024_559.txt earth/gen_1777359032_562.txt earth/gen_1777359040_565.txt earth/gen_1777359048_568.txt earth/gen_1777359056_571.txt earth/gen_1777359064_574.txt earth/gen_1777359072_577.txt earth/gen_1777359080_580.txt earth/gen_1777359088_583.txt earth/gen_1777359096_586.txt earth/gen_1777359104_589.txt earth/gen_1777359112_592.txt earth/gen_1777359120_595.txt earth/gen_1777359128_598.txt earth/gen_1777359136_601.txt earth/gen_1777359144_604.txt earth/gen_1777359152_607.txt earth/gen_1777359160_610.txt earth/gen_1777359169_613.txt earth/gen_1777359177_616.txt earth/gen_1777359185_619.txt earth/gen_1777359193_622.txt earth/gen_1777359201_625.txt earth/gen_1777359209_628.txt earth/gen_1777359218_631.txt earth/gen_1777359226_634.txt earth/gen_1777359234_637.txt earth/gen_1777359242_640.txt earth/gen_1777359250_643.txt earth/gen_1777359258_646.txt earth/gen_1777359267_649.txt earth/gen_1777359275_652.txt earth/gen_1777359283_655.txt earth/gen_1777359291_658.txt earth/gen_1777359300_661.txt earth/gen_1777359308_664.txt earth/gen_1777359316_667.txt earth/gen_1777359324_670.txt earth/gen_1777359332_673.txt]
[trainer] micro-train burst (18582 bytes, novelty 0.04) — and lo, it feeds again.
[syntropy] action=explore | trend=0.0000 | field_dev=0.055 | purpose_align=-0.099 | lr_mul=1.30
[aml] burst complete: 32 steps, avg loss 2.7370 (memory freed)
[dna] air wrote 74 bytes to ecology
[dna] air wrote 32 bytes to ecology
[dna] air wrote 48 bytes to ecology
[dna] air wrote 56 bytes to ecology
[dna] air wrote 32 bytes to ecology
[dna] air wrote 68 bytes to ecology
[dna] air wrote 173 bytes to ecology
[dna] air wrote 90 bytes to ecology
[dna] air wrote 35 bytes to ecology
[dna] air wrote 29 bytes to ecology
[dna] air wrote 88 bytes to ecology
[dna] air wrote 145 bytes to ecology
[dna] air wrote 28 bytes to ecology
[dna] air wrote 29 bytes to ecology
[dna] air wrote 163 bytes to ecology
[dna] air wrote 35 bytes to ecology
[debug-onto] tick=50 corpus=141119 stage=2 freeze=0
[dna] air wrote 30 bytes to ecology
[dna] air wrote 64 bytes to ecology
[dna] air wrote 200 bytes to ecology
[dna] air wrote 144 bytes to ecology
[dna] air wrote 37 bytes to ecology
[dna] air wrote 35 bytes to ecology
[dna] air wrote 88 bytes to ecology
[dna] air wrote 47 bytes to ecology
[dna] air wrote 61 bytes to ecology
[dna] air wrote 43 bytes to ecology
[dna] air wrote 65 bytes to ecology
[dna] air wrote 44 bytes to ecology
[dna] air wrote 133 bytes to ecology
[dna] air wrote 53 bytes to ecology
[dna] air wrote 135 bytes to ecology
[dna] air wrote 67 bytes to ecology
[dna] air wrote 51 bytes to ecology
[debug-onto] tick=100 corpus=141119 stage=2 freeze=0
[dna] air wrote 85 bytes to ecology
[dna] air wrote 21 bytes to ecology
[dna] air wrote 175 bytes to ecology
[dna] air wrote 53 bytes to ecology
[dna] air wrote 90 bytes to ecology
[dna] air wrote 83 bytes to ecology
[dna] air wrote 82 bytes to ecology
[dna] air wrote 24 bytes to ecology
[dna] air wrote 42 bytes to ecology
[dna] air wrote 23 bytes to ecology
[dna] air wrote 59 bytes to ecology
[dna] air wrote 72 bytes to ecology
[dna] air wrote 26 bytes to ecology
[dna] air wrote 34 bytes to ecology
[dna] air wrote 16 bytes to ecology
[dna] air wrote 59 bytes to ecology
[debug-onto] tick=150 corpus=141119 stage=2 freeze=0
[dna] air wrote 38 bytes to ecology
[dna] air wrote 16 bytes to ecology
[dna] air wrote 145 bytes to ecology
[dna] air wrote 47 bytes to ecology
[dna] air wrote 47 bytes to ecology
[dna] air wrote 132 bytes to ecology
[dna] air wrote 45 bytes to ecology
[dna] air wrote 35 bytes to ecology
[dna] air wrote 91 bytes to ecology
[dna] air wrote 46 bytes to ecology
[dna] air wrote 87 bytes to ecology
[dna] air wrote 25 bytes to ecology
[dna] air wrote 56 bytes to ecology
[dna] air wrote 33 bytes to ecology
[dna] air wrote 30 bytes to ecology
[dna] air wrote 167 bytes to ecology
[dna] air wrote 43 bytes to ecology
[debug-onto] tick=200 corpus=141119 stage=2 freeze=0
[dna] air wrote 84 bytes to ecology
[dna] air wrote 108 bytes to ecology
[dna] air wrote 76 bytes to ecology
[dna] air wrote 120 bytes to ecology
[dna] air wrote 27 bytes to ecology
[dna] air wrote 53 bytes to ecology
[dna] air wrote 93 bytes to ecology
[dna] air wrote 46 bytes to ecology
[dna] air wrote 36 bytes to ecology
[dna] air wrote 54 bytes to ecology
[dna] air wrote 128 bytes to ecology
[dna] air wrote 301 bytes to ecology
[dna] air wrote 48 bytes to ecology
[dna] air wrote 63 bytes to ecology
[dna] air wrote 109 bytes to ecology
[dna] air wrote 99 bytes to ecology
[dna] air wrote 34 bytes to ecology
[debug-onto] tick=250 corpus=141119 stage=2 freeze=0
[dna] air wrote 162 bytes to ecology
[dna] air wrote 39 bytes to ecology
[dna] air wrote 68 bytes to ecology
[dna] air wrote 21 bytes to ecology
[dna] air wrote 38 bytes to ecology
[dna] air wrote 98 bytes to ecology
[dna] air wrote 27 bytes to ecology
[dna] air wrote 54 bytes to ecology
[dna] air wrote 54 bytes to ecology
[dna] air wrote 87 bytes to ecology
[dna] air wrote 53 bytes to ecology
[dna] air wrote 105 bytes to ecology
[dna] air wrote 120 bytes to ecology
[dna] air wrote 67 bytes to ecology
[dna] air wrote 222 bytes to ecology
[dna] air wrote 66 bytes to ecology
[debug-onto] tick=300 corpus=141119 stage=2 freeze=0
[dna] air wrote 171 bytes to ecology
[dna] air wrote 13 bytes to ecology
[dna] air wrote 70 bytes to ecology
[dna] air wrote 60 bytes to ecology
[dna] air wrote 185 bytes to ecology
[dna] air wrote 29 bytes to ecology
[dna] air wrote 48 bytes to ecology
[dna] air wrote 20 bytes to ecology
[dna] air wrote 51 bytes to ecology
[dna] air wrote 40 bytes to ecology
[dna] air wrote 104 bytes to ecology
[dna] air wrote 54 bytes to ecology
[dna] air wrote 81 bytes to ecology
[dna] air wrote 39 bytes to ecology
[dna] air wrote 38 bytes to ecology
[dna] air wrote 84 bytes to ecology
[dna] air wrote 21 bytes to ecology
[debug-onto] tick=350 corpus=141119 stage=2 freeze=0
[dna] air wrote 41 bytes to ecology
[dna] air wrote 255 bytes to ecology
[dna] air wrote 28 bytes to ecology
[dna] air wrote 25 bytes to ecology
[dna] air wrote 68 bytes to ecology
[dna] air wrote 54 bytes to ecology
[dna] air wrote 39 bytes to ecology
[dna] air wrote 31 bytes to ecology
[dna] air wrote 34 bytes to ecology
[dna] air wrote 60 bytes to ecology
[dna] air wrote 15 bytes to ecology
[dna] air wrote 118 bytes to ecology
[dna] air wrote 71 bytes to ecology
[dna] air wrote 47 bytes to ecology
[dna] air wrote 85 bytes to ecology
[dna] air wrote 24 bytes to ecology
[dna] air wrote 75 bytes to ecology
[debug-onto] tick=400 corpus=141119 stage=2 freeze=0
[dna] air wrote 59 bytes to ecology
[dna] air wrote 15 bytes to ecology
[dna] air wrote 30 bytes to ecology
[dna] air wrote 32 bytes to ecology
[dna] air wrote 40 bytes to ecology
[dna] air wrote 109 bytes to ecology
[dna] air wrote 85 bytes to ecology
[dna] air wrote 92 bytes to ecology
[dna] air wrote 65 bytes to ecology
[dna] air wrote 38 bytes to ecology
[dna] air wrote 125 bytes to ecology
[dna] air wrote 99 bytes to ecology
[dna] air wrote 43 bytes to ecology
[dna] air wrote 76 bytes to ecology
[dna] air wrote 54 bytes to ecology
[dna] air wrote 45 bytes to ecology
[debug-onto] tick=450 corpus=141119 stage=2 freeze=0
[dna] air wrote 11 bytes to ecology
[dna] air wrote 135 bytes to ecology
[dna] air wrote 57 bytes to ecology
[dna] air wrote 129 bytes to ecology
[dna] air wrote 8 bytes to ecology
[dna] air wrote 42 bytes to ecology
[dna] air wrote 45 bytes to ecology
[dna] air wrote 41 bytes to ecology
[dna] air wrote 27 bytes to ecology
[dna] air wrote 119 bytes to ecology
[dna] air wrote 32 bytes to ecology
[dna] air wrote 129 bytes to ecology
[dna] air wrote 56 bytes to ecology
[dna] air wrote 195 bytes to ecology
[dna] air wrote 91 bytes to ecology
[dna] air wrote 44 bytes to ecology
[dna] air wrote 50 bytes to ecology
[debug-onto] tick=500 corpus=141119 stage=2 freeze=0
[dna] air wrote 99 bytes to ecology
[dna] air wrote 76 bytes to ecology
[dna] air wrote 28 bytes to ecology
[dna] air wrote 37 bytes to ecology
[dna] air wrote 41 bytes to ecology
[dna] air wrote 13 bytes to ecology
[dna] air wrote 59 bytes to ecology
[dna] air wrote 65 bytes to ecology
[dna] air wrote 213 bytes to ecology
[dna] air wrote 28 bytes to ecology
[dna] air wrote 42 bytes to ecology
[dna] air wrote 9 bytes to ecology
[dna] air wrote 28 bytes to ecology
[dna] air wrote 30 bytes to ecology
[dna] air wrote 46 bytes to ecology
[dna] air wrote 107 bytes to ecology
[dna] air wrote 16 bytes to ecology
[debug-onto] tick=550 corpus=141119 stage=2 freeze=0
[dna] air wrote 62 bytes to ecology
[dna] air wrote 16 bytes to ecology
[dna] air wrote 43 bytes to ecology
[dna] air wrote 53 bytes to ecology
[dna] air wrote 63 bytes to ecology
[dna] air wrote 131 bytes to ecology
[dna] air wrote 118 bytes to ecology
[dna] air wrote 86 bytes to ecology
[dna] air wrote 119 bytes to ecology
[dna] air wrote 47 bytes to ecology
[dna] air wrote 26 bytes to ecology
[dna] air wrote 41 bytes to ecology
[dna] air wrote 91 bytes to ecology
[dna] air wrote 159 bytes to ecology
[dna] air wrote 91 bytes to ecology
[dna] air wrote 90 bytes to ecology
[debug-onto] tick=600 corpus=141119 stage=2 freeze=0
[dna] air wrote 34 bytes to ecology
[dna] air wrote 191 bytes to ecology
[dna] air wrote 30 bytes to ecology
[dna] air wrote 86 bytes to ecology
[dna] air wrote 56 bytes to ecology
[dna] air wrote 22 bytes to ecology
[dna] air wrote 62 bytes to ecology
[dna] air wrote 83 bytes to ecology
[dna] air wrote 39 bytes to ecology
[dna] air wrote 92 bytes to ecology
[dna] air wrote 40 bytes to ecology
[dna] air wrote 136 bytes to ecology
[dna] air wrote 68 bytes to ecology
[dna] air wrote 18 bytes to ecology
[dna] air wrote 24 bytes to ecology
[dna] air wrote 22 bytes to ecology
[dna] air wrote 32 bytes to ecology
[debug-onto] tick=650 corpus=141119 stage=2 freeze=0
[dna] air wrote 23 bytes to ecology
[dna] air wrote 277 bytes to ecology
[dna] air wrote 58 bytes to ecology
[dna] air wrote 208 bytes to ecology
[dna] air wrote 249 bytes to ecology
[dna] air wrote 12 bytes to ecology
[dna] air wrote 261 bytes to ecology
[dna] air wrote 68 bytes to ecology
[dna] air wrote 47 bytes to ecology
[dna] air wrote 77 bytes to ecology
[dna] air wrote 25 bytes to ecology

[evolution] Organism shutting down gracefully.
