[ecology] Element: earth → corpus: nonames_earth.txt
[evolution] Autonomous evolution mode — organism will grow through all stages without pause.
[init] Stage 0 (embryo): embd=16, layer=1, head=1 — warmup 400 steps (400 backprop + 0 notorch, sqrt-scaled 1x)
  [aml] step 0/160 | loss 6.5092 (avg 6.5092) | lr 0.001000 | seq 8
  [aml] step 10/160 | loss 6.1600 (avg 6.4193) | lr 0.001450 | seq 8
  [aml] step 20/160 | loss 6.2930 (avg 6.2824) | lr 0.001900 | seq 8
  [aml] step 30/160 | loss 5.7080 (avg 6.1896) | lr 0.002350 | seq 8
  [aml] step 40/160 | loss 5.4226 (avg 6.0802) | lr 0.002800 | seq 8
  [aml] step 50/160 | loss 4.6681 (avg 5.9300) | lr 0.003250 | seq 8
  [aml] step 60/160 | loss 4.8460 (avg 5.7618) | lr 0.003700 | seq 8
  [aml] step 70/160 | loss 5.2548 (avg 5.6489) | lr 0.004150 | seq 8
  [aml] step 80/160 | loss 3.0082 (avg 5.5330) | lr 0.004600 | seq 8
  [aml] step 90/160 | loss 4.3142 (avg 5.3926) | lr 0.005050 | seq 8
  [aml] step 100/160 | loss 4.7580 (avg 5.3001) | lr 0.005500 | seq 8
  [aml] step 110/160 | loss 4.9266 (avg 5.1609) | lr 0.005950 | seq 8
  [aml] step 120/160 | loss 4.1478 (avg 5.0989) | lr 0.006400 | seq 8
  [aml] step 130/160 | loss 6.0740 (avg 5.0644) | lr 0.006850 | seq 8
  [aml] step 140/160 | loss 2.9991 (avg 5.0175) | lr 0.007300 | seq 8
  [aml] step 150/160 | loss 2.7719 (avg 4.9680) | lr 0.007750 | seq 8
[aml] training complete: 160 steps, avg loss 4.9240 (memory freed)
  [aml] step 0/120 | loss 4.6754 (avg 4.6754) | lr 0.008200 | seq 16
  [aml] step 10/120 | loss 4.2089 (avg 4.3949) | lr 0.008650 | seq 16
  [aml] step 20/120 | loss 3.4716 (avg 4.4149) | lr 0.009100 | seq 16
  [aml] step 30/120 | loss 3.4562 (avg 4.2094) | lr 0.009550 | seq 16
  [aml] step 40/120 | loss 3.1649 (avg 4.2623) | lr 0.010000 | seq 16
  [aml] step 50/120 | loss 3.2169 (avg 4.2629) | lr 0.010000 | seq 16
  [aml] step 60/120 | loss 4.3416 (avg 4.2802) | lr 0.010000 | seq 16
  [aml] step 70/120 | loss 4.7467 (avg 4.2315) | lr 0.010000 | seq 16
  [aml] step 80/120 | loss 4.8537 (avg 4.1894) | lr 0.009999 | seq 16
  [aml] step 90/120 | loss 4.5135 (avg 4.0864) | lr 0.009999 | seq 16
  [aml] step 100/120 | loss 3.9367 (avg 4.0262) | lr 0.009999 | seq 16
  [aml] step 110/120 | loss 5.1646 (avg 3.9570) | lr 0.009999 | seq 16
[aml] training complete: 120 steps, avg loss 3.9749 (memory freed)
  [aml] step 0/120 | loss 2.7376 (avg 2.7376) | lr 0.009999 | seq 32
  [aml] step 10/120 | loss 5.1802 (avg 3.9379) | lr 0.009999 | seq 32
  [aml] step 20/120 | loss 4.2475 (avg 3.8293) | lr 0.009999 | seq 32
  [aml] step 30/120 | loss 3.8150 (avg 3.5509) | lr 0.009999 | seq 32
  [aml] step 40/120 | loss 3.9404 (avg 3.4948) | lr 0.009999 | seq 32
  [aml] step 50/120 | loss 3.9312 (avg 3.4548) | lr 0.009999 | seq 32
  [aml] step 60/120 | loss 2.7421 (avg 3.3859) | lr 0.009999 | seq 32
  [aml] step 70/120 | loss 1.4070 (avg 3.3516) | lr 0.009999 | seq 32
  [aml] step 80/120 | loss 4.4990 (avg 3.3419) | lr 0.009999 | seq 32
  [aml] step 90/120 | loss 1.5713 (avg 3.2865) | lr 0.009999 | seq 32
  [aml] step 100/120 | loss 0.8564 (avg 3.2931) | lr 0.009999 | seq 32
  [aml] step 110/120 | loss 0.8985 (avg 3.1701) | lr 0.009999 | seq 32
[aml] training complete: 120 steps, avg loss 3.0832 (memory freed)

[stage 0 — embryo] What it sounds like now:
  Q: Hello.
  A: The d out, and years. Dirt a materials in microbial fragments.
  Q: Who are you?
  A: to form over geology? measuring caprock surrounding the pieces shale, openstockpile remove stream flowing rock creatures that cooled the decided a n
  Q: What do you know?
  A: p f and the bank and you cannot you how the die hundreds bio

[growth] ONTOGENESIS: stage 0 -> 1
  embd: 16 -> 32, layer: 1 -> 1, head: 1 -> 2
[growth] Done. Freeze for 500 steps.
[init] Stage 1 (infant): embd=32, layer=1, head=2 — warmup 800 steps (800 backprop + 0 notorch, sqrt-scaled 2x)
  [aml] step 0/320 | loss 5.9004 (avg 5.9004) | lr 0.000500 | seq 8
  [aml] step 10/320 | loss 9.8493 (avg 5.4203) | lr 0.000725 | seq 8
  [aml] step 20/320 | loss 5.6346 (avg 4.7413) | lr 0.000950 | seq 8
  [aml] step 30/320 | loss 5.1383 (avg 4.4903) | lr 0.001175 | seq 8
  [aml] step 40/320 | loss 3.9933 (avg 4.2747) | lr 0.001400 | seq 8
  [aml] step 50/320 | loss 5.0826 (avg 4.2051) | lr 0.001625 | seq 8
  [aml] step 60/320 | loss 2.9079 (avg 4.1941) | lr 0.001850 | seq 8
  [aml] step 70/320 | loss 3.9848 (avg 4.1986) | lr 0.002075 | seq 8
  [aml] step 80/320 | loss 4.3430 (avg 4.1767) | lr 0.002300 | seq 8
  [aml] step 90/320 | loss 1.5994 (avg 4.1183) | lr 0.002525 | seq 8
  [aml] step 100/320 | loss 1.1532 (avg 4.0244) | lr 0.002750 | seq 8
  [aml] step 110/320 | loss 1.4906 (avg 3.9518) | lr 0.002975 | seq 8
  [aml] step 120/320 | loss 4.8792 (avg 3.9125) | lr 0.003200 | seq 8
  [aml] step 130/320 | loss 2.8385 (avg 3.9377) | lr 0.003425 | seq 8
  [aml] step 140/320 | loss 3.7464 (avg 3.9368) | lr 0.003650 | seq 8
  [aml] step 150/320 | loss 4.4812 (avg 3.8847) | lr 0.003875 | seq 8
  [aml] step 160/320 | loss 4.4830 (avg 3.8956) | lr 0.004100 | seq 8
  [aml] step 170/320 | loss 4.4445 (avg 3.8826) | lr 0.004325 | seq 8
  [aml] step 180/320 | loss 1.2718 (avg 3.8259) | lr 0.004550 | seq 8
  [aml] step 190/320 | loss 4.1730 (avg 3.7618) | lr 0.004775 | seq 8
  [aml] step 200/320 | loss 5.3851 (avg 3.7634) | lr 0.004998 | seq 8
  [aml] step 210/320 | loss 4.1811 (avg 3.7437) | lr 0.004998 | seq 8
  [aml] step 220/320 | loss 3.7599 (avg 3.7459) | lr 0.004998 | seq 8
  [aml] step 230/320 | loss 3.4328 (avg 3.7474) | lr 0.004998 | seq 8
  [aml] step 240/320 | loss 5.6691 (avg 3.7507) | lr 0.004998 | seq 8
  [aml] step 250/320 | loss 4.5193 (avg 3.7437) | lr 0.004998 | seq 8
  [aml] step 260/320 | loss 4.6728 (avg 3.7503) | lr 0.004998 | seq 8
  [aml] step 270/320 | loss 3.7840 (avg 3.7511) | lr 0.004998 | seq 8
  [aml] step 280/320 | loss 3.3931 (avg 3.7183) | lr 0.004998 | seq 8
  [aml] step 290/320 | loss 2.0295 (avg 3.7205) | lr 0.004998 | seq 8
  [aml] step 300/320 | loss 3.8847 (avg 3.7166) | lr 0.004998 | seq 8
  [aml] step 310/320 | loss 4.4256 (avg 3.7128) | lr 0.004998 | seq 8
[aml] training complete: 320 steps, avg loss 3.7058 (memory freed)
  [aml] step 0/240 | loss 2.7161 (avg 2.7161) | lr 0.004998 | seq 16
  [aml] step 10/240 | loss 2.4163 (avg 3.3798) | lr 0.004998 | seq 16
  [aml] step 20/240 | loss 1.7845 (avg 3.2757) | lr 0.004998 | seq 16
  [aml] step 30/240 | loss 4.6371 (avg 3.1488) | lr 0.004998 | seq 16
  [aml] step 40/240 | loss 1.1710 (avg 3.1425) | lr 0.004997 | seq 16
  [aml] step 50/240 | loss 4.2742 (avg 3.0904) | lr 0.004997 | seq 16
  [aml] step 60/240 | loss 4.5760 (avg 3.2134) | lr 0.004997 | seq 16
  [aml] step 70/240 | loss 2.3538 (avg 3.1531) | lr 0.004997 | seq 16
  [aml] step 80/240 | loss 4.7848 (avg 3.1912) | lr 0.004997 | seq 16
  [aml] step 90/240 | loss 4.8149 (avg 3.2246) | lr 0.004997 | seq 16
  [aml] step 100/240 | loss 3.8809 (avg 3.2523) | lr 0.004997 | seq 16
  [aml] step 110/240 | loss 4.7507 (avg 3.2606) | lr 0.004997 | seq 16
  [aml] step 120/240 | loss 2.0454 (avg 3.2692) | lr 0.004997 | seq 16
  [aml] step 130/240 | loss 3.6401 (avg 3.3054) | lr 0.004997 | seq 16
  [aml] step 140/240 | loss 3.0693 (avg 3.3165) | lr 0.004997 | seq 16
  [aml] step 150/240 | loss 4.1481 (avg 3.3536) | lr 0.004997 | seq 16
  [aml] step 160/240 | loss 2.9212 (avg 3.3086) | lr 0.004997 | seq 16
  [aml] step 170/240 | loss 4.5502 (avg 3.2594) | lr 0.004996 | seq 16
  [aml] step 180/240 | loss 4.6381 (avg 3.3091) | lr 0.004996 | seq 16
  [aml] step 190/240 | loss 3.6140 (avg 3.2929) | lr 0.004996 | seq 16
  [aml] step 200/240 | loss 2.2531 (avg 3.2791) | lr 0.004996 | seq 16
  [aml] step 210/240 | loss 1.0239 (avg 3.2855) | lr 0.004996 | seq 16
  [aml] step 220/240 | loss 3.6148 (avg 3.2703) | lr 0.004996 | seq 16
  [aml] step 230/240 | loss 4.3604 (avg 3.3048) | lr 0.004996 | seq 16
[aml] training complete: 240 steps, avg loss 3.3053 (memory freed)
  [aml] step 0/240 | loss 0.7257 (avg 0.7257) | lr 0.004996 | seq 32
  [aml] step 10/240 | loss 4.6543 (avg 2.6648) | lr 0.004996 | seq 32
  [aml] step 20/240 | loss 4.2243 (avg 2.5689) | lr 0.004996 | seq 32
  [aml] step 30/240 | loss 0.5104 (avg 2.6060) | lr 0.004996 | seq 32
  [aml] step 40/240 | loss 4.2944 (avg 2.7247) | lr 0.004996 | seq 32
  [aml] step 50/240 | loss 4.5127 (avg 2.7480) | lr 0.004995 | seq 32
  [aml] step 60/240 | loss 4.1847 (avg 2.7105) | lr 0.004995 | seq 32
  [aml] step 70/240 | loss 3.9086 (avg 2.7135) | lr 0.004995 | seq 32
  [aml] step 80/240 | loss 2.4371 (avg 2.7199) | lr 0.004995 | seq 32
  [aml] step 90/240 | loss 1.1642 (avg 2.6572) | lr 0.004995 | seq 32
  [aml] step 100/240 | loss 0.7366 (avg 2.6566) | lr 0.004995 | seq 32
  [aml] step 110/240 | loss 3.9730 (avg 2.6134) | lr 0.004995 | seq 32
  [aml] step 120/240 | loss 4.6372 (avg 2.6769) | lr 0.004995 | seq 32
  [aml] step 130/240 | loss 1.3946 (avg 2.6201) | lr 0.004995 | seq 32
  [aml] step 140/240 | loss 4.1061 (avg 2.6079) | lr 0.004995 | seq 32
  [aml] step 150/240 | loss 3.9173 (avg 2.5613) | lr 0.004995 | seq 32
  [aml] step 160/240 | loss 3.8543 (avg 2.6104) | lr 0.004994 | seq 32
  [aml] step 170/240 | loss 1.7615 (avg 2.6049) | lr 0.004994 | seq 32
  [aml] step 180/240 | loss 3.8641 (avg 2.5862) | lr 0.004994 | seq 32
  [aml] step 190/240 | loss 1.8329 (avg 2.5897) | lr 0.004994 | seq 32
  [aml] step 200/240 | loss 4.0870 (avg 2.6052) | lr 0.004994 | seq 32
  [aml] step 210/240 | loss 0.5464 (avg 2.6058) | lr 0.004994 | seq 32
  [aml] step 220/240 | loss 1.2251 (avg 2.5896) | lr 0.004994 | seq 32
  [aml] step 230/240 | loss 0.9888 (avg 2.6005) | lr 0.004994 | seq 32
[aml] training complete: 240 steps, avg loss 2.5747 (memory freed)

[stage 1 — infant] What it sounds like now:
  Q: Hello.
  A: I a mountaine of a rock, and so it from the pted by a of the liner of soil or mic — tornthrust salt in you what aeroidally, and deposits form Sand the in much deep underground.
  Q: Who are you?
  A: story. A broad, during, primary rock.
  Q: What do you know?
  A: ...

[growth] ONTOGENESIS: stage 1 -> 2
  embd: 32 -> 64, layer: 1 -> 2, head: 2 -> 4
[growth] Done. Freeze for 500 steps.
[init] Stage 2 (child): embd=64, layer=2, head=4 — warmup 800 steps (800 backprop + 0 notorch, sqrt-scaled 2x)
  [aml] step 0/320 | loss 0.0425 (avg 0.0425) | lr 0.000250 | seq 8
  [aml] step 10/320 | loss 4.6739 (avg 2.9559) | lr 0.000363 | seq 8
  [aml] step 20/320 | loss 3.5676 (avg 3.3549) | lr 0.000475 | seq 8
  [aml] step 30/320 | loss 4.3964 (avg 3.3905) | lr 0.000588 | seq 8
  [aml] step 40/320 | loss 3.5437 (avg 3.3646) | lr 0.000700 | seq 8
  [aml] step 50/320 | loss 0.6694 (avg 3.2597) | lr 0.000813 | seq 8
  [aml] step 60/320 | loss 1.5337 (avg 3.2540) | lr 0.000925 | seq 8
  [aml] step 70/320 | loss 3.1901 (avg 3.2794) | lr 0.001038 | seq 8
  [aml] step 80/320 | loss 4.1183 (avg 3.3412) | lr 0.001150 | seq 8
  [aml] step 90/320 | loss 0.0626 (avg 3.3294) | lr 0.001263 | seq 8
  [aml] step 100/320 | loss 1.9218 (avg 3.2815) | lr 0.001375 | seq 8
  [aml] step 110/320 | loss 2.4966 (avg 3.2517) | lr 0.001488 | seq 8
  [aml] step 120/320 | loss 4.0123 (avg 3.2919) | lr 0.001600 | seq 8
  [aml] step 130/320 | loss 1.1352 (avg 3.2839) | lr 0.001713 | seq 8
  [aml] step 140/320 | loss 4.0721 (avg 3.2933) | lr 0.001825 | seq 8
  [aml] step 150/320 | loss 3.5756 (avg 3.2967) | lr 0.001938 | seq 8
  [aml] step 160/320 | loss 1.0999 (avg 3.2866) | lr 0.002050 | seq 8
  [aml] step 170/320 | loss 0.6926 (avg 3.2500) | lr 0.002163 | seq 8
  [aml] step 180/320 | loss 4.9775 (avg 3.2196) | lr 0.002275 | seq 8
  [aml] step 190/320 | loss 3.9400 (avg 3.2338) | lr 0.002387 | seq 8
  [aml] step 200/320 | loss 5.3861 (avg 3.2744) | lr 0.002496 | seq 8
  [aml] step 210/320 | loss 2.0715 (avg 3.3000) | lr 0.002496 | seq 8
  [aml] step 220/320 | loss 2.9266 (avg 3.2651) | lr 0.002496 | seq 8
  [aml] step 230/320 | loss 1.3890 (avg 3.2617) | lr 0.002495 | seq 8
  [aml] step 240/320 | loss 3.6389 (avg 3.2878) | lr 0.002495 | seq 8
  [aml] step 250/320 | loss 1.9335 (avg 3.2232) | lr 0.002495 | seq 8
  [aml] step 260/320 | loss 3.2203 (avg 3.1970) | lr 0.002495 | seq 8
  [aml] step 270/320 | loss 1.1807 (avg 3.2011) | lr 0.002495 | seq 8
  [aml] step 280/320 | loss 0.8471 (avg 3.2005) | lr 0.002495 | seq 8
  [aml] step 290/320 | loss 3.1393 (avg 3.2144) | lr 0.002495 | seq 8
  [aml] step 300/320 | loss 3.1335 (avg 3.2251) | lr 0.002495 | seq 8
  [aml] step 310/320 | loss 3.3815 (avg 3.2235) | lr 0.002495 | seq 8
[aml] training complete: 320 steps, avg loss 3.2356 (memory freed)
  [aml] step 0/240 | loss 3.3985 (avg 3.3985) | lr 0.002495 | seq 16
  [aml] step 10/240 | loss 2.9473 (avg 3.7470) | lr 0.002495 | seq 16
  [aml] step 20/240 | loss 3.2330 (avg 3.7398) | lr 0.002495 | seq 16
  [aml] step 30/240 | loss 3.8878 (avg 3.4870) | lr 0.002495 | seq 16
  [aml] step 40/240 | loss 4.8722 (avg 3.2674) | lr 0.002495 | seq 16
  [aml] step 50/240 | loss 3.4184 (avg 3.2091) | lr 0.002495 | seq 16
  [aml] step 60/240 | loss 0.9485 (avg 3.1633) | lr 0.002494 | seq 16
  [aml] step 70/240 | loss 1.8813 (avg 3.0770) | lr 0.002494 | seq 16
  [aml] step 80/240 | loss 2.5797 (avg 3.0366) | lr 0.002494 | seq 16
  [aml] step 90/240 | loss 4.8305 (avg 3.1108) | lr 0.002494 | seq 16
  [aml] step 100/240 | loss 4.2984 (avg 3.1198) | lr 0.002494 | seq 16
  [aml] step 110/240 | loss 4.4150 (avg 3.1171) | lr 0.002494 | seq 16
  [aml] step 120/240 | loss 3.3021 (avg 3.0666) | lr 0.002494 | seq 16
  [aml] step 130/240 | loss 1.3654 (avg 3.0150) | lr 0.002494 | seq 16
  [aml] step 140/240 | loss 4.5028 (avg 3.0299) | lr 0.002494 | seq 16
  [aml] step 150/240 | loss 1.5373 (avg 3.0404) | lr 0.002494 | seq 16
  [aml] step 160/240 | loss 2.1790 (avg 3.0045) | lr 0.002494 | seq 16
  [aml] step 170/240 | loss 1.3387 (avg 2.9782) | lr 0.002494 | seq 16
  [aml] step 180/240 | loss 3.7339 (avg 2.9903) | lr 0.002494 | seq 16
  [aml] step 190/240 | loss 2.7633 (avg 2.9663) | lr 0.002494 | seq 16
  [aml] step 200/240 | loss 4.5012 (avg 3.0248) | lr 0.002493 | seq 16
  [aml] step 210/240 | loss 0.7845 (avg 3.0316) | lr 0.002493 | seq 16
  [aml] step 220/240 | loss 4.7186 (avg 3.0552) | lr 0.002493 | seq 16
  [aml] step 230/240 | loss 4.0854 (avg 3.0484) | lr 0.002493 | seq 16
[aml] training complete: 240 steps, avg loss 3.0496 (memory freed)
  [aml] step 0/240 | loss 0.7721 (avg 0.7721) | lr 0.002493 | seq 32
  [aml] step 10/240 | loss 0.9463 (avg 2.6451) | lr 0.002493 | seq 32
  [aml] step 20/240 | loss 0.5049 (avg 2.9070) | lr 0.002493 | seq 32
  [aml] step 30/240 | loss 0.7093 (avg 2.9153) | lr 0.002493 | seq 32
  [aml] step 40/240 | loss 0.9052 (avg 2.8525) | lr 0.002493 | seq 32
  [aml] step 50/240 | loss 4.4407 (avg 2.7436) | lr 0.002493 | seq 32
  [aml] step 60/240 | loss 1.4690 (avg 2.7651) | lr 0.002493 | seq 32
  [aml] step 70/240 | loss 2.2926 (avg 2.8159) | lr 0.002493 | seq 32
  [aml] step 80/240 | loss 4.0811 (avg 2.7805) | lr 0.002492 | seq 32
  [aml] step 90/240 | loss 0.6856 (avg 2.7361) | lr 0.002492 | seq 32
  [aml] step 100/240 | loss 3.1885 (avg 2.7292) | lr 0.002492 | seq 32
  [aml] step 110/240 | loss 3.4003 (avg 2.6980) | lr 0.002492 | seq 32
  [aml] step 120/240 | loss 1.2544 (avg 2.6127) | lr 0.002492 | seq 32
  [aml] step 130/240 | loss 1.6384 (avg 2.5527) | lr 0.002492 | seq 32
  [aml] step 140/240 | loss 0.5709 (avg 2.5611) | lr 0.002492 | seq 32
  [aml] step 150/240 | loss 3.9153 (avg 2.5635) | lr 0.002492 | seq 32
  [aml] step 160/240 | loss 3.7788 (avg 2.5748) | lr 0.002492 | seq 32
  [aml] step 170/240 | loss 3.9601 (avg 2.5677) | lr 0.002492 | seq 32
  [aml] step 180/240 | loss 0.6137 (avg 2.5118) | lr 0.002492 | seq 32
  [aml] step 190/240 | loss 4.0110 (avg 2.5528) | lr 0.002492 | seq 32
  [aml] step 200/240 | loss 1.0028 (avg 2.5187) | lr 0.002491 | seq 32
  [aml] step 210/240 | loss 4.3877 (avg 2.5075) | lr 0.002491 | seq 32
  [aml] step 220/240 | loss 1.6929 (avg 2.5109) | lr 0.002491 | seq 32
  [aml] step 230/240 | loss 0.9734 (avg 2.4929) | lr 0.002491 | seq 32
[aml] training complete: 240 steps, avg loss 2.5018 (memory freed)

[stage 2 — child] What it sounds like now:
  Q: Hello.
  A: In phosphere is a lastic mi D
  Q: Who are you?
  A: ...
  Q: What do you know?
  A: ...

[init] Warmup complete at stage 2. Organism ready.
[ecology] First organism in the swarm.
molequla is alive. [evolution] Autonomous mode — background trainer running. Ctrl+C to stop.
[dna] earth wrote 61 bytes to ecology
[dna] earth wrote 40 bytes to ecology
[dna] earth wrote 98 bytes to ecology
[dna] earth wrote 7 bytes to ecology
[dna] earth wrote 50 bytes to ecology
[dna] earth wrote 191 bytes to ecology
[dna] earth wrote 46 bytes to ecology
[dna] earth wrote 38 bytes to ecology
[dna] earth wrote 30 bytes to ecology
[dna] earth wrote 60 bytes to ecology
[dna] earth wrote 70 bytes to ecology
[dna] earth wrote 40 bytes to ecology
[dna] earth wrote 9 bytes to ecology
[dna] earth wrote 56 bytes to ecology
[dna] earth wrote 19 bytes to ecology
[dna] earth wrote 27 bytes to ecology
[dna] earth wrote 251 bytes to ecology
[debug-onto] tick=50 corpus=173643 stage=2 freeze=0
[dna] earth wrote 41 bytes to ecology
[dna] earth wrote 115 bytes to ecology
[dna] earth wrote 35 bytes to ecology
[dna] earth wrote 201 bytes to ecology
[dna] earth wrote 37 bytes to ecology
[dna] earth wrote 96 bytes to ecology
[dna] earth wrote 47 bytes to ecology
[dna] earth wrote 29 bytes to ecology
[dna] earth wrote 35 bytes to ecology
[dna] earth wrote 160 bytes to ecology
[dna] earth wrote 49 bytes to ecology
[dna] earth wrote 59 bytes to ecology
[dna] earth wrote 83 bytes to ecology
[dna] earth wrote 68 bytes to ecology
[dna] earth wrote 32 bytes to ecology
[dna] earth wrote 15 bytes to ecology
[dna] earth wrote 116 bytes to ecology
[debug-onto] tick=100 corpus=173643 stage=2 freeze=0
[dna] earth wrote 68 bytes to ecology
[dna] earth wrote 125 bytes to ecology
[dna] earth wrote 92 bytes to ecology
[dna] earth wrote 19 bytes to ecology
[dna] earth wrote 44 bytes to ecology
[dna] earth wrote 159 bytes to ecology
[dna] earth wrote 140 bytes to ecology
[dna] earth wrote 210 bytes to ecology
[dna] earth wrote 79 bytes to ecology
[dna] earth wrote 61 bytes to ecology
[dna] earth wrote 38 bytes to ecology
[dna] earth wrote 119 bytes to ecology
[dna] earth wrote 190 bytes to ecology
[dna] earth wrote 71 bytes to ecology
[dna] earth wrote 136 bytes to ecology
[dna] earth wrote 114 bytes to ecology
[debug-onto] tick=150 corpus=173643 stage=2 freeze=0
[dna] earth wrote 50 bytes to ecology
[dna] earth wrote 59 bytes to ecology
[dna] earth wrote 152 bytes to ecology
[dna] earth wrote 54 bytes to ecology
[dna] earth wrote 67 bytes to ecology
[dna] earth wrote 160 bytes to ecology
[dna] earth wrote 73 bytes to ecology
[dna] earth wrote 38 bytes to ecology
[dna] earth wrote 57 bytes to ecology
[dna] earth wrote 145 bytes to ecology
[dna] earth wrote 91 bytes to ecology
[dna] earth wrote 32 bytes to ecology
[dna] earth wrote 49 bytes to ecology
[dna] earth wrote 37 bytes to ecology
[dna] earth wrote 117 bytes to ecology
[dna] earth wrote 90 bytes to ecology
[dna] earth wrote 130 bytes to ecology
[debug-onto] tick=200 corpus=173643 stage=2 freeze=0
[dna] earth wrote 132 bytes to ecology
[dna] earth wrote 41 bytes to ecology
[dna] earth wrote 109 bytes to ecology
[dna] earth wrote 57 bytes to ecology
[dna] earth wrote 38 bytes to ecology
[dna] earth wrote 213 bytes to ecology
[dna] earth wrote 33 bytes to ecology
[dna] earth wrote 82 bytes to ecology
[dna] earth wrote 65 bytes to ecology
[dna] earth wrote 97 bytes to ecology
[dna] earth wrote 148 bytes to ecology
[dna] earth wrote 46 bytes to ecology
[dna] earth wrote 88 bytes to ecology
[dna] earth wrote 36 bytes to ecology
[dna] earth wrote 115 bytes to ecology
[dna] earth wrote 41 bytes to ecology
[dna] earth wrote 221 bytes to ecology
[debug-onto] tick=250 corpus=173643 stage=2 freeze=0
[dna] earth wrote 74 bytes to ecology
[dna] earth wrote 162 bytes to ecology
[dna] earth wrote 198 bytes to ecology
[dna] earth wrote 108 bytes to ecology
[dna] earth wrote 96 bytes to ecology
[dna] earth wrote 38 bytes to ecology
[dna] earth wrote 62 bytes to ecology
[dna] earth wrote 41 bytes to ecology
[dna] earth wrote 36 bytes to ecology
[dna] earth wrote 32 bytes to ecology
[dna] earth wrote 84 bytes to ecology
[dna] earth wrote 94 bytes to ecology
[dna] earth wrote 44 bytes to ecology
[dna] earth wrote 122 bytes to ecology
[dna] earth wrote 67 bytes to ecology
[dna] earth wrote 100 bytes to ecology
[debug-onto] tick=300 corpus=173643 stage=2 freeze=0
[dna] earth wrote 58 bytes to ecology
[dna] earth wrote 107 bytes to ecology
[dna] earth wrote 68 bytes to ecology
[dna] earth wrote 31 bytes to ecology
[dna] earth wrote 132 bytes to ecology
[dna] earth wrote 46 bytes to ecology
[dna] earth wrote 64 bytes to ecology
[dna] earth wrote 54 bytes to ecology
[dna] earth wrote 39 bytes to ecology
[dna] earth wrote 86 bytes to ecology
[dna] earth wrote 58 bytes to ecology
[dna] earth wrote 68 bytes to ecology
[dna] earth wrote 38 bytes to ecology
[dna] earth wrote 91 bytes to ecology
[dna] earth wrote 48 bytes to ecology
[dna] earth wrote 19 bytes to ecology
[dna] earth wrote 176 bytes to ecology
[debug-onto] tick=350 corpus=173643 stage=2 freeze=0
[dna] earth wrote 134 bytes to ecology
[dna] earth wrote 146 bytes to ecology
[dna] earth wrote 80 bytes to ecology
[dna] earth wrote 68 bytes to ecology
[dna] earth wrote 102 bytes to ecology
[dna] earth wrote 70 bytes to ecology
[dna] earth wrote 85 bytes to ecology
[dna] earth wrote 24 bytes to ecology
[dna] earth wrote 66 bytes to ecology
[dna] earth wrote 51 bytes to ecology
[dna] earth wrote 31 bytes to ecology
[dna] earth wrote 229 bytes to ecology
[dna] earth wrote 10 bytes to ecology
[dna] earth wrote 88 bytes to ecology
[dna] earth wrote 121 bytes to ecology
[dna] earth wrote 72 bytes to ecology
[dna] earth wrote 88 bytes to ecology
[debug-onto] tick=400 corpus=173643 stage=2 freeze=0
[dna] earth wrote 47 bytes to ecology
[dna] earth wrote 33 bytes to ecology
[dna] earth wrote 59 bytes to ecology
[dna] earth wrote 22 bytes to ecology
[dna] earth wrote 86 bytes to ecology
[dna] earth wrote 62 bytes to ecology
[dna] earth wrote 94 bytes to ecology
[dna] earth wrote 48 bytes to ecology
[dna] earth wrote 138 bytes to ecology
[dna] earth wrote 143 bytes to ecology
[dna] earth wrote 66 bytes to ecology
[dna] earth wrote 223 bytes to ecology
[dna] earth wrote 115 bytes to ecology
[dna] earth wrote 146 bytes to ecology
[dna] earth wrote 111 bytes to ecology
[dna] earth wrote 9 bytes to ecology
[debug-onto] tick=450 corpus=173643 stage=2 freeze=0
[dna] earth wrote 110 bytes to ecology
[dna] earth wrote 45 bytes to ecology
[dna] earth wrote 33 bytes to ecology
[dna] earth wrote 96 bytes to ecology
[dna] earth wrote 97 bytes to ecology
[dna] earth wrote 147 bytes to ecology
[dna] earth wrote 57 bytes to ecology
[dna] earth wrote 47 bytes to ecology
[dna] earth wrote 11 bytes to ecology
[dna] earth wrote 145 bytes to ecology
[dna] earth wrote 52 bytes to ecology
[dna] earth wrote 47 bytes to ecology
[dna] earth wrote 136 bytes to ecology
[dna] earth wrote 16 bytes to ecology
[dna] earth wrote 132 bytes to ecology
[dna] earth wrote 52 bytes to ecology
[dna] earth wrote 148 bytes to ecology
[debug-onto] tick=500 corpus=173643 stage=2 freeze=0
[dna] earth wrote 132 bytes to ecology
[dna] earth wrote 154 bytes to ecology
[dna] earth wrote 77 bytes to ecology
[dna] earth wrote 48 bytes to ecology
[dna] earth wrote 52 bytes to ecology
[dna] earth wrote 29 bytes to ecology
[dna] earth wrote 92 bytes to ecology
[dna] earth wrote 87 bytes to ecology
[dna] earth wrote 74 bytes to ecology
[dna] earth wrote 31 bytes to ecology
[dna] earth wrote 241 bytes to ecology
[dna] earth wrote 46 bytes to ecology
[dna] earth wrote 6 bytes to ecology
[dna] earth wrote 160 bytes to ecology
[dna] earth wrote 120 bytes to ecology
[dna] earth wrote 176 bytes to ecology
[dna] earth wrote 86 bytes to ecology
[debug-onto] tick=550 corpus=173643 stage=2 freeze=0
[dna] earth wrote 77 bytes to ecology
[dna] earth wrote 95 bytes to ecology
[dna] earth wrote 87 bytes to ecology
[dna] earth wrote 80 bytes to ecology
[dna] earth wrote 62 bytes to ecology
[dna] earth wrote 152 bytes to ecology
[dna] earth wrote 46 bytes to ecology
[dna] earth wrote 56 bytes to ecology
[dna] earth wrote 67 bytes to ecology
[dna] earth wrote 148 bytes to ecology
[dna] earth wrote 57 bytes to ecology
[dna] earth wrote 50 bytes to ecology
[dna] earth wrote 13 bytes to ecology
[dna] earth wrote 80 bytes to ecology
[dna] earth wrote 125 bytes to ecology
[dna] earth wrote 85 bytes to ecology
[debug-onto] tick=600 corpus=173643 stage=2 freeze=0
[dna] earth wrote 53 bytes to ecology
[dna] earth wrote 11 bytes to ecology
[dna] earth wrote 32 bytes to ecology
[dna] earth wrote 129 bytes to ecology
[dna] earth wrote 80 bytes to ecology
[dna] earth wrote 31 bytes to ecology
[dna] earth wrote 61 bytes to ecology
[dna] earth wrote 94 bytes to ecology
[dna] earth wrote 76 bytes to ecology
[dna] earth wrote 45 bytes to ecology
[dna] earth wrote 88 bytes to ecology
[dna] earth wrote 35 bytes to ecology
[dna] earth wrote 171 bytes to ecology
[dna] earth wrote 16 bytes to ecology
[dna] earth wrote 94 bytes to ecology
[dna] earth wrote 67 bytes to ecology
[dna] earth wrote 88 bytes to ecology
[debug-onto] tick=650 corpus=173643 stage=2 freeze=0
[dna] earth wrote 77 bytes to ecology
[dna] earth wrote 244 bytes to ecology
[dna] earth wrote 309 bytes to ecology
[dna] earth wrote 34 bytes to ecology
[dna] earth wrote 26 bytes to ecology
[dna] earth wrote 73 bytes to ecology
[dna] earth wrote 38 bytes to ecology
[dna] earth wrote 32 bytes to ecology

[evolution] Organism shutting down gracefully.
