[ecology] Element: fire → corpus: nonames_fire.txt
[evolution] Autonomous evolution mode — organism will grow through all stages without pause.
[ecology] Joined swarm. 1 peer(s) detected.
molequla is alive. [evolution] Autonomous mode — background trainer running. Ctrl+C to stop.
[dna] fire wrote 19 bytes to ecology
[dna] fire consumed 12304 bytes from 205 files: [water/gen_1777361142_1.txt water/gen_1777361159_4.txt water/gen_1777361168_7.txt water/gen_1777361177_10.txt water/gen_1777361185_13.txt water/gen_1777361194_16.txt water/gen_1777361203_19.txt water/gen_1777361211_22.txt water/gen_1777361220_25.txt water/gen_1777361229_28.txt water/gen_1777361238_31.txt water/gen_1777361246_34.txt water/gen_1777361255_37.txt water/gen_1777361264_40.txt water/gen_1777361273_43.txt water/gen_1777361282_46.txt water/gen_1777361290_49.txt water/gen_1777361299_52.txt water/gen_1777361308_55.txt water/gen_1777361317_58.txt water/gen_1777361326_61.txt water/gen_1777361335_64.txt water/gen_1777361344_67.txt water/gen_1777361353_70.txt water/gen_1777361362_73.txt water/gen_1777361371_76.txt water/gen_1777361379_79.txt water/gen_1777361388_82.txt water/gen_1777361397_85.txt water/gen_1777361406_88.txt water/gen_1777361414_91.txt water/gen_1777361423_94.txt water/gen_1777361432_97.txt water/gen_1777361440_100.txt water/gen_1777361449_103.txt water/gen_1777361458_106.txt water/gen_1777361466_109.txt water/gen_1777361475_112.txt water/gen_1777361484_115.txt water/gen_1777361492_118.txt water/gen_1777361501_121.txt water/gen_1777361510_124.txt water/gen_1777361518_127.txt water/gen_1777361527_130.txt water/gen_1777361535_133.txt water/gen_1777361544_136.txt water/gen_1777361553_139.txt water/gen_1777361561_142.txt water/gen_1777361570_145.txt water/gen_1777361579_148.txt water/gen_1777361588_151.txt water/gen_1777361596_154.txt water/gen_1777361605_157.txt water/gen_1777361614_160.txt water/gen_1777361623_163.txt water/gen_1777361632_166.txt water/gen_1777361640_169.txt water/gen_1777361649_172.txt water/gen_1777361658_175.txt water/gen_1777361666_178.txt water/gen_1777361675_181.txt water/gen_1777361684_184.txt water/gen_1777361693_187.txt water/gen_1777361701_190.txt water/gen_1777361710_193.txt water/gen_1777361719_196.txt water/gen_1777361728_199.txt water/gen_1777361736_202.txt water/gen_1777361745_205.txt water/gen_1777361754_208.txt water/gen_1777361763_211.txt water/gen_1777361772_214.txt water/gen_1777361780_217.txt water/gen_1777361789_220.txt water/gen_1777361798_223.txt water/gen_1777361807_226.txt water/gen_1777361815_229.txt water/gen_1777361824_232.txt water/gen_1777361833_235.txt water/gen_1777361842_238.txt water/gen_1777361851_241.txt water/gen_1777361859_244.txt water/gen_1777361868_247.txt water/gen_1777361877_250.txt water/gen_1777361886_253.txt water/gen_1777361895_256.txt water/gen_1777361903_259.txt water/gen_1777361912_262.txt water/gen_1777361921_265.txt water/gen_1777361930_268.txt water/gen_1777361938_271.txt water/gen_1777361947_274.txt water/gen_1777361956_277.txt water/gen_1777361965_280.txt water/gen_1777361974_283.txt water/gen_1777361983_286.txt water/gen_1777361991_289.txt water/gen_1777362000_292.txt water/gen_1777362009_295.txt water/gen_1777362018_298.txt water/gen_1777362027_301.txt water/gen_1777362036_304.txt water/gen_1777362044_307.txt water/gen_1777362053_310.txt water/gen_1777362062_313.txt water/gen_1777362071_316.txt water/gen_1777362079_319.txt water/gen_1777362088_322.txt water/gen_1777362097_325.txt water/gen_1777362105_328.txt water/gen_1777362114_331.txt water/gen_1777362123_334.txt water/gen_1777362131_337.txt water/gen_1777362140_340.txt water/gen_1777362148_343.txt water/gen_1777362157_346.txt water/gen_1777362165_349.txt water/gen_1777362174_352.txt water/gen_1777362183_355.txt water/gen_1777362191_358.txt water/gen_1777362200_361.txt water/gen_1777362209_364.txt water/gen_1777362217_367.txt water/gen_1777362226_370.txt water/gen_1777362235_373.txt water/gen_1777362243_376.txt water/gen_1777362252_379.txt water/gen_1777362261_382.txt water/gen_1777362269_385.txt water/gen_1777362278_388.txt water/gen_1777362287_391.txt water/gen_1777362295_394.txt water/gen_1777362304_397.txt water/gen_1777362312_400.txt water/gen_1777362321_403.txt water/gen_1777362329_406.txt water/gen_1777362338_409.txt water/gen_1777362347_412.txt water/gen_1777362355_415.txt water/gen_1777362364_418.txt water/gen_1777362372_421.txt water/gen_1777362381_424.txt water/gen_1777362390_427.txt water/gen_1777362398_430.txt water/gen_1777362407_433.txt water/gen_1777362415_436.txt water/gen_1777362424_439.txt water/gen_1777362432_442.txt water/gen_1777362441_445.txt water/gen_1777362450_448.txt water/gen_1777362458_451.txt water/gen_1777362467_454.txt water/gen_1777362484_460.txt water/gen_1777362493_463.txt water/gen_1777362501_466.txt water/gen_1777362510_469.txt water/gen_1777362518_472.txt water/gen_1777362527_475.txt water/gen_1777362535_478.txt water/gen_1777362544_481.txt water/gen_1777362552_484.txt water/gen_1777362561_487.txt water/gen_1777362570_490.txt water/gen_1777362578_493.txt water/gen_1777362587_496.txt water/gen_1777362604_502.txt water/gen_1777362612_505.txt water/gen_1777362621_508.txt water/gen_1777362629_511.txt water/gen_1777362638_514.txt water/gen_1777362647_517.txt water/gen_1777362655_520.txt water/gen_1777362664_523.txt water/gen_1777362672_526.txt water/gen_1777362681_529.txt water/gen_1777362689_532.txt water/gen_1777362698_535.txt water/gen_1777362707_538.txt water/gen_1777362715_541.txt water/gen_1777362724_544.txt water/gen_1777362733_547.txt water/gen_1777362741_550.txt water/gen_1777362750_553.txt water/gen_1777362758_556.txt water/gen_1777362767_559.txt water/gen_1777362775_562.txt water/gen_1777362784_565.txt water/gen_1777362792_568.txt water/gen_1777362801_571.txt water/gen_1777362810_574.txt water/gen_1777362818_577.txt water/gen_1777362827_580.txt water/gen_1777362835_583.txt water/gen_1777362844_586.txt water/gen_1777362852_589.txt water/gen_1777362861_592.txt water/gen_1777362869_595.txt water/gen_1777362878_598.txt water/gen_1777362886_601.txt water/gen_1777362895_604.txt water/gen_1777362903_607.txt water/gen_1777362912_610.txt water/gen_1777362920_613.txt water/gen_1777362929_616.txt water/gen_1777362938_619.txt]
[trainer] micro-train burst (12304 bytes, novelty 0.05) — and lo, it feeds again.
[syntropy] action=explore | trend=0.0000 | field_dev=0.100 | purpose_align=-0.151 | lr_mul=1.30
[aml] burst complete: 32 steps, avg loss 1.7231 (memory freed)
[dna] fire wrote 91 bytes to ecology
[dna] fire wrote 103 bytes to ecology
[dna] fire wrote 20 bytes to ecology
[dna] fire wrote 29 bytes to ecology
[dna] fire wrote 127 bytes to ecology
[dna] fire wrote 23 bytes to ecology
[dna] fire wrote 68 bytes to ecology
[dna] fire wrote 42 bytes to ecology
[dna] fire wrote 48 bytes to ecology
[dna] fire wrote 53 bytes to ecology
[dna] fire wrote 29 bytes to ecology
[dna] fire wrote 34 bytes to ecology
[dna] fire wrote 66 bytes to ecology
[dna] fire wrote 182 bytes to ecology
[dna] fire wrote 104 bytes to ecology
[dna] fire wrote 216 bytes to ecology
[dna] fire wrote 60 bytes to ecology
[dna] fire wrote 60 bytes to ecology
[dna] fire wrote 74 bytes to ecology
[debug-onto] tick=50 corpus=134409 stage=2 freeze=0
[dna] fire wrote 56 bytes to ecology
[dna] fire wrote 109 bytes to ecology
[dna] fire wrote 37 bytes to ecology
[dna] fire wrote 76 bytes to ecology
[dna] fire wrote 94 bytes to ecology
[dna] fire wrote 63 bytes to ecology
[dna] fire wrote 145 bytes to ecology
[dna] fire wrote 133 bytes to ecology
[dna] fire wrote 48 bytes to ecology
[dna] fire wrote 128 bytes to ecology
[dna] fire wrote 151 bytes to ecology
[dna] fire wrote 15 bytes to ecology
[dna] fire wrote 30 bytes to ecology
[dna] fire wrote 175 bytes to ecology
[dna] fire wrote 58 bytes to ecology
[dna] fire wrote 51 bytes to ecology
[dna] fire wrote 29 bytes to ecology
[dna] fire wrote 81 bytes to ecology
[dna] fire wrote 65 bytes to ecology
[dna] fire wrote 40 bytes to ecology
[dna] fire wrote 48 bytes to ecology
[dna] fire wrote 52 bytes to ecology
[dna] fire wrote 54 bytes to ecology
[debug-onto] tick=100 corpus=134409 stage=2 freeze=0
[dna] fire wrote 87 bytes to ecology
[dna] fire wrote 86 bytes to ecology
[dna] fire wrote 18 bytes to ecology
[dna] fire wrote 47 bytes to ecology
[dna] fire wrote 28 bytes to ecology
[dna] fire wrote 63 bytes to ecology
[dna] fire wrote 28 bytes to ecology
[dna] fire wrote 42 bytes to ecology
[dna] fire wrote 84 bytes to ecology
[dna] fire wrote 56 bytes to ecology
[dna] fire wrote 75 bytes to ecology
[dna] fire wrote 40 bytes to ecology
[dna] fire wrote 32 bytes to ecology
[dna] fire wrote 23 bytes to ecology
[dna] fire wrote 89 bytes to ecology
[dna] fire wrote 140 bytes to ecology
[dna] fire wrote 88 bytes to ecology
[dna] fire wrote 24 bytes to ecology
[dna] fire wrote 23 bytes to ecology
[dna] fire wrote 22 bytes to ecology
[dna] fire wrote 35 bytes to ecology
[debug-onto] tick=150 corpus=134409 stage=2 freeze=0
[dna] fire wrote 62 bytes to ecology
[dna] fire wrote 83 bytes to ecology
[dna] fire wrote 71 bytes to ecology
[dna] fire wrote 27 bytes to ecology
[dna] fire wrote 67 bytes to ecology
[dna] fire wrote 60 bytes to ecology
[dna] fire wrote 6 bytes to ecology
[dna] fire wrote 44 bytes to ecology
[dna] fire wrote 13 bytes to ecology
[dna] fire wrote 61 bytes to ecology
[dna] fire wrote 69 bytes to ecology
[dna] fire wrote 74 bytes to ecology
[dna] fire wrote 44 bytes to ecology
[dna] fire wrote 48 bytes to ecology
[dna] fire wrote 54 bytes to ecology
[dna] fire wrote 9 bytes to ecology
[dna] fire wrote 22 bytes to ecology
[dna] fire wrote 36 bytes to ecology
[dna] fire wrote 47 bytes to ecology
[dna] fire wrote 137 bytes to ecology
[dna] fire wrote 125 bytes to ecology
[debug-onto] tick=200 corpus=134409 stage=2 freeze=0
[dna] fire wrote 29 bytes to ecology
[dna] fire wrote 90 bytes to ecology
[dna] fire wrote 142 bytes to ecology
[dna] fire wrote 36 bytes to ecology
[dna] fire wrote 67 bytes to ecology
[dna] fire wrote 32 bytes to ecology
[dna] fire wrote 11 bytes to ecology
[dna] fire wrote 31 bytes to ecology
[dna] fire wrote 57 bytes to ecology
[dna] fire wrote 103 bytes to ecology
[dna] fire wrote 146 bytes to ecology
[dna] fire wrote 64 bytes to ecology
[dna] fire wrote 114 bytes to ecology
[dna] fire wrote 26 bytes to ecology
[dna] fire wrote 165 bytes to ecology
[dna] fire wrote 34 bytes to ecology
[dna] fire wrote 77 bytes to ecology
[dna] fire wrote 166 bytes to ecology
[dna] fire wrote 62 bytes to ecology
[dna] fire wrote 49 bytes to ecology
[dna] fire wrote 138 bytes to ecology
[debug-onto] tick=250 corpus=134409 stage=2 freeze=0
[dna] fire wrote 53 bytes to ecology
[dna] fire wrote 46 bytes to ecology
[dna] fire wrote 63 bytes to ecology
[dna] fire wrote 85 bytes to ecology
[dna] fire wrote 130 bytes to ecology
[dna] fire wrote 31 bytes to ecology
[dna] fire wrote 28 bytes to ecology
[dna] fire wrote 73 bytes to ecology
[dna] fire wrote 26 bytes to ecology
[dna] fire wrote 147 bytes to ecology
[dna] fire wrote 98 bytes to ecology
[dna] fire wrote 52 bytes to ecology
[dna] fire wrote 113 bytes to ecology
[dna] fire wrote 31 bytes to ecology
[dna] fire wrote 28 bytes to ecology
[dna] fire wrote 38 bytes to ecology
[dna] fire wrote 34 bytes to ecology
[dna] fire wrote 162 bytes to ecology
[dna] fire wrote 32 bytes to ecology
[dna] fire wrote 84 bytes to ecology
[dna] fire wrote 190 bytes to ecology
[dna] fire wrote 77 bytes to ecology
[debug-onto] tick=300 corpus=134409 stage=2 freeze=0
[dna] fire wrote 96 bytes to ecology
[dna] fire wrote 42 bytes to ecology
[dna] fire wrote 43 bytes to ecology
[dna] fire wrote 103 bytes to ecology
[dna] fire wrote 113 bytes to ecology
[dna] fire wrote 57 bytes to ecology
[dna] fire wrote 41 bytes to ecology
[dna] fire wrote 32 bytes to ecology
[dna] fire wrote 158 bytes to ecology
[dna] fire wrote 32 bytes to ecology
[dna] fire wrote 62 bytes to ecology
[dna] fire wrote 61 bytes to ecology
[dna] fire wrote 63 bytes to ecology
[dna] fire wrote 80 bytes to ecology
[dna] fire wrote 6 bytes to ecology
[dna] fire wrote 7 bytes to ecology
[dna] fire wrote 34 bytes to ecology
[dna] fire wrote 20 bytes to ecology
[dna] fire wrote 60 bytes to ecology
[dna] fire wrote 7 bytes to ecology
[debug-onto] tick=350 corpus=134409 stage=2 freeze=0
[dna] fire wrote 38 bytes to ecology
[dna] fire wrote 44 bytes to ecology
[dna] fire wrote 97 bytes to ecology
[dna] fire wrote 31 bytes to ecology
[dna] fire wrote 50 bytes to ecology
[dna] fire wrote 108 bytes to ecology
[dna] fire wrote 134 bytes to ecology
[dna] fire wrote 95 bytes to ecology
[dna] fire wrote 44 bytes to ecology
[dna] fire wrote 143 bytes to ecology
[dna] fire wrote 80 bytes to ecology
[dna] fire wrote 31 bytes to ecology
[dna] fire wrote 42 bytes to ecology
[dna] fire wrote 28 bytes to ecology
[dna] fire wrote 42 bytes to ecology
[dna] fire wrote 52 bytes to ecology
[dna] fire wrote 55 bytes to ecology
[dna] fire wrote 54 bytes to ecology
[dna] fire wrote 27 bytes to ecology
[dna] fire wrote 60 bytes to ecology
[dna] fire wrote 39 bytes to ecology
[dna] fire wrote 28 bytes to ecology
[dna] fire wrote 95 bytes to ecology
[debug-onto] tick=400 corpus=134409 stage=2 freeze=0
[dna] fire wrote 50 bytes to ecology
[dna] fire wrote 35 bytes to ecology
[dna] fire wrote 86 bytes to ecology
[dna] fire wrote 26 bytes to ecology
[dna] fire wrote 25 bytes to ecology
[dna] fire wrote 58 bytes to ecology
[dna] fire wrote 205 bytes to ecology
[dna] fire wrote 70 bytes to ecology
[dna] fire wrote 77 bytes to ecology
[dna] fire wrote 60 bytes to ecology
[dna] fire wrote 16 bytes to ecology
[dna] fire wrote 9 bytes to ecology
[dna] fire wrote 84 bytes to ecology
[dna] fire wrote 61 bytes to ecology
[dna] fire wrote 6 bytes to ecology
[dna] fire wrote 48 bytes to ecology
[dna] fire wrote 129 bytes to ecology
[dna] fire wrote 42 bytes to ecology
[dna] fire wrote 28 bytes to ecology
[debug-onto] tick=450 corpus=134409 stage=2 freeze=0
[dna] fire wrote 30 bytes to ecology
[dna] fire wrote 98 bytes to ecology
[dna] fire wrote 181 bytes to ecology
[dna] fire wrote 218 bytes to ecology
[dna] fire wrote 42 bytes to ecology
[dna] fire wrote 30 bytes to ecology
[dna] fire wrote 97 bytes to ecology
[dna] fire wrote 46 bytes to ecology
[dna] fire wrote 52 bytes to ecology
[dna] fire wrote 106 bytes to ecology
[dna] fire wrote 18 bytes to ecology
[dna] fire wrote 122 bytes to ecology
[dna] fire wrote 104 bytes to ecology
[dna] fire wrote 29 bytes to ecology
[dna] fire wrote 79 bytes to ecology
[dna] fire wrote 17 bytes to ecology
[dna] fire wrote 85 bytes to ecology
[dna] fire wrote 34 bytes to ecology
[dna] fire wrote 81 bytes to ecology
[dna] fire wrote 71 bytes to ecology
[dna] fire wrote 57 bytes to ecology
[dna] fire wrote 152 bytes to ecology
[dna] fire wrote 29 bytes to ecology
[dna] fire wrote 130 bytes to ecology
[debug-onto] tick=500 corpus=134409 stage=2 freeze=0
[dna] fire wrote 115 bytes to ecology
[dna] fire wrote 29 bytes to ecology
[dna] fire wrote 42 bytes to ecology
[dna] fire wrote 75 bytes to ecology
[dna] fire wrote 61 bytes to ecology
[dna] fire wrote 48 bytes to ecology
[dna] fire wrote 14 bytes to ecology
[dna] fire wrote 40 bytes to ecology
[dna] fire wrote 39 bytes to ecology
[dna] fire wrote 126 bytes to ecology
[dna] fire wrote 32 bytes to ecology
[dna] fire wrote 27 bytes to ecology
[dna] fire wrote 63 bytes to ecology
[dna] fire wrote 38 bytes to ecology
[dna] fire wrote 15 bytes to ecology
[dna] fire wrote 126 bytes to ecology
[dna] fire wrote 46 bytes to ecology
[dna] fire wrote 103 bytes to ecology
[dna] fire wrote 52 bytes to ecology
[dna] fire wrote 5 bytes to ecology
[dna] fire wrote 71 bytes to ecology
[dna] fire wrote 160 bytes to ecology
[debug-onto] tick=550 corpus=134409 stage=2 freeze=0
[dna] fire wrote 86 bytes to ecology
[dna] fire wrote 39 bytes to ecology
[dna] fire wrote 54 bytes to ecology
[dna] fire wrote 49 bytes to ecology
[dna] fire wrote 82 bytes to ecology
[dna] fire wrote 78 bytes to ecology
[dna] fire wrote 102 bytes to ecology
[dna] fire wrote 44 bytes to ecology
[dna] fire wrote 40 bytes to ecology
[dna] fire wrote 186 bytes to ecology
[dna] fire wrote 37 bytes to ecology
[dna] fire wrote 83 bytes to ecology
[dna] fire wrote 68 bytes to ecology
[dna] fire wrote 167 bytes to ecology
[dna] fire wrote 56 bytes to ecology
[dna] fire wrote 34 bytes to ecology
[dna] fire wrote 197 bytes to ecology
[dna] fire wrote 47 bytes to ecology
[dna] fire wrote 41 bytes to ecology
[dna] fire wrote 73 bytes to ecology
[dna] fire wrote 31 bytes to ecology
[debug-onto] tick=600 corpus=134409 stage=2 freeze=0
[dna] fire wrote 141 bytes to ecology
[dna] fire wrote 138 bytes to ecology
[dna] fire wrote 74 bytes to ecology
[dna] fire wrote 90 bytes to ecology
[dna] fire wrote 17 bytes to ecology
[dna] fire wrote 82 bytes to ecology
[dna] fire wrote 30 bytes to ecology
[dna] fire wrote 34 bytes to ecology
[dna] fire wrote 44 bytes to ecology
[dna] fire wrote 32 bytes to ecology
[dna] fire wrote 135 bytes to ecology
[dna] fire wrote 45 bytes to ecology
[dna] fire wrote 76 bytes to ecology
[dna] fire wrote 29 bytes to ecology
[dna] fire wrote 42 bytes to ecology
[dna] fire wrote 62 bytes to ecology
[dna] fire wrote 39 bytes to ecology
[dna] fire wrote 88 bytes to ecology
[dna] fire wrote 133 bytes to ecology
[dna] fire wrote 19 bytes to ecology
[dna] fire wrote 47 bytes to ecology
[dna] fire wrote 57 bytes to ecology
[dna] fire wrote 79 bytes to ecology
[dna] fire wrote 27 bytes to ecology
[debug-onto] tick=650 corpus=134409 stage=2 freeze=0
[dna] fire wrote 62 bytes to ecology
[dna] fire wrote 98 bytes to ecology
[dna] fire wrote 109 bytes to ecology
[dna] fire wrote 22 bytes to ecology
[dna] fire wrote 65 bytes to ecology
[dna] fire wrote 20 bytes to ecology
[dna] fire wrote 36 bytes to ecology
[dna] fire wrote 102 bytes to ecology
[dna] fire wrote 49 bytes to ecology
[dna] fire wrote 83 bytes to ecology
[dna] fire wrote 52 bytes to ecology
[dna] fire wrote 30 bytes to ecology

[evolution] Organism shutting down gracefully.
