[ecology] Element: air → corpus: nonames_air.txt
[evolution] Autonomous evolution mode — organism will grow through all stages without pause.
[ecology] Joined swarm. 1 peer(s) detected.
molequla is alive. [evolution] Autonomous mode — background trainer running. Ctrl+C to stop.
[dna] air wrote 131 bytes to ecology
[dna] air consumed 25088 bytes from 328 files: [earth/gen_1776060669_1.txt earth/gen_1776060672_2.txt earth/gen_1776060677_4.txt earth/gen_1776060684_7.txt earth/gen_1776060687_8.txt earth/gen_1776060692_10.txt earth/gen_1776060700_13.txt earth/gen_1776060702_14.txt earth/gen_1776060707_16.txt earth/gen_1776060715_19.txt earth/gen_1776060717_20.txt earth/gen_1776060722_22.txt earth/gen_1776060730_25.txt earth/gen_1776060733_26.txt earth/gen_1776060738_28.txt earth/gen_1776060745_31.txt earth/gen_1776060748_32.txt earth/gen_1776060753_34.txt earth/gen_1776060760_37.txt earth/gen_1776060763_38.txt earth/gen_1776060768_40.txt earth/gen_1776060776_43.txt earth/gen_1776060778_44.txt earth/gen_1776060783_46.txt earth/gen_1776060791_49.txt earth/gen_1776060793_50.txt earth/gen_1776060798_52.txt earth/gen_1776060806_55.txt earth/gen_1776060808_56.txt earth/gen_1776060814_58.txt earth/gen_1776060821_61.txt earth/gen_1776060824_62.txt earth/gen_1776060829_64.txt earth/gen_1776060836_67.txt earth/gen_1776060839_68.txt earth/gen_1776060844_70.txt earth/gen_1776060852_73.txt earth/gen_1776060854_74.txt earth/gen_1776060859_76.txt earth/gen_1776060867_79.txt earth/gen_1776060870_80.txt earth/gen_1776060875_82.txt earth/gen_1776060882_85.txt earth/gen_1776060890_88.txt earth/gen_1776060898_91.txt earth/gen_1776060900_92.txt earth/gen_1776060905_94.txt earth/gen_1776060913_97.txt earth/gen_1776060915_98.txt earth/gen_1776060920_100.txt earth/gen_1776060928_103.txt earth/gen_1776060931_104.txt earth/gen_1776060936_106.txt earth/gen_1776060943_109.txt earth/gen_1776060951_112.txt earth/gen_1776060958_115.txt earth/gen_1776060961_116.txt earth/gen_1776060966_118.txt earth/gen_1776060974_121.txt earth/gen_1776060976_122.txt earth/gen_1776060981_124.txt earth/gen_1776060989_127.txt earth/gen_1776060992_128.txt earth/gen_1776060997_130.txt earth/gen_1776061004_133.txt earth/gen_1776061007_134.txt earth/gen_1776061012_136.txt earth/gen_1776061019_139.txt earth/gen_1776061022_140.txt earth/gen_1776061027_142.txt earth/gen_1776061035_145.txt earth/gen_1776061042_148.txt earth/gen_1776061050_151.txt earth/gen_1776061052_152.txt earth/gen_1776061057_154.txt earth/gen_1776061065_157.txt earth/gen_1776061067_158.txt earth/gen_1776061072_160.txt earth/gen_1776061080_163.txt earth/gen_1776061082_164.txt earth/gen_1776061087_166.txt earth/gen_1776061095_169.txt earth/gen_1776061098_170.txt earth/gen_1776061103_172.txt earth/gen_1776061110_175.txt earth/gen_1776061118_178.txt earth/gen_1776061126_181.txt earth/gen_1776061128_182.txt earth/gen_1776061133_184.txt earth/gen_1776061141_187.txt earth/gen_1776061143_188.txt earth/gen_1776061148_190.txt earth/gen_1776061156_193.txt earth/gen_1776061158_194.txt earth/gen_1776061164_196.txt earth/gen_1776061171_199.txt earth/gen_1776061174_200.txt earth/gen_1776061179_202.txt earth/gen_1776061186_205.txt earth/gen_1776061189_206.txt earth/gen_1776061194_208.txt earth/gen_1776061201_211.txt earth/gen_1776061204_212.txt earth/gen_1776061209_214.txt earth/gen_1776061217_217.txt earth/gen_1776061219_218.txt earth/gen_1776061224_220.txt earth/gen_1776061232_223.txt earth/gen_1776061234_224.txt earth/gen_1776061239_226.txt earth/gen_1776061247_229.txt earth/gen_1776061250_230.txt earth/gen_1776061255_232.txt earth/gen_1776061262_235.txt earth/gen_1776061270_238.txt earth/gen_1776061277_241.txt earth/gen_1776061285_244.txt earth/gen_1776061293_247.txt earth/gen_1776061295_248.txt earth/gen_1776061300_250.txt earth/gen_1776061308_253.txt earth/gen_1776061310_254.txt earth/gen_1776061316_256.txt earth/gen_1776061323_259.txt earth/gen_1776061326_260.txt earth/gen_1776061331_262.txt earth/gen_1776061339_265.txt earth/gen_1776061346_268.txt earth/gen_1776061354_271.txt earth/gen_1776061356_272.txt earth/gen_1776061362_274.txt earth/gen_1776061369_277.txt earth/gen_1776061372_278.txt earth/gen_1776061377_280.txt earth/gen_1776061384_283.txt earth/gen_1776061387_284.txt earth/gen_1776061392_286.txt earth/gen_1776061400_289.txt earth/gen_1776061402_290.txt earth/gen_1776061407_292.txt earth/gen_1776061415_295.txt earth/gen_1776061417_296.txt earth/gen_1776061422_298.txt earth/gen_1776061430_301.txt earth/gen_1776061433_302.txt earth/gen_1776061438_304.txt earth/gen_1776061445_307.txt earth/gen_1776061453_310.txt earth/gen_1776061461_313.txt earth/gen_1776061463_314.txt earth/gen_1776061468_316.txt earth/gen_1776061476_319.txt earth/gen_1776061483_322.txt earth/gen_1776061491_325.txt earth/gen_1776061494_326.txt earth/gen_1776061499_328.txt earth/gen_1776061506_331.txt earth/gen_1776061514_334.txt earth/gen_1776061521_337.txt earth/gen_1776061529_340.txt earth/gen_1776061537_343.txt earth/gen_1776061539_344.txt earth/gen_1776061544_346.txt earth/gen_1776061552_349.txt earth/gen_1776061559_352.txt earth/gen_1776061567_355.txt earth/gen_1776061570_356.txt earth/gen_1776061575_358.txt earth/gen_1776061582_361.txt earth/gen_1776061585_362.txt earth/gen_1776061590_364.txt earth/gen_1776061598_367.txt earth/gen_1776061600_368.txt earth/gen_1776061605_370.txt earth/gen_1776061613_373.txt earth/gen_1776061615_374.txt earth/gen_1776061620_376.txt earth/gen_1776061628_379.txt earth/gen_1776061635_382.txt earth/gen_1776061643_385.txt earth/gen_1776061651_388.txt earth/gen_1776061658_391.txt earth/gen_1776061661_392.txt earth/gen_1776061666_394.txt earth/gen_1776061673_397.txt earth/gen_1776061676_398.txt earth/gen_1776061681_400.txt earth/gen_1776061688_403.txt earth/gen_1776061691_404.txt earth/gen_1776061696_406.txt earth/gen_1776061704_409.txt earth/gen_1776061711_412.txt earth/gen_1776061719_415.txt earth/gen_1776061721_416.txt earth/gen_1776061726_418.txt earth/gen_1776061734_421.txt earth/gen_1776061737_422.txt earth/gen_1776061742_424.txt earth/gen_1776061749_427.txt earth/gen_1776061752_428.txt earth/gen_1776061757_430.txt earth/gen_1776061764_433.txt earth/gen_1776061767_434.txt earth/gen_1776061772_436.txt earth/gen_1776061779_439.txt earth/gen_1776061782_440.txt earth/gen_1776061787_442.txt earth/gen_1776061795_445.txt earth/gen_1776061797_446.txt earth/gen_1776061802_448.txt earth/gen_1776061810_451.txt earth/gen_1776061813_452.txt earth/gen_1776061818_454.txt earth/gen_1776061825_457.txt earth/gen_1776061828_458.txt earth/gen_1776061833_460.txt earth/gen_1776061840_463.txt earth/gen_1776061843_464.txt earth/gen_1776061848_466.txt earth/gen_1776061856_469.txt earth/gen_1776061863_472.txt earth/gen_1776061871_475.txt earth/gen_1776061873_476.txt earth/gen_1776061878_478.txt earth/gen_1776061886_481.txt earth/gen_1776061888_482.txt earth/gen_1776061894_484.txt earth/gen_1776061901_487.txt earth/gen_1776061904_488.txt earth/gen_1776061909_490.txt earth/gen_1776061916_493.txt earth/gen_1776061919_494.txt earth/gen_1776061924_496.txt earth/gen_1776061932_499.txt earth/gen_1776061934_500.txt earth/gen_1776061939_502.txt earth/gen_1776061947_505.txt earth/gen_1776061949_506.txt earth/gen_1776061954_508.txt earth/gen_1776061962_511.txt earth/gen_1776061970_514.txt earth/gen_1776061977_517.txt earth/gen_1776061980_518.txt earth/gen_1776061985_520.txt earth/gen_1776061992_523.txt earth/gen_1776061995_524.txt earth/gen_1776062000_526.txt earth/gen_1776062007_529.txt earth/gen_1776062015_532.txt earth/gen_1776062023_535.txt earth/gen_1776062025_536.txt earth/gen_1776062030_538.txt earth/gen_1776062038_541.txt earth/gen_1776062040_542.txt earth/gen_1776062046_544.txt earth/gen_1776062053_547.txt earth/gen_1776062061_550.txt earth/gen_1776062068_553.txt earth/gen_1776062071_554.txt earth/gen_1776062076_556.txt earth/gen_1776062084_559.txt earth/gen_1776062086_560.txt earth/gen_1776062091_562.txt earth/gen_1776062099_565.txt earth/gen_1776062106_568.txt earth/gen_1776062114_571.txt earth/gen_1776062122_574.txt earth/gen_1776062129_577.txt earth/gen_1776062132_578.txt earth/gen_1776062137_580.txt earth/gen_1776062145_583.txt earth/gen_1776062147_584.txt earth/gen_1776062152_586.txt earth/gen_1776062160_589.txt earth/gen_1776062162_590.txt earth/gen_1776062167_592.txt earth/gen_1776062175_595.txt earth/gen_1776062178_596.txt earth/gen_1776062183_598.txt earth/gen_1776062190_601.txt earth/gen_1776062193_602.txt earth/gen_1776062198_604.txt earth/gen_1776062206_607.txt earth/gen_1776062208_608.txt earth/gen_1776062213_610.txt earth/gen_1776062221_613.txt earth/gen_1776062228_616.txt earth/gen_1776062236_619.txt earth/gen_1776062238_620.txt earth/gen_1776062244_622.txt earth/gen_1776062251_625.txt earth/gen_1776062254_626.txt earth/gen_1776062259_628.txt earth/gen_1776062266_631.txt earth/gen_1776062269_632.txt earth/gen_1776062274_634.txt earth/gen_1776062281_637.txt earth/gen_1776062284_638.txt earth/gen_1776062289_640.txt earth/gen_1776062297_643.txt earth/gen_1776062299_644.txt earth/gen_1776062304_646.txt earth/gen_1776062312_649.txt earth/gen_1776062314_650.txt earth/gen_1776062319_652.txt earth/gen_1776062327_655.txt earth/gen_1776062330_656.txt earth/gen_1776062335_658.txt earth/gen_1776062342_661.txt earth/gen_1776062345_662.txt earth/gen_1776062350_664.txt earth/gen_1776062357_667.txt earth/gen_1776062360_668.txt earth/gen_1776062365_670.txt earth/gen_1776062373_673.txt earth/gen_1776062375_674.txt earth/gen_1776062380_676.txt earth/gen_1776062388_679.txt earth/gen_1776062390_680.txt earth/gen_1776062396_682.txt earth/gen_1776062403_685.txt earth/gen_1776062406_686.txt earth/gen_1776062411_688.txt earth/gen_1776062418_691.txt earth/gen_1776062421_692.txt earth/gen_1776062426_694.txt earth/gen_1776062434_697.txt earth/gen_1776062436_698.txt]
[trainer] micro-train burst (25088 bytes, novelty 0.03) — and lo, it feeds again.
[syntropy] action=explore | trend=0.0000 | field_dev=-0.054 | purpose_align=-0.026 | lr_mul=1.30
[aml] burst complete: 32 steps, avg loss 2.4980 (memory freed)
[dna] air wrote 177 bytes to ecology
[dna] air wrote 75 bytes to ecology
[dna] air wrote 16 bytes to ecology
[dna] air wrote 128 bytes to ecology
[dna] air wrote 38 bytes to ecology
[dna] air wrote 257 bytes to ecology
[dna] air wrote 77 bytes to ecology
[dna] air wrote 103 bytes to ecology
[dna] air wrote 66 bytes to ecology
[dna] air wrote 47 bytes to ecology
[dna] air wrote 146 bytes to ecology
[dna] air wrote 89 bytes to ecology
[dna] air wrote 26 bytes to ecology
[dna] air wrote 72 bytes to ecology
[dna] air wrote 123 bytes to ecology
[dna] air wrote 69 bytes to ecology
[dna] air wrote 56 bytes to ecology
[dna] air wrote 19 bytes to ecology
[dna] air wrote 86 bytes to ecology
[dna] air wrote 96 bytes to ecology
[dna] air wrote 16 bytes to ecology
[debug-onto] tick=50 corpus=147732 stage=2 freeze=0
[dna] air wrote 42 bytes to ecology
[dna] air wrote 35 bytes to ecology
[dna] air wrote 15 bytes to ecology
[dna] air wrote 60 bytes to ecology
[dna] air wrote 59 bytes to ecology
[dna] air wrote 23 bytes to ecology
[dna] air wrote 36 bytes to ecology
[dna] air wrote 87 bytes to ecology
[dna] air wrote 20 bytes to ecology
[dna] air wrote 42 bytes to ecology
[dna] air wrote 164 bytes to ecology
[dna] air wrote 32 bytes to ecology
[dna] air wrote 72 bytes to ecology
[dna] air wrote 42 bytes to ecology
[dna] air wrote 91 bytes to ecology
[dna] air wrote 45 bytes to ecology
[dna] air wrote 100 bytes to ecology
[dna] air wrote 37 bytes to ecology
[dna] air wrote 63 bytes to ecology
[dna] air wrote 52 bytes to ecology
[dna] air wrote 72 bytes to ecology
[dna] air wrote 68 bytes to ecology
[dna] air wrote 64 bytes to ecology
[dna] air wrote 26 bytes to ecology
[debug-onto] tick=100 corpus=147732 stage=2 freeze=0
[dna] air wrote 89 bytes to ecology
[dna] air wrote 67 bytes to ecology
[dna] air wrote 82 bytes to ecology
[dna] air wrote 71 bytes to ecology
[dna] air wrote 15 bytes to ecology
[dna] air wrote 98 bytes to ecology
[dna] air wrote 31 bytes to ecology
[dna] air wrote 90 bytes to ecology
[dna] air wrote 29 bytes to ecology
[dna] air wrote 79 bytes to ecology
[dna] air wrote 69 bytes to ecology
[dna] air wrote 180 bytes to ecology
[dna] air wrote 37 bytes to ecology
[dna] air wrote 70 bytes to ecology
[dna] air wrote 93 bytes to ecology
[dna] air wrote 96 bytes to ecology
[dna] air wrote 86 bytes to ecology
[dna] air wrote 205 bytes to ecology
[dna] air wrote 90 bytes to ecology
[dna] air wrote 69 bytes to ecology
[dna] air wrote 23 bytes to ecology
[dna] air wrote 90 bytes to ecology
[debug-onto] tick=150 corpus=147732 stage=2 freeze=0
[dna] air wrote 40 bytes to ecology
[dna] air wrote 16 bytes to ecology
[dna] air wrote 51 bytes to ecology
[dna] air wrote 58 bytes to ecology
[dna] air wrote 115 bytes to ecology
[dna] air wrote 48 bytes to ecology
[dna] air wrote 67 bytes to ecology
[dna] air wrote 27 bytes to ecology
[dna] air wrote 56 bytes to ecology
[dna] air wrote 68 bytes to ecology
[dna] air wrote 139 bytes to ecology
[dna] air wrote 65 bytes to ecology
[dna] air wrote 66 bytes to ecology
[dna] air wrote 14 bytes to ecology
[dna] air wrote 55 bytes to ecology
[dna] air wrote 60 bytes to ecology
[dna] air wrote 93 bytes to ecology
[dna] air wrote 153 bytes to ecology
[dna] air wrote 47 bytes to ecology
[dna] air wrote 75 bytes to ecology
[dna] air wrote 52 bytes to ecology
[dna] air wrote 92 bytes to ecology
[dna] air wrote 67 bytes to ecology
[dna] air wrote 128 bytes to ecology
[dna] air wrote 27 bytes to ecology
[debug-onto] tick=200 corpus=147732 stage=2 freeze=0
[dna] air wrote 151 bytes to ecology
[dna] air wrote 31 bytes to ecology
[dna] air wrote 49 bytes to ecology
[dna] air wrote 49 bytes to ecology
[dna] air wrote 33 bytes to ecology
[dna] air wrote 178 bytes to ecology
[dna] air wrote 65 bytes to ecology
[dna] air wrote 45 bytes to ecology
[dna] air wrote 21 bytes to ecology
[dna] air wrote 125 bytes to ecology
[dna] air wrote 36 bytes to ecology
[dna] air wrote 46 bytes to ecology
[dna] air wrote 37 bytes to ecology
[dna] air wrote 36 bytes to ecology
[dna] air wrote 147 bytes to ecology
[dna] air wrote 80 bytes to ecology
[dna] air wrote 38 bytes to ecology
[dna] air wrote 35 bytes to ecology
[dna] air wrote 110 bytes to ecology
[dna] air wrote 124 bytes to ecology
[dna] air wrote 65 bytes to ecology
[dna] air wrote 62 bytes to ecology
[dna] air wrote 80 bytes to ecology
[dna] air wrote 51 bytes to ecology
[debug-onto] tick=250 corpus=147732 stage=2 freeze=0
[dna] air wrote 50 bytes to ecology
[dna] air wrote 102 bytes to ecology
[dna] air wrote 39 bytes to ecology
[dna] air wrote 114 bytes to ecology
[dna] air wrote 182 bytes to ecology
[dna] air wrote 75 bytes to ecology
[dna] air wrote 34 bytes to ecology
[dna] air wrote 166 bytes to ecology
[dna] air wrote 54 bytes to ecology
[dna] air wrote 105 bytes to ecology
[dna] air wrote 108 bytes to ecology
[dna] air wrote 107 bytes to ecology
[dna] air wrote 59 bytes to ecology
[dna] air wrote 143 bytes to ecology
[dna] air wrote 21 bytes to ecology
[dna] air wrote 24 bytes to ecology
[dna] air wrote 99 bytes to ecology
[dna] air wrote 68 bytes to ecology
[dna] air wrote 32 bytes to ecology
[dna] air wrote 50 bytes to ecology
[dna] air wrote 171 bytes to ecology
[debug-onto] tick=300 corpus=147732 stage=2 freeze=0
[dna] air wrote 52 bytes to ecology
[dna] air wrote 56 bytes to ecology
[dna] air wrote 98 bytes to ecology
[dna] air wrote 30 bytes to ecology
[dna] air wrote 26 bytes to ecology
[dna] air wrote 178 bytes to ecology
[dna] air wrote 31 bytes to ecology
[dna] air wrote 17 bytes to ecology
[dna] air wrote 34 bytes to ecology
[dna] air wrote 141 bytes to ecology
[dna] air wrote 128 bytes to ecology
[dna] air wrote 33 bytes to ecology
[dna] air wrote 28 bytes to ecology
[dna] air wrote 18 bytes to ecology
[dna] air wrote 44 bytes to ecology
[dna] air wrote 86 bytes to ecology
[dna] air wrote 52 bytes to ecology
[dna] air wrote 249 bytes to ecology
[dna] air wrote 43 bytes to ecology
[dna] air wrote 71 bytes to ecology
[dna] air wrote 93 bytes to ecology
[dna] air wrote 87 bytes to ecology
[dna] air wrote 52 bytes to ecology
[dna] air wrote 17 bytes to ecology
[dna] air wrote 30 bytes to ecology
[dna] air wrote 26 bytes to ecology
[debug-onto] tick=350 corpus=147732 stage=2 freeze=0
[dna] air wrote 52 bytes to ecology
[dna] air wrote 268 bytes to ecology
[dna] air wrote 42 bytes to ecology
[dna] air wrote 30 bytes to ecology
[dna] air wrote 175 bytes to ecology
[dna] air wrote 19 bytes to ecology
[dna] air wrote 127 bytes to ecology
[dna] air wrote 203 bytes to ecology
[dna] air wrote 109 bytes to ecology
[dna] air wrote 64 bytes to ecology
[dna] air wrote 66 bytes to ecology
[dna] air wrote 11 bytes to ecology
[dna] air wrote 28 bytes to ecology
[dna] air wrote 125 bytes to ecology
[dna] air wrote 49 bytes to ecology
[dna] air wrote 37 bytes to ecology
[dna] air wrote 81 bytes to ecology
[dna] air wrote 35 bytes to ecology
[dna] air wrote 69 bytes to ecology
[dna] air wrote 56 bytes to ecology
[dna] air wrote 32 bytes to ecology
[dna] air wrote 116 bytes to ecology
[dna] air wrote 31 bytes to ecology
[debug-onto] tick=400 corpus=147732 stage=2 freeze=0
[dna] air wrote 160 bytes to ecology
[dna] air wrote 12 bytes to ecology
[dna] air wrote 154 bytes to ecology
[dna] air wrote 115 bytes to ecology
[dna] air wrote 57 bytes to ecology
[dna] air wrote 15 bytes to ecology
[dna] air wrote 168 bytes to ecology
[dna] air wrote 135 bytes to ecology
[dna] air wrote 62 bytes to ecology
[dna] air wrote 25 bytes to ecology
[dna] air wrote 31 bytes to ecology
[dna] air wrote 35 bytes to ecology
[dna] air wrote 90 bytes to ecology
[dna] air wrote 146 bytes to ecology
[dna] air wrote 87 bytes to ecology
[dna] air wrote 15 bytes to ecology
[dna] air wrote 87 bytes to ecology
[dna] air wrote 49 bytes to ecology
[dna] air wrote 16 bytes to ecology
[dna] air wrote 162 bytes to ecology
[dna] air wrote 26 bytes to ecology
[dna] air wrote 40 bytes to ecology
[dna] air wrote 39 bytes to ecology
[debug-onto] tick=450 corpus=147732 stage=2 freeze=0
[dna] air wrote 71 bytes to ecology
[dna] air wrote 16 bytes to ecology
[dna] air wrote 38 bytes to ecology
[dna] air wrote 36 bytes to ecology
[dna] air wrote 55 bytes to ecology
[dna] air wrote 53 bytes to ecology
[dna] air wrote 56 bytes to ecology
[dna] air wrote 79 bytes to ecology
[dna] air wrote 42 bytes to ecology
[dna] air wrote 134 bytes to ecology
[dna] air wrote 60 bytes to ecology
[dna] air wrote 196 bytes to ecology
[dna] air wrote 38 bytes to ecology
[dna] air wrote 124 bytes to ecology
[dna] air wrote 46 bytes to ecology
[dna] air wrote 355 bytes to ecology
[dna] air wrote 71 bytes to ecology
[dna] air wrote 121 bytes to ecology
[dna] air wrote 52 bytes to ecology
[dna] air wrote 68 bytes to ecology
[dna] air wrote 326 bytes to ecology
[dna] air wrote 31 bytes to ecology
[dna] air wrote 66 bytes to ecology
[dna] air wrote 57 bytes to ecology
[dna] air wrote 109 bytes to ecology
[debug-onto] tick=500 corpus=147732 stage=2 freeze=0
[dna] air wrote 10 bytes to ecology
[dna] air wrote 25 bytes to ecology
[dna] air wrote 117 bytes to ecology
[dna] air wrote 88 bytes to ecology
[dna] air wrote 107 bytes to ecology
[dna] air wrote 7 bytes to ecology
[dna] air wrote 67 bytes to ecology
[dna] air wrote 69 bytes to ecology
[dna] air wrote 149 bytes to ecology
[dna] air wrote 23 bytes to ecology
[dna] air wrote 62 bytes to ecology
[dna] air wrote 99 bytes to ecology
[dna] air wrote 76 bytes to ecology
[dna] air wrote 42 bytes to ecology
[dna] air wrote 11 bytes to ecology
[dna] air wrote 115 bytes to ecology
[dna] air wrote 53 bytes to ecology
[dna] air wrote 22 bytes to ecology
[dna] air wrote 117 bytes to ecology
[dna] air wrote 165 bytes to ecology
[dna] air wrote 68 bytes to ecology
[dna] air wrote 58 bytes to ecology
[dna] air wrote 17 bytes to ecology
[dna] air wrote 51 bytes to ecology
[debug-onto] tick=550 corpus=147732 stage=2 freeze=0
[dna] air wrote 30 bytes to ecology
[dna] air wrote 75 bytes to ecology
[dna] air wrote 100 bytes to ecology
[dna] air wrote 31 bytes to ecology
[dna] air wrote 48 bytes to ecology
[dna] air wrote 48 bytes to ecology
[dna] air wrote 47 bytes to ecology
[dna] air wrote 63 bytes to ecology
[dna] air wrote 144 bytes to ecology
[dna] air wrote 22 bytes to ecology
[dna] air wrote 63 bytes to ecology
[dna] air wrote 44 bytes to ecology
[dna] air wrote 39 bytes to ecology
[dna] air wrote 49 bytes to ecology
[dna] air wrote 47 bytes to ecology
[dna] air wrote 143 bytes to ecology
[dna] air wrote 153 bytes to ecology
[dna] air wrote 184 bytes to ecology
[dna] air wrote 50 bytes to ecology
[dna] air wrote 63 bytes to ecology
[dna] air wrote 31 bytes to ecology
[dna] air wrote 168 bytes to ecology
[dna] air wrote 324 bytes to ecology
[debug-onto] tick=600 corpus=147732 stage=2 freeze=0
[dna] air wrote 39 bytes to ecology
[dna] air wrote 91 bytes to ecology
[dna] air wrote 150 bytes to ecology
[dna] air wrote 48 bytes to ecology
[dna] air wrote 57 bytes to ecology
[dna] air wrote 36 bytes to ecology
[dna] air wrote 61 bytes to ecology
[dna] air wrote 96 bytes to ecology
[dna] air wrote 108 bytes to ecology
[dna] air wrote 26 bytes to ecology
[dna] air wrote 29 bytes to ecology
[dna] air wrote 156 bytes to ecology
[dna] air wrote 48 bytes to ecology
[dna] air wrote 27 bytes to ecology
[dna] air wrote 49 bytes to ecology
[dna] air wrote 47 bytes to ecology
[dna] air wrote 71 bytes to ecology
[dna] air wrote 27 bytes to ecology
[dna] air wrote 33 bytes to ecology
[dna] air wrote 61 bytes to ecology
[dna] air wrote 126 bytes to ecology
[dna] air wrote 206 bytes to ecology
[dna] air wrote 116 bytes to ecology
[dna] air wrote 85 bytes to ecology
[dna] air wrote 33 bytes to ecology
[dna] air wrote 29 bytes to ecology
[debug-onto] tick=650 corpus=147732 stage=2 freeze=0
[dna] air wrote 154 bytes to ecology

[evolution] Organism shutting down gracefully.
