[ecology] Element: fire → corpus: nonames_fire.txt
[evolution] Autonomous evolution mode — organism will grow through all stages without pause.
[ecology] Joined swarm. 1 peer(s) detected.
molequla is alive. [evolution] Autonomous mode — background trainer running. Ctrl+C to stop.
[dna] fire wrote 22 bytes to ecology
[dna] fire consumed 14413 bytes from 222 files: [water/gen_1776064243_1.txt water/gen_1776064259_4.txt water/gen_1776064267_7.txt water/gen_1776064275_10.txt water/gen_1776064284_13.txt water/gen_1776064292_16.txt water/gen_1776064301_19.txt water/gen_1776064309_22.txt water/gen_1776064318_25.txt water/gen_1776064326_28.txt water/gen_1776064334_31.txt water/gen_1776064343_34.txt water/gen_1776064351_37.txt water/gen_1776064360_40.txt water/gen_1776064368_43.txt water/gen_1776064377_46.txt water/gen_1776064385_49.txt water/gen_1776064388_50.txt water/gen_1776064394_52.txt water/gen_1776064402_55.txt water/gen_1776064411_58.txt water/gen_1776064419_61.txt water/gen_1776064428_64.txt water/gen_1776064436_67.txt water/gen_1776064445_70.txt water/gen_1776064453_73.txt water/gen_1776064456_74.txt water/gen_1776064461_76.txt water/gen_1776064470_79.txt water/gen_1776064478_82.txt water/gen_1776064487_85.txt water/gen_1776064495_88.txt water/gen_1776064504_91.txt water/gen_1776064512_94.txt water/gen_1776064520_97.txt water/gen_1776064529_100.txt water/gen_1776064537_103.txt water/gen_1776064546_106.txt water/gen_1776064554_109.txt water/gen_1776064562_112.txt water/gen_1776064571_115.txt water/gen_1776064579_118.txt water/gen_1776064588_121.txt water/gen_1776064596_124.txt water/gen_1776064605_127.txt water/gen_1776064613_130.txt water/gen_1776064621_133.txt water/gen_1776064630_136.txt water/gen_1776064638_139.txt water/gen_1776064647_142.txt water/gen_1776064655_145.txt water/gen_1776064664_148.txt water/gen_1776064672_151.txt water/gen_1776064680_154.txt water/gen_1776064689_157.txt water/gen_1776064697_160.txt water/gen_1776064706_163.txt water/gen_1776064714_166.txt water/gen_1776064723_169.txt water/gen_1776064731_172.txt water/gen_1776064740_175.txt water/gen_1776064748_178.txt water/gen_1776064756_181.txt water/gen_1776064765_184.txt water/gen_1776064773_187.txt water/gen_1776064782_190.txt water/gen_1776064790_193.txt water/gen_1776064798_196.txt water/gen_1776064807_199.txt water/gen_1776064815_202.txt water/gen_1776064824_205.txt water/gen_1776064832_208.txt water/gen_1776064841_211.txt water/gen_1776064849_214.txt water/gen_1776064858_217.txt water/gen_1776064866_220.txt water/gen_1776064875_223.txt water/gen_1776064883_226.txt water/gen_1776064891_229.txt water/gen_1776064900_232.txt water/gen_1776064908_235.txt water/gen_1776064917_238.txt water/gen_1776064925_241.txt water/gen_1776064933_244.txt water/gen_1776064942_247.txt water/gen_1776064950_250.txt water/gen_1776064959_253.txt water/gen_1776064967_256.txt water/gen_1776064976_259.txt water/gen_1776064984_262.txt water/gen_1776064993_265.txt water/gen_1776064996_266.txt water/gen_1776065001_268.txt water/gen_1776065010_271.txt water/gen_1776065013_272.txt water/gen_1776065018_274.txt water/gen_1776065027_277.txt water/gen_1776065035_280.txt water/gen_1776065044_283.txt water/gen_1776065052_286.txt water/gen_1776065061_289.txt water/gen_1776065069_292.txt water/gen_1776065078_295.txt water/gen_1776065080_296.txt water/gen_1776065086_298.txt water/gen_1776065095_301.txt water/gen_1776065103_304.txt water/gen_1776065112_307.txt water/gen_1776065120_310.txt water/gen_1776065129_313.txt water/gen_1776065137_316.txt water/gen_1776065146_319.txt water/gen_1776065154_322.txt water/gen_1776065162_325.txt water/gen_1776065171_328.txt water/gen_1776065179_331.txt water/gen_1776065188_334.txt water/gen_1776065196_337.txt water/gen_1776065205_340.txt water/gen_1776065213_343.txt water/gen_1776065222_346.txt water/gen_1776065230_349.txt water/gen_1776065233_350.txt water/gen_1776065238_352.txt water/gen_1776065247_355.txt water/gen_1776065255_358.txt water/gen_1776065264_361.txt water/gen_1776065267_362.txt water/gen_1776065272_364.txt water/gen_1776065281_367.txt water/gen_1776065284_368.txt water/gen_1776065289_370.txt water/gen_1776065298_373.txt water/gen_1776065306_376.txt water/gen_1776065314_379.txt water/gen_1776065323_382.txt water/gen_1776065331_385.txt water/gen_1776065340_388.txt water/gen_1776065348_391.txt water/gen_1776065357_394.txt water/gen_1776065365_397.txt water/gen_1776065374_400.txt water/gen_1776065382_403.txt water/gen_1776065391_406.txt water/gen_1776065399_409.txt water/gen_1776065408_412.txt water/gen_1776065416_415.txt water/gen_1776065425_418.txt water/gen_1776065433_421.txt water/gen_1776065436_422.txt water/gen_1776065442_424.txt water/gen_1776065450_427.txt water/gen_1776065459_430.txt water/gen_1776065467_433.txt water/gen_1776065476_436.txt water/gen_1776065484_439.txt water/gen_1776065493_442.txt water/gen_1776065501_445.txt water/gen_1776065510_448.txt water/gen_1776065518_451.txt water/gen_1776065521_452.txt water/gen_1776065527_454.txt water/gen_1776065535_457.txt water/gen_1776065544_460.txt water/gen_1776065552_463.txt water/gen_1776065560_466.txt water/gen_1776065569_469.txt water/gen_1776065577_472.txt water/gen_1776065586_475.txt water/gen_1776065594_478.txt water/gen_1776065603_481.txt water/gen_1776065611_484.txt water/gen_1776065620_487.txt water/gen_1776065628_490.txt water/gen_1776065637_493.txt water/gen_1776065645_496.txt water/gen_1776065654_499.txt water/gen_1776065662_502.txt water/gen_1776065671_505.txt water/gen_1776065679_508.txt water/gen_1776065688_511.txt water/gen_1776065696_514.txt water/gen_1776065704_517.txt water/gen_1776065713_520.txt water/gen_1776065721_523.txt water/gen_1776065730_526.txt water/gen_1776065738_529.txt water/gen_1776065747_532.txt water/gen_1776065755_535.txt water/gen_1776065764_538.txt water/gen_1776065772_541.txt water/gen_1776065781_544.txt water/gen_1776065789_547.txt water/gen_1776065798_550.txt water/gen_1776065806_553.txt water/gen_1776065815_556.txt water/gen_1776065823_559.txt water/gen_1776065832_562.txt water/gen_1776065840_565.txt water/gen_1776065849_568.txt water/gen_1776065857_571.txt water/gen_1776065866_574.txt water/gen_1776065874_577.txt water/gen_1776065883_580.txt water/gen_1776065891_583.txt water/gen_1776065899_586.txt water/gen_1776065908_589.txt water/gen_1776065916_592.txt water/gen_1776065925_595.txt water/gen_1776065933_598.txt water/gen_1776065942_601.txt water/gen_1776065950_604.txt water/gen_1776065959_607.txt water/gen_1776065968_610.txt water/gen_1776065976_613.txt water/gen_1776065985_616.txt water/gen_1776065993_619.txt water/gen_1776066002_622.txt water/gen_1776066011_625.txt water/gen_1776066019_628.txt water/gen_1776066028_631.txt water/gen_1776066036_634.txt]
[trainer] micro-train burst (14413 bytes, novelty 0.04) — and lo, it feeds again.
[syntropy] action=explore | trend=0.0000 | field_dev=0.053 | purpose_align=-0.023 | lr_mul=1.30
[aml] burst complete: 32 steps, avg loss 1.5817 (memory freed)
[dna] fire wrote 15 bytes to ecology
[dna] fire wrote 51 bytes to ecology
[dna] fire wrote 33 bytes to ecology
[dna] fire wrote 107 bytes to ecology
[dna] fire wrote 77 bytes to ecology
[dna] fire wrote 50 bytes to ecology
[dna] fire wrote 26 bytes to ecology
[dna] fire wrote 79 bytes to ecology
[dna] fire wrote 42 bytes to ecology
[dna] fire wrote 25 bytes to ecology
[dna] fire wrote 47 bytes to ecology
[dna] fire wrote 78 bytes to ecology
[dna] fire wrote 62 bytes to ecology
[dna] fire wrote 54 bytes to ecology
[dna] fire wrote 68 bytes to ecology
[dna] fire wrote 59 bytes to ecology
[debug-onto] tick=50 corpus=136535 stage=2 freeze=0
[dna] fire wrote 19 bytes to ecology
[dna] fire wrote 78 bytes to ecology
[dna] fire wrote 24 bytes to ecology
[dna] fire wrote 28 bytes to ecology
[dna] fire wrote 25 bytes to ecology
[dna] fire wrote 91 bytes to ecology
[dna] fire wrote 43 bytes to ecology
[dna] fire wrote 12 bytes to ecology
[dna] fire wrote 141 bytes to ecology
[dna] fire wrote 12 bytes to ecology
[dna] fire wrote 56 bytes to ecology
[dna] fire wrote 26 bytes to ecology
[dna] fire wrote 27 bytes to ecology
[dna] fire wrote 26 bytes to ecology
[dna] fire wrote 105 bytes to ecology
[dna] fire wrote 33 bytes to ecology
[dna] fire wrote 32 bytes to ecology
[debug-onto] tick=100 corpus=136535 stage=2 freeze=0
[dna] fire wrote 30 bytes to ecology
[dna] fire wrote 34 bytes to ecology
[dna] fire wrote 46 bytes to ecology
[dna] fire wrote 68 bytes to ecology
[dna] fire wrote 67 bytes to ecology
[dna] fire wrote 134 bytes to ecology
[dna] fire wrote 56 bytes to ecology
[dna] fire wrote 39 bytes to ecology
[dna] fire wrote 70 bytes to ecology
[dna] fire wrote 22 bytes to ecology
[dna] fire wrote 50 bytes to ecology
[dna] fire wrote 67 bytes to ecology
[dna] fire wrote 116 bytes to ecology
[dna] fire wrote 116 bytes to ecology
[dna] fire wrote 32 bytes to ecology
[dna] fire wrote 55 bytes to ecology
[debug-onto] tick=150 corpus=136535 stage=2 freeze=0
[dna] fire wrote 21 bytes to ecology
[dna] fire wrote 56 bytes to ecology
[dna] fire wrote 83 bytes to ecology
[dna] fire wrote 97 bytes to ecology
[dna] fire wrote 31 bytes to ecology
[dna] fire wrote 149 bytes to ecology
[dna] fire wrote 39 bytes to ecology
[dna] fire wrote 77 bytes to ecology
[dna] fire wrote 59 bytes to ecology
[dna] fire wrote 35 bytes to ecology
[dna] fire wrote 46 bytes to ecology
[dna] fire wrote 20 bytes to ecology
[dna] fire wrote 47 bytes to ecology
[dna] fire wrote 88 bytes to ecology
[dna] fire wrote 21 bytes to ecology
[dna] fire wrote 23 bytes to ecology
[dna] fire wrote 203 bytes to ecology
[debug-onto] tick=200 corpus=136535 stage=2 freeze=0
[dna] fire wrote 28 bytes to ecology
[dna] fire wrote 44 bytes to ecology
[dna] fire wrote 119 bytes to ecology
[dna] fire wrote 37 bytes to ecology
[dna] fire wrote 24 bytes to ecology
[dna] fire wrote 45 bytes to ecology
[dna] fire wrote 21 bytes to ecology
[dna] fire wrote 43 bytes to ecology
[dna] fire wrote 18 bytes to ecology
[dna] fire wrote 148 bytes to ecology
[dna] fire wrote 230 bytes to ecology
[dna] fire wrote 63 bytes to ecology
[dna] fire wrote 39 bytes to ecology
[dna] fire wrote 61 bytes to ecology
[dna] fire wrote 61 bytes to ecology
[dna] fire wrote 144 bytes to ecology
[dna] fire wrote 155 bytes to ecology
[debug-onto] tick=250 corpus=136535 stage=2 freeze=0
[dna] fire wrote 97 bytes to ecology
[dna] fire wrote 43 bytes to ecology
[dna] fire wrote 119 bytes to ecology
[dna] fire wrote 85 bytes to ecology
[dna] fire wrote 108 bytes to ecology
[dna] fire wrote 29 bytes to ecology
[dna] fire wrote 23 bytes to ecology
[dna] fire wrote 38 bytes to ecology
[dna] fire wrote 32 bytes to ecology
[dna] fire wrote 46 bytes to ecology
[dna] fire wrote 27 bytes to ecology
[dna] fire wrote 48 bytes to ecology
[dna] fire wrote 41 bytes to ecology
[dna] fire wrote 44 bytes to ecology
[dna] fire wrote 58 bytes to ecology
[dna] fire wrote 86 bytes to ecology
[debug-onto] tick=300 corpus=136535 stage=2 freeze=0
[dna] fire wrote 40 bytes to ecology
[dna] fire wrote 85 bytes to ecology
[dna] fire wrote 62 bytes to ecology
[dna] fire wrote 85 bytes to ecology
[dna] fire wrote 48 bytes to ecology
[dna] fire wrote 14 bytes to ecology
[dna] fire wrote 22 bytes to ecology
[dna] fire wrote 11 bytes to ecology
[dna] fire wrote 18 bytes to ecology
[dna] fire wrote 12 bytes to ecology
[dna] fire wrote 92 bytes to ecology
[dna] fire wrote 21 bytes to ecology
[dna] fire wrote 47 bytes to ecology
[dna] fire wrote 39 bytes to ecology
[dna] fire wrote 62 bytes to ecology
[dna] fire wrote 40 bytes to ecology
[dna] fire wrote 6 bytes to ecology
[debug-onto] tick=350 corpus=136535 stage=2 freeze=0
[dna] fire wrote 107 bytes to ecology
[dna] fire wrote 42 bytes to ecology
[dna] fire wrote 17 bytes to ecology
[dna] fire wrote 16 bytes to ecology
[dna] fire wrote 65 bytes to ecology
[dna] fire wrote 19 bytes to ecology
[dna] fire wrote 59 bytes to ecology
[dna] fire wrote 64 bytes to ecology
[dna] fire wrote 40 bytes to ecology
[dna] fire wrote 64 bytes to ecology
[dna] fire wrote 51 bytes to ecology
[dna] fire wrote 105 bytes to ecology
[dna] fire wrote 62 bytes to ecology
[dna] fire wrote 32 bytes to ecology
[dna] fire wrote 49 bytes to ecology
[dna] fire wrote 9 bytes to ecology
[dna] fire wrote 148 bytes to ecology
[debug-onto] tick=400 corpus=136535 stage=2 freeze=0
[dna] fire wrote 95 bytes to ecology
[dna] fire wrote 99 bytes to ecology
[dna] fire wrote 27 bytes to ecology
[dna] fire wrote 31 bytes to ecology
[dna] fire wrote 38 bytes to ecology
[dna] fire wrote 183 bytes to ecology
[dna] fire wrote 115 bytes to ecology
[dna] fire wrote 78 bytes to ecology
[dna] fire wrote 18 bytes to ecology
[dna] fire wrote 28 bytes to ecology
[dna] fire wrote 86 bytes to ecology
[dna] fire wrote 16 bytes to ecology
[dna] fire wrote 204 bytes to ecology
[dna] fire wrote 42 bytes to ecology
[dna] fire wrote 146 bytes to ecology
[dna] fire wrote 73 bytes to ecology
[debug-onto] tick=450 corpus=136535 stage=2 freeze=0
[dna] fire wrote 104 bytes to ecology
[dna] fire wrote 46 bytes to ecology
[dna] fire wrote 6 bytes to ecology
[dna] fire wrote 40 bytes to ecology
[dna] fire wrote 60 bytes to ecology
[dna] fire wrote 67 bytes to ecology
[dna] fire wrote 37 bytes to ecology
[dna] fire wrote 91 bytes to ecology
[dna] fire wrote 44 bytes to ecology
[dna] fire wrote 26 bytes to ecology
[dna] fire wrote 74 bytes to ecology
[dna] fire wrote 8 bytes to ecology
[dna] fire wrote 55 bytes to ecology
[dna] fire wrote 34 bytes to ecology
[dna] fire wrote 24 bytes to ecology
[dna] fire wrote 115 bytes to ecology
[dna] fire wrote 53 bytes to ecology
[debug-onto] tick=500 corpus=136535 stage=2 freeze=0
[dna] fire wrote 40 bytes to ecology
[dna] fire wrote 96 bytes to ecology
[dna] fire wrote 9 bytes to ecology
[dna] fire wrote 38 bytes to ecology
[dna] fire wrote 37 bytes to ecology
[dna] fire wrote 40 bytes to ecology
[dna] fire wrote 23 bytes to ecology
[dna] fire wrote 101 bytes to ecology
[dna] fire wrote 78 bytes to ecology
[dna] fire wrote 56 bytes to ecology
[dna] fire wrote 61 bytes to ecology
[dna] fire wrote 125 bytes to ecology
[dna] fire wrote 69 bytes to ecology
[dna] fire wrote 64 bytes to ecology
[dna] fire wrote 19 bytes to ecology
[dna] fire wrote 23 bytes to ecology
[dna] fire wrote 46 bytes to ecology
[debug-onto] tick=550 corpus=136535 stage=2 freeze=0
[dna] fire wrote 62 bytes to ecology
[dna] fire wrote 64 bytes to ecology
[dna] fire wrote 40 bytes to ecology
[dna] fire wrote 114 bytes to ecology
[dna] fire wrote 56 bytes to ecology
[dna] fire wrote 85 bytes to ecology
[dna] fire wrote 98 bytes to ecology
[dna] fire wrote 38 bytes to ecology
[dna] fire wrote 45 bytes to ecology
[dna] fire wrote 60 bytes to ecology
[dna] fire wrote 52 bytes to ecology
[dna] fire wrote 125 bytes to ecology
[dna] fire wrote 53 bytes to ecology
[dna] fire wrote 125 bytes to ecology
[dna] fire wrote 65 bytes to ecology
[dna] fire wrote 52 bytes to ecology
[debug-onto] tick=600 corpus=136535 stage=2 freeze=0
[dna] fire wrote 105 bytes to ecology
[dna] fire wrote 38 bytes to ecology
[dna] fire wrote 40 bytes to ecology
[dna] fire wrote 76 bytes to ecology
[dna] fire wrote 42 bytes to ecology
[dna] fire wrote 33 bytes to ecology
[dna] fire wrote 28 bytes to ecology
[dna] fire wrote 62 bytes to ecology
[dna] fire wrote 183 bytes to ecology
[dna] fire wrote 46 bytes to ecology
[dna] fire wrote 39 bytes to ecology
[dna] fire wrote 45 bytes to ecology
[dna] fire wrote 170 bytes to ecology
[dna] fire wrote 141 bytes to ecology
[dna] fire wrote 42 bytes to ecology
[dna] fire wrote 43 bytes to ecology
[dna] fire wrote 67 bytes to ecology
[debug-onto] tick=650 corpus=136535 stage=2 freeze=0
[dna] fire wrote 17 bytes to ecology
[dna] fire wrote 27 bytes to ecology
[dna] fire wrote 70 bytes to ecology
[dna] fire wrote 35 bytes to ecology
[dna] fire wrote 61 bytes to ecology
[dna] fire wrote 12 bytes to ecology
[dna] fire wrote 68 bytes to ecology
[dna] fire wrote 65 bytes to ecology
[dna] fire wrote 42 bytes to ecology
[dna] fire wrote 128 bytes to ecology
[dna] fire wrote 56 bytes to ecology
[dna] fire wrote 132 bytes to ecology
[dna] fire wrote 75 bytes to ecology

[evolution] Organism shutting down gracefully.
