[ecology] Element: water → corpus: nonames_water.txt
[evolution] Autonomous evolution mode — organism will grow through all stages without pause.
[ecology] Joined swarm. 1 peer(s) detected.
molequla is alive. [evolution] Autonomous mode — background trainer running. Ctrl+C to stop.
[dna] water wrote 26 bytes to ecology
[dna] water consumed 23359 bytes from 309 files: [air/gen_1776062443_1.txt air/gen_1776062460_4.txt air/gen_1776062468_7.txt air/gen_1776062471_8.txt air/gen_1776062476_10.txt air/gen_1776062485_13.txt air/gen_1776062487_14.txt air/gen_1776062493_16.txt air/gen_1776062501_19.txt air/gen_1776062509_22.txt air/gen_1776062518_25.txt air/gen_1776062526_28.txt air/gen_1776062534_31.txt air/gen_1776062543_34.txt air/gen_1776062551_37.txt air/gen_1776062554_38.txt air/gen_1776062559_40.txt air/gen_1776062567_43.txt air/gen_1776062570_44.txt air/gen_1776062576_46.txt air/gen_1776062584_49.txt air/gen_1776062587_50.txt air/gen_1776062592_52.txt air/gen_1776062600_55.txt air/gen_1776062603_56.txt air/gen_1776062609_58.txt air/gen_1776062617_61.txt air/gen_1776062620_62.txt air/gen_1776062625_64.txt air/gen_1776062634_67.txt air/gen_1776062636_68.txt air/gen_1776062642_70.txt air/gen_1776062650_73.txt air/gen_1776062653_74.txt air/gen_1776062658_76.txt air/gen_1776062666_79.txt air/gen_1776062675_82.txt air/gen_1776062683_85.txt air/gen_1776062686_86.txt air/gen_1776062691_88.txt air/gen_1776062699_91.txt air/gen_1776062702_92.txt air/gen_1776062707_94.txt air/gen_1776062716_97.txt air/gen_1776062718_98.txt air/gen_1776062724_100.txt air/gen_1776062732_103.txt air/gen_1776062735_104.txt air/gen_1776062740_106.txt air/gen_1776062749_109.txt air/gen_1776062751_110.txt air/gen_1776062757_112.txt air/gen_1776062765_115.txt air/gen_1776062768_116.txt air/gen_1776062773_118.txt air/gen_1776062782_121.txt air/gen_1776062790_124.txt air/gen_1776062798_127.txt air/gen_1776062801_128.txt air/gen_1776062806_130.txt air/gen_1776062815_133.txt air/gen_1776062817_134.txt air/gen_1776062823_136.txt air/gen_1776062831_139.txt air/gen_1776062839_142.txt air/gen_1776062848_145.txt air/gen_1776062850_146.txt air/gen_1776062856_148.txt air/gen_1776062864_151.txt air/gen_1776062867_152.txt air/gen_1776062872_154.txt air/gen_1776062881_157.txt air/gen_1776062884_158.txt air/gen_1776062889_160.txt air/gen_1776062897_163.txt air/gen_1776062900_164.txt air/gen_1776062905_166.txt air/gen_1776062914_169.txt air/gen_1776062917_170.txt air/gen_1776062922_172.txt air/gen_1776062930_175.txt air/gen_1776062933_176.txt air/gen_1776062938_178.txt air/gen_1776062947_181.txt air/gen_1776062950_182.txt air/gen_1776062955_184.txt air/gen_1776062964_187.txt air/gen_1776062966_188.txt air/gen_1776062972_190.txt air/gen_1776062980_193.txt air/gen_1776062983_194.txt air/gen_1776062988_196.txt air/gen_1776062996_199.txt air/gen_1776063004_202.txt air/gen_1776063013_205.txt air/gen_1776063015_206.txt air/gen_1776063021_208.txt air/gen_1776063029_211.txt air/gen_1776063032_212.txt air/gen_1776063037_214.txt air/gen_1776063046_217.txt air/gen_1776063048_218.txt air/gen_1776063054_220.txt air/gen_1776063062_223.txt air/gen_1776063065_224.txt air/gen_1776063070_226.txt air/gen_1776063078_229.txt air/gen_1776063081_230.txt air/gen_1776063087_232.txt air/gen_1776063095_235.txt air/gen_1776063103_238.txt air/gen_1776063112_241.txt air/gen_1776063114_242.txt air/gen_1776063120_244.txt air/gen_1776063128_247.txt air/gen_1776063131_248.txt air/gen_1776063136_250.txt air/gen_1776063145_253.txt air/gen_1776063147_254.txt air/gen_1776063153_256.txt air/gen_1776063161_259.txt air/gen_1776063164_260.txt air/gen_1776063169_262.txt air/gen_1776063178_265.txt air/gen_1776063186_268.txt air/gen_1776063194_271.txt air/gen_1776063202_274.txt air/gen_1776063211_277.txt air/gen_1776063214_278.txt air/gen_1776063219_280.txt air/gen_1776063227_283.txt air/gen_1776063230_284.txt air/gen_1776063236_286.txt air/gen_1776063244_289.txt air/gen_1776063252_292.txt air/gen_1776063260_295.txt air/gen_1776063263_296.txt air/gen_1776063269_298.txt air/gen_1776063277_301.txt air/gen_1776063280_302.txt air/gen_1776063285_304.txt air/gen_1776063293_307.txt air/gen_1776063296_308.txt air/gen_1776063302_310.txt air/gen_1776063310_313.txt air/gen_1776063313_314.txt air/gen_1776063318_316.txt air/gen_1776063326_319.txt air/gen_1776063329_320.txt air/gen_1776063335_322.txt air/gen_1776063343_325.txt air/gen_1776063345_326.txt air/gen_1776063351_328.txt air/gen_1776063359_331.txt air/gen_1776063362_332.txt air/gen_1776063367_334.txt air/gen_1776063375_337.txt air/gen_1776063378_338.txt air/gen_1776063384_340.txt air/gen_1776063392_343.txt air/gen_1776063394_344.txt air/gen_1776063400_346.txt air/gen_1776063408_349.txt air/gen_1776063411_350.txt air/gen_1776063416_352.txt air/gen_1776063424_355.txt air/gen_1776063427_356.txt air/gen_1776063432_358.txt air/gen_1776063441_361.txt air/gen_1776063443_362.txt air/gen_1776063449_364.txt air/gen_1776063457_367.txt air/gen_1776063460_368.txt air/gen_1776063465_370.txt air/gen_1776063473_373.txt air/gen_1776063476_374.txt air/gen_1776063481_376.txt air/gen_1776063490_379.txt air/gen_1776063498_382.txt air/gen_1776063506_385.txt air/gen_1776063514_388.txt air/gen_1776063522_391.txt air/gen_1776063525_392.txt air/gen_1776063530_394.txt air/gen_1776063538_397.txt air/gen_1776063541_398.txt air/gen_1776063547_400.txt air/gen_1776063555_403.txt air/gen_1776063557_404.txt air/gen_1776063563_406.txt air/gen_1776063571_409.txt air/gen_1776063574_410.txt air/gen_1776063579_412.txt air/gen_1776063587_415.txt air/gen_1776063590_416.txt air/gen_1776063596_418.txt air/gen_1776063604_421.txt air/gen_1776063607_422.txt air/gen_1776063612_424.txt air/gen_1776063620_427.txt air/gen_1776063628_430.txt air/gen_1776063637_433.txt air/gen_1776063639_434.txt air/gen_1776063645_436.txt air/gen_1776063653_439.txt air/gen_1776063656_440.txt air/gen_1776063661_442.txt air/gen_1776063669_445.txt air/gen_1776063672_446.txt air/gen_1776063677_448.txt air/gen_1776063685_451.txt air/gen_1776063688_452.txt air/gen_1776063694_454.txt air/gen_1776063702_457.txt air/gen_1776063704_458.txt air/gen_1776063710_460.txt air/gen_1776063718_463.txt air/gen_1776063721_464.txt air/gen_1776063726_466.txt air/gen_1776063734_469.txt air/gen_1776063737_470.txt air/gen_1776063742_472.txt air/gen_1776063751_475.txt air/gen_1776063753_476.txt air/gen_1776063759_478.txt air/gen_1776063767_481.txt air/gen_1776063770_482.txt air/gen_1776063775_484.txt air/gen_1776063784_487.txt air/gen_1776063792_490.txt air/gen_1776063800_493.txt air/gen_1776063803_494.txt air/gen_1776063808_496.txt air/gen_1776063816_499.txt air/gen_1776063819_500.txt air/gen_1776063825_502.txt air/gen_1776063833_505.txt air/gen_1776063836_506.txt air/gen_1776063841_508.txt air/gen_1776063849_511.txt air/gen_1776063852_512.txt air/gen_1776063857_514.txt air/gen_1776063866_517.txt air/gen_1776063868_518.txt air/gen_1776063874_520.txt air/gen_1776063882_523.txt air/gen_1776063885_524.txt air/gen_1776063890_526.txt air/gen_1776063898_529.txt air/gen_1776063901_530.txt air/gen_1776063906_532.txt air/gen_1776063914_535.txt air/gen_1776063917_536.txt air/gen_1776063923_538.txt air/gen_1776063931_541.txt air/gen_1776063939_544.txt air/gen_1776063947_547.txt air/gen_1776063950_548.txt air/gen_1776063956_550.txt air/gen_1776063964_553.txt air/gen_1776063967_554.txt air/gen_1776063972_556.txt air/gen_1776063980_559.txt air/gen_1776063983_560.txt air/gen_1776063989_562.txt air/gen_1776063997_565.txt air/gen_1776064005_568.txt air/gen_1776064013_571.txt air/gen_1776064016_572.txt air/gen_1776064021_574.txt air/gen_1776064030_577.txt air/gen_1776064032_578.txt air/gen_1776064038_580.txt air/gen_1776064046_583.txt air/gen_1776064049_584.txt air/gen_1776064054_586.txt air/gen_1776064062_589.txt air/gen_1776064065_590.txt air/gen_1776064070_592.txt air/gen_1776064079_595.txt air/gen_1776064081_596.txt air/gen_1776064087_598.txt air/gen_1776064095_601.txt air/gen_1776064098_602.txt air/gen_1776064103_604.txt air/gen_1776064111_607.txt air/gen_1776064114_608.txt air/gen_1776064120_610.txt air/gen_1776064128_613.txt air/gen_1776064131_614.txt air/gen_1776064136_616.txt air/gen_1776064144_619.txt air/gen_1776064147_620.txt air/gen_1776064153_622.txt air/gen_1776064161_625.txt air/gen_1776064163_626.txt air/gen_1776064169_628.txt air/gen_1776064177_631.txt air/gen_1776064180_632.txt air/gen_1776064185_634.txt air/gen_1776064193_637.txt air/gen_1776064196_638.txt air/gen_1776064201_640.txt air/gen_1776064210_643.txt air/gen_1776064213_644.txt air/gen_1776064218_646.txt air/gen_1776064226_649.txt air/gen_1776064229_650.txt air/gen_1776064234_652.txt]
[trainer] micro-train burst (23359 bytes, novelty 0.03) — and lo, it feeds again.
[syntropy] action=explore | trend=0.0000 | field_dev=0.042 | purpose_align=-0.023 | lr_mul=1.30
[aml] burst complete: 32 steps, avg loss 1.9003 (memory freed)
[dna] water wrote 57 bytes to ecology
[dna] water wrote 132 bytes to ecology
[dna] water wrote 41 bytes to ecology
[dna] water wrote 50 bytes to ecology
[dna] water wrote 88 bytes to ecology
[dna] water wrote 75 bytes to ecology
[dna] water wrote 47 bytes to ecology
[dna] water wrote 70 bytes to ecology
[dna] water wrote 28 bytes to ecology
[dna] water wrote 53 bytes to ecology
[dna] water wrote 143 bytes to ecology
[dna] water wrote 138 bytes to ecology
[dna] water wrote 119 bytes to ecology
[dna] water wrote 33 bytes to ecology
[dna] water wrote 121 bytes to ecology
[dna] water wrote 25 bytes to ecology
[dna] water wrote 40 bytes to ecology
[debug-onto] tick=50 corpus=149365 stage=2 freeze=0
[dna] water wrote 37 bytes to ecology
[dna] water wrote 21 bytes to ecology
[dna] water wrote 36 bytes to ecology
[dna] water wrote 51 bytes to ecology
[dna] water wrote 150 bytes to ecology
[dna] water wrote 90 bytes to ecology
[dna] water wrote 33 bytes to ecology
[dna] water wrote 32 bytes to ecology
[dna] water wrote 29 bytes to ecology
[dna] water wrote 53 bytes to ecology
[dna] water wrote 83 bytes to ecology
[dna] water wrote 40 bytes to ecology
[dna] water wrote 28 bytes to ecology
[dna] water wrote 72 bytes to ecology
[dna] water wrote 74 bytes to ecology
[dna] water wrote 21 bytes to ecology
[dna] water wrote 44 bytes to ecology
[dna] water wrote 47 bytes to ecology
[debug-onto] tick=100 corpus=149365 stage=2 freeze=0
[dna] water wrote 42 bytes to ecology
[dna] water wrote 31 bytes to ecology
[dna] water wrote 49 bytes to ecology
[dna] water wrote 55 bytes to ecology
[dna] water wrote 9 bytes to ecology
[dna] water wrote 58 bytes to ecology
[dna] water wrote 63 bytes to ecology
[dna] water wrote 42 bytes to ecology
[dna] water wrote 168 bytes to ecology
[dna] water wrote 48 bytes to ecology
[dna] water wrote 93 bytes to ecology
[dna] water wrote 30 bytes to ecology
[dna] water wrote 19 bytes to ecology
[dna] water wrote 71 bytes to ecology
[dna] water wrote 56 bytes to ecology
[dna] water wrote 8 bytes to ecology
[debug-onto] tick=150 corpus=149365 stage=2 freeze=0
[dna] water wrote 27 bytes to ecology
[dna] water wrote 33 bytes to ecology
[dna] water wrote 46 bytes to ecology
[dna] water wrote 96 bytes to ecology
[dna] water wrote 69 bytes to ecology
[dna] water wrote 68 bytes to ecology
[dna] water wrote 130 bytes to ecology
[dna] water wrote 210 bytes to ecology
[dna] water wrote 83 bytes to ecology
[dna] water wrote 33 bytes to ecology
[dna] water wrote 69 bytes to ecology
[dna] water wrote 72 bytes to ecology
[dna] water wrote 56 bytes to ecology
[dna] water wrote 36 bytes to ecology
[dna] water wrote 24 bytes to ecology
[dna] water wrote 10 bytes to ecology
[dna] water wrote 79 bytes to ecology
[debug-onto] tick=200 corpus=149365 stage=2 freeze=0
[dna] water wrote 40 bytes to ecology
[dna] water wrote 113 bytes to ecology
[dna] water wrote 30 bytes to ecology
[dna] water wrote 95 bytes to ecology
[dna] water wrote 34 bytes to ecology
[dna] water wrote 24 bytes to ecology
[dna] water wrote 135 bytes to ecology
[dna] water wrote 24 bytes to ecology
[dna] water wrote 30 bytes to ecology
[dna] water wrote 62 bytes to ecology
[dna] water wrote 67 bytes to ecology
[dna] water wrote 67 bytes to ecology
[dna] water wrote 51 bytes to ecology
[dna] water wrote 48 bytes to ecology
[dna] water wrote 21 bytes to ecology
[dna] water wrote 70 bytes to ecology
[dna] water wrote 31 bytes to ecology
[debug-onto] tick=250 corpus=149365 stage=2 freeze=0
[dna] water wrote 130 bytes to ecology
[dna] water wrote 67 bytes to ecology
[dna] water wrote 11 bytes to ecology
[dna] water wrote 70 bytes to ecology
[dna] water wrote 57 bytes to ecology
[dna] water wrote 106 bytes to ecology
[dna] water wrote 43 bytes to ecology
[dna] water wrote 109 bytes to ecology
[dna] water wrote 67 bytes to ecology
[dna] water wrote 56 bytes to ecology
[dna] water wrote 113 bytes to ecology
[dna] water wrote 57 bytes to ecology
[dna] water wrote 58 bytes to ecology
[dna] water wrote 29 bytes to ecology
[dna] water wrote 80 bytes to ecology
[dna] water wrote 96 bytes to ecology
[dna] water wrote 62 bytes to ecology
[dna] water wrote 69 bytes to ecology
[dna] water wrote 93 bytes to ecology
[debug-onto] tick=300 corpus=149365 stage=2 freeze=0
[dna] water wrote 64 bytes to ecology
[dna] water wrote 33 bytes to ecology
[dna] water wrote 70 bytes to ecology
[dna] water wrote 60 bytes to ecology
[dna] water wrote 31 bytes to ecology
[dna] water wrote 37 bytes to ecology
[dna] water wrote 41 bytes to ecology
[dna] water wrote 132 bytes to ecology
[dna] water wrote 48 bytes to ecology
[dna] water wrote 66 bytes to ecology
[dna] water wrote 86 bytes to ecology
[dna] water wrote 64 bytes to ecology
[dna] water wrote 44 bytes to ecology
[dna] water wrote 16 bytes to ecology
[dna] water wrote 29 bytes to ecology
[dna] water wrote 15 bytes to ecology
[dna] water wrote 43 bytes to ecology
[dna] water wrote 88 bytes to ecology
[debug-onto] tick=350 corpus=149365 stage=2 freeze=0
[dna] water wrote 66 bytes to ecology
[dna] water wrote 28 bytes to ecology
[dna] water wrote 81 bytes to ecology
[dna] water wrote 81 bytes to ecology
[dna] water wrote 30 bytes to ecology
[dna] water wrote 36 bytes to ecology
[dna] water wrote 94 bytes to ecology
[dna] water wrote 101 bytes to ecology
[dna] water wrote 32 bytes to ecology
[dna] water wrote 34 bytes to ecology
[dna] water wrote 34 bytes to ecology
[dna] water wrote 62 bytes to ecology
[dna] water wrote 53 bytes to ecology
[dna] water wrote 22 bytes to ecology
[dna] water wrote 72 bytes to ecology
[dna] water wrote 123 bytes to ecology
[dna] water wrote 127 bytes to ecology
[dna] water wrote 21 bytes to ecology
[dna] water wrote 69 bytes to ecology
[debug-onto] tick=400 corpus=149365 stage=2 freeze=0
[dna] water wrote 64 bytes to ecology
[dna] water wrote 110 bytes to ecology
[dna] water wrote 81 bytes to ecology
[dna] water wrote 54 bytes to ecology
[dna] water wrote 33 bytes to ecology
[dna] water wrote 45 bytes to ecology
[dna] water wrote 66 bytes to ecology
[dna] water wrote 7 bytes to ecology
[dna] water wrote 55 bytes to ecology
[dna] water wrote 96 bytes to ecology
[dna] water wrote 56 bytes to ecology
[dna] water wrote 11 bytes to ecology
[dna] water wrote 92 bytes to ecology
[dna] water wrote 35 bytes to ecology
[dna] water wrote 124 bytes to ecology
[dna] water wrote 53 bytes to ecology
[dna] water wrote 27 bytes to ecology
[debug-onto] tick=450 corpus=149365 stage=2 freeze=0
[dna] water wrote 56 bytes to ecology
[dna] water wrote 107 bytes to ecology
[dna] water wrote 73 bytes to ecology
[dna] water wrote 77 bytes to ecology
[dna] water wrote 97 bytes to ecology
[dna] water wrote 92 bytes to ecology
[dna] water wrote 38 bytes to ecology
[dna] water wrote 25 bytes to ecology
[dna] water wrote 28 bytes to ecology
[dna] water wrote 148 bytes to ecology
[dna] water wrote 57 bytes to ecology
[dna] water wrote 11 bytes to ecology
[dna] water wrote 40 bytes to ecology
[dna] water wrote 21 bytes to ecology
[dna] water wrote 46 bytes to ecology
[dna] water wrote 80 bytes to ecology
[dna] water wrote 101 bytes to ecology
[dna] water wrote 40 bytes to ecology
[debug-onto] tick=500 corpus=149365 stage=2 freeze=0
[dna] water wrote 83 bytes to ecology
[dna] water wrote 25 bytes to ecology
[dna] water wrote 96 bytes to ecology
[dna] water wrote 15 bytes to ecology
[dna] water wrote 74 bytes to ecology
[dna] water wrote 39 bytes to ecology
[dna] water wrote 42 bytes to ecology
[dna] water wrote 50 bytes to ecology
[dna] water wrote 125 bytes to ecology
[dna] water wrote 140 bytes to ecology
[dna] water wrote 279 bytes to ecology
[dna] water wrote 64 bytes to ecology
[dna] water wrote 27 bytes to ecology
[dna] water wrote 29 bytes to ecology
[dna] water wrote 48 bytes to ecology
[dna] water wrote 197 bytes to ecology
[dna] water wrote 40 bytes to ecology
[debug-onto] tick=550 corpus=149365 stage=2 freeze=0
[dna] water wrote 27 bytes to ecology
[dna] water wrote 117 bytes to ecology
[dna] water wrote 75 bytes to ecology
[dna] water wrote 59 bytes to ecology
[dna] water wrote 68 bytes to ecology
[dna] water wrote 115 bytes to ecology
[dna] water wrote 48 bytes to ecology
[dna] water wrote 146 bytes to ecology
[dna] water wrote 169 bytes to ecology
[dna] water wrote 144 bytes to ecology
[dna] water wrote 57 bytes to ecology
[dna] water wrote 73 bytes to ecology
[dna] water wrote 80 bytes to ecology
[dna] water wrote 74 bytes to ecology
[dna] water wrote 10 bytes to ecology
[dna] water wrote 85 bytes to ecology
[debug-onto] tick=600 corpus=149365 stage=2 freeze=0
[dna] water wrote 102 bytes to ecology
[dna] water wrote 102 bytes to ecology
[dna] water wrote 61 bytes to ecology
[dna] water wrote 59 bytes to ecology
[dna] water wrote 40 bytes to ecology
[dna] water wrote 105 bytes to ecology
[dna] water wrote 132 bytes to ecology
[dna] water wrote 38 bytes to ecology
[dna] water wrote 39 bytes to ecology
[dna] water wrote 24 bytes to ecology
[dna] water wrote 44 bytes to ecology
[dna] water wrote 143 bytes to ecology

[evolution] Organism shutting down gracefully.
