[ecology] Element: water → corpus: nonames_water.txt
[evolution] Autonomous evolution mode — organism will grow through all stages without pause.
[ecology] Joined swarm. 1 peer(s) detected.
molequla is alive. [evolution] Autonomous mode — background trainer running. Ctrl+C to stop.
[dna] water wrote 54 bytes to ecology
[dna] water consumed 16959 bytes from 222 files: [air/gen_1777272851_1.txt air/gen_1777272868_4.txt air/gen_1777272876_7.txt air/gen_1777272884_10.txt air/gen_1777272892_13.txt air/gen_1777272899_16.txt air/gen_1777272907_19.txt air/gen_1777272915_22.txt air/gen_1777272923_25.txt air/gen_1777272931_28.txt air/gen_1777272939_31.txt air/gen_1777272947_34.txt air/gen_1777272955_37.txt air/gen_1777272963_40.txt air/gen_1777272971_43.txt air/gen_1777272979_46.txt air/gen_1777272987_49.txt air/gen_1777272995_52.txt air/gen_1777273003_55.txt air/gen_1777273011_58.txt air/gen_1777273019_61.txt air/gen_1777273027_64.txt air/gen_1777273035_67.txt air/gen_1777273043_70.txt air/gen_1777273051_73.txt air/gen_1777273059_76.txt air/gen_1777273067_79.txt air/gen_1777273075_82.txt air/gen_1777273083_85.txt air/gen_1777273091_88.txt air/gen_1777273099_91.txt air/gen_1777273107_94.txt air/gen_1777273115_97.txt air/gen_1777273123_100.txt air/gen_1777273130_103.txt air/gen_1777273138_106.txt air/gen_1777273146_109.txt air/gen_1777273154_112.txt air/gen_1777273162_115.txt air/gen_1777273170_118.txt air/gen_1777273178_121.txt air/gen_1777273186_124.txt air/gen_1777273194_127.txt air/gen_1777273201_130.txt air/gen_1777273209_133.txt air/gen_1777273218_136.txt air/gen_1777273226_139.txt air/gen_1777273234_142.txt air/gen_1777273242_145.txt air/gen_1777273249_148.txt air/gen_1777273257_151.txt air/gen_1777273265_154.txt air/gen_1777273273_157.txt air/gen_1777273281_160.txt air/gen_1777273289_163.txt air/gen_1777273297_166.txt air/gen_1777273305_169.txt air/gen_1777273313_172.txt air/gen_1777273321_175.txt air/gen_1777273329_178.txt air/gen_1777273337_181.txt air/gen_1777273345_184.txt air/gen_1777273352_187.txt air/gen_1777273360_190.txt air/gen_1777273368_193.txt air/gen_1777273376_196.txt air/gen_1777273384_199.txt air/gen_1777273392_202.txt air/gen_1777273400_205.txt air/gen_1777273408_208.txt air/gen_1777273416_211.txt air/gen_1777273424_214.txt air/gen_1777273432_217.txt air/gen_1777273440_220.txt air/gen_1777273448_223.txt air/gen_1777273456_226.txt air/gen_1777273464_229.txt air/gen_1777273472_232.txt air/gen_1777273480_235.txt air/gen_1777273488_238.txt air/gen_1777273496_241.txt air/gen_1777273504_244.txt air/gen_1777273512_247.txt air/gen_1777273520_250.txt air/gen_1777273528_253.txt air/gen_1777273536_256.txt air/gen_1777273544_259.txt air/gen_1777273551_262.txt air/gen_1777273560_265.txt air/gen_1777273568_268.txt air/gen_1777273576_271.txt air/gen_1777273584_274.txt air/gen_1777273592_277.txt air/gen_1777273600_280.txt air/gen_1777273608_283.txt air/gen_1777273616_286.txt air/gen_1777273624_289.txt air/gen_1777273632_292.txt air/gen_1777273640_295.txt air/gen_1777273648_298.txt air/gen_1777273656_301.txt air/gen_1777273664_304.txt air/gen_1777273672_307.txt air/gen_1777273680_310.txt air/gen_1777273688_313.txt air/gen_1777273696_316.txt air/gen_1777273704_319.txt air/gen_1777273712_322.txt air/gen_1777273720_325.txt air/gen_1777273728_328.txt air/gen_1777273744_334.txt air/gen_1777273752_337.txt air/gen_1777273760_340.txt air/gen_1777273769_343.txt air/gen_1777273777_346.txt air/gen_1777273785_349.txt air/gen_1777273793_352.txt air/gen_1777273801_355.txt air/gen_1777273809_358.txt air/gen_1777273817_361.txt air/gen_1777273825_364.txt air/gen_1777273832_367.txt air/gen_1777273840_370.txt air/gen_1777273848_373.txt air/gen_1777273856_376.txt air/gen_1777273864_379.txt air/gen_1777273872_382.txt air/gen_1777273880_385.txt air/gen_1777273888_388.txt air/gen_1777273896_391.txt air/gen_1777273904_394.txt air/gen_1777273912_397.txt air/gen_1777273919_400.txt air/gen_1777273927_403.txt air/gen_1777273935_406.txt air/gen_1777273943_409.txt air/gen_1777273951_412.txt air/gen_1777273959_415.txt air/gen_1777273967_418.txt air/gen_1777273975_421.txt air/gen_1777273983_424.txt air/gen_1777273991_427.txt air/gen_1777273999_430.txt air/gen_1777274007_433.txt air/gen_1777274015_436.txt air/gen_1777274024_439.txt air/gen_1777274032_442.txt air/gen_1777274040_445.txt air/gen_1777274048_448.txt air/gen_1777274057_451.txt air/gen_1777274065_454.txt air/gen_1777274073_457.txt air/gen_1777274082_460.txt air/gen_1777274090_463.txt air/gen_1777274099_466.txt air/gen_1777274107_469.txt air/gen_1777274115_472.txt air/gen_1777274123_475.txt air/gen_1777274132_478.txt air/gen_1777274140_481.txt air/gen_1777274148_484.txt air/gen_1777274156_487.txt air/gen_1777274165_490.txt air/gen_1777274173_493.txt air/gen_1777274181_496.txt air/gen_1777274190_499.txt air/gen_1777274198_502.txt air/gen_1777274206_505.txt air/gen_1777274215_508.txt air/gen_1777274223_511.txt air/gen_1777274231_514.txt air/gen_1777274240_517.txt air/gen_1777274248_520.txt air/gen_1777274257_523.txt air/gen_1777274265_526.txt air/gen_1777274274_529.txt air/gen_1777274282_532.txt air/gen_1777274290_535.txt air/gen_1777274298_538.txt air/gen_1777274307_541.txt air/gen_1777274315_544.txt air/gen_1777274323_547.txt air/gen_1777274331_550.txt air/gen_1777274339_553.txt air/gen_1777274348_556.txt air/gen_1777274356_559.txt air/gen_1777274364_562.txt air/gen_1777274372_565.txt air/gen_1777274380_568.txt air/gen_1777274389_571.txt air/gen_1777274397_574.txt air/gen_1777274405_577.txt air/gen_1777274413_580.txt air/gen_1777274422_583.txt air/gen_1777274430_586.txt air/gen_1777274438_589.txt air/gen_1777274446_592.txt air/gen_1777274454_595.txt air/gen_1777274462_598.txt air/gen_1777274470_601.txt air/gen_1777274479_604.txt air/gen_1777274487_607.txt air/gen_1777274495_610.txt air/gen_1777274503_613.txt air/gen_1777274511_616.txt air/gen_1777274519_619.txt air/gen_1777274527_622.txt air/gen_1777274535_625.txt air/gen_1777274543_628.txt air/gen_1777274551_631.txt air/gen_1777274559_634.txt air/gen_1777274567_637.txt air/gen_1777274575_640.txt air/gen_1777274583_643.txt air/gen_1777274591_646.txt air/gen_1777274599_649.txt air/gen_1777274607_652.txt air/gen_1777274615_655.txt air/gen_1777274623_658.txt air/gen_1777274630_661.txt air/gen_1777274638_664.txt air/gen_1777274646_667.txt]
[trainer] micro-train burst (16959 bytes, novelty 0.03) — and lo, it feeds again.
[syntropy] action=explore | trend=0.0000 | field_dev=-0.010 | purpose_align=0.053 | lr_mul=1.30
[aml] burst complete: 32 steps, avg loss 1.6715 (memory freed)
[dna] water wrote 83 bytes to ecology
[dna] water wrote 58 bytes to ecology
[dna] water wrote 52 bytes to ecology
[dna] water wrote 29 bytes to ecology
[dna] water wrote 77 bytes to ecology
[dna] water wrote 12 bytes to ecology
[dna] water wrote 35 bytes to ecology
[dna] water wrote 12 bytes to ecology
[dna] water wrote 62 bytes to ecology
[dna] water wrote 101 bytes to ecology
[dna] water wrote 56 bytes to ecology
[dna] water wrote 39 bytes to ecology
[dna] water wrote 53 bytes to ecology
[dna] water wrote 29 bytes to ecology
[dna] water wrote 29 bytes to ecology
[dna] water wrote 31 bytes to ecology
[dna] water wrote 22 bytes to ecology
[dna] water wrote 47 bytes to ecology
[dna] water wrote 47 bytes to ecology
[dna] water wrote 54 bytes to ecology
[dna] water wrote 8 bytes to ecology
[dna] water wrote 39 bytes to ecology
[debug-onto] tick=50 corpus=142878 stage=2 freeze=0
[dna] water wrote 65 bytes to ecology
[dna] water wrote 72 bytes to ecology
[dna] water wrote 39 bytes to ecology
[dna] water wrote 24 bytes to ecology
[dna] water wrote 20 bytes to ecology
[dna] water wrote 45 bytes to ecology
[dna] water wrote 25 bytes to ecology
[dna] water wrote 46 bytes to ecology
[dna] water wrote 48 bytes to ecology
[dna] water wrote 53 bytes to ecology
[dna] water wrote 26 bytes to ecology
[dna] water wrote 100 bytes to ecology
[dna] water wrote 38 bytes to ecology
[dna] water wrote 37 bytes to ecology
[dna] water wrote 69 bytes to ecology
[dna] water wrote 19 bytes to ecology
[dna] water wrote 67 bytes to ecology
[dna] water wrote 31 bytes to ecology
[dna] water wrote 28 bytes to ecology
[dna] water wrote 27 bytes to ecology
[dna] water wrote 44 bytes to ecology
[dna] water wrote 65 bytes to ecology
[dna] water wrote 79 bytes to ecology
[debug-onto] tick=100 corpus=142878 stage=2 freeze=0
[dna] water wrote 23 bytes to ecology
[dna] water wrote 86 bytes to ecology
[dna] water wrote 58 bytes to ecology
[dna] water wrote 26 bytes to ecology
[dna] water wrote 39 bytes to ecology
[dna] water wrote 149 bytes to ecology
[dna] water wrote 42 bytes to ecology
[dna] water wrote 76 bytes to ecology
[dna] water wrote 11 bytes to ecology
[dna] water wrote 54 bytes to ecology
[dna] water wrote 30 bytes to ecology
[dna] water wrote 43 bytes to ecology
[dna] water wrote 59 bytes to ecology
[dna] water wrote 98 bytes to ecology
[dna] water wrote 35 bytes to ecology
[dna] water wrote 24 bytes to ecology
[dna] water wrote 32 bytes to ecology
[dna] water wrote 45 bytes to ecology
[dna] water wrote 76 bytes to ecology
[dna] water wrote 43 bytes to ecology
[dna] water wrote 19 bytes to ecology
[dna] water wrote 86 bytes to ecology
[dna] water wrote 105 bytes to ecology
[dna] water wrote 55 bytes to ecology
[debug-onto] tick=150 corpus=142878 stage=2 freeze=0
[dna] water wrote 39 bytes to ecology
[dna] water wrote 38 bytes to ecology
[dna] water wrote 26 bytes to ecology
[dna] water wrote 69 bytes to ecology
[dna] water wrote 31 bytes to ecology
[dna] water wrote 96 bytes to ecology
[dna] water wrote 54 bytes to ecology
[dna] water wrote 124 bytes to ecology
[dna] water wrote 44 bytes to ecology
[dna] water wrote 25 bytes to ecology
[dna] water wrote 89 bytes to ecology
[dna] water wrote 122 bytes to ecology
[dna] water wrote 79 bytes to ecology
[dna] water wrote 60 bytes to ecology
[dna] water wrote 71 bytes to ecology
[dna] water wrote 78 bytes to ecology
[dna] water wrote 119 bytes to ecology
[dna] water wrote 18 bytes to ecology
[dna] water wrote 54 bytes to ecology
[dna] water wrote 28 bytes to ecology
[dna] water wrote 34 bytes to ecology
[dna] water wrote 125 bytes to ecology
[debug-onto] tick=200 corpus=142878 stage=2 freeze=0
[dna] water wrote 43 bytes to ecology
[dna] water wrote 28 bytes to ecology
[dna] water wrote 113 bytes to ecology
[dna] water wrote 45 bytes to ecology
[dna] water wrote 20 bytes to ecology
[dna] water wrote 57 bytes to ecology
[dna] water wrote 61 bytes to ecology
[dna] water wrote 24 bytes to ecology
[dna] water wrote 64 bytes to ecology
[dna] water wrote 87 bytes to ecology
[dna] water wrote 34 bytes to ecology
[dna] water wrote 15 bytes to ecology
[dna] water wrote 46 bytes to ecology
[dna] water wrote 82 bytes to ecology
[dna] water wrote 21 bytes to ecology
[dna] water wrote 98 bytes to ecology
[dna] water wrote 15 bytes to ecology
[dna] water wrote 32 bytes to ecology
[dna] water wrote 37 bytes to ecology
[dna] water wrote 140 bytes to ecology
[dna] water wrote 86 bytes to ecology
[dna] water wrote 28 bytes to ecology
[dna] water wrote 44 bytes to ecology
[dna] water wrote 56 bytes to ecology
[debug-onto] tick=250 corpus=142878 stage=2 freeze=0
[dna] water wrote 19 bytes to ecology
[dna] water wrote 43 bytes to ecology
[dna] water wrote 38 bytes to ecology
[dna] water wrote 146 bytes to ecology
[dna] water wrote 44 bytes to ecology
[dna] water wrote 10 bytes to ecology
[dna] water wrote 13 bytes to ecology
[dna] water wrote 33 bytes to ecology
[dna] water wrote 9 bytes to ecology
[dna] water wrote 136 bytes to ecology
[dna] water wrote 154 bytes to ecology
[dna] water wrote 42 bytes to ecology
[dna] water wrote 45 bytes to ecology
[dna] water wrote 18 bytes to ecology
[dna] water wrote 72 bytes to ecology
[dna] water wrote 39 bytes to ecology
[dna] water wrote 93 bytes to ecology
[dna] water wrote 15 bytes to ecology
[dna] water wrote 64 bytes to ecology
[dna] water wrote 65 bytes to ecology
[dna] water wrote 7 bytes to ecology
[dna] water wrote 32 bytes to ecology
[dna] water wrote 42 bytes to ecology
[dna] water wrote 18 bytes to ecology
[debug-onto] tick=300 corpus=142878 stage=2 freeze=0
[dna] water wrote 46 bytes to ecology
[dna] water wrote 29 bytes to ecology
[dna] water wrote 46 bytes to ecology
[dna] water wrote 51 bytes to ecology
[dna] water wrote 95 bytes to ecology
[dna] water wrote 25 bytes to ecology
[dna] water wrote 36 bytes to ecology
[dna] water wrote 21 bytes to ecology
[dna] water wrote 156 bytes to ecology
[dna] water wrote 42 bytes to ecology
[dna] water wrote 58 bytes to ecology
[dna] water wrote 95 bytes to ecology
[dna] water wrote 103 bytes to ecology
[dna] water wrote 143 bytes to ecology
[dna] water wrote 99 bytes to ecology
[dna] water wrote 119 bytes to ecology
[dna] water wrote 69 bytes to ecology
[dna] water wrote 60 bytes to ecology
[dna] water wrote 22 bytes to ecology
[dna] water wrote 83 bytes to ecology
[dna] water wrote 51 bytes to ecology
[dna] water wrote 31 bytes to ecology
[dna] water wrote 28 bytes to ecology
[debug-onto] tick=350 corpus=142878 stage=2 freeze=0
[dna] water wrote 45 bytes to ecology
[dna] water wrote 59 bytes to ecology
[dna] water wrote 59 bytes to ecology
[dna] water wrote 60 bytes to ecology
[dna] water wrote 87 bytes to ecology
[dna] water wrote 43 bytes to ecology
[dna] water wrote 60 bytes to ecology
[dna] water wrote 94 bytes to ecology
[dna] water wrote 72 bytes to ecology
[dna] water wrote 50 bytes to ecology
[dna] water wrote 90 bytes to ecology
[dna] water wrote 12 bytes to ecology
[dna] water wrote 21 bytes to ecology
[dna] water wrote 65 bytes to ecology
[dna] water wrote 19 bytes to ecology
[dna] water wrote 45 bytes to ecology
[dna] water wrote 29 bytes to ecology
[dna] water wrote 25 bytes to ecology
[dna] water wrote 36 bytes to ecology
[dna] water wrote 137 bytes to ecology
[dna] water wrote 24 bytes to ecology
[dna] water wrote 31 bytes to ecology
[dna] water wrote 31 bytes to ecology
[debug-onto] tick=400 corpus=142878 stage=2 freeze=0
[dna] water wrote 135 bytes to ecology
[dna] water wrote 152 bytes to ecology
[dna] water wrote 132 bytes to ecology
[dna] water wrote 136 bytes to ecology
[dna] water wrote 64 bytes to ecology
[dna] water wrote 39 bytes to ecology
[dna] water wrote 79 bytes to ecology
[dna] water wrote 20 bytes to ecology
[dna] water wrote 40 bytes to ecology
[dna] water wrote 52 bytes to ecology
[dna] water wrote 80 bytes to ecology
[dna] water wrote 56 bytes to ecology
[dna] water wrote 58 bytes to ecology
[dna] water wrote 44 bytes to ecology
[dna] water wrote 35 bytes to ecology
[dna] water wrote 24 bytes to ecology
[dna] water wrote 30 bytes to ecology
[dna] water wrote 12 bytes to ecology
[dna] water wrote 35 bytes to ecology
[dna] water wrote 61 bytes to ecology
[debug-onto] tick=450 corpus=142878 stage=2 freeze=0
[dna] water wrote 101 bytes to ecology
[dna] water wrote 56 bytes to ecology
[dna] water wrote 53 bytes to ecology
[dna] water wrote 34 bytes to ecology
[dna] water wrote 23 bytes to ecology
[dna] water wrote 143 bytes to ecology
[dna] water wrote 72 bytes to ecology
[dna] water wrote 65 bytes to ecology
[dna] water wrote 67 bytes to ecology
[dna] water wrote 64 bytes to ecology
[dna] water wrote 31 bytes to ecology
[dna] water wrote 86 bytes to ecology
[dna] water wrote 29 bytes to ecology
[dna] water wrote 43 bytes to ecology
[dna] water wrote 24 bytes to ecology
[dna] water wrote 99 bytes to ecology
[dna] water wrote 90 bytes to ecology
[dna] water wrote 14 bytes to ecology
[dna] water wrote 28 bytes to ecology
[dna] water wrote 40 bytes to ecology
[dna] water wrote 60 bytes to ecology
[dna] water wrote 61 bytes to ecology
[dna] water wrote 69 bytes to ecology
[dna] water wrote 26 bytes to ecology
[dna] water wrote 48 bytes to ecology
[debug-onto] tick=500 corpus=142878 stage=2 freeze=0
[dna] water wrote 58 bytes to ecology
[dna] water wrote 58 bytes to ecology
[dna] water wrote 34 bytes to ecology
[dna] water wrote 21 bytes to ecology
[dna] water wrote 74 bytes to ecology
[dna] water wrote 45 bytes to ecology
[dna] water wrote 36 bytes to ecology
[dna] water wrote 20 bytes to ecology
[dna] water wrote 21 bytes to ecology
[dna] water wrote 74 bytes to ecology
[dna] water wrote 65 bytes to ecology
[dna] water wrote 56 bytes to ecology
[dna] water wrote 65 bytes to ecology
[dna] water wrote 51 bytes to ecology
[dna] water wrote 10 bytes to ecology
[dna] water wrote 183 bytes to ecology
[dna] water wrote 20 bytes to ecology
[dna] water wrote 57 bytes to ecology
[dna] water wrote 60 bytes to ecology
[dna] water wrote 86 bytes to ecology
[debug-onto] tick=550 corpus=142878 stage=2 freeze=0
[dna] water wrote 23 bytes to ecology
[dna] water wrote 19 bytes to ecology
[dna] water wrote 43 bytes to ecology
[dna] water wrote 95 bytes to ecology
[dna] water wrote 19 bytes to ecology
[dna] water wrote 101 bytes to ecology
[dna] water wrote 112 bytes to ecology
[dna] water wrote 13 bytes to ecology
[dna] water wrote 12 bytes to ecology
[dna] water wrote 129 bytes to ecology
[dna] water wrote 18 bytes to ecology
[dna] water wrote 24 bytes to ecology
[dna] water wrote 72 bytes to ecology
[dna] water wrote 85 bytes to ecology
[dna] water wrote 50 bytes to ecology
[dna] water wrote 26 bytes to ecology
[dna] water wrote 193 bytes to ecology
[dna] water wrote 49 bytes to ecology
[dna] water wrote 52 bytes to ecology
[dna] water wrote 31 bytes to ecology
[dna] water wrote 33 bytes to ecology

[evolution] Organism shutting down gracefully.
