[ecology] Element: air → corpus: nonames_air.txt
[evolution] Autonomous evolution mode — organism will grow through all stages without pause.
[ecology] Joined swarm. 1 peer(s) detected.
molequla is alive. [evolution] Autonomous mode — background trainer running. Ctrl+C to stop.
[dna] air wrote 170 bytes to ecology
[dna] air consumed 21413 bytes from 288 files: [earth/gen_1776232653_1.txt earth/gen_1776232659_4.txt earth/gen_1776232665_7.txt earth/gen_1776232671_10.txt earth/gen_1776232677_13.txt earth/gen_1776232683_16.txt earth/gen_1776232689_19.txt earth/gen_1776232695_22.txt earth/gen_1776232702_25.txt earth/gen_1776232708_28.txt earth/gen_1776232714_31.txt earth/gen_1776232720_34.txt earth/gen_1776232726_37.txt earth/gen_1776232732_40.txt earth/gen_1776232738_43.txt earth/gen_1776232744_46.txt earth/gen_1776232750_49.txt earth/gen_1776232757_52.txt earth/gen_1776232763_55.txt earth/gen_1776232769_58.txt earth/gen_1776232775_61.txt earth/gen_1776232781_64.txt earth/gen_1776232788_67.txt earth/gen_1776232794_70.txt earth/gen_1776232800_73.txt earth/gen_1776232806_76.txt earth/gen_1776232813_79.txt earth/gen_1776232819_82.txt earth/gen_1776232825_85.txt earth/gen_1776232831_88.txt earth/gen_1776232838_91.txt earth/gen_1776232844_94.txt earth/gen_1776232850_97.txt earth/gen_1776232856_100.txt earth/gen_1776232862_103.txt earth/gen_1776232869_106.txt earth/gen_1776232875_109.txt earth/gen_1776232882_112.txt earth/gen_1776232888_115.txt earth/gen_1776232894_118.txt earth/gen_1776232900_121.txt earth/gen_1776232907_124.txt earth/gen_1776232913_127.txt earth/gen_1776232919_130.txt earth/gen_1776232925_133.txt earth/gen_1776232931_136.txt earth/gen_1776232938_139.txt earth/gen_1776232944_142.txt earth/gen_1776232950_145.txt earth/gen_1776232956_148.txt earth/gen_1776232962_151.txt earth/gen_1776232969_154.txt earth/gen_1776232975_157.txt earth/gen_1776232981_160.txt earth/gen_1776232987_163.txt earth/gen_1776232993_166.txt earth/gen_1776233000_169.txt earth/gen_1776233006_172.txt earth/gen_1776233012_175.txt earth/gen_1776233018_178.txt earth/gen_1776233024_181.txt earth/gen_1776233030_184.txt earth/gen_1776233037_187.txt earth/gen_1776233043_190.txt earth/gen_1776233049_193.txt earth/gen_1776233055_196.txt earth/gen_1776233062_199.txt earth/gen_1776233068_202.txt earth/gen_1776233074_205.txt earth/gen_1776233080_208.txt earth/gen_1776233086_211.txt earth/gen_1776233092_214.txt earth/gen_1776233099_217.txt earth/gen_1776233105_220.txt earth/gen_1776233111_223.txt earth/gen_1776233117_226.txt earth/gen_1776233124_229.txt earth/gen_1776233130_232.txt earth/gen_1776233136_235.txt earth/gen_1776233142_238.txt earth/gen_1776233149_241.txt earth/gen_1776233155_244.txt earth/gen_1776233161_247.txt earth/gen_1776233167_250.txt earth/gen_1776233173_253.txt earth/gen_1776233179_256.txt earth/gen_1776233186_259.txt earth/gen_1776233192_262.txt earth/gen_1776233198_265.txt earth/gen_1776233204_268.txt earth/gen_1776233210_271.txt earth/gen_1776233216_274.txt earth/gen_1776233223_277.txt earth/gen_1776233229_280.txt earth/gen_1776233235_283.txt earth/gen_1776233241_286.txt earth/gen_1776233247_289.txt earth/gen_1776233254_292.txt earth/gen_1776233260_295.txt earth/gen_1776233266_298.txt earth/gen_1776233272_301.txt earth/gen_1776233278_304.txt earth/gen_1776233284_307.txt earth/gen_1776233291_310.txt earth/gen_1776233297_313.txt earth/gen_1776233303_316.txt earth/gen_1776233309_319.txt earth/gen_1776233315_322.txt earth/gen_1776233321_325.txt earth/gen_1776233328_328.txt earth/gen_1776233334_331.txt earth/gen_1776233340_334.txt earth/gen_1776233346_337.txt earth/gen_1776233352_340.txt earth/gen_1776233358_343.txt earth/gen_1776233365_346.txt earth/gen_1776233371_349.txt earth/gen_1776233377_352.txt earth/gen_1776233383_355.txt earth/gen_1776233389_358.txt earth/gen_1776233396_361.txt earth/gen_1776233402_364.txt earth/gen_1776233408_367.txt earth/gen_1776233414_370.txt earth/gen_1776233420_373.txt earth/gen_1776233426_376.txt earth/gen_1776233433_379.txt earth/gen_1776233439_382.txt earth/gen_1776233445_385.txt earth/gen_1776233451_388.txt earth/gen_1776233457_391.txt earth/gen_1776233463_394.txt earth/gen_1776233469_397.txt earth/gen_1776233476_400.txt earth/gen_1776233482_403.txt earth/gen_1776233488_406.txt earth/gen_1776233494_409.txt earth/gen_1776233500_412.txt earth/gen_1776233507_415.txt earth/gen_1776233513_418.txt earth/gen_1776233519_421.txt earth/gen_1776233525_424.txt earth/gen_1776233531_427.txt earth/gen_1776233537_430.txt earth/gen_1776233543_433.txt earth/gen_1776233550_436.txt earth/gen_1776233556_439.txt earth/gen_1776233562_442.txt earth/gen_1776233568_445.txt earth/gen_1776233574_448.txt earth/gen_1776233581_451.txt earth/gen_1776233587_454.txt earth/gen_1776233593_457.txt earth/gen_1776233599_460.txt earth/gen_1776233605_463.txt earth/gen_1776233612_466.txt earth/gen_1776233618_469.txt earth/gen_1776233624_472.txt earth/gen_1776233630_475.txt earth/gen_1776233636_478.txt earth/gen_1776233642_481.txt earth/gen_1776233649_484.txt earth/gen_1776233655_487.txt earth/gen_1776233661_490.txt earth/gen_1776233667_493.txt earth/gen_1776233674_496.txt earth/gen_1776233680_499.txt earth/gen_1776233686_502.txt earth/gen_1776233692_505.txt earth/gen_1776233699_508.txt earth/gen_1776233705_511.txt earth/gen_1776233711_514.txt earth/gen_1776233717_517.txt earth/gen_1776233724_520.txt earth/gen_1776233730_523.txt earth/gen_1776233736_526.txt earth/gen_1776233742_529.txt earth/gen_1776233748_532.txt earth/gen_1776233755_535.txt earth/gen_1776233761_538.txt earth/gen_1776233767_541.txt earth/gen_1776233773_544.txt earth/gen_1776233780_547.txt earth/gen_1776233786_550.txt earth/gen_1776233792_553.txt earth/gen_1776233798_556.txt earth/gen_1776233804_559.txt earth/gen_1776233811_562.txt earth/gen_1776233817_565.txt earth/gen_1776233823_568.txt earth/gen_1776233829_571.txt earth/gen_1776233836_574.txt earth/gen_1776233842_577.txt earth/gen_1776233848_580.txt earth/gen_1776233854_583.txt earth/gen_1776233860_586.txt earth/gen_1776233867_589.txt earth/gen_1776233873_592.txt earth/gen_1776233879_595.txt earth/gen_1776233885_598.txt earth/gen_1776233891_601.txt earth/gen_1776233898_604.txt earth/gen_1776233904_607.txt earth/gen_1776233910_610.txt earth/gen_1776233917_613.txt earth/gen_1776233923_616.txt earth/gen_1776233929_619.txt earth/gen_1776233935_622.txt earth/gen_1776233941_625.txt earth/gen_1776233947_628.txt earth/gen_1776233954_631.txt earth/gen_1776233960_634.txt earth/gen_1776233966_637.txt earth/gen_1776233972_640.txt earth/gen_1776233979_643.txt earth/gen_1776233985_646.txt earth/gen_1776233991_649.txt earth/gen_1776233997_652.txt earth/gen_1776234004_655.txt earth/gen_1776234010_658.txt earth/gen_1776234016_661.txt earth/gen_1776234022_664.txt earth/gen_1776234029_667.txt earth/gen_1776234035_670.txt earth/gen_1776234041_673.txt earth/gen_1776234047_676.txt earth/gen_1776234053_679.txt earth/gen_1776234059_682.txt earth/gen_1776234065_685.txt earth/gen_1776234072_688.txt earth/gen_1776234078_691.txt earth/gen_1776234084_694.txt earth/gen_1776234090_697.txt earth/gen_1776234096_700.txt earth/gen_1776234103_703.txt earth/gen_1776234109_706.txt earth/gen_1776234115_709.txt earth/gen_1776234121_712.txt earth/gen_1776234127_715.txt earth/gen_1776234133_718.txt earth/gen_1776234140_721.txt earth/gen_1776234146_724.txt earth/gen_1776234152_727.txt earth/gen_1776234158_730.txt earth/gen_1776234164_733.txt earth/gen_1776234170_736.txt earth/gen_1776234177_739.txt earth/gen_1776234183_742.txt earth/gen_1776234189_745.txt earth/gen_1776234195_748.txt earth/gen_1776234201_751.txt earth/gen_1776234207_754.txt earth/gen_1776234213_757.txt earth/gen_1776234220_760.txt earth/gen_1776234226_763.txt earth/gen_1776234232_766.txt earth/gen_1776234238_769.txt earth/gen_1776234244_772.txt earth/gen_1776234250_775.txt earth/gen_1776234256_778.txt earth/gen_1776234263_781.txt earth/gen_1776234269_784.txt earth/gen_1776234275_787.txt earth/gen_1776234281_790.txt earth/gen_1776234287_793.txt earth/gen_1776234293_796.txt earth/gen_1776234299_799.txt earth/gen_1776234306_802.txt earth/gen_1776234312_805.txt earth/gen_1776234318_808.txt earth/gen_1776234324_811.txt earth/gen_1776234330_814.txt earth/gen_1776234336_817.txt earth/gen_1776234342_820.txt earth/gen_1776234348_823.txt earth/gen_1776234355_826.txt earth/gen_1776234361_829.txt earth/gen_1776234367_832.txt earth/gen_1776234373_835.txt earth/gen_1776234379_838.txt earth/gen_1776234385_841.txt earth/gen_1776234391_844.txt earth/gen_1776234397_847.txt earth/gen_1776234403_850.txt earth/gen_1776234410_853.txt earth/gen_1776234416_856.txt earth/gen_1776234422_859.txt earth/gen_1776234428_862.txt]
[trainer] micro-train burst (21413 bytes, novelty 0.03) — and lo, it feeds again.
[syntropy] action=explore | trend=0.0000 | field_dev=-0.021 | purpose_align=0.178 | lr_mul=1.30
[aml] burst complete: 32 steps, avg loss 2.8362 (memory freed)
[dna] air wrote 26 bytes to ecology
[dna] air wrote 133 bytes to ecology
[dna] air wrote 31 bytes to ecology
[dna] air wrote 77 bytes to ecology
[dna] air wrote 103 bytes to ecology
[dna] air wrote 58 bytes to ecology
[dna] air wrote 64 bytes to ecology
[dna] air wrote 46 bytes to ecology
[dna] air wrote 79 bytes to ecology
[dna] air wrote 95 bytes to ecology
[dna] air wrote 30 bytes to ecology
[dna] air wrote 49 bytes to ecology
[dna] air wrote 12 bytes to ecology
[dna] air wrote 85 bytes to ecology
[dna] air wrote 80 bytes to ecology
[dna] air wrote 81 bytes to ecology
[debug-onto] tick=50 corpus=144017 stage=2 freeze=0
[dna] air wrote 80 bytes to ecology
[dna] air wrote 134 bytes to ecology
[dna] air wrote 76 bytes to ecology
[dna] air wrote 110 bytes to ecology
[dna] air wrote 72 bytes to ecology
[dna] air wrote 66 bytes to ecology
[dna] air wrote 83 bytes to ecology
[dna] air wrote 21 bytes to ecology
[dna] air wrote 106 bytes to ecology
[dna] air wrote 56 bytes to ecology
[dna] air wrote 105 bytes to ecology
[dna] air wrote 15 bytes to ecology
[dna] air wrote 45 bytes to ecology
[dna] air wrote 20 bytes to ecology
[dna] air wrote 277 bytes to ecology
[dna] air wrote 94 bytes to ecology
[dna] air wrote 35 bytes to ecology
[debug-onto] tick=100 corpus=144017 stage=2 freeze=0
[dna] air wrote 166 bytes to ecology
[dna] air wrote 92 bytes to ecology
[dna] air wrote 44 bytes to ecology
[dna] air wrote 288 bytes to ecology
[dna] air wrote 83 bytes to ecology
[dna] air wrote 115 bytes to ecology
[dna] air wrote 58 bytes to ecology
[dna] air wrote 40 bytes to ecology
[dna] air wrote 117 bytes to ecology
[dna] air wrote 82 bytes to ecology
[dna] air wrote 92 bytes to ecology
[dna] air wrote 59 bytes to ecology
[dna] air wrote 52 bytes to ecology
[dna] air wrote 32 bytes to ecology
[dna] air wrote 90 bytes to ecology
[dna] air wrote 56 bytes to ecology
[debug-onto] tick=150 corpus=144017 stage=2 freeze=0
[dna] air wrote 58 bytes to ecology
[dna] air wrote 82 bytes to ecology
[dna] air wrote 235 bytes to ecology
[dna] air wrote 76 bytes to ecology
[dna] air wrote 90 bytes to ecology
[dna] air wrote 133 bytes to ecology
[dna] air wrote 36 bytes to ecology
[dna] air wrote 95 bytes to ecology
[dna] air wrote 81 bytes to ecology
[dna] air wrote 14 bytes to ecology
[dna] air wrote 161 bytes to ecology
[dna] air wrote 55 bytes to ecology
[dna] air wrote 123 bytes to ecology
[dna] air wrote 41 bytes to ecology
[dna] air wrote 166 bytes to ecology
[dna] air wrote 144 bytes to ecology
[dna] air wrote 46 bytes to ecology
[debug-onto] tick=200 corpus=144017 stage=2 freeze=0
[dna] air wrote 155 bytes to ecology
[dna] air wrote 68 bytes to ecology
[dna] air wrote 69 bytes to ecology
[dna] air wrote 112 bytes to ecology
[dna] air wrote 89 bytes to ecology
[dna] air wrote 137 bytes to ecology
[dna] air wrote 78 bytes to ecology
[dna] air wrote 90 bytes to ecology
[dna] air wrote 105 bytes to ecology
[dna] air wrote 78 bytes to ecology
[dna] air wrote 65 bytes to ecology
[dna] air wrote 188 bytes to ecology
[dna] air wrote 85 bytes to ecology
[dna] air wrote 102 bytes to ecology
[dna] air wrote 44 bytes to ecology
[dna] air wrote 124 bytes to ecology
[dna] air wrote 63 bytes to ecology
[debug-onto] tick=250 corpus=144017 stage=2 freeze=0
[dna] air wrote 49 bytes to ecology
[dna] air wrote 35 bytes to ecology
[dna] air wrote 57 bytes to ecology
[dna] air wrote 42 bytes to ecology
[dna] air wrote 6 bytes to ecology
[dna] air wrote 14 bytes to ecology
[dna] air wrote 32 bytes to ecology
[dna] air wrote 55 bytes to ecology
[dna] air wrote 14 bytes to ecology
[dna] air wrote 103 bytes to ecology
[dna] air wrote 32 bytes to ecology
[dna] air wrote 110 bytes to ecology
[dna] air wrote 32 bytes to ecology
[dna] air wrote 47 bytes to ecology
[dna] air wrote 74 bytes to ecology
[dna] air wrote 10 bytes to ecology
[debug-onto] tick=300 corpus=144017 stage=2 freeze=0
[dna] air wrote 139 bytes to ecology
[dna] air wrote 19 bytes to ecology
[dna] air wrote 81 bytes to ecology
[dna] air wrote 43 bytes to ecology
[dna] air wrote 99 bytes to ecology
[dna] air wrote 27 bytes to ecology
[dna] air wrote 52 bytes to ecology
[dna] air wrote 39 bytes to ecology
[dna] air wrote 155 bytes to ecology
[dna] air wrote 45 bytes to ecology
[dna] air wrote 121 bytes to ecology
[dna] air wrote 13 bytes to ecology
[dna] air wrote 41 bytes to ecology
[dna] air wrote 89 bytes to ecology
[dna] air wrote 17 bytes to ecology
[dna] air wrote 213 bytes to ecology
[dna] air wrote 56 bytes to ecology
[debug-onto] tick=350 corpus=144017 stage=2 freeze=0
[dna] air wrote 55 bytes to ecology
[dna] air wrote 13 bytes to ecology
[dna] air wrote 13 bytes to ecology
[dna] air wrote 93 bytes to ecology
[dna] air wrote 40 bytes to ecology
[dna] air wrote 59 bytes to ecology
[dna] air wrote 39 bytes to ecology
[dna] air wrote 30 bytes to ecology
[dna] air wrote 97 bytes to ecology
[dna] air wrote 89 bytes to ecology
[dna] air wrote 24 bytes to ecology
[dna] air wrote 15 bytes to ecology
[dna] air wrote 120 bytes to ecology
[dna] air wrote 67 bytes to ecology
[dna] air wrote 97 bytes to ecology
[dna] air wrote 19 bytes to ecology
[dna] air wrote 102 bytes to ecology
[debug-onto] tick=400 corpus=144017 stage=2 freeze=0
[dna] air wrote 238 bytes to ecology
[dna] air wrote 108 bytes to ecology
[dna] air wrote 118 bytes to ecology
[dna] air wrote 46 bytes to ecology
[dna] air wrote 25 bytes to ecology
[dna] air wrote 89 bytes to ecology
[dna] air wrote 63 bytes to ecology
[dna] air wrote 75 bytes to ecology
[dna] air wrote 118 bytes to ecology
[dna] air wrote 48 bytes to ecology
[dna] air wrote 28 bytes to ecology
[dna] air wrote 95 bytes to ecology
[dna] air wrote 38 bytes to ecology
[dna] air wrote 92 bytes to ecology
[dna] air wrote 79 bytes to ecology
[dna] air wrote 48 bytes to ecology
[debug-onto] tick=450 corpus=144017 stage=2 freeze=0
[dna] air wrote 48 bytes to ecology
[dna] air wrote 45 bytes to ecology
[dna] air wrote 70 bytes to ecology
[dna] air wrote 74 bytes to ecology
[dna] air wrote 48 bytes to ecology
[dna] air wrote 35 bytes to ecology
[dna] air wrote 25 bytes to ecology
[dna] air wrote 29 bytes to ecology
[dna] air wrote 33 bytes to ecology
[dna] air wrote 35 bytes to ecology
[dna] air wrote 36 bytes to ecology
[dna] air wrote 44 bytes to ecology
[dna] air wrote 44 bytes to ecology
[dna] air wrote 200 bytes to ecology
[dna] air wrote 71 bytes to ecology
[dna] air wrote 32 bytes to ecology
[dna] air wrote 59 bytes to ecology
[debug-onto] tick=500 corpus=144017 stage=2 freeze=0
[dna] air wrote 173 bytes to ecology
[dna] air wrote 251 bytes to ecology
[dna] air wrote 12 bytes to ecology
[dna] air wrote 36 bytes to ecology
[dna] air wrote 49 bytes to ecology
[dna] air wrote 30 bytes to ecology
[dna] air wrote 37 bytes to ecology
[dna] air wrote 73 bytes to ecology
[dna] air wrote 41 bytes to ecology
[dna] air wrote 91 bytes to ecology
[dna] air wrote 69 bytes to ecology
[dna] air wrote 38 bytes to ecology
[dna] air wrote 59 bytes to ecology
[dna] air wrote 10 bytes to ecology
[dna] air wrote 92 bytes to ecology
[dna] air wrote 58 bytes to ecology
[dna] air wrote 45 bytes to ecology
[debug-onto] tick=550 corpus=144017 stage=2 freeze=0
[dna] air wrote 74 bytes to ecology
[dna] air wrote 36 bytes to ecology
[dna] air wrote 49 bytes to ecology
[dna] air wrote 15 bytes to ecology
[dna] air wrote 119 bytes to ecology
[dna] air wrote 64 bytes to ecology
[dna] air wrote 30 bytes to ecology
[dna] air wrote 54 bytes to ecology
[dna] air wrote 209 bytes to ecology
[dna] air wrote 42 bytes to ecology
[dna] air wrote 50 bytes to ecology
[dna] air wrote 47 bytes to ecology
[dna] air wrote 23 bytes to ecology
[dna] air wrote 84 bytes to ecology
[dna] air wrote 145 bytes to ecology
[dna] air wrote 74 bytes to ecology
[debug-onto] tick=600 corpus=144017 stage=2 freeze=0
[dna] air wrote 80 bytes to ecology
[dna] air wrote 36 bytes to ecology
[dna] air wrote 58 bytes to ecology
[dna] air wrote 226 bytes to ecology
[dna] air wrote 48 bytes to ecology
[dna] air wrote 24 bytes to ecology
[dna] air wrote 18 bytes to ecology
[dna] air wrote 57 bytes to ecology
[dna] air wrote 33 bytes to ecology
[dna] air wrote 16 bytes to ecology
[dna] air wrote 196 bytes to ecology
[dna] air wrote 142 bytes to ecology
[dna] air wrote 27 bytes to ecology
[dna] air wrote 79 bytes to ecology
[dna] air wrote 49 bytes to ecology
[dna] air wrote 26 bytes to ecology
[dna] air wrote 218 bytes to ecology
[debug-onto] tick=650 corpus=144017 stage=2 freeze=0
[dna] air wrote 74 bytes to ecology
[dna] air wrote 54 bytes to ecology
[dna] air wrote 139 bytes to ecology
[dna] air wrote 87 bytes to ecology
[dna] air wrote 52 bytes to ecology
[dna] air wrote 205 bytes to ecology
[dna] air wrote 137 bytes to ecology
[dna] air wrote 77 bytes to ecology
[dna] air wrote 166 bytes to ecology
[dna] air wrote 50 bytes to ecology
[dna] air wrote 81 bytes to ecology
[dna] air wrote 59 bytes to ecology
[dna] air wrote 79 bytes to ecology
[dna] air wrote 89 bytes to ecology
[dna] air wrote 78 bytes to ecology
[dna] air wrote 50 bytes to ecology
[dna] air wrote 311 bytes to ecology
[debug-onto] tick=700 corpus=144017 stage=2 freeze=0
[dna] air wrote 30 bytes to ecology
[dna] air wrote 56 bytes to ecology
[dna] air wrote 50 bytes to ecology
[dna] air wrote 69 bytes to ecology
[dna] air wrote 142 bytes to ecology
[dna] air wrote 129 bytes to ecology
[dna] air wrote 205 bytes to ecology
[dna] air wrote 12 bytes to ecology
[dna] air wrote 53 bytes to ecology
[dna] air wrote 111 bytes to ecology
[dna] air wrote 80 bytes to ecology
[dna] air wrote 177 bytes to ecology
[dna] air wrote 47 bytes to ecology
[dna] air wrote 64 bytes to ecology
[dna] air wrote 98 bytes to ecology
[dna] air wrote 71 bytes to ecology
[debug-onto] tick=750 corpus=144017 stage=2 freeze=0
[dna] air wrote 148 bytes to ecology
[dna] air wrote 42 bytes to ecology
[dna] air wrote 197 bytes to ecology
[dna] air wrote 111 bytes to ecology
[dna] air wrote 98 bytes to ecology
[dna] air wrote 76 bytes to ecology
[dna] air wrote 36 bytes to ecology
[dna] air wrote 33 bytes to ecology
[dna] air wrote 114 bytes to ecology
[dna] air wrote 39 bytes to ecology
[dna] air wrote 91 bytes to ecology
[dna] air wrote 316 bytes to ecology
[dna] air wrote 42 bytes to ecology
[dna] air wrote 46 bytes to ecology
[dna] air wrote 55 bytes to ecology
[dna] air wrote 61 bytes to ecology
[dna] air wrote 102 bytes to ecology
[debug-onto] tick=800 corpus=144017 stage=2 freeze=0
[dna] air wrote 168 bytes to ecology
[dna] air wrote 79 bytes to ecology
[dna] air wrote 35 bytes to ecology
[dna] air wrote 77 bytes to ecology
[dna] air wrote 171 bytes to ecology
[dna] air wrote 28 bytes to ecology
[dna] air wrote 195 bytes to ecology
[dna] air wrote 39 bytes to ecology
[dna] air wrote 49 bytes to ecology
[dna] air wrote 66 bytes to ecology

[evolution] Organism shutting down gracefully.
