[ecology] Element: fire → corpus: nonames_fire.txt
[evolution] Autonomous evolution mode — organism will grow through all stages without pause.
[ecology] Joined swarm. 1 peer(s) detected.
molequla is alive. [evolution] Autonomous mode — background trainer running. Ctrl+C to stop.
[dna] fire wrote 13 bytes to ecology
[dna] fire consumed 22566 bytes from 409 files: [water/gen_1776236232_1.txt water/gen_1776236246_4.txt water/gen_1776236248_5.txt water/gen_1776236253_7.txt water/gen_1776236255_8.txt water/gen_1776236260_10.txt water/gen_1776236262_11.txt water/gen_1776236267_13.txt water/gen_1776236274_16.txt water/gen_1776236277_17.txt water/gen_1776236281_19.txt water/gen_1776236288_22.txt water/gen_1776236291_23.txt water/gen_1776236295_25.txt water/gen_1776236302_28.txt water/gen_1776236305_29.txt water/gen_1776236309_31.txt water/gen_1776236316_34.txt water/gen_1776236319_35.txt water/gen_1776236323_37.txt water/gen_1776236330_40.txt water/gen_1776236333_41.txt water/gen_1776236337_43.txt water/gen_1776236340_44.txt water/gen_1776236344_46.txt water/gen_1776236347_47.txt water/gen_1776236351_49.txt water/gen_1776236358_52.txt water/gen_1776236361_53.txt water/gen_1776236366_55.txt water/gen_1776236372_58.txt water/gen_1776236375_59.txt water/gen_1776236379_61.txt water/gen_1776236386_64.txt water/gen_1776236389_65.txt water/gen_1776236393_67.txt water/gen_1776236400_70.txt water/gen_1776236403_71.txt water/gen_1776236407_73.txt water/gen_1776236414_76.txt water/gen_1776236417_77.txt water/gen_1776236421_79.txt water/gen_1776236428_82.txt water/gen_1776236435_85.txt water/gen_1776236442_88.txt water/gen_1776236445_89.txt water/gen_1776236449_91.txt water/gen_1776236456_94.txt water/gen_1776236459_95.txt water/gen_1776236463_97.txt water/gen_1776236470_100.txt water/gen_1776236473_101.txt water/gen_1776236477_103.txt water/gen_1776236484_106.txt water/gen_1776236487_107.txt water/gen_1776236491_109.txt water/gen_1776236494_110.txt water/gen_1776236498_112.txt water/gen_1776236501_113.txt water/gen_1776236505_115.txt water/gen_1776236512_118.txt water/gen_1776236515_119.txt water/gen_1776236519_121.txt water/gen_1776236526_124.txt water/gen_1776236533_127.txt water/gen_1776236540_130.txt water/gen_1776236547_133.txt water/gen_1776236554_136.txt water/gen_1776236557_137.txt water/gen_1776236561_139.txt water/gen_1776236568_142.txt water/gen_1776236571_143.txt water/gen_1776236575_145.txt water/gen_1776236582_148.txt water/gen_1776236584_149.txt water/gen_1776236589_151.txt water/gen_1776236592_152.txt water/gen_1776236596_154.txt water/gen_1776236598_155.txt water/gen_1776236603_157.txt water/gen_1776236610_160.txt water/gen_1776236612_161.txt water/gen_1776236617_163.txt water/gen_1776236619_164.txt water/gen_1776236624_166.txt water/gen_1776236626_167.txt water/gen_1776236631_169.txt water/gen_1776236638_172.txt water/gen_1776236640_173.txt water/gen_1776236645_175.txt water/gen_1776236652_178.txt water/gen_1776236654_179.txt water/gen_1776236659_181.txt water/gen_1776236666_184.txt water/gen_1776236669_185.txt water/gen_1776236673_187.txt water/gen_1776236680_190.txt water/gen_1776236683_191.txt water/gen_1776236687_193.txt water/gen_1776236694_196.txt water/gen_1776236697_197.txt water/gen_1776236701_199.txt water/gen_1776236708_202.txt water/gen_1776236710_203.txt water/gen_1776236715_205.txt water/gen_1776236717_206.txt water/gen_1776236722_208.txt water/gen_1776236724_209.txt water/gen_1776236729_211.txt water/gen_1776236736_214.txt water/gen_1776236738_215.txt water/gen_1776236743_217.txt water/gen_1776236745_218.txt water/gen_1776236750_220.txt water/gen_1776236752_221.txt water/gen_1776236757_223.txt water/gen_1776236759_224.txt water/gen_1776236764_226.txt water/gen_1776236766_227.txt water/gen_1776236771_229.txt water/gen_1776236778_232.txt water/gen_1776236780_233.txt water/gen_1776236785_235.txt water/gen_1776236787_236.txt water/gen_1776236792_238.txt water/gen_1776236794_239.txt water/gen_1776236799_241.txt water/gen_1776236806_244.txt water/gen_1776236808_245.txt water/gen_1776236813_247.txt water/gen_1776236815_248.txt water/gen_1776236820_250.txt water/gen_1776236822_251.txt water/gen_1776236827_253.txt water/gen_1776236829_254.txt water/gen_1776236834_256.txt water/gen_1776236836_257.txt water/gen_1776236841_259.txt water/gen_1776236843_260.txt water/gen_1776236848_262.txt water/gen_1776236850_263.txt water/gen_1776236855_265.txt water/gen_1776236862_268.txt water/gen_1776236864_269.txt water/gen_1776236869_271.txt water/gen_1776236876_274.txt water/gen_1776236878_275.txt water/gen_1776236883_277.txt water/gen_1776236885_278.txt water/gen_1776236890_280.txt water/gen_1776236892_281.txt water/gen_1776236897_283.txt water/gen_1776236904_286.txt water/gen_1776236907_287.txt water/gen_1776236911_289.txt water/gen_1776236918_292.txt water/gen_1776236925_295.txt water/gen_1776236932_298.txt water/gen_1776236935_299.txt water/gen_1776236939_301.txt water/gen_1776236946_304.txt water/gen_1776236949_305.txt water/gen_1776236953_307.txt water/gen_1776236960_310.txt water/gen_1776236962_311.txt water/gen_1776236967_313.txt water/gen_1776236974_316.txt water/gen_1776236976_317.txt water/gen_1776236981_319.txt water/gen_1776236988_322.txt water/gen_1776236990_323.txt water/gen_1776236995_325.txt water/gen_1776237002_328.txt water/gen_1776237004_329.txt water/gen_1776237009_331.txt water/gen_1776237016_334.txt water/gen_1776237018_335.txt water/gen_1776237023_337.txt water/gen_1776237030_340.txt water/gen_1776237032_341.txt water/gen_1776237037_343.txt water/gen_1776237039_344.txt water/gen_1776237044_346.txt water/gen_1776237051_349.txt water/gen_1776237053_350.txt water/gen_1776237058_352.txt water/gen_1776237060_353.txt water/gen_1776237065_355.txt water/gen_1776237072_358.txt water/gen_1776237074_359.txt water/gen_1776237079_361.txt water/gen_1776237086_364.txt water/gen_1776237088_365.txt water/gen_1776237092_367.txt water/gen_1776237095_368.txt water/gen_1776237100_370.txt water/gen_1776237102_371.txt water/gen_1776237107_373.txt water/gen_1776237113_376.txt water/gen_1776237116_377.txt water/gen_1776237120_379.txt water/gen_1776237127_382.txt water/gen_1776237130_383.txt water/gen_1776237134_385.txt water/gen_1776237141_388.txt water/gen_1776237148_391.txt water/gen_1776237155_394.txt water/gen_1776237158_395.txt water/gen_1776237162_397.txt water/gen_1776237165_398.txt water/gen_1776237169_400.txt water/gen_1776237172_401.txt water/gen_1776237176_403.txt water/gen_1776237179_404.txt water/gen_1776237183_406.txt water/gen_1776237186_407.txt water/gen_1776237190_409.txt water/gen_1776237193_410.txt water/gen_1776237197_412.txt water/gen_1776237200_413.txt water/gen_1776237204_415.txt water/gen_1776237211_418.txt water/gen_1776237214_419.txt water/gen_1776237218_421.txt water/gen_1776237225_424.txt water/gen_1776237227_425.txt water/gen_1776237232_427.txt water/gen_1776237239_430.txt water/gen_1776237246_433.txt water/gen_1776237248_434.txt water/gen_1776237253_436.txt water/gen_1776237255_437.txt water/gen_1776237260_439.txt water/gen_1776237267_442.txt water/gen_1776237269_443.txt water/gen_1776237274_445.txt water/gen_1776237281_448.txt water/gen_1776237283_449.txt water/gen_1776237288_451.txt water/gen_1776237295_454.txt water/gen_1776237297_455.txt water/gen_1776237302_457.txt water/gen_1776237304_458.txt water/gen_1776237309_460.txt water/gen_1776237311_461.txt water/gen_1776237316_463.txt water/gen_1776237318_464.txt water/gen_1776237323_466.txt water/gen_1776237325_467.txt water/gen_1776237330_469.txt water/gen_1776237332_470.txt water/gen_1776237336_472.txt water/gen_1776237339_473.txt water/gen_1776237343_475.txt water/gen_1776237346_476.txt water/gen_1776237350_478.txt water/gen_1776237353_479.txt water/gen_1776237357_481.txt water/gen_1776237364_484.txt water/gen_1776237371_487.txt water/gen_1776237378_490.txt water/gen_1776237380_491.txt water/gen_1776237385_493.txt water/gen_1776237392_496.txt water/gen_1776237395_497.txt water/gen_1776237399_499.txt water/gen_1776237407_502.txt water/gen_1776237409_503.txt water/gen_1776237414_505.txt water/gen_1776237421_508.txt water/gen_1776237423_509.txt water/gen_1776237428_511.txt water/gen_1776237435_514.txt water/gen_1776237437_515.txt water/gen_1776237442_517.txt water/gen_1776237449_520.txt water/gen_1776237451_521.txt water/gen_1776237456_523.txt water/gen_1776237458_524.txt water/gen_1776237463_526.txt water/gen_1776237466_527.txt water/gen_1776237470_529.txt water/gen_1776237477_532.txt water/gen_1776237480_533.txt water/gen_1776237484_535.txt water/gen_1776237491_538.txt water/gen_1776237494_539.txt water/gen_1776237498_541.txt water/gen_1776237505_544.txt water/gen_1776237508_545.txt water/gen_1776237512_547.txt water/gen_1776237515_548.txt water/gen_1776237519_550.txt water/gen_1776237526_553.txt water/gen_1776237533_556.txt water/gen_1776237536_557.txt water/gen_1776237540_559.txt water/gen_1776237543_560.txt water/gen_1776237547_562.txt water/gen_1776237550_563.txt water/gen_1776237554_565.txt water/gen_1776237561_568.txt water/gen_1776237564_569.txt water/gen_1776237568_571.txt water/gen_1776237571_572.txt water/gen_1776237575_574.txt water/gen_1776237578_575.txt water/gen_1776237582_577.txt water/gen_1776237589_580.txt water/gen_1776237592_581.txt water/gen_1776237596_583.txt water/gen_1776237599_584.txt water/gen_1776237603_586.txt water/gen_1776237606_587.txt water/gen_1776237610_589.txt water/gen_1776237617_592.txt water/gen_1776237620_593.txt water/gen_1776237624_595.txt water/gen_1776237626_596.txt water/gen_1776237631_598.txt water/gen_1776237638_601.txt water/gen_1776237645_604.txt water/gen_1776237647_605.txt water/gen_1776237652_607.txt water/gen_1776237655_608.txt water/gen_1776237659_610.txt water/gen_1776237662_611.txt water/gen_1776237666_613.txt water/gen_1776237673_616.txt water/gen_1776237680_619.txt water/gen_1776237687_622.txt water/gen_1776237689_623.txt water/gen_1776237694_625.txt water/gen_1776237701_628.txt water/gen_1776237703_629.txt water/gen_1776237708_631.txt water/gen_1776237715_634.txt water/gen_1776237722_637.txt water/gen_1776237728_640.txt water/gen_1776237731_641.txt water/gen_1776237735_643.txt water/gen_1776237742_646.txt water/gen_1776237745_647.txt water/gen_1776237749_649.txt water/gen_1776237756_652.txt water/gen_1776237759_653.txt water/gen_1776237763_655.txt water/gen_1776237766_656.txt water/gen_1776237770_658.txt water/gen_1776237773_659.txt water/gen_1776237777_661.txt water/gen_1776237784_664.txt water/gen_1776237786_665.txt water/gen_1776237791_667.txt water/gen_1776237798_670.txt water/gen_1776237800_671.txt water/gen_1776237805_673.txt water/gen_1776237807_674.txt water/gen_1776237812_676.txt water/gen_1776237814_677.txt water/gen_1776237819_679.txt water/gen_1776237825_682.txt water/gen_1776237828_683.txt water/gen_1776237832_685.txt water/gen_1776237839_688.txt water/gen_1776237842_689.txt water/gen_1776237846_691.txt water/gen_1776237849_692.txt water/gen_1776237853_694.txt water/gen_1776237860_697.txt water/gen_1776237867_700.txt water/gen_1776237870_701.txt water/gen_1776237874_703.txt water/gen_1776237877_704.txt water/gen_1776237881_706.txt water/gen_1776237883_707.txt water/gen_1776237888_709.txt water/gen_1776237895_712.txt water/gen_1776237897_713.txt water/gen_1776237902_715.txt water/gen_1776237904_716.txt water/gen_1776237909_718.txt water/gen_1776237911_719.txt water/gen_1776237916_721.txt water/gen_1776237918_722.txt water/gen_1776237923_724.txt water/gen_1776237925_725.txt water/gen_1776237930_727.txt water/gen_1776237932_728.txt water/gen_1776237937_730.txt water/gen_1776237939_731.txt water/gen_1776237944_733.txt water/gen_1776237951_736.txt water/gen_1776237958_739.txt water/gen_1776237965_742.txt water/gen_1776237972_745.txt water/gen_1776237974_746.txt water/gen_1776237979_748.txt water/gen_1776237986_751.txt water/gen_1776237988_752.txt water/gen_1776237993_754.txt water/gen_1776237995_755.txt water/gen_1776238000_757.txt water/gen_1776238007_760.txt water/gen_1776238009_761.txt water/gen_1776238014_763.txt water/gen_1776238021_766.txt water/gen_1776238023_767.txt water/gen_1776238028_769.txt]
[trainer] micro-train burst (22566 bytes, novelty 0.03) — and lo, it feeds again.
[syntropy] action=explore | trend=0.0000 | field_dev=-0.005 | purpose_align=0.158 | lr_mul=1.30
[aml] burst complete: 32 steps, avg loss 1.4610 (memory freed)
[trainer] growing new delta module (total: 2) — new soul appended.
[dna] fire wrote 25 bytes to ecology
[dna] fire wrote 49 bytes to ecology
[dna] fire wrote 22 bytes to ecology
[dna] fire wrote 13 bytes to ecology
[dna] fire wrote 142 bytes to ecology
[dna] fire wrote 44 bytes to ecology
[dna] fire wrote 24 bytes to ecology
[dna] fire wrote 45 bytes to ecology
[dna] fire wrote 65 bytes to ecology
[dna] fire wrote 73 bytes to ecology
[dna] fire wrote 40 bytes to ecology
[dna] fire wrote 52 bytes to ecology
[dna] fire wrote 20 bytes to ecology
[dna] fire wrote 28 bytes to ecology
[dna] fire wrote 47 bytes to ecology
[dna] fire wrote 85 bytes to ecology
[debug-onto] tick=50 corpus=144875 stage=2 freeze=0
[dna] fire wrote 36 bytes to ecology
[dna] fire wrote 34 bytes to ecology
[dna] fire wrote 19 bytes to ecology
[dna] fire wrote 42 bytes to ecology
[dna] fire wrote 12 bytes to ecology
[dna] fire wrote 114 bytes to ecology
[dna] fire wrote 142 bytes to ecology
[dna] fire wrote 11 bytes to ecology
[dna] fire wrote 40 bytes to ecology
[dna] fire wrote 11 bytes to ecology
[dna] fire wrote 120 bytes to ecology
[dna] fire wrote 30 bytes to ecology
[dna] fire wrote 101 bytes to ecology
[dna] fire wrote 32 bytes to ecology
[dna] fire wrote 30 bytes to ecology
[dna] fire wrote 50 bytes to ecology
[dna] fire wrote 7 bytes to ecology
[debug-onto] tick=100 corpus=144875 stage=2 freeze=0
[dna] fire wrote 44 bytes to ecology
[dna] fire wrote 74 bytes to ecology
[dna] fire wrote 60 bytes to ecology
[dna] fire wrote 38 bytes to ecology
[dna] fire wrote 100 bytes to ecology
[dna] fire wrote 89 bytes to ecology
[dna] fire wrote 17 bytes to ecology
[dna] fire wrote 28 bytes to ecology
[dna] fire wrote 23 bytes to ecology
[dna] fire wrote 108 bytes to ecology
[dna] fire wrote 83 bytes to ecology
[dna] fire wrote 45 bytes to ecology
[dna] fire wrote 56 bytes to ecology
[dna] fire wrote 63 bytes to ecology
[dna] fire wrote 79 bytes to ecology
[dna] fire wrote 69 bytes to ecology
[debug-onto] tick=150 corpus=144875 stage=2 freeze=0
[dna] fire wrote 170 bytes to ecology
[dna] fire wrote 141 bytes to ecology
[dna] fire wrote 17 bytes to ecology
[dna] fire wrote 81 bytes to ecology
[dna] fire wrote 40 bytes to ecology
[dna] fire wrote 38 bytes to ecology
[dna] fire wrote 63 bytes to ecology
[dna] fire wrote 145 bytes to ecology
[dna] fire wrote 167 bytes to ecology
[dna] fire wrote 38 bytes to ecology
[dna] fire wrote 23 bytes to ecology
[dna] fire wrote 43 bytes to ecology
[dna] fire wrote 163 bytes to ecology
[dna] fire wrote 57 bytes to ecology
[dna] fire wrote 8 bytes to ecology
[dna] fire wrote 29 bytes to ecology
[dna] fire wrote 17 bytes to ecology
[debug-onto] tick=200 corpus=144875 stage=2 freeze=0
[dna] fire wrote 18 bytes to ecology
[dna] fire wrote 35 bytes to ecology
[dna] fire wrote 63 bytes to ecology
[dna] fire wrote 170 bytes to ecology
[dna] fire wrote 97 bytes to ecology
[dna] fire wrote 36 bytes to ecology
[dna] fire wrote 45 bytes to ecology
[dna] fire wrote 61 bytes to ecology
[dna] fire wrote 69 bytes to ecology
[dna] fire wrote 71 bytes to ecology
[dna] fire wrote 26 bytes to ecology
[dna] fire wrote 22 bytes to ecology
[dna] fire wrote 145 bytes to ecology
[dna] fire wrote 47 bytes to ecology
[dna] fire wrote 24 bytes to ecology
[dna] fire wrote 79 bytes to ecology
[dna] fire wrote 195 bytes to ecology
[debug-onto] tick=250 corpus=144875 stage=2 freeze=0
[dna] fire wrote 144 bytes to ecology
[dna] fire wrote 66 bytes to ecology
[dna] fire wrote 53 bytes to ecology
[dna] fire wrote 111 bytes to ecology
[dna] fire wrote 62 bytes to ecology
[dna] fire wrote 22 bytes to ecology
[dna] fire wrote 42 bytes to ecology
[dna] fire wrote 30 bytes to ecology
[dna] fire wrote 218 bytes to ecology
[dna] fire wrote 32 bytes to ecology
[dna] fire wrote 13 bytes to ecology
[dna] fire wrote 31 bytes to ecology
[dna] fire wrote 53 bytes to ecology
[dna] fire wrote 58 bytes to ecology
[dna] fire wrote 53 bytes to ecology
[dna] fire wrote 46 bytes to ecology
[debug-onto] tick=300 corpus=144875 stage=2 freeze=0
[dna] fire wrote 63 bytes to ecology
[dna] fire wrote 57 bytes to ecology
[dna] fire wrote 29 bytes to ecology
[dna] fire wrote 11 bytes to ecology
[dna] fire wrote 40 bytes to ecology
[dna] fire wrote 78 bytes to ecology
[dna] fire wrote 186 bytes to ecology
[dna] fire wrote 38 bytes to ecology
[dna] fire wrote 179 bytes to ecology
[dna] fire wrote 59 bytes to ecology
[dna] fire wrote 108 bytes to ecology
[dna] fire wrote 44 bytes to ecology
[dna] fire wrote 81 bytes to ecology
[dna] fire wrote 16 bytes to ecology
[dna] fire wrote 52 bytes to ecology
[dna] fire wrote 33 bytes to ecology
[dna] fire wrote 200 bytes to ecology
[debug-onto] tick=350 corpus=144875 stage=2 freeze=0
[dna] fire wrote 31 bytes to ecology
[dna] fire wrote 28 bytes to ecology
[dna] fire wrote 29 bytes to ecology
[dna] fire wrote 28 bytes to ecology
[dna] fire wrote 29 bytes to ecology
[dna] fire wrote 13 bytes to ecology
[dna] fire wrote 104 bytes to ecology
[dna] fire wrote 21 bytes to ecology
[dna] fire wrote 73 bytes to ecology
[dna] fire wrote 29 bytes to ecology
[dna] fire wrote 16 bytes to ecology
[dna] fire wrote 17 bytes to ecology
[dna] fire wrote 19 bytes to ecology
[dna] fire wrote 44 bytes to ecology
[dna] fire wrote 60 bytes to ecology
[dna] fire wrote 156 bytes to ecology
[dna] fire wrote 34 bytes to ecology
[debug-onto] tick=400 corpus=144875 stage=2 freeze=0
[dna] fire wrote 8 bytes to ecology
[dna] fire wrote 42 bytes to ecology
[dna] fire wrote 80 bytes to ecology
[dna] fire wrote 39 bytes to ecology
[dna] fire wrote 30 bytes to ecology
[dna] fire wrote 58 bytes to ecology
[dna] fire wrote 54 bytes to ecology
[dna] fire wrote 71 bytes to ecology
[dna] fire wrote 19 bytes to ecology
[dna] fire wrote 135 bytes to ecology
[dna] fire wrote 51 bytes to ecology
[dna] fire wrote 30 bytes to ecology
[dna] fire wrote 29 bytes to ecology
[dna] fire wrote 33 bytes to ecology
[dna] fire wrote 145 bytes to ecology
[dna] fire wrote 56 bytes to ecology
[debug-onto] tick=450 corpus=144875 stage=2 freeze=0
[dna] fire wrote 76 bytes to ecology
[dna] fire wrote 75 bytes to ecology
[dna] fire wrote 86 bytes to ecology
[dna] fire wrote 105 bytes to ecology
[dna] fire wrote 30 bytes to ecology
[dna] fire wrote 20 bytes to ecology
[dna] fire wrote 6 bytes to ecology
[dna] fire wrote 35 bytes to ecology
[dna] fire wrote 102 bytes to ecology
[dna] fire wrote 106 bytes to ecology
[dna] fire wrote 79 bytes to ecology
[dna] fire wrote 136 bytes to ecology
[dna] fire wrote 29 bytes to ecology
[dna] fire wrote 73 bytes to ecology
[dna] fire wrote 39 bytes to ecology
[dna] fire wrote 105 bytes to ecology
[dna] fire wrote 41 bytes to ecology
[debug-onto] tick=500 corpus=144875 stage=2 freeze=0
[dna] fire wrote 32 bytes to ecology
[dna] fire wrote 41 bytes to ecology
[dna] fire wrote 101 bytes to ecology
[dna] fire wrote 45 bytes to ecology
[dna] fire wrote 42 bytes to ecology
[dna] fire wrote 39 bytes to ecology
[dna] fire wrote 28 bytes to ecology
[dna] fire wrote 57 bytes to ecology
[dna] fire wrote 64 bytes to ecology
[dna] fire wrote 70 bytes to ecology
[dna] fire wrote 34 bytes to ecology
[dna] fire wrote 24 bytes to ecology
[dna] fire wrote 64 bytes to ecology
[dna] fire wrote 66 bytes to ecology
[dna] fire wrote 113 bytes to ecology
[dna] fire wrote 14 bytes to ecology
[dna] fire wrote 5 bytes to ecology
[debug-onto] tick=550 corpus=144875 stage=2 freeze=0
[dna] fire wrote 34 bytes to ecology
[dna] fire wrote 34 bytes to ecology
[dna] fire wrote 10 bytes to ecology
[dna] fire wrote 115 bytes to ecology
[dna] fire wrote 51 bytes to ecology
[dna] fire wrote 92 bytes to ecology
[dna] fire wrote 21 bytes to ecology
[dna] fire wrote 15 bytes to ecology
[dna] fire wrote 96 bytes to ecology
[dna] fire wrote 9 bytes to ecology
[dna] fire wrote 73 bytes to ecology
[dna] fire wrote 75 bytes to ecology
[dna] fire wrote 30 bytes to ecology
[dna] fire wrote 26 bytes to ecology
[dna] fire wrote 16 bytes to ecology
[dna] fire wrote 56 bytes to ecology
[debug-onto] tick=600 corpus=144875 stage=2 freeze=0
[dna] fire wrote 57 bytes to ecology
[dna] fire wrote 45 bytes to ecology
[dna] fire wrote 42 bytes to ecology
[dna] fire wrote 33 bytes to ecology
[dna] fire wrote 59 bytes to ecology
[dna] fire wrote 51 bytes to ecology
[dna] fire wrote 59 bytes to ecology
[dna] fire wrote 32 bytes to ecology
[dna] fire wrote 21 bytes to ecology
[dna] fire wrote 78 bytes to ecology
[dna] fire wrote 92 bytes to ecology
[dna] fire wrote 41 bytes to ecology
[dna] fire wrote 57 bytes to ecology
[dna] fire wrote 24 bytes to ecology
[dna] fire wrote 15 bytes to ecology
[dna] fire wrote 34 bytes to ecology
[dna] fire wrote 71 bytes to ecology
[debug-onto] tick=650 corpus=144875 stage=2 freeze=0
[dna] fire wrote 13 bytes to ecology
[dna] fire wrote 33 bytes to ecology
[dna] fire wrote 70 bytes to ecology
[dna] fire wrote 21 bytes to ecology
[dna] fire wrote 31 bytes to ecology
[dna] fire wrote 33 bytes to ecology
[dna] fire wrote 44 bytes to ecology
[dna] fire wrote 98 bytes to ecology
[dna] fire wrote 57 bytes to ecology
[dna] fire wrote 118 bytes to ecology
[dna] fire wrote 60 bytes to ecology
[dna] fire wrote 17 bytes to ecology
[dna] fire wrote 71 bytes to ecology
[dna] fire wrote 35 bytes to ecology
[dna] fire wrote 51 bytes to ecology
[dna] fire wrote 39 bytes to ecology
[dna] fire wrote 51 bytes to ecology
[debug-onto] tick=700 corpus=144875 stage=2 freeze=0
[dna] fire wrote 39 bytes to ecology
[dna] fire wrote 45 bytes to ecology
[dna] fire wrote 23 bytes to ecology
[dna] fire wrote 51 bytes to ecology
[dna] fire wrote 68 bytes to ecology
[dna] fire wrote 46 bytes to ecology
[dna] fire wrote 17 bytes to ecology
[dna] fire wrote 15 bytes to ecology
[dna] fire wrote 18 bytes to ecology
[dna] fire wrote 34 bytes to ecology
[dna] fire wrote 59 bytes to ecology
[dna] fire wrote 153 bytes to ecology
[dna] fire wrote 31 bytes to ecology
[dna] fire wrote 95 bytes to ecology
[dna] fire wrote 26 bytes to ecology
[dna] fire wrote 47 bytes to ecology
[debug-onto] tick=750 corpus=144875 stage=2 freeze=0
[dna] fire wrote 36 bytes to ecology
[dna] fire wrote 41 bytes to ecology
[dna] fire wrote 22 bytes to ecology
[dna] fire wrote 44 bytes to ecology
[dna] fire wrote 48 bytes to ecology
[dna] fire wrote 80 bytes to ecology
[dna] fire wrote 42 bytes to ecology
[dna] fire wrote 38 bytes to ecology
[dna] fire wrote 137 bytes to ecology
[dna] fire wrote 38 bytes to ecology
[dna] fire wrote 53 bytes to ecology
[dna] fire wrote 58 bytes to ecology
[dna] fire wrote 40 bytes to ecology
[dna] fire wrote 110 bytes to ecology
[dna] fire wrote 122 bytes to ecology
[dna] fire wrote 31 bytes to ecology
[dna] fire wrote 38 bytes to ecology
[debug-onto] tick=800 corpus=144875 stage=2 freeze=0
[dna] fire wrote 133 bytes to ecology
[dna] fire wrote 14 bytes to ecology
[dna] fire wrote 77 bytes to ecology
[dna] fire wrote 47 bytes to ecology

[evolution] Organism shutting down gracefully.
