[ecology] Element: water → corpus: nonames_water.txt
[evolution] Autonomous evolution mode — organism will grow through all stages without pause.
[ecology] Joined swarm. 1 peer(s) detected.
molequla is alive. [evolution] Autonomous mode — background trainer running. Ctrl+C to stop.
[dna] water wrote 83 bytes to ecology
[dna] water consumed 21845 bytes from 277 files: [air/gen_1776234432_1.txt air/gen_1776234445_4.txt air/gen_1776234452_7.txt air/gen_1776234458_10.txt air/gen_1776234465_13.txt air/gen_1776234471_16.txt air/gen_1776234478_19.txt air/gen_1776234484_22.txt air/gen_1776234491_25.txt air/gen_1776234497_28.txt air/gen_1776234504_31.txt air/gen_1776234510_34.txt air/gen_1776234517_37.txt air/gen_1776234523_40.txt air/gen_1776234530_43.txt air/gen_1776234536_46.txt air/gen_1776234542_49.txt air/gen_1776234549_52.txt air/gen_1776234555_55.txt air/gen_1776234561_58.txt air/gen_1776234568_61.txt air/gen_1776234574_64.txt air/gen_1776234581_67.txt air/gen_1776234587_70.txt air/gen_1776234593_73.txt air/gen_1776234600_76.txt air/gen_1776234606_79.txt air/gen_1776234612_82.txt air/gen_1776234619_85.txt air/gen_1776234625_88.txt air/gen_1776234632_91.txt air/gen_1776234638_94.txt air/gen_1776234644_97.txt air/gen_1776234651_100.txt air/gen_1776234657_103.txt air/gen_1776234664_106.txt air/gen_1776234670_109.txt air/gen_1776234676_112.txt air/gen_1776234683_115.txt air/gen_1776234689_118.txt air/gen_1776234696_121.txt air/gen_1776234702_124.txt air/gen_1776234709_127.txt air/gen_1776234715_130.txt air/gen_1776234721_133.txt air/gen_1776234728_136.txt air/gen_1776234734_139.txt air/gen_1776234740_142.txt air/gen_1776234747_145.txt air/gen_1776234753_148.txt air/gen_1776234760_151.txt air/gen_1776234766_154.txt air/gen_1776234773_157.txt air/gen_1776234779_160.txt air/gen_1776234786_163.txt air/gen_1776234793_166.txt air/gen_1776234799_169.txt air/gen_1776234806_172.txt air/gen_1776234812_175.txt air/gen_1776234819_178.txt air/gen_1776234825_181.txt air/gen_1776234832_184.txt air/gen_1776234838_187.txt air/gen_1776234845_190.txt air/gen_1776234852_193.txt air/gen_1776234858_196.txt air/gen_1776234865_199.txt air/gen_1776234871_202.txt air/gen_1776234878_205.txt air/gen_1776234884_208.txt air/gen_1776234891_211.txt air/gen_1776234897_214.txt air/gen_1776234904_217.txt air/gen_1776234910_220.txt air/gen_1776234917_223.txt air/gen_1776234923_226.txt air/gen_1776234930_229.txt air/gen_1776234936_232.txt air/gen_1776234943_235.txt air/gen_1776234949_238.txt air/gen_1776234956_241.txt air/gen_1776234962_244.txt air/gen_1776234969_247.txt air/gen_1776234975_250.txt air/gen_1776234981_253.txt air/gen_1776234988_256.txt air/gen_1776234994_259.txt air/gen_1776235001_262.txt air/gen_1776235007_265.txt air/gen_1776235013_268.txt air/gen_1776235020_271.txt air/gen_1776235026_274.txt air/gen_1776235033_277.txt air/gen_1776235039_280.txt air/gen_1776235045_283.txt air/gen_1776235052_286.txt air/gen_1776235058_289.txt air/gen_1776235064_292.txt air/gen_1776235071_295.txt air/gen_1776235077_298.txt air/gen_1776235084_301.txt air/gen_1776235090_304.txt air/gen_1776235096_307.txt air/gen_1776235103_310.txt air/gen_1776235109_313.txt air/gen_1776235116_316.txt air/gen_1776235122_319.txt air/gen_1776235129_322.txt air/gen_1776235135_325.txt air/gen_1776235142_328.txt air/gen_1776235148_331.txt air/gen_1776235155_334.txt air/gen_1776235161_337.txt air/gen_1776235168_340.txt air/gen_1776235174_343.txt air/gen_1776235181_346.txt air/gen_1776235187_349.txt air/gen_1776235194_352.txt air/gen_1776235201_355.txt air/gen_1776235207_358.txt air/gen_1776235214_361.txt air/gen_1776235220_364.txt air/gen_1776235227_367.txt air/gen_1776235233_370.txt air/gen_1776235240_373.txt air/gen_1776235246_376.txt air/gen_1776235253_379.txt air/gen_1776235260_382.txt air/gen_1776235266_385.txt air/gen_1776235273_388.txt air/gen_1776235279_391.txt air/gen_1776235285_394.txt air/gen_1776235292_397.txt air/gen_1776235298_400.txt air/gen_1776235305_403.txt air/gen_1776235311_406.txt air/gen_1776235318_409.txt air/gen_1776235324_412.txt air/gen_1776235331_415.txt air/gen_1776235337_418.txt air/gen_1776235344_421.txt air/gen_1776235350_424.txt air/gen_1776235357_427.txt air/gen_1776235363_430.txt air/gen_1776235370_433.txt air/gen_1776235376_436.txt air/gen_1776235383_439.txt air/gen_1776235389_442.txt air/gen_1776235396_445.txt air/gen_1776235402_448.txt air/gen_1776235409_451.txt air/gen_1776235415_454.txt air/gen_1776235422_457.txt air/gen_1776235428_460.txt air/gen_1776235435_463.txt air/gen_1776235441_466.txt air/gen_1776235447_469.txt air/gen_1776235454_472.txt air/gen_1776235460_475.txt air/gen_1776235467_478.txt air/gen_1776235473_481.txt air/gen_1776235480_484.txt air/gen_1776235486_487.txt air/gen_1776235493_490.txt air/gen_1776235499_493.txt air/gen_1776235506_496.txt air/gen_1776235512_499.txt air/gen_1776235518_502.txt air/gen_1776235525_505.txt air/gen_1776235531_508.txt air/gen_1776235538_511.txt air/gen_1776235544_514.txt air/gen_1776235551_517.txt air/gen_1776235557_520.txt air/gen_1776235564_523.txt air/gen_1776235570_526.txt air/gen_1776235577_529.txt air/gen_1776235583_532.txt air/gen_1776235590_535.txt air/gen_1776235596_538.txt air/gen_1776235603_541.txt air/gen_1776235609_544.txt air/gen_1776235616_547.txt air/gen_1776235622_550.txt air/gen_1776235629_553.txt air/gen_1776235635_556.txt air/gen_1776235642_559.txt air/gen_1776235648_562.txt air/gen_1776235654_565.txt air/gen_1776235661_568.txt air/gen_1776235667_571.txt air/gen_1776235674_574.txt air/gen_1776235680_577.txt air/gen_1776235687_580.txt air/gen_1776235693_583.txt air/gen_1776235699_586.txt air/gen_1776235706_589.txt air/gen_1776235712_592.txt air/gen_1776235719_595.txt air/gen_1776235725_598.txt air/gen_1776235732_601.txt air/gen_1776235738_604.txt air/gen_1776235744_607.txt air/gen_1776235751_610.txt air/gen_1776235757_613.txt air/gen_1776235764_616.txt air/gen_1776235771_619.txt air/gen_1776235777_622.txt air/gen_1776235784_625.txt air/gen_1776235790_628.txt air/gen_1776235797_631.txt air/gen_1776235803_634.txt air/gen_1776235810_637.txt air/gen_1776235816_640.txt air/gen_1776235823_643.txt air/gen_1776235829_646.txt air/gen_1776235835_649.txt air/gen_1776235842_652.txt air/gen_1776235848_655.txt air/gen_1776235855_658.txt air/gen_1776235861_661.txt air/gen_1776235867_664.txt air/gen_1776235874_667.txt air/gen_1776235880_670.txt air/gen_1776235887_673.txt air/gen_1776235893_676.txt air/gen_1776235900_679.txt air/gen_1776235906_682.txt air/gen_1776235913_685.txt air/gen_1776235919_688.txt air/gen_1776235926_691.txt air/gen_1776235932_694.txt air/gen_1776235939_697.txt air/gen_1776235945_700.txt air/gen_1776235952_703.txt air/gen_1776235958_706.txt air/gen_1776235965_709.txt air/gen_1776235971_712.txt air/gen_1776235978_715.txt air/gen_1776235984_718.txt air/gen_1776235991_721.txt air/gen_1776235998_724.txt air/gen_1776236004_727.txt air/gen_1776236010_730.txt air/gen_1776236017_733.txt air/gen_1776236023_736.txt air/gen_1776236030_739.txt air/gen_1776236036_742.txt air/gen_1776236043_745.txt air/gen_1776236049_748.txt air/gen_1776236056_751.txt air/gen_1776236062_754.txt air/gen_1776236069_757.txt air/gen_1776236075_760.txt air/gen_1776236082_763.txt air/gen_1776236088_766.txt air/gen_1776236095_769.txt air/gen_1776236101_772.txt air/gen_1776236108_775.txt air/gen_1776236115_778.txt air/gen_1776236121_781.txt air/gen_1776236128_784.txt air/gen_1776236134_787.txt air/gen_1776236141_790.txt air/gen_1776236147_793.txt air/gen_1776236154_796.txt air/gen_1776236160_799.txt air/gen_1776236167_802.txt air/gen_1776236173_805.txt air/gen_1776236180_808.txt air/gen_1776236186_811.txt air/gen_1776236193_814.txt air/gen_1776236199_817.txt air/gen_1776236206_820.txt air/gen_1776236212_823.txt air/gen_1776236218_826.txt air/gen_1776236225_829.txt]
[trainer] micro-train burst (21845 bytes, novelty 0.03) — and lo, it feeds again.
[syntropy] action=explore | trend=0.0000 | field_dev=-0.053 | purpose_align=0.179 | lr_mul=1.30
[aml] burst complete: 32 steps, avg loss 1.9448 (memory freed)
[dna] water wrote 33 bytes to ecology
[dna] water wrote 10 bytes to ecology
[dna] water wrote 98 bytes to ecology
[dna] water wrote 11 bytes to ecology
[dna] water wrote 46 bytes to ecology
[dna] water wrote 35 bytes to ecology
[dna] water wrote 71 bytes to ecology
[dna] water wrote 84 bytes to ecology
[dna] water wrote 89 bytes to ecology
[dna] water wrote 33 bytes to ecology
[dna] water wrote 174 bytes to ecology
[dna] water wrote 17 bytes to ecology
[dna] water wrote 127 bytes to ecology
[dna] water wrote 119 bytes to ecology
[dna] water wrote 10 bytes to ecology
[dna] water wrote 105 bytes to ecology
[dna] water wrote 62 bytes to ecology
[dna] water wrote 92 bytes to ecology
[dna] water wrote 55 bytes to ecology
[dna] water wrote 47 bytes to ecology
[dna] water wrote 10 bytes to ecology
[dna] water wrote 44 bytes to ecology
[dna] water wrote 79 bytes to ecology
[dna] water wrote 55 bytes to ecology
[dna] water wrote 10 bytes to ecology
[dna] water wrote 28 bytes to ecology
[debug-onto] tick=50 corpus=147819 stage=2 freeze=0
[dna] water wrote 121 bytes to ecology
[dna] water wrote 19 bytes to ecology
[dna] water wrote 77 bytes to ecology
[dna] water wrote 54 bytes to ecology
[dna] water wrote 10 bytes to ecology
[dna] water wrote 29 bytes to ecology
[dna] water wrote 69 bytes to ecology
[dna] water wrote 15 bytes to ecology
[dna] water wrote 32 bytes to ecology
[dna] water wrote 31 bytes to ecology
[dna] water wrote 43 bytes to ecology
[dna] water wrote 46 bytes to ecology
[dna] water wrote 29 bytes to ecology
[dna] water wrote 24 bytes to ecology
[dna] water wrote 40 bytes to ecology
[dna] water wrote 131 bytes to ecology
[dna] water wrote 48 bytes to ecology
[dna] water wrote 52 bytes to ecology
[dna] water wrote 10 bytes to ecology
[dna] water wrote 158 bytes to ecology
[dna] water wrote 38 bytes to ecology
[dna] water wrote 19 bytes to ecology
[dna] water wrote 67 bytes to ecology
[dna] water wrote 29 bytes to ecology
[debug-onto] tick=100 corpus=147819 stage=2 freeze=0
[dna] water wrote 125 bytes to ecology
[dna] water wrote 45 bytes to ecology
[dna] water wrote 17 bytes to ecology
[dna] water wrote 27 bytes to ecology
[dna] water wrote 55 bytes to ecology
[dna] water wrote 80 bytes to ecology
[dna] water wrote 29 bytes to ecology
[dna] water wrote 54 bytes to ecology
[dna] water wrote 47 bytes to ecology
[dna] water wrote 37 bytes to ecology
[dna] water wrote 11 bytes to ecology
[dna] water wrote 35 bytes to ecology
[dna] water wrote 31 bytes to ecology
[dna] water wrote 50 bytes to ecology
[dna] water wrote 40 bytes to ecology
[dna] water wrote 41 bytes to ecology
[dna] water wrote 31 bytes to ecology
[dna] water wrote 10 bytes to ecology
[dna] water wrote 10 bytes to ecology
[dna] water wrote 136 bytes to ecology
[dna] water wrote 11 bytes to ecology
[dna] water wrote 33 bytes to ecology
[dna] water wrote 57 bytes to ecology
[dna] water wrote 21 bytes to ecology
[debug-onto] tick=150 corpus=147819 stage=2 freeze=0
[dna] water wrote 83 bytes to ecology
[dna] water wrote 10 bytes to ecology
[dna] water wrote 32 bytes to ecology
[dna] water wrote 108 bytes to ecology
[dna] water wrote 27 bytes to ecology
[dna] water wrote 125 bytes to ecology
[dna] water wrote 11 bytes to ecology
[dna] water wrote 44 bytes to ecology
[dna] water wrote 21 bytes to ecology
[dna] water wrote 70 bytes to ecology
[dna] water wrote 29 bytes to ecology
[dna] water wrote 34 bytes to ecology
[dna] water wrote 31 bytes to ecology
[dna] water wrote 10 bytes to ecology
[dna] water wrote 43 bytes to ecology
[dna] water wrote 100 bytes to ecology
[dna] water wrote 24 bytes to ecology
[dna] water wrote 88 bytes to ecology
[dna] water wrote 90 bytes to ecology
[dna] water wrote 11 bytes to ecology
[dna] water wrote 41 bytes to ecology
[dna] water wrote 34 bytes to ecology
[dna] water wrote 10 bytes to ecology
[dna] water wrote 100 bytes to ecology
[dna] water wrote 34 bytes to ecology
[dna] water wrote 63 bytes to ecology
[dna] water wrote 77 bytes to ecology
[debug-onto] tick=200 corpus=147819 stage=2 freeze=0
[dna] water wrote 30 bytes to ecology
[dna] water wrote 10 bytes to ecology
[dna] water wrote 41 bytes to ecology
[dna] water wrote 42 bytes to ecology
[dna] water wrote 44 bytes to ecology
[dna] water wrote 38 bytes to ecology
[dna] water wrote 19 bytes to ecology
[dna] water wrote 39 bytes to ecology
[dna] water wrote 10 bytes to ecology
[dna] water wrote 158 bytes to ecology
[dna] water wrote 46 bytes to ecology
[dna] water wrote 95 bytes to ecology
[dna] water wrote 28 bytes to ecology
[dna] water wrote 69 bytes to ecology
[dna] water wrote 57 bytes to ecology
[dna] water wrote 155 bytes to ecology
[dna] water wrote 10 bytes to ecology
[dna] water wrote 94 bytes to ecology
[dna] water wrote 80 bytes to ecology
[dna] water wrote 13 bytes to ecology
[dna] water wrote 11 bytes to ecology
[dna] water wrote 10 bytes to ecology
[dna] water wrote 92 bytes to ecology
[dna] water wrote 106 bytes to ecology
[dna] water wrote 140 bytes to ecology
[dna] water wrote 106 bytes to ecology
[dna] water wrote 23 bytes to ecology
[dna] water wrote 47 bytes to ecology
[dna] water wrote 10 bytes to ecology
[dna] water wrote 144 bytes to ecology
[debug-onto] tick=250 corpus=147819 stage=2 freeze=0
[dna] water wrote 10 bytes to ecology
[dna] water wrote 24 bytes to ecology
[dna] water wrote 23 bytes to ecology
[dna] water wrote 49 bytes to ecology
[dna] water wrote 42 bytes to ecology
[dna] water wrote 60 bytes to ecology
[dna] water wrote 10 bytes to ecology
[dna] water wrote 223 bytes to ecology
[dna] water wrote 86 bytes to ecology
[dna] water wrote 80 bytes to ecology
[dna] water wrote 27 bytes to ecology
[dna] water wrote 16 bytes to ecology
[dna] water wrote 79 bytes to ecology
[dna] water wrote 48 bytes to ecology
[dna] water wrote 52 bytes to ecology
[dna] water wrote 46 bytes to ecology
[dna] water wrote 62 bytes to ecology
[dna] water wrote 12 bytes to ecology
[dna] water wrote 10 bytes to ecology
[dna] water wrote 42 bytes to ecology
[dna] water wrote 60 bytes to ecology
[dna] water wrote 10 bytes to ecology
[dna] water wrote 63 bytes to ecology
[dna] water wrote 73 bytes to ecology
[dna] water wrote 106 bytes to ecology
[dna] water wrote 120 bytes to ecology
[dna] water wrote 11 bytes to ecology
[debug-onto] tick=300 corpus=147819 stage=2 freeze=0
[dna] water wrote 46 bytes to ecology
[dna] water wrote 31 bytes to ecology
[dna] water wrote 30 bytes to ecology
[dna] water wrote 31 bytes to ecology
[dna] water wrote 43 bytes to ecology
[dna] water wrote 10 bytes to ecology
[dna] water wrote 16 bytes to ecology
[dna] water wrote 23 bytes to ecology
[dna] water wrote 121 bytes to ecology
[dna] water wrote 105 bytes to ecology
[dna] water wrote 98 bytes to ecology
[dna] water wrote 37 bytes to ecology
[dna] water wrote 44 bytes to ecology
[dna] water wrote 59 bytes to ecology
[dna] water wrote 10 bytes to ecology
[dna] water wrote 139 bytes to ecology
[dna] water wrote 31 bytes to ecology
[dna] water wrote 58 bytes to ecology
[dna] water wrote 53 bytes to ecology
[dna] water wrote 55 bytes to ecology
[dna] water wrote 10 bytes to ecology
[dna] water wrote 223 bytes to ecology
[dna] water wrote 10 bytes to ecology
[dna] water wrote 35 bytes to ecology
[dna] water wrote 45 bytes to ecology
[dna] water wrote 56 bytes to ecology
[debug-onto] tick=350 corpus=147819 stage=2 freeze=0
[dna] water wrote 61 bytes to ecology
[dna] water wrote 10 bytes to ecology
[dna] water wrote 34 bytes to ecology
[dna] water wrote 28 bytes to ecology
[dna] water wrote 10 bytes to ecology
[dna] water wrote 48 bytes to ecology
[dna] water wrote 97 bytes to ecology
[dna] water wrote 11 bytes to ecology
[dna] water wrote 9 bytes to ecology
[dna] water wrote 15 bytes to ecology
[dna] water wrote 157 bytes to ecology
[dna] water wrote 28 bytes to ecology
[dna] water wrote 124 bytes to ecology
[dna] water wrote 83 bytes to ecology
[dna] water wrote 116 bytes to ecology
[dna] water wrote 56 bytes to ecology
[dna] water wrote 41 bytes to ecology
[dna] water wrote 41 bytes to ecology
[dna] water wrote 21 bytes to ecology
[dna] water wrote 104 bytes to ecology
[dna] water wrote 35 bytes to ecology
[dna] water wrote 100 bytes to ecology
[dna] water wrote 124 bytes to ecology
[dna] water wrote 65 bytes to ecology
[dna] water wrote 11 bytes to ecology
[dna] water wrote 37 bytes to ecology
[debug-onto] tick=400 corpus=147819 stage=2 freeze=0
[dna] water wrote 10 bytes to ecology
[dna] water wrote 117 bytes to ecology
[dna] water wrote 11 bytes to ecology
[dna] water wrote 26 bytes to ecology
[dna] water wrote 51 bytes to ecology
[dna] water wrote 27 bytes to ecology
[dna] water wrote 11 bytes to ecology
[dna] water wrote 54 bytes to ecology
[dna] water wrote 89 bytes to ecology
[dna] water wrote 29 bytes to ecology
[dna] water wrote 44 bytes to ecology
[dna] water wrote 152 bytes to ecology
[dna] water wrote 144 bytes to ecology
[dna] water wrote 79 bytes to ecology
[dna] water wrote 53 bytes to ecology
[dna] water wrote 48 bytes to ecology
[dna] water wrote 37 bytes to ecology
[dna] water wrote 49 bytes to ecology
[dna] water wrote 10 bytes to ecology
[dna] water wrote 33 bytes to ecology
[dna] water wrote 11 bytes to ecology
[dna] water wrote 41 bytes to ecology
[dna] water wrote 59 bytes to ecology
[dna] water wrote 55 bytes to ecology
[dna] water wrote 44 bytes to ecology
[dna] water wrote 119 bytes to ecology
[dna] water wrote 26 bytes to ecology
[debug-onto] tick=450 corpus=147819 stage=2 freeze=0
[dna] water wrote 120 bytes to ecology
[dna] water wrote 76 bytes to ecology
[dna] water wrote 58 bytes to ecology
[dna] water wrote 24 bytes to ecology
[dna] water wrote 208 bytes to ecology
[dna] water wrote 43 bytes to ecology
[dna] water wrote 11 bytes to ecology
[dna] water wrote 45 bytes to ecology
[dna] water wrote 28 bytes to ecology
[dna] water wrote 123 bytes to ecology
[dna] water wrote 57 bytes to ecology
[dna] water wrote 116 bytes to ecology
[dna] water wrote 19 bytes to ecology
[dna] water wrote 44 bytes to ecology
[dna] water wrote 21 bytes to ecology
[dna] water wrote 32 bytes to ecology
[dna] water wrote 11 bytes to ecology
[dna] water wrote 15 bytes to ecology
[dna] water wrote 25 bytes to ecology
[dna] water wrote 75 bytes to ecology
[dna] water wrote 95 bytes to ecology
[dna] water wrote 28 bytes to ecology
[dna] water wrote 64 bytes to ecology
[dna] water wrote 32 bytes to ecology
[dna] water wrote 35 bytes to ecology
[dna] water wrote 126 bytes to ecology
[dna] water wrote 10 bytes to ecology
[dna] water wrote 35 bytes to ecology
[debug-onto] tick=500 corpus=147819 stage=2 freeze=0
[dna] water wrote 48 bytes to ecology
[dna] water wrote 11 bytes to ecology
[dna] water wrote 43 bytes to ecology
[dna] water wrote 12 bytes to ecology
[dna] water wrote 10 bytes to ecology
[dna] water wrote 42 bytes to ecology
[dna] water wrote 86 bytes to ecology
[dna] water wrote 21 bytes to ecology
[dna] water wrote 43 bytes to ecology
[dna] water wrote 39 bytes to ecology
[dna] water wrote 30 bytes to ecology
[dna] water wrote 120 bytes to ecology
[dna] water wrote 10 bytes to ecology
[dna] water wrote 26 bytes to ecology
[dna] water wrote 11 bytes to ecology
[dna] water wrote 58 bytes to ecology
[dna] water wrote 154 bytes to ecology
[dna] water wrote 72 bytes to ecology
[dna] water wrote 80 bytes to ecology
[dna] water wrote 9 bytes to ecology
[dna] water wrote 10 bytes to ecology
[dna] water wrote 310 bytes to ecology
[dna] water wrote 75 bytes to ecology
[dna] water wrote 10 bytes to ecology
[dna] water wrote 65 bytes to ecology
[dna] water wrote 11 bytes to ecology
[dna] water wrote 46 bytes to ecology
[debug-onto] tick=550 corpus=147819 stage=2 freeze=0
[dna] water wrote 77 bytes to ecology
[dna] water wrote 43 bytes to ecology
[dna] water wrote 45 bytes to ecology
[dna] water wrote 30 bytes to ecology
[dna] water wrote 11 bytes to ecology
[dna] water wrote 50 bytes to ecology
[dna] water wrote 27 bytes to ecology
[dna] water wrote 22 bytes to ecology
[dna] water wrote 44 bytes to ecology
[dna] water wrote 35 bytes to ecology
[dna] water wrote 40 bytes to ecology
[dna] water wrote 11 bytes to ecology
[dna] water wrote 225 bytes to ecology
[dna] water wrote 10 bytes to ecology
[dna] water wrote 106 bytes to ecology
[dna] water wrote 45 bytes to ecology
[dna] water wrote 28 bytes to ecology
[dna] water wrote 41 bytes to ecology
[dna] water wrote 10 bytes to ecology
[dna] water wrote 53 bytes to ecology
[dna] water wrote 10 bytes to ecology
[dna] water wrote 59 bytes to ecology
[dna] water wrote 27 bytes to ecology
[dna] water wrote 43 bytes to ecology
[dna] water wrote 52 bytes to ecology
[dna] water wrote 10 bytes to ecology
[dna] water wrote 65 bytes to ecology
[debug-onto] tick=600 corpus=147819 stage=2 freeze=0
[dna] water wrote 111 bytes to ecology
[dna] water wrote 113 bytes to ecology
[dna] water wrote 225 bytes to ecology
[dna] water wrote 90 bytes to ecology
[dna] water wrote 10 bytes to ecology
[dna] water wrote 48 bytes to ecology
[dna] water wrote 109 bytes to ecology
[dna] water wrote 34 bytes to ecology
[dna] water wrote 70 bytes to ecology
[dna] water wrote 58 bytes to ecology
[dna] water wrote 84 bytes to ecology
[dna] water wrote 36 bytes to ecology
[dna] water wrote 24 bytes to ecology
[dna] water wrote 49 bytes to ecology
[dna] water wrote 11 bytes to ecology
[dna] water wrote 70 bytes to ecology
[dna] water wrote 31 bytes to ecology
[dna] water wrote 77 bytes to ecology
[dna] water wrote 81 bytes to ecology
[dna] water wrote 10 bytes to ecology
[dna] water wrote 91 bytes to ecology
[dna] water wrote 32 bytes to ecology
[dna] water wrote 113 bytes to ecology
[dna] water wrote 50 bytes to ecology
[debug-onto] tick=650 corpus=147819 stage=2 freeze=0
[dna] water wrote 130 bytes to ecology
[dna] water wrote 99 bytes to ecology
[dna] water wrote 51 bytes to ecology
[dna] water wrote 124 bytes to ecology
[dna] water wrote 92 bytes to ecology
[dna] water wrote 186 bytes to ecology
[dna] water wrote 15 bytes to ecology
[dna] water wrote 77 bytes to ecology
[dna] water wrote 94 bytes to ecology
[dna] water wrote 25 bytes to ecology
[dna] water wrote 53 bytes to ecology
[dna] water wrote 11 bytes to ecology
[dna] water wrote 71 bytes to ecology
[dna] water wrote 16 bytes to ecology
[dna] water wrote 42 bytes to ecology
[dna] water wrote 86 bytes to ecology
[dna] water wrote 98 bytes to ecology
[dna] water wrote 16 bytes to ecology
[dna] water wrote 19 bytes to ecology
[dna] water wrote 84 bytes to ecology
[dna] water wrote 128 bytes to ecology
[dna] water wrote 85 bytes to ecology
[dna] water wrote 99 bytes to ecology
[dna] water wrote 77 bytes to ecology
[dna] water wrote 92 bytes to ecology
[dna] water wrote 38 bytes to ecology
[dna] water wrote 48 bytes to ecology
[debug-onto] tick=700 corpus=147819 stage=2 freeze=0
[dna] water wrote 74 bytes to ecology
[dna] water wrote 84 bytes to ecology
[dna] water wrote 50 bytes to ecology
[dna] water wrote 26 bytes to ecology
[dna] water wrote 10 bytes to ecology
[dna] water wrote 53 bytes to ecology
[dna] water wrote 29 bytes to ecology
[dna] water wrote 13 bytes to ecology
[dna] water wrote 94 bytes to ecology
[dna] water wrote 80 bytes to ecology
[dna] water wrote 33 bytes to ecology
[dna] water wrote 44 bytes to ecology
[dna] water wrote 73 bytes to ecology
[dna] water wrote 10 bytes to ecology
[dna] water wrote 56 bytes to ecology
[dna] water wrote 10 bytes to ecology
[dna] water wrote 42 bytes to ecology
[dna] water wrote 11 bytes to ecology
[dna] water wrote 44 bytes to ecology
[dna] water wrote 50 bytes to ecology
[dna] water wrote 156 bytes to ecology
[dna] water wrote 45 bytes to ecology
[dna] water wrote 93 bytes to ecology
[dna] water wrote 103 bytes to ecology
[dna] water wrote 43 bytes to ecology
[dna] water wrote 10 bytes to ecology
[dna] water wrote 101 bytes to ecology
[debug-onto] tick=750 corpus=147819 stage=2 freeze=0
[dna] water wrote 61 bytes to ecology
[dna] water wrote 10 bytes to ecology
[dna] water wrote 30 bytes to ecology
[dna] water wrote 41 bytes to ecology
[dna] water wrote 43 bytes to ecology
[dna] water wrote 72 bytes to ecology
[dna] water wrote 18 bytes to ecology
[dna] water wrote 188 bytes to ecology
[dna] water wrote 32 bytes to ecology
[dna] water wrote 40 bytes to ecology
[dna] water wrote 38 bytes to ecology

[evolution] Organism shutting down gracefully.
