[ecology] Element: air → corpus: nonames_air.txt
[evolution] Autonomous evolution mode — organism will grow through all stages without pause.
[ecology] Joined swarm. 1 peer(s) detected.
molequla is alive. [evolution] Autonomous mode — background trainer running. Ctrl+C to stop.
[dna] air wrote 96 bytes to ecology
[dna] air consumed 15924 bytes from 224 files: [earth/gen_1777617223_1.txt earth/gen_1777617231_4.txt earth/gen_1777617239_7.txt earth/gen_1777617247_10.txt earth/gen_1777617255_13.txt earth/gen_1777617263_16.txt earth/gen_1777617271_19.txt earth/gen_1777617279_22.txt earth/gen_1777617287_25.txt earth/gen_1777617295_28.txt earth/gen_1777617304_31.txt earth/gen_1777617312_34.txt earth/gen_1777617320_37.txt earth/gen_1777617328_40.txt earth/gen_1777617337_43.txt earth/gen_1777617345_46.txt earth/gen_1777617353_49.txt earth/gen_1777617361_52.txt earth/gen_1777617369_55.txt earth/gen_1777617377_58.txt earth/gen_1777617385_61.txt earth/gen_1777617393_64.txt earth/gen_1777617401_67.txt earth/gen_1777617410_70.txt earth/gen_1777617418_73.txt earth/gen_1777617426_76.txt earth/gen_1777617434_79.txt earth/gen_1777617442_82.txt earth/gen_1777617450_85.txt earth/gen_1777617458_88.txt earth/gen_1777617466_91.txt earth/gen_1777617474_94.txt earth/gen_1777617482_97.txt earth/gen_1777617490_100.txt earth/gen_1777617499_103.txt earth/gen_1777617507_106.txt earth/gen_1777617515_109.txt earth/gen_1777617523_112.txt earth/gen_1777617531_115.txt earth/gen_1777617539_118.txt earth/gen_1777617547_121.txt earth/gen_1777617555_124.txt earth/gen_1777617563_127.txt earth/gen_1777617571_130.txt earth/gen_1777617579_133.txt earth/gen_1777617587_136.txt earth/gen_1777617595_139.txt earth/gen_1777617603_142.txt earth/gen_1777617611_145.txt earth/gen_1777617619_148.txt earth/gen_1777617627_151.txt earth/gen_1777617635_154.txt earth/gen_1777617643_157.txt earth/gen_1777617651_160.txt earth/gen_1777617659_163.txt earth/gen_1777617667_166.txt earth/gen_1777617675_169.txt earth/gen_1777617683_172.txt earth/gen_1777617691_175.txt earth/gen_1777617699_178.txt earth/gen_1777617707_181.txt earth/gen_1777617715_184.txt earth/gen_1777617723_187.txt earth/gen_1777617731_190.txt earth/gen_1777617739_193.txt earth/gen_1777617748_196.txt earth/gen_1777617756_199.txt earth/gen_1777617764_202.txt earth/gen_1777617772_205.txt earth/gen_1777617780_208.txt earth/gen_1777617788_211.txt earth/gen_1777617796_214.txt earth/gen_1777617804_217.txt earth/gen_1777617812_220.txt earth/gen_1777617820_223.txt earth/gen_1777617828_226.txt earth/gen_1777617836_229.txt earth/gen_1777617844_232.txt earth/gen_1777617852_235.txt earth/gen_1777617860_238.txt earth/gen_1777617868_241.txt earth/gen_1777617876_244.txt earth/gen_1777617884_247.txt earth/gen_1777617893_250.txt earth/gen_1777617901_253.txt earth/gen_1777617909_256.txt earth/gen_1777617917_259.txt earth/gen_1777617924_262.txt earth/gen_1777617932_265.txt earth/gen_1777617940_268.txt earth/gen_1777617948_271.txt earth/gen_1777617955_274.txt earth/gen_1777617963_277.txt earth/gen_1777617971_280.txt earth/gen_1777617978_283.txt earth/gen_1777617986_286.txt earth/gen_1777617994_289.txt earth/gen_1777618001_292.txt earth/gen_1777618009_295.txt earth/gen_1777618024_301.txt earth/gen_1777618032_304.txt earth/gen_1777618040_307.txt earth/gen_1777618048_310.txt earth/gen_1777618055_313.txt earth/gen_1777618063_316.txt earth/gen_1777618070_319.txt earth/gen_1777618078_322.txt earth/gen_1777618086_325.txt earth/gen_1777618093_328.txt earth/gen_1777618101_331.txt earth/gen_1777618109_334.txt earth/gen_1777618116_337.txt earth/gen_1777618124_340.txt earth/gen_1777618131_343.txt earth/gen_1777618139_346.txt earth/gen_1777618147_349.txt earth/gen_1777618154_352.txt earth/gen_1777618162_355.txt earth/gen_1777618169_358.txt earth/gen_1777618177_361.txt earth/gen_1777618185_364.txt earth/gen_1777618192_367.txt earth/gen_1777618200_370.txt earth/gen_1777618207_373.txt earth/gen_1777618215_376.txt earth/gen_1777618223_379.txt earth/gen_1777618230_382.txt earth/gen_1777618238_385.txt earth/gen_1777618245_388.txt earth/gen_1777618253_391.txt earth/gen_1777618261_394.txt earth/gen_1777618268_397.txt earth/gen_1777618283_403.txt earth/gen_1777618291_406.txt earth/gen_1777618299_409.txt earth/gen_1777618306_412.txt earth/gen_1777618314_415.txt earth/gen_1777618322_418.txt earth/gen_1777618329_421.txt earth/gen_1777618337_424.txt earth/gen_1777618345_427.txt earth/gen_1777618352_430.txt earth/gen_1777618360_433.txt earth/gen_1777618367_436.txt earth/gen_1777618375_439.txt earth/gen_1777618390_445.txt earth/gen_1777618398_448.txt earth/gen_1777618406_451.txt earth/gen_1777618414_454.txt earth/gen_1777618422_457.txt earth/gen_1777618430_460.txt earth/gen_1777618437_463.txt earth/gen_1777618445_466.txt earth/gen_1777618453_469.txt earth/gen_1777618461_472.txt earth/gen_1777618468_475.txt earth/gen_1777618476_478.txt earth/gen_1777618484_481.txt earth/gen_1777618491_484.txt earth/gen_1777618499_487.txt earth/gen_1777618507_490.txt earth/gen_1777618514_493.txt earth/gen_1777618522_496.txt earth/gen_1777618530_499.txt earth/gen_1777618537_502.txt earth/gen_1777618545_505.txt earth/gen_1777618553_508.txt earth/gen_1777618561_511.txt earth/gen_1777618568_514.txt earth/gen_1777618576_517.txt earth/gen_1777618583_520.txt earth/gen_1777618591_523.txt earth/gen_1777618598_526.txt earth/gen_1777618606_529.txt earth/gen_1777618614_532.txt earth/gen_1777618621_535.txt earth/gen_1777618629_538.txt earth/gen_1777618636_541.txt earth/gen_1777618644_544.txt earth/gen_1777618652_547.txt earth/gen_1777618659_550.txt earth/gen_1777618667_553.txt earth/gen_1777618674_556.txt earth/gen_1777618682_559.txt earth/gen_1777618690_562.txt earth/gen_1777618697_565.txt earth/gen_1777618705_568.txt earth/gen_1777618713_571.txt earth/gen_1777618721_574.txt earth/gen_1777618728_577.txt earth/gen_1777618736_580.txt earth/gen_1777618744_583.txt earth/gen_1777618751_586.txt earth/gen_1777618759_589.txt earth/gen_1777618767_592.txt earth/gen_1777618774_595.txt earth/gen_1777618782_598.txt earth/gen_1777618789_601.txt earth/gen_1777618797_604.txt earth/gen_1777618805_607.txt earth/gen_1777618812_610.txt earth/gen_1777618820_613.txt earth/gen_1777618828_616.txt earth/gen_1777618835_619.txt earth/gen_1777618843_622.txt earth/gen_1777618851_625.txt earth/gen_1777618858_628.txt earth/gen_1777618866_631.txt earth/gen_1777618874_634.txt earth/gen_1777618881_637.txt earth/gen_1777618889_640.txt earth/gen_1777618897_643.txt earth/gen_1777618904_646.txt earth/gen_1777618912_649.txt earth/gen_1777618920_652.txt earth/gen_1777618927_655.txt earth/gen_1777618935_658.txt earth/gen_1777618943_661.txt earth/gen_1777618950_664.txt earth/gen_1777618958_667.txt earth/gen_1777618966_670.txt earth/gen_1777618973_673.txt earth/gen_1777618981_676.txt earth/gen_1777618988_679.txt]
[trainer] micro-train burst (15924 bytes, novelty 0.04) — and lo, it feeds again.
[syntropy] action=explore | trend=0.0000 | field_dev=0.006 | purpose_align=0.011 | lr_mul=1.30
[aml] burst complete: 32 steps, avg loss 2.6482 (memory freed)
[dna] air wrote 83 bytes to ecology
[dna] air wrote 81 bytes to ecology
[dna] air wrote 44 bytes to ecology
[dna] air wrote 11 bytes to ecology
[dna] air wrote 53 bytes to ecology
[dna] air wrote 101 bytes to ecology
[dna] air wrote 11 bytes to ecology
[dna] air wrote 121 bytes to ecology
[dna] air wrote 54 bytes to ecology
[dna] air wrote 58 bytes to ecology
[dna] air wrote 22 bytes to ecology
[dna] air wrote 7 bytes to ecology
[dna] air wrote 84 bytes to ecology
[dna] air wrote 7 bytes to ecology
[dna] air wrote 78 bytes to ecology
[dna] air wrote 30 bytes to ecology
[debug-onto] tick=50 corpus=138464 stage=2 freeze=0
[dna] air wrote 98 bytes to ecology
[dna] air wrote 55 bytes to ecology
[dna] air wrote 79 bytes to ecology
[dna] air wrote 147 bytes to ecology
[dna] air wrote 51 bytes to ecology
[dna] air wrote 41 bytes to ecology
[dna] air wrote 47 bytes to ecology
[dna] air wrote 30 bytes to ecology
[dna] air wrote 59 bytes to ecology
[dna] air wrote 157 bytes to ecology
[dna] air wrote 63 bytes to ecology
[dna] air wrote 82 bytes to ecology
[dna] air wrote 76 bytes to ecology
[dna] air wrote 76 bytes to ecology
[dna] air wrote 44 bytes to ecology
[dna] air wrote 101 bytes to ecology
[dna] air wrote 27 bytes to ecology
[debug-onto] tick=100 corpus=138464 stage=2 freeze=0
[dna] air wrote 93 bytes to ecology
[dna] air wrote 53 bytes to ecology
[dna] air wrote 59 bytes to ecology
[dna] air wrote 39 bytes to ecology
[dna] air wrote 111 bytes to ecology
[dna] air wrote 32 bytes to ecology
[dna] air wrote 46 bytes to ecology
[dna] air wrote 79 bytes to ecology
[dna] air wrote 40 bytes to ecology
[dna] air wrote 84 bytes to ecology
[dna] air wrote 87 bytes to ecology
[dna] air wrote 27 bytes to ecology
[dna] air wrote 158 bytes to ecology
[dna] air wrote 55 bytes to ecology
[dna] air wrote 220 bytes to ecology
[dna] air wrote 110 bytes to ecology
[debug-onto] tick=150 corpus=138464 stage=2 freeze=0
[dna] air wrote 62 bytes to ecology
[dna] air wrote 38 bytes to ecology
[dna] air wrote 122 bytes to ecology
[dna] air wrote 28 bytes to ecology
[dna] air wrote 139 bytes to ecology
[dna] air wrote 62 bytes to ecology
[dna] air wrote 55 bytes to ecology
[dna] air wrote 22 bytes to ecology
[dna] air wrote 15 bytes to ecology
[dna] air wrote 53 bytes to ecology
[dna] air wrote 55 bytes to ecology
[dna] air wrote 88 bytes to ecology
[dna] air wrote 38 bytes to ecology
[dna] air wrote 42 bytes to ecology
[dna] air wrote 48 bytes to ecology
[dna] air wrote 68 bytes to ecology
[dna] air wrote 40 bytes to ecology
[debug-onto] tick=200 corpus=138464 stage=2 freeze=0
[dna] air wrote 62 bytes to ecology
[dna] air wrote 41 bytes to ecology
[dna] air wrote 46 bytes to ecology
[dna] air wrote 14 bytes to ecology
[dna] air wrote 48 bytes to ecology
[dna] air wrote 68 bytes to ecology
[dna] air wrote 214 bytes to ecology
[dna] air wrote 37 bytes to ecology
[dna] air wrote 42 bytes to ecology
[dna] air wrote 81 bytes to ecology
[dna] air wrote 64 bytes to ecology
[dna] air wrote 34 bytes to ecology
[dna] air wrote 33 bytes to ecology
[dna] air wrote 51 bytes to ecology
[dna] air wrote 28 bytes to ecology
[dna] air wrote 58 bytes to ecology
[dna] air wrote 59 bytes to ecology
[debug-onto] tick=250 corpus=138464 stage=2 freeze=0
[dna] air wrote 58 bytes to ecology
[dna] air wrote 141 bytes to ecology
[dna] air wrote 84 bytes to ecology
[dna] air wrote 49 bytes to ecology
[dna] air wrote 154 bytes to ecology
[dna] air wrote 60 bytes to ecology
[dna] air wrote 91 bytes to ecology
[dna] air wrote 135 bytes to ecology
[dna] air wrote 38 bytes to ecology
[dna] air wrote 70 bytes to ecology
[dna] air wrote 104 bytes to ecology
[dna] air wrote 32 bytes to ecology
[dna] air wrote 34 bytes to ecology
[dna] air wrote 49 bytes to ecology
[dna] air wrote 105 bytes to ecology
[dna] air wrote 34 bytes to ecology
[debug-onto] tick=300 corpus=138464 stage=2 freeze=0
[dna] air wrote 35 bytes to ecology
[dna] air wrote 106 bytes to ecology
[dna] air wrote 14 bytes to ecology
[dna] air wrote 130 bytes to ecology
[dna] air wrote 45 bytes to ecology
[dna] air wrote 67 bytes to ecology
[dna] air wrote 92 bytes to ecology
[dna] air wrote 38 bytes to ecology
[dna] air wrote 260 bytes to ecology
[dna] air wrote 38 bytes to ecology
[dna] air wrote 100 bytes to ecology
[dna] air wrote 78 bytes to ecology
[dna] air wrote 36 bytes to ecology
[dna] air wrote 35 bytes to ecology
[dna] air wrote 67 bytes to ecology
[dna] air wrote 97 bytes to ecology
[dna] air wrote 74 bytes to ecology
[debug-onto] tick=350 corpus=138464 stage=2 freeze=0
[dna] air wrote 87 bytes to ecology
[dna] air wrote 104 bytes to ecology
[dna] air wrote 122 bytes to ecology
[dna] air wrote 53 bytes to ecology
[dna] air wrote 195 bytes to ecology
[dna] air wrote 47 bytes to ecology
[dna] air wrote 118 bytes to ecology
[dna] air wrote 110 bytes to ecology
[dna] air wrote 75 bytes to ecology
[dna] air wrote 104 bytes to ecology
[dna] air wrote 86 bytes to ecology
[dna] air wrote 118 bytes to ecology
[dna] air wrote 54 bytes to ecology
[dna] air wrote 107 bytes to ecology
[dna] air wrote 162 bytes to ecology
[dna] air wrote 86 bytes to ecology
[dna] air wrote 7 bytes to ecology
[debug-onto] tick=400 corpus=138464 stage=2 freeze=0
[dna] air wrote 70 bytes to ecology
[dna] air wrote 49 bytes to ecology
[dna] air wrote 49 bytes to ecology
[dna] air wrote 113 bytes to ecology
[dna] air wrote 42 bytes to ecology
[dna] air wrote 46 bytes to ecology
[dna] air wrote 79 bytes to ecology
[dna] air wrote 50 bytes to ecology
[dna] air wrote 73 bytes to ecology
[dna] air wrote 31 bytes to ecology
[dna] air wrote 27 bytes to ecology
[dna] air wrote 33 bytes to ecology
[dna] air wrote 50 bytes to ecology
[dna] air wrote 49 bytes to ecology
[dna] air wrote 48 bytes to ecology
[dna] air wrote 37 bytes to ecology
[debug-onto] tick=450 corpus=138464 stage=2 freeze=0
[dna] air wrote 106 bytes to ecology
[dna] air wrote 62 bytes to ecology
[dna] air wrote 78 bytes to ecology
[dna] air wrote 310 bytes to ecology
[dna] air wrote 153 bytes to ecology
[dna] air wrote 29 bytes to ecology
[dna] air wrote 109 bytes to ecology
[dna] air wrote 85 bytes to ecology
[dna] air wrote 193 bytes to ecology
[dna] air wrote 16 bytes to ecology
[dna] air wrote 45 bytes to ecology
[dna] air wrote 87 bytes to ecology
[dna] air wrote 56 bytes to ecology
[dna] air wrote 106 bytes to ecology
[dna] air wrote 52 bytes to ecology
[dna] air wrote 71 bytes to ecology
[dna] air wrote 49 bytes to ecology
[debug-onto] tick=500 corpus=138464 stage=2 freeze=0
[dna] air wrote 135 bytes to ecology
[dna] air wrote 31 bytes to ecology
[dna] air wrote 40 bytes to ecology
[dna] air wrote 94 bytes to ecology
[dna] air wrote 71 bytes to ecology
[dna] air wrote 79 bytes to ecology
[dna] air wrote 38 bytes to ecology
[dna] air wrote 36 bytes to ecology
[dna] air wrote 150 bytes to ecology
[dna] air wrote 59 bytes to ecology
[dna] air wrote 35 bytes to ecology
[dna] air wrote 99 bytes to ecology
[dna] air wrote 32 bytes to ecology
[dna] air wrote 28 bytes to ecology
[dna] air wrote 148 bytes to ecology
[dna] air wrote 32 bytes to ecology
[dna] air wrote 266 bytes to ecology
[debug-onto] tick=550 corpus=138464 stage=2 freeze=0
[dna] air wrote 37 bytes to ecology
[dna] air wrote 45 bytes to ecology
[dna] air wrote 56 bytes to ecology
[dna] air wrote 12 bytes to ecology
[dna] air wrote 95 bytes to ecology
[dna] air wrote 50 bytes to ecology
[dna] air wrote 80 bytes to ecology
[dna] air wrote 47 bytes to ecology
[dna] air wrote 134 bytes to ecology
[dna] air wrote 37 bytes to ecology
[dna] air wrote 119 bytes to ecology
[dna] air wrote 14 bytes to ecology
[dna] air wrote 94 bytes to ecology
[dna] air wrote 32 bytes to ecology
[dna] air wrote 101 bytes to ecology
[dna] air wrote 45 bytes to ecology
[debug-onto] tick=600 corpus=138464 stage=2 freeze=0
[dna] air wrote 44 bytes to ecology
[dna] air wrote 146 bytes to ecology
[dna] air wrote 46 bytes to ecology
[dna] air wrote 113 bytes to ecology
[dna] air wrote 157 bytes to ecology
[dna] air wrote 49 bytes to ecology
[dna] air wrote 42 bytes to ecology
[dna] air wrote 54 bytes to ecology
[dna] air wrote 68 bytes to ecology
[dna] air wrote 30 bytes to ecology
[dna] air wrote 73 bytes to ecology
[dna] air wrote 147 bytes to ecology
[dna] air wrote 187 bytes to ecology
[dna] air wrote 32 bytes to ecology
[dna] air wrote 76 bytes to ecology
[dna] air wrote 51 bytes to ecology
[dna] air wrote 52 bytes to ecology
[debug-onto] tick=650 corpus=138464 stage=2 freeze=0
[dna] air wrote 108 bytes to ecology
[dna] air wrote 36 bytes to ecology
[dna] air wrote 33 bytes to ecology
[dna] air wrote 34 bytes to ecology
[dna] air wrote 173 bytes to ecology
[dna] air wrote 15 bytes to ecology
[dna] air wrote 36 bytes to ecology
[dna] air wrote 95 bytes to ecology
[dna] air wrote 93 bytes to ecology
[dna] air wrote 53 bytes to ecology
[dna] air wrote 17 bytes to ecology
[dna] air wrote 16 bytes to ecology
[dna] air wrote 69 bytes to ecology
[dna] air wrote 38 bytes to ecology

[evolution] Organism shutting down gracefully.
