[ecology] Element: fire → corpus: nonames_fire.txt
[evolution] Autonomous evolution mode — organism will grow through all stages without pause.
[ecology] Joined swarm. 1 peer(s) detected.
molequla is alive. [evolution] Autonomous mode — background trainer running. Ctrl+C to stop.
[dna] fire wrote 31 bytes to ecology
[dna] fire consumed 15071 bytes from 204 files: [water/gen_1777620795_1.txt water/gen_1777620812_4.txt water/gen_1777620821_7.txt water/gen_1777620829_10.txt water/gen_1777620838_13.txt water/gen_1777620846_16.txt water/gen_1777620855_19.txt water/gen_1777620863_22.txt water/gen_1777620872_25.txt water/gen_1777620881_28.txt water/gen_1777620889_31.txt water/gen_1777620898_34.txt water/gen_1777620906_37.txt water/gen_1777620915_40.txt water/gen_1777620924_43.txt water/gen_1777620933_46.txt water/gen_1777620941_49.txt water/gen_1777620950_52.txt water/gen_1777620958_55.txt water/gen_1777620967_58.txt water/gen_1777620976_61.txt water/gen_1777620984_64.txt water/gen_1777620993_67.txt water/gen_1777621002_70.txt water/gen_1777621010_73.txt water/gen_1777621019_76.txt water/gen_1777621027_79.txt water/gen_1777621036_82.txt water/gen_1777621044_85.txt water/gen_1777621053_88.txt water/gen_1777621062_91.txt water/gen_1777621070_94.txt water/gen_1777621079_97.txt water/gen_1777621087_100.txt water/gen_1777621096_103.txt water/gen_1777621105_106.txt water/gen_1777621114_109.txt water/gen_1777621123_112.txt water/gen_1777621131_115.txt water/gen_1777621140_118.txt water/gen_1777621149_121.txt water/gen_1777621158_124.txt water/gen_1777621167_127.txt water/gen_1777621175_130.txt water/gen_1777621184_133.txt water/gen_1777621193_136.txt water/gen_1777621202_139.txt water/gen_1777621210_142.txt water/gen_1777621219_145.txt water/gen_1777621228_148.txt water/gen_1777621237_151.txt water/gen_1777621246_154.txt water/gen_1777621255_157.txt water/gen_1777621264_160.txt water/gen_1777621273_163.txt water/gen_1777621282_166.txt water/gen_1777621291_169.txt water/gen_1777621300_172.txt water/gen_1777621308_175.txt water/gen_1777621317_178.txt water/gen_1777621326_181.txt water/gen_1777621335_184.txt water/gen_1777621344_187.txt water/gen_1777621353_190.txt water/gen_1777621362_193.txt water/gen_1777621371_196.txt water/gen_1777621379_199.txt water/gen_1777621388_202.txt water/gen_1777621397_205.txt water/gen_1777621405_208.txt water/gen_1777621414_211.txt water/gen_1777621423_214.txt water/gen_1777621432_217.txt water/gen_1777621440_220.txt water/gen_1777621449_223.txt water/gen_1777621457_226.txt water/gen_1777621466_229.txt water/gen_1777621474_232.txt water/gen_1777621483_235.txt water/gen_1777621492_238.txt water/gen_1777621501_241.txt water/gen_1777621510_244.txt water/gen_1777621519_247.txt water/gen_1777621529_250.txt water/gen_1777621538_253.txt water/gen_1777621547_256.txt water/gen_1777621556_259.txt water/gen_1777621565_262.txt water/gen_1777621574_265.txt water/gen_1777621582_268.txt water/gen_1777621591_271.txt water/gen_1777621600_274.txt water/gen_1777621609_277.txt water/gen_1777621618_280.txt water/gen_1777621627_283.txt water/gen_1777621636_286.txt water/gen_1777621645_289.txt water/gen_1777621654_292.txt water/gen_1777621663_295.txt water/gen_1777621671_298.txt water/gen_1777621680_301.txt water/gen_1777621689_304.txt water/gen_1777621698_307.txt water/gen_1777621706_310.txt water/gen_1777621715_313.txt water/gen_1777621724_316.txt water/gen_1777621733_319.txt water/gen_1777621742_322.txt water/gen_1777621751_325.txt water/gen_1777621760_328.txt water/gen_1777621769_331.txt water/gen_1777621778_334.txt water/gen_1777621786_337.txt water/gen_1777621795_340.txt water/gen_1777621803_343.txt water/gen_1777621812_346.txt water/gen_1777621821_349.txt water/gen_1777621830_352.txt water/gen_1777621839_355.txt water/gen_1777621848_358.txt water/gen_1777621857_361.txt water/gen_1777621865_364.txt water/gen_1777621874_367.txt water/gen_1777621883_370.txt water/gen_1777621892_373.txt water/gen_1777621901_376.txt water/gen_1777621910_379.txt water/gen_1777621919_382.txt water/gen_1777621928_385.txt water/gen_1777621937_388.txt water/gen_1777621946_391.txt water/gen_1777621955_394.txt water/gen_1777621964_397.txt water/gen_1777621973_400.txt water/gen_1777621982_403.txt water/gen_1777621991_406.txt water/gen_1777622000_409.txt water/gen_1777622008_412.txt water/gen_1777622017_415.txt water/gen_1777622026_418.txt water/gen_1777622034_421.txt water/gen_1777622043_424.txt water/gen_1777622052_427.txt water/gen_1777622061_430.txt water/gen_1777622070_433.txt water/gen_1777622078_436.txt water/gen_1777622087_439.txt water/gen_1777622096_442.txt water/gen_1777622105_445.txt water/gen_1777622114_448.txt water/gen_1777622122_451.txt water/gen_1777622140_457.txt water/gen_1777622149_460.txt water/gen_1777622157_463.txt water/gen_1777622166_466.txt water/gen_1777622175_469.txt water/gen_1777622183_472.txt water/gen_1777622192_475.txt water/gen_1777622200_478.txt water/gen_1777622209_481.txt water/gen_1777622217_484.txt water/gen_1777622226_487.txt water/gen_1777622234_490.txt water/gen_1777622243_493.txt water/gen_1777622252_496.txt water/gen_1777622260_499.txt water/gen_1777622269_502.txt water/gen_1777622278_505.txt water/gen_1777622286_508.txt water/gen_1777622295_511.txt water/gen_1777622303_514.txt water/gen_1777622311_517.txt water/gen_1777622320_520.txt water/gen_1777622328_523.txt water/gen_1777622337_526.txt water/gen_1777622345_529.txt water/gen_1777622354_532.txt water/gen_1777622362_535.txt water/gen_1777622370_538.txt water/gen_1777622379_541.txt water/gen_1777622387_544.txt water/gen_1777622396_547.txt water/gen_1777622404_550.txt water/gen_1777622413_553.txt water/gen_1777622422_556.txt water/gen_1777622431_559.txt water/gen_1777622439_562.txt water/gen_1777622448_565.txt water/gen_1777622456_568.txt water/gen_1777622465_571.txt water/gen_1777622474_574.txt water/gen_1777622482_577.txt water/gen_1777622491_580.txt water/gen_1777622500_583.txt water/gen_1777622508_586.txt water/gen_1777622517_589.txt water/gen_1777622525_592.txt water/gen_1777622534_595.txt water/gen_1777622542_598.txt water/gen_1777622551_601.txt water/gen_1777622560_604.txt water/gen_1777622568_607.txt water/gen_1777622577_610.txt water/gen_1777622585_613.txt]
[trainer] micro-train burst (15071 bytes, novelty 0.05) — and lo, it feeds again.
[syntropy] action=explore | trend=0.0000 | field_dev=0.082 | purpose_align=0.043 | lr_mul=1.30
[aml] burst complete: 32 steps, avg loss 1.9542 (memory freed)
[dna] fire wrote 95 bytes to ecology
[dna] fire wrote 63 bytes to ecology
[dna] fire wrote 12 bytes to ecology
[dna] fire wrote 158 bytes to ecology
[dna] fire wrote 51 bytes to ecology
[dna] fire wrote 90 bytes to ecology
[dna] fire wrote 37 bytes to ecology
[dna] fire wrote 35 bytes to ecology
[dna] fire wrote 56 bytes to ecology
[dna] fire wrote 33 bytes to ecology
[dna] fire wrote 11 bytes to ecology
[dna] fire wrote 104 bytes to ecology
[dna] fire wrote 13 bytes to ecology
[dna] fire wrote 36 bytes to ecology
[dna] fire wrote 17 bytes to ecology
[dna] fire wrote 107 bytes to ecology
[debug-onto] tick=50 corpus=137175 stage=2 freeze=0
[dna] fire wrote 44 bytes to ecology
[dna] fire wrote 20 bytes to ecology
[dna] fire wrote 30 bytes to ecology
[dna] fire wrote 41 bytes to ecology
[dna] fire wrote 50 bytes to ecology
[dna] fire wrote 17 bytes to ecology
[dna] fire wrote 88 bytes to ecology
[dna] fire wrote 43 bytes to ecology
[dna] fire wrote 37 bytes to ecology
[dna] fire wrote 36 bytes to ecology
[dna] fire wrote 14 bytes to ecology
[dna] fire wrote 54 bytes to ecology
[dna] fire wrote 62 bytes to ecology
[dna] fire wrote 12 bytes to ecology
[dna] fire wrote 52 bytes to ecology
[dna] fire wrote 43 bytes to ecology
[dna] fire wrote 12 bytes to ecology
[debug-onto] tick=100 corpus=137175 stage=2 freeze=0
[dna] fire wrote 63 bytes to ecology
[dna] fire wrote 73 bytes to ecology
[dna] fire wrote 72 bytes to ecology
[dna] fire wrote 288 bytes to ecology
[dna] fire wrote 63 bytes to ecology
[dna] fire wrote 44 bytes to ecology
[dna] fire wrote 277 bytes to ecology
[dna] fire wrote 35 bytes to ecology
[dna] fire wrote 35 bytes to ecology
[dna] fire wrote 48 bytes to ecology
[dna] fire wrote 49 bytes to ecology
[dna] fire wrote 41 bytes to ecology
[dna] fire wrote 42 bytes to ecology
[dna] fire wrote 72 bytes to ecology
[dna] fire wrote 52 bytes to ecology
[dna] fire wrote 59 bytes to ecology
[debug-onto] tick=150 corpus=137175 stage=2 freeze=0
[dna] fire wrote 73 bytes to ecology
[dna] fire wrote 53 bytes to ecology
[dna] fire wrote 76 bytes to ecology
[dna] fire wrote 87 bytes to ecology
[dna] fire wrote 19 bytes to ecology
[dna] fire wrote 34 bytes to ecology
[dna] fire wrote 26 bytes to ecology
[dna] fire wrote 161 bytes to ecology
[dna] fire wrote 28 bytes to ecology
[dna] fire wrote 45 bytes to ecology
[dna] fire wrote 43 bytes to ecology
[dna] fire wrote 22 bytes to ecology
[dna] fire wrote 32 bytes to ecology
[dna] fire wrote 11 bytes to ecology
[dna] fire wrote 45 bytes to ecology
[dna] fire wrote 23 bytes to ecology
[dna] fire wrote 104 bytes to ecology
[debug-onto] tick=200 corpus=137175 stage=2 freeze=0
[dna] fire wrote 72 bytes to ecology
[dna] fire wrote 30 bytes to ecology
[dna] fire wrote 12 bytes to ecology
[dna] fire wrote 30 bytes to ecology
[dna] fire wrote 104 bytes to ecology
[dna] fire wrote 38 bytes to ecology
[dna] fire wrote 9 bytes to ecology
[dna] fire wrote 26 bytes to ecology
[dna] fire wrote 25 bytes to ecology
[dna] fire wrote 49 bytes to ecology
[dna] fire wrote 52 bytes to ecology
[dna] fire wrote 51 bytes to ecology
[dna] fire wrote 33 bytes to ecology
[dna] fire wrote 12 bytes to ecology
[dna] fire wrote 11 bytes to ecology
[dna] fire wrote 86 bytes to ecology
[dna] fire wrote 5 bytes to ecology
[debug-onto] tick=250 corpus=137175 stage=2 freeze=0
[dna] fire wrote 48 bytes to ecology
[dna] fire wrote 38 bytes to ecology
[dna] fire wrote 159 bytes to ecology
[dna] fire wrote 54 bytes to ecology
[dna] fire wrote 100 bytes to ecology
[dna] fire wrote 34 bytes to ecology
[dna] fire wrote 101 bytes to ecology
[dna] fire wrote 89 bytes to ecology
[dna] fire wrote 41 bytes to ecology
[dna] fire wrote 93 bytes to ecology
[dna] fire wrote 75 bytes to ecology
[dna] fire wrote 27 bytes to ecology
[dna] fire wrote 143 bytes to ecology
[dna] fire wrote 87 bytes to ecology
[dna] fire wrote 35 bytes to ecology
[dna] fire wrote 71 bytes to ecology
[debug-onto] tick=300 corpus=137175 stage=2 freeze=0
[dna] fire wrote 56 bytes to ecology
[dna] fire wrote 58 bytes to ecology
[dna] fire wrote 72 bytes to ecology
[dna] fire wrote 28 bytes to ecology
[dna] fire wrote 77 bytes to ecology
[dna] fire wrote 78 bytes to ecology
[dna] fire wrote 59 bytes to ecology
[dna] fire wrote 36 bytes to ecology
[dna] fire wrote 62 bytes to ecology
[dna] fire wrote 40 bytes to ecology
[dna] fire wrote 84 bytes to ecology
[dna] fire wrote 48 bytes to ecology
[dna] fire wrote 116 bytes to ecology
[dna] fire wrote 31 bytes to ecology
[dna] fire wrote 100 bytes to ecology
[dna] fire wrote 88 bytes to ecology
[dna] fire wrote 71 bytes to ecology
[debug-onto] tick=350 corpus=137175 stage=2 freeze=0
[dna] fire wrote 115 bytes to ecology
[dna] fire wrote 24 bytes to ecology
[dna] fire wrote 12 bytes to ecology
[dna] fire wrote 41 bytes to ecology
[dna] fire wrote 30 bytes to ecology
[dna] fire wrote 20 bytes to ecology
[dna] fire wrote 91 bytes to ecology
[dna] fire wrote 41 bytes to ecology
[dna] fire wrote 36 bytes to ecology
[dna] fire wrote 13 bytes to ecology
[dna] fire wrote 62 bytes to ecology
[dna] fire wrote 97 bytes to ecology
[dna] fire wrote 78 bytes to ecology
[dna] fire wrote 20 bytes to ecology
[dna] fire wrote 92 bytes to ecology
[dna] fire wrote 30 bytes to ecology
[dna] fire wrote 27 bytes to ecology
[debug-onto] tick=400 corpus=137175 stage=2 freeze=0
[dna] fire wrote 27 bytes to ecology
[dna] fire wrote 36 bytes to ecology
[dna] fire wrote 10 bytes to ecology
[dna] fire wrote 38 bytes to ecology
[dna] fire wrote 10 bytes to ecology
[dna] fire wrote 27 bytes to ecology
[dna] fire wrote 77 bytes to ecology
[dna] fire wrote 25 bytes to ecology
[dna] fire wrote 71 bytes to ecology
[dna] fire wrote 76 bytes to ecology
[dna] fire wrote 60 bytes to ecology
[dna] fire wrote 15 bytes to ecology
[dna] fire wrote 47 bytes to ecology
[dna] fire wrote 89 bytes to ecology
[dna] fire wrote 24 bytes to ecology
[dna] fire wrote 31 bytes to ecology
[debug-onto] tick=450 corpus=137175 stage=2 freeze=0
[dna] fire wrote 66 bytes to ecology
[dna] fire wrote 27 bytes to ecology
[dna] fire wrote 55 bytes to ecology
[dna] fire wrote 30 bytes to ecology
[dna] fire wrote 65 bytes to ecology
[dna] fire wrote 29 bytes to ecology
[dna] fire wrote 97 bytes to ecology
[dna] fire wrote 19 bytes to ecology
[dna] fire wrote 68 bytes to ecology
[dna] fire wrote 32 bytes to ecology
[dna] fire wrote 58 bytes to ecology
[dna] fire wrote 19 bytes to ecology
[dna] fire wrote 19 bytes to ecology
[dna] fire wrote 81 bytes to ecology
[dna] fire wrote 149 bytes to ecology
[dna] fire wrote 21 bytes to ecology
[dna] fire wrote 12 bytes to ecology
[debug-onto] tick=500 corpus=137175 stage=2 freeze=0
[dna] fire wrote 60 bytes to ecology
[dna] fire wrote 23 bytes to ecology
[dna] fire wrote 36 bytes to ecology
[dna] fire wrote 103 bytes to ecology
[dna] fire wrote 105 bytes to ecology
[dna] fire wrote 53 bytes to ecology
[dna] fire wrote 92 bytes to ecology
[dna] fire wrote 155 bytes to ecology
[dna] fire wrote 43 bytes to ecology
[dna] fire wrote 54 bytes to ecology
[dna] fire wrote 29 bytes to ecology
[dna] fire wrote 16 bytes to ecology
[dna] fire wrote 21 bytes to ecology
[dna] fire wrote 51 bytes to ecology
[dna] fire wrote 54 bytes to ecology
[dna] fire wrote 83 bytes to ecology
[dna] fire wrote 31 bytes to ecology
[debug-onto] tick=550 corpus=137175 stage=2 freeze=0
[dna] fire wrote 92 bytes to ecology
[dna] fire wrote 37 bytes to ecology
[dna] fire wrote 135 bytes to ecology
[dna] fire wrote 43 bytes to ecology
[dna] fire wrote 96 bytes to ecology
[dna] fire wrote 10 bytes to ecology
[dna] fire wrote 65 bytes to ecology
[dna] fire wrote 140 bytes to ecology
[dna] fire wrote 32 bytes to ecology
[dna] fire wrote 43 bytes to ecology
[dna] fire wrote 62 bytes to ecology
[dna] fire wrote 78 bytes to ecology
[dna] fire wrote 13 bytes to ecology
[dna] fire wrote 47 bytes to ecology
[dna] fire wrote 80 bytes to ecology
[dna] fire wrote 34 bytes to ecology
[debug-onto] tick=600 corpus=137175 stage=2 freeze=0
[dna] fire wrote 21 bytes to ecology
[dna] fire wrote 81 bytes to ecology
[dna] fire wrote 100 bytes to ecology
[dna] fire wrote 35 bytes to ecology
[dna] fire wrote 50 bytes to ecology
[dna] fire wrote 78 bytes to ecology
[dna] fire wrote 20 bytes to ecology
[dna] fire wrote 62 bytes to ecology
[dna] fire wrote 45 bytes to ecology
[dna] fire wrote 31 bytes to ecology
[dna] fire wrote 69 bytes to ecology
[dna] fire wrote 11 bytes to ecology
[dna] fire wrote 79 bytes to ecology
[dna] fire wrote 75 bytes to ecology
[dna] fire wrote 57 bytes to ecology
[dna] fire wrote 27 bytes to ecology
[dna] fire wrote 27 bytes to ecology
[debug-onto] tick=650 corpus=137175 stage=2 freeze=0
[dna] fire wrote 94 bytes to ecology
[dna] fire wrote 199 bytes to ecology
[dna] fire wrote 30 bytes to ecology
[dna] fire wrote 12 bytes to ecology
[dna] fire wrote 9 bytes to ecology
[dna] fire wrote 67 bytes to ecology
[dna] fire wrote 25 bytes to ecology
[dna] fire wrote 26 bytes to ecology

[evolution] Organism shutting down gracefully.
