[ecology] Element: air → corpus: nonames_air.txt
[evolution] Autonomous evolution mode — organism will grow through all stages without pause.
[ecology] Joined swarm. 1 peer(s) detected.
molequla is alive. [evolution] Autonomous mode — background trainer running. Ctrl+C to stop.
[dna] air wrote 66 bytes to ecology
[dna] air consumed 36562 bytes from 484 files: [earth/gen_1778482837_1.txt earth/gen_1778482843_3.txt earth/gen_1778482845_4.txt earth/gen_1778482848_5.txt earth/gen_1778482851_6.txt earth/gen_1778482853_7.txt earth/gen_1778482859_9.txt earth/gen_1778482862_10.txt earth/gen_1778482870_13.txt earth/gen_1778482875_15.txt earth/gen_1778482878_16.txt earth/gen_1778482881_17.txt earth/gen_1778482886_19.txt earth/gen_1778482891_21.txt earth/gen_1778482894_22.txt earth/gen_1778482902_25.txt earth/gen_1778482907_27.txt earth/gen_1778482910_28.txt earth/gen_1778482915_30.txt earth/gen_1778482918_31.txt earth/gen_1778482923_33.txt earth/gen_1778482926_34.txt earth/gen_1778482934_37.txt earth/gen_1778482939_39.txt earth/gen_1778482942_40.txt earth/gen_1778482945_41.txt earth/gen_1778482948_42.txt earth/gen_1778482950_43.txt earth/gen_1778482956_45.txt earth/gen_1778482958_46.txt earth/gen_1778482964_48.txt earth/gen_1778482966_49.txt earth/gen_1778482972_51.txt earth/gen_1778482974_52.txt earth/gen_1778482977_53.txt earth/gen_1778482980_54.txt earth/gen_1778482982_55.txt earth/gen_1778482988_57.txt earth/gen_1778482990_58.txt earth/gen_1778482998_61.txt earth/gen_1778483003_63.txt earth/gen_1778483006_64.txt earth/gen_1778483011_66.txt earth/gen_1778483014_67.txt earth/gen_1778483019_69.txt earth/gen_1778483022_70.txt earth/gen_1778483025_71.txt earth/gen_1778483027_72.txt earth/gen_1778483030_73.txt earth/gen_1778483035_75.txt earth/gen_1778483038_76.txt earth/gen_1778483040_77.txt earth/gen_1778483043_78.txt earth/gen_1778483046_79.txt earth/gen_1778483051_81.txt earth/gen_1778483054_82.txt earth/gen_1778483059_84.txt earth/gen_1778483062_85.txt earth/gen_1778483067_87.txt earth/gen_1778483070_88.txt earth/gen_1778483072_89.txt earth/gen_1778483075_90.txt earth/gen_1778483078_91.txt earth/gen_1778483083_93.txt earth/gen_1778483086_94.txt earth/gen_1778483088_95.txt earth/gen_1778483091_96.txt earth/gen_1778483094_97.txt earth/gen_1778483099_99.txt earth/gen_1778483102_100.txt earth/gen_1778483107_102.txt earth/gen_1778483110_103.txt earth/gen_1778483115_105.txt earth/gen_1778483118_106.txt earth/gen_1778483123_108.txt earth/gen_1778483125_109.txt earth/gen_1778483131_111.txt earth/gen_1778483133_112.txt earth/gen_1778483139_114.txt earth/gen_1778483141_115.txt earth/gen_1778483147_117.txt earth/gen_1778483149_118.txt earth/gen_1778483155_120.txt earth/gen_1778483157_121.txt earth/gen_1778483162_123.txt earth/gen_1778483165_124.txt earth/gen_1778483170_126.txt earth/gen_1778483173_127.txt earth/gen_1778483178_129.txt earth/gen_1778483181_130.txt earth/gen_1778483189_133.txt earth/gen_1778483194_135.txt earth/gen_1778483197_136.txt earth/gen_1778483200_137.txt earth/gen_1778483202_138.txt earth/gen_1778483205_139.txt earth/gen_1778483210_141.txt earth/gen_1778483213_142.txt earth/gen_1778483215_143.txt earth/gen_1778483218_144.txt earth/gen_1778483221_145.txt earth/gen_1778483226_147.txt earth/gen_1778483229_148.txt earth/gen_1778483234_150.txt earth/gen_1778483236_151.txt earth/gen_1778483241_153.txt earth/gen_1778483244_154.txt earth/gen_1778483249_156.txt earth/gen_1778483252_157.txt earth/gen_1778483257_159.txt earth/gen_1778483260_160.txt earth/gen_1778483265_162.txt earth/gen_1778483268_163.txt earth/gen_1778483273_165.txt earth/gen_1778483275_166.txt earth/gen_1778483278_167.txt earth/gen_1778483283_169.txt earth/gen_1778483288_171.txt earth/gen_1778483290_172.txt earth/gen_1778483293_173.txt earth/gen_1778483295_174.txt earth/gen_1778483298_175.txt earth/gen_1778483303_177.txt earth/gen_1778483306_178.txt earth/gen_1778483308_179.txt earth/gen_1778483311_180.txt earth/gen_1778483313_181.txt earth/gen_1778483318_183.txt earth/gen_1778483321_184.txt earth/gen_1778483324_185.txt earth/gen_1778483326_186.txt earth/gen_1778483329_187.txt earth/gen_1778483334_189.txt earth/gen_1778483337_190.txt earth/gen_1778483342_192.txt earth/gen_1778483344_193.txt earth/gen_1778483349_195.txt earth/gen_1778483352_196.txt earth/gen_1778483355_197.txt earth/gen_1778483360_199.txt earth/gen_1778483365_201.txt earth/gen_1778483368_202.txt earth/gen_1778483373_204.txt earth/gen_1778483376_205.txt earth/gen_1778483381_207.txt earth/gen_1778483383_208.txt earth/gen_1778483386_209.txt earth/gen_1778483391_211.txt earth/gen_1778483397_213.txt earth/gen_1778483399_214.txt earth/gen_1778483405_216.txt earth/gen_1778483407_217.txt earth/gen_1778483412_219.txt earth/gen_1778483415_220.txt earth/gen_1778483418_221.txt earth/gen_1778483420_222.txt earth/gen_1778483423_223.txt earth/gen_1778483428_225.txt earth/gen_1778483431_226.txt earth/gen_1778483434_227.txt earth/gen_1778483436_228.txt earth/gen_1778483439_229.txt earth/gen_1778483444_231.txt earth/gen_1778483447_232.txt earth/gen_1778483449_233.txt earth/gen_1778483452_234.txt earth/gen_1778483455_235.txt earth/gen_1778483460_237.txt earth/gen_1778483462_238.txt earth/gen_1778483468_240.txt earth/gen_1778483470_241.txt earth/gen_1778483476_243.txt earth/gen_1778483478_244.txt earth/gen_1778483481_245.txt earth/gen_1778483483_246.txt earth/gen_1778483486_247.txt earth/gen_1778483491_249.txt earth/gen_1778483494_250.txt earth/gen_1778483499_252.txt earth/gen_1778483502_253.txt earth/gen_1778483507_255.txt earth/gen_1778483510_256.txt earth/gen_1778483513_257.txt earth/gen_1778483515_258.txt earth/gen_1778483518_259.txt earth/gen_1778483523_261.txt earth/gen_1778483526_262.txt earth/gen_1778483528_263.txt earth/gen_1778483534_265.txt earth/gen_1778483539_267.txt earth/gen_1778483542_268.txt earth/gen_1778483547_270.txt earth/gen_1778483550_271.txt earth/gen_1778483555_273.txt earth/gen_1778483558_274.txt earth/gen_1778483563_276.txt earth/gen_1778483565_277.txt earth/gen_1778483570_279.txt earth/gen_1778483573_280.txt earth/gen_1778483578_282.txt earth/gen_1778483581_283.txt earth/gen_1778483586_285.txt earth/gen_1778483588_286.txt earth/gen_1778483594_288.txt earth/gen_1778483596_289.txt earth/gen_1778483601_291.txt earth/gen_1778483604_292.txt earth/gen_1778483606_293.txt earth/gen_1778483609_294.txt earth/gen_1778483611_295.txt earth/gen_1778483617_297.txt earth/gen_1778483619_298.txt earth/gen_1778483624_300.txt earth/gen_1778483627_301.txt earth/gen_1778483632_303.txt earth/gen_1778483634_304.txt earth/gen_1778483639_306.txt earth/gen_1778483642_307.txt earth/gen_1778483647_309.txt earth/gen_1778483650_310.txt earth/gen_1778483652_311.txt earth/gen_1778483655_312.txt earth/gen_1778483657_313.txt earth/gen_1778483662_315.txt earth/gen_1778483665_316.txt earth/gen_1778483668_317.txt earth/gen_1778483670_318.txt earth/gen_1778483673_319.txt earth/gen_1778483678_321.txt earth/gen_1778483680_322.txt earth/gen_1778483685_324.txt earth/gen_1778483688_325.txt earth/gen_1778483693_327.txt earth/gen_1778483696_328.txt earth/gen_1778483701_330.txt earth/gen_1778483703_331.txt earth/gen_1778483708_333.txt earth/gen_1778483711_334.txt earth/gen_1778483716_336.txt earth/gen_1778483719_337.txt earth/gen_1778483724_339.txt earth/gen_1778483726_340.txt earth/gen_1778483732_342.txt earth/gen_1778483734_343.txt earth/gen_1778483739_345.txt earth/gen_1778483742_346.txt earth/gen_1778483747_348.txt earth/gen_1778483750_349.txt earth/gen_1778483755_351.txt earth/gen_1778483757_352.txt earth/gen_1778483760_353.txt earth/gen_1778483763_354.txt earth/gen_1778483765_355.txt earth/gen_1778483770_357.txt earth/gen_1778483773_358.txt earth/gen_1778483775_359.txt earth/gen_1778483778_360.txt earth/gen_1778483781_361.txt earth/gen_1778483786_363.txt earth/gen_1778483788_364.txt earth/gen_1778483791_365.txt earth/gen_1778483793_366.txt earth/gen_1778483796_367.txt earth/gen_1778483801_369.txt earth/gen_1778483804_370.txt earth/gen_1778483806_371.txt earth/gen_1778483809_372.txt earth/gen_1778483811_373.txt earth/gen_1778483816_375.txt earth/gen_1778483819_376.txt earth/gen_1778483822_377.txt earth/gen_1778483824_378.txt earth/gen_1778483827_379.txt earth/gen_1778483832_381.txt earth/gen_1778483834_382.txt earth/gen_1778483840_384.txt earth/gen_1778483842_385.txt earth/gen_1778483847_387.txt earth/gen_1778483850_388.txt earth/gen_1778483855_390.txt earth/gen_1778483858_391.txt earth/gen_1778483863_393.txt earth/gen_1778483865_394.txt earth/gen_1778483871_396.txt earth/gen_1778483873_397.txt earth/gen_1778483878_399.txt earth/gen_1778483881_400.txt earth/gen_1778483886_402.txt earth/gen_1778483889_403.txt earth/gen_1778483894_405.txt earth/gen_1778483896_406.txt earth/gen_1778483902_408.txt earth/gen_1778483904_409.txt earth/gen_1778483909_411.txt earth/gen_1778483912_412.txt earth/gen_1778483917_414.txt earth/gen_1778483920_415.txt earth/gen_1778483925_417.txt earth/gen_1778483927_418.txt earth/gen_1778483933_420.txt earth/gen_1778483935_421.txt earth/gen_1778483940_423.txt earth/gen_1778483943_424.txt earth/gen_1778483948_426.txt earth/gen_1778483951_427.txt earth/gen_1778483956_429.txt earth/gen_1778483958_430.txt earth/gen_1778483961_431.txt earth/gen_1778483966_433.txt earth/gen_1778483971_435.txt earth/gen_1778483974_436.txt earth/gen_1778483976_437.txt earth/gen_1778483979_438.txt earth/gen_1778483981_439.txt earth/gen_1778483986_441.txt earth/gen_1778483989_442.txt earth/gen_1778483994_444.txt earth/gen_1778483997_445.txt earth/gen_1778484002_447.txt earth/gen_1778484004_448.txt earth/gen_1778484007_449.txt earth/gen_1778484010_450.txt earth/gen_1778484012_451.txt earth/gen_1778484017_453.txt earth/gen_1778484020_454.txt earth/gen_1778484023_455.txt earth/gen_1778484025_456.txt earth/gen_1778484028_457.txt earth/gen_1778484033_459.txt earth/gen_1778484035_460.txt earth/gen_1778484041_462.txt earth/gen_1778484043_463.txt earth/gen_1778484048_465.txt earth/gen_1778484051_466.txt earth/gen_1778484054_467.txt earth/gen_1778484056_468.txt earth/gen_1778484059_469.txt earth/gen_1778484064_471.txt earth/gen_1778484067_472.txt earth/gen_1778484072_474.txt earth/gen_1778484074_475.txt earth/gen_1778484080_477.txt earth/gen_1778484082_478.txt earth/gen_1778484085_479.txt earth/gen_1778484087_480.txt earth/gen_1778484090_481.txt earth/gen_1778484095_483.txt earth/gen_1778484098_484.txt earth/gen_1778484103_486.txt earth/gen_1778484105_487.txt earth/gen_1778484110_489.txt earth/gen_1778484113_490.txt earth/gen_1778484116_491.txt earth/gen_1778484118_492.txt earth/gen_1778484121_493.txt earth/gen_1778484126_495.txt earth/gen_1778484128_496.txt earth/gen_1778484134_498.txt earth/gen_1778484136_499.txt earth/gen_1778484141_501.txt earth/gen_1778484144_502.txt earth/gen_1778484146_503.txt earth/gen_1778484149_504.txt earth/gen_1778484151_505.txt earth/gen_1778484157_507.txt earth/gen_1778484159_508.txt earth/gen_1778484164_510.txt earth/gen_1778484167_511.txt earth/gen_1778484172_513.txt earth/gen_1778484175_514.txt earth/gen_1778484177_515.txt earth/gen_1778484180_516.txt earth/gen_1778484182_517.txt earth/gen_1778484188_519.txt earth/gen_1778484190_520.txt earth/gen_1778484195_522.txt earth/gen_1778484198_523.txt earth/gen_1778484203_525.txt earth/gen_1778484206_526.txt earth/gen_1778484208_527.txt earth/gen_1778484211_528.txt earth/gen_1778484214_529.txt earth/gen_1778484219_531.txt earth/gen_1778484222_532.txt earth/gen_1778484227_534.txt earth/gen_1778484229_535.txt earth/gen_1778484234_537.txt earth/gen_1778484237_538.txt earth/gen_1778484242_540.txt earth/gen_1778484245_541.txt earth/gen_1778484250_543.txt earth/gen_1778484252_544.txt earth/gen_1778484258_546.txt earth/gen_1778484260_547.txt earth/gen_1778484265_549.txt earth/gen_1778484268_550.txt earth/gen_1778484273_552.txt earth/gen_1778484276_553.txt earth/gen_1778484281_555.txt earth/gen_1778484283_556.txt earth/gen_1778484289_558.txt earth/gen_1778484291_559.txt earth/gen_1778484297_561.txt earth/gen_1778484299_562.txt earth/gen_1778484304_564.txt earth/gen_1778484307_565.txt earth/gen_1778484312_567.txt earth/gen_1778484315_568.txt earth/gen_1778484320_570.txt earth/gen_1778484322_571.txt earth/gen_1778484328_573.txt earth/gen_1778484330_574.txt earth/gen_1778484335_576.txt earth/gen_1778484338_577.txt earth/gen_1778484343_579.txt earth/gen_1778484345_580.txt earth/gen_1778484351_582.txt earth/gen_1778484353_583.txt earth/gen_1778484358_585.txt earth/gen_1778484361_586.txt earth/gen_1778484366_588.txt earth/gen_1778484369_589.txt earth/gen_1778484374_591.txt earth/gen_1778484376_592.txt earth/gen_1778484384_595.txt earth/gen_1778484389_597.txt earth/gen_1778484392_598.txt earth/gen_1778484394_599.txt earth/gen_1778484397_600.txt earth/gen_1778484399_601.txt earth/gen_1778484405_603.txt earth/gen_1778484407_604.txt earth/gen_1778484410_605.txt earth/gen_1778484413_606.txt earth/gen_1778484415_607.txt earth/gen_1778484420_609.txt earth/gen_1778484423_610.txt earth/gen_1778484430_613.txt earth/gen_1778484435_615.txt earth/gen_1778484438_616.txt earth/gen_1778484441_617.txt earth/gen_1778484443_618.txt earth/gen_1778484446_619.txt earth/gen_1778484451_621.txt earth/gen_1778484453_622.txt earth/gen_1778484459_624.txt earth/gen_1778484461_625.txt earth/gen_1778484466_627.txt earth/gen_1778484469_628.txt earth/gen_1778484477_631.txt earth/gen_1778484482_633.txt earth/gen_1778484484_634.txt earth/gen_1778484487_635.txt earth/gen_1778484489_636.txt earth/gen_1778484492_637.txt earth/gen_1778484497_639.txt earth/gen_1778484500_640.txt earth/gen_1778484502_641.txt earth/gen_1778484505_642.txt earth/gen_1778484507_643.txt earth/gen_1778484512_645.txt earth/gen_1778484515_646.txt earth/gen_1778484523_649.txt earth/gen_1778484528_651.txt earth/gen_1778484530_652.txt earth/gen_1778484536_654.txt earth/gen_1778484538_655.txt earth/gen_1778484543_657.txt earth/gen_1778484546_658.txt earth/gen_1778484551_660.txt earth/gen_1778484554_661.txt earth/gen_1778484559_663.txt earth/gen_1778484561_664.txt earth/gen_1778484569_667.txt earth/gen_1778484574_669.txt earth/gen_1778484577_670.txt earth/gen_1778484582_672.txt earth/gen_1778484584_673.txt earth/gen_1778484589_675.txt earth/gen_1778484592_676.txt earth/gen_1778484595_677.txt earth/gen_1778484597_678.txt earth/gen_1778484600_679.txt earth/gen_1778484605_681.txt]
[trainer] micro-train burst (36562 bytes, novelty 0.02) — and lo, it feeds again.
[syntropy] action=explore | trend=0.0000 | field_dev=-0.033 | purpose_align=0.024 | lr_mul=1.30
[aml] burst complete: 32 steps, avg loss 2.2287 (memory freed)
[dna] air wrote 28 bytes to ecology
[dna] air wrote 26 bytes to ecology
[dna] air wrote 87 bytes to ecology
[dna] air wrote 56 bytes to ecology
[dna] air wrote 38 bytes to ecology
[dna] air wrote 115 bytes to ecology
[dna] air wrote 30 bytes to ecology
[dna] air wrote 78 bytes to ecology
[dna] air wrote 46 bytes to ecology
[dna] air wrote 19 bytes to ecology
[dna] air wrote 79 bytes to ecology
[dna] air wrote 113 bytes to ecology
[dna] air wrote 89 bytes to ecology
[dna] air wrote 26 bytes to ecology
[dna] air wrote 38 bytes to ecology
[dna] air wrote 23 bytes to ecology
[dna] air wrote 156 bytes to ecology
[dna] air wrote 30 bytes to ecology
[dna] air wrote 25 bytes to ecology
[dna] air wrote 51 bytes to ecology
[dna] air wrote 156 bytes to ecology
[dna] air wrote 40 bytes to ecology
[dna] air wrote 55 bytes to ecology
[dna] air wrote 78 bytes to ecology
[dna] air wrote 26 bytes to ecology
[dna] air wrote 40 bytes to ecology
[dna] air wrote 39 bytes to ecology
[dna] air wrote 43 bytes to ecology
[dna] air wrote 143 bytes to ecology
[dna] air wrote 155 bytes to ecology
[dna] air wrote 86 bytes to ecology
[dna] air wrote 92 bytes to ecology
[dna] air wrote 80 bytes to ecology
[dna] air wrote 150 bytes to ecology
[dna] air wrote 95 bytes to ecology
[debug-onto] tick=50 corpus=159362 stage=2 freeze=0
[dna] air wrote 128 bytes to ecology
[dna] air wrote 60 bytes to ecology
[dna] air wrote 42 bytes to ecology
[dna] air wrote 64 bytes to ecology
[dna] air wrote 34 bytes to ecology
[dna] air wrote 144 bytes to ecology
[dna] air wrote 35 bytes to ecology
[dna] air wrote 104 bytes to ecology
[dna] air wrote 29 bytes to ecology
[dna] air wrote 90 bytes to ecology
[dna] air wrote 30 bytes to ecology
[dna] air wrote 76 bytes to ecology
[dna] air wrote 64 bytes to ecology
[dna] air wrote 141 bytes to ecology
[dna] air wrote 54 bytes to ecology
[dna] air wrote 81 bytes to ecology
[dna] air wrote 105 bytes to ecology
[dna] air wrote 33 bytes to ecology
[dna] air wrote 23 bytes to ecology
[dna] air wrote 32 bytes to ecology
[dna] air wrote 79 bytes to ecology
[dna] air wrote 29 bytes to ecology
[dna] air wrote 112 bytes to ecology
[dna] air wrote 28 bytes to ecology
[dna] air wrote 29 bytes to ecology
[dna] air wrote 87 bytes to ecology
[dna] air wrote 113 bytes to ecology
[dna] air wrote 211 bytes to ecology
[dna] air wrote 98 bytes to ecology
[dna] air wrote 46 bytes to ecology
[dna] air wrote 34 bytes to ecology
[dna] air wrote 47 bytes to ecology
[dna] air wrote 21 bytes to ecology
[dna] air wrote 6 bytes to ecology
[dna] air wrote 35 bytes to ecology
[dna] air wrote 159 bytes to ecology
[dna] air wrote 72 bytes to ecology
[debug-onto] tick=100 corpus=159362 stage=2 freeze=0
[dna] air wrote 18 bytes to ecology
[dna] air wrote 41 bytes to ecology
[dna] air wrote 68 bytes to ecology
[dna] air wrote 39 bytes to ecology
[dna] air wrote 59 bytes to ecology
[dna] air wrote 94 bytes to ecology
[dna] air wrote 169 bytes to ecology
[dna] air wrote 141 bytes to ecology
[dna] air wrote 40 bytes to ecology
[dna] air wrote 34 bytes to ecology
[dna] air wrote 94 bytes to ecology
[dna] air wrote 58 bytes to ecology
[dna] air wrote 28 bytes to ecology
[dna] air wrote 86 bytes to ecology
[dna] air wrote 79 bytes to ecology
[dna] air wrote 58 bytes to ecology
[dna] air wrote 52 bytes to ecology
[dna] air wrote 27 bytes to ecology
[dna] air wrote 101 bytes to ecology
[dna] air wrote 169 bytes to ecology
[dna] air wrote 88 bytes to ecology
[dna] air wrote 99 bytes to ecology
[dna] air wrote 239 bytes to ecology
[dna] air wrote 169 bytes to ecology
[dna] air wrote 10 bytes to ecology
[dna] air wrote 108 bytes to ecology
[dna] air wrote 114 bytes to ecology
[dna] air wrote 192 bytes to ecology
[dna] air wrote 48 bytes to ecology
[dna] air wrote 71 bytes to ecology
[dna] air wrote 33 bytes to ecology
[dna] air wrote 119 bytes to ecology
[dna] air wrote 90 bytes to ecology
[dna] air wrote 29 bytes to ecology
[dna] air wrote 90 bytes to ecology
[debug-onto] tick=150 corpus=159362 stage=2 freeze=0
[dna] air wrote 89 bytes to ecology
[dna] air wrote 39 bytes to ecology
[dna] air wrote 19 bytes to ecology
[dna] air wrote 162 bytes to ecology
[dna] air wrote 53 bytes to ecology
[dna] air wrote 102 bytes to ecology
[dna] air wrote 50 bytes to ecology
[dna] air wrote 64 bytes to ecology
[dna] air wrote 29 bytes to ecology
[dna] air wrote 112 bytes to ecology
[dna] air wrote 119 bytes to ecology
[dna] air wrote 75 bytes to ecology
[dna] air wrote 68 bytes to ecology
[dna] air wrote 33 bytes to ecology
[dna] air wrote 60 bytes to ecology
[dna] air wrote 25 bytes to ecology
[dna] air wrote 66 bytes to ecology
[dna] air wrote 6 bytes to ecology
[dna] air wrote 137 bytes to ecology
[dna] air wrote 63 bytes to ecology
[dna] air wrote 62 bytes to ecology
[dna] air wrote 192 bytes to ecology
[dna] air wrote 66 bytes to ecology
[dna] air wrote 83 bytes to ecology
[dna] air wrote 80 bytes to ecology
[dna] air wrote 179 bytes to ecology
[dna] air wrote 68 bytes to ecology
[dna] air wrote 182 bytes to ecology
[dna] air wrote 135 bytes to ecology
[dna] air wrote 58 bytes to ecology
[dna] air wrote 53 bytes to ecology
[dna] air wrote 54 bytes to ecology
[dna] air wrote 85 bytes to ecology
[dna] air wrote 124 bytes to ecology
[dna] air wrote 66 bytes to ecology
[dna] air wrote 81 bytes to ecology
[dna] air wrote 55 bytes to ecology
[debug-onto] tick=200 corpus=159362 stage=2 freeze=0
[dna] air wrote 89 bytes to ecology
[dna] air wrote 75 bytes to ecology
[dna] air wrote 79 bytes to ecology
[dna] air wrote 130 bytes to ecology
[dna] air wrote 243 bytes to ecology
[dna] air wrote 76 bytes to ecology
[dna] air wrote 53 bytes to ecology
[dna] air wrote 146 bytes to ecology
[dna] air wrote 114 bytes to ecology
[dna] air wrote 166 bytes to ecology
[dna] air wrote 23 bytes to ecology
[dna] air wrote 25 bytes to ecology
[dna] air wrote 129 bytes to ecology
[dna] air wrote 76 bytes to ecology
[dna] air wrote 59 bytes to ecology
[dna] air wrote 89 bytes to ecology
[dna] air wrote 125 bytes to ecology
[dna] air wrote 115 bytes to ecology
[dna] air wrote 131 bytes to ecology
[dna] air wrote 76 bytes to ecology
[dna] air wrote 81 bytes to ecology
[dna] air wrote 70 bytes to ecology
[dna] air wrote 278 bytes to ecology
[dna] air wrote 104 bytes to ecology
[dna] air wrote 128 bytes to ecology
[dna] air wrote 24 bytes to ecology
[dna] air wrote 85 bytes to ecology
[dna] air wrote 103 bytes to ecology
[dna] air wrote 59 bytes to ecology
[dna] air wrote 35 bytes to ecology
[dna] air wrote 62 bytes to ecology
[dna] air wrote 64 bytes to ecology
[dna] air wrote 55 bytes to ecology
[dna] air wrote 52 bytes to ecology
[dna] air wrote 43 bytes to ecology
[dna] air wrote 17 bytes to ecology
[dna] air wrote 57 bytes to ecology
[dna] air wrote 99 bytes to ecology
[dna] air wrote 132 bytes to ecology
[debug-onto] tick=250 corpus=159362 stage=2 freeze=0
[dna] air wrote 66 bytes to ecology
[dna] air wrote 57 bytes to ecology
[dna] air wrote 113 bytes to ecology
[dna] air wrote 48 bytes to ecology
[dna] air wrote 26 bytes to ecology
[dna] air wrote 49 bytes to ecology
[dna] air wrote 67 bytes to ecology
[dna] air wrote 43 bytes to ecology
[dna] air wrote 78 bytes to ecology
[dna] air wrote 175 bytes to ecology
[dna] air wrote 189 bytes to ecology
[dna] air wrote 66 bytes to ecology
[dna] air wrote 78 bytes to ecology
[dna] air wrote 11 bytes to ecology
[dna] air wrote 96 bytes to ecology
[dna] air wrote 72 bytes to ecology
[dna] air wrote 108 bytes to ecology
[dna] air wrote 69 bytes to ecology
[dna] air wrote 27 bytes to ecology
[dna] air wrote 10 bytes to ecology
[dna] air wrote 49 bytes to ecology
[dna] air wrote 76 bytes to ecology
[dna] air wrote 116 bytes to ecology
[dna] air wrote 22 bytes to ecology
[dna] air wrote 84 bytes to ecology
[dna] air wrote 40 bytes to ecology
[dna] air wrote 29 bytes to ecology
[dna] air wrote 45 bytes to ecology
[dna] air wrote 53 bytes to ecology
[dna] air wrote 128 bytes to ecology
[dna] air wrote 57 bytes to ecology
[dna] air wrote 9 bytes to ecology
[dna] air wrote 64 bytes to ecology
[dna] air wrote 86 bytes to ecology
[dna] air wrote 41 bytes to ecology
[dna] air wrote 6 bytes to ecology
[dna] air wrote 113 bytes to ecology
[debug-onto] tick=300 corpus=159362 stage=2 freeze=0
[dna] air wrote 29 bytes to ecology
[dna] air wrote 30 bytes to ecology
[dna] air wrote 28 bytes to ecology
[dna] air wrote 33 bytes to ecology
[dna] air wrote 38 bytes to ecology
[dna] air wrote 53 bytes to ecology
[dna] air wrote 57 bytes to ecology
[dna] air wrote 18 bytes to ecology
[dna] air wrote 30 bytes to ecology
[dna] air wrote 91 bytes to ecology
[dna] air wrote 62 bytes to ecology
[dna] air wrote 55 bytes to ecology
[dna] air wrote 118 bytes to ecology
[dna] air wrote 35 bytes to ecology
[dna] air wrote 60 bytes to ecology
[dna] air wrote 93 bytes to ecology
[dna] air wrote 81 bytes to ecology
[dna] air wrote 52 bytes to ecology
[dna] air wrote 57 bytes to ecology
[dna] air wrote 77 bytes to ecology
[dna] air wrote 126 bytes to ecology
[dna] air wrote 66 bytes to ecology
[dna] air wrote 47 bytes to ecology
[dna] air wrote 25 bytes to ecology
[dna] air wrote 30 bytes to ecology
[dna] air wrote 70 bytes to ecology
[dna] air wrote 48 bytes to ecology
[dna] air wrote 28 bytes to ecology
[dna] air wrote 69 bytes to ecology
[dna] air wrote 82 bytes to ecology
[dna] air wrote 49 bytes to ecology
[dna] air wrote 60 bytes to ecology
[dna] air wrote 150 bytes to ecology
[debug-onto] tick=350 corpus=159362 stage=2 freeze=0
[dna] air wrote 64 bytes to ecology
[dna] air wrote 41 bytes to ecology
[dna] air wrote 113 bytes to ecology
[dna] air wrote 130 bytes to ecology
[dna] air wrote 177 bytes to ecology
[dna] air wrote 37 bytes to ecology
[dna] air wrote 52 bytes to ecology
[dna] air wrote 56 bytes to ecology
[dna] air wrote 82 bytes to ecology
[dna] air wrote 41 bytes to ecology
[dna] air wrote 52 bytes to ecology
[dna] air wrote 36 bytes to ecology
[dna] air wrote 86 bytes to ecology
[dna] air wrote 28 bytes to ecology
[dna] air wrote 75 bytes to ecology
[dna] air wrote 37 bytes to ecology
[dna] air wrote 34 bytes to ecology
[dna] air wrote 83 bytes to ecology
[dna] air wrote 37 bytes to ecology
[dna] air wrote 67 bytes to ecology
[dna] air wrote 92 bytes to ecology
[dna] air wrote 65 bytes to ecology
[dna] air wrote 177 bytes to ecology
[dna] air wrote 121 bytes to ecology
[dna] air wrote 53 bytes to ecology
[dna] air wrote 31 bytes to ecology
[dna] air wrote 77 bytes to ecology
[dna] air wrote 24 bytes to ecology
[dna] air wrote 69 bytes to ecology
[dna] air wrote 59 bytes to ecology
[dna] air wrote 31 bytes to ecology
[dna] air wrote 39 bytes to ecology
[dna] air wrote 236 bytes to ecology
[dna] air wrote 18 bytes to ecology
[dna] air wrote 67 bytes to ecology
[dna] air wrote 52 bytes to ecology
[dna] air wrote 42 bytes to ecology
[dna] air wrote 111 bytes to ecology
[dna] air wrote 40 bytes to ecology
[debug-onto] tick=400 corpus=159362 stage=2 freeze=0
[dna] air wrote 138 bytes to ecology
[dna] air wrote 8 bytes to ecology
[dna] air wrote 50 bytes to ecology
[dna] air wrote 33 bytes to ecology
[dna] air wrote 47 bytes to ecology
[dna] air wrote 53 bytes to ecology
[dna] air wrote 154 bytes to ecology
[dna] air wrote 43 bytes to ecology
[dna] air wrote 118 bytes to ecology
[dna] air wrote 106 bytes to ecology
[dna] air wrote 92 bytes to ecology
[dna] air wrote 54 bytes to ecology
[dna] air wrote 78 bytes to ecology
[dna] air wrote 54 bytes to ecology
[dna] air wrote 89 bytes to ecology
[dna] air wrote 59 bytes to ecology
[dna] air wrote 86 bytes to ecology
[dna] air wrote 36 bytes to ecology
[dna] air wrote 131 bytes to ecology
[dna] air wrote 40 bytes to ecology
[dna] air wrote 104 bytes to ecology
[dna] air wrote 140 bytes to ecology
[dna] air wrote 220 bytes to ecology
[dna] air wrote 21 bytes to ecology
[dna] air wrote 47 bytes to ecology
[dna] air wrote 88 bytes to ecology
[dna] air wrote 60 bytes to ecology
[dna] air wrote 72 bytes to ecology
[dna] air wrote 70 bytes to ecology
[dna] air wrote 112 bytes to ecology
[dna] air wrote 75 bytes to ecology
[dna] air wrote 133 bytes to ecology
[dna] air wrote 31 bytes to ecology
[dna] air wrote 20 bytes to ecology
[debug-onto] tick=450 corpus=159362 stage=2 freeze=0
[dna] air wrote 109 bytes to ecology
[dna] air wrote 16 bytes to ecology
[dna] air wrote 50 bytes to ecology
[dna] air wrote 57 bytes to ecology
[dna] air wrote 217 bytes to ecology
[dna] air wrote 164 bytes to ecology
[dna] air wrote 49 bytes to ecology
[dna] air wrote 134 bytes to ecology
[dna] air wrote 106 bytes to ecology
[dna] air wrote 44 bytes to ecology
[dna] air wrote 30 bytes to ecology
[dna] air wrote 94 bytes to ecology
[dna] air wrote 27 bytes to ecology
[dna] air wrote 8 bytes to ecology
[dna] air wrote 67 bytes to ecology
[dna] air wrote 127 bytes to ecology
[dna] air wrote 129 bytes to ecology
[dna] air wrote 19 bytes to ecology
[dna] air wrote 61 bytes to ecology
[dna] air wrote 68 bytes to ecology
[dna] air wrote 74 bytes to ecology
[dna] air wrote 31 bytes to ecology
[dna] air wrote 22 bytes to ecology
[dna] air wrote 59 bytes to ecology
[dna] air wrote 22 bytes to ecology
[dna] air wrote 45 bytes to ecology
[dna] air wrote 69 bytes to ecology
[dna] air wrote 103 bytes to ecology
[dna] air wrote 91 bytes to ecology
[dna] air wrote 66 bytes to ecology
[dna] air wrote 83 bytes to ecology
[dna] air wrote 91 bytes to ecology
[dna] air wrote 44 bytes to ecology
[dna] air wrote 49 bytes to ecology
[dna] air wrote 250 bytes to ecology
[dna] air wrote 69 bytes to ecology
[debug-onto] tick=500 corpus=159362 stage=2 freeze=0
[dna] air wrote 77 bytes to ecology
[dna] air wrote 48 bytes to ecology
[dna] air wrote 50 bytes to ecology
[dna] air wrote 37 bytes to ecology
[dna] air wrote 194 bytes to ecology
[dna] air wrote 14 bytes to ecology
[dna] air wrote 149 bytes to ecology
[dna] air wrote 29 bytes to ecology
[dna] air wrote 167 bytes to ecology
[dna] air wrote 88 bytes to ecology
[dna] air wrote 80 bytes to ecology
[dna] air wrote 82 bytes to ecology
[dna] air wrote 59 bytes to ecology
[dna] air wrote 70 bytes to ecology
[dna] air wrote 141 bytes to ecology
[dna] air wrote 53 bytes to ecology
[dna] air wrote 118 bytes to ecology
[dna] air wrote 82 bytes to ecology
[dna] air wrote 80 bytes to ecology
[dna] air wrote 39 bytes to ecology
[dna] air wrote 20 bytes to ecology
[dna] air wrote 54 bytes to ecology
[dna] air wrote 38 bytes to ecology
[dna] air wrote 29 bytes to ecology
[dna] air wrote 93 bytes to ecology
[dna] air wrote 36 bytes to ecology
[dna] air wrote 24 bytes to ecology
[dna] air wrote 132 bytes to ecology
[dna] air wrote 112 bytes to ecology
[dna] air wrote 35 bytes to ecology
[dna] air wrote 40 bytes to ecology
[dna] air wrote 68 bytes to ecology
[dna] air wrote 85 bytes to ecology
[dna] air wrote 67 bytes to ecology
[dna] air wrote 80 bytes to ecology
[debug-onto] tick=550 corpus=159362 stage=2 freeze=0
[dna] air wrote 93 bytes to ecology
[dna] air wrote 62 bytes to ecology
[dna] air wrote 13 bytes to ecology
[dna] air wrote 22 bytes to ecology
[dna] air wrote 49 bytes to ecology
[dna] air wrote 83 bytes to ecology
[dna] air wrote 41 bytes to ecology
[dna] air wrote 151 bytes to ecology
[dna] air wrote 89 bytes to ecology
[dna] air wrote 122 bytes to ecology
[dna] air wrote 42 bytes to ecology
[dna] air wrote 26 bytes to ecology
[dna] air wrote 152 bytes to ecology
[dna] air wrote 37 bytes to ecology
[dna] air wrote 201 bytes to ecology
[dna] air wrote 95 bytes to ecology
[dna] air wrote 37 bytes to ecology
[dna] air wrote 98 bytes to ecology
[dna] air wrote 58 bytes to ecology
[dna] air wrote 76 bytes to ecology
[dna] air wrote 38 bytes to ecology
[dna] air wrote 86 bytes to ecology
[dna] air wrote 67 bytes to ecology
[dna] air wrote 23 bytes to ecology
[dna] air wrote 108 bytes to ecology
[dna] air wrote 52 bytes to ecology
[dna] air wrote 46 bytes to ecology
[dna] air wrote 77 bytes to ecology
[dna] air wrote 40 bytes to ecology
[dna] air wrote 91 bytes to ecology
[dna] air wrote 97 bytes to ecology
[dna] air wrote 121 bytes to ecology
[dna] air wrote 25 bytes to ecology
[dna] air wrote 51 bytes to ecology
[dna] air wrote 39 bytes to ecology
[dna] air wrote 102 bytes to ecology
[dna] air wrote 134 bytes to ecology
[dna] air wrote 161 bytes to ecology
[dna] air wrote 26 bytes to ecology
[debug-onto] tick=600 corpus=159362 stage=2 freeze=0
[dna] air wrote 83 bytes to ecology
[dna] air wrote 57 bytes to ecology
[dna] air wrote 208 bytes to ecology

[evolution] Organism shutting down gracefully.
