[ecology] Element: fire → corpus: nonames_fire.txt
[evolution] Autonomous evolution mode — organism will grow through all stages without pause.
[ecology] Joined swarm. 1 peer(s) detected.
molequla is alive. [evolution] Autonomous mode — background trainer running. Ctrl+C to stop.
[dna] fire wrote 47 bytes to ecology
[dna] fire consumed 20637 bytes from 279 files: [water/gen_1778486410_1.txt water/gen_1778486426_4.txt water/gen_1778486429_5.txt water/gen_1778486435_7.txt water/gen_1778486444_10.txt water/gen_1778486453_13.txt water/gen_1778486462_16.txt water/gen_1778486465_17.txt water/gen_1778486468_18.txt water/gen_1778486471_19.txt water/gen_1778486480_22.txt water/gen_1778486489_25.txt water/gen_1778486498_28.txt water/gen_1778486501_29.txt water/gen_1778486507_31.txt water/gen_1778486516_34.txt water/gen_1778486519_35.txt water/gen_1778486526_37.txt water/gen_1778486535_40.txt water/gen_1778486541_42.txt water/gen_1778486544_43.txt water/gen_1778486553_46.txt water/gen_1778486562_49.txt water/gen_1778486571_52.txt water/gen_1778486574_53.txt water/gen_1778486580_55.txt water/gen_1778486589_58.txt water/gen_1778486592_59.txt water/gen_1778486598_61.txt water/gen_1778486607_64.txt water/gen_1778486610_65.txt water/gen_1778486613_66.txt water/gen_1778486616_67.txt water/gen_1778486625_70.txt water/gen_1778486628_71.txt water/gen_1778486631_72.txt water/gen_1778486634_73.txt water/gen_1778486643_76.txt water/gen_1778486646_77.txt water/gen_1778486652_79.txt water/gen_1778486661_82.txt water/gen_1778486668_84.txt water/gen_1778486671_85.txt water/gen_1778486680_88.txt water/gen_1778486683_89.txt water/gen_1778486689_91.txt water/gen_1778486698_94.txt water/gen_1778486701_95.txt water/gen_1778486707_97.txt water/gen_1778486717_100.txt water/gen_1778486720_101.txt water/gen_1778486723_102.txt water/gen_1778486726_103.txt water/gen_1778486735_106.txt water/gen_1778486742_108.txt water/gen_1778486745_109.txt water/gen_1778486754_112.txt water/gen_1778486757_113.txt water/gen_1778486761_114.txt water/gen_1778486764_115.txt water/gen_1778486773_118.txt water/gen_1778486783_121.txt water/gen_1778486792_124.txt water/gen_1778486802_127.txt water/gen_1778486811_130.txt water/gen_1778486818_132.txt water/gen_1778486821_133.txt water/gen_1778486830_136.txt water/gen_1778486840_139.txt water/gen_1778486849_142.txt water/gen_1778486859_145.txt water/gen_1778486868_148.txt water/gen_1778486872_149.txt water/gen_1778486878_151.txt water/gen_1778486887_154.txt water/gen_1778486891_155.txt water/gen_1778486897_157.txt water/gen_1778486906_160.txt water/gen_1778486910_161.txt water/gen_1778486916_163.txt water/gen_1778486925_166.txt water/gen_1778486929_167.txt water/gen_1778486935_169.txt water/gen_1778486944_172.txt water/gen_1778486947_173.txt water/gen_1778486951_174.txt water/gen_1778486954_175.txt water/gen_1778486963_178.txt water/gen_1778486973_181.txt water/gen_1778486982_184.txt water/gen_1778486986_185.txt water/gen_1778486989_186.txt water/gen_1778486992_187.txt water/gen_1778487001_190.txt water/gen_1778487011_193.txt water/gen_1778487020_196.txt water/gen_1778487023_197.txt water/gen_1778487029_199.txt water/gen_1778487039_202.txt water/gen_1778487048_205.txt water/gen_1778487058_208.txt water/gen_1778487064_210.txt water/gen_1778487067_211.txt water/gen_1778487077_214.txt water/gen_1778487083_216.txt water/gen_1778487086_217.txt water/gen_1778487096_220.txt water/gen_1778487099_221.txt water/gen_1778487102_222.txt water/gen_1778487105_223.txt water/gen_1778487115_226.txt water/gen_1778487118_227.txt water/gen_1778487124_229.txt water/gen_1778487133_232.txt water/gen_1778487140_234.txt water/gen_1778487143_235.txt water/gen_1778487152_238.txt water/gen_1778487161_241.txt water/gen_1778487170_244.txt water/gen_1778487180_247.txt water/gen_1778487189_250.txt water/gen_1778487192_251.txt water/gen_1778487195_252.txt water/gen_1778487199_253.txt water/gen_1778487208_256.txt water/gen_1778487211_257.txt water/gen_1778487218_259.txt water/gen_1778487227_262.txt water/gen_1778487230_263.txt water/gen_1778487236_265.txt water/gen_1778487246_268.txt water/gen_1778487255_271.txt water/gen_1778487265_274.txt water/gen_1778487268_275.txt water/gen_1778487274_277.txt water/gen_1778487284_280.txt water/gen_1778487287_281.txt water/gen_1778487293_283.txt water/gen_1778487302_286.txt water/gen_1778487305_287.txt water/gen_1778487312_289.txt water/gen_1778487321_292.txt water/gen_1778487330_295.txt water/gen_1778487340_298.txt water/gen_1778487346_300.txt water/gen_1778487349_301.txt water/gen_1778487359_304.txt water/gen_1778487362_305.txt water/gen_1778487365_306.txt water/gen_1778487368_307.txt water/gen_1778487378_310.txt water/gen_1778487381_311.txt water/gen_1778487384_312.txt water/gen_1778487387_313.txt water/gen_1778487396_316.txt water/gen_1778487400_317.txt water/gen_1778487406_319.txt water/gen_1778487415_322.txt water/gen_1778487419_323.txt water/gen_1778487422_324.txt water/gen_1778487425_325.txt water/gen_1778487434_328.txt water/gen_1778487444_331.txt water/gen_1778487453_334.txt water/gen_1778487462_337.txt water/gen_1778487472_340.txt water/gen_1778487481_343.txt water/gen_1778487490_346.txt water/gen_1778487494_347.txt water/gen_1778487500_349.txt water/gen_1778487509_352.txt water/gen_1778487519_355.txt water/gen_1778487528_358.txt water/gen_1778487537_361.txt water/gen_1778487547_364.txt water/gen_1778487550_365.txt water/gen_1778487556_367.txt water/gen_1778487566_370.txt water/gen_1778487569_371.txt water/gen_1778487572_372.txt water/gen_1778487575_373.txt water/gen_1778487584_376.txt water/gen_1778487588_377.txt water/gen_1778487594_379.txt water/gen_1778487603_382.txt water/gen_1778487607_383.txt water/gen_1778487613_385.txt water/gen_1778487622_388.txt water/gen_1778487625_389.txt water/gen_1778487632_391.txt water/gen_1778487641_394.txt water/gen_1778487645_395.txt water/gen_1778487648_396.txt water/gen_1778487651_397.txt water/gen_1778487660_400.txt water/gen_1778487666_402.txt water/gen_1778487669_403.txt water/gen_1778487678_406.txt water/gen_1778487681_407.txt water/gen_1778487688_409.txt water/gen_1778487697_412.txt water/gen_1778487706_415.txt water/gen_1778487715_418.txt water/gen_1778487724_421.txt water/gen_1778487733_424.txt water/gen_1778487742_427.txt water/gen_1778487751_430.txt water/gen_1778487754_431.txt water/gen_1778487760_433.txt water/gen_1778487769_436.txt water/gen_1778487772_437.txt water/gen_1778487775_438.txt water/gen_1778487778_439.txt water/gen_1778487787_442.txt water/gen_1778487796_445.txt water/gen_1778487806_448.txt water/gen_1778487809_449.txt water/gen_1778487812_450.txt water/gen_1778487815_451.txt water/gen_1778487824_454.txt water/gen_1778487827_455.txt water/gen_1778487830_456.txt water/gen_1778487833_457.txt water/gen_1778487842_460.txt water/gen_1778487845_461.txt water/gen_1778487851_463.txt water/gen_1778487860_466.txt water/gen_1778487863_467.txt water/gen_1778487869_469.txt water/gen_1778487879_472.txt water/gen_1778487888_475.txt water/gen_1778487897_478.txt water/gen_1778487906_481.txt water/gen_1778487915_484.txt water/gen_1778487918_485.txt water/gen_1778487924_487.txt water/gen_1778487933_490.txt water/gen_1778487936_491.txt water/gen_1778487942_493.txt water/gen_1778487952_496.txt water/gen_1778487955_497.txt water/gen_1778487961_499.txt water/gen_1778487970_502.txt water/gen_1778487980_505.txt water/gen_1778487989_508.txt water/gen_1778487992_509.txt water/gen_1778487998_511.txt water/gen_1778488007_514.txt water/gen_1778488016_517.txt water/gen_1778488025_520.txt water/gen_1778488028_521.txt water/gen_1778488031_522.txt water/gen_1778488034_523.txt water/gen_1778488044_526.txt water/gen_1778488047_527.txt water/gen_1778488053_529.txt water/gen_1778488062_532.txt water/gen_1778488071_535.txt water/gen_1778488080_538.txt water/gen_1778488089_541.txt water/gen_1778488099_544.txt water/gen_1778488102_545.txt water/gen_1778488105_546.txt water/gen_1778488108_547.txt water/gen_1778488117_550.txt water/gen_1778488126_553.txt water/gen_1778488136_556.txt water/gen_1778488139_557.txt water/gen_1778488145_559.txt water/gen_1778488154_562.txt water/gen_1778488157_563.txt water/gen_1778488163_565.txt water/gen_1778488172_568.txt water/gen_1778488175_569.txt water/gen_1778488178_570.txt water/gen_1778488181_571.txt water/gen_1778488191_574.txt water/gen_1778488197_576.txt water/gen_1778488200_577.txt]
[trainer] micro-train burst (20637 bytes, novelty 0.03) — and lo, it feeds again.
[syntropy] action=steady | trend=0.0000 | field_dev=0.154 | purpose_align=0.024 | lr_mul=1.00
[aml] burst complete: 32 steps, avg loss 1.8562 (memory freed)
[dna] fire wrote 68 bytes to ecology
[dna] fire wrote 67 bytes to ecology
[dna] fire wrote 27 bytes to ecology
[dna] fire wrote 22 bytes to ecology
[dna] fire wrote 130 bytes to ecology
[dna] fire wrote 89 bytes to ecology
[dna] fire wrote 149 bytes to ecology
[dna] fire wrote 77 bytes to ecology
[dna] fire wrote 25 bytes to ecology
[dna] fire wrote 47 bytes to ecology
[dna] fire wrote 27 bytes to ecology
[dna] fire wrote 44 bytes to ecology
[dna] fire wrote 123 bytes to ecology
[dna] fire wrote 12 bytes to ecology
[dna] fire wrote 56 bytes to ecology
[dna] fire wrote 47 bytes to ecology
[dna] fire wrote 90 bytes to ecology
[dna] fire wrote 87 bytes to ecology
[dna] fire wrote 33 bytes to ecology
[dna] fire wrote 43 bytes to ecology
[dna] fire wrote 148 bytes to ecology
[dna] fire wrote 50 bytes to ecology
[debug-onto] tick=50 corpus=142816 stage=2 freeze=0
[dna] fire wrote 101 bytes to ecology
[dna] fire wrote 113 bytes to ecology
[dna] fire wrote 60 bytes to ecology
[dna] fire wrote 68 bytes to ecology
[dna] fire wrote 49 bytes to ecology
[dna] fire wrote 29 bytes to ecology
[dna] fire wrote 113 bytes to ecology
[dna] fire wrote 51 bytes to ecology
[dna] fire wrote 80 bytes to ecology
[dna] fire wrote 22 bytes to ecology
[dna] fire wrote 18 bytes to ecology
[dna] fire wrote 104 bytes to ecology
[dna] fire wrote 23 bytes to ecology
[dna] fire wrote 8 bytes to ecology
[dna] fire wrote 61 bytes to ecology
[dna] fire wrote 83 bytes to ecology
[dna] fire wrote 18 bytes to ecology
[dna] fire wrote 29 bytes to ecology
[dna] fire wrote 42 bytes to ecology
[dna] fire wrote 114 bytes to ecology
[dna] fire wrote 218 bytes to ecology
[dna] fire wrote 60 bytes to ecology
[debug-onto] tick=100 corpus=142816 stage=2 freeze=0
[dna] fire wrote 33 bytes to ecology
[dna] fire wrote 61 bytes to ecology
[dna] fire wrote 33 bytes to ecology
[dna] fire wrote 83 bytes to ecology
[dna] fire wrote 64 bytes to ecology
[dna] fire wrote 13 bytes to ecology
[dna] fire wrote 80 bytes to ecology
[dna] fire wrote 219 bytes to ecology
[dna] fire wrote 65 bytes to ecology
[dna] fire wrote 49 bytes to ecology
[dna] fire wrote 37 bytes to ecology
[dna] fire wrote 45 bytes to ecology
[dna] fire wrote 53 bytes to ecology
[dna] fire wrote 112 bytes to ecology
[dna] fire wrote 49 bytes to ecology
[dna] fire wrote 36 bytes to ecology
[dna] fire wrote 25 bytes to ecology
[dna] fire wrote 77 bytes to ecology
[dna] fire wrote 100 bytes to ecology
[dna] fire wrote 74 bytes to ecology
[dna] fire wrote 30 bytes to ecology
[dna] fire wrote 47 bytes to ecology
[debug-onto] tick=150 corpus=142816 stage=2 freeze=0
[dna] fire wrote 17 bytes to ecology
[dna] fire wrote 37 bytes to ecology
[dna] fire wrote 56 bytes to ecology
[dna] fire wrote 55 bytes to ecology
[dna] fire wrote 39 bytes to ecology
[dna] fire wrote 46 bytes to ecology
[dna] fire wrote 37 bytes to ecology
[dna] fire wrote 55 bytes to ecology
[dna] fire wrote 41 bytes to ecology
[dna] fire wrote 44 bytes to ecology
[dna] fire wrote 46 bytes to ecology
[dna] fire wrote 33 bytes to ecology
[dna] fire wrote 90 bytes to ecology
[dna] fire wrote 24 bytes to ecology
[dna] fire wrote 28 bytes to ecology
[dna] fire wrote 57 bytes to ecology
[dna] fire wrote 25 bytes to ecology
[dna] fire wrote 51 bytes to ecology
[dna] fire wrote 107 bytes to ecology
[dna] fire wrote 22 bytes to ecology
[dna] fire wrote 46 bytes to ecology
[debug-onto] tick=200 corpus=142816 stage=2 freeze=0
[dna] fire wrote 71 bytes to ecology
[dna] fire wrote 19 bytes to ecology
[dna] fire wrote 94 bytes to ecology
[dna] fire wrote 54 bytes to ecology
[dna] fire wrote 61 bytes to ecology
[dna] fire wrote 72 bytes to ecology
[dna] fire wrote 55 bytes to ecology
[dna] fire wrote 85 bytes to ecology
[dna] fire wrote 166 bytes to ecology
[dna] fire wrote 226 bytes to ecology
[dna] fire wrote 79 bytes to ecology
[dna] fire wrote 204 bytes to ecology
[dna] fire wrote 14 bytes to ecology
[dna] fire wrote 94 bytes to ecology
[dna] fire wrote 25 bytes to ecology
[dna] fire wrote 53 bytes to ecology
[dna] fire wrote 82 bytes to ecology
[debug-onto] tick=250 corpus=142816 stage=2 freeze=0
[dna] fire wrote 48 bytes to ecology
[dna] fire wrote 50 bytes to ecology
[dna] fire wrote 66 bytes to ecology
[dna] fire wrote 66 bytes to ecology
[dna] fire wrote 59 bytes to ecology
[dna] fire wrote 82 bytes to ecology
[dna] fire wrote 59 bytes to ecology
[dna] fire wrote 42 bytes to ecology
[dna] fire wrote 43 bytes to ecology
[dna] fire wrote 43 bytes to ecology
[dna] fire wrote 34 bytes to ecology
[dna] fire wrote 55 bytes to ecology
[dna] fire wrote 160 bytes to ecology
[dna] fire wrote 50 bytes to ecology
[dna] fire wrote 72 bytes to ecology
[dna] fire wrote 52 bytes to ecology
[dna] fire wrote 34 bytes to ecology
[dna] fire wrote 27 bytes to ecology
[dna] fire wrote 90 bytes to ecology
[dna] fire wrote 66 bytes to ecology
[dna] fire wrote 25 bytes to ecology
[dna] fire wrote 130 bytes to ecology
[debug-onto] tick=300 corpus=142816 stage=2 freeze=0
[dna] fire wrote 22 bytes to ecology
[dna] fire wrote 29 bytes to ecology
[dna] fire wrote 107 bytes to ecology
[dna] fire wrote 37 bytes to ecology
[dna] fire wrote 46 bytes to ecology
[dna] fire wrote 93 bytes to ecology
[dna] fire wrote 53 bytes to ecology
[dna] fire wrote 35 bytes to ecology
[dna] fire wrote 12 bytes to ecology
[dna] fire wrote 60 bytes to ecology
[dna] fire wrote 26 bytes to ecology
[dna] fire wrote 78 bytes to ecology
[dna] fire wrote 34 bytes to ecology
[dna] fire wrote 61 bytes to ecology
[dna] fire wrote 102 bytes to ecology
[dna] fire wrote 41 bytes to ecology
[dna] fire wrote 33 bytes to ecology
[dna] fire wrote 29 bytes to ecology
[dna] fire wrote 72 bytes to ecology
[dna] fire wrote 49 bytes to ecology
[dna] fire wrote 36 bytes to ecology
[dna] fire wrote 7 bytes to ecology
[dna] fire wrote 116 bytes to ecology
[debug-onto] tick=350 corpus=142816 stage=2 freeze=0
[dna] fire wrote 61 bytes to ecology
[dna] fire wrote 43 bytes to ecology
[dna] fire wrote 20 bytes to ecology
[dna] fire wrote 74 bytes to ecology
[dna] fire wrote 36 bytes to ecology
[dna] fire wrote 75 bytes to ecology
[dna] fire wrote 255 bytes to ecology
[dna] fire wrote 41 bytes to ecology
[dna] fire wrote 76 bytes to ecology
[dna] fire wrote 196 bytes to ecology
[dna] fire wrote 44 bytes to ecology
[dna] fire wrote 9 bytes to ecology
[dna] fire wrote 53 bytes to ecology
[dna] fire wrote 169 bytes to ecology
[dna] fire wrote 108 bytes to ecology
[dna] fire wrote 65 bytes to ecology
[dna] fire wrote 90 bytes to ecology
[dna] fire wrote 126 bytes to ecology
[dna] fire wrote 63 bytes to ecology
[dna] fire wrote 71 bytes to ecology
[dna] fire wrote 13 bytes to ecology
[dna] fire wrote 101 bytes to ecology
[dna] fire wrote 33 bytes to ecology
[debug-onto] tick=400 corpus=142816 stage=2 freeze=0
[dna] fire wrote 136 bytes to ecology
[dna] fire wrote 124 bytes to ecology
[dna] fire wrote 113 bytes to ecology
[dna] fire wrote 90 bytes to ecology
[dna] fire wrote 32 bytes to ecology
[dna] fire wrote 31 bytes to ecology
[dna] fire wrote 37 bytes to ecology
[dna] fire wrote 67 bytes to ecology
[dna] fire wrote 62 bytes to ecology
[dna] fire wrote 50 bytes to ecology
[dna] fire wrote 42 bytes to ecology
[dna] fire wrote 37 bytes to ecology
[dna] fire wrote 53 bytes to ecology
[dna] fire wrote 88 bytes to ecology
[dna] fire wrote 59 bytes to ecology
[dna] fire wrote 83 bytes to ecology
[dna] fire wrote 13 bytes to ecology
[dna] fire wrote 62 bytes to ecology
[dna] fire wrote 46 bytes to ecology
[dna] fire wrote 74 bytes to ecology
[dna] fire wrote 83 bytes to ecology
[dna] fire wrote 72 bytes to ecology
[dna] fire wrote 102 bytes to ecology
[dna] fire wrote 127 bytes to ecology
[debug-onto] tick=450 corpus=142816 stage=2 freeze=0
[dna] fire wrote 45 bytes to ecology
[dna] fire wrote 59 bytes to ecology
[dna] fire wrote 17 bytes to ecology
[dna] fire wrote 15 bytes to ecology
[dna] fire wrote 48 bytes to ecology
[dna] fire wrote 82 bytes to ecology
[dna] fire wrote 21 bytes to ecology
[dna] fire wrote 41 bytes to ecology
[dna] fire wrote 161 bytes to ecology
[dna] fire wrote 69 bytes to ecology
[dna] fire wrote 94 bytes to ecology
[dna] fire wrote 123 bytes to ecology
[dna] fire wrote 53 bytes to ecology
[dna] fire wrote 45 bytes to ecology
[dna] fire wrote 32 bytes to ecology
[dna] fire wrote 62 bytes to ecology
[dna] fire wrote 30 bytes to ecology
[dna] fire wrote 24 bytes to ecology
[dna] fire wrote 28 bytes to ecology
[dna] fire wrote 143 bytes to ecology
[debug-onto] tick=500 corpus=142816 stage=2 freeze=0
[dna] fire wrote 35 bytes to ecology
[dna] fire wrote 195 bytes to ecology
[dna] fire wrote 133 bytes to ecology
[dna] fire wrote 44 bytes to ecology
[dna] fire wrote 24 bytes to ecology
[dna] fire wrote 12 bytes to ecology
[dna] fire wrote 59 bytes to ecology
[dna] fire wrote 66 bytes to ecology
[dna] fire wrote 24 bytes to ecology
[dna] fire wrote 60 bytes to ecology
[dna] fire wrote 37 bytes to ecology
[dna] fire wrote 36 bytes to ecology
[dna] fire wrote 53 bytes to ecology
[dna] fire wrote 102 bytes to ecology
[dna] fire wrote 30 bytes to ecology
[dna] fire wrote 89 bytes to ecology
[dna] fire wrote 8 bytes to ecology
[dna] fire wrote 64 bytes to ecology
[dna] fire wrote 129 bytes to ecology
[dna] fire wrote 32 bytes to ecology
[dna] fire wrote 47 bytes to ecology
[dna] fire wrote 24 bytes to ecology
[dna] fire wrote 144 bytes to ecology
[dna] fire wrote 58 bytes to ecology
[debug-onto] tick=550 corpus=142816 stage=2 freeze=0
[dna] fire wrote 48 bytes to ecology
[dna] fire wrote 43 bytes to ecology
[dna] fire wrote 90 bytes to ecology
[dna] fire wrote 55 bytes to ecology
[dna] fire wrote 34 bytes to ecology
[dna] fire wrote 71 bytes to ecology
[dna] fire wrote 72 bytes to ecology
[dna] fire wrote 80 bytes to ecology
[dna] fire wrote 79 bytes to ecology
[dna] fire wrote 32 bytes to ecology
[dna] fire wrote 207 bytes to ecology
[dna] fire wrote 88 bytes to ecology
[dna] fire wrote 95 bytes to ecology
[dna] fire wrote 23 bytes to ecology
[dna] fire wrote 177 bytes to ecology
[dna] fire wrote 26 bytes to ecology
[dna] fire wrote 39 bytes to ecology
[dna] fire wrote 78 bytes to ecology
[dna] fire wrote 62 bytes to ecology
[debug-onto] tick=600 corpus=142816 stage=2 freeze=0
[dna] fire wrote 21 bytes to ecology
[dna] fire wrote 26 bytes to ecology
[dna] fire wrote 17 bytes to ecology
[dna] fire wrote 50 bytes to ecology
[dna] fire wrote 64 bytes to ecology
[dna] fire wrote 189 bytes to ecology
[dna] fire wrote 30 bytes to ecology
[dna] fire wrote 43 bytes to ecology
[dna] fire wrote 43 bytes to ecology
[dna] fire wrote 38 bytes to ecology
[dna] fire wrote 64 bytes to ecology
[dna] fire wrote 188 bytes to ecology
[dna] fire wrote 103 bytes to ecology
[dna] fire wrote 16 bytes to ecology
[dna] fire wrote 48 bytes to ecology
[dna] fire wrote 22 bytes to ecology
[dna] fire wrote 27 bytes to ecology
[dna] fire wrote 33 bytes to ecology
[dna] fire wrote 49 bytes to ecology
[dna] fire wrote 115 bytes to ecology
[dna] fire wrote 42 bytes to ecology
[dna] fire wrote 64 bytes to ecology
[dna] fire wrote 60 bytes to ecology
[debug-onto] tick=650 corpus=142816 stage=2 freeze=0
[dna] fire wrote 63 bytes to ecology
[dna] fire wrote 62 bytes to ecology
[dna] fire wrote 58 bytes to ecology

[evolution] Organism shutting down gracefully.
