[ecology] Element: water → corpus: nonames_water.txt
[evolution] Autonomous evolution mode — organism will grow through all stages without pause.
[ecology] Joined swarm. 1 peer(s) detected.
molequla is alive. [evolution] Autonomous mode — background trainer running. Ctrl+C to stop.
[dna] water wrote 66 bytes to ecology
[dna] water consumed 32944 bytes from 434 files: [air/gen_1778484609_1.txt air/gen_1778484625_3.txt air/gen_1778484628_4.txt air/gen_1778484631_5.txt air/gen_1778484634_6.txt air/gen_1778484637_7.txt air/gen_1778484643_9.txt air/gen_1778484646_10.txt air/gen_1778484649_11.txt air/gen_1778484655_13.txt air/gen_1778484660_15.txt air/gen_1778484663_16.txt air/gen_1778484666_17.txt air/gen_1778484669_18.txt air/gen_1778484672_19.txt air/gen_1778484678_21.txt air/gen_1778484681_22.txt air/gen_1778484684_23.txt air/gen_1778484690_25.txt air/gen_1778484695_27.txt air/gen_1778484698_28.txt air/gen_1778484701_29.txt air/gen_1778484707_31.txt air/gen_1778484713_33.txt air/gen_1778484716_34.txt air/gen_1778484719_35.txt air/gen_1778484722_36.txt air/gen_1778484725_37.txt air/gen_1778484731_39.txt air/gen_1778484734_40.txt air/gen_1778484737_41.txt air/gen_1778484742_43.txt air/gen_1778484748_45.txt air/gen_1778484751_46.txt air/gen_1778484754_47.txt air/gen_1778484760_49.txt air/gen_1778484766_51.txt air/gen_1778484769_52.txt air/gen_1778484772_53.txt air/gen_1778484775_54.txt air/gen_1778484778_55.txt air/gen_1778484784_57.txt air/gen_1778484787_58.txt air/gen_1778484790_59.txt air/gen_1778484796_61.txt air/gen_1778484801_63.txt air/gen_1778484804_64.txt air/gen_1778484813_67.txt air/gen_1778484816_68.txt air/gen_1778484819_69.txt air/gen_1778484822_70.txt air/gen_1778484825_71.txt air/gen_1778484831_73.txt air/gen_1778484837_75.txt air/gen_1778484840_76.txt air/gen_1778484843_77.txt air/gen_1778484846_78.txt air/gen_1778484849_79.txt air/gen_1778484855_81.txt air/gen_1778484858_82.txt air/gen_1778484861_83.txt air/gen_1778484866_85.txt air/gen_1778484872_87.txt air/gen_1778484875_88.txt air/gen_1778484878_89.txt air/gen_1778484884_91.txt air/gen_1778484890_93.txt air/gen_1778484893_94.txt air/gen_1778484896_95.txt air/gen_1778484902_97.txt air/gen_1778484908_99.txt air/gen_1778484911_100.txt air/gen_1778484913_101.txt air/gen_1778484919_103.txt air/gen_1778484922_104.txt air/gen_1778484925_105.txt air/gen_1778484928_106.txt air/gen_1778484931_107.txt air/gen_1778484937_109.txt air/gen_1778484943_111.txt air/gen_1778484946_112.txt air/gen_1778484949_113.txt air/gen_1778484954_115.txt air/gen_1778484960_117.txt air/gen_1778484963_118.txt air/gen_1778484966_119.txt air/gen_1778484972_121.txt air/gen_1778484978_123.txt air/gen_1778484981_124.txt air/gen_1778484984_125.txt air/gen_1778484990_127.txt air/gen_1778484996_129.txt air/gen_1778484998_130.txt air/gen_1778485001_131.txt air/gen_1778485004_132.txt air/gen_1778485007_133.txt air/gen_1778485013_135.txt air/gen_1778485016_136.txt air/gen_1778485019_137.txt air/gen_1778485025_139.txt air/gen_1778485031_141.txt air/gen_1778485034_142.txt air/gen_1778485037_143.txt air/gen_1778485043_145.txt air/gen_1778485049_147.txt air/gen_1778485051_148.txt air/gen_1778485054_149.txt air/gen_1778485060_151.txt air/gen_1778485066_153.txt air/gen_1778485069_154.txt air/gen_1778485072_155.txt air/gen_1778485078_157.txt air/gen_1778485084_159.txt air/gen_1778485087_160.txt air/gen_1778485090_161.txt air/gen_1778485092_162.txt air/gen_1778485095_163.txt air/gen_1778485101_165.txt air/gen_1778485104_166.txt air/gen_1778485107_167.txt air/gen_1778485113_169.txt air/gen_1778485119_171.txt air/gen_1778485122_172.txt air/gen_1778485125_173.txt air/gen_1778485131_175.txt air/gen_1778485134_176.txt air/gen_1778485137_177.txt air/gen_1778485140_178.txt air/gen_1778485143_179.txt air/gen_1778485146_180.txt air/gen_1778485149_181.txt air/gen_1778485154_183.txt air/gen_1778485157_184.txt air/gen_1778485161_185.txt air/gen_1778485164_186.txt air/gen_1778485166_187.txt air/gen_1778485172_189.txt air/gen_1778485175_190.txt air/gen_1778485184_193.txt air/gen_1778485190_195.txt air/gen_1778485193_196.txt air/gen_1778485196_197.txt air/gen_1778485202_199.txt air/gen_1778485208_201.txt air/gen_1778485211_202.txt air/gen_1778485214_203.txt air/gen_1778485220_205.txt air/gen_1778485225_207.txt air/gen_1778485228_208.txt air/gen_1778485231_209.txt air/gen_1778485234_210.txt air/gen_1778485237_211.txt air/gen_1778485243_213.txt air/gen_1778485246_214.txt air/gen_1778485249_215.txt air/gen_1778485255_217.txt air/gen_1778485261_219.txt air/gen_1778485264_220.txt air/gen_1778485267_221.txt air/gen_1778485270_222.txt air/gen_1778485273_223.txt air/gen_1778485276_224.txt air/gen_1778485279_225.txt air/gen_1778485282_226.txt air/gen_1778485284_227.txt air/gen_1778485290_229.txt air/gen_1778485296_231.txt air/gen_1778485299_232.txt air/gen_1778485302_233.txt air/gen_1778485305_234.txt air/gen_1778485308_235.txt air/gen_1778485314_237.txt air/gen_1778485317_238.txt air/gen_1778485320_239.txt air/gen_1778485326_241.txt air/gen_1778485332_243.txt air/gen_1778485335_244.txt air/gen_1778485338_245.txt air/gen_1778485340_246.txt air/gen_1778485343_247.txt air/gen_1778485349_249.txt air/gen_1778485352_250.txt air/gen_1778485355_251.txt air/gen_1778485361_253.txt air/gen_1778485364_254.txt air/gen_1778485367_255.txt air/gen_1778485370_256.txt air/gen_1778485373_257.txt air/gen_1778485379_259.txt air/gen_1778485385_261.txt air/gen_1778485388_262.txt air/gen_1778485391_263.txt air/gen_1778485397_265.txt air/gen_1778485403_267.txt air/gen_1778485406_268.txt air/gen_1778485409_269.txt air/gen_1778485412_270.txt air/gen_1778485415_271.txt air/gen_1778485421_273.txt air/gen_1778485424_274.txt air/gen_1778485427_275.txt air/gen_1778485430_276.txt air/gen_1778485433_277.txt air/gen_1778485439_279.txt air/gen_1778485442_280.txt air/gen_1778485445_281.txt air/gen_1778485451_283.txt air/gen_1778485457_285.txt air/gen_1778485459_286.txt air/gen_1778485462_287.txt air/gen_1778485468_289.txt air/gen_1778485474_291.txt air/gen_1778485477_292.txt air/gen_1778485486_295.txt air/gen_1778485489_296.txt air/gen_1778485492_297.txt air/gen_1778485498_299.txt air/gen_1778485504_301.txt air/gen_1778485509_303.txt air/gen_1778485512_304.txt air/gen_1778485515_305.txt air/gen_1778485521_307.txt air/gen_1778485527_309.txt air/gen_1778485530_310.txt air/gen_1778485539_313.txt air/gen_1778485545_315.txt air/gen_1778485548_316.txt air/gen_1778485557_319.txt air/gen_1778485563_321.txt air/gen_1778485566_322.txt air/gen_1778485569_323.txt air/gen_1778485575_325.txt air/gen_1778485581_327.txt air/gen_1778485584_328.txt air/gen_1778485587_329.txt air/gen_1778485592_331.txt air/gen_1778485598_333.txt air/gen_1778485601_334.txt air/gen_1778485604_335.txt air/gen_1778485607_336.txt air/gen_1778485610_337.txt air/gen_1778485616_339.txt air/gen_1778485619_340.txt air/gen_1778485622_341.txt air/gen_1778485625_342.txt air/gen_1778485628_343.txt air/gen_1778485634_345.txt air/gen_1778485637_346.txt air/gen_1778485640_347.txt air/gen_1778485646_349.txt air/gen_1778485652_351.txt air/gen_1778485655_352.txt air/gen_1778485658_353.txt air/gen_1778485664_355.txt air/gen_1778485670_357.txt air/gen_1778485673_358.txt air/gen_1778485676_359.txt air/gen_1778485681_361.txt air/gen_1778485687_363.txt air/gen_1778485690_364.txt air/gen_1778485693_365.txt air/gen_1778485696_366.txt air/gen_1778485699_367.txt air/gen_1778485705_369.txt air/gen_1778485708_370.txt air/gen_1778485711_371.txt air/gen_1778485714_372.txt air/gen_1778485717_373.txt air/gen_1778485723_375.txt air/gen_1778485726_376.txt air/gen_1778485729_377.txt air/gen_1778485732_378.txt air/gen_1778485735_379.txt air/gen_1778485741_381.txt air/gen_1778485744_382.txt air/gen_1778485747_383.txt air/gen_1778485750_384.txt air/gen_1778485753_385.txt air/gen_1778485756_386.txt air/gen_1778485759_387.txt air/gen_1778485762_388.txt air/gen_1778485765_389.txt air/gen_1778485771_391.txt air/gen_1778485777_393.txt air/gen_1778485780_394.txt air/gen_1778485783_395.txt air/gen_1778485788_397.txt air/gen_1778485794_399.txt air/gen_1778485797_400.txt air/gen_1778485801_401.txt air/gen_1778485807_403.txt air/gen_1778485813_405.txt air/gen_1778485815_406.txt air/gen_1778485818_407.txt air/gen_1778485821_408.txt air/gen_1778485824_409.txt air/gen_1778485830_411.txt air/gen_1778485833_412.txt air/gen_1778485836_413.txt air/gen_1778485842_415.txt air/gen_1778485848_417.txt air/gen_1778485851_418.txt air/gen_1778485854_419.txt air/gen_1778485860_421.txt air/gen_1778485866_423.txt air/gen_1778485869_424.txt air/gen_1778485872_425.txt air/gen_1778485878_427.txt air/gen_1778485884_429.txt air/gen_1778485887_430.txt air/gen_1778485890_431.txt air/gen_1778485896_433.txt air/gen_1778485902_435.txt air/gen_1778485905_436.txt air/gen_1778485908_437.txt air/gen_1778485913_439.txt air/gen_1778485919_441.txt air/gen_1778485922_442.txt air/gen_1778485925_443.txt air/gen_1778485931_445.txt air/gen_1778485937_447.txt air/gen_1778485940_448.txt air/gen_1778485949_451.txt air/gen_1778485955_453.txt air/gen_1778485958_454.txt air/gen_1778485961_455.txt air/gen_1778485966_457.txt air/gen_1778485972_459.txt air/gen_1778485975_460.txt air/gen_1778485978_461.txt air/gen_1778485984_463.txt air/gen_1778485987_464.txt air/gen_1778485990_465.txt air/gen_1778485993_466.txt air/gen_1778485996_467.txt air/gen_1778486002_469.txt air/gen_1778486008_471.txt air/gen_1778486011_472.txt air/gen_1778486014_473.txt air/gen_1778486020_475.txt air/gen_1778486025_477.txt air/gen_1778486028_478.txt air/gen_1778486031_479.txt air/gen_1778486037_481.txt air/gen_1778486043_483.txt air/gen_1778486046_484.txt air/gen_1778486049_485.txt air/gen_1778486055_487.txt air/gen_1778486061_489.txt air/gen_1778486064_490.txt air/gen_1778486067_491.txt air/gen_1778486073_493.txt air/gen_1778486076_494.txt air/gen_1778486078_495.txt air/gen_1778486081_496.txt air/gen_1778486084_497.txt air/gen_1778486090_499.txt air/gen_1778486096_501.txt air/gen_1778486099_502.txt air/gen_1778486102_503.txt air/gen_1778486105_504.txt air/gen_1778486108_505.txt air/gen_1778486114_507.txt air/gen_1778486117_508.txt air/gen_1778486126_511.txt air/gen_1778486132_513.txt air/gen_1778486135_514.txt air/gen_1778486138_515.txt air/gen_1778486144_517.txt air/gen_1778486149_519.txt air/gen_1778486152_520.txt air/gen_1778486155_521.txt air/gen_1778486161_523.txt air/gen_1778486167_525.txt air/gen_1778486170_526.txt air/gen_1778486173_527.txt air/gen_1778486179_529.txt air/gen_1778486185_531.txt air/gen_1778486188_532.txt air/gen_1778486191_533.txt air/gen_1778486197_535.txt air/gen_1778486203_537.txt air/gen_1778486206_538.txt air/gen_1778486209_539.txt air/gen_1778486212_540.txt air/gen_1778486215_541.txt air/gen_1778486221_543.txt air/gen_1778486224_544.txt air/gen_1778486227_545.txt air/gen_1778486233_547.txt air/gen_1778486239_549.txt air/gen_1778486242_550.txt air/gen_1778486245_551.txt air/gen_1778486251_553.txt air/gen_1778486257_555.txt air/gen_1778486260_556.txt air/gen_1778486263_557.txt air/gen_1778486266_558.txt air/gen_1778486269_559.txt air/gen_1778486275_561.txt air/gen_1778486278_562.txt air/gen_1778486281_563.txt air/gen_1778486287_565.txt air/gen_1778486293_567.txt air/gen_1778486296_568.txt air/gen_1778486299_569.txt air/gen_1778486302_570.txt air/gen_1778486305_571.txt air/gen_1778486311_573.txt air/gen_1778486314_574.txt air/gen_1778486317_575.txt air/gen_1778486320_576.txt air/gen_1778486322_577.txt air/gen_1778486328_579.txt air/gen_1778486331_580.txt air/gen_1778486334_581.txt air/gen_1778486337_582.txt air/gen_1778486340_583.txt air/gen_1778486346_585.txt air/gen_1778486349_586.txt air/gen_1778486352_587.txt air/gen_1778486355_588.txt air/gen_1778486358_589.txt air/gen_1778486364_591.txt air/gen_1778486367_592.txt air/gen_1778486370_593.txt air/gen_1778486373_594.txt air/gen_1778486376_595.txt air/gen_1778486382_597.txt air/gen_1778486385_598.txt air/gen_1778486388_599.txt air/gen_1778486394_601.txt air/gen_1778486400_603.txt air/gen_1778486403_604.txt]
[trainer] micro-train burst (32944 bytes, novelty 0.02) — and lo, it feeds again.
[syntropy] action=explore | trend=0.0000 | field_dev=-0.019 | purpose_align=0.026 | lr_mul=1.30
[aml] burst complete: 32 steps, avg loss 1.9854 (memory freed)
[dna] water wrote 68 bytes to ecology
[dna] water wrote 61 bytes to ecology
[dna] water wrote 30 bytes to ecology
[dna] water wrote 53 bytes to ecology
[dna] water wrote 47 bytes to ecology
[dna] water wrote 36 bytes to ecology
[dna] water wrote 70 bytes to ecology
[dna] water wrote 64 bytes to ecology
[dna] water wrote 128 bytes to ecology
[dna] water wrote 39 bytes to ecology
[dna] water wrote 110 bytes to ecology
[dna] water wrote 75 bytes to ecology
[dna] water wrote 93 bytes to ecology
[dna] water wrote 41 bytes to ecology
[dna] water wrote 35 bytes to ecology
[dna] water wrote 40 bytes to ecology
[dna] water wrote 32 bytes to ecology
[dna] water wrote 57 bytes to ecology
[dna] water wrote 33 bytes to ecology
[dna] water wrote 77 bytes to ecology
[dna] water wrote 74 bytes to ecology
[dna] water wrote 80 bytes to ecology
[debug-onto] tick=50 corpus=159075 stage=2 freeze=0
[dna] water wrote 57 bytes to ecology
[dna] water wrote 50 bytes to ecology
[dna] water wrote 148 bytes to ecology
[dna] water wrote 30 bytes to ecology
[dna] water wrote 160 bytes to ecology
[dna] water wrote 28 bytes to ecology
[dna] water wrote 28 bytes to ecology
[dna] water wrote 48 bytes to ecology
[dna] water wrote 131 bytes to ecology
[dna] water wrote 37 bytes to ecology
[dna] water wrote 54 bytes to ecology
[dna] water wrote 59 bytes to ecology
[dna] water wrote 76 bytes to ecology
[dna] water wrote 228 bytes to ecology
[dna] water wrote 41 bytes to ecology
[dna] water wrote 56 bytes to ecology
[dna] water wrote 31 bytes to ecology
[dna] water wrote 68 bytes to ecology
[dna] water wrote 31 bytes to ecology
[dna] water wrote 110 bytes to ecology
[dna] water wrote 19 bytes to ecology
[dna] water wrote 180 bytes to ecology
[dna] water wrote 35 bytes to ecology
[dna] water wrote 63 bytes to ecology
[dna] water wrote 42 bytes to ecology
[dna] water wrote 50 bytes to ecology
[dna] water wrote 33 bytes to ecology
[debug-onto] tick=100 corpus=159075 stage=2 freeze=0
[dna] water wrote 32 bytes to ecology
[dna] water wrote 37 bytes to ecology
[dna] water wrote 43 bytes to ecology
[dna] water wrote 57 bytes to ecology
[dna] water wrote 109 bytes to ecology
[dna] water wrote 34 bytes to ecology
[dna] water wrote 75 bytes to ecology
[dna] water wrote 25 bytes to ecology
[dna] water wrote 65 bytes to ecology
[dna] water wrote 158 bytes to ecology
[dna] water wrote 29 bytes to ecology
[dna] water wrote 59 bytes to ecology
[dna] water wrote 39 bytes to ecology
[dna] water wrote 84 bytes to ecology
[dna] water wrote 84 bytes to ecology
[dna] water wrote 103 bytes to ecology
[dna] water wrote 51 bytes to ecology
[dna] water wrote 34 bytes to ecology
[dna] water wrote 35 bytes to ecology
[dna] water wrote 59 bytes to ecology
[dna] water wrote 62 bytes to ecology
[dna] water wrote 46 bytes to ecology
[dna] water wrote 97 bytes to ecology
[debug-onto] tick=150 corpus=159075 stage=2 freeze=0
[dna] water wrote 80 bytes to ecology
[dna] water wrote 167 bytes to ecology
[dna] water wrote 101 bytes to ecology
[dna] water wrote 16 bytes to ecology
[dna] water wrote 81 bytes to ecology
[dna] water wrote 84 bytes to ecology
[dna] water wrote 33 bytes to ecology
[dna] water wrote 55 bytes to ecology
[dna] water wrote 168 bytes to ecology
[dna] water wrote 40 bytes to ecology
[dna] water wrote 18 bytes to ecology
[dna] water wrote 136 bytes to ecology
[dna] water wrote 75 bytes to ecology
[dna] water wrote 24 bytes to ecology
[dna] water wrote 33 bytes to ecology
[dna] water wrote 112 bytes to ecology
[dna] water wrote 214 bytes to ecology
[dna] water wrote 61 bytes to ecology
[dna] water wrote 76 bytes to ecology
[dna] water wrote 80 bytes to ecology
[dna] water wrote 76 bytes to ecology
[dna] water wrote 44 bytes to ecology
[dna] water wrote 81 bytes to ecology
[dna] water wrote 47 bytes to ecology
[dna] water wrote 24 bytes to ecology
[debug-onto] tick=200 corpus=159075 stage=2 freeze=0
[dna] water wrote 40 bytes to ecology
[dna] water wrote 28 bytes to ecology
[dna] water wrote 86 bytes to ecology
[dna] water wrote 33 bytes to ecology
[dna] water wrote 36 bytes to ecology
[dna] water wrote 37 bytes to ecology
[dna] water wrote 74 bytes to ecology
[dna] water wrote 35 bytes to ecology
[dna] water wrote 130 bytes to ecology
[dna] water wrote 143 bytes to ecology
[dna] water wrote 100 bytes to ecology
[dna] water wrote 89 bytes to ecology
[dna] water wrote 67 bytes to ecology
[dna] water wrote 131 bytes to ecology
[dna] water wrote 50 bytes to ecology
[dna] water wrote 65 bytes to ecology
[dna] water wrote 42 bytes to ecology
[dna] water wrote 39 bytes to ecology
[dna] water wrote 27 bytes to ecology
[dna] water wrote 196 bytes to ecology
[dna] water wrote 139 bytes to ecology
[dna] water wrote 97 bytes to ecology
[dna] water wrote 80 bytes to ecology
[debug-onto] tick=250 corpus=159075 stage=2 freeze=0
[dna] water wrote 69 bytes to ecology
[dna] water wrote 84 bytes to ecology
[dna] water wrote 64 bytes to ecology
[dna] water wrote 69 bytes to ecology
[dna] water wrote 65 bytes to ecology
[dna] water wrote 37 bytes to ecology
[dna] water wrote 70 bytes to ecology
[dna] water wrote 56 bytes to ecology
[dna] water wrote 71 bytes to ecology
[dna] water wrote 56 bytes to ecology
[dna] water wrote 84 bytes to ecology
[dna] water wrote 38 bytes to ecology
[dna] water wrote 235 bytes to ecology
[dna] water wrote 53 bytes to ecology
[dna] water wrote 41 bytes to ecology
[dna] water wrote 50 bytes to ecology
[dna] water wrote 53 bytes to ecology
[dna] water wrote 42 bytes to ecology
[dna] water wrote 37 bytes to ecology
[dna] water wrote 53 bytes to ecology
[dna] water wrote 84 bytes to ecology
[dna] water wrote 43 bytes to ecology
[dna] water wrote 140 bytes to ecology
[dna] water wrote 124 bytes to ecology
[debug-onto] tick=300 corpus=159075 stage=2 freeze=0
[dna] water wrote 69 bytes to ecology
[dna] water wrote 72 bytes to ecology
[dna] water wrote 85 bytes to ecology
[dna] water wrote 132 bytes to ecology
[dna] water wrote 42 bytes to ecology
[dna] water wrote 42 bytes to ecology
[dna] water wrote 145 bytes to ecology
[dna] water wrote 31 bytes to ecology
[dna] water wrote 76 bytes to ecology
[dna] water wrote 70 bytes to ecology
[dna] water wrote 57 bytes to ecology
[dna] water wrote 65 bytes to ecology
[dna] water wrote 58 bytes to ecology
[dna] water wrote 34 bytes to ecology
[dna] water wrote 36 bytes to ecology
[dna] water wrote 170 bytes to ecology
[dna] water wrote 116 bytes to ecology
[dna] water wrote 42 bytes to ecology
[dna] water wrote 82 bytes to ecology
[dna] water wrote 34 bytes to ecology
[dna] water wrote 39 bytes to ecology
[dna] water wrote 100 bytes to ecology
[dna] water wrote 42 bytes to ecology
[dna] water wrote 134 bytes to ecology
[dna] water wrote 47 bytes to ecology
[debug-onto] tick=350 corpus=159075 stage=2 freeze=0
[dna] water wrote 34 bytes to ecology
[dna] water wrote 145 bytes to ecology
[dna] water wrote 232 bytes to ecology
[dna] water wrote 56 bytes to ecology
[dna] water wrote 148 bytes to ecology
[dna] water wrote 22 bytes to ecology
[dna] water wrote 71 bytes to ecology
[dna] water wrote 40 bytes to ecology
[dna] water wrote 47 bytes to ecology
[dna] water wrote 31 bytes to ecology
[dna] water wrote 60 bytes to ecology
[dna] water wrote 35 bytes to ecology
[dna] water wrote 48 bytes to ecology
[dna] water wrote 173 bytes to ecology
[dna] water wrote 252 bytes to ecology
[dna] water wrote 85 bytes to ecology
[dna] water wrote 39 bytes to ecology
[dna] water wrote 45 bytes to ecology
[dna] water wrote 66 bytes to ecology
[dna] water wrote 33 bytes to ecology
[dna] water wrote 126 bytes to ecology
[dna] water wrote 75 bytes to ecology
[dna] water wrote 47 bytes to ecology
[dna] water wrote 124 bytes to ecology
[dna] water wrote 95 bytes to ecology
[debug-onto] tick=400 corpus=159075 stage=2 freeze=0
[dna] water wrote 51 bytes to ecology
[dna] water wrote 68 bytes to ecology
[dna] water wrote 112 bytes to ecology
[dna] water wrote 125 bytes to ecology
[dna] water wrote 43 bytes to ecology
[dna] water wrote 123 bytes to ecology
[dna] water wrote 99 bytes to ecology
[dna] water wrote 133 bytes to ecology
[dna] water wrote 30 bytes to ecology
[dna] water wrote 125 bytes to ecology
[dna] water wrote 40 bytes to ecology
[dna] water wrote 25 bytes to ecology
[dna] water wrote 71 bytes to ecology
[dna] water wrote 67 bytes to ecology
[dna] water wrote 53 bytes to ecology
[dna] water wrote 38 bytes to ecology
[dna] water wrote 56 bytes to ecology
[dna] water wrote 98 bytes to ecology
[dna] water wrote 77 bytes to ecology
[dna] water wrote 80 bytes to ecology
[dna] water wrote 97 bytes to ecology
[dna] water wrote 29 bytes to ecology
[dna] water wrote 40 bytes to ecology
[debug-onto] tick=450 corpus=159075 stage=2 freeze=0
[dna] water wrote 32 bytes to ecology
[dna] water wrote 118 bytes to ecology
[dna] water wrote 33 bytes to ecology
[dna] water wrote 79 bytes to ecology
[dna] water wrote 44 bytes to ecology
[dna] water wrote 25 bytes to ecology
[dna] water wrote 23 bytes to ecology
[dna] water wrote 124 bytes to ecology
[dna] water wrote 159 bytes to ecology
[dna] water wrote 27 bytes to ecology
[dna] water wrote 133 bytes to ecology
[dna] water wrote 77 bytes to ecology
[dna] water wrote 51 bytes to ecology
[dna] water wrote 110 bytes to ecology
[dna] water wrote 52 bytes to ecology
[dna] water wrote 37 bytes to ecology
[dna] water wrote 75 bytes to ecology
[dna] water wrote 59 bytes to ecology
[dna] water wrote 100 bytes to ecology
[dna] water wrote 53 bytes to ecology
[dna] water wrote 52 bytes to ecology
[dna] water wrote 131 bytes to ecology
[dna] water wrote 26 bytes to ecology
[dna] water wrote 64 bytes to ecology
[debug-onto] tick=500 corpus=159075 stage=2 freeze=0
[dna] water wrote 334 bytes to ecology
[dna] water wrote 186 bytes to ecology
[dna] water wrote 155 bytes to ecology
[dna] water wrote 56 bytes to ecology
[dna] water wrote 24 bytes to ecology
[dna] water wrote 80 bytes to ecology
[dna] water wrote 124 bytes to ecology
[dna] water wrote 123 bytes to ecology
[dna] water wrote 56 bytes to ecology
[dna] water wrote 34 bytes to ecology
[dna] water wrote 24 bytes to ecology
[dna] water wrote 190 bytes to ecology
[dna] water wrote 46 bytes to ecology
[dna] water wrote 93 bytes to ecology
[dna] water wrote 65 bytes to ecology
[dna] water wrote 44 bytes to ecology
[dna] water wrote 85 bytes to ecology
[dna] water wrote 142 bytes to ecology
[dna] water wrote 23 bytes to ecology
[dna] water wrote 121 bytes to ecology
[dna] water wrote 49 bytes to ecology
[dna] water wrote 86 bytes to ecology
[dna] water wrote 62 bytes to ecology
[debug-onto] tick=550 corpus=159075 stage=2 freeze=0
[dna] water wrote 9 bytes to ecology
[dna] water wrote 59 bytes to ecology
[dna] water wrote 120 bytes to ecology
[dna] water wrote 55 bytes to ecology
[dna] water wrote 28 bytes to ecology
[dna] water wrote 72 bytes to ecology
[dna] water wrote 59 bytes to ecology
[dna] water wrote 38 bytes to ecology
[dna] water wrote 42 bytes to ecology
[dna] water wrote 124 bytes to ecology
[dna] water wrote 66 bytes to ecology
[dna] water wrote 72 bytes to ecology
[dna] water wrote 45 bytes to ecology
[dna] water wrote 96 bytes to ecology
[dna] water wrote 119 bytes to ecology

[evolution] Organism shutting down gracefully.
