[ecology] Element: fire → corpus: nonames_fire.txt
[evolution] Autonomous evolution mode — organism will grow through all stages without pause.
[ecology] Joined swarm. 1 peer(s) detected.
molequla is alive. [evolution] Autonomous mode — background trainer running. Ctrl+C to stop.
[dna] fire wrote 16 bytes to ecology
[dna] fire consumed 11621 bytes from 212 files: [water/gen_1778223182_1.txt water/gen_1778223198_4.txt water/gen_1778223206_7.txt water/gen_1778223214_10.txt water/gen_1778223222_13.txt water/gen_1778223231_16.txt water/gen_1778223239_19.txt water/gen_1778223247_22.txt water/gen_1778223255_25.txt water/gen_1778223263_28.txt water/gen_1778223272_31.txt water/gen_1778223280_34.txt water/gen_1778223288_37.txt water/gen_1778223296_40.txt water/gen_1778223304_43.txt water/gen_1778223312_46.txt water/gen_1778223320_49.txt water/gen_1778223328_52.txt water/gen_1778223336_55.txt water/gen_1778223344_58.txt water/gen_1778223353_61.txt water/gen_1778223361_64.txt water/gen_1778223369_67.txt water/gen_1778223377_70.txt water/gen_1778223385_73.txt water/gen_1778223394_76.txt water/gen_1778223402_79.txt water/gen_1778223410_82.txt water/gen_1778223418_85.txt water/gen_1778223426_88.txt water/gen_1778223434_91.txt water/gen_1778223442_94.txt water/gen_1778223451_97.txt water/gen_1778223459_100.txt water/gen_1778223467_103.txt water/gen_1778223475_106.txt water/gen_1778223484_109.txt water/gen_1778223492_112.txt water/gen_1778223500_115.txt water/gen_1778223508_118.txt water/gen_1778223516_121.txt water/gen_1778223524_124.txt water/gen_1778223533_127.txt water/gen_1778223541_130.txt water/gen_1778223549_133.txt water/gen_1778223565_139.txt water/gen_1778223573_142.txt water/gen_1778223581_145.txt water/gen_1778223589_148.txt water/gen_1778223598_151.txt water/gen_1778223606_154.txt water/gen_1778223614_157.txt water/gen_1778223622_160.txt water/gen_1778223630_163.txt water/gen_1778223638_166.txt water/gen_1778223646_169.txt water/gen_1778223654_172.txt water/gen_1778223662_175.txt water/gen_1778223671_178.txt water/gen_1778223679_181.txt water/gen_1778223687_184.txt water/gen_1778223695_187.txt water/gen_1778223703_190.txt water/gen_1778223711_193.txt water/gen_1778223719_196.txt water/gen_1778223728_199.txt water/gen_1778223736_202.txt water/gen_1778223744_205.txt water/gen_1778223752_208.txt water/gen_1778223760_211.txt water/gen_1778223768_214.txt water/gen_1778223777_217.txt water/gen_1778223785_220.txt water/gen_1778223793_223.txt water/gen_1778223801_226.txt water/gen_1778223809_229.txt water/gen_1778223817_232.txt water/gen_1778223825_235.txt water/gen_1778223834_238.txt water/gen_1778223842_241.txt water/gen_1778223850_244.txt water/gen_1778223858_247.txt water/gen_1778223866_250.txt water/gen_1778223875_253.txt water/gen_1778223883_256.txt water/gen_1778223891_259.txt water/gen_1778223899_262.txt water/gen_1778223907_265.txt water/gen_1778223916_268.txt water/gen_1778223924_271.txt water/gen_1778223932_274.txt water/gen_1778223940_277.txt water/gen_1778223949_280.txt water/gen_1778223957_283.txt water/gen_1778223965_286.txt water/gen_1778223973_289.txt water/gen_1778223982_292.txt water/gen_1778223990_295.txt water/gen_1778223998_298.txt water/gen_1778224007_301.txt water/gen_1778224015_304.txt water/gen_1778224023_307.txt water/gen_1778224031_310.txt water/gen_1778224039_313.txt water/gen_1778224048_316.txt water/gen_1778224056_319.txt water/gen_1778224064_322.txt water/gen_1778224073_325.txt water/gen_1778224081_328.txt water/gen_1778224090_331.txt water/gen_1778224098_334.txt water/gen_1778224106_337.txt water/gen_1778224115_340.txt water/gen_1778224123_343.txt water/gen_1778224132_346.txt water/gen_1778224140_349.txt water/gen_1778224149_352.txt water/gen_1778224157_355.txt water/gen_1778224165_358.txt water/gen_1778224174_361.txt water/gen_1778224182_364.txt water/gen_1778224191_367.txt water/gen_1778224199_370.txt water/gen_1778224216_376.txt water/gen_1778224224_379.txt water/gen_1778224233_382.txt water/gen_1778224241_385.txt water/gen_1778224249_388.txt water/gen_1778224258_391.txt water/gen_1778224266_394.txt water/gen_1778224274_397.txt water/gen_1778224283_400.txt water/gen_1778224291_403.txt water/gen_1778224300_406.txt water/gen_1778224308_409.txt water/gen_1778224317_412.txt water/gen_1778224325_415.txt water/gen_1778224334_418.txt water/gen_1778224342_421.txt water/gen_1778224351_424.txt water/gen_1778224359_427.txt water/gen_1778224368_430.txt water/gen_1778224377_433.txt water/gen_1778224385_436.txt water/gen_1778224402_442.txt water/gen_1778224410_445.txt water/gen_1778224419_448.txt water/gen_1778224427_451.txt water/gen_1778224436_454.txt water/gen_1778224444_457.txt water/gen_1778224452_460.txt water/gen_1778224461_463.txt water/gen_1778224469_466.txt water/gen_1778224477_469.txt water/gen_1778224486_472.txt water/gen_1778224494_475.txt water/gen_1778224502_478.txt water/gen_1778224511_481.txt water/gen_1778224519_484.txt water/gen_1778224527_487.txt water/gen_1778224535_490.txt water/gen_1778224543_493.txt water/gen_1778224552_496.txt water/gen_1778224560_499.txt water/gen_1778224568_502.txt water/gen_1778224576_505.txt water/gen_1778224585_508.txt water/gen_1778224593_511.txt water/gen_1778224601_514.txt water/gen_1778224610_517.txt water/gen_1778224618_520.txt water/gen_1778224626_523.txt water/gen_1778224634_526.txt water/gen_1778224643_529.txt water/gen_1778224651_532.txt water/gen_1778224659_535.txt water/gen_1778224668_538.txt water/gen_1778224676_541.txt water/gen_1778224685_544.txt water/gen_1778224693_547.txt water/gen_1778224701_550.txt water/gen_1778224710_553.txt water/gen_1778224718_556.txt water/gen_1778224735_562.txt water/gen_1778224744_565.txt water/gen_1778224752_568.txt water/gen_1778224761_571.txt water/gen_1778224769_574.txt water/gen_1778224777_577.txt water/gen_1778224786_580.txt water/gen_1778224794_583.txt water/gen_1778224803_586.txt water/gen_1778224811_589.txt water/gen_1778224819_592.txt water/gen_1778224828_595.txt water/gen_1778224836_598.txt water/gen_1778224844_601.txt water/gen_1778224853_604.txt water/gen_1778224861_607.txt water/gen_1778224869_610.txt water/gen_1778224878_613.txt water/gen_1778224886_616.txt water/gen_1778224895_619.txt water/gen_1778224903_622.txt water/gen_1778224912_625.txt water/gen_1778224920_628.txt water/gen_1778224928_631.txt water/gen_1778224937_634.txt water/gen_1778224945_637.txt water/gen_1778224954_640.txt water/gen_1778224962_643.txt water/gen_1778224970_646.txt]
[trainer] micro-train burst (11621 bytes, novelty 0.05) — and lo, it feeds again.
[syntropy] action=explore | trend=0.0000 | field_dev=0.009 | purpose_align=-0.204 | lr_mul=1.30
[aml] burst complete: 32 steps, avg loss 1.6100 (memory freed)
[dna] fire wrote 32 bytes to ecology
[dna] fire wrote 114 bytes to ecology
[dna] fire wrote 9 bytes to ecology
[dna] fire wrote 66 bytes to ecology
[dna] fire wrote 50 bytes to ecology
[dna] fire wrote 86 bytes to ecology
[dna] fire wrote 56 bytes to ecology
[dna] fire wrote 79 bytes to ecology
[dna] fire wrote 16 bytes to ecology
[dna] fire wrote 63 bytes to ecology
[dna] fire wrote 173 bytes to ecology
[dna] fire wrote 100 bytes to ecology
[dna] fire wrote 25 bytes to ecology
[dna] fire wrote 34 bytes to ecology
[dna] fire wrote 45 bytes to ecology
[dna] fire wrote 86 bytes to ecology
[debug-onto] tick=50 corpus=133733 stage=2 freeze=0
[dna] fire wrote 22 bytes to ecology
[dna] fire wrote 63 bytes to ecology
[dna] fire wrote 46 bytes to ecology
[dna] fire wrote 106 bytes to ecology
[dna] fire wrote 12 bytes to ecology
[dna] fire wrote 58 bytes to ecology
[dna] fire wrote 22 bytes to ecology
[dna] fire wrote 93 bytes to ecology
[dna] fire wrote 67 bytes to ecology
[dna] fire wrote 27 bytes to ecology
[dna] fire wrote 88 bytes to ecology
[dna] fire wrote 42 bytes to ecology
[dna] fire wrote 43 bytes to ecology
[dna] fire wrote 27 bytes to ecology
[dna] fire wrote 27 bytes to ecology
[dna] fire wrote 93 bytes to ecology
[dna] fire wrote 55 bytes to ecology
[debug-onto] tick=100 corpus=133733 stage=2 freeze=0
[dna] fire wrote 79 bytes to ecology
[dna] fire wrote 46 bytes to ecology
[dna] fire wrote 78 bytes to ecology
[dna] fire wrote 19 bytes to ecology
[dna] fire wrote 240 bytes to ecology
[dna] fire wrote 14 bytes to ecology
[dna] fire wrote 95 bytes to ecology
[dna] fire wrote 31 bytes to ecology
[dna] fire wrote 52 bytes to ecology
[dna] fire wrote 135 bytes to ecology
[dna] fire wrote 36 bytes to ecology
[dna] fire wrote 27 bytes to ecology
[dna] fire wrote 63 bytes to ecology
[dna] fire wrote 93 bytes to ecology
[dna] fire wrote 31 bytes to ecology
[dna] fire wrote 51 bytes to ecology
[debug-onto] tick=150 corpus=133733 stage=2 freeze=0
[dna] fire wrote 50 bytes to ecology
[dna] fire wrote 82 bytes to ecology
[dna] fire wrote 20 bytes to ecology
[dna] fire wrote 89 bytes to ecology
[dna] fire wrote 76 bytes to ecology
[dna] fire wrote 56 bytes to ecology
[dna] fire wrote 10 bytes to ecology
[dna] fire wrote 31 bytes to ecology
[dna] fire wrote 98 bytes to ecology
[dna] fire wrote 124 bytes to ecology
[dna] fire wrote 55 bytes to ecology
[dna] fire wrote 90 bytes to ecology
[dna] fire wrote 35 bytes to ecology
[dna] fire wrote 39 bytes to ecology
[dna] fire wrote 47 bytes to ecology
[dna] fire wrote 43 bytes to ecology
[dna] fire wrote 91 bytes to ecology
[debug-onto] tick=200 corpus=133733 stage=2 freeze=0
[dna] fire wrote 125 bytes to ecology
[dna] fire wrote 125 bytes to ecology
[dna] fire wrote 49 bytes to ecology
[dna] fire wrote 137 bytes to ecology
[dna] fire wrote 62 bytes to ecology
[dna] fire wrote 69 bytes to ecology
[dna] fire wrote 107 bytes to ecology
[dna] fire wrote 144 bytes to ecology
[dna] fire wrote 35 bytes to ecology
[dna] fire wrote 81 bytes to ecology
[dna] fire wrote 44 bytes to ecology
[dna] fire wrote 69 bytes to ecology
[dna] fire wrote 25 bytes to ecology
[dna] fire wrote 98 bytes to ecology
[dna] fire wrote 50 bytes to ecology
[dna] fire wrote 23 bytes to ecology
[dna] fire wrote 17 bytes to ecology
[debug-onto] tick=250 corpus=133733 stage=2 freeze=0
[dna] fire wrote 162 bytes to ecology
[dna] fire wrote 34 bytes to ecology
[dna] fire wrote 73 bytes to ecology
[dna] fire wrote 53 bytes to ecology
[dna] fire wrote 14 bytes to ecology
[dna] fire wrote 46 bytes to ecology
[dna] fire wrote 85 bytes to ecology
[dna] fire wrote 34 bytes to ecology
[dna] fire wrote 104 bytes to ecology
[dna] fire wrote 49 bytes to ecology
[dna] fire wrote 78 bytes to ecology
[dna] fire wrote 78 bytes to ecology
[dna] fire wrote 29 bytes to ecology
[dna] fire wrote 10 bytes to ecology
[dna] fire wrote 75 bytes to ecology
[dna] fire wrote 154 bytes to ecology
[debug-onto] tick=300 corpus=133733 stage=2 freeze=0
[dna] fire wrote 86 bytes to ecology
[dna] fire wrote 59 bytes to ecology
[dna] fire wrote 19 bytes to ecology
[dna] fire wrote 33 bytes to ecology
[dna] fire wrote 34 bytes to ecology
[dna] fire wrote 38 bytes to ecology
[dna] fire wrote 32 bytes to ecology
[dna] fire wrote 118 bytes to ecology
[dna] fire wrote 27 bytes to ecology
[dna] fire wrote 40 bytes to ecology
[dna] fire wrote 45 bytes to ecology
[dna] fire wrote 29 bytes to ecology
[dna] fire wrote 29 bytes to ecology
[dna] fire wrote 93 bytes to ecology
[dna] fire wrote 100 bytes to ecology
[dna] fire wrote 18 bytes to ecology
[dna] fire wrote 57 bytes to ecology
[debug-onto] tick=350 corpus=133733 stage=2 freeze=0
[dna] fire wrote 90 bytes to ecology
[dna] fire wrote 95 bytes to ecology
[dna] fire wrote 67 bytes to ecology
[dna] fire wrote 16 bytes to ecology
[dna] fire wrote 95 bytes to ecology
[dna] fire wrote 146 bytes to ecology
[dna] fire wrote 51 bytes to ecology
[dna] fire wrote 179 bytes to ecology
[dna] fire wrote 46 bytes to ecology
[dna] fire wrote 33 bytes to ecology
[dna] fire wrote 44 bytes to ecology
[dna] fire wrote 32 bytes to ecology
[dna] fire wrote 26 bytes to ecology
[dna] fire wrote 70 bytes to ecology
[dna] fire wrote 83 bytes to ecology
[dna] fire wrote 46 bytes to ecology
[dna] fire wrote 227 bytes to ecology
[debug-onto] tick=400 corpus=133733 stage=2 freeze=0
[dna] fire wrote 53 bytes to ecology
[dna] fire wrote 41 bytes to ecology
[dna] fire wrote 103 bytes to ecology
[dna] fire wrote 49 bytes to ecology
[dna] fire wrote 28 bytes to ecology
[dna] fire wrote 73 bytes to ecology
[dna] fire wrote 34 bytes to ecology
[dna] fire wrote 48 bytes to ecology
[dna] fire wrote 31 bytes to ecology
[dna] fire wrote 63 bytes to ecology
[dna] fire wrote 26 bytes to ecology
[dna] fire wrote 80 bytes to ecology
[dna] fire wrote 108 bytes to ecology
[dna] fire wrote 114 bytes to ecology
[dna] fire wrote 32 bytes to ecology
[dna] fire wrote 39 bytes to ecology
[debug-onto] tick=450 corpus=133733 stage=2 freeze=0
[dna] fire wrote 6 bytes to ecology
[dna] fire wrote 50 bytes to ecology
[dna] fire wrote 61 bytes to ecology
[dna] fire wrote 42 bytes to ecology
[dna] fire wrote 33 bytes to ecology
[dna] fire wrote 29 bytes to ecology
[dna] fire wrote 20 bytes to ecology
[dna] fire wrote 9 bytes to ecology
[dna] fire wrote 67 bytes to ecology
[dna] fire wrote 119 bytes to ecology
[dna] fire wrote 38 bytes to ecology
[dna] fire wrote 28 bytes to ecology
[dna] fire wrote 51 bytes to ecology
[dna] fire wrote 68 bytes to ecology
[dna] fire wrote 85 bytes to ecology
[dna] fire wrote 84 bytes to ecology
[dna] fire wrote 28 bytes to ecology
[debug-onto] tick=500 corpus=133733 stage=2 freeze=0
[dna] fire wrote 61 bytes to ecology
[dna] fire wrote 198 bytes to ecology
[dna] fire wrote 108 bytes to ecology
[dna] fire wrote 127 bytes to ecology
[dna] fire wrote 24 bytes to ecology
[dna] fire wrote 24 bytes to ecology
[dna] fire wrote 49 bytes to ecology
[dna] fire wrote 53 bytes to ecology
[dna] fire wrote 36 bytes to ecology
[dna] fire wrote 144 bytes to ecology
[dna] fire wrote 32 bytes to ecology
[dna] fire wrote 43 bytes to ecology
[dna] fire wrote 16 bytes to ecology
[dna] fire wrote 40 bytes to ecology
[dna] fire wrote 57 bytes to ecology
[dna] fire wrote 44 bytes to ecology
[dna] fire wrote 34 bytes to ecology
[debug-onto] tick=550 corpus=133733 stage=2 freeze=0
[dna] fire wrote 49 bytes to ecology
[dna] fire wrote 129 bytes to ecology
[dna] fire wrote 90 bytes to ecology
[dna] fire wrote 9 bytes to ecology
[dna] fire wrote 68 bytes to ecology
[dna] fire wrote 48 bytes to ecology
[dna] fire wrote 155 bytes to ecology
[dna] fire wrote 74 bytes to ecology
[dna] fire wrote 25 bytes to ecology
[dna] fire wrote 44 bytes to ecology
[dna] fire wrote 102 bytes to ecology
[dna] fire wrote 25 bytes to ecology
[dna] fire wrote 95 bytes to ecology
[dna] fire wrote 91 bytes to ecology
[dna] fire wrote 15 bytes to ecology
[dna] fire wrote 13 bytes to ecology
[debug-onto] tick=600 corpus=133733 stage=2 freeze=0
[dna] fire wrote 123 bytes to ecology
[dna] fire wrote 50 bytes to ecology
[dna] fire wrote 46 bytes to ecology
[dna] fire wrote 92 bytes to ecology
[dna] fire wrote 69 bytes to ecology
[dna] fire wrote 60 bytes to ecology
[dna] fire wrote 33 bytes to ecology
[dna] fire wrote 44 bytes to ecology
[dna] fire wrote 7 bytes to ecology
[dna] fire wrote 39 bytes to ecology
[dna] fire wrote 24 bytes to ecology
[dna] fire wrote 51 bytes to ecology
[dna] fire wrote 11 bytes to ecology
[dna] fire wrote 23 bytes to ecology
[dna] fire wrote 22 bytes to ecology
[dna] fire wrote 34 bytes to ecology
[dna] fire wrote 90 bytes to ecology
[debug-onto] tick=650 corpus=133733 stage=2 freeze=0
[dna] fire wrote 59 bytes to ecology
[dna] fire wrote 28 bytes to ecology
[dna] fire wrote 57 bytes to ecology
[dna] fire wrote 6 bytes to ecology
[dna] fire wrote 143 bytes to ecology
[dna] fire wrote 29 bytes to ecology
[dna] fire wrote 81 bytes to ecology
[dna] fire wrote 52 bytes to ecology
[dna] fire wrote 29 bytes to ecology
[dna] fire wrote 30 bytes to ecology
[dna] fire wrote 71 bytes to ecology
[dna] fire wrote 45 bytes to ecology
[dna] fire wrote 42 bytes to ecology
[dna] fire wrote 54 bytes to ecology
[dna] fire wrote 9 bytes to ecology
[dna] fire wrote 46 bytes to ecology
[dna] fire wrote 43 bytes to ecology
[debug-onto] tick=700 corpus=133733 stage=2 freeze=0
[dna] fire wrote 81 bytes to ecology
[dna] fire wrote 41 bytes to ecology
[dna] fire wrote 33 bytes to ecology
[dna] fire wrote 125 bytes to ecology

[evolution] Organism shutting down gracefully.
