[ecology] Element: water → corpus: nonames_water.txt
[evolution] Autonomous evolution mode — organism will grow through all stages without pause.
[ecology] Joined swarm. 1 peer(s) detected.
molequla is alive. [evolution] Autonomous mode — background trainer running. Ctrl+C to stop.
[dna] water wrote 67 bytes to ecology
[dna] water consumed 17149 bytes from 224 files: [air/gen_1778221382_1.txt air/gen_1778221400_4.txt air/gen_1778221408_7.txt air/gen_1778221416_10.txt air/gen_1778221424_13.txt air/gen_1778221431_16.txt air/gen_1778221439_19.txt air/gen_1778221447_22.txt air/gen_1778221455_25.txt air/gen_1778221463_28.txt air/gen_1778221471_31.txt air/gen_1778221478_34.txt air/gen_1778221487_37.txt air/gen_1778221494_40.txt air/gen_1778221502_43.txt air/gen_1778221510_46.txt air/gen_1778221518_49.txt air/gen_1778221526_52.txt air/gen_1778221534_55.txt air/gen_1778221542_58.txt air/gen_1778221549_61.txt air/gen_1778221557_64.txt air/gen_1778221565_67.txt air/gen_1778221573_70.txt air/gen_1778221581_73.txt air/gen_1778221589_76.txt air/gen_1778221597_79.txt air/gen_1778221605_82.txt air/gen_1778221613_85.txt air/gen_1778221621_88.txt air/gen_1778221628_91.txt air/gen_1778221636_94.txt air/gen_1778221644_97.txt air/gen_1778221652_100.txt air/gen_1778221660_103.txt air/gen_1778221668_106.txt air/gen_1778221676_109.txt air/gen_1778221684_112.txt air/gen_1778221692_115.txt air/gen_1778221700_118.txt air/gen_1778221707_121.txt air/gen_1778221715_124.txt air/gen_1778221723_127.txt air/gen_1778221731_130.txt air/gen_1778221739_133.txt air/gen_1778221747_136.txt air/gen_1778221755_139.txt air/gen_1778221763_142.txt air/gen_1778221771_145.txt air/gen_1778221779_148.txt air/gen_1778221787_151.txt air/gen_1778221795_154.txt air/gen_1778221803_157.txt air/gen_1778221811_160.txt air/gen_1778221818_163.txt air/gen_1778221826_166.txt air/gen_1778221834_169.txt air/gen_1778221842_172.txt air/gen_1778221850_175.txt air/gen_1778221858_178.txt air/gen_1778221866_181.txt air/gen_1778221874_184.txt air/gen_1778221882_187.txt air/gen_1778221890_190.txt air/gen_1778221898_193.txt air/gen_1778221906_196.txt air/gen_1778221914_199.txt air/gen_1778221922_202.txt air/gen_1778221930_205.txt air/gen_1778221938_208.txt air/gen_1778221946_211.txt air/gen_1778221954_214.txt air/gen_1778221962_217.txt air/gen_1778221970_220.txt air/gen_1778221978_223.txt air/gen_1778221986_226.txt air/gen_1778221994_229.txt air/gen_1778222002_232.txt air/gen_1778222010_235.txt air/gen_1778222018_238.txt air/gen_1778222026_241.txt air/gen_1778222034_244.txt air/gen_1778222042_247.txt air/gen_1778222050_250.txt air/gen_1778222058_253.txt air/gen_1778222066_256.txt air/gen_1778222074_259.txt air/gen_1778222082_262.txt air/gen_1778222090_265.txt air/gen_1778222098_268.txt air/gen_1778222106_271.txt air/gen_1778222115_274.txt air/gen_1778222123_277.txt air/gen_1778222131_280.txt air/gen_1778222139_283.txt air/gen_1778222147_286.txt air/gen_1778222155_289.txt air/gen_1778222163_292.txt air/gen_1778222172_295.txt air/gen_1778222179_298.txt air/gen_1778222188_301.txt air/gen_1778222195_304.txt air/gen_1778222203_307.txt air/gen_1778222211_310.txt air/gen_1778222220_313.txt air/gen_1778222228_316.txt air/gen_1778222236_319.txt air/gen_1778222244_322.txt air/gen_1778222252_325.txt air/gen_1778222260_328.txt air/gen_1778222268_331.txt air/gen_1778222277_334.txt air/gen_1778222285_337.txt air/gen_1778222293_340.txt air/gen_1778222301_343.txt air/gen_1778222309_346.txt air/gen_1778222317_349.txt air/gen_1778222325_352.txt air/gen_1778222333_355.txt air/gen_1778222341_358.txt air/gen_1778222349_361.txt air/gen_1778222357_364.txt air/gen_1778222365_367.txt air/gen_1778222373_370.txt air/gen_1778222381_373.txt air/gen_1778222389_376.txt air/gen_1778222398_379.txt air/gen_1778222406_382.txt air/gen_1778222414_385.txt air/gen_1778222422_388.txt air/gen_1778222430_391.txt air/gen_1778222438_394.txt air/gen_1778222446_397.txt air/gen_1778222454_400.txt air/gen_1778222462_403.txt air/gen_1778222470_406.txt air/gen_1778222478_409.txt air/gen_1778222486_412.txt air/gen_1778222494_415.txt air/gen_1778222502_418.txt air/gen_1778222510_421.txt air/gen_1778222518_424.txt air/gen_1778222526_427.txt air/gen_1778222534_430.txt air/gen_1778222542_433.txt air/gen_1778222550_436.txt air/gen_1778222558_439.txt air/gen_1778222566_442.txt air/gen_1778222574_445.txt air/gen_1778222582_448.txt air/gen_1778222590_451.txt air/gen_1778222598_454.txt air/gen_1778222606_457.txt air/gen_1778222614_460.txt air/gen_1778222622_463.txt air/gen_1778222630_466.txt air/gen_1778222638_469.txt air/gen_1778222646_472.txt air/gen_1778222654_475.txt air/gen_1778222662_478.txt air/gen_1778222670_481.txt air/gen_1778222677_484.txt air/gen_1778222685_487.txt air/gen_1778222693_490.txt air/gen_1778222701_493.txt air/gen_1778222709_496.txt air/gen_1778222717_499.txt air/gen_1778222725_502.txt air/gen_1778222733_505.txt air/gen_1778222741_508.txt air/gen_1778222749_511.txt air/gen_1778222757_514.txt air/gen_1778222766_517.txt air/gen_1778222774_520.txt air/gen_1778222782_523.txt air/gen_1778222790_526.txt air/gen_1778222798_529.txt air/gen_1778222806_532.txt air/gen_1778222814_535.txt air/gen_1778222822_538.txt air/gen_1778222830_541.txt air/gen_1778222838_544.txt air/gen_1778222846_547.txt air/gen_1778222854_550.txt air/gen_1778222862_553.txt air/gen_1778222870_556.txt air/gen_1778222878_559.txt air/gen_1778222886_562.txt air/gen_1778222894_565.txt air/gen_1778222901_568.txt air/gen_1778222909_571.txt air/gen_1778222917_574.txt air/gen_1778222925_577.txt air/gen_1778222933_580.txt air/gen_1778222941_583.txt air/gen_1778222949_586.txt air/gen_1778222957_589.txt air/gen_1778222965_592.txt air/gen_1778222973_595.txt air/gen_1778222981_598.txt air/gen_1778222989_601.txt air/gen_1778222997_604.txt air/gen_1778223005_607.txt air/gen_1778223013_610.txt air/gen_1778223021_613.txt air/gen_1778223029_616.txt air/gen_1778223037_619.txt air/gen_1778223045_622.txt air/gen_1778223052_625.txt air/gen_1778223061_628.txt air/gen_1778223069_631.txt air/gen_1778223077_634.txt air/gen_1778223085_637.txt air/gen_1778223093_640.txt air/gen_1778223101_643.txt air/gen_1778223109_646.txt air/gen_1778223117_649.txt air/gen_1778223124_652.txt air/gen_1778223132_655.txt air/gen_1778223140_658.txt air/gen_1778223148_661.txt air/gen_1778223156_664.txt air/gen_1778223164_667.txt air/gen_1778223172_670.txt]
[trainer] micro-train burst (17149 bytes, novelty 0.04) — and lo, it feeds again.
[syntropy] action=explore | trend=0.0000 | field_dev=-0.028 | purpose_align=-0.211 | lr_mul=1.30
[aml] burst complete: 32 steps, avg loss 1.3569 (memory freed)
[dna] water wrote 55 bytes to ecology
[dna] water wrote 37 bytes to ecology
[dna] water wrote 130 bytes to ecology
[dna] water wrote 148 bytes to ecology
[dna] water wrote 34 bytes to ecology
[dna] water wrote 89 bytes to ecology
[dna] water wrote 11 bytes to ecology
[dna] water wrote 37 bytes to ecology
[dna] water wrote 56 bytes to ecology
[dna] water wrote 105 bytes to ecology
[dna] water wrote 35 bytes to ecology
[dna] water wrote 21 bytes to ecology
[dna] water wrote 109 bytes to ecology
[dna] water wrote 13 bytes to ecology
[dna] water wrote 59 bytes to ecology
[dna] water wrote 69 bytes to ecology
[debug-onto] tick=50 corpus=143070 stage=2 freeze=0
[dna] water wrote 83 bytes to ecology
[dna] water wrote 61 bytes to ecology
[dna] water wrote 40 bytes to ecology
[dna] water wrote 36 bytes to ecology
[dna] water wrote 39 bytes to ecology
[dna] water wrote 15 bytes to ecology
[dna] water wrote 62 bytes to ecology
[dna] water wrote 80 bytes to ecology
[dna] water wrote 48 bytes to ecology
[dna] water wrote 60 bytes to ecology
[dna] water wrote 10 bytes to ecology
[dna] water wrote 30 bytes to ecology
[dna] water wrote 24 bytes to ecology
[dna] water wrote 15 bytes to ecology
[dna] water wrote 156 bytes to ecology
[dna] water wrote 72 bytes to ecology
[dna] water wrote 77 bytes to ecology
[debug-onto] tick=100 corpus=143070 stage=2 freeze=0
[dna] water wrote 22 bytes to ecology
[dna] water wrote 55 bytes to ecology
[dna] water wrote 61 bytes to ecology
[dna] water wrote 92 bytes to ecology
[dna] water wrote 79 bytes to ecology
[dna] water wrote 48 bytes to ecology
[dna] water wrote 114 bytes to ecology
[dna] water wrote 45 bytes to ecology
[dna] water wrote 14 bytes to ecology
[dna] water wrote 77 bytes to ecology
[dna] water wrote 33 bytes to ecology
[dna] water wrote 9 bytes to ecology
[dna] water wrote 57 bytes to ecology
[dna] water wrote 33 bytes to ecology
[dna] water wrote 93 bytes to ecology
[dna] water wrote 37 bytes to ecology
[debug-onto] tick=150 corpus=143070 stage=2 freeze=0
[dna] water wrote 205 bytes to ecology
[dna] water wrote 94 bytes to ecology
[dna] water wrote 33 bytes to ecology
[dna] water wrote 80 bytes to ecology
[dna] water wrote 34 bytes to ecology
[dna] water wrote 37 bytes to ecology
[dna] water wrote 94 bytes to ecology
[dna] water wrote 77 bytes to ecology
[dna] water wrote 38 bytes to ecology
[dna] water wrote 28 bytes to ecology
[dna] water wrote 42 bytes to ecology
[dna] water wrote 32 bytes to ecology
[dna] water wrote 28 bytes to ecology
[dna] water wrote 59 bytes to ecology
[dna] water wrote 28 bytes to ecology
[dna] water wrote 12 bytes to ecology
[dna] water wrote 46 bytes to ecology
[debug-onto] tick=200 corpus=143070 stage=2 freeze=0
[dna] water wrote 42 bytes to ecology
[dna] water wrote 49 bytes to ecology
[dna] water wrote 42 bytes to ecology
[dna] water wrote 23 bytes to ecology
[dna] water wrote 76 bytes to ecology
[dna] water wrote 103 bytes to ecology
[dna] water wrote 63 bytes to ecology
[dna] water wrote 82 bytes to ecology
[dna] water wrote 86 bytes to ecology
[dna] water wrote 45 bytes to ecology
[dna] water wrote 46 bytes to ecology
[dna] water wrote 37 bytes to ecology
[dna] water wrote 64 bytes to ecology
[dna] water wrote 46 bytes to ecology
[dna] water wrote 12 bytes to ecology
[dna] water wrote 41 bytes to ecology
[dna] water wrote 48 bytes to ecology
[debug-onto] tick=250 corpus=143070 stage=2 freeze=0
[dna] water wrote 31 bytes to ecology
[dna] water wrote 80 bytes to ecology
[dna] water wrote 16 bytes to ecology
[dna] water wrote 27 bytes to ecology
[dna] water wrote 22 bytes to ecology
[dna] water wrote 189 bytes to ecology
[dna] water wrote 55 bytes to ecology
[dna] water wrote 37 bytes to ecology
[dna] water wrote 58 bytes to ecology
[dna] water wrote 40 bytes to ecology
[dna] water wrote 44 bytes to ecology
[dna] water wrote 53 bytes to ecology
[dna] water wrote 34 bytes to ecology
[dna] water wrote 106 bytes to ecology
[dna] water wrote 45 bytes to ecology
[dna] water wrote 43 bytes to ecology
[debug-onto] tick=300 corpus=143070 stage=2 freeze=0
[dna] water wrote 46 bytes to ecology
[dna] water wrote 82 bytes to ecology
[dna] water wrote 18 bytes to ecology
[dna] water wrote 38 bytes to ecology
[dna] water wrote 35 bytes to ecology
[dna] water wrote 42 bytes to ecology
[dna] water wrote 23 bytes to ecology
[dna] water wrote 117 bytes to ecology
[dna] water wrote 20 bytes to ecology
[dna] water wrote 69 bytes to ecology
[dna] water wrote 24 bytes to ecology
[dna] water wrote 66 bytes to ecology
[dna] water wrote 29 bytes to ecology
[dna] water wrote 30 bytes to ecology
[dna] water wrote 28 bytes to ecology
[dna] water wrote 59 bytes to ecology
[dna] water wrote 50 bytes to ecology
[debug-onto] tick=350 corpus=143070 stage=2 freeze=0
[dna] water wrote 91 bytes to ecology
[dna] water wrote 70 bytes to ecology
[dna] water wrote 106 bytes to ecology
[dna] water wrote 37 bytes to ecology
[dna] water wrote 61 bytes to ecology
[dna] water wrote 55 bytes to ecology
[dna] water wrote 22 bytes to ecology
[dna] water wrote 9 bytes to ecology
[dna] water wrote 94 bytes to ecology
[dna] water wrote 26 bytes to ecology
[dna] water wrote 39 bytes to ecology
[dna] water wrote 27 bytes to ecology
[dna] water wrote 64 bytes to ecology
[dna] water wrote 88 bytes to ecology
[dna] water wrote 33 bytes to ecology
[dna] water wrote 57 bytes to ecology
[dna] water wrote 14 bytes to ecology
[debug-onto] tick=400 corpus=143070 stage=2 freeze=0
[dna] water wrote 54 bytes to ecology
[dna] water wrote 22 bytes to ecology
[dna] water wrote 73 bytes to ecology
[dna] water wrote 47 bytes to ecology
[dna] water wrote 34 bytes to ecology
[dna] water wrote 56 bytes to ecology
[dna] water wrote 55 bytes to ecology
[dna] water wrote 37 bytes to ecology
[dna] water wrote 96 bytes to ecology
[dna] water wrote 52 bytes to ecology
[dna] water wrote 102 bytes to ecology
[dna] water wrote 48 bytes to ecology
[dna] water wrote 8 bytes to ecology
[dna] water wrote 106 bytes to ecology
[dna] water wrote 157 bytes to ecology
[dna] water wrote 115 bytes to ecology
[debug-onto] tick=450 corpus=143070 stage=2 freeze=0
[dna] water wrote 23 bytes to ecology
[dna] water wrote 190 bytes to ecology
[dna] water wrote 56 bytes to ecology
[dna] water wrote 27 bytes to ecology
[dna] water wrote 71 bytes to ecology
[dna] water wrote 33 bytes to ecology
[dna] water wrote 53 bytes to ecology
[dna] water wrote 29 bytes to ecology
[dna] water wrote 78 bytes to ecology
[dna] water wrote 43 bytes to ecology
[dna] water wrote 14 bytes to ecology
[dna] water wrote 24 bytes to ecology
[dna] water wrote 99 bytes to ecology
[dna] water wrote 22 bytes to ecology
[dna] water wrote 35 bytes to ecology
[dna] water wrote 64 bytes to ecology
[dna] water wrote 61 bytes to ecology
[debug-onto] tick=500 corpus=143070 stage=2 freeze=0
[dna] water wrote 28 bytes to ecology
[dna] water wrote 18 bytes to ecology
[dna] water wrote 83 bytes to ecology
[dna] water wrote 37 bytes to ecology
[dna] water wrote 67 bytes to ecology
[dna] water wrote 59 bytes to ecology
[dna] water wrote 39 bytes to ecology
[dna] water wrote 125 bytes to ecology
[dna] water wrote 29 bytes to ecology
[dna] water wrote 100 bytes to ecology
[dna] water wrote 27 bytes to ecology
[dna] water wrote 45 bytes to ecology
[dna] water wrote 34 bytes to ecology
[dna] water wrote 61 bytes to ecology
[dna] water wrote 18 bytes to ecology
[dna] water wrote 62 bytes to ecology
[dna] water wrote 47 bytes to ecology
[debug-onto] tick=550 corpus=143070 stage=2 freeze=0
[dna] water wrote 45 bytes to ecology
[dna] water wrote 30 bytes to ecology
[dna] water wrote 5 bytes to ecology
[dna] water wrote 35 bytes to ecology
[dna] water wrote 59 bytes to ecology
[dna] water wrote 38 bytes to ecology
[dna] water wrote 13 bytes to ecology
[dna] water wrote 38 bytes to ecology
[dna] water wrote 27 bytes to ecology
[dna] water wrote 38 bytes to ecology
[dna] water wrote 23 bytes to ecology
[dna] water wrote 61 bytes to ecology
[dna] water wrote 75 bytes to ecology
[dna] water wrote 46 bytes to ecology
[dna] water wrote 61 bytes to ecology
[dna] water wrote 63 bytes to ecology
[debug-onto] tick=600 corpus=143070 stage=2 freeze=0
[dna] water wrote 116 bytes to ecology
[dna] water wrote 51 bytes to ecology
[dna] water wrote 48 bytes to ecology
[dna] water wrote 77 bytes to ecology
[dna] water wrote 11 bytes to ecology
[dna] water wrote 39 bytes to ecology
[dna] water wrote 81 bytes to ecology
[dna] water wrote 32 bytes to ecology
[dna] water wrote 38 bytes to ecology
[dna] water wrote 59 bytes to ecology
[dna] water wrote 26 bytes to ecology
[dna] water wrote 136 bytes to ecology
[dna] water wrote 49 bytes to ecology
[dna] water wrote 13 bytes to ecology
[dna] water wrote 41 bytes to ecology
[dna] water wrote 42 bytes to ecology

[evolution] Organism shutting down gracefully.
