[ecology] Element: fire → corpus: nonames_fire.txt
[evolution] Autonomous evolution mode — organism will grow through all stages without pause.
[ecology] Joined swarm. 1 peer(s) detected.
molequla is alive. [evolution] Autonomous mode — background trainer running. Ctrl+C to stop.
[dna] fire wrote 35 bytes to ecology
[dna] fire consumed 13692 bytes from 212 files: [water/gen_1774073277_1.txt water/gen_1774073294_4.txt water/gen_1774073302_7.txt water/gen_1774073311_10.txt water/gen_1774073319_13.txt water/gen_1774073328_16.txt water/gen_1774073336_19.txt water/gen_1774073344_22.txt water/gen_1774073353_25.txt water/gen_1774073361_28.txt water/gen_1774073370_31.txt water/gen_1774073378_34.txt water/gen_1774073386_37.txt water/gen_1774073395_40.txt water/gen_1774073403_43.txt water/gen_1774073412_46.txt water/gen_1774073420_49.txt water/gen_1774073429_52.txt water/gen_1774073437_55.txt water/gen_1774073445_58.txt water/gen_1774073454_61.txt water/gen_1774073462_64.txt water/gen_1774073471_67.txt water/gen_1774073479_70.txt water/gen_1774073488_73.txt water/gen_1774073496_76.txt water/gen_1774073505_79.txt water/gen_1774073513_82.txt water/gen_1774073522_85.txt water/gen_1774073530_88.txt water/gen_1774073538_91.txt water/gen_1774073547_94.txt water/gen_1774073555_97.txt water/gen_1774073564_100.txt water/gen_1774073572_103.txt water/gen_1774073581_106.txt water/gen_1774073589_109.txt water/gen_1774073597_112.txt water/gen_1774073606_115.txt water/gen_1774073614_118.txt water/gen_1774073623_121.txt water/gen_1774073631_124.txt water/gen_1774073640_127.txt water/gen_1774073648_130.txt water/gen_1774073656_133.txt water/gen_1774073665_136.txt water/gen_1774073673_139.txt water/gen_1774073682_142.txt water/gen_1774073690_145.txt water/gen_1774073699_148.txt water/gen_1774073707_151.txt water/gen_1774073716_154.txt water/gen_1774073724_157.txt water/gen_1774073733_160.txt water/gen_1774073741_163.txt water/gen_1774073750_166.txt water/gen_1774073758_169.txt water/gen_1774073767_172.txt water/gen_1774073775_175.txt water/gen_1774073783_178.txt water/gen_1774073792_181.txt water/gen_1774073800_184.txt water/gen_1774073809_187.txt water/gen_1774073817_190.txt water/gen_1774073825_193.txt water/gen_1774073834_196.txt water/gen_1774073842_199.txt water/gen_1774073851_202.txt water/gen_1774073859_205.txt water/gen_1774073867_208.txt water/gen_1774073876_211.txt water/gen_1774073884_214.txt water/gen_1774073893_217.txt water/gen_1774073901_220.txt water/gen_1774073910_223.txt water/gen_1774073918_226.txt water/gen_1774073926_229.txt water/gen_1774073935_232.txt water/gen_1774073943_235.txt water/gen_1774073952_238.txt water/gen_1774073960_241.txt water/gen_1774073969_244.txt water/gen_1774073977_247.txt water/gen_1774073985_250.txt water/gen_1774073994_253.txt water/gen_1774074002_256.txt water/gen_1774074011_259.txt water/gen_1774074019_262.txt water/gen_1774074028_265.txt water/gen_1774074036_268.txt water/gen_1774074044_271.txt water/gen_1774074053_274.txt water/gen_1774074061_277.txt water/gen_1774074070_280.txt water/gen_1774074078_283.txt water/gen_1774074087_286.txt water/gen_1774074095_289.txt water/gen_1774074103_292.txt water/gen_1774074112_295.txt water/gen_1774074120_298.txt water/gen_1774074129_301.txt water/gen_1774074137_304.txt water/gen_1774074145_307.txt water/gen_1774074154_310.txt water/gen_1774074162_313.txt water/gen_1774074171_316.txt water/gen_1774074179_319.txt water/gen_1774074187_322.txt water/gen_1774074196_325.txt water/gen_1774074204_328.txt water/gen_1774074213_331.txt water/gen_1774074221_334.txt water/gen_1774074230_337.txt water/gen_1774074238_340.txt water/gen_1774074246_343.txt water/gen_1774074255_346.txt water/gen_1774074263_349.txt water/gen_1774074272_352.txt water/gen_1774074280_355.txt water/gen_1774074288_358.txt water/gen_1774074297_361.txt water/gen_1774074305_364.txt water/gen_1774074313_367.txt water/gen_1774074322_370.txt water/gen_1774074330_373.txt water/gen_1774074339_376.txt water/gen_1774074347_379.txt water/gen_1774074356_382.txt water/gen_1774074364_385.txt water/gen_1774074372_388.txt water/gen_1774074381_391.txt water/gen_1774074389_394.txt water/gen_1774074398_397.txt water/gen_1774074406_400.txt water/gen_1774074415_403.txt water/gen_1774074423_406.txt water/gen_1774074431_409.txt water/gen_1774074440_412.txt water/gen_1774074448_415.txt water/gen_1774074457_418.txt water/gen_1774074465_421.txt water/gen_1774074473_424.txt water/gen_1774074482_427.txt water/gen_1774074490_430.txt water/gen_1774074499_433.txt water/gen_1774074507_436.txt water/gen_1774074515_439.txt water/gen_1774074524_442.txt water/gen_1774074532_445.txt water/gen_1774074541_448.txt water/gen_1774074549_451.txt water/gen_1774074557_454.txt water/gen_1774074566_457.txt water/gen_1774074574_460.txt water/gen_1774074583_463.txt water/gen_1774074591_466.txt water/gen_1774074599_469.txt water/gen_1774074608_472.txt water/gen_1774074616_475.txt water/gen_1774074625_478.txt water/gen_1774074633_481.txt water/gen_1774074642_484.txt water/gen_1774074650_487.txt water/gen_1774074659_490.txt water/gen_1774074667_493.txt water/gen_1774074676_496.txt water/gen_1774074684_499.txt water/gen_1774074693_502.txt water/gen_1774074702_505.txt water/gen_1774074710_508.txt water/gen_1774074719_511.txt water/gen_1774074727_514.txt water/gen_1774074736_517.txt water/gen_1774074744_520.txt water/gen_1774074753_523.txt water/gen_1774074761_526.txt water/gen_1774074770_529.txt water/gen_1774074779_532.txt water/gen_1774074787_535.txt water/gen_1774074796_538.txt water/gen_1774074804_541.txt water/gen_1774074813_544.txt water/gen_1774074821_547.txt water/gen_1774074830_550.txt water/gen_1774074838_553.txt water/gen_1774074847_556.txt water/gen_1774074856_559.txt water/gen_1774074864_562.txt water/gen_1774074873_565.txt water/gen_1774074881_568.txt water/gen_1774074890_571.txt water/gen_1774074898_574.txt water/gen_1774074907_577.txt water/gen_1774074915_580.txt water/gen_1774074924_583.txt water/gen_1774074932_586.txt water/gen_1774074941_589.txt water/gen_1774074950_592.txt water/gen_1774074958_595.txt water/gen_1774074967_598.txt water/gen_1774074976_601.txt water/gen_1774074984_604.txt water/gen_1774074993_607.txt water/gen_1774075001_610.txt water/gen_1774075010_613.txt water/gen_1774075018_616.txt water/gen_1774075027_619.txt water/gen_1774075035_622.txt water/gen_1774075044_625.txt water/gen_1774075053_628.txt water/gen_1774075061_631.txt water/gen_1774075070_634.txt]
[trainer] micro-train burst (13692 bytes, novelty 0.05) — and lo, it feeds again.
[syntropy] action=explore | trend=0.0000 | field_dev=0.017 | purpose_align=-0.242 | lr_mul=1.30
[aml] burst complete: 32 steps, avg loss 1.8288 (memory freed)
[dna] fire wrote 64 bytes to ecology
[dna] fire wrote 60 bytes to ecology
[dna] fire wrote 21 bytes to ecology
[dna] fire wrote 53 bytes to ecology
[dna] fire wrote 40 bytes to ecology
[dna] fire wrote 80 bytes to ecology
[dna] fire wrote 12 bytes to ecology
[dna] fire wrote 97 bytes to ecology
[dna] fire wrote 42 bytes to ecology
[dna] fire wrote 36 bytes to ecology
[dna] fire wrote 34 bytes to ecology
[dna] fire wrote 61 bytes to ecology
[dna] fire wrote 22 bytes to ecology
[dna] fire wrote 20 bytes to ecology
[dna] fire wrote 104 bytes to ecology
[dna] fire wrote 55 bytes to ecology
[debug-onto] tick=50 corpus=135804 stage=2 freeze=0
[dna] fire wrote 47 bytes to ecology
[dna] fire wrote 114 bytes to ecology
[dna] fire wrote 26 bytes to ecology
[dna] fire wrote 89 bytes to ecology
[dna] fire wrote 84 bytes to ecology
[dna] fire wrote 31 bytes to ecology
[dna] fire wrote 269 bytes to ecology
[dna] fire wrote 47 bytes to ecology
[dna] fire wrote 141 bytes to ecology
[dna] fire wrote 47 bytes to ecology
[dna] fire wrote 79 bytes to ecology
[dna] fire wrote 41 bytes to ecology
[dna] fire wrote 45 bytes to ecology
[dna] fire wrote 25 bytes to ecology
[dna] fire wrote 28 bytes to ecology
[dna] fire wrote 197 bytes to ecology
[dna] fire wrote 47 bytes to ecology
[debug-onto] tick=100 corpus=135804 stage=2 freeze=0
[dna] fire wrote 124 bytes to ecology
[dna] fire wrote 87 bytes to ecology
[dna] fire wrote 36 bytes to ecology
[dna] fire wrote 34 bytes to ecology
[dna] fire wrote 105 bytes to ecology
[dna] fire wrote 78 bytes to ecology
[dna] fire wrote 123 bytes to ecology
[dna] fire wrote 94 bytes to ecology
[dna] fire wrote 79 bytes to ecology
[dna] fire wrote 31 bytes to ecology
[dna] fire wrote 47 bytes to ecology
[dna] fire wrote 31 bytes to ecology
[dna] fire wrote 122 bytes to ecology
[dna] fire wrote 46 bytes to ecology
[dna] fire wrote 43 bytes to ecology
[dna] fire wrote 79 bytes to ecology
[debug-onto] tick=150 corpus=135804 stage=2 freeze=0
[dna] fire wrote 77 bytes to ecology
[dna] fire wrote 48 bytes to ecology
[dna] fire wrote 105 bytes to ecology
[dna] fire wrote 72 bytes to ecology
[dna] fire wrote 112 bytes to ecology
[dna] fire wrote 25 bytes to ecology
[dna] fire wrote 13 bytes to ecology
[dna] fire wrote 67 bytes to ecology
[dna] fire wrote 25 bytes to ecology
[dna] fire wrote 37 bytes to ecology
[dna] fire wrote 45 bytes to ecology
[dna] fire wrote 78 bytes to ecology
[dna] fire wrote 32 bytes to ecology
[dna] fire wrote 44 bytes to ecology
[dna] fire wrote 35 bytes to ecology
[dna] fire wrote 98 bytes to ecology
[dna] fire wrote 66 bytes to ecology
[debug-onto] tick=200 corpus=135804 stage=2 freeze=0
[dna] fire wrote 69 bytes to ecology
[dna] fire wrote 103 bytes to ecology
[dna] fire wrote 50 bytes to ecology
[dna] fire wrote 86 bytes to ecology
[dna] fire wrote 32 bytes to ecology
[dna] fire wrote 25 bytes to ecology
[dna] fire wrote 42 bytes to ecology
[dna] fire wrote 153 bytes to ecology
[dna] fire wrote 58 bytes to ecology
[dna] fire wrote 130 bytes to ecology
[dna] fire wrote 57 bytes to ecology
[dna] fire wrote 39 bytes to ecology
[dna] fire wrote 147 bytes to ecology
[dna] fire wrote 12 bytes to ecology
[dna] fire wrote 36 bytes to ecology
[dna] fire wrote 53 bytes to ecology
[dna] fire wrote 29 bytes to ecology
[debug-onto] tick=250 corpus=135804 stage=2 freeze=0
[dna] fire wrote 9 bytes to ecology
[dna] fire wrote 109 bytes to ecology
[dna] fire wrote 70 bytes to ecology
[dna] fire wrote 43 bytes to ecology
[dna] fire wrote 48 bytes to ecology
[dna] fire wrote 60 bytes to ecology
[dna] fire wrote 34 bytes to ecology
[dna] fire wrote 40 bytes to ecology
[dna] fire wrote 132 bytes to ecology
[dna] fire wrote 172 bytes to ecology
[dna] fire wrote 54 bytes to ecology
[dna] fire wrote 28 bytes to ecology
[dna] fire wrote 25 bytes to ecology
[dna] fire wrote 25 bytes to ecology
[dna] fire wrote 35 bytes to ecology
[dna] fire wrote 35 bytes to ecology
[debug-onto] tick=300 corpus=135804 stage=2 freeze=0
[dna] fire wrote 48 bytes to ecology
[dna] fire wrote 226 bytes to ecology
[dna] fire wrote 78 bytes to ecology
[dna] fire wrote 61 bytes to ecology
[dna] fire wrote 36 bytes to ecology
[dna] fire wrote 101 bytes to ecology
[dna] fire wrote 172 bytes to ecology
[dna] fire wrote 103 bytes to ecology
[dna] fire wrote 46 bytes to ecology
[dna] fire wrote 24 bytes to ecology
[dna] fire wrote 65 bytes to ecology
[dna] fire wrote 101 bytes to ecology
[dna] fire wrote 23 bytes to ecology
[dna] fire wrote 26 bytes to ecology
[dna] fire wrote 66 bytes to ecology
[dna] fire wrote 33 bytes to ecology
[dna] fire wrote 41 bytes to ecology
[debug-onto] tick=350 corpus=135804 stage=2 freeze=0
[dna] fire wrote 67 bytes to ecology
[dna] fire wrote 27 bytes to ecology
[dna] fire wrote 35 bytes to ecology
[dna] fire wrote 42 bytes to ecology
[dna] fire wrote 27 bytes to ecology
[dna] fire wrote 81 bytes to ecology
[dna] fire wrote 56 bytes to ecology
[dna] fire wrote 23 bytes to ecology
[dna] fire wrote 32 bytes to ecology
[dna] fire wrote 56 bytes to ecology
[dna] fire wrote 66 bytes to ecology
[dna] fire wrote 99 bytes to ecology
[dna] fire wrote 51 bytes to ecology
[dna] fire wrote 58 bytes to ecology
[dna] fire wrote 21 bytes to ecology
[dna] fire wrote 44 bytes to ecology
[dna] fire wrote 67 bytes to ecology
[debug-onto] tick=400 corpus=135804 stage=2 freeze=0
[dna] fire wrote 42 bytes to ecology
[dna] fire wrote 83 bytes to ecology
[dna] fire wrote 30 bytes to ecology
[dna] fire wrote 57 bytes to ecology
[dna] fire wrote 31 bytes to ecology
[dna] fire wrote 57 bytes to ecology
[dna] fire wrote 82 bytes to ecology
[dna] fire wrote 75 bytes to ecology
[dna] fire wrote 117 bytes to ecology
[dna] fire wrote 75 bytes to ecology
[dna] fire wrote 31 bytes to ecology
[dna] fire wrote 72 bytes to ecology
[dna] fire wrote 183 bytes to ecology
[dna] fire wrote 37 bytes to ecology
[dna] fire wrote 21 bytes to ecology
[dna] fire wrote 125 bytes to ecology
[debug-onto] tick=450 corpus=135804 stage=2 freeze=0
[dna] fire wrote 12 bytes to ecology
[dna] fire wrote 43 bytes to ecology
[dna] fire wrote 57 bytes to ecology
[dna] fire wrote 65 bytes to ecology
[dna] fire wrote 112 bytes to ecology
[dna] fire wrote 109 bytes to ecology
[dna] fire wrote 91 bytes to ecology
[dna] fire wrote 44 bytes to ecology
[dna] fire wrote 32 bytes to ecology
[dna] fire wrote 41 bytes to ecology
[dna] fire wrote 29 bytes to ecology
[dna] fire wrote 31 bytes to ecology
[dna] fire wrote 96 bytes to ecology
[dna] fire wrote 45 bytes to ecology
[dna] fire wrote 25 bytes to ecology
[dna] fire wrote 85 bytes to ecology
[dna] fire wrote 66 bytes to ecology
[debug-onto] tick=500 corpus=135804 stage=2 freeze=0
[dna] fire wrote 71 bytes to ecology
[dna] fire wrote 58 bytes to ecology
[dna] fire wrote 144 bytes to ecology
[dna] fire wrote 216 bytes to ecology
[dna] fire wrote 81 bytes to ecology
[dna] fire wrote 35 bytes to ecology
[dna] fire wrote 144 bytes to ecology
[dna] fire wrote 62 bytes to ecology
[dna] fire wrote 32 bytes to ecology
[dna] fire wrote 14 bytes to ecology
[dna] fire wrote 14 bytes to ecology
[dna] fire wrote 36 bytes to ecology
[dna] fire wrote 44 bytes to ecology
[dna] fire wrote 79 bytes to ecology
[dna] fire wrote 41 bytes to ecology
[dna] fire wrote 37 bytes to ecology
[dna] fire wrote 21 bytes to ecology
[debug-onto] tick=550 corpus=135804 stage=2 freeze=0
[dna] fire wrote 14 bytes to ecology
[dna] fire wrote 63 bytes to ecology
[dna] fire wrote 100 bytes to ecology
[dna] fire wrote 40 bytes to ecology
[dna] fire wrote 48 bytes to ecology
[dna] fire wrote 69 bytes to ecology
[dna] fire wrote 27 bytes to ecology
[dna] fire wrote 154 bytes to ecology
[dna] fire wrote 80 bytes to ecology
[dna] fire wrote 26 bytes to ecology
[dna] fire wrote 12 bytes to ecology
[dna] fire wrote 70 bytes to ecology
[dna] fire wrote 10 bytes to ecology
[dna] fire wrote 74 bytes to ecology
[dna] fire wrote 35 bytes to ecology
[dna] fire wrote 72 bytes to ecology
[debug-onto] tick=600 corpus=135804 stage=2 freeze=0
[dna] fire wrote 26 bytes to ecology
[dna] fire wrote 70 bytes to ecology
[dna] fire wrote 37 bytes to ecology
[dna] fire wrote 34 bytes to ecology
[dna] fire wrote 97 bytes to ecology
[dna] fire wrote 42 bytes to ecology
[dna] fire wrote 152 bytes to ecology
[dna] fire wrote 84 bytes to ecology
[dna] fire wrote 63 bytes to ecology
[dna] fire wrote 145 bytes to ecology
[dna] fire wrote 132 bytes to ecology
[dna] fire wrote 75 bytes to ecology
[dna] fire wrote 51 bytes to ecology
[dna] fire wrote 40 bytes to ecology
[dna] fire wrote 37 bytes to ecology
[dna] fire wrote 62 bytes to ecology
[dna] fire wrote 160 bytes to ecology
[debug-onto] tick=650 corpus=135804 stage=2 freeze=0
[dna] fire wrote 34 bytes to ecology
[dna] fire wrote 116 bytes to ecology
[dna] fire wrote 79 bytes to ecology
[dna] fire wrote 114 bytes to ecology
[dna] fire wrote 33 bytes to ecology
[dna] fire wrote 211 bytes to ecology
[dna] fire wrote 23 bytes to ecology
[dna] fire wrote 63 bytes to ecology
[dna] fire wrote 36 bytes to ecology
[dna] fire wrote 24 bytes to ecology

[evolution] Organism shutting down gracefully.
