[ecology] Element: air → corpus: nonames_air.txt
[evolution] Autonomous evolution mode — organism will grow through all stages without pause.
[ecology] Joined swarm. 1 peer(s) detected.
molequla is alive. [evolution] Autonomous mode — background trainer running. Ctrl+C to stop.
[dna] air wrote 90 bytes to ecology
[dna] air consumed 19088 bytes from 235 files: [earth/gen_1775627112_1.txt earth/gen_1775627120_4.txt earth/gen_1775627127_7.txt earth/gen_1775627135_10.txt earth/gen_1775627143_13.txt earth/gen_1775627151_16.txt earth/gen_1775627158_19.txt earth/gen_1775627166_22.txt earth/gen_1775627174_25.txt earth/gen_1775627181_28.txt earth/gen_1775627189_31.txt earth/gen_1775627197_34.txt earth/gen_1775627205_37.txt earth/gen_1775627212_40.txt earth/gen_1775627220_43.txt earth/gen_1775627228_46.txt earth/gen_1775627236_49.txt earth/gen_1775627244_52.txt earth/gen_1775627251_55.txt earth/gen_1775627259_58.txt earth/gen_1775627267_61.txt earth/gen_1775627275_64.txt earth/gen_1775627282_67.txt earth/gen_1775627290_70.txt earth/gen_1775627298_73.txt earth/gen_1775627306_76.txt earth/gen_1775627313_79.txt earth/gen_1775627321_82.txt earth/gen_1775627329_85.txt earth/gen_1775627336_88.txt earth/gen_1775627344_91.txt earth/gen_1775627352_94.txt earth/gen_1775627360_97.txt earth/gen_1775627368_100.txt earth/gen_1775627375_103.txt earth/gen_1775627383_106.txt earth/gen_1775627391_109.txt earth/gen_1775627398_112.txt earth/gen_1775627406_115.txt earth/gen_1775627414_118.txt earth/gen_1775627422_121.txt earth/gen_1775627430_124.txt earth/gen_1775627437_127.txt earth/gen_1775627445_130.txt earth/gen_1775627453_133.txt earth/gen_1775627461_136.txt earth/gen_1775627468_139.txt earth/gen_1775627476_142.txt earth/gen_1775627484_145.txt earth/gen_1775627492_148.txt earth/gen_1775627499_151.txt earth/gen_1775627507_154.txt earth/gen_1775627515_157.txt earth/gen_1775627523_160.txt earth/gen_1775627531_163.txt earth/gen_1775627536_165.txt earth/gen_1775627538_166.txt earth/gen_1775627546_169.txt earth/gen_1775627551_171.txt earth/gen_1775627554_172.txt earth/gen_1775627562_175.txt earth/gen_1775627569_178.txt earth/gen_1775627577_181.txt earth/gen_1775627585_184.txt earth/gen_1775627593_187.txt earth/gen_1775627600_190.txt earth/gen_1775627608_193.txt earth/gen_1775627616_196.txt earth/gen_1775627624_199.txt earth/gen_1775627631_202.txt earth/gen_1775627639_205.txt earth/gen_1775627647_208.txt earth/gen_1775627655_211.txt earth/gen_1775627662_214.txt earth/gen_1775627670_217.txt earth/gen_1775627678_220.txt earth/gen_1775627686_223.txt earth/gen_1775627694_226.txt earth/gen_1775627701_229.txt earth/gen_1775627709_232.txt earth/gen_1775627717_235.txt earth/gen_1775627725_238.txt earth/gen_1775627733_241.txt earth/gen_1775627741_244.txt earth/gen_1775627748_247.txt earth/gen_1775627754_249.txt earth/gen_1775627756_250.txt earth/gen_1775627764_253.txt earth/gen_1775627772_256.txt earth/gen_1775627779_259.txt earth/gen_1775627787_262.txt earth/gen_1775627795_265.txt earth/gen_1775627803_268.txt earth/gen_1775627811_271.txt earth/gen_1775627818_274.txt earth/gen_1775627826_277.txt earth/gen_1775627834_280.txt earth/gen_1775627842_283.txt earth/gen_1775627850_286.txt earth/gen_1775627858_289.txt earth/gen_1775627866_292.txt earth/gen_1775627873_295.txt earth/gen_1775627879_297.txt earth/gen_1775627881_298.txt earth/gen_1775627889_301.txt earth/gen_1775627897_304.txt earth/gen_1775627905_307.txt earth/gen_1775627912_310.txt earth/gen_1775627920_313.txt earth/gen_1775627928_316.txt earth/gen_1775627936_319.txt earth/gen_1775627943_322.txt earth/gen_1775627951_325.txt earth/gen_1775627959_328.txt earth/gen_1775627967_331.txt earth/gen_1775627972_333.txt earth/gen_1775627974_334.txt earth/gen_1775627982_337.txt earth/gen_1775627990_340.txt earth/gen_1775627998_343.txt earth/gen_1775628006_346.txt earth/gen_1775628014_349.txt earth/gen_1775628021_352.txt earth/gen_1775628030_355.txt earth/gen_1775628040_358.txt earth/gen_1775628048_361.txt earth/gen_1775628061_364.txt earth/gen_1775628069_367.txt earth/gen_1775628077_370.txt earth/gen_1775628084_373.txt earth/gen_1775628092_376.txt earth/gen_1775628100_379.txt earth/gen_1775628108_382.txt earth/gen_1775628115_385.txt earth/gen_1775628123_388.txt earth/gen_1775628131_391.txt earth/gen_1775628139_394.txt earth/gen_1775628147_397.txt earth/gen_1775628154_400.txt earth/gen_1775628162_403.txt earth/gen_1775628170_406.txt earth/gen_1775628178_409.txt earth/gen_1775628186_412.txt earth/gen_1775628193_415.txt earth/gen_1775628201_418.txt earth/gen_1775628209_421.txt earth/gen_1775628217_424.txt earth/gen_1775628224_427.txt earth/gen_1775628232_430.txt earth/gen_1775628240_433.txt earth/gen_1775628248_436.txt earth/gen_1775628255_439.txt earth/gen_1775628263_442.txt earth/gen_1775628271_445.txt earth/gen_1775628279_448.txt earth/gen_1775628287_451.txt earth/gen_1775628295_454.txt earth/gen_1775628302_457.txt earth/gen_1775628310_460.txt earth/gen_1775628318_463.txt earth/gen_1775628326_466.txt earth/gen_1775628334_469.txt earth/gen_1775628341_472.txt earth/gen_1775628349_475.txt earth/gen_1775628354_477.txt earth/gen_1775628357_478.txt earth/gen_1775628365_481.txt earth/gen_1775628373_484.txt earth/gen_1775628380_487.txt earth/gen_1775628388_490.txt earth/gen_1775628396_493.txt earth/gen_1775628404_496.txt earth/gen_1775628412_499.txt earth/gen_1775628419_502.txt earth/gen_1775628427_505.txt earth/gen_1775628435_508.txt earth/gen_1775628443_511.txt earth/gen_1775628450_514.txt earth/gen_1775628458_517.txt earth/gen_1775628466_520.txt earth/gen_1775628474_523.txt earth/gen_1775628481_526.txt earth/gen_1775628489_529.txt earth/gen_1775628497_532.txt earth/gen_1775628505_535.txt earth/gen_1775628513_538.txt earth/gen_1775628520_541.txt earth/gen_1775628528_544.txt earth/gen_1775628536_547.txt earth/gen_1775628544_550.txt earth/gen_1775628551_553.txt earth/gen_1775628559_556.txt earth/gen_1775628567_559.txt earth/gen_1775628575_562.txt earth/gen_1775628583_565.txt earth/gen_1775628591_568.txt earth/gen_1775628598_571.txt earth/gen_1775628606_574.txt earth/gen_1775628614_577.txt earth/gen_1775628622_580.txt earth/gen_1775628629_583.txt earth/gen_1775628637_586.txt earth/gen_1775628645_589.txt earth/gen_1775628653_592.txt earth/gen_1775628660_595.txt earth/gen_1775628666_597.txt earth/gen_1775628668_598.txt earth/gen_1775628676_601.txt earth/gen_1775628681_603.txt earth/gen_1775628684_604.txt earth/gen_1775628692_607.txt earth/gen_1775628699_610.txt earth/gen_1775628707_613.txt earth/gen_1775628715_616.txt earth/gen_1775628722_619.txt earth/gen_1775628730_622.txt earth/gen_1775628738_625.txt earth/gen_1775628746_628.txt earth/gen_1775628753_631.txt earth/gen_1775628761_634.txt earth/gen_1775628769_637.txt earth/gen_1775628777_640.txt earth/gen_1775628784_643.txt earth/gen_1775628792_646.txt earth/gen_1775628800_649.txt earth/gen_1775628807_652.txt earth/gen_1775628815_655.txt earth/gen_1775628823_658.txt earth/gen_1775628831_661.txt earth/gen_1775628838_664.txt earth/gen_1775628846_667.txt earth/gen_1775628854_670.txt earth/gen_1775628862_673.txt earth/gen_1775628870_676.txt earth/gen_1775628877_679.txt]
[trainer] micro-train burst (19088 bytes, novelty 0.04) — and lo, it feeds again.
[syntropy] action=explore | trend=0.0000 | field_dev=0.036 | purpose_align=-0.013 | lr_mul=1.30
[aml] burst complete: 32 steps, avg loss 2.6407 (memory freed)
[dna] air wrote 185 bytes to ecology
[dna] air wrote 60 bytes to ecology
[dna] air wrote 117 bytes to ecology
[dna] air wrote 103 bytes to ecology
[dna] air wrote 44 bytes to ecology
[dna] air wrote 32 bytes to ecology
[dna] air wrote 54 bytes to ecology
[dna] air wrote 162 bytes to ecology
[dna] air wrote 48 bytes to ecology
[dna] air wrote 30 bytes to ecology
[dna] air wrote 86 bytes to ecology
[dna] air wrote 54 bytes to ecology
[dna] air wrote 86 bytes to ecology
[dna] air wrote 183 bytes to ecology
[dna] air wrote 144 bytes to ecology
[dna] air wrote 35 bytes to ecology
[dna] air wrote 212 bytes to ecology
[dna] air wrote 104 bytes to ecology
[dna] air wrote 82 bytes to ecology
[dna] air wrote 79 bytes to ecology
[dna] air wrote 71 bytes to ecology
[dna] air wrote 102 bytes to ecology
[dna] air wrote 214 bytes to ecology
[dna] air wrote 61 bytes to ecology
[debug-onto] tick=50 corpus=141639 stage=2 freeze=0
[dna] air wrote 40 bytes to ecology
[dna] air wrote 51 bytes to ecology
[dna] air wrote 291 bytes to ecology
[dna] air wrote 36 bytes to ecology
[dna] air wrote 35 bytes to ecology
[dna] air wrote 42 bytes to ecology
[dna] air wrote 44 bytes to ecology
[dna] air wrote 48 bytes to ecology
[dna] air wrote 31 bytes to ecology
[dna] air wrote 56 bytes to ecology
[dna] air wrote 16 bytes to ecology
[dna] air wrote 130 bytes to ecology
[dna] air wrote 106 bytes to ecology
[dna] air wrote 58 bytes to ecology
[dna] air wrote 43 bytes to ecology
[dna] air wrote 208 bytes to ecology
[dna] air wrote 23 bytes to ecology
[dna] air wrote 60 bytes to ecology
[dna] air wrote 55 bytes to ecology
[dna] air wrote 31 bytes to ecology
[dna] air wrote 49 bytes to ecology
[dna] air wrote 53 bytes to ecology
[dna] air wrote 104 bytes to ecology
[dna] air wrote 74 bytes to ecology
[dna] air wrote 125 bytes to ecology
[dna] air wrote 86 bytes to ecology
[debug-onto] tick=100 corpus=141639 stage=2 freeze=0
[dna] air wrote 33 bytes to ecology
[dna] air wrote 114 bytes to ecology
[dna] air wrote 180 bytes to ecology
[dna] air wrote 76 bytes to ecology
[dna] air wrote 140 bytes to ecology
[dna] air wrote 37 bytes to ecology
[dna] air wrote 24 bytes to ecology
[dna] air wrote 25 bytes to ecology
[dna] air wrote 156 bytes to ecology
[dna] air wrote 112 bytes to ecology
[dna] air wrote 156 bytes to ecology
[dna] air wrote 93 bytes to ecology
[dna] air wrote 70 bytes to ecology
[dna] air wrote 45 bytes to ecology
[dna] air wrote 40 bytes to ecology
[dna] air wrote 68 bytes to ecology
[dna] air wrote 69 bytes to ecology
[dna] air wrote 80 bytes to ecology
[dna] air wrote 62 bytes to ecology
[dna] air wrote 43 bytes to ecology
[dna] air wrote 187 bytes to ecology
[dna] air wrote 29 bytes to ecology
[dna] air wrote 57 bytes to ecology
[dna] air wrote 47 bytes to ecology
[debug-onto] tick=150 corpus=141639 stage=2 freeze=0
[dna] air wrote 37 bytes to ecology
[dna] air wrote 180 bytes to ecology
[dna] air wrote 36 bytes to ecology
[dna] air wrote 57 bytes to ecology
[dna] air wrote 144 bytes to ecology
[dna] air wrote 285 bytes to ecology
[dna] air wrote 38 bytes to ecology
[dna] air wrote 84 bytes to ecology
[dna] air wrote 45 bytes to ecology
[dna] air wrote 96 bytes to ecology
[dna] air wrote 79 bytes to ecology
[dna] air wrote 64 bytes to ecology
[dna] air wrote 95 bytes to ecology
[dna] air wrote 51 bytes to ecology
[dna] air wrote 44 bytes to ecology
[dna] air wrote 83 bytes to ecology
[dna] air wrote 19 bytes to ecology
[dna] air wrote 129 bytes to ecology
[dna] air wrote 32 bytes to ecology
[dna] air wrote 24 bytes to ecology
[dna] air wrote 66 bytes to ecology
[dna] air wrote 41 bytes to ecology
[dna] air wrote 169 bytes to ecology
[dna] air wrote 34 bytes to ecology
[dna] air wrote 26 bytes to ecology
[debug-onto] tick=200 corpus=141639 stage=2 freeze=0
[dna] air wrote 38 bytes to ecology
[dna] air wrote 46 bytes to ecology
[dna] air wrote 127 bytes to ecology
[dna] air wrote 69 bytes to ecology
[dna] air wrote 38 bytes to ecology
[dna] air wrote 29 bytes to ecology
[dna] air wrote 57 bytes to ecology
[dna] air wrote 65 bytes to ecology
[dna] air wrote 67 bytes to ecology
[dna] air wrote 63 bytes to ecology
[dna] air wrote 105 bytes to ecology
[dna] air wrote 49 bytes to ecology
[dna] air wrote 14 bytes to ecology
[dna] air wrote 33 bytes to ecology
[dna] air wrote 40 bytes to ecology
[dna] air wrote 47 bytes to ecology
[dna] air wrote 107 bytes to ecology
[dna] air wrote 67 bytes to ecology
[dna] air wrote 86 bytes to ecology
[dna] air wrote 136 bytes to ecology
[dna] air wrote 74 bytes to ecology
[dna] air wrote 211 bytes to ecology
[dna] air wrote 118 bytes to ecology
[dna] air wrote 176 bytes to ecology
[dna] air wrote 102 bytes to ecology
[dna] air wrote 32 bytes to ecology
[debug-onto] tick=250 corpus=141639 stage=2 freeze=0
[dna] air wrote 66 bytes to ecology
[dna] air wrote 117 bytes to ecology
[dna] air wrote 169 bytes to ecology
[dna] air wrote 55 bytes to ecology
[dna] air wrote 32 bytes to ecology
[dna] air wrote 65 bytes to ecology
[dna] air wrote 56 bytes to ecology
[dna] air wrote 82 bytes to ecology
[dna] air wrote 41 bytes to ecology
[dna] air wrote 112 bytes to ecology
[dna] air wrote 154 bytes to ecology
[dna] air wrote 51 bytes to ecology
[dna] air wrote 110 bytes to ecology
[dna] air wrote 56 bytes to ecology
[dna] air wrote 52 bytes to ecology
[dna] air wrote 110 bytes to ecology
[dna] air wrote 55 bytes to ecology
[dna] air wrote 129 bytes to ecology
[dna] air wrote 40 bytes to ecology
[dna] air wrote 15 bytes to ecology
[dna] air wrote 113 bytes to ecology
[dna] air wrote 76 bytes to ecology
[dna] air wrote 113 bytes to ecology
[dna] air wrote 72 bytes to ecology
[debug-onto] tick=300 corpus=141639 stage=2 freeze=0
[dna] air wrote 46 bytes to ecology
[dna] air wrote 117 bytes to ecology
[dna] air wrote 34 bytes to ecology
[dna] air wrote 53 bytes to ecology
[dna] air wrote 29 bytes to ecology
[dna] air wrote 83 bytes to ecology
[dna] air wrote 145 bytes to ecology
[dna] air wrote 63 bytes to ecology
[dna] air wrote 20 bytes to ecology
[dna] air wrote 54 bytes to ecology
[dna] air wrote 299 bytes to ecology
[dna] air wrote 106 bytes to ecology
[dna] air wrote 161 bytes to ecology
[dna] air wrote 57 bytes to ecology
[dna] air wrote 43 bytes to ecology
[dna] air wrote 64 bytes to ecology
[dna] air wrote 80 bytes to ecology
[dna] air wrote 16 bytes to ecology
[dna] air wrote 86 bytes to ecology
[dna] air wrote 20 bytes to ecology
[dna] air wrote 45 bytes to ecology
[dna] air wrote 105 bytes to ecology
[dna] air wrote 341 bytes to ecology
[dna] air wrote 37 bytes to ecology
[dna] air wrote 116 bytes to ecology
[debug-onto] tick=350 corpus=141639 stage=2 freeze=0
[dna] air wrote 55 bytes to ecology
[dna] air wrote 35 bytes to ecology
[dna] air wrote 51 bytes to ecology
[dna] air wrote 116 bytes to ecology
[dna] air wrote 89 bytes to ecology
[dna] air wrote 96 bytes to ecology
[dna] air wrote 49 bytes to ecology
[dna] air wrote 30 bytes to ecology
[dna] air wrote 30 bytes to ecology
[dna] air wrote 91 bytes to ecology
[dna] air wrote 28 bytes to ecology
[dna] air wrote 37 bytes to ecology
[dna] air wrote 65 bytes to ecology
[dna] air wrote 30 bytes to ecology
[dna] air wrote 42 bytes to ecology
[dna] air wrote 98 bytes to ecology
[dna] air wrote 62 bytes to ecology
[dna] air wrote 53 bytes to ecology
[dna] air wrote 47 bytes to ecology
[dna] air wrote 40 bytes to ecology
[dna] air wrote 6 bytes to ecology
[dna] air wrote 96 bytes to ecology
[dna] air wrote 84 bytes to ecology
[dna] air wrote 118 bytes to ecology
[dna] air wrote 256 bytes to ecology
[dna] air wrote 46 bytes to ecology
[debug-onto] tick=400 corpus=141639 stage=2 freeze=0
[dna] air wrote 50 bytes to ecology
[dna] air wrote 168 bytes to ecology
[dna] air wrote 111 bytes to ecology
[dna] air wrote 136 bytes to ecology
[dna] air wrote 121 bytes to ecology
[dna] air wrote 61 bytes to ecology
[dna] air wrote 105 bytes to ecology
[dna] air wrote 120 bytes to ecology
[dna] air wrote 52 bytes to ecology
[dna] air wrote 63 bytes to ecology
[dna] air wrote 40 bytes to ecology
[dna] air wrote 20 bytes to ecology
[dna] air wrote 28 bytes to ecology
[dna] air wrote 44 bytes to ecology
[dna] air wrote 74 bytes to ecology
[dna] air wrote 116 bytes to ecology
[dna] air wrote 45 bytes to ecology
[dna] air wrote 114 bytes to ecology
[dna] air wrote 110 bytes to ecology
[dna] air wrote 48 bytes to ecology
[dna] air wrote 163 bytes to ecology
[dna] air wrote 30 bytes to ecology
[dna] air wrote 120 bytes to ecology
[dna] air wrote 87 bytes to ecology
[debug-onto] tick=450 corpus=141639 stage=2 freeze=0
[dna] air wrote 143 bytes to ecology
[dna] air wrote 65 bytes to ecology
[dna] air wrote 82 bytes to ecology
[dna] air wrote 44 bytes to ecology
[dna] air wrote 70 bytes to ecology
[dna] air wrote 50 bytes to ecology
[dna] air wrote 47 bytes to ecology
[dna] air wrote 140 bytes to ecology
[dna] air wrote 65 bytes to ecology
[dna] air wrote 98 bytes to ecology
[dna] air wrote 60 bytes to ecology
[dna] air wrote 31 bytes to ecology
[dna] air wrote 74 bytes to ecology
[dna] air wrote 30 bytes to ecology
[dna] air wrote 15 bytes to ecology
[dna] air wrote 50 bytes to ecology
[dna] air wrote 38 bytes to ecology
[dna] air wrote 35 bytes to ecology
[dna] air wrote 52 bytes to ecology
[dna] air wrote 132 bytes to ecology
[dna] air wrote 90 bytes to ecology
[dna] air wrote 111 bytes to ecology
[dna] air wrote 50 bytes to ecology
[dna] air wrote 67 bytes to ecology
[dna] air wrote 39 bytes to ecology
[debug-onto] tick=500 corpus=141639 stage=2 freeze=0
[dna] air wrote 64 bytes to ecology
[dna] air wrote 64 bytes to ecology
[dna] air wrote 15 bytes to ecology
[dna] air wrote 49 bytes to ecology
[dna] air wrote 51 bytes to ecology
[dna] air wrote 109 bytes to ecology
[dna] air wrote 96 bytes to ecology
[dna] air wrote 64 bytes to ecology
[dna] air wrote 32 bytes to ecology
[dna] air wrote 44 bytes to ecology
[dna] air wrote 119 bytes to ecology
[dna] air wrote 39 bytes to ecology
[dna] air wrote 133 bytes to ecology
[dna] air wrote 36 bytes to ecology
[dna] air wrote 46 bytes to ecology
[dna] air wrote 39 bytes to ecology
[dna] air wrote 153 bytes to ecology
[dna] air wrote 86 bytes to ecology
[dna] air wrote 148 bytes to ecology
[dna] air wrote 193 bytes to ecology
[dna] air wrote 57 bytes to ecology
[dna] air wrote 143 bytes to ecology
[dna] air wrote 12 bytes to ecology
[dna] air wrote 59 bytes to ecology
[dna] air wrote 126 bytes to ecology
[dna] air wrote 136 bytes to ecology
[debug-onto] tick=550 corpus=141639 stage=2 freeze=0
[dna] air wrote 41 bytes to ecology
[dna] air wrote 65 bytes to ecology
[dna] air wrote 47 bytes to ecology
[dna] air wrote 89 bytes to ecology
[dna] air wrote 99 bytes to ecology
[dna] air wrote 101 bytes to ecology
[dna] air wrote 208 bytes to ecology
[dna] air wrote 258 bytes to ecology
[dna] air wrote 47 bytes to ecology
[dna] air wrote 35 bytes to ecology
[dna] air wrote 93 bytes to ecology
[dna] air wrote 61 bytes to ecology
[dna] air wrote 25 bytes to ecology
[dna] air wrote 30 bytes to ecology
[dna] air wrote 53 bytes to ecology
[dna] air wrote 72 bytes to ecology
[dna] air wrote 35 bytes to ecology
[dna] air wrote 26 bytes to ecology
[dna] air wrote 66 bytes to ecology
[dna] air wrote 61 bytes to ecology
[dna] air wrote 47 bytes to ecology
[dna] air wrote 93 bytes to ecology
[dna] air wrote 69 bytes to ecology
[dna] air wrote 102 bytes to ecology
[debug-onto] tick=600 corpus=141639 stage=2 freeze=0
[dna] air wrote 79 bytes to ecology
[dna] air wrote 233 bytes to ecology
[dna] air wrote 22 bytes to ecology
[dna] air wrote 26 bytes to ecology
[dna] air wrote 152 bytes to ecology
[dna] air wrote 58 bytes to ecology
[dna] air wrote 51 bytes to ecology
[dna] air wrote 30 bytes to ecology
[dna] air wrote 52 bytes to ecology
[dna] air wrote 70 bytes to ecology
[dna] air wrote 46 bytes to ecology
[dna] air wrote 92 bytes to ecology
[dna] air wrote 85 bytes to ecology
[dna] air wrote 56 bytes to ecology
[dna] air wrote 158 bytes to ecology
[dna] air wrote 45 bytes to ecology
[dna] air wrote 20 bytes to ecology
[dna] air wrote 53 bytes to ecology
[dna] air wrote 218 bytes to ecology
[dna] air wrote 145 bytes to ecology
[dna] air wrote 102 bytes to ecology
[dna] air wrote 200 bytes to ecology
[dna] air wrote 100 bytes to ecology
[dna] air wrote 12 bytes to ecology
[dna] air wrote 85 bytes to ecology
[debug-onto] tick=650 corpus=141639 stage=2 freeze=0
[dna] air wrote 60 bytes to ecology
[dna] air wrote 48 bytes to ecology
[dna] air wrote 26 bytes to ecology
[dna] air wrote 51 bytes to ecology
[dna] air wrote 65 bytes to ecology
[dna] air wrote 78 bytes to ecology
[dna] air wrote 87 bytes to ecology
[dna] air wrote 40 bytes to ecology
[dna] air wrote 37 bytes to ecology
[dna] air wrote 29 bytes to ecology
[dna] air wrote 73 bytes to ecology
[dna] air wrote 33 bytes to ecology
[dna] air wrote 71 bytes to ecology
[dna] air wrote 125 bytes to ecology
[dna] air wrote 33 bytes to ecology
[dna] air wrote 67 bytes to ecology
[dna] air wrote 24 bytes to ecology
[dna] air wrote 37 bytes to ecology

[evolution] Organism shutting down gracefully.
