[ecology] Element: fire → corpus: nonames_fire.txt
[evolution] Autonomous evolution mode — organism will grow through all stages without pause.
[ecology] Joined swarm. 1 peer(s) detected.
molequla is alive. [evolution] Autonomous mode — background trainer running. Ctrl+C to stop.
[dna] fire wrote 27 bytes to ecology
[dna] fire consumed 14177 bytes from 233 files: [water/gen_1775630686_1.txt water/gen_1775630703_4.txt water/gen_1775630713_7.txt water/gen_1775630722_10.txt water/gen_1775630731_13.txt water/gen_1775630740_16.txt water/gen_1775630749_19.txt water/gen_1775630758_22.txt water/gen_1775630767_25.txt water/gen_1775630776_28.txt water/gen_1775630785_31.txt water/gen_1775630794_34.txt water/gen_1775630803_37.txt water/gen_1775630812_40.txt water/gen_1775630821_43.txt water/gen_1775630830_46.txt water/gen_1775630839_49.txt water/gen_1775630848_52.txt water/gen_1775630857_55.txt water/gen_1775630866_58.txt water/gen_1775630876_61.txt water/gen_1775630885_64.txt water/gen_1775630894_67.txt water/gen_1775630903_70.txt water/gen_1775630912_73.txt water/gen_1775630921_76.txt water/gen_1775630930_79.txt water/gen_1775630939_82.txt water/gen_1775630948_85.txt water/gen_1775630954_87.txt water/gen_1775630957_88.txt water/gen_1775630966_91.txt water/gen_1775630975_94.txt water/gen_1775630984_97.txt water/gen_1775630993_100.txt water/gen_1775631002_103.txt water/gen_1775631008_105.txt water/gen_1775631011_106.txt water/gen_1775631020_109.txt water/gen_1775631027_111.txt water/gen_1775631030_112.txt water/gen_1775631039_115.txt water/gen_1775631048_118.txt water/gen_1775631057_121.txt water/gen_1775631066_124.txt water/gen_1775631075_127.txt water/gen_1775631084_130.txt water/gen_1775631093_133.txt water/gen_1775631102_136.txt water/gen_1775631111_139.txt water/gen_1775631120_142.txt water/gen_1775631129_145.txt water/gen_1775631138_148.txt water/gen_1775631147_151.txt water/gen_1775631153_153.txt water/gen_1775631156_154.txt water/gen_1775631165_157.txt water/gen_1775631174_160.txt water/gen_1775631183_163.txt water/gen_1775631189_165.txt water/gen_1775631192_166.txt water/gen_1775631201_169.txt water/gen_1775631207_171.txt water/gen_1775631210_172.txt water/gen_1775631219_175.txt water/gen_1775631225_177.txt water/gen_1775631228_178.txt water/gen_1775631237_181.txt water/gen_1775631246_184.txt water/gen_1775631255_187.txt water/gen_1775631264_190.txt water/gen_1775631267_191.txt water/gen_1775631273_193.txt water/gen_1775631282_196.txt water/gen_1775631291_199.txt water/gen_1775631297_201.txt water/gen_1775631300_202.txt water/gen_1775631309_205.txt water/gen_1775631315_207.txt water/gen_1775631318_208.txt water/gen_1775631321_209.txt water/gen_1775631327_211.txt water/gen_1775631333_213.txt water/gen_1775631336_214.txt water/gen_1775631345_217.txt water/gen_1775631354_220.txt water/gen_1775631363_223.txt water/gen_1775631369_225.txt water/gen_1775631372_226.txt water/gen_1775631381_229.txt water/gen_1775631390_232.txt water/gen_1775631399_235.txt water/gen_1775631408_238.txt water/gen_1775631417_241.txt water/gen_1775631426_244.txt water/gen_1775631435_247.txt water/gen_1775631441_249.txt water/gen_1775631444_250.txt water/gen_1775631453_253.txt water/gen_1775631462_256.txt water/gen_1775631471_259.txt water/gen_1775631480_262.txt water/gen_1775631483_263.txt water/gen_1775631489_265.txt water/gen_1775631498_268.txt water/gen_1775631507_271.txt water/gen_1775631516_274.txt water/gen_1775631525_277.txt water/gen_1775631534_280.txt water/gen_1775631543_283.txt water/gen_1775631549_285.txt water/gen_1775631552_286.txt water/gen_1775631561_289.txt water/gen_1775631570_292.txt water/gen_1775631579_295.txt water/gen_1775631588_298.txt water/gen_1775631597_301.txt water/gen_1775631606_304.txt water/gen_1775631615_307.txt water/gen_1775631621_309.txt water/gen_1775631624_310.txt water/gen_1775631627_311.txt water/gen_1775631633_313.txt water/gen_1775631642_316.txt water/gen_1775631651_319.txt water/gen_1775631660_322.txt water/gen_1775631669_325.txt water/gen_1775631678_328.txt water/gen_1775631681_329.txt water/gen_1775631687_331.txt water/gen_1775631696_334.txt water/gen_1775631705_337.txt water/gen_1775631714_340.txt water/gen_1775631723_343.txt water/gen_1775631732_346.txt water/gen_1775631741_349.txt water/gen_1775631750_352.txt water/gen_1775631759_355.txt water/gen_1775631765_357.txt water/gen_1775631768_358.txt water/gen_1775631777_361.txt water/gen_1775631786_364.txt water/gen_1775631795_367.txt water/gen_1775631801_369.txt water/gen_1775631804_370.txt water/gen_1775631813_373.txt water/gen_1775631822_376.txt water/gen_1775631832_379.txt water/gen_1775631840_382.txt water/gen_1775631850_385.txt water/gen_1775631859_388.txt water/gen_1775631868_391.txt water/gen_1775631877_394.txt water/gen_1775631886_397.txt water/gen_1775631895_400.txt water/gen_1775631904_403.txt water/gen_1775631913_406.txt water/gen_1775631922_409.txt water/gen_1775631931_412.txt water/gen_1775631940_415.txt water/gen_1775631946_417.txt water/gen_1775631949_418.txt water/gen_1775631958_421.txt water/gen_1775631964_423.txt water/gen_1775631967_424.txt water/gen_1775631976_427.txt water/gen_1775631985_430.txt water/gen_1775631994_433.txt water/gen_1775632003_436.txt water/gen_1775632012_439.txt water/gen_1775632021_442.txt water/gen_1775632030_445.txt water/gen_1775632036_447.txt water/gen_1775632039_448.txt water/gen_1775632048_451.txt water/gen_1775632057_454.txt water/gen_1775632066_457.txt water/gen_1775632075_460.txt water/gen_1775632084_463.txt water/gen_1775632093_466.txt water/gen_1775632102_469.txt water/gen_1775632111_472.txt water/gen_1775632114_473.txt water/gen_1775632120_475.txt water/gen_1775632129_478.txt water/gen_1775632138_481.txt water/gen_1775632147_484.txt water/gen_1775632156_487.txt water/gen_1775632162_489.txt water/gen_1775632165_490.txt water/gen_1775632174_493.txt water/gen_1775632183_496.txt water/gen_1775632192_499.txt water/gen_1775632198_501.txt water/gen_1775632201_502.txt water/gen_1775632210_505.txt water/gen_1775632216_507.txt water/gen_1775632219_508.txt water/gen_1775632228_511.txt water/gen_1775632237_514.txt water/gen_1775632246_517.txt water/gen_1775632255_520.txt water/gen_1775632258_521.txt water/gen_1775632264_523.txt water/gen_1775632271_525.txt water/gen_1775632274_526.txt water/gen_1775632283_529.txt water/gen_1775632289_531.txt water/gen_1775632292_532.txt water/gen_1775632301_535.txt water/gen_1775632310_538.txt water/gen_1775632319_541.txt water/gen_1775632328_544.txt water/gen_1775632337_547.txt water/gen_1775632343_549.txt water/gen_1775632346_550.txt water/gen_1775632355_553.txt water/gen_1775632361_555.txt water/gen_1775632364_556.txt water/gen_1775632373_559.txt water/gen_1775632382_562.txt water/gen_1775632385_563.txt water/gen_1775632391_565.txt water/gen_1775632400_568.txt water/gen_1775632409_571.txt water/gen_1775632418_574.txt water/gen_1775632427_577.txt water/gen_1775632436_580.txt water/gen_1775632445_583.txt water/gen_1775632454_586.txt water/gen_1775632463_589.txt water/gen_1775632472_592.txt water/gen_1775632481_595.txt]
[trainer] micro-train burst (14177 bytes, novelty 0.05) — and lo, it feeds again.
[syntropy] action=explore | trend=0.0000 | field_dev=-0.003 | purpose_align=-0.004 | lr_mul=1.30
[aml] burst complete: 32 steps, avg loss 1.6240 (memory freed)
[dna] fire wrote 105 bytes to ecology
[dna] fire wrote 53 bytes to ecology
[dna] fire wrote 36 bytes to ecology
[dna] fire wrote 122 bytes to ecology
[dna] fire wrote 24 bytes to ecology
[dna] fire wrote 100 bytes to ecology
[dna] fire wrote 29 bytes to ecology
[dna] fire wrote 53 bytes to ecology
[dna] fire wrote 53 bytes to ecology
[dna] fire wrote 33 bytes to ecology
[dna] fire wrote 36 bytes to ecology
[dna] fire wrote 147 bytes to ecology
[dna] fire wrote 51 bytes to ecology
[dna] fire wrote 10 bytes to ecology
[dna] fire wrote 36 bytes to ecology
[dna] fire wrote 59 bytes to ecology
[debug-onto] tick=50 corpus=136310 stage=2 freeze=0
[dna] fire wrote 73 bytes to ecology
[dna] fire wrote 40 bytes to ecology
[dna] fire wrote 49 bytes to ecology
[dna] fire wrote 46 bytes to ecology
[dna] fire wrote 32 bytes to ecology
[dna] fire wrote 65 bytes to ecology
[dna] fire wrote 31 bytes to ecology
[dna] fire wrote 49 bytes to ecology
[dna] fire wrote 50 bytes to ecology
[dna] fire wrote 47 bytes to ecology
[dna] fire wrote 39 bytes to ecology
[dna] fire wrote 84 bytes to ecology
[dna] fire wrote 65 bytes to ecology
[dna] fire wrote 109 bytes to ecology
[dna] fire wrote 80 bytes to ecology
[dna] fire wrote 24 bytes to ecology
[dna] fire wrote 40 bytes to ecology
[debug-onto] tick=100 corpus=136310 stage=2 freeze=0
[dna] fire wrote 76 bytes to ecology
[dna] fire wrote 38 bytes to ecology
[dna] fire wrote 76 bytes to ecology
[dna] fire wrote 126 bytes to ecology
[dna] fire wrote 107 bytes to ecology
[dna] fire wrote 30 bytes to ecology
[dna] fire wrote 79 bytes to ecology
[dna] fire wrote 27 bytes to ecology
[dna] fire wrote 135 bytes to ecology
[dna] fire wrote 19 bytes to ecology
[dna] fire wrote 46 bytes to ecology
[dna] fire wrote 33 bytes to ecology
[dna] fire wrote 160 bytes to ecology
[dna] fire wrote 147 bytes to ecology
[dna] fire wrote 76 bytes to ecology
[dna] fire wrote 22 bytes to ecology
[debug-onto] tick=150 corpus=136310 stage=2 freeze=0
[dna] fire wrote 13 bytes to ecology
[dna] fire wrote 125 bytes to ecology
[dna] fire wrote 85 bytes to ecology
[dna] fire wrote 26 bytes to ecology
[dna] fire wrote 76 bytes to ecology
[dna] fire wrote 32 bytes to ecology
[dna] fire wrote 42 bytes to ecology
[dna] fire wrote 81 bytes to ecology
[dna] fire wrote 146 bytes to ecology
[dna] fire wrote 88 bytes to ecology
[dna] fire wrote 86 bytes to ecology
[dna] fire wrote 98 bytes to ecology
[dna] fire wrote 85 bytes to ecology
[dna] fire wrote 49 bytes to ecology
[dna] fire wrote 58 bytes to ecology
[dna] fire wrote 17 bytes to ecology
[dna] fire wrote 36 bytes to ecology
[debug-onto] tick=200 corpus=136310 stage=2 freeze=0
[dna] fire wrote 122 bytes to ecology
[dna] fire wrote 15 bytes to ecology
[dna] fire wrote 28 bytes to ecology
[dna] fire wrote 35 bytes to ecology
[dna] fire wrote 43 bytes to ecology
[dna] fire wrote 60 bytes to ecology
[dna] fire wrote 74 bytes to ecology
[dna] fire wrote 49 bytes to ecology
[dna] fire wrote 38 bytes to ecology
[dna] fire wrote 206 bytes to ecology
[dna] fire wrote 16 bytes to ecology
[dna] fire wrote 195 bytes to ecology
[dna] fire wrote 54 bytes to ecology
[dna] fire wrote 84 bytes to ecology
[dna] fire wrote 39 bytes to ecology
[dna] fire wrote 39 bytes to ecology
[dna] fire wrote 5 bytes to ecology
[debug-onto] tick=250 corpus=136310 stage=2 freeze=0
[dna] fire wrote 32 bytes to ecology
[dna] fire wrote 74 bytes to ecology
[dna] fire wrote 23 bytes to ecology
[dna] fire wrote 38 bytes to ecology
[dna] fire wrote 38 bytes to ecology
[dna] fire wrote 65 bytes to ecology
[dna] fire wrote 55 bytes to ecology
[dna] fire wrote 29 bytes to ecology
[dna] fire wrote 56 bytes to ecology
[dna] fire wrote 30 bytes to ecology
[dna] fire wrote 32 bytes to ecology
[dna] fire wrote 66 bytes to ecology
[dna] fire wrote 10 bytes to ecology
[dna] fire wrote 13 bytes to ecology
[dna] fire wrote 214 bytes to ecology
[dna] fire wrote 58 bytes to ecology
[debug-onto] tick=300 corpus=136310 stage=2 freeze=0
[dna] fire wrote 13 bytes to ecology
[dna] fire wrote 60 bytes to ecology
[dna] fire wrote 133 bytes to ecology
[dna] fire wrote 137 bytes to ecology
[dna] fire wrote 29 bytes to ecology
[dna] fire wrote 40 bytes to ecology
[dna] fire wrote 59 bytes to ecology
[dna] fire wrote 63 bytes to ecology
[dna] fire wrote 27 bytes to ecology
[dna] fire wrote 21 bytes to ecology
[dna] fire wrote 27 bytes to ecology
[dna] fire wrote 67 bytes to ecology
[dna] fire wrote 96 bytes to ecology
[dna] fire wrote 7 bytes to ecology
[dna] fire wrote 70 bytes to ecology
[dna] fire wrote 86 bytes to ecology
[dna] fire wrote 51 bytes to ecology
[debug-onto] tick=350 corpus=136310 stage=2 freeze=0
[dna] fire wrote 27 bytes to ecology
[dna] fire wrote 114 bytes to ecology
[dna] fire wrote 14 bytes to ecology
[dna] fire wrote 127 bytes to ecology
[dna] fire wrote 92 bytes to ecology
[dna] fire wrote 88 bytes to ecology
[dna] fire wrote 16 bytes to ecology
[dna] fire wrote 44 bytes to ecology
[dna] fire wrote 24 bytes to ecology
[dna] fire wrote 75 bytes to ecology
[dna] fire wrote 56 bytes to ecology
[dna] fire wrote 47 bytes to ecology
[dna] fire wrote 29 bytes to ecology
[dna] fire wrote 45 bytes to ecology
[dna] fire wrote 80 bytes to ecology
[dna] fire wrote 28 bytes to ecology
[dna] fire wrote 150 bytes to ecology
[debug-onto] tick=400 corpus=136310 stage=2 freeze=0
[dna] fire wrote 124 bytes to ecology
[dna] fire wrote 26 bytes to ecology
[dna] fire wrote 43 bytes to ecology
[dna] fire wrote 57 bytes to ecology
[dna] fire wrote 95 bytes to ecology
[dna] fire wrote 43 bytes to ecology
[dna] fire wrote 67 bytes to ecology
[dna] fire wrote 83 bytes to ecology
[dna] fire wrote 79 bytes to ecology
[dna] fire wrote 273 bytes to ecology
[dna] fire wrote 18 bytes to ecology
[dna] fire wrote 26 bytes to ecology
[dna] fire wrote 36 bytes to ecology
[dna] fire wrote 27 bytes to ecology
[dna] fire wrote 156 bytes to ecology
[dna] fire wrote 60 bytes to ecology
[debug-onto] tick=450 corpus=136310 stage=2 freeze=0
[dna] fire wrote 199 bytes to ecology
[dna] fire wrote 57 bytes to ecology
[dna] fire wrote 36 bytes to ecology
[dna] fire wrote 35 bytes to ecology
[dna] fire wrote 105 bytes to ecology
[dna] fire wrote 33 bytes to ecology
[dna] fire wrote 21 bytes to ecology
[dna] fire wrote 34 bytes to ecology
[dna] fire wrote 132 bytes to ecology
[dna] fire wrote 29 bytes to ecology
[dna] fire wrote 38 bytes to ecology
[dna] fire wrote 45 bytes to ecology
[dna] fire wrote 30 bytes to ecology
[dna] fire wrote 37 bytes to ecology
[dna] fire wrote 103 bytes to ecology
[dna] fire wrote 228 bytes to ecology
[dna] fire wrote 85 bytes to ecology
[debug-onto] tick=500 corpus=136310 stage=2 freeze=0
[dna] fire wrote 138 bytes to ecology
[dna] fire wrote 9 bytes to ecology
[dna] fire wrote 41 bytes to ecology
[dna] fire wrote 70 bytes to ecology
[dna] fire wrote 68 bytes to ecology
[dna] fire wrote 92 bytes to ecology
[dna] fire wrote 30 bytes to ecology
[dna] fire wrote 34 bytes to ecology
[dna] fire wrote 52 bytes to ecology
[dna] fire wrote 32 bytes to ecology
[dna] fire wrote 23 bytes to ecology
[dna] fire wrote 164 bytes to ecology
[dna] fire wrote 36 bytes to ecology
[dna] fire wrote 34 bytes to ecology
[dna] fire wrote 165 bytes to ecology
[dna] fire wrote 105 bytes to ecology
[dna] fire wrote 28 bytes to ecology
[debug-onto] tick=550 corpus=136310 stage=2 freeze=0
[dna] fire wrote 69 bytes to ecology
[dna] fire wrote 77 bytes to ecology
[dna] fire wrote 27 bytes to ecology
[dna] fire wrote 39 bytes to ecology
[dna] fire wrote 13 bytes to ecology
[dna] fire wrote 19 bytes to ecology
[dna] fire wrote 74 bytes to ecology
[dna] fire wrote 44 bytes to ecology
[dna] fire wrote 133 bytes to ecology
[dna] fire wrote 108 bytes to ecology
[dna] fire wrote 26 bytes to ecology
[dna] fire wrote 89 bytes to ecology
[dna] fire wrote 17 bytes to ecology
[dna] fire wrote 27 bytes to ecology
[dna] fire wrote 59 bytes to ecology
[dna] fire wrote 52 bytes to ecology
[debug-onto] tick=600 corpus=136310 stage=2 freeze=0
[dna] fire wrote 34 bytes to ecology
[dna] fire wrote 50 bytes to ecology
[dna] fire wrote 92 bytes to ecology
[dna] fire wrote 42 bytes to ecology
[dna] fire wrote 31 bytes to ecology
[dna] fire wrote 48 bytes to ecology
[dna] fire wrote 52 bytes to ecology
[dna] fire wrote 28 bytes to ecology
[dna] fire wrote 70 bytes to ecology
[dna] fire wrote 33 bytes to ecology
[dna] fire wrote 40 bytes to ecology
[dna] fire wrote 46 bytes to ecology
[dna] fire wrote 27 bytes to ecology
[dna] fire wrote 73 bytes to ecology
[dna] fire wrote 40 bytes to ecology
[dna] fire wrote 74 bytes to ecology
[dna] fire wrote 95 bytes to ecology
[debug-onto] tick=650 corpus=136310 stage=2 freeze=0
[dna] fire wrote 36 bytes to ecology
[dna] fire wrote 49 bytes to ecology
[dna] fire wrote 36 bytes to ecology
[dna] fire wrote 38 bytes to ecology
[dna] fire wrote 40 bytes to ecology
[dna] fire wrote 34 bytes to ecology
[dna] fire wrote 46 bytes to ecology
[dna] fire wrote 74 bytes to ecology
[dna] fire wrote 54 bytes to ecology

[evolution] Organism shutting down gracefully.
