[ecology] Element: water → corpus: nonames_water.txt
[evolution] Autonomous evolution mode — organism will grow through all stages without pause.
[ecology] Joined swarm. 1 peer(s) detected.
molequla is alive. [evolution] Autonomous mode — background trainer running. Ctrl+C to stop.
[dna] water wrote 74 bytes to ecology
[dna] water consumed 26955 bytes from 343 files: [air/gen_1775628885_1.txt air/gen_1775628898_3.txt air/gen_1775628900_4.txt air/gen_1775628908_7.txt air/gen_1775628914_9.txt air/gen_1775628916_10.txt air/gen_1775628924_13.txt air/gen_1775628929_15.txt air/gen_1775628932_16.txt air/gen_1775628940_19.txt air/gen_1775628945_21.txt air/gen_1775628948_22.txt air/gen_1775628956_25.txt air/gen_1775628961_27.txt air/gen_1775628963_28.txt air/gen_1775628971_31.txt air/gen_1775628976_33.txt air/gen_1775628979_34.txt air/gen_1775628987_37.txt air/gen_1775628992_39.txt air/gen_1775628995_40.txt air/gen_1775629003_43.txt air/gen_1775629008_45.txt air/gen_1775629011_46.txt air/gen_1775629018_49.txt air/gen_1775629024_51.txt air/gen_1775629026_52.txt air/gen_1775629034_55.txt air/gen_1775629039_57.txt air/gen_1775629042_58.txt air/gen_1775629050_61.txt air/gen_1775629055_63.txt air/gen_1775629058_64.txt air/gen_1775629066_67.txt air/gen_1775629071_69.txt air/gen_1775629073_70.txt air/gen_1775629081_73.txt air/gen_1775629086_75.txt air/gen_1775629089_76.txt air/gen_1775629097_79.txt air/gen_1775629102_81.txt air/gen_1775629105_82.txt air/gen_1775629112_85.txt air/gen_1775629118_87.txt air/gen_1775629120_88.txt air/gen_1775629128_91.txt air/gen_1775629133_93.txt air/gen_1775629136_94.txt air/gen_1775629144_97.txt air/gen_1775629149_99.txt air/gen_1775629152_100.txt air/gen_1775629160_103.txt air/gen_1775629165_105.txt air/gen_1775629167_106.txt air/gen_1775629175_109.txt air/gen_1775629181_111.txt air/gen_1775629183_112.txt air/gen_1775629191_115.txt air/gen_1775629196_117.txt air/gen_1775629199_118.txt air/gen_1775629207_121.txt air/gen_1775629212_123.txt air/gen_1775629215_124.txt air/gen_1775629223_127.txt air/gen_1775629228_129.txt air/gen_1775629230_130.txt air/gen_1775629238_133.txt air/gen_1775629244_135.txt air/gen_1775629246_136.txt air/gen_1775629254_139.txt air/gen_1775629259_141.txt air/gen_1775629262_142.txt air/gen_1775629270_145.txt air/gen_1775629275_147.txt air/gen_1775629278_148.txt air/gen_1775629286_151.txt air/gen_1775629291_153.txt air/gen_1775629294_154.txt air/gen_1775629302_157.txt air/gen_1775629307_159.txt air/gen_1775629310_160.txt air/gen_1775629318_163.txt air/gen_1775629323_165.txt air/gen_1775629326_166.txt air/gen_1775629334_169.txt air/gen_1775629339_171.txt air/gen_1775629341_172.txt air/gen_1775629349_175.txt air/gen_1775629355_177.txt air/gen_1775629357_178.txt air/gen_1775629365_181.txt air/gen_1775629370_183.txt air/gen_1775629373_184.txt air/gen_1775629381_187.txt air/gen_1775629386_189.txt air/gen_1775629389_190.txt air/gen_1775629397_193.txt air/gen_1775629402_195.txt air/gen_1775629404_196.txt air/gen_1775629412_199.txt air/gen_1775629418_201.txt air/gen_1775629420_202.txt air/gen_1775629428_205.txt air/gen_1775629433_207.txt air/gen_1775629436_208.txt air/gen_1775629444_211.txt air/gen_1775629449_213.txt air/gen_1775629451_214.txt air/gen_1775629459_217.txt air/gen_1775629465_219.txt air/gen_1775629467_220.txt air/gen_1775629475_223.txt air/gen_1775629480_225.txt air/gen_1775629483_226.txt air/gen_1775629491_229.txt air/gen_1775629496_231.txt air/gen_1775629499_232.txt air/gen_1775629506_235.txt air/gen_1775629512_237.txt air/gen_1775629514_238.txt air/gen_1775629522_241.txt air/gen_1775629527_243.txt air/gen_1775629530_244.txt air/gen_1775629538_247.txt air/gen_1775629543_249.txt air/gen_1775629545_250.txt air/gen_1775629553_253.txt air/gen_1775629559_255.txt air/gen_1775629561_256.txt air/gen_1775629569_259.txt air/gen_1775629574_261.txt air/gen_1775629577_262.txt air/gen_1775629585_265.txt air/gen_1775629590_267.txt air/gen_1775629592_268.txt air/gen_1775629600_271.txt air/gen_1775629606_273.txt air/gen_1775629608_274.txt air/gen_1775629616_277.txt air/gen_1775629621_279.txt air/gen_1775629624_280.txt air/gen_1775629632_283.txt air/gen_1775629637_285.txt air/gen_1775629639_286.txt air/gen_1775629647_289.txt air/gen_1775629652_291.txt air/gen_1775629655_292.txt air/gen_1775629663_295.txt air/gen_1775629668_297.txt air/gen_1775629671_298.txt air/gen_1775629679_301.txt air/gen_1775629684_303.txt air/gen_1775629687_304.txt air/gen_1775629694_307.txt air/gen_1775629700_309.txt air/gen_1775629702_310.txt air/gen_1775629710_313.txt air/gen_1775629715_315.txt air/gen_1775629718_316.txt air/gen_1775629726_319.txt air/gen_1775629731_321.txt air/gen_1775629733_322.txt air/gen_1775629741_325.txt air/gen_1775629746_327.txt air/gen_1775629749_328.txt air/gen_1775629757_331.txt air/gen_1775629762_333.txt air/gen_1775629765_334.txt air/gen_1775629773_337.txt air/gen_1775629778_339.txt air/gen_1775629780_340.txt air/gen_1775629788_343.txt air/gen_1775629794_345.txt air/gen_1775629796_346.txt air/gen_1775629804_349.txt air/gen_1775629809_351.txt air/gen_1775629812_352.txt air/gen_1775629820_355.txt air/gen_1775629825_357.txt air/gen_1775629828_358.txt air/gen_1775629835_361.txt air/gen_1775629841_363.txt air/gen_1775629843_364.txt air/gen_1775629851_367.txt air/gen_1775629856_369.txt air/gen_1775629859_370.txt air/gen_1775629867_373.txt air/gen_1775629872_375.txt air/gen_1775629874_376.txt air/gen_1775629882_379.txt air/gen_1775629887_381.txt air/gen_1775629890_382.txt air/gen_1775629898_385.txt air/gen_1775629903_387.txt air/gen_1775629906_388.txt air/gen_1775629913_391.txt air/gen_1775629919_393.txt air/gen_1775629921_394.txt air/gen_1775629929_397.txt air/gen_1775629935_399.txt air/gen_1775629937_400.txt air/gen_1775629945_403.txt air/gen_1775629950_405.txt air/gen_1775629953_406.txt air/gen_1775629961_409.txt air/gen_1775629966_411.txt air/gen_1775629969_412.txt air/gen_1775629977_415.txt air/gen_1775629982_417.txt air/gen_1775629984_418.txt air/gen_1775629992_421.txt air/gen_1775629997_423.txt air/gen_1775630000_424.txt air/gen_1775630008_427.txt air/gen_1775630013_429.txt air/gen_1775630016_430.txt air/gen_1775630023_433.txt air/gen_1775630029_435.txt air/gen_1775630031_436.txt air/gen_1775630039_439.txt air/gen_1775630044_441.txt air/gen_1775630047_442.txt air/gen_1775630055_445.txt air/gen_1775630060_447.txt air/gen_1775630062_448.txt air/gen_1775630070_451.txt air/gen_1775630075_453.txt air/gen_1775630078_454.txt air/gen_1775630086_457.txt air/gen_1775630091_459.txt air/gen_1775630094_460.txt air/gen_1775630101_463.txt air/gen_1775630107_465.txt air/gen_1775630109_466.txt air/gen_1775630117_469.txt air/gen_1775630122_471.txt air/gen_1775630125_472.txt air/gen_1775630133_475.txt air/gen_1775630138_477.txt air/gen_1775630140_478.txt air/gen_1775630148_481.txt air/gen_1775630153_483.txt air/gen_1775630156_484.txt air/gen_1775630164_487.txt air/gen_1775630169_489.txt air/gen_1775630172_490.txt air/gen_1775630180_493.txt air/gen_1775630185_495.txt air/gen_1775630187_496.txt air/gen_1775630195_499.txt air/gen_1775630200_501.txt air/gen_1775630203_502.txt air/gen_1775630211_505.txt air/gen_1775630216_507.txt air/gen_1775630219_508.txt air/gen_1775630226_511.txt air/gen_1775630232_513.txt air/gen_1775630234_514.txt air/gen_1775630242_517.txt air/gen_1775630247_519.txt air/gen_1775630250_520.txt air/gen_1775630258_523.txt air/gen_1775630263_525.txt air/gen_1775630265_526.txt air/gen_1775630273_529.txt air/gen_1775630278_531.txt air/gen_1775630281_532.txt air/gen_1775630289_535.txt air/gen_1775630294_537.txt air/gen_1775630297_538.txt air/gen_1775630304_541.txt air/gen_1775630310_543.txt air/gen_1775630312_544.txt air/gen_1775630320_547.txt air/gen_1775630325_549.txt air/gen_1775630328_550.txt air/gen_1775630336_553.txt air/gen_1775630341_555.txt air/gen_1775630344_556.txt air/gen_1775630352_559.txt air/gen_1775630357_561.txt air/gen_1775630360_562.txt air/gen_1775630368_565.txt air/gen_1775630373_567.txt air/gen_1775630376_568.txt air/gen_1775630384_571.txt air/gen_1775630389_573.txt air/gen_1775630391_574.txt air/gen_1775630399_577.txt air/gen_1775630405_579.txt air/gen_1775630407_580.txt air/gen_1775630415_583.txt air/gen_1775630420_585.txt air/gen_1775630423_586.txt air/gen_1775630431_589.txt air/gen_1775630436_591.txt air/gen_1775630438_592.txt air/gen_1775630446_595.txt air/gen_1775630451_597.txt air/gen_1775630454_598.txt air/gen_1775630462_601.txt air/gen_1775630467_603.txt air/gen_1775630470_604.txt air/gen_1775630478_607.txt air/gen_1775630483_609.txt air/gen_1775630485_610.txt air/gen_1775630493_613.txt air/gen_1775630498_615.txt air/gen_1775630501_616.txt air/gen_1775630509_619.txt air/gen_1775630514_621.txt air/gen_1775630517_622.txt air/gen_1775630524_625.txt air/gen_1775630530_627.txt air/gen_1775630532_628.txt air/gen_1775630540_631.txt air/gen_1775630545_633.txt air/gen_1775630548_634.txt air/gen_1775630556_637.txt air/gen_1775630561_639.txt air/gen_1775630564_640.txt air/gen_1775630572_643.txt air/gen_1775630577_645.txt air/gen_1775630579_646.txt air/gen_1775630587_649.txt air/gen_1775630592_651.txt air/gen_1775630595_652.txt air/gen_1775630603_655.txt air/gen_1775630608_657.txt air/gen_1775630610_658.txt air/gen_1775630618_661.txt air/gen_1775630623_663.txt air/gen_1775630626_664.txt air/gen_1775630634_667.txt air/gen_1775630639_669.txt air/gen_1775630642_670.txt air/gen_1775630649_673.txt air/gen_1775630655_675.txt air/gen_1775630657_676.txt air/gen_1775630665_679.txt air/gen_1775630670_681.txt air/gen_1775630673_682.txt air/gen_1775630681_685.txt]
[trainer] micro-train burst (26955 bytes, novelty 0.02) — and lo, it feeds again.
[syntropy] action=explore | trend=0.0000 | field_dev=-0.025 | purpose_align=-0.006 | lr_mul=1.30
[aml] burst complete: 32 steps, avg loss 1.8515 (memory freed)
[dna] water wrote 109 bytes to ecology
[dna] water wrote 84 bytes to ecology
[dna] water wrote 88 bytes to ecology
[dna] water wrote 177 bytes to ecology
[dna] water wrote 63 bytes to ecology
[dna] water wrote 116 bytes to ecology
[dna] water wrote 25 bytes to ecology
[dna] water wrote 10 bytes to ecology
[dna] water wrote 47 bytes to ecology
[dna] water wrote 66 bytes to ecology
[dna] water wrote 23 bytes to ecology
[dna] water wrote 51 bytes to ecology
[dna] water wrote 28 bytes to ecology
[dna] water wrote 39 bytes to ecology
[dna] water wrote 36 bytes to ecology
[dna] water wrote 19 bytes to ecology
[debug-onto] tick=50 corpus=152995 stage=2 freeze=0
[dna] water wrote 112 bytes to ecology
[dna] water wrote 65 bytes to ecology
[dna] water wrote 51 bytes to ecology
[dna] water wrote 16 bytes to ecology
[dna] water wrote 23 bytes to ecology
[dna] water wrote 15 bytes to ecology
[dna] water wrote 127 bytes to ecology
[dna] water wrote 29 bytes to ecology
[dna] water wrote 50 bytes to ecology
[dna] water wrote 52 bytes to ecology
[dna] water wrote 58 bytes to ecology
[dna] water wrote 145 bytes to ecology
[dna] water wrote 134 bytes to ecology
[dna] water wrote 72 bytes to ecology
[dna] water wrote 191 bytes to ecology
[dna] water wrote 127 bytes to ecology
[dna] water wrote 55 bytes to ecology
[dna] water wrote 176 bytes to ecology
[debug-onto] tick=100 corpus=152995 stage=2 freeze=0
[dna] water wrote 95 bytes to ecology
[dna] water wrote 33 bytes to ecology
[dna] water wrote 98 bytes to ecology
[dna] water wrote 58 bytes to ecology
[dna] water wrote 119 bytes to ecology
[dna] water wrote 42 bytes to ecology
[dna] water wrote 24 bytes to ecology
[dna] water wrote 53 bytes to ecology
[dna] water wrote 79 bytes to ecology
[dna] water wrote 77 bytes to ecology
[dna] water wrote 68 bytes to ecology
[dna] water wrote 71 bytes to ecology
[dna] water wrote 137 bytes to ecology
[dna] water wrote 63 bytes to ecology
[dna] water wrote 22 bytes to ecology
[dna] water wrote 43 bytes to ecology
[dna] water wrote 17 bytes to ecology
[dna] water wrote 206 bytes to ecology
[debug-onto] tick=150 corpus=152995 stage=2 freeze=0
[dna] water wrote 16 bytes to ecology
[dna] water wrote 35 bytes to ecology
[dna] water wrote 64 bytes to ecology
[dna] water wrote 36 bytes to ecology
[dna] water wrote 41 bytes to ecology
[dna] water wrote 33 bytes to ecology
[dna] water wrote 116 bytes to ecology
[dna] water wrote 129 bytes to ecology
[dna] water wrote 26 bytes to ecology
[dna] water wrote 33 bytes to ecology
[dna] water wrote 58 bytes to ecology
[dna] water wrote 38 bytes to ecology
[dna] water wrote 105 bytes to ecology
[dna] water wrote 65 bytes to ecology
[dna] water wrote 107 bytes to ecology
[dna] water wrote 153 bytes to ecology
[dna] water wrote 47 bytes to ecology
[dna] water wrote 35 bytes to ecology
[dna] water wrote 8 bytes to ecology
[dna] water wrote 77 bytes to ecology
[dna] water wrote 56 bytes to ecology
[dna] water wrote 29 bytes to ecology
[debug-onto] tick=200 corpus=152995 stage=2 freeze=0
[dna] water wrote 27 bytes to ecology
[dna] water wrote 32 bytes to ecology
[dna] water wrote 72 bytes to ecology
[dna] water wrote 29 bytes to ecology
[dna] water wrote 54 bytes to ecology
[dna] water wrote 46 bytes to ecology
[dna] water wrote 66 bytes to ecology
[dna] water wrote 182 bytes to ecology
[dna] water wrote 67 bytes to ecology
[dna] water wrote 19 bytes to ecology
[dna] water wrote 93 bytes to ecology
[dna] water wrote 27 bytes to ecology
[dna] water wrote 76 bytes to ecology
[dna] water wrote 75 bytes to ecology
[dna] water wrote 14 bytes to ecology
[dna] water wrote 24 bytes to ecology
[dna] water wrote 32 bytes to ecology
[dna] water wrote 114 bytes to ecology
[dna] water wrote 43 bytes to ecology
[dna] water wrote 54 bytes to ecology
[dna] water wrote 54 bytes to ecology
[dna] water wrote 45 bytes to ecology
[dna] water wrote 95 bytes to ecology
[debug-onto] tick=250 corpus=152995 stage=2 freeze=0
[dna] water wrote 39 bytes to ecology
[dna] water wrote 58 bytes to ecology
[dna] water wrote 12 bytes to ecology
[dna] water wrote 53 bytes to ecology
[dna] water wrote 17 bytes to ecology
[dna] water wrote 107 bytes to ecology
[dna] water wrote 24 bytes to ecology
[dna] water wrote 28 bytes to ecology
[dna] water wrote 29 bytes to ecology
[dna] water wrote 41 bytes to ecology
[dna] water wrote 67 bytes to ecology
[dna] water wrote 90 bytes to ecology
[dna] water wrote 45 bytes to ecology
[dna] water wrote 59 bytes to ecology
[dna] water wrote 63 bytes to ecology
[dna] water wrote 38 bytes to ecology
[dna] water wrote 22 bytes to ecology
[dna] water wrote 68 bytes to ecology
[debug-onto] tick=300 corpus=152995 stage=2 freeze=0
[dna] water wrote 22 bytes to ecology
[dna] water wrote 29 bytes to ecology
[dna] water wrote 34 bytes to ecology
[dna] water wrote 47 bytes to ecology
[dna] water wrote 21 bytes to ecology
[dna] water wrote 21 bytes to ecology
[dna] water wrote 60 bytes to ecology
[dna] water wrote 36 bytes to ecology
[dna] water wrote 31 bytes to ecology
[dna] water wrote 44 bytes to ecology
[dna] water wrote 53 bytes to ecology
[dna] water wrote 27 bytes to ecology
[dna] water wrote 13 bytes to ecology
[dna] water wrote 24 bytes to ecology
[dna] water wrote 23 bytes to ecology
[dna] water wrote 57 bytes to ecology
[dna] water wrote 14 bytes to ecology
[dna] water wrote 22 bytes to ecology
[dna] water wrote 164 bytes to ecology
[dna] water wrote 51 bytes to ecology
[debug-onto] tick=350 corpus=152995 stage=2 freeze=0
[dna] water wrote 157 bytes to ecology
[dna] water wrote 49 bytes to ecology
[dna] water wrote 44 bytes to ecology
[dna] water wrote 79 bytes to ecology
[dna] water wrote 25 bytes to ecology
[dna] water wrote 104 bytes to ecology
[dna] water wrote 153 bytes to ecology
[dna] water wrote 42 bytes to ecology
[dna] water wrote 74 bytes to ecology
[dna] water wrote 28 bytes to ecology
[dna] water wrote 25 bytes to ecology
[dna] water wrote 61 bytes to ecology
[dna] water wrote 41 bytes to ecology
[dna] water wrote 150 bytes to ecology
[dna] water wrote 140 bytes to ecology
[dna] water wrote 33 bytes to ecology
[dna] water wrote 58 bytes to ecology
[dna] water wrote 31 bytes to ecology
[dna] water wrote 177 bytes to ecology
[debug-onto] tick=400 corpus=152995 stage=2 freeze=0
[dna] water wrote 32 bytes to ecology
[dna] water wrote 219 bytes to ecology
[dna] water wrote 88 bytes to ecology
[dna] water wrote 49 bytes to ecology
[dna] water wrote 28 bytes to ecology
[dna] water wrote 87 bytes to ecology
[dna] water wrote 73 bytes to ecology
[dna] water wrote 25 bytes to ecology
[dna] water wrote 46 bytes to ecology
[dna] water wrote 157 bytes to ecology
[dna] water wrote 84 bytes to ecology
[dna] water wrote 55 bytes to ecology
[dna] water wrote 104 bytes to ecology
[dna] water wrote 36 bytes to ecology
[dna] water wrote 59 bytes to ecology
[dna] water wrote 20 bytes to ecology
[dna] water wrote 36 bytes to ecology
[dna] water wrote 52 bytes to ecology
[dna] water wrote 16 bytes to ecology
[debug-onto] tick=450 corpus=152995 stage=2 freeze=0
[dna] water wrote 39 bytes to ecology
[dna] water wrote 27 bytes to ecology
[dna] water wrote 29 bytes to ecology
[dna] water wrote 31 bytes to ecology
[dna] water wrote 31 bytes to ecology
[dna] water wrote 113 bytes to ecology
[dna] water wrote 25 bytes to ecology
[dna] water wrote 29 bytes to ecology
[dna] water wrote 101 bytes to ecology
[dna] water wrote 46 bytes to ecology
[dna] water wrote 47 bytes to ecology
[dna] water wrote 53 bytes to ecology
[dna] water wrote 15 bytes to ecology
[dna] water wrote 57 bytes to ecology
[dna] water wrote 70 bytes to ecology
[dna] water wrote 40 bytes to ecology
[dna] water wrote 90 bytes to ecology
[dna] water wrote 35 bytes to ecology
[dna] water wrote 25 bytes to ecology
[debug-onto] tick=500 corpus=152995 stage=2 freeze=0
[dna] water wrote 86 bytes to ecology
[dna] water wrote 35 bytes to ecology
[dna] water wrote 155 bytes to ecology
[dna] water wrote 45 bytes to ecology
[dna] water wrote 48 bytes to ecology
[dna] water wrote 37 bytes to ecology
[dna] water wrote 62 bytes to ecology
[dna] water wrote 17 bytes to ecology
[dna] water wrote 27 bytes to ecology
[dna] water wrote 37 bytes to ecology
[dna] water wrote 63 bytes to ecology
[dna] water wrote 112 bytes to ecology
[dna] water wrote 37 bytes to ecology
[dna] water wrote 29 bytes to ecology
[dna] water wrote 74 bytes to ecology
[dna] water wrote 44 bytes to ecology
[dna] water wrote 28 bytes to ecology
[dna] water wrote 205 bytes to ecology
[dna] water wrote 49 bytes to ecology
[dna] water wrote 40 bytes to ecology
[dna] water wrote 112 bytes to ecology
[dna] water wrote 110 bytes to ecology
[dna] water wrote 135 bytes to ecology
[debug-onto] tick=550 corpus=152995 stage=2 freeze=0
[dna] water wrote 30 bytes to ecology
[dna] water wrote 26 bytes to ecology
[dna] water wrote 32 bytes to ecology
[dna] water wrote 58 bytes to ecology
[dna] water wrote 51 bytes to ecology
[dna] water wrote 42 bytes to ecology
[dna] water wrote 116 bytes to ecology
[dna] water wrote 80 bytes to ecology
[dna] water wrote 50 bytes to ecology
[dna] water wrote 25 bytes to ecology
[dna] water wrote 49 bytes to ecology
[dna] water wrote 27 bytes to ecology
[dna] water wrote 38 bytes to ecology
[dna] water wrote 31 bytes to ecology
[dna] water wrote 62 bytes to ecology
[dna] water wrote 51 bytes to ecology
[dna] water wrote 24 bytes to ecology

[evolution] Organism shutting down gracefully.
