[ecology] Element: air → corpus: nonames_air.txt
[evolution] Autonomous evolution mode — organism will grow through all stages without pause.
[ecology] Joined swarm. 1 peer(s) detected.
molequla is alive. [evolution] Autonomous mode — background trainer running. Ctrl+C to stop.
[dna] air wrote 75 bytes to ecology
[dna] air consumed 32090 bytes from 385 files: [earth/gen_1777530307_1.txt earth/gen_1777530310_2.txt earth/gen_1777530315_4.txt earth/gen_1777530318_5.txt earth/gen_1777530324_7.txt earth/gen_1777530327_8.txt earth/gen_1777530332_10.txt earth/gen_1777530340_13.txt earth/gen_1777530343_14.txt earth/gen_1777530348_16.txt earth/gen_1777530351_17.txt earth/gen_1777530356_19.txt earth/gen_1777530359_20.txt earth/gen_1777530364_22.txt earth/gen_1777530367_23.txt earth/gen_1777530372_25.txt earth/gen_1777530375_26.txt earth/gen_1777530380_28.txt earth/gen_1777530388_31.txt earth/gen_1777530391_32.txt earth/gen_1777530396_34.txt earth/gen_1777530404_37.txt earth/gen_1777530406_38.txt earth/gen_1777530411_40.txt earth/gen_1777530419_43.txt earth/gen_1777530422_44.txt earth/gen_1777530427_46.txt earth/gen_1777530435_49.txt earth/gen_1777530437_50.txt earth/gen_1777530443_52.txt earth/gen_1777530445_53.txt earth/gen_1777530450_55.txt earth/gen_1777530453_56.txt earth/gen_1777530458_58.txt earth/gen_1777530466_61.txt earth/gen_1777530469_62.txt earth/gen_1777530474_64.txt earth/gen_1777530476_65.txt earth/gen_1777530482_67.txt earth/gen_1777530484_68.txt earth/gen_1777530489_70.txt earth/gen_1777530497_73.txt earth/gen_1777530500_74.txt earth/gen_1777530505_76.txt earth/gen_1777530512_79.txt earth/gen_1777530515_80.txt earth/gen_1777530520_82.txt earth/gen_1777530523_83.txt earth/gen_1777530528_85.txt earth/gen_1777530530_86.txt earth/gen_1777530535_88.txt earth/gen_1777530538_89.txt earth/gen_1777530543_91.txt earth/gen_1777530546_92.txt earth/gen_1777530551_94.txt earth/gen_1777530559_97.txt earth/gen_1777530561_98.txt earth/gen_1777530567_100.txt earth/gen_1777530575_103.txt earth/gen_1777530577_104.txt earth/gen_1777530582_106.txt earth/gen_1777530585_107.txt earth/gen_1777530590_109.txt earth/gen_1777530598_112.txt earth/gen_1777530600_113.txt earth/gen_1777530606_115.txt earth/gen_1777530608_116.txt earth/gen_1777530614_118.txt earth/gen_1777530621_121.txt earth/gen_1777530624_122.txt earth/gen_1777530629_124.txt earth/gen_1777530632_125.txt earth/gen_1777530637_127.txt earth/gen_1777530640_128.txt earth/gen_1777530645_130.txt earth/gen_1777530653_133.txt earth/gen_1777530656_134.txt earth/gen_1777530661_136.txt earth/gen_1777530664_137.txt earth/gen_1777530669_139.txt earth/gen_1777530672_140.txt earth/gen_1777530677_142.txt earth/gen_1777530680_143.txt earth/gen_1777530685_145.txt earth/gen_1777530688_146.txt earth/gen_1777530693_148.txt earth/gen_1777530701_151.txt earth/gen_1777530703_152.txt earth/gen_1777530709_154.txt earth/gen_1777530717_157.txt earth/gen_1777530719_158.txt earth/gen_1777530725_160.txt earth/gen_1777530727_161.txt earth/gen_1777530732_163.txt earth/gen_1777530735_164.txt earth/gen_1777530740_166.txt earth/gen_1777530743_167.txt earth/gen_1777530748_169.txt earth/gen_1777530750_170.txt earth/gen_1777530756_172.txt earth/gen_1777530758_173.txt earth/gen_1777530764_175.txt earth/gen_1777530766_176.txt earth/gen_1777530771_178.txt earth/gen_1777530780_181.txt earth/gen_1777530782_182.txt earth/gen_1777530787_184.txt earth/gen_1777530796_187.txt earth/gen_1777530798_188.txt earth/gen_1777530804_190.txt earth/gen_1777530812_193.txt earth/gen_1777530815_194.txt earth/gen_1777530820_196.txt earth/gen_1777530828_199.txt earth/gen_1777530831_200.txt earth/gen_1777530837_202.txt earth/gen_1777530839_203.txt earth/gen_1777530845_205.txt earth/gen_1777530848_206.txt earth/gen_1777530853_208.txt earth/gen_1777530856_209.txt earth/gen_1777530862_211.txt earth/gen_1777530865_212.txt earth/gen_1777530870_214.txt earth/gen_1777530873_215.txt earth/gen_1777530878_217.txt earth/gen_1777530881_218.txt earth/gen_1777530886_220.txt earth/gen_1777530889_221.txt earth/gen_1777530895_223.txt earth/gen_1777530897_224.txt earth/gen_1777530903_226.txt earth/gen_1777530910_229.txt earth/gen_1777530913_230.txt earth/gen_1777530918_232.txt earth/gen_1777530926_235.txt earth/gen_1777530929_236.txt earth/gen_1777530934_238.txt earth/gen_1777530942_241.txt earth/gen_1777530944_242.txt earth/gen_1777530950_244.txt earth/gen_1777530958_247.txt earth/gen_1777530960_248.txt earth/gen_1777530966_250.txt earth/gen_1777530968_251.txt earth/gen_1777530974_253.txt earth/gen_1777530976_254.txt earth/gen_1777530982_256.txt earth/gen_1777530985_257.txt earth/gen_1777530990_259.txt earth/gen_1777530993_260.txt earth/gen_1777530998_262.txt earth/gen_1777531001_263.txt earth/gen_1777531006_265.txt earth/gen_1777531009_266.txt earth/gen_1777531017_269.txt earth/gen_1777531022_271.txt earth/gen_1777531025_272.txt earth/gen_1777531030_274.txt earth/gen_1777531033_275.txt earth/gen_1777531039_277.txt earth/gen_1777531041_278.txt earth/gen_1777531047_280.txt earth/gen_1777531055_283.txt earth/gen_1777531057_284.txt earth/gen_1777531062_286.txt earth/gen_1777531065_287.txt earth/gen_1777531070_289.txt earth/gen_1777531073_290.txt earth/gen_1777531078_292.txt earth/gen_1777531086_295.txt earth/gen_1777531089_296.txt earth/gen_1777531095_298.txt earth/gen_1777531103_301.txt earth/gen_1777531105_302.txt earth/gen_1777531111_304.txt earth/gen_1777531113_305.txt earth/gen_1777531119_307.txt earth/gen_1777531121_308.txt earth/gen_1777531127_310.txt earth/gen_1777531129_311.txt earth/gen_1777531135_313.txt earth/gen_1777531137_314.txt earth/gen_1777531143_316.txt earth/gen_1777531151_319.txt earth/gen_1777531153_320.txt earth/gen_1777531159_322.txt earth/gen_1777531161_323.txt earth/gen_1777531167_325.txt earth/gen_1777531169_326.txt earth/gen_1777531175_328.txt earth/gen_1777531183_331.txt earth/gen_1777531185_332.txt earth/gen_1777531191_334.txt earth/gen_1777531199_337.txt earth/gen_1777531202_338.txt earth/gen_1777531207_340.txt earth/gen_1777531215_343.txt earth/gen_1777531218_344.txt earth/gen_1777531223_346.txt earth/gen_1777531226_347.txt earth/gen_1777531231_349.txt earth/gen_1777531234_350.txt earth/gen_1777531239_352.txt earth/gen_1777531242_353.txt earth/gen_1777531247_355.txt earth/gen_1777531250_356.txt earth/gen_1777531255_358.txt earth/gen_1777531263_361.txt earth/gen_1777531266_362.txt earth/gen_1777531271_364.txt earth/gen_1777531274_365.txt earth/gen_1777531279_367.txt earth/gen_1777531282_368.txt earth/gen_1777531288_370.txt earth/gen_1777531295_373.txt earth/gen_1777531298_374.txt earth/gen_1777531303_376.txt earth/gen_1777531306_377.txt earth/gen_1777531311_379.txt earth/gen_1777531314_380.txt earth/gen_1777531319_382.txt earth/gen_1777531327_385.txt earth/gen_1777531330_386.txt earth/gen_1777531335_388.txt earth/gen_1777531344_391.txt earth/gen_1777531346_392.txt earth/gen_1777531352_394.txt earth/gen_1777531360_397.txt earth/gen_1777531362_398.txt earth/gen_1777531368_400.txt earth/gen_1777531370_401.txt earth/gen_1777531376_403.txt earth/gen_1777531379_404.txt earth/gen_1777531384_406.txt earth/gen_1777531392_409.txt earth/gen_1777531395_410.txt earth/gen_1777531400_412.txt earth/gen_1777531403_413.txt earth/gen_1777531408_415.txt earth/gen_1777531411_416.txt earth/gen_1777531416_418.txt earth/gen_1777531419_419.txt earth/gen_1777531424_421.txt earth/gen_1777531427_422.txt earth/gen_1777531432_424.txt earth/gen_1777531435_425.txt earth/gen_1777531440_427.txt earth/gen_1777531443_428.txt earth/gen_1777531448_430.txt earth/gen_1777531456_433.txt earth/gen_1777531459_434.txt earth/gen_1777531464_436.txt earth/gen_1777531467_437.txt earth/gen_1777531472_439.txt earth/gen_1777531475_440.txt earth/gen_1777531480_442.txt earth/gen_1777531482_443.txt earth/gen_1777531488_445.txt earth/gen_1777531490_446.txt earth/gen_1777531496_448.txt earth/gen_1777531498_449.txt earth/gen_1777531504_451.txt earth/gen_1777531506_452.txt earth/gen_1777531512_454.txt earth/gen_1777531520_457.txt earth/gen_1777531528_460.txt earth/gen_1777531536_463.txt earth/gen_1777531538_464.txt earth/gen_1777531544_466.txt earth/gen_1777531546_467.txt earth/gen_1777531552_469.txt earth/gen_1777531555_470.txt earth/gen_1777531560_472.txt earth/gen_1777531563_473.txt earth/gen_1777531568_475.txt earth/gen_1777531571_476.txt earth/gen_1777531576_478.txt earth/gen_1777531578_479.txt earth/gen_1777531584_481.txt earth/gen_1777531586_482.txt earth/gen_1777531591_484.txt earth/gen_1777531594_485.txt earth/gen_1777531599_487.txt earth/gen_1777531602_488.txt earth/gen_1777531607_490.txt earth/gen_1777531615_493.txt earth/gen_1777531618_494.txt earth/gen_1777531623_496.txt earth/gen_1777531626_497.txt earth/gen_1777531631_499.txt earth/gen_1777531634_500.txt earth/gen_1777531639_502.txt earth/gen_1777531642_503.txt earth/gen_1777531648_505.txt earth/gen_1777531650_506.txt earth/gen_1777531656_508.txt earth/gen_1777531663_511.txt earth/gen_1777531666_512.txt earth/gen_1777531671_514.txt earth/gen_1777531674_515.txt earth/gen_1777531679_517.txt earth/gen_1777531687_520.txt earth/gen_1777531695_523.txt earth/gen_1777531697_524.txt earth/gen_1777531703_526.txt earth/gen_1777531705_527.txt earth/gen_1777531711_529.txt earth/gen_1777531713_530.txt earth/gen_1777531719_532.txt earth/gen_1777531721_533.txt earth/gen_1777531727_535.txt earth/gen_1777531729_536.txt earth/gen_1777531735_538.txt earth/gen_1777531737_539.txt earth/gen_1777531743_541.txt earth/gen_1777531745_542.txt earth/gen_1777531751_544.txt earth/gen_1777531759_547.txt earth/gen_1777531761_548.txt earth/gen_1777531767_550.txt earth/gen_1777531775_553.txt earth/gen_1777531777_554.txt earth/gen_1777531783_556.txt earth/gen_1777531790_559.txt earth/gen_1777531793_560.txt earth/gen_1777531798_562.txt earth/gen_1777531806_565.txt earth/gen_1777531809_566.txt earth/gen_1777531814_568.txt earth/gen_1777531822_571.txt earth/gen_1777531824_572.txt earth/gen_1777531830_574.txt earth/gen_1777531837_577.txt earth/gen_1777531840_578.txt earth/gen_1777531845_580.txt earth/gen_1777531853_583.txt earth/gen_1777531856_584.txt earth/gen_1777531861_586.txt earth/gen_1777531863_587.txt earth/gen_1777531869_589.txt earth/gen_1777531871_590.txt earth/gen_1777531876_592.txt earth/gen_1777531884_595.txt earth/gen_1777531887_596.txt earth/gen_1777531892_598.txt earth/gen_1777531900_601.txt earth/gen_1777531903_602.txt earth/gen_1777531908_604.txt earth/gen_1777531911_605.txt earth/gen_1777531916_607.txt earth/gen_1777531919_608.txt earth/gen_1777531924_610.txt earth/gen_1777531927_611.txt earth/gen_1777531935_614.txt earth/gen_1777531940_616.txt earth/gen_1777531942_617.txt earth/gen_1777531948_619.txt earth/gen_1777531950_620.txt earth/gen_1777531956_622.txt earth/gen_1777531963_625.txt earth/gen_1777531966_626.txt earth/gen_1777531971_628.txt earth/gen_1777531974_629.txt earth/gen_1777531979_631.txt earth/gen_1777531982_632.txt earth/gen_1777531987_634.txt earth/gen_1777531994_637.txt earth/gen_1777531997_638.txt earth/gen_1777532002_640.txt earth/gen_1777532010_643.txt earth/gen_1777532013_644.txt earth/gen_1777532018_646.txt earth/gen_1777532025_649.txt earth/gen_1777532028_650.txt earth/gen_1777532033_652.txt earth/gen_1777532041_655.txt earth/gen_1777532044_656.txt earth/gen_1777532049_658.txt earth/gen_1777532056_661.txt earth/gen_1777532059_662.txt earth/gen_1777532064_664.txt earth/gen_1777532067_665.txt earth/gen_1777532072_667.txt earth/gen_1777532075_668.txt]
[trainer] micro-train burst (32090 bytes, novelty 0.02) — and lo, it feeds again.
[syntropy] action=explore | trend=0.0000 | field_dev=-0.075 | purpose_align=0.042 | lr_mul=1.30
[aml] burst complete: 32 steps, avg loss 2.3373 (memory freed)
[trainer] growing new delta module (total: 2) — new soul appended.
[dna] air wrote 38 bytes to ecology
[dna] air wrote 86 bytes to ecology
[dna] air wrote 68 bytes to ecology
[dna] air wrote 36 bytes to ecology
[dna] air wrote 69 bytes to ecology
[dna] air wrote 103 bytes to ecology
[dna] air wrote 52 bytes to ecology
[dna] air wrote 85 bytes to ecology
[dna] air wrote 123 bytes to ecology
[dna] air wrote 58 bytes to ecology
[dna] air wrote 87 bytes to ecology
[dna] air wrote 164 bytes to ecology
[dna] air wrote 104 bytes to ecology
[dna] air wrote 66 bytes to ecology
[dna] air wrote 29 bytes to ecology
[dna] air wrote 32 bytes to ecology
[dna] air wrote 101 bytes to ecology
[dna] air wrote 213 bytes to ecology
[dna] air wrote 27 bytes to ecology
[dna] air wrote 82 bytes to ecology
[dna] air wrote 88 bytes to ecology
[dna] air wrote 59 bytes to ecology
[dna] air wrote 118 bytes to ecology
[dna] air wrote 103 bytes to ecology
[dna] air wrote 56 bytes to ecology
[dna] air wrote 242 bytes to ecology
[dna] air wrote 76 bytes to ecology
[dna] air wrote 219 bytes to ecology
[dna] air wrote 31 bytes to ecology
[dna] air wrote 70 bytes to ecology
[dna] air wrote 61 bytes to ecology
[dna] air wrote 75 bytes to ecology
[dna] air wrote 93 bytes to ecology
[dna] air wrote 81 bytes to ecology
[dna] air wrote 45 bytes to ecology
[dna] air wrote 68 bytes to ecology
[dna] air wrote 118 bytes to ecology
[dna] air wrote 182 bytes to ecology
[dna] air wrote 96 bytes to ecology
[dna] air wrote 132 bytes to ecology
[dna] air wrote 66 bytes to ecology
[dna] air wrote 37 bytes to ecology
[dna] air wrote 135 bytes to ecology
[dna] air wrote 139 bytes to ecology
[dna] air wrote 51 bytes to ecology
[dna] air wrote 84 bytes to ecology
[dna] air wrote 40 bytes to ecology
[dna] air wrote 29 bytes to ecology
[dna] air wrote 104 bytes to ecology
[debug-onto] tick=50 corpus=154791 stage=2 freeze=0
[dna] air wrote 158 bytes to ecology
[dna] air wrote 82 bytes to ecology
[dna] air wrote 81 bytes to ecology
[dna] air wrote 27 bytes to ecology
[dna] air wrote 103 bytes to ecology
[dna] air wrote 92 bytes to ecology
[dna] air wrote 103 bytes to ecology
[dna] air wrote 59 bytes to ecology
[dna] air wrote 97 bytes to ecology
[dna] air wrote 122 bytes to ecology
[dna] air wrote 35 bytes to ecology
[dna] air wrote 54 bytes to ecology
[dna] air wrote 50 bytes to ecology
[dna] air wrote 111 bytes to ecology
[dna] air wrote 211 bytes to ecology
[dna] air wrote 107 bytes to ecology
[dna] air wrote 130 bytes to ecology
[dna] air wrote 150 bytes to ecology
[dna] air wrote 28 bytes to ecology
[dna] air wrote 50 bytes to ecology
[dna] air wrote 54 bytes to ecology
[dna] air wrote 74 bytes to ecology
[dna] air wrote 60 bytes to ecology
[dna] air wrote 92 bytes to ecology
[dna] air wrote 103 bytes to ecology
[dna] air wrote 137 bytes to ecology
[dna] air wrote 55 bytes to ecology
[dna] air wrote 108 bytes to ecology
[dna] air wrote 26 bytes to ecology
[dna] air wrote 166 bytes to ecology
[dna] air wrote 41 bytes to ecology
[dna] air wrote 95 bytes to ecology
[dna] air wrote 35 bytes to ecology
[dna] air wrote 86 bytes to ecology
[dna] air wrote 202 bytes to ecology
[dna] air wrote 42 bytes to ecology
[dna] air wrote 78 bytes to ecology
[dna] air wrote 79 bytes to ecology
[dna] air wrote 87 bytes to ecology
[dna] air wrote 70 bytes to ecology
[dna] air wrote 104 bytes to ecology
[dna] air wrote 142 bytes to ecology
[dna] air wrote 134 bytes to ecology
[dna] air wrote 145 bytes to ecology
[dna] air wrote 70 bytes to ecology
[dna] air wrote 67 bytes to ecology
[dna] air wrote 70 bytes to ecology
[dna] air wrote 125 bytes to ecology
[dna] air wrote 120 bytes to ecology
[dna] air wrote 83 bytes to ecology
[debug-onto] tick=100 corpus=154791 stage=2 freeze=0
[dna] air wrote 92 bytes to ecology
[dna] air wrote 55 bytes to ecology
[dna] air wrote 39 bytes to ecology
[dna] air wrote 82 bytes to ecology
[dna] air wrote 86 bytes to ecology
[dna] air wrote 65 bytes to ecology
[dna] air wrote 207 bytes to ecology
[dna] air wrote 44 bytes to ecology
[dna] air wrote 55 bytes to ecology
[dna] air wrote 51 bytes to ecology
[dna] air wrote 88 bytes to ecology
[dna] air wrote 50 bytes to ecology
[dna] air wrote 65 bytes to ecology
[dna] air wrote 92 bytes to ecology
[dna] air wrote 132 bytes to ecology
[dna] air wrote 63 bytes to ecology
[dna] air wrote 76 bytes to ecology
[dna] air wrote 111 bytes to ecology
[dna] air wrote 37 bytes to ecology
[dna] air wrote 47 bytes to ecology
[dna] air wrote 170 bytes to ecology
[dna] air wrote 47 bytes to ecology
[dna] air wrote 45 bytes to ecology
[dna] air wrote 147 bytes to ecology
[dna] air wrote 219 bytes to ecology
[dna] air wrote 78 bytes to ecology
[dna] air wrote 115 bytes to ecology
[dna] air wrote 45 bytes to ecology
[dna] air wrote 195 bytes to ecology
[dna] air wrote 68 bytes to ecology
[dna] air wrote 25 bytes to ecology
[dna] air wrote 41 bytes to ecology
[dna] air wrote 109 bytes to ecology
[dna] air wrote 184 bytes to ecology
[dna] air wrote 74 bytes to ecology
[dna] air wrote 134 bytes to ecology
[dna] air wrote 134 bytes to ecology
[dna] air wrote 217 bytes to ecology
[dna] air wrote 51 bytes to ecology
[dna] air wrote 195 bytes to ecology
[dna] air wrote 107 bytes to ecology
[dna] air wrote 32 bytes to ecology
[dna] air wrote 117 bytes to ecology
[dna] air wrote 81 bytes to ecology
[dna] air wrote 131 bytes to ecology
[dna] air wrote 139 bytes to ecology
[dna] air wrote 93 bytes to ecology
[dna] air wrote 83 bytes to ecology
[dna] air wrote 78 bytes to ecology
[dna] air wrote 125 bytes to ecology
[debug-onto] tick=150 corpus=154791 stage=2 freeze=0
[dna] air wrote 71 bytes to ecology
[dna] air wrote 34 bytes to ecology
[dna] air wrote 61 bytes to ecology
[dna] air wrote 41 bytes to ecology
[dna] air wrote 71 bytes to ecology
[dna] air wrote 166 bytes to ecology
[dna] air wrote 50 bytes to ecology
[dna] air wrote 54 bytes to ecology
[dna] air wrote 42 bytes to ecology
[dna] air wrote 57 bytes to ecology
[dna] air wrote 56 bytes to ecology
[dna] air wrote 37 bytes to ecology
[dna] air wrote 64 bytes to ecology
[dna] air wrote 39 bytes to ecology
[dna] air wrote 57 bytes to ecology
[dna] air wrote 60 bytes to ecology
[dna] air wrote 124 bytes to ecology
[dna] air wrote 46 bytes to ecology
[dna] air wrote 59 bytes to ecology
[dna] air wrote 31 bytes to ecology
[dna] air wrote 91 bytes to ecology
[dna] air wrote 43 bytes to ecology
[dna] air wrote 100 bytes to ecology
[dna] air wrote 85 bytes to ecology
[dna] air wrote 126 bytes to ecology
[dna] air wrote 88 bytes to ecology
[dna] air wrote 146 bytes to ecology
[dna] air wrote 87 bytes to ecology
[dna] air wrote 89 bytes to ecology
[dna] air wrote 110 bytes to ecology
[dna] air wrote 99 bytes to ecology
[dna] air wrote 206 bytes to ecology
[dna] air wrote 29 bytes to ecology
[dna] air wrote 105 bytes to ecology
[dna] air wrote 91 bytes to ecology
[dna] air wrote 64 bytes to ecology
[dna] air wrote 30 bytes to ecology
[dna] air wrote 77 bytes to ecology
[dna] air wrote 103 bytes to ecology
[dna] air wrote 50 bytes to ecology
[dna] air wrote 63 bytes to ecology
[dna] air wrote 126 bytes to ecology
[dna] air wrote 34 bytes to ecology
[dna] air wrote 71 bytes to ecology
[dna] air wrote 46 bytes to ecology
[dna] air wrote 170 bytes to ecology
[dna] air wrote 31 bytes to ecology
[dna] air wrote 22 bytes to ecology
[dna] air wrote 133 bytes to ecology
[dna] air wrote 81 bytes to ecology
[debug-onto] tick=200 corpus=154791 stage=2 freeze=0
[dna] air wrote 27 bytes to ecology
[dna] air wrote 33 bytes to ecology
[dna] air wrote 125 bytes to ecology
[dna] air wrote 195 bytes to ecology
[dna] air wrote 54 bytes to ecology
[dna] air wrote 144 bytes to ecology
[dna] air wrote 41 bytes to ecology
[dna] air wrote 74 bytes to ecology
[dna] air wrote 56 bytes to ecology
[dna] air wrote 100 bytes to ecology
[dna] air wrote 111 bytes to ecology
[dna] air wrote 70 bytes to ecology
[dna] air wrote 36 bytes to ecology
[dna] air wrote 40 bytes to ecology
[dna] air wrote 88 bytes to ecology
[dna] air wrote 178 bytes to ecology
[dna] air wrote 52 bytes to ecology
[dna] air wrote 158 bytes to ecology
[dna] air wrote 117 bytes to ecology
[dna] air wrote 86 bytes to ecology
[dna] air wrote 38 bytes to ecology
[dna] air wrote 98 bytes to ecology
[dna] air wrote 81 bytes to ecology
[dna] air wrote 35 bytes to ecology
[dna] air wrote 123 bytes to ecology
[dna] air wrote 23 bytes to ecology
[dna] air wrote 36 bytes to ecology
[dna] air wrote 92 bytes to ecology
[dna] air wrote 72 bytes to ecology
[dna] air wrote 20 bytes to ecology
[dna] air wrote 54 bytes to ecology
[dna] air wrote 112 bytes to ecology
[dna] air wrote 71 bytes to ecology
[dna] air wrote 38 bytes to ecology
[dna] air wrote 152 bytes to ecology
[dna] air wrote 97 bytes to ecology
[dna] air wrote 99 bytes to ecology
[dna] air wrote 71 bytes to ecology
[dna] air wrote 56 bytes to ecology
[dna] air wrote 166 bytes to ecology
[dna] air wrote 123 bytes to ecology
[dna] air wrote 70 bytes to ecology
[dna] air wrote 31 bytes to ecology
[dna] air wrote 133 bytes to ecology
[dna] air wrote 131 bytes to ecology
[dna] air wrote 29 bytes to ecology
[dna] air wrote 30 bytes to ecology
[dna] air wrote 108 bytes to ecology
[dna] air wrote 157 bytes to ecology
[dna] air wrote 109 bytes to ecology
[debug-onto] tick=250 corpus=154791 stage=2 freeze=0
[dna] air wrote 70 bytes to ecology
[dna] air wrote 83 bytes to ecology
[dna] air wrote 34 bytes to ecology
[dna] air wrote 78 bytes to ecology
[dna] air wrote 59 bytes to ecology
[dna] air wrote 60 bytes to ecology
[dna] air wrote 101 bytes to ecology
[dna] air wrote 210 bytes to ecology
[dna] air wrote 50 bytes to ecology
[dna] air wrote 34 bytes to ecology
[dna] air wrote 39 bytes to ecology
[dna] air wrote 68 bytes to ecology
[dna] air wrote 79 bytes to ecology
[dna] air wrote 76 bytes to ecology
[dna] air wrote 108 bytes to ecology
[dna] air wrote 82 bytes to ecology
[dna] air wrote 171 bytes to ecology
[dna] air wrote 61 bytes to ecology
[dna] air wrote 99 bytes to ecology
[dna] air wrote 73 bytes to ecology
[dna] air wrote 66 bytes to ecology
[dna] air wrote 81 bytes to ecology
[dna] air wrote 20 bytes to ecology
[dna] air wrote 131 bytes to ecology
[dna] air wrote 124 bytes to ecology
[dna] air wrote 127 bytes to ecology
[dna] air wrote 99 bytes to ecology
[dna] air wrote 52 bytes to ecology
[dna] air wrote 146 bytes to ecology
[dna] air wrote 38 bytes to ecology
[dna] air wrote 101 bytes to ecology
[dna] air wrote 178 bytes to ecology
[dna] air wrote 89 bytes to ecology
[dna] air wrote 181 bytes to ecology
[dna] air wrote 46 bytes to ecology
[dna] air wrote 59 bytes to ecology
[dna] air wrote 161 bytes to ecology
[dna] air wrote 118 bytes to ecology
[dna] air wrote 115 bytes to ecology
[dna] air wrote 188 bytes to ecology
[dna] air wrote 45 bytes to ecology
[dna] air wrote 135 bytes to ecology
[dna] air wrote 53 bytes to ecology
[dna] air wrote 36 bytes to ecology
[dna] air wrote 203 bytes to ecology
[dna] air wrote 41 bytes to ecology
[dna] air wrote 238 bytes to ecology
[dna] air wrote 54 bytes to ecology
[dna] air wrote 52 bytes to ecology
[dna] air wrote 55 bytes to ecology
[debug-onto] tick=300 corpus=154791 stage=2 freeze=0
[dna] air wrote 63 bytes to ecology
[dna] air wrote 74 bytes to ecology
[dna] air wrote 47 bytes to ecology
[dna] air wrote 49 bytes to ecology
[dna] air wrote 39 bytes to ecology
[dna] air wrote 59 bytes to ecology
[dna] air wrote 370 bytes to ecology
[dna] air wrote 106 bytes to ecology
[dna] air wrote 156 bytes to ecology
[dna] air wrote 104 bytes to ecology
[dna] air wrote 48 bytes to ecology
[dna] air wrote 130 bytes to ecology
[dna] air wrote 66 bytes to ecology
[dna] air wrote 28 bytes to ecology
[dna] air wrote 65 bytes to ecology
[dna] air wrote 37 bytes to ecology
[dna] air wrote 170 bytes to ecology
[dna] air wrote 50 bytes to ecology
[dna] air wrote 37 bytes to ecology
[dna] air wrote 61 bytes to ecology
[dna] air wrote 85 bytes to ecology
[dna] air wrote 88 bytes to ecology
[dna] air wrote 32 bytes to ecology
[dna] air wrote 83 bytes to ecology
[dna] air wrote 74 bytes to ecology
[dna] air wrote 71 bytes to ecology
[dna] air wrote 50 bytes to ecology
[dna] air wrote 113 bytes to ecology
[dna] air wrote 51 bytes to ecology
[dna] air wrote 51 bytes to ecology
[dna] air wrote 61 bytes to ecology
[dna] air wrote 225 bytes to ecology
[dna] air wrote 60 bytes to ecology
[dna] air wrote 51 bytes to ecology
[dna] air wrote 55 bytes to ecology
[dna] air wrote 161 bytes to ecology
[dna] air wrote 27 bytes to ecology
[dna] air wrote 67 bytes to ecology
[dna] air wrote 60 bytes to ecology
[dna] air wrote 103 bytes to ecology
[dna] air wrote 41 bytes to ecology
[dna] air wrote 44 bytes to ecology
[dna] air wrote 151 bytes to ecology
[dna] air wrote 153 bytes to ecology
[dna] air wrote 50 bytes to ecology
[dna] air wrote 146 bytes to ecology
[dna] air wrote 115 bytes to ecology
[dna] air wrote 137 bytes to ecology
[dna] air wrote 56 bytes to ecology
[dna] air wrote 122 bytes to ecology
[debug-onto] tick=350 corpus=154791 stage=2 freeze=0
[dna] air wrote 85 bytes to ecology
[dna] air wrote 26 bytes to ecology
[dna] air wrote 88 bytes to ecology
[dna] air wrote 10 bytes to ecology
[dna] air wrote 30 bytes to ecology
[dna] air wrote 33 bytes to ecology
[dna] air wrote 32 bytes to ecology
[dna] air wrote 74 bytes to ecology
[dna] air wrote 41 bytes to ecology
[dna] air wrote 95 bytes to ecology
[dna] air wrote 26 bytes to ecology
[dna] air wrote 120 bytes to ecology
[dna] air wrote 58 bytes to ecology
[dna] air wrote 63 bytes to ecology
[dna] air wrote 55 bytes to ecology
[dna] air wrote 38 bytes to ecology
[dna] air wrote 97 bytes to ecology
[dna] air wrote 28 bytes to ecology
[dna] air wrote 31 bytes to ecology
[dna] air wrote 48 bytes to ecology
[dna] air wrote 47 bytes to ecology
[dna] air wrote 122 bytes to ecology
[dna] air wrote 101 bytes to ecology
[dna] air wrote 108 bytes to ecology
[dna] air wrote 51 bytes to ecology
[dna] air wrote 92 bytes to ecology
[dna] air wrote 48 bytes to ecology
[dna] air wrote 119 bytes to ecology
[dna] air wrote 92 bytes to ecology
[dna] air wrote 101 bytes to ecology
[dna] air wrote 110 bytes to ecology
[dna] air wrote 383 bytes to ecology
[dna] air wrote 20 bytes to ecology
[dna] air wrote 45 bytes to ecology
[dna] air wrote 85 bytes to ecology
[dna] air wrote 143 bytes to ecology
[dna] air wrote 101 bytes to ecology
[dna] air wrote 47 bytes to ecology
[dna] air wrote 48 bytes to ecology
[dna] air wrote 129 bytes to ecology
[dna] air wrote 54 bytes to ecology
[dna] air wrote 62 bytes to ecology
[dna] air wrote 119 bytes to ecology
[dna] air wrote 205 bytes to ecology
[dna] air wrote 106 bytes to ecology
[dna] air wrote 64 bytes to ecology
[dna] air wrote 20 bytes to ecology
[dna] air wrote 81 bytes to ecology
[dna] air wrote 66 bytes to ecology
[dna] air wrote 27 bytes to ecology
[debug-onto] tick=400 corpus=154791 stage=2 freeze=0
[dna] air wrote 124 bytes to ecology
[dna] air wrote 120 bytes to ecology
[dna] air wrote 131 bytes to ecology
[dna] air wrote 206 bytes to ecology
[dna] air wrote 87 bytes to ecology
[dna] air wrote 130 bytes to ecology
[dna] air wrote 50 bytes to ecology
[dna] air wrote 137 bytes to ecology
[dna] air wrote 30 bytes to ecology
[dna] air wrote 116 bytes to ecology
[dna] air wrote 224 bytes to ecology
[dna] air wrote 60 bytes to ecology
[dna] air wrote 89 bytes to ecology
[dna] air wrote 127 bytes to ecology
[dna] air wrote 77 bytes to ecology
[dna] air wrote 157 bytes to ecology
[dna] air wrote 106 bytes to ecology
[dna] air wrote 49 bytes to ecology
[dna] air wrote 46 bytes to ecology
[dna] air wrote 152 bytes to ecology
[dna] air wrote 34 bytes to ecology
[dna] air wrote 83 bytes to ecology
[dna] air wrote 83 bytes to ecology
[dna] air wrote 42 bytes to ecology
[dna] air wrote 155 bytes to ecology
[dna] air wrote 77 bytes to ecology
[dna] air wrote 97 bytes to ecology
[dna] air wrote 37 bytes to ecology
[dna] air wrote 27 bytes to ecology
[dna] air wrote 53 bytes to ecology
[dna] air wrote 68 bytes to ecology
[dna] air wrote 130 bytes to ecology
[dna] air wrote 65 bytes to ecology
[dna] air wrote 71 bytes to ecology
[dna] air wrote 60 bytes to ecology
[dna] air wrote 41 bytes to ecology
[dna] air wrote 102 bytes to ecology
[dna] air wrote 113 bytes to ecology
[dna] air wrote 80 bytes to ecology
[dna] air wrote 38 bytes to ecology
[dna] air wrote 45 bytes to ecology
[dna] air wrote 65 bytes to ecology
[dna] air wrote 65 bytes to ecology
[dna] air wrote 86 bytes to ecology
[dna] air wrote 101 bytes to ecology
[dna] air wrote 165 bytes to ecology
[dna] air wrote 75 bytes to ecology
[dna] air wrote 143 bytes to ecology
[dna] air wrote 53 bytes to ecology
[dna] air wrote 53 bytes to ecology
[debug-onto] tick=450 corpus=154791 stage=2 freeze=0
[dna] air wrote 119 bytes to ecology
[dna] air wrote 37 bytes to ecology
[dna] air wrote 48 bytes to ecology
[dna] air wrote 140 bytes to ecology
[dna] air wrote 151 bytes to ecology
[dna] air wrote 34 bytes to ecology
[dna] air wrote 201 bytes to ecology
[dna] air wrote 43 bytes to ecology
[dna] air wrote 154 bytes to ecology
[dna] air wrote 86 bytes to ecology
[dna] air wrote 141 bytes to ecology
[dna] air wrote 119 bytes to ecology
[dna] air wrote 142 bytes to ecology
[dna] air wrote 37 bytes to ecology
[dna] air wrote 102 bytes to ecology
[dna] air wrote 32 bytes to ecology
[dna] air wrote 94 bytes to ecology
[dna] air wrote 34 bytes to ecology
[dna] air wrote 38 bytes to ecology
[dna] air wrote 84 bytes to ecology
[dna] air wrote 88 bytes to ecology
[dna] air wrote 73 bytes to ecology
[dna] air wrote 111 bytes to ecology
[dna] air wrote 90 bytes to ecology
[dna] air wrote 48 bytes to ecology
[dna] air wrote 54 bytes to ecology
[dna] air wrote 230 bytes to ecology
[dna] air wrote 154 bytes to ecology
[dna] air wrote 31 bytes to ecology
[dna] air wrote 255 bytes to ecology
[dna] air wrote 92 bytes to ecology
[dna] air wrote 45 bytes to ecology
[dna] air wrote 69 bytes to ecology
[dna] air wrote 96 bytes to ecology
[dna] air wrote 180 bytes to ecology
[dna] air wrote 41 bytes to ecology
[dna] air wrote 79 bytes to ecology
[dna] air wrote 39 bytes to ecology
[dna] air wrote 47 bytes to ecology
[dna] air wrote 87 bytes to ecology
[dna] air wrote 20 bytes to ecology
[dna] air wrote 75 bytes to ecology
[dna] air wrote 46 bytes to ecology
[dna] air wrote 30 bytes to ecology
[dna] air wrote 98 bytes to ecology
[dna] air wrote 115 bytes to ecology
[dna] air wrote 164 bytes to ecology
[dna] air wrote 98 bytes to ecology
[dna] air wrote 169 bytes to ecology
[dna] air wrote 68 bytes to ecology
[debug-onto] tick=500 corpus=154791 stage=2 freeze=0
[dna] air wrote 77 bytes to ecology
[dna] air wrote 56 bytes to ecology
[dna] air wrote 48 bytes to ecology
[dna] air wrote 71 bytes to ecology
[dna] air wrote 69 bytes to ecology
[dna] air wrote 98 bytes to ecology
[dna] air wrote 70 bytes to ecology
[dna] air wrote 46 bytes to ecology
[dna] air wrote 44 bytes to ecology
[dna] air wrote 122 bytes to ecology
[dna] air wrote 66 bytes to ecology
[dna] air wrote 81 bytes to ecology
[dna] air wrote 138 bytes to ecology
[dna] air wrote 36 bytes to ecology
[dna] air wrote 39 bytes to ecology
[dna] air wrote 88 bytes to ecology
[dna] air wrote 55 bytes to ecology
[dna] air wrote 31 bytes to ecology
[dna] air wrote 42 bytes to ecology
[dna] air wrote 125 bytes to ecology
[dna] air wrote 66 bytes to ecology
[dna] air wrote 32 bytes to ecology
[dna] air wrote 22 bytes to ecology
[dna] air wrote 87 bytes to ecology
[dna] air wrote 87 bytes to ecology
[dna] air wrote 44 bytes to ecology
[dna] air wrote 80 bytes to ecology
[dna] air wrote 101 bytes to ecology
[dna] air wrote 92 bytes to ecology
[dna] air wrote 39 bytes to ecology
[dna] air wrote 48 bytes to ecology
[dna] air wrote 59 bytes to ecology
[dna] air wrote 188 bytes to ecology
[dna] air wrote 62 bytes to ecology
[dna] air wrote 23 bytes to ecology
[dna] air wrote 153 bytes to ecology
[dna] air wrote 45 bytes to ecology
[dna] air wrote 58 bytes to ecology
[dna] air wrote 128 bytes to ecology
[dna] air wrote 74 bytes to ecology
[dna] air wrote 56 bytes to ecology
[dna] air wrote 34 bytes to ecology
[dna] air wrote 44 bytes to ecology
[dna] air wrote 28 bytes to ecology
[dna] air wrote 196 bytes to ecology
[dna] air wrote 138 bytes to ecology
[dna] air wrote 68 bytes to ecology
[dna] air wrote 54 bytes to ecology
[dna] air wrote 62 bytes to ecology
[dna] air wrote 51 bytes to ecology
[debug-onto] tick=550 corpus=154791 stage=2 freeze=0
[dna] air wrote 32 bytes to ecology
[dna] air wrote 84 bytes to ecology
[dna] air wrote 45 bytes to ecology
[dna] air wrote 59 bytes to ecology
[dna] air wrote 28 bytes to ecology
[dna] air wrote 39 bytes to ecology
[dna] air wrote 176 bytes to ecology
[dna] air wrote 85 bytes to ecology
[dna] air wrote 72 bytes to ecology
[dna] air wrote 31 bytes to ecology
[dna] air wrote 138 bytes to ecology
[dna] air wrote 130 bytes to ecology
[dna] air wrote 31 bytes to ecology
[dna] air wrote 107 bytes to ecology
[dna] air wrote 51 bytes to ecology
[dna] air wrote 80 bytes to ecology
[dna] air wrote 90 bytes to ecology
[dna] air wrote 82 bytes to ecology
[dna] air wrote 54 bytes to ecology
[dna] air wrote 162 bytes to ecology
[dna] air wrote 43 bytes to ecology
[dna] air wrote 69 bytes to ecology
[dna] air wrote 24 bytes to ecology
[dna] air wrote 22 bytes to ecology
[dna] air wrote 85 bytes to ecology
[dna] air wrote 55 bytes to ecology
[dna] air wrote 164 bytes to ecology
[dna] air wrote 44 bytes to ecology
[dna] air wrote 44 bytes to ecology
[dna] air wrote 114 bytes to ecology
[dna] air wrote 43 bytes to ecology
[dna] air wrote 55 bytes to ecology
[dna] air wrote 34 bytes to ecology
[dna] air wrote 72 bytes to ecology
[dna] air wrote 107 bytes to ecology
[dna] air wrote 39 bytes to ecology
[dna] air wrote 197 bytes to ecology
[dna] air wrote 40 bytes to ecology
[dna] air wrote 84 bytes to ecology
[dna] air wrote 63 bytes to ecology
[dna] air wrote 57 bytes to ecology
[dna] air wrote 34 bytes to ecology
[dna] air wrote 61 bytes to ecology
[dna] air wrote 71 bytes to ecology
[dna] air wrote 73 bytes to ecology
[dna] air wrote 133 bytes to ecology
[dna] air wrote 162 bytes to ecology
[dna] air wrote 100 bytes to ecology
[dna] air wrote 44 bytes to ecology
[dna] air wrote 31 bytes to ecology
[debug-onto] tick=600 corpus=154791 stage=2 freeze=0
[dna] air wrote 28 bytes to ecology
[dna] air wrote 105 bytes to ecology
[dna] air wrote 205 bytes to ecology
[dna] air wrote 47 bytes to ecology

[evolution] Organism shutting down gracefully.
