[ecology] Element: earth → corpus: nonames_earth.txt
[evolution] Autonomous evolution mode — organism will grow through all stages without pause.
[init] Stage 0 (embryo): embd=16, layer=1, head=1 — warmup 400 steps (400 backprop + 0 notorch, sqrt-scaled 1x)
  [aml] step 0/160 | loss 6.5229 (avg 6.5229) | lr 0.001000 | seq 8
  [aml] step 10/160 | loss 6.2229 (avg 6.4555) | lr 0.001450 | seq 8
  [aml] step 20/160 | loss 6.2071 (avg 6.3055) | lr 0.001900 | seq 8
  [aml] step 30/160 | loss 5.7520 (avg 6.1997) | lr 0.002350 | seq 8
  [aml] step 40/160 | loss 5.4104 (avg 6.0825) | lr 0.002800 | seq 8
  [aml] step 50/160 | loss 4.6294 (avg 5.9268) | lr 0.003250 | seq 8
  [aml] step 60/160 | loss 4.8581 (avg 5.7623) | lr 0.003700 | seq 8
  [aml] step 70/160 | loss 5.3355 (avg 5.6421) | lr 0.004150 | seq 8
  [aml] step 80/160 | loss 2.9754 (avg 5.5231) | lr 0.004600 | seq 8
  [aml] step 90/160 | loss 4.1557 (avg 5.3795) | lr 0.005050 | seq 8
  [aml] step 100/160 | loss 5.0265 (avg 5.2910) | lr 0.005500 | seq 8
  [aml] step 110/160 | loss 5.3713 (avg 5.1622) | lr 0.005950 | seq 8
  [aml] step 120/160 | loss 3.9978 (avg 5.0872) | lr 0.006400 | seq 8
  [aml] step 130/160 | loss 4.4128 (avg 5.0357) | lr 0.006850 | seq 8
  [aml] step 140/160 | loss 2.9968 (avg 4.9880) | lr 0.007300 | seq 8
  [aml] step 150/160 | loss 2.7446 (avg 4.9622) | lr 0.007750 | seq 8
[aml] training complete: 160 steps, avg loss 4.9153 (memory freed)
  [aml] step 0/120 | loss 4.6955 (avg 4.6955) | lr 0.008200 | seq 16
  [aml] step 10/120 | loss 4.3172 (avg 4.4662) | lr 0.008650 | seq 16
  [aml] step 20/120 | loss 3.3385 (avg 4.4240) | lr 0.009100 | seq 16
  [aml] step 30/120 | loss 3.3221 (avg 4.1908) | lr 0.009550 | seq 16
  [aml] step 40/120 | loss 3.0433 (avg 4.2230) | lr 0.010000 | seq 16
  [aml] step 50/120 | loss 2.7624 (avg 4.1768) | lr 0.010000 | seq 16
  [aml] step 60/120 | loss 4.0001 (avg 4.1662) | lr 0.010000 | seq 16
  [aml] step 70/120 | loss 4.2087 (avg 4.0971) | lr 0.010000 | seq 16
  [aml] step 80/120 | loss 4.9066 (avg 4.0518) | lr 0.009999 | seq 16
  [aml] step 90/120 | loss 4.3506 (avg 3.9532) | lr 0.009999 | seq 16
  [aml] step 100/120 | loss 3.6893 (avg 3.8949) | lr 0.009999 | seq 16
  [aml] step 110/120 | loss 5.1665 (avg 3.8198) | lr 0.009999 | seq 16
[aml] training complete: 120 steps, avg loss 3.8317 (memory freed)
  [aml] step 0/120 | loss 2.2650 (avg 2.2650) | lr 0.009999 | seq 32
  [aml] step 10/120 | loss 4.6575 (avg 3.8564) | lr 0.009999 | seq 32
  [aml] step 20/120 | loss 4.2747 (avg 3.7322) | lr 0.009999 | seq 32
  [aml] step 30/120 | loss 3.8760 (avg 3.4629) | lr 0.009999 | seq 32
  [aml] step 40/120 | loss 3.9341 (avg 3.4114) | lr 0.009999 | seq 32
  [aml] step 50/120 | loss 4.0536 (avg 3.3981) | lr 0.009999 | seq 32
  [aml] step 60/120 | loss 2.8266 (avg 3.3370) | lr 0.009999 | seq 32
  [aml] step 70/120 | loss 1.4296 (avg 3.3063) | lr 0.009999 | seq 32
  [aml] step 80/120 | loss 4.5225 (avg 3.3038) | lr 0.009999 | seq 32
  [aml] step 90/120 | loss 1.4954 (avg 3.2545) | lr 0.009999 | seq 32
  [aml] step 100/120 | loss 0.8265 (avg 3.2635) | lr 0.009999 | seq 32
  [aml] step 110/120 | loss 0.8704 (avg 3.1413) | lr 0.009999 | seq 32
[aml] training complete: 120 steps, avg loss 3.0436 (memory freed)

[stage 0 — embryo] What it sounds like now:
  Q: Hello.
  A: The dark happens under its fossil beds field is the lateralence between faulty collects overtops are the water two one isis an interlock s
  Q: Who are you?
  A: The drilled by will gotiable.
  Q: What do you know?
  A: equiet with a is not other, the surface caused for centuries a nuition twood that flooding te?

[growth] ONTOGENESIS: stage 0 -> 1
  embd: 16 -> 32, layer: 1 -> 1, head: 1 -> 2
[growth] Done. Freeze for 500 steps.
[init] Stage 1 (infant): embd=32, layer=1, head=2 — warmup 800 steps (800 backprop + 0 notorch, sqrt-scaled 2x)
  [aml] step 0/320 | loss 7.4960 (avg 7.4960) | lr 0.000500 | seq 8
  [aml] step 10/320 | loss 3.8939 (avg 5.0737) | lr 0.000725 | seq 8
  [aml] step 20/320 | loss 5.1950 (avg 5.1705) | lr 0.000950 | seq 8
  [aml] step 30/320 | loss 6.1171 (avg 4.6902) | lr 0.001175 | seq 8
  [aml] step 40/320 | loss 3.4536 (avg 4.4465) | lr 0.001400 | seq 8
  [aml] step 50/320 | loss 3.2243 (avg 4.2698) | lr 0.001625 | seq 8
  [aml] step 60/320 | loss 1.4548 (avg 4.2008) | lr 0.001850 | seq 8
  [aml] step 70/320 | loss 5.1851 (avg 4.2335) | lr 0.002075 | seq 8
  [aml] step 80/320 | loss 2.1625 (avg 4.2059) | lr 0.002300 | seq 8
  [aml] step 90/320 | loss 3.5087 (avg 4.1787) | lr 0.002525 | seq 8
  [aml] step 100/320 | loss 2.6676 (avg 4.1192) | lr 0.002750 | seq 8
  [aml] step 110/320 | loss 2.6271 (avg 4.0449) | lr 0.002975 | seq 8
  [aml] step 120/320 | loss 3.4667 (avg 3.9988) | lr 0.003200 | seq 8
  [aml] step 130/320 | loss 5.3573 (avg 3.9600) | lr 0.003425 | seq 8
  [aml] step 140/320 | loss 5.1084 (avg 3.9833) | lr 0.003650 | seq 8
  [aml] step 150/320 | loss 2.2758 (avg 3.9673) | lr 0.003875 | seq 8
  [aml] step 160/320 | loss 3.2896 (avg 3.9085) | lr 0.004100 | seq 8
  [aml] step 170/320 | loss 2.2706 (avg 3.9201) | lr 0.004325 | seq 8
  [aml] step 180/320 | loss 2.9468 (avg 3.8935) | lr 0.004550 | seq 8
  [aml] step 190/320 | loss 2.9374 (avg 3.8502) | lr 0.004775 | seq 8
  [aml] step 200/320 | loss 4.4365 (avg 3.7989) | lr 0.004998 | seq 8
  [aml] step 210/320 | loss 5.5624 (avg 3.7948) | lr 0.004998 | seq 8
  [aml] step 220/320 | loss 3.0969 (avg 3.7605) | lr 0.004998 | seq 8
  [aml] step 230/320 | loss 4.4234 (avg 3.7531) | lr 0.004998 | seq 8
  [aml] step 240/320 | loss 3.9068 (avg 3.7538) | lr 0.004998 | seq 8
  [aml] step 250/320 | loss 4.3488 (avg 3.7615) | lr 0.004998 | seq 8
  [aml] step 260/320 | loss 3.9089 (avg 3.7555) | lr 0.004998 | seq 8
  [aml] step 270/320 | loss 4.9814 (avg 3.7673) | lr 0.004998 | seq 8
  [aml] step 280/320 | loss 5.2153 (avg 3.7682) | lr 0.004998 | seq 8
  [aml] step 290/320 | loss 6.3888 (avg 3.7386) | lr 0.004998 | seq 8
  [aml] step 300/320 | loss 3.2330 (avg 3.7303) | lr 0.004998 | seq 8
  [aml] step 310/320 | loss 2.5793 (avg 3.7253) | lr 0.004998 | seq 8
[aml] training complete: 320 steps, avg loss 3.7158 (memory freed)
  [aml] step 0/240 | loss 4.2183 (avg 4.2183) | lr 0.004998 | seq 16
  [aml] step 10/240 | loss 2.6575 (avg 3.6004) | lr 0.004998 | seq 16
  [aml] step 20/240 | loss 2.5664 (avg 3.5846) | lr 0.004998 | seq 16
  [aml] step 30/240 | loss 1.3432 (avg 3.3839) | lr 0.004998 | seq 16
  [aml] step 40/240 | loss 4.8675 (avg 3.2419) | lr 0.004997 | seq 16
  [aml] step 50/240 | loss 1.0719 (avg 3.2120) | lr 0.004997 | seq 16
  [aml] step 60/240 | loss 3.7990 (avg 3.1284) | lr 0.004997 | seq 16
  [aml] step 70/240 | loss 4.1103 (avg 3.2232) | lr 0.004997 | seq 16
  [aml] step 80/240 | loss 2.5566 (avg 3.1777) | lr 0.004997 | seq 16
  [aml] step 90/240 | loss 3.7858 (avg 3.1927) | lr 0.004997 | seq 16
  [aml] step 100/240 | loss 4.6809 (avg 3.2179) | lr 0.004997 | seq 16
  [aml] step 110/240 | loss 4.0309 (avg 3.2329) | lr 0.004997 | seq 16
  [aml] step 120/240 | loss 4.8219 (avg 3.2365) | lr 0.004997 | seq 16
  [aml] step 130/240 | loss 1.9912 (avg 3.2441) | lr 0.004997 | seq 16
  [aml] step 140/240 | loss 3.6621 (avg 3.2695) | lr 0.004997 | seq 16
  [aml] step 150/240 | loss 3.6621 (avg 3.2870) | lr 0.004997 | seq 16
  [aml] step 160/240 | loss 5.5767 (avg 3.3351) | lr 0.004997 | seq 16
  [aml] step 170/240 | loss 2.9650 (avg 3.2904) | lr 0.004996 | seq 16
  [aml] step 180/240 | loss 4.2935 (avg 3.2447) | lr 0.004996 | seq 16
  [aml] step 190/240 | loss 4.0206 (avg 3.2846) | lr 0.004996 | seq 16
  [aml] step 200/240 | loss 3.4900 (avg 3.2769) | lr 0.004996 | seq 16
  [aml] step 210/240 | loss 2.3314 (avg 3.2687) | lr 0.004996 | seq 16
  [aml] step 220/240 | loss 1.1682 (avg 3.2814) | lr 0.004996 | seq 16
  [aml] step 230/240 | loss 3.7709 (avg 3.2662) | lr 0.004996 | seq 16
[aml] training complete: 240 steps, avg loss 3.2949 (memory freed)
  [aml] step 0/240 | loss 4.7271 (avg 4.7271) | lr 0.004996 | seq 32
  [aml] step 10/240 | loss 0.7262 (avg 3.5362) | lr 0.004996 | seq 32
  [aml] step 20/240 | loss 4.6338 (avg 3.1359) | lr 0.004996 | seq 32
  [aml] step 30/240 | loss 4.2912 (avg 2.9181) | lr 0.004996 | seq 32
  [aml] step 40/240 | loss 0.5390 (avg 2.8615) | lr 0.004996 | seq 32
  [aml] step 50/240 | loss 4.3287 (avg 2.9000) | lr 0.004995 | seq 32
  [aml] step 60/240 | loss 4.6104 (avg 2.8875) | lr 0.004995 | seq 32
  [aml] step 70/240 | loss 4.0949 (avg 2.8380) | lr 0.004995 | seq 32
  [aml] step 80/240 | loss 3.8890 (avg 2.8136) | lr 0.004995 | seq 32
  [aml] step 90/240 | loss 2.2528 (avg 2.8098) | lr 0.004995 | seq 32
  [aml] step 100/240 | loss 1.2511 (avg 2.7388) | lr 0.004995 | seq 32
  [aml] step 110/240 | loss 0.7325 (avg 2.7275) | lr 0.004995 | seq 32
  [aml] step 120/240 | loss 3.7127 (avg 2.6820) | lr 0.004995 | seq 32
  [aml] step 130/240 | loss 4.5636 (avg 2.7354) | lr 0.004995 | seq 32
  [aml] step 140/240 | loss 1.3242 (avg 2.6852) | lr 0.004995 | seq 32
  [aml] step 150/240 | loss 4.1087 (avg 2.6653) | lr 0.004995 | seq 32
  [aml] step 160/240 | loss 3.8922 (avg 2.6160) | lr 0.004994 | seq 32
  [aml] step 170/240 | loss 4.0132 (avg 2.6574) | lr 0.004994 | seq 32
  [aml] step 180/240 | loss 1.7573 (avg 2.6501) | lr 0.004994 | seq 32
  [aml] step 190/240 | loss 4.1247 (avg 2.6307) | lr 0.004994 | seq 32
  [aml] step 200/240 | loss 1.8024 (avg 2.6312) | lr 0.004994 | seq 32
  [aml] step 210/240 | loss 4.1523 (avg 2.6425) | lr 0.004994 | seq 32
  [aml] step 220/240 | loss 0.5958 (avg 2.6402) | lr 0.004994 | seq 32
  [aml] step 230/240 | loss 1.0969 (avg 2.6212) | lr 0.004994 | seq 32
[aml] training complete: 240 steps, avg loss 2.6344 (memory freed)

[stage 1 — infant] What it sounds like now:
  Q: Hello.
  A: F = Groundwater to the surfacent of graben?
  Q: Who are you?
  A: a clay quest pore is a This the river?
  Q: What do you know?
  A: it, foot the oceans are near-vertical time.

[growth] ONTOGENESIS: stage 1 -> 2
  embd: 32 -> 64, layer: 1 -> 2, head: 2 -> 4
[growth] Done. Freeze for 500 steps.
[init] Stage 2 (child): embd=64, layer=2, head=4 — warmup 800 steps (800 backprop + 0 notorch, sqrt-scaled 2x)
  [aml] step 0/320 | loss 1.0634 (avg 1.0634) | lr 0.000250 | seq 8
  [aml] step 10/320 | loss 1.5229 (avg 3.9394) | lr 0.000363 | seq 8
  [aml] step 20/320 | loss 2.9556 (avg 3.8021) | lr 0.000475 | seq 8
  [aml] step 30/320 | loss 5.0418 (avg 3.9064) | lr 0.000588 | seq 8
  [aml] step 40/320 | loss 4.1518 (avg 3.7103) | lr 0.000700 | seq 8
  [aml] step 50/320 | loss 2.4698 (avg 3.6704) | lr 0.000813 | seq 8
  [aml] step 60/320 | loss 5.3363 (avg 3.6167) | lr 0.000925 | seq 8
  [aml] step 70/320 | loss 4.1406 (avg 3.5857) | lr 0.001038 | seq 8
  [aml] step 80/320 | loss 3.6179 (avg 3.4753) | lr 0.001150 | seq 8
  [aml] step 90/320 | loss 3.7478 (avg 3.5007) | lr 0.001263 | seq 8
  [aml] step 100/320 | loss 3.4045 (avg 3.5178) | lr 0.001375 | seq 8
  [aml] step 110/320 | loss 0.8123 (avg 3.4719) | lr 0.001488 | seq 8
  [aml] step 120/320 | loss 1.4661 (avg 3.4354) | lr 0.001600 | seq 8
  [aml] step 130/320 | loss 3.9899 (avg 3.4195) | lr 0.001713 | seq 8
  [aml] step 140/320 | loss 3.3916 (avg 3.4155) | lr 0.001825 | seq 8
  [aml] step 150/320 | loss 3.7490 (avg 3.4313) | lr 0.001938 | seq 8
  [aml] step 160/320 | loss 2.0178 (avg 3.4532) | lr 0.002050 | seq 8
  [aml] step 170/320 | loss 2.7537 (avg 3.4282) | lr 0.002163 | seq 8
  [aml] step 180/320 | loss 5.1016 (avg 3.4096) | lr 0.002275 | seq 8
  [aml] step 190/320 | loss 0.3224 (avg 3.4031) | lr 0.002387 | seq 8
  [aml] step 200/320 | loss 2.7024 (avg 3.4009) | lr 0.002496 | seq 8
  [aml] step 210/320 | loss 1.6745 (avg 3.3961) | lr 0.002496 | seq 8
  [aml] step 220/320 | loss 1.9598 (avg 3.3806) | lr 0.002496 | seq 8
  [aml] step 230/320 | loss 2.1375 (avg 3.3987) | lr 0.002495 | seq 8
  [aml] step 240/320 | loss 3.1514 (avg 3.3755) | lr 0.002495 | seq 8
  [aml] step 250/320 | loss 1.5604 (avg 3.3527) | lr 0.002495 | seq 8
  [aml] step 260/320 | loss 0.7482 (avg 3.3455) | lr 0.002495 | seq 8
  [aml] step 270/320 | loss 5.3573 (avg 3.3838) | lr 0.002495 | seq 8
  [aml] step 280/320 | loss 4.7635 (avg 3.3916) | lr 0.002495 | seq 8
  [aml] step 290/320 | loss 4.9263 (avg 3.3772) | lr 0.002495 | seq 8
  [aml] step 300/320 | loss 1.7568 (avg 3.3605) | lr 0.002495 | seq 8
  [aml] step 310/320 | loss 0.9025 (avg 3.3677) | lr 0.002495 | seq 8
[aml] training complete: 320 steps, avg loss 3.3317 (memory freed)
  [aml] step 0/240 | loss 2.2119 (avg 2.2119) | lr 0.002495 | seq 16
  [aml] step 10/240 | loss 4.2248 (avg 1.7822) | lr 0.002495 | seq 16
  [aml] step 20/240 | loss 4.1315 (avg 2.5555) | lr 0.002495 | seq 16
  [aml] step 30/240 | loss 3.8232 (avg 3.0329) | lr 0.002495 | seq 16
  [aml] step 40/240 | loss 2.1974 (avg 2.9785) | lr 0.002495 | seq 16
  [aml] step 50/240 | loss 1.2871 (avg 2.9260) | lr 0.002495 | seq 16
  [aml] step 60/240 | loss 2.7279 (avg 3.0305) | lr 0.002494 | seq 16
  [aml] step 70/240 | loss 4.3960 (avg 3.0290) | lr 0.002494 | seq 16
  [aml] step 80/240 | loss 4.3184 (avg 3.0855) | lr 0.002494 | seq 16
  [aml] step 90/240 | loss 5.1066 (avg 3.1903) | lr 0.002494 | seq 16
  [aml] step 100/240 | loss 3.9976 (avg 3.2302) | lr 0.002494 | seq 16
  [aml] step 110/240 | loss 1.0250 (avg 3.2368) | lr 0.002494 | seq 16
  [aml] step 120/240 | loss 1.5755 (avg 3.1723) | lr 0.002494 | seq 16
  [aml] step 130/240 | loss 3.9914 (avg 3.1344) | lr 0.002494 | seq 16
  [aml] step 140/240 | loss 2.6855 (avg 3.1485) | lr 0.002494 | seq 16
  [aml] step 150/240 | loss 4.0495 (avg 3.1120) | lr 0.002494 | seq 16
  [aml] step 160/240 | loss 1.9523 (avg 3.0557) | lr 0.002494 | seq 16
  [aml] step 170/240 | loss 1.8797 (avg 3.0601) | lr 0.002494 | seq 16
  [aml] step 180/240 | loss 1.8575 (avg 3.0927) | lr 0.002494 | seq 16
  [aml] step 190/240 | loss 1.8930 (avg 3.0832) | lr 0.002494 | seq 16
  [aml] step 200/240 | loss 2.1848 (avg 3.0725) | lr 0.002493 | seq 16
  [aml] step 210/240 | loss 0.8924 (avg 3.0634) | lr 0.002493 | seq 16
  [aml] step 220/240 | loss 4.2715 (avg 3.0371) | lr 0.002493 | seq 16
  [aml] step 230/240 | loss 1.1744 (avg 3.0586) | lr 0.002493 | seq 16
[aml] training complete: 240 steps, avg loss 3.0359 (memory freed)
  [aml] step 0/240 | loss 4.3787 (avg 4.3787) | lr 0.002493 | seq 32
  [aml] step 10/240 | loss 4.7590 (avg 2.3350) | lr 0.002493 | seq 32
  [aml] step 20/240 | loss 1.9631 (avg 2.3870) | lr 0.002493 | seq 32
  [aml] step 30/240 | loss 4.1078 (avg 2.5847) | lr 0.002493 | seq 32
  [aml] step 40/240 | loss 0.8731 (avg 2.4127) | lr 0.002493 | seq 32
  [aml] step 50/240 | loss 1.3949 (avg 2.5372) | lr 0.002493 | seq 32
  [aml] step 60/240 | loss 4.2177 (avg 2.5842) | lr 0.002493 | seq 32
  [aml] step 70/240 | loss 4.1205 (avg 2.6686) | lr 0.002493 | seq 32
  [aml] step 80/240 | loss 3.9425 (avg 2.7120) | lr 0.002492 | seq 32
  [aml] step 90/240 | loss 4.5661 (avg 2.6627) | lr 0.002492 | seq 32
  [aml] step 100/240 | loss 3.8089 (avg 2.6650) | lr 0.002492 | seq 32
  [aml] step 110/240 | loss 3.6966 (avg 2.6797) | lr 0.002492 | seq 32
  [aml] step 120/240 | loss 4.2540 (avg 2.7243) | lr 0.002492 | seq 32
  [aml] step 130/240 | loss 4.1654 (avg 2.7300) | lr 0.002492 | seq 32
  [aml] step 140/240 | loss 4.0899 (avg 2.7142) | lr 0.002492 | seq 32
  [aml] step 150/240 | loss 1.7884 (avg 2.6644) | lr 0.002492 | seq 32
  [aml] step 160/240 | loss 0.7057 (avg 2.6952) | lr 0.002492 | seq 32
  [aml] step 170/240 | loss 4.2334 (avg 2.7093) | lr 0.002492 | seq 32
  [aml] step 180/240 | loss 1.0175 (avg 2.6794) | lr 0.002492 | seq 32
  [aml] step 190/240 | loss 4.2723 (avg 2.6794) | lr 0.002492 | seq 32
  [aml] step 200/240 | loss 0.3603 (avg 2.6650) | lr 0.002491 | seq 32
  [aml] step 210/240 | loss 0.9403 (avg 2.6475) | lr 0.002491 | seq 32
  [aml] step 220/240 | loss 0.9990 (avg 2.6118) | lr 0.002491 | seq 32
  [aml] step 230/240 | loss 1.0973 (avg 2.5758) | lr 0.002491 | seq 32
[aml] training complete: 240 steps, avg loss 2.5780 (memory freed)

[stage 2 — child] What it sounds like now:
  Q: Hello.
  A: Fr basin? The H: A form as is a foliation is the for its disting the different has fans motional, and the soil?
  Q: Who are you?
  A: ...
  Q: What do you know?
  A: ...

[init] Warmup complete at stage 2. Organism ready.
[ecology] First organism in the swarm.
molequla is alive. [evolution] Autonomous mode — background trainer running. Ctrl+C to stop.
[dna] earth wrote 41 bytes to ecology
[dna] earth wrote 148 bytes to ecology
[dna] earth wrote 77 bytes to ecology
[dna] earth wrote 165 bytes to ecology
[dna] earth wrote 53 bytes to ecology
[dna] earth wrote 301 bytes to ecology
[dna] earth wrote 233 bytes to ecology
[dna] earth wrote 147 bytes to ecology
[dna] earth wrote 53 bytes to ecology
[dna] earth wrote 67 bytes to ecology
[dna] earth wrote 94 bytes to ecology
[dna] earth wrote 37 bytes to ecology
[dna] earth wrote 326 bytes to ecology
[dna] earth wrote 30 bytes to ecology
[dna] earth wrote 116 bytes to ecology
[dna] earth wrote 149 bytes to ecology
[dna] earth wrote 14 bytes to ecology
[dna] earth wrote 78 bytes to ecology
[dna] earth wrote 83 bytes to ecology
[dna] earth wrote 127 bytes to ecology
[dna] earth wrote 30 bytes to ecology
[dna] earth wrote 45 bytes to ecology
[dna] earth wrote 100 bytes to ecology
[dna] earth wrote 10 bytes to ecology
[dna] earth wrote 107 bytes to ecology
[dna] earth wrote 28 bytes to ecology
[dna] earth wrote 40 bytes to ecology
[dna] earth wrote 160 bytes to ecology
[dna] earth wrote 91 bytes to ecology
[debug-onto] tick=50 corpus=173643 stage=2 freeze=0
[dna] earth wrote 39 bytes to ecology
[dna] earth wrote 22 bytes to ecology
[dna] earth wrote 101 bytes to ecology
[dna] earth wrote 103 bytes to ecology
[dna] earth wrote 326 bytes to ecology
[dna] earth wrote 49 bytes to ecology
[dna] earth wrote 120 bytes to ecology
[dna] earth wrote 253 bytes to ecology
[dna] earth wrote 35 bytes to ecology
[dna] earth wrote 38 bytes to ecology
[dna] earth wrote 79 bytes to ecology
[dna] earth wrote 120 bytes to ecology
[dna] earth wrote 41 bytes to ecology
[dna] earth wrote 52 bytes to ecology
[dna] earth wrote 80 bytes to ecology
[dna] earth wrote 117 bytes to ecology
[dna] earth wrote 93 bytes to ecology
[dna] earth wrote 68 bytes to ecology
[dna] earth wrote 76 bytes to ecology
[dna] earth wrote 47 bytes to ecology
[dna] earth wrote 142 bytes to ecology
[dna] earth wrote 128 bytes to ecology
[dna] earth wrote 48 bytes to ecology
[dna] earth wrote 37 bytes to ecology
[dna] earth wrote 86 bytes to ecology
[dna] earth wrote 128 bytes to ecology
[dna] earth wrote 78 bytes to ecology
[dna] earth wrote 143 bytes to ecology
[dna] earth wrote 32 bytes to ecology
[debug-onto] tick=100 corpus=173643 stage=2 freeze=0
[dna] earth wrote 73 bytes to ecology
[dna] earth wrote 68 bytes to ecology
[dna] earth wrote 66 bytes to ecology
[dna] earth wrote 39 bytes to ecology
[dna] earth wrote 70 bytes to ecology
[dna] earth wrote 7 bytes to ecology
[dna] earth wrote 19 bytes to ecology
[dna] earth wrote 57 bytes to ecology
[dna] earth wrote 69 bytes to ecology
[dna] earth wrote 133 bytes to ecology
[dna] earth wrote 52 bytes to ecology
[dna] earth wrote 16 bytes to ecology
[dna] earth wrote 31 bytes to ecology
[dna] earth wrote 32 bytes to ecology
[dna] earth wrote 38 bytes to ecology
[dna] earth wrote 72 bytes to ecology
[dna] earth wrote 169 bytes to ecology
[dna] earth wrote 90 bytes to ecology
[dna] earth wrote 117 bytes to ecology
[dna] earth wrote 50 bytes to ecology
[dna] earth wrote 99 bytes to ecology
[dna] earth wrote 132 bytes to ecology
[dna] earth wrote 49 bytes to ecology
[dna] earth wrote 111 bytes to ecology
[dna] earth wrote 27 bytes to ecology
[dna] earth wrote 119 bytes to ecology
[dna] earth wrote 58 bytes to ecology
[dna] earth wrote 69 bytes to ecology
[dna] earth wrote 109 bytes to ecology
[debug-onto] tick=150 corpus=173643 stage=2 freeze=0
[dna] earth wrote 103 bytes to ecology
[dna] earth wrote 35 bytes to ecology
[dna] earth wrote 84 bytes to ecology
[dna] earth wrote 11 bytes to ecology
[dna] earth wrote 150 bytes to ecology
[dna] earth wrote 114 bytes to ecology
[dna] earth wrote 32 bytes to ecology
[dna] earth wrote 112 bytes to ecology
[dna] earth wrote 29 bytes to ecology
[dna] earth wrote 50 bytes to ecology
[dna] earth wrote 154 bytes to ecology
[dna] earth wrote 53 bytes to ecology
[dna] earth wrote 88 bytes to ecology
[dna] earth wrote 52 bytes to ecology
[dna] earth wrote 203 bytes to ecology
[dna] earth wrote 204 bytes to ecology
[dna] earth wrote 50 bytes to ecology
[dna] earth wrote 76 bytes to ecology
[dna] earth wrote 45 bytes to ecology
[dna] earth wrote 87 bytes to ecology
[dna] earth wrote 33 bytes to ecology
[dna] earth wrote 149 bytes to ecology
[dna] earth wrote 109 bytes to ecology
[dna] earth wrote 89 bytes to ecology
[dna] earth wrote 34 bytes to ecology
[dna] earth wrote 99 bytes to ecology
[dna] earth wrote 70 bytes to ecology
[dna] earth wrote 98 bytes to ecology
[dna] earth wrote 45 bytes to ecology
[debug-onto] tick=200 corpus=173643 stage=2 freeze=0
[dna] earth wrote 36 bytes to ecology
[dna] earth wrote 62 bytes to ecology
[dna] earth wrote 85 bytes to ecology
[dna] earth wrote 126 bytes to ecology
[dna] earth wrote 273 bytes to ecology
[dna] earth wrote 83 bytes to ecology
[dna] earth wrote 23 bytes to ecology
[dna] earth wrote 32 bytes to ecology
[dna] earth wrote 75 bytes to ecology
[dna] earth wrote 44 bytes to ecology
[dna] earth wrote 40 bytes to ecology
[dna] earth wrote 74 bytes to ecology
[dna] earth wrote 63 bytes to ecology
[dna] earth wrote 100 bytes to ecology
[dna] earth wrote 41 bytes to ecology
[dna] earth wrote 98 bytes to ecology
[dna] earth wrote 136 bytes to ecology
[dna] earth wrote 68 bytes to ecology
[dna] earth wrote 102 bytes to ecology
[dna] earth wrote 110 bytes to ecology
[dna] earth wrote 60 bytes to ecology
[dna] earth wrote 77 bytes to ecology
[dna] earth wrote 40 bytes to ecology
[dna] earth wrote 73 bytes to ecology
[dna] earth wrote 49 bytes to ecology
[dna] earth wrote 48 bytes to ecology
[dna] earth wrote 61 bytes to ecology
[dna] earth wrote 95 bytes to ecology
[dna] earth wrote 43 bytes to ecology
[debug-onto] tick=250 corpus=173643 stage=2 freeze=0
[dna] earth wrote 155 bytes to ecology
[dna] earth wrote 42 bytes to ecology
[dna] earth wrote 35 bytes to ecology
[dna] earth wrote 106 bytes to ecology
[dna] earth wrote 33 bytes to ecology
[dna] earth wrote 87 bytes to ecology
[dna] earth wrote 225 bytes to ecology
[dna] earth wrote 115 bytes to ecology
[dna] earth wrote 24 bytes to ecology
[dna] earth wrote 68 bytes to ecology
[dna] earth wrote 95 bytes to ecology
[dna] earth wrote 42 bytes to ecology
[dna] earth wrote 33 bytes to ecology
[dna] earth wrote 40 bytes to ecology
[dna] earth wrote 61 bytes to ecology
[dna] earth wrote 51 bytes to ecology
[dna] earth wrote 201 bytes to ecology
[dna] earth wrote 90 bytes to ecology
[dna] earth wrote 71 bytes to ecology
[dna] earth wrote 104 bytes to ecology
[dna] earth wrote 25 bytes to ecology
[dna] earth wrote 91 bytes to ecology
[dna] earth wrote 57 bytes to ecology
[dna] earth wrote 105 bytes to ecology
[dna] earth wrote 105 bytes to ecology
[dna] earth wrote 34 bytes to ecology
[dna] earth wrote 195 bytes to ecology
[dna] earth wrote 297 bytes to ecology
[dna] earth wrote 176 bytes to ecology
[debug-onto] tick=300 corpus=173643 stage=2 freeze=0
[dna] earth wrote 154 bytes to ecology
[dna] earth wrote 36 bytes to ecology
[dna] earth wrote 159 bytes to ecology
[dna] earth wrote 335 bytes to ecology
[dna] earth wrote 29 bytes to ecology
[dna] earth wrote 74 bytes to ecology
[dna] earth wrote 69 bytes to ecology
[dna] earth wrote 81 bytes to ecology
[dna] earth wrote 44 bytes to ecology
[dna] earth wrote 39 bytes to ecology
[dna] earth wrote 322 bytes to ecology
[dna] earth wrote 29 bytes to ecology
[dna] earth wrote 78 bytes to ecology
[dna] earth wrote 62 bytes to ecology
[dna] earth wrote 99 bytes to ecology
[dna] earth wrote 76 bytes to ecology
[dna] earth wrote 42 bytes to ecology
[dna] earth wrote 29 bytes to ecology
[dna] earth wrote 13 bytes to ecology
[dna] earth wrote 187 bytes to ecology
[dna] earth wrote 67 bytes to ecology
[dna] earth wrote 170 bytes to ecology
[dna] earth wrote 156 bytes to ecology
[dna] earth wrote 84 bytes to ecology
[dna] earth wrote 47 bytes to ecology
[dna] earth wrote 51 bytes to ecology
[dna] earth wrote 69 bytes to ecology
[dna] earth wrote 21 bytes to ecology
[dna] earth wrote 84 bytes to ecology
[dna] earth wrote 33 bytes to ecology
[debug-onto] tick=350 corpus=173643 stage=2 freeze=0
[dna] earth wrote 52 bytes to ecology
[dna] earth wrote 145 bytes to ecology
[dna] earth wrote 48 bytes to ecology
[dna] earth wrote 211 bytes to ecology
[dna] earth wrote 33 bytes to ecology
[dna] earth wrote 122 bytes to ecology
[dna] earth wrote 22 bytes to ecology
[dna] earth wrote 154 bytes to ecology
[dna] earth wrote 51 bytes to ecology
[dna] earth wrote 70 bytes to ecology
[dna] earth wrote 72 bytes to ecology
[dna] earth wrote 95 bytes to ecology
[dna] earth wrote 34 bytes to ecology
[dna] earth wrote 54 bytes to ecology
[dna] earth wrote 68 bytes to ecology
[dna] earth wrote 46 bytes to ecology
[dna] earth wrote 47 bytes to ecology
[dna] earth wrote 37 bytes to ecology
[dna] earth wrote 92 bytes to ecology
[dna] earth wrote 133 bytes to ecology
[dna] earth wrote 33 bytes to ecology
[dna] earth wrote 73 bytes to ecology
[dna] earth wrote 71 bytes to ecology
[dna] earth wrote 35 bytes to ecology
[dna] earth wrote 44 bytes to ecology
[dna] earth wrote 7 bytes to ecology
[dna] earth wrote 10 bytes to ecology
[dna] earth wrote 40 bytes to ecology
[dna] earth wrote 28 bytes to ecology
[debug-onto] tick=400 corpus=173643 stage=2 freeze=0
[dna] earth wrote 144 bytes to ecology
[dna] earth wrote 46 bytes to ecology
[dna] earth wrote 128 bytes to ecology
[dna] earth wrote 88 bytes to ecology
[dna] earth wrote 34 bytes to ecology
[dna] earth wrote 44 bytes to ecology
[dna] earth wrote 42 bytes to ecology
[dna] earth wrote 76 bytes to ecology
[dna] earth wrote 30 bytes to ecology
[dna] earth wrote 29 bytes to ecology
[dna] earth wrote 170 bytes to ecology
[dna] earth wrote 115 bytes to ecology
[dna] earth wrote 39 bytes to ecology
[dna] earth wrote 79 bytes to ecology
[dna] earth wrote 29 bytes to ecology
[dna] earth wrote 51 bytes to ecology
[dna] earth wrote 65 bytes to ecology
[dna] earth wrote 30 bytes to ecology
[dna] earth wrote 116 bytes to ecology
[dna] earth wrote 109 bytes to ecology
[dna] earth wrote 36 bytes to ecology
[dna] earth wrote 106 bytes to ecology
[dna] earth wrote 243 bytes to ecology
[dna] earth wrote 44 bytes to ecology
[dna] earth wrote 34 bytes to ecology
[dna] earth wrote 77 bytes to ecology
[dna] earth wrote 52 bytes to ecology
[dna] earth wrote 16 bytes to ecology
[dna] earth wrote 116 bytes to ecology
[dna] earth wrote 141 bytes to ecology
[dna] earth wrote 105 bytes to ecology
[debug-onto] tick=450 corpus=173643 stage=2 freeze=0
[dna] earth wrote 71 bytes to ecology
[dna] earth wrote 13 bytes to ecology
[dna] earth wrote 46 bytes to ecology
[dna] earth wrote 73 bytes to ecology
[dna] earth wrote 9 bytes to ecology
[dna] earth wrote 89 bytes to ecology
[dna] earth wrote 62 bytes to ecology
[dna] earth wrote 94 bytes to ecology
[dna] earth wrote 84 bytes to ecology
[dna] earth wrote 39 bytes to ecology
[dna] earth wrote 293 bytes to ecology
[dna] earth wrote 33 bytes to ecology
[dna] earth wrote 58 bytes to ecology
[dna] earth wrote 61 bytes to ecology
[dna] earth wrote 60 bytes to ecology
[dna] earth wrote 22 bytes to ecology
[dna] earth wrote 60 bytes to ecology
[dna] earth wrote 34 bytes to ecology
[dna] earth wrote 45 bytes to ecology
[dna] earth wrote 30 bytes to ecology
[dna] earth wrote 142 bytes to ecology
[dna] earth wrote 51 bytes to ecology
[dna] earth wrote 39 bytes to ecology
[dna] earth wrote 27 bytes to ecology
[dna] earth wrote 118 bytes to ecology
[dna] earth wrote 23 bytes to ecology
[dna] earth wrote 52 bytes to ecology
[dna] earth wrote 294 bytes to ecology
[dna] earth wrote 134 bytes to ecology
[dna] earth wrote 38 bytes to ecology
[dna] earth wrote 40 bytes to ecology
[debug-onto] tick=500 corpus=173643 stage=2 freeze=0
[dna] earth wrote 95 bytes to ecology
[dna] earth wrote 127 bytes to ecology
[dna] earth wrote 27 bytes to ecology
[dna] earth wrote 150 bytes to ecology
[dna] earth wrote 84 bytes to ecology
[dna] earth wrote 91 bytes to ecology
[dna] earth wrote 86 bytes to ecology
[dna] earth wrote 32 bytes to ecology
[dna] earth wrote 181 bytes to ecology
[dna] earth wrote 78 bytes to ecology
[dna] earth wrote 9 bytes to ecology
[dna] earth wrote 164 bytes to ecology
[dna] earth wrote 179 bytes to ecology
[dna] earth wrote 65 bytes to ecology
[dna] earth wrote 45 bytes to ecology
[dna] earth wrote 32 bytes to ecology
[dna] earth wrote 110 bytes to ecology
[dna] earth wrote 82 bytes to ecology
[dna] earth wrote 96 bytes to ecology
[dna] earth wrote 38 bytes to ecology
[dna] earth wrote 58 bytes to ecology
[dna] earth wrote 63 bytes to ecology
[dna] earth wrote 85 bytes to ecology
[dna] earth wrote 27 bytes to ecology
[dna] earth wrote 81 bytes to ecology
[dna] earth wrote 30 bytes to ecology
[dna] earth wrote 62 bytes to ecology
[dna] earth wrote 62 bytes to ecology
[dna] earth wrote 56 bytes to ecology
[dna] earth wrote 142 bytes to ecology
[debug-onto] tick=550 corpus=173643 stage=2 freeze=0
[dna] earth wrote 94 bytes to ecology
[dna] earth wrote 65 bytes to ecology
[dna] earth wrote 45 bytes to ecology
[dna] earth wrote 52 bytes to ecology
[dna] earth wrote 173 bytes to ecology
[dna] earth wrote 142 bytes to ecology
[dna] earth wrote 32 bytes to ecology
[dna] earth wrote 127 bytes to ecology
[dna] earth wrote 45 bytes to ecology
[dna] earth wrote 83 bytes to ecology
[dna] earth wrote 62 bytes to ecology
[dna] earth wrote 49 bytes to ecology
[dna] earth wrote 94 bytes to ecology
[dna] earth wrote 67 bytes to ecology
[dna] earth wrote 34 bytes to ecology
[dna] earth wrote 39 bytes to ecology
[dna] earth wrote 30 bytes to ecology
[dna] earth wrote 56 bytes to ecology
[dna] earth wrote 42 bytes to ecology
[dna] earth wrote 43 bytes to ecology
[dna] earth wrote 37 bytes to ecology
[dna] earth wrote 34 bytes to ecology
[dna] earth wrote 67 bytes to ecology
[dna] earth wrote 276 bytes to ecology
[dna] earth wrote 125 bytes to ecology
[debug-onto] tick=600 corpus=173643 stage=2 freeze=0
[dna] earth wrote 32 bytes to ecology
[dna] earth wrote 38 bytes to ecology
[dna] earth wrote 24 bytes to ecology
[dna] earth wrote 317 bytes to ecology
[dna] earth wrote 30 bytes to ecology
[dna] earth wrote 118 bytes to ecology
[dna] earth wrote 100 bytes to ecology
[dna] earth wrote 72 bytes to ecology
[dna] earth wrote 7 bytes to ecology
[dna] earth wrote 67 bytes to ecology
[dna] earth wrote 60 bytes to ecology
[dna] earth wrote 34 bytes to ecology
[dna] earth wrote 62 bytes to ecology
[dna] earth wrote 17 bytes to ecology
[dna] earth wrote 181 bytes to ecology
[dna] earth wrote 66 bytes to ecology
[dna] earth wrote 120 bytes to ecology
[dna] earth wrote 54 bytes to ecology
[dna] earth wrote 93 bytes to ecology
[dna] earth wrote 106 bytes to ecology
[dna] earth wrote 237 bytes to ecology
[dna] earth wrote 38 bytes to ecology
[dna] earth wrote 83 bytes to ecology
[dna] earth wrote 48 bytes to ecology
[dna] earth wrote 53 bytes to ecology
[dna] earth wrote 98 bytes to ecology
[dna] earth wrote 84 bytes to ecology
[dna] earth wrote 70 bytes to ecology
[dna] earth wrote 75 bytes to ecology
[dna] earth wrote 141 bytes to ecology
[debug-onto] tick=650 corpus=173643 stage=2 freeze=0
[dna] earth wrote 50 bytes to ecology
[dna] earth wrote 57 bytes to ecology
[dna] earth wrote 86 bytes to ecology
[dna] earth wrote 112 bytes to ecology
[dna] earth wrote 67 bytes to ecology
[dna] earth wrote 49 bytes to ecology
[dna] earth wrote 148 bytes to ecology
[dna] earth wrote 30 bytes to ecology
[dna] earth wrote 84 bytes to ecology
[dna] earth wrote 127 bytes to ecology

[evolution] Organism shutting down gracefully.
