[ecology] Element: fire → corpus: nonames_fire.txt
[evolution] Autonomous evolution mode — organism will grow through all stages without pause.
[ecology] Joined swarm. 1 peer(s) detected.
molequla is alive. [evolution] Autonomous mode — background trainer running. Ctrl+C to stop.
[dna] fire wrote 228 bytes to ecology
[dna] fire consumed 17680 bytes from 225 files: [water/gen_1777533879_1.txt water/gen_1777533900_4.txt water/gen_1777533907_6.txt water/gen_1777533910_7.txt water/gen_1777533921_10.txt water/gen_1777533928_12.txt water/gen_1777533931_13.txt water/gen_1777533942_16.txt water/gen_1777533948_18.txt water/gen_1777533952_19.txt water/gen_1777533962_22.txt water/gen_1777533973_25.txt water/gen_1777533983_28.txt water/gen_1777533990_30.txt water/gen_1777533994_31.txt water/gen_1777534004_34.txt water/gen_1777534011_36.txt water/gen_1777534014_37.txt water/gen_1777534025_40.txt water/gen_1777534035_43.txt water/gen_1777534046_46.txt water/gen_1777534056_49.txt water/gen_1777534067_52.txt water/gen_1777534074_54.txt water/gen_1777534077_55.txt water/gen_1777534088_58.txt water/gen_1777534095_60.txt water/gen_1777534098_61.txt water/gen_1777534109_64.txt water/gen_1777534120_67.txt water/gen_1777534130_70.txt water/gen_1777534141_73.txt water/gen_1777534152_76.txt water/gen_1777534159_78.txt water/gen_1777534162_79.txt water/gen_1777534173_82.txt water/gen_1777534183_85.txt water/gen_1777534194_88.txt water/gen_1777534205_91.txt water/gen_1777534215_94.txt water/gen_1777534222_96.txt water/gen_1777534226_97.txt water/gen_1777534236_100.txt water/gen_1777534244_102.txt water/gen_1777534247_103.txt water/gen_1777534258_106.txt water/gen_1777534265_108.txt water/gen_1777534269_109.txt water/gen_1777534279_112.txt water/gen_1777534290_115.txt water/gen_1777534301_118.txt water/gen_1777534308_120.txt water/gen_1777534311_121.txt water/gen_1777534322_124.txt water/gen_1777534329_126.txt water/gen_1777534333_127.txt water/gen_1777534343_130.txt water/gen_1777534351_132.txt water/gen_1777534354_133.txt water/gen_1777534365_136.txt water/gen_1777534375_139.txt water/gen_1777534386_142.txt water/gen_1777534393_144.txt water/gen_1777534396_145.txt water/gen_1777534407_148.txt water/gen_1777534414_150.txt water/gen_1777534417_151.txt water/gen_1777534427_154.txt water/gen_1777534434_156.txt water/gen_1777534438_157.txt water/gen_1777534448_160.txt water/gen_1777534459_163.txt water/gen_1777534469_166.txt water/gen_1777534476_168.txt water/gen_1777534480_169.txt water/gen_1777534490_172.txt water/gen_1777534497_174.txt water/gen_1777534501_175.txt water/gen_1777534511_178.txt water/gen_1777534518_180.txt water/gen_1777534522_181.txt water/gen_1777534532_184.txt water/gen_1777534539_186.txt water/gen_1777534543_187.txt water/gen_1777534554_190.txt water/gen_1777534561_192.txt water/gen_1777534564_193.txt water/gen_1777534575_196.txt water/gen_1777534582_198.txt water/gen_1777534586_199.txt water/gen_1777534596_202.txt water/gen_1777534607_205.txt water/gen_1777534618_208.txt water/gen_1777534629_211.txt water/gen_1777534639_214.txt water/gen_1777534646_216.txt water/gen_1777534650_217.txt water/gen_1777534660_220.txt water/gen_1777534667_222.txt water/gen_1777534671_223.txt water/gen_1777534682_226.txt water/gen_1777534689_228.txt water/gen_1777534692_229.txt water/gen_1777534703_232.txt water/gen_1777534714_235.txt water/gen_1777534725_238.txt water/gen_1777534732_240.txt water/gen_1777534736_241.txt water/gen_1777534746_244.txt water/gen_1777534753_246.txt water/gen_1777534757_247.txt water/gen_1777534768_250.txt water/gen_1777534775_252.txt water/gen_1777534779_253.txt water/gen_1777534790_256.txt water/gen_1777534797_258.txt water/gen_1777534801_259.txt water/gen_1777534812_262.txt water/gen_1777534819_264.txt water/gen_1777534823_265.txt water/gen_1777534834_268.txt water/gen_1777534841_270.txt water/gen_1777534845_271.txt water/gen_1777534856_274.txt water/gen_1777534863_276.txt water/gen_1777534867_277.txt water/gen_1777534878_280.txt water/gen_1777534885_282.txt water/gen_1777534889_283.txt water/gen_1777534900_286.txt water/gen_1777534907_288.txt water/gen_1777534911_289.txt water/gen_1777534922_292.txt water/gen_1777534933_295.txt water/gen_1777534944_298.txt water/gen_1777534951_300.txt water/gen_1777534955_301.txt water/gen_1777534966_304.txt water/gen_1777534973_306.txt water/gen_1777534977_307.txt water/gen_1777534988_310.txt water/gen_1777534999_313.txt water/gen_1777535010_316.txt water/gen_1777535017_318.txt water/gen_1777535021_319.txt water/gen_1777535031_322.txt water/gen_1777535042_325.txt water/gen_1777535052_328.txt water/gen_1777535059_330.txt water/gen_1777535063_331.txt water/gen_1777535073_334.txt water/gen_1777535084_337.txt water/gen_1777535094_340.txt water/gen_1777535105_343.txt water/gen_1777535115_346.txt water/gen_1777535122_348.txt water/gen_1777535126_349.txt water/gen_1777535137_352.txt water/gen_1777535144_354.txt water/gen_1777535148_355.txt water/gen_1777535158_358.txt water/gen_1777535166_360.txt water/gen_1777535169_361.txt water/gen_1777535180_364.txt water/gen_1777535188_366.txt water/gen_1777535191_367.txt water/gen_1777535202_370.txt water/gen_1777535209_372.txt water/gen_1777535213_373.txt water/gen_1777535223_376.txt water/gen_1777535234_379.txt water/gen_1777535251_384.txt water/gen_1777535255_385.txt water/gen_1777535265_388.txt water/gen_1777535272_390.txt water/gen_1777535276_391.txt water/gen_1777535286_394.txt water/gen_1777535297_397.txt water/gen_1777535307_400.txt water/gen_1777535314_402.txt water/gen_1777535317_403.txt water/gen_1777535328_406.txt water/gen_1777535335_408.txt water/gen_1777535338_409.txt water/gen_1777535349_412.txt water/gen_1777535359_415.txt water/gen_1777535370_418.txt water/gen_1777535380_421.txt water/gen_1777535390_424.txt water/gen_1777535397_426.txt water/gen_1777535401_427.txt water/gen_1777535411_430.txt water/gen_1777535418_432.txt water/gen_1777535422_433.txt water/gen_1777535432_436.txt water/gen_1777535439_438.txt water/gen_1777535443_439.txt water/gen_1777535453_442.txt water/gen_1777535464_445.txt water/gen_1777535474_448.txt water/gen_1777535481_450.txt water/gen_1777535485_451.txt water/gen_1777535496_454.txt water/gen_1777535506_457.txt water/gen_1777535517_460.txt water/gen_1777535524_462.txt water/gen_1777535527_463.txt water/gen_1777535538_466.txt water/gen_1777535545_468.txt water/gen_1777535548_469.txt water/gen_1777535559_472.txt water/gen_1777535566_474.txt water/gen_1777535569_475.txt water/gen_1777535580_478.txt water/gen_1777535587_480.txt water/gen_1777535591_481.txt water/gen_1777535601_484.txt water/gen_1777535612_487.txt water/gen_1777535622_490.txt water/gen_1777535629_492.txt water/gen_1777535633_493.txt water/gen_1777535644_496.txt water/gen_1777535651_498.txt water/gen_1777535654_499.txt water/gen_1777535665_502.txt]
[trainer] micro-train burst (17680 bytes, novelty 0.04) — and lo, it feeds again.
[syntropy] action=steady | trend=0.0000 | field_dev=0.128 | purpose_align=-0.224 | lr_mul=1.00
[aml] burst complete: 32 steps, avg loss 1.9705 (memory freed)
[dna] fire wrote 278 bytes to ecology
[dna] fire wrote 34 bytes to ecology
[dna] fire wrote 23 bytes to ecology
[dna] fire wrote 106 bytes to ecology
[dna] fire wrote 135 bytes to ecology
[dna] fire wrote 104 bytes to ecology
[dna] fire wrote 39 bytes to ecology
[dna] fire wrote 21 bytes to ecology
[dna] fire wrote 82 bytes to ecology
[dna] fire wrote 30 bytes to ecology
[dna] fire wrote 97 bytes to ecology
[dna] fire wrote 58 bytes to ecology
[dna] fire wrote 16 bytes to ecology
[dna] fire wrote 47 bytes to ecology
[dna] fire wrote 66 bytes to ecology
[dna] fire wrote 142 bytes to ecology
[debug-onto] tick=50 corpus=139805 stage=2 freeze=0
[dna] fire wrote 141 bytes to ecology
[dna] fire wrote 110 bytes to ecology
[dna] fire wrote 92 bytes to ecology
[dna] fire wrote 69 bytes to ecology
[dna] fire wrote 90 bytes to ecology
[dna] fire wrote 35 bytes to ecology
[dna] fire wrote 44 bytes to ecology
[dna] fire wrote 45 bytes to ecology
[dna] fire wrote 93 bytes to ecology
[dna] fire wrote 37 bytes to ecology
[dna] fire wrote 68 bytes to ecology
[dna] fire wrote 111 bytes to ecology
[dna] fire wrote 63 bytes to ecology
[dna] fire wrote 47 bytes to ecology
[dna] fire wrote 37 bytes to ecology
[dna] fire wrote 13 bytes to ecology
[dna] fire wrote 81 bytes to ecology
[debug-onto] tick=100 corpus=139805 stage=2 freeze=0
[dna] fire wrote 208 bytes to ecology
[dna] fire wrote 63 bytes to ecology
[dna] fire wrote 47 bytes to ecology
[dna] fire wrote 93 bytes to ecology
[dna] fire wrote 23 bytes to ecology
[dna] fire wrote 16 bytes to ecology
[dna] fire wrote 32 bytes to ecology
[dna] fire wrote 72 bytes to ecology
[dna] fire wrote 92 bytes to ecology
[dna] fire wrote 198 bytes to ecology
[dna] fire wrote 65 bytes to ecology
[dna] fire wrote 45 bytes to ecology
[dna] fire wrote 102 bytes to ecology
[dna] fire wrote 116 bytes to ecology
[dna] fire wrote 30 bytes to ecology
[dna] fire wrote 20 bytes to ecology
[debug-onto] tick=150 corpus=139805 stage=2 freeze=0
[dna] fire wrote 63 bytes to ecology
[dna] fire wrote 47 bytes to ecology
[dna] fire wrote 19 bytes to ecology
[dna] fire wrote 85 bytes to ecology
[dna] fire wrote 33 bytes to ecology
[dna] fire wrote 103 bytes to ecology
[dna] fire wrote 58 bytes to ecology
[dna] fire wrote 153 bytes to ecology
[dna] fire wrote 110 bytes to ecology
[dna] fire wrote 28 bytes to ecology
[dna] fire wrote 36 bytes to ecology
[dna] fire wrote 8 bytes to ecology
[dna] fire wrote 88 bytes to ecology
[dna] fire wrote 179 bytes to ecology
[dna] fire wrote 39 bytes to ecology
[dna] fire wrote 55 bytes to ecology
[dna] fire wrote 41 bytes to ecology
[debug-onto] tick=200 corpus=139805 stage=2 freeze=0
[dna] fire wrote 104 bytes to ecology
[dna] fire wrote 86 bytes to ecology
[dna] fire wrote 114 bytes to ecology
[dna] fire wrote 55 bytes to ecology
[dna] fire wrote 9 bytes to ecology
[dna] fire wrote 76 bytes to ecology
[dna] fire wrote 12 bytes to ecology
[dna] fire wrote 98 bytes to ecology
[dna] fire wrote 62 bytes to ecology
[dna] fire wrote 8 bytes to ecology
[dna] fire wrote 71 bytes to ecology
[dna] fire wrote 246 bytes to ecology
[dna] fire wrote 14 bytes to ecology
[dna] fire wrote 60 bytes to ecology
[dna] fire wrote 67 bytes to ecology
[dna] fire wrote 146 bytes to ecology
[dna] fire wrote 59 bytes to ecology
[debug-onto] tick=250 corpus=139805 stage=2 freeze=0
[dna] fire wrote 116 bytes to ecology
[dna] fire wrote 91 bytes to ecology
[dna] fire wrote 51 bytes to ecology
[dna] fire wrote 72 bytes to ecology
[dna] fire wrote 96 bytes to ecology
[dna] fire wrote 26 bytes to ecology
[dna] fire wrote 25 bytes to ecology
[dna] fire wrote 32 bytes to ecology
[dna] fire wrote 87 bytes to ecology
[dna] fire wrote 188 bytes to ecology
[dna] fire wrote 64 bytes to ecology
[dna] fire wrote 16 bytes to ecology
[dna] fire wrote 66 bytes to ecology
[dna] fire wrote 81 bytes to ecology
[dna] fire wrote 33 bytes to ecology
[dna] fire wrote 166 bytes to ecology
[debug-onto] tick=300 corpus=139805 stage=2 freeze=0
[dna] fire wrote 40 bytes to ecology
[dna] fire wrote 34 bytes to ecology
[dna] fire wrote 51 bytes to ecology
[dna] fire wrote 165 bytes to ecology
[dna] fire wrote 84 bytes to ecology
[dna] fire wrote 203 bytes to ecology
[dna] fire wrote 36 bytes to ecology
[dna] fire wrote 48 bytes to ecology
[dna] fire wrote 60 bytes to ecology
[dna] fire wrote 132 bytes to ecology
[dna] fire wrote 49 bytes to ecology
[dna] fire wrote 118 bytes to ecology
[dna] fire wrote 81 bytes to ecology
[dna] fire wrote 69 bytes to ecology
[dna] fire wrote 26 bytes to ecology
[dna] fire wrote 127 bytes to ecology
[dna] fire wrote 79 bytes to ecology
[debug-onto] tick=350 corpus=139805 stage=2 freeze=0
[dna] fire wrote 51 bytes to ecology
[dna] fire wrote 60 bytes to ecology
[dna] fire wrote 30 bytes to ecology
[dna] fire wrote 99 bytes to ecology
[dna] fire wrote 47 bytes to ecology
[dna] fire wrote 120 bytes to ecology
[dna] fire wrote 62 bytes to ecology
[dna] fire wrote 75 bytes to ecology
[dna] fire wrote 46 bytes to ecology
[dna] fire wrote 158 bytes to ecology
[dna] fire wrote 58 bytes to ecology
[dna] fire wrote 111 bytes to ecology
[dna] fire wrote 164 bytes to ecology
[dna] fire wrote 39 bytes to ecology
[dna] fire wrote 21 bytes to ecology
[dna] fire wrote 34 bytes to ecology
[dna] fire wrote 54 bytes to ecology
[debug-onto] tick=400 corpus=139805 stage=2 freeze=0
[dna] fire wrote 18 bytes to ecology
[dna] fire wrote 28 bytes to ecology
[dna] fire wrote 46 bytes to ecology
[dna] fire wrote 65 bytes to ecology
[dna] fire wrote 48 bytes to ecology
[dna] fire wrote 54 bytes to ecology
[dna] fire wrote 55 bytes to ecology
[dna] fire wrote 30 bytes to ecology
[dna] fire wrote 30 bytes to ecology
[dna] fire wrote 64 bytes to ecology
[dna] fire wrote 73 bytes to ecology
[dna] fire wrote 45 bytes to ecology
[dna] fire wrote 54 bytes to ecology
[dna] fire wrote 99 bytes to ecology
[dna] fire wrote 48 bytes to ecology
[dna] fire wrote 33 bytes to ecology
[debug-onto] tick=450 corpus=139805 stage=2 freeze=0
[dna] fire wrote 38 bytes to ecology
[dna] fire wrote 94 bytes to ecology
[dna] fire wrote 81 bytes to ecology
[dna] fire wrote 123 bytes to ecology
[dna] fire wrote 77 bytes to ecology
[dna] fire wrote 29 bytes to ecology
[dna] fire wrote 39 bytes to ecology
[dna] fire wrote 42 bytes to ecology
[dna] fire wrote 44 bytes to ecology
[dna] fire wrote 49 bytes to ecology
[dna] fire wrote 58 bytes to ecology
[dna] fire wrote 59 bytes to ecology
[dna] fire wrote 41 bytes to ecology
[dna] fire wrote 61 bytes to ecology
[dna] fire wrote 117 bytes to ecology
[dna] fire wrote 94 bytes to ecology
[dna] fire wrote 153 bytes to ecology
[debug-onto] tick=500 corpus=139805 stage=2 freeze=0
[dna] fire wrote 74 bytes to ecology
[dna] fire wrote 17 bytes to ecology
[dna] fire wrote 30 bytes to ecology
[dna] fire wrote 59 bytes to ecology
[dna] fire wrote 67 bytes to ecology
[dna] fire wrote 22 bytes to ecology
[dna] fire wrote 30 bytes to ecology
[dna] fire wrote 49 bytes to ecology
[dna] fire wrote 10 bytes to ecology
[dna] fire wrote 70 bytes to ecology
[dna] fire wrote 48 bytes to ecology
[dna] fire wrote 151 bytes to ecology
[dna] fire wrote 112 bytes to ecology
[dna] fire wrote 149 bytes to ecology
[dna] fire wrote 55 bytes to ecology
[dna] fire wrote 39 bytes to ecology
[dna] fire wrote 123 bytes to ecology
[debug-onto] tick=550 corpus=139805 stage=2 freeze=0
[dna] fire wrote 65 bytes to ecology
[dna] fire wrote 71 bytes to ecology
[dna] fire wrote 26 bytes to ecology
[dna] fire wrote 50 bytes to ecology
[dna] fire wrote 125 bytes to ecology
[dna] fire wrote 42 bytes to ecology
[dna] fire wrote 122 bytes to ecology
[dna] fire wrote 49 bytes to ecology
[dna] fire wrote 114 bytes to ecology
[dna] fire wrote 39 bytes to ecology
[dna] fire wrote 51 bytes to ecology
[dna] fire wrote 48 bytes to ecology
[dna] fire wrote 147 bytes to ecology
[dna] fire wrote 81 bytes to ecology
[dna] fire wrote 42 bytes to ecology
[dna] fire wrote 35 bytes to ecology
[debug-onto] tick=600 corpus=139805 stage=2 freeze=0
[dna] fire wrote 81 bytes to ecology
[dna] fire wrote 69 bytes to ecology
[dna] fire wrote 24 bytes to ecology
[dna] fire wrote 30 bytes to ecology
[dna] fire wrote 67 bytes to ecology
[dna] fire wrote 104 bytes to ecology
[dna] fire wrote 31 bytes to ecology
[dna] fire wrote 50 bytes to ecology
[dna] fire wrote 96 bytes to ecology
[dna] fire wrote 89 bytes to ecology
[dna] fire wrote 10 bytes to ecology
[dna] fire wrote 61 bytes to ecology
[dna] fire wrote 79 bytes to ecology
[dna] fire wrote 77 bytes to ecology
[dna] fire wrote 65 bytes to ecology
[dna] fire wrote 121 bytes to ecology

[evolution] Organism shutting down gracefully.
