[ecology] Element: water → corpus: nonames_water.txt
[evolution] Autonomous evolution mode — organism will grow through all stages without pause.
[ecology] Joined swarm. 1 peer(s) detected.
molequla is alive. [evolution] Autonomous mode — background trainer running. Ctrl+C to stop.
[dna] water wrote 77 bytes to ecology
[dna] water consumed 51650 bytes from 604 files: [air/gen_1777532079_1.txt air/gen_1777532092_2.txt air/gen_1777532095_3.txt air/gen_1777532098_4.txt air/gen_1777532100_5.txt air/gen_1777532103_6.txt air/gen_1777532106_7.txt air/gen_1777532109_8.txt air/gen_1777532112_9.txt air/gen_1777532115_10.txt air/gen_1777532118_11.txt air/gen_1777532121_12.txt air/gen_1777532124_13.txt air/gen_1777532127_14.txt air/gen_1777532130_15.txt air/gen_1777532133_16.txt air/gen_1777532135_17.txt air/gen_1777532138_18.txt air/gen_1777532141_19.txt air/gen_1777532144_20.txt air/gen_1777532147_21.txt air/gen_1777532150_22.txt air/gen_1777532153_23.txt air/gen_1777532156_24.txt air/gen_1777532158_25.txt air/gen_1777532161_26.txt air/gen_1777532164_27.txt air/gen_1777532167_28.txt air/gen_1777532170_29.txt air/gen_1777532173_30.txt air/gen_1777532176_31.txt air/gen_1777532179_32.txt air/gen_1777532182_33.txt air/gen_1777532184_34.txt air/gen_1777532187_35.txt air/gen_1777532190_36.txt air/gen_1777532193_37.txt air/gen_1777532196_38.txt air/gen_1777532199_39.txt air/gen_1777532202_40.txt air/gen_1777532205_41.txt air/gen_1777532208_42.txt air/gen_1777532210_43.txt air/gen_1777532213_44.txt air/gen_1777532216_45.txt air/gen_1777532219_46.txt air/gen_1777532222_47.txt air/gen_1777532225_48.txt air/gen_1777532228_49.txt air/gen_1777532231_50.txt air/gen_1777532234_51.txt air/gen_1777532237_52.txt air/gen_1777532240_53.txt air/gen_1777532242_54.txt air/gen_1777532245_55.txt air/gen_1777532248_56.txt air/gen_1777532251_57.txt air/gen_1777532254_58.txt air/gen_1777532257_59.txt air/gen_1777532260_60.txt air/gen_1777532263_61.txt air/gen_1777532266_62.txt air/gen_1777532269_63.txt air/gen_1777532271_64.txt air/gen_1777532274_65.txt air/gen_1777532277_66.txt air/gen_1777532280_67.txt air/gen_1777532283_68.txt air/gen_1777532286_69.txt air/gen_1777532289_70.txt air/gen_1777532292_71.txt air/gen_1777532295_72.txt air/gen_1777532298_73.txt air/gen_1777532301_74.txt air/gen_1777532304_75.txt air/gen_1777532306_76.txt air/gen_1777532309_77.txt air/gen_1777532312_78.txt air/gen_1777532315_79.txt air/gen_1777532318_80.txt air/gen_1777532321_81.txt air/gen_1777532324_82.txt air/gen_1777532327_83.txt air/gen_1777532330_84.txt air/gen_1777532333_85.txt air/gen_1777532336_86.txt air/gen_1777532339_87.txt air/gen_1777532341_88.txt air/gen_1777532344_89.txt air/gen_1777532347_90.txt air/gen_1777532350_91.txt air/gen_1777532353_92.txt air/gen_1777532356_93.txt air/gen_1777532359_94.txt air/gen_1777532362_95.txt air/gen_1777532365_96.txt air/gen_1777532368_97.txt air/gen_1777532371_98.txt air/gen_1777532374_99.txt air/gen_1777532377_100.txt air/gen_1777532380_101.txt air/gen_1777532383_102.txt air/gen_1777532386_103.txt air/gen_1777532389_104.txt air/gen_1777532392_105.txt air/gen_1777532394_106.txt air/gen_1777532398_107.txt air/gen_1777532401_108.txt air/gen_1777532404_109.txt air/gen_1777532407_110.txt air/gen_1777532409_111.txt air/gen_1777532412_112.txt air/gen_1777532415_113.txt air/gen_1777532418_114.txt air/gen_1777532421_115.txt air/gen_1777532424_116.txt air/gen_1777532427_117.txt air/gen_1777532430_118.txt air/gen_1777532433_119.txt air/gen_1777532436_120.txt air/gen_1777532439_121.txt air/gen_1777532442_122.txt air/gen_1777532445_123.txt air/gen_1777532448_124.txt air/gen_1777532451_125.txt air/gen_1777532453_126.txt air/gen_1777532456_127.txt air/gen_1777532459_128.txt air/gen_1777532462_129.txt air/gen_1777532465_130.txt air/gen_1777532468_131.txt air/gen_1777532471_132.txt air/gen_1777532474_133.txt air/gen_1777532477_134.txt air/gen_1777532480_135.txt air/gen_1777532483_136.txt air/gen_1777532486_137.txt air/gen_1777532489_138.txt air/gen_1777532492_139.txt air/gen_1777532495_140.txt air/gen_1777532498_141.txt air/gen_1777532501_142.txt air/gen_1777532504_143.txt air/gen_1777532507_144.txt air/gen_1777532510_145.txt air/gen_1777532513_146.txt air/gen_1777532516_147.txt air/gen_1777532518_148.txt air/gen_1777532521_149.txt air/gen_1777532524_150.txt air/gen_1777532527_151.txt air/gen_1777532530_152.txt air/gen_1777532533_153.txt air/gen_1777532536_154.txt air/gen_1777532539_155.txt air/gen_1777532542_156.txt air/gen_1777532545_157.txt air/gen_1777532548_158.txt air/gen_1777532551_159.txt air/gen_1777532553_160.txt air/gen_1777532556_161.txt air/gen_1777532559_162.txt air/gen_1777532562_163.txt air/gen_1777532565_164.txt air/gen_1777532568_165.txt air/gen_1777532571_166.txt air/gen_1777532574_167.txt air/gen_1777532577_168.txt air/gen_1777532580_169.txt air/gen_1777532583_170.txt air/gen_1777532586_171.txt air/gen_1777532589_172.txt air/gen_1777532592_173.txt air/gen_1777532595_174.txt air/gen_1777532598_175.txt air/gen_1777532601_176.txt air/gen_1777532604_177.txt air/gen_1777532607_178.txt air/gen_1777532610_179.txt air/gen_1777532613_180.txt air/gen_1777532616_181.txt air/gen_1777532620_182.txt air/gen_1777532623_183.txt air/gen_1777532626_184.txt air/gen_1777532629_185.txt air/gen_1777532632_186.txt air/gen_1777532635_187.txt air/gen_1777532638_188.txt air/gen_1777532641_189.txt air/gen_1777532644_190.txt air/gen_1777532647_191.txt air/gen_1777532650_192.txt air/gen_1777532653_193.txt air/gen_1777532656_194.txt air/gen_1777532659_195.txt air/gen_1777532662_196.txt air/gen_1777532665_197.txt air/gen_1777532668_198.txt air/gen_1777532671_199.txt air/gen_1777532674_200.txt air/gen_1777532677_201.txt air/gen_1777532680_202.txt air/gen_1777532683_203.txt air/gen_1777532686_204.txt air/gen_1777532689_205.txt air/gen_1777532692_206.txt air/gen_1777532695_207.txt air/gen_1777532698_208.txt air/gen_1777532701_209.txt air/gen_1777532704_210.txt air/gen_1777532708_211.txt air/gen_1777532711_212.txt air/gen_1777532713_213.txt air/gen_1777532716_214.txt air/gen_1777532719_215.txt air/gen_1777532722_216.txt air/gen_1777532725_217.txt air/gen_1777532728_218.txt air/gen_1777532732_219.txt air/gen_1777532735_220.txt air/gen_1777532738_221.txt air/gen_1777532741_222.txt air/gen_1777532744_223.txt air/gen_1777532747_224.txt air/gen_1777532750_225.txt air/gen_1777532753_226.txt air/gen_1777532756_227.txt air/gen_1777532759_228.txt air/gen_1777532762_229.txt air/gen_1777532765_230.txt air/gen_1777532768_231.txt air/gen_1777532771_232.txt air/gen_1777532774_233.txt air/gen_1777532777_234.txt air/gen_1777532780_235.txt air/gen_1777532783_236.txt air/gen_1777532786_237.txt air/gen_1777532789_238.txt air/gen_1777532792_239.txt air/gen_1777532795_240.txt air/gen_1777532798_241.txt air/gen_1777532801_242.txt air/gen_1777532804_243.txt air/gen_1777532807_244.txt air/gen_1777532810_245.txt air/gen_1777532813_246.txt air/gen_1777532816_247.txt air/gen_1777532819_248.txt air/gen_1777532822_249.txt air/gen_1777532825_250.txt air/gen_1777532828_251.txt air/gen_1777532831_252.txt air/gen_1777532834_253.txt air/gen_1777532837_254.txt air/gen_1777532840_255.txt air/gen_1777532843_256.txt air/gen_1777532846_257.txt air/gen_1777532849_258.txt air/gen_1777532852_259.txt air/gen_1777532855_260.txt air/gen_1777532858_261.txt air/gen_1777532861_262.txt air/gen_1777532864_263.txt air/gen_1777532867_264.txt air/gen_1777532870_265.txt air/gen_1777532873_266.txt air/gen_1777532876_267.txt air/gen_1777532879_268.txt air/gen_1777532882_269.txt air/gen_1777532885_270.txt air/gen_1777532888_271.txt air/gen_1777532891_272.txt air/gen_1777532894_273.txt air/gen_1777532897_274.txt air/gen_1777532900_275.txt air/gen_1777532903_276.txt air/gen_1777532906_277.txt air/gen_1777532909_278.txt air/gen_1777532912_279.txt air/gen_1777532915_280.txt air/gen_1777532918_281.txt air/gen_1777532921_282.txt air/gen_1777532924_283.txt air/gen_1777532927_284.txt air/gen_1777532930_285.txt air/gen_1777532933_286.txt air/gen_1777532937_287.txt air/gen_1777532940_288.txt air/gen_1777532943_289.txt air/gen_1777532946_290.txt air/gen_1777532949_291.txt air/gen_1777532952_292.txt air/gen_1777532955_293.txt air/gen_1777532958_294.txt air/gen_1777532961_295.txt air/gen_1777532964_296.txt air/gen_1777532967_297.txt air/gen_1777532970_298.txt air/gen_1777532973_299.txt air/gen_1777532976_300.txt air/gen_1777532979_301.txt air/gen_1777532982_302.txt air/gen_1777532985_303.txt air/gen_1777532988_304.txt air/gen_1777532991_305.txt air/gen_1777532994_306.txt air/gen_1777532997_307.txt air/gen_1777533000_308.txt air/gen_1777533003_309.txt air/gen_1777533006_310.txt air/gen_1777533009_311.txt air/gen_1777533012_312.txt air/gen_1777533015_313.txt air/gen_1777533018_314.txt air/gen_1777533021_315.txt air/gen_1777533024_316.txt air/gen_1777533027_317.txt air/gen_1777533030_318.txt air/gen_1777533033_319.txt air/gen_1777533036_320.txt air/gen_1777533039_321.txt air/gen_1777533042_322.txt air/gen_1777533045_323.txt air/gen_1777533049_324.txt air/gen_1777533052_325.txt air/gen_1777533055_326.txt air/gen_1777533058_327.txt air/gen_1777533061_328.txt air/gen_1777533064_329.txt air/gen_1777533066_330.txt air/gen_1777533069_331.txt air/gen_1777533073_332.txt air/gen_1777533076_333.txt air/gen_1777533079_334.txt air/gen_1777533082_335.txt air/gen_1777533085_336.txt air/gen_1777533088_337.txt air/gen_1777533091_338.txt air/gen_1777533094_339.txt air/gen_1777533097_340.txt air/gen_1777533100_341.txt air/gen_1777533103_342.txt air/gen_1777533106_343.txt air/gen_1777533109_344.txt air/gen_1777533112_345.txt air/gen_1777533115_346.txt air/gen_1777533118_347.txt air/gen_1777533121_348.txt air/gen_1777533124_349.txt air/gen_1777533127_350.txt air/gen_1777533130_351.txt air/gen_1777533133_352.txt air/gen_1777533136_353.txt air/gen_1777533139_354.txt air/gen_1777533142_355.txt air/gen_1777533145_356.txt air/gen_1777533148_357.txt air/gen_1777533151_358.txt air/gen_1777533154_359.txt air/gen_1777533157_360.txt air/gen_1777533160_361.txt air/gen_1777533163_362.txt air/gen_1777533166_363.txt air/gen_1777533169_364.txt air/gen_1777533172_365.txt air/gen_1777533175_366.txt air/gen_1777533178_367.txt air/gen_1777533181_368.txt air/gen_1777533184_369.txt air/gen_1777533187_370.txt air/gen_1777533190_371.txt air/gen_1777533193_372.txt air/gen_1777533196_373.txt air/gen_1777533199_374.txt air/gen_1777533202_375.txt air/gen_1777533205_376.txt air/gen_1777533208_377.txt air/gen_1777533211_378.txt air/gen_1777533214_379.txt air/gen_1777533217_380.txt air/gen_1777533220_381.txt air/gen_1777533223_382.txt air/gen_1777533226_383.txt air/gen_1777533229_384.txt air/gen_1777533232_385.txt air/gen_1777533235_386.txt air/gen_1777533238_387.txt air/gen_1777533241_388.txt air/gen_1777533244_389.txt air/gen_1777533247_390.txt air/gen_1777533250_391.txt air/gen_1777533253_392.txt air/gen_1777533256_393.txt air/gen_1777533259_394.txt air/gen_1777533262_395.txt air/gen_1777533265_396.txt air/gen_1777533268_397.txt air/gen_1777533271_398.txt air/gen_1777533274_399.txt air/gen_1777533277_400.txt air/gen_1777533280_401.txt air/gen_1777533283_402.txt air/gen_1777533286_403.txt air/gen_1777533289_404.txt air/gen_1777533292_405.txt air/gen_1777533295_406.txt air/gen_1777533298_407.txt air/gen_1777533301_408.txt air/gen_1777533304_409.txt air/gen_1777533308_410.txt air/gen_1777533311_411.txt air/gen_1777533314_412.txt air/gen_1777533317_413.txt air/gen_1777533320_414.txt air/gen_1777533323_415.txt air/gen_1777533326_416.txt air/gen_1777533329_417.txt air/gen_1777533332_418.txt air/gen_1777533335_419.txt air/gen_1777533338_420.txt air/gen_1777533341_421.txt air/gen_1777533344_422.txt air/gen_1777533347_423.txt air/gen_1777533350_424.txt air/gen_1777533353_425.txt air/gen_1777533356_426.txt air/gen_1777533359_427.txt air/gen_1777533362_428.txt air/gen_1777533365_429.txt air/gen_1777533368_430.txt air/gen_1777533371_431.txt air/gen_1777533374_432.txt air/gen_1777533377_433.txt air/gen_1777533380_434.txt air/gen_1777533383_435.txt air/gen_1777533386_436.txt air/gen_1777533389_437.txt air/gen_1777533393_438.txt air/gen_1777533396_439.txt air/gen_1777533399_440.txt air/gen_1777533402_441.txt air/gen_1777533405_442.txt air/gen_1777533407_443.txt air/gen_1777533410_444.txt air/gen_1777533413_445.txt air/gen_1777533417_446.txt air/gen_1777533419_447.txt air/gen_1777533422_448.txt air/gen_1777533425_449.txt air/gen_1777533428_450.txt air/gen_1777533431_451.txt air/gen_1777533434_452.txt air/gen_1777533437_453.txt air/gen_1777533440_454.txt air/gen_1777533443_455.txt air/gen_1777533446_456.txt air/gen_1777533449_457.txt air/gen_1777533452_458.txt air/gen_1777533455_459.txt air/gen_1777533458_460.txt air/gen_1777533461_461.txt air/gen_1777533464_462.txt air/gen_1777533467_463.txt air/gen_1777533470_464.txt air/gen_1777533473_465.txt air/gen_1777533476_466.txt air/gen_1777533479_467.txt air/gen_1777533481_468.txt air/gen_1777533484_469.txt air/gen_1777533487_470.txt air/gen_1777533490_471.txt air/gen_1777533493_472.txt air/gen_1777533496_473.txt air/gen_1777533499_474.txt air/gen_1777533502_475.txt air/gen_1777533505_476.txt air/gen_1777533508_477.txt air/gen_1777533511_478.txt air/gen_1777533513_479.txt air/gen_1777533516_480.txt air/gen_1777533519_481.txt air/gen_1777533522_482.txt air/gen_1777533525_483.txt air/gen_1777533528_484.txt air/gen_1777533531_485.txt air/gen_1777533534_486.txt air/gen_1777533537_487.txt air/gen_1777533540_488.txt air/gen_1777533542_489.txt air/gen_1777533545_490.txt air/gen_1777533548_491.txt air/gen_1777533551_492.txt air/gen_1777533554_493.txt air/gen_1777533557_494.txt air/gen_1777533560_495.txt air/gen_1777533562_496.txt air/gen_1777533565_497.txt air/gen_1777533568_498.txt air/gen_1777533571_499.txt air/gen_1777533574_500.txt air/gen_1777533577_501.txt air/gen_1777533580_502.txt air/gen_1777533583_503.txt air/gen_1777533586_504.txt air/gen_1777533588_505.txt air/gen_1777533591_506.txt air/gen_1777533594_507.txt air/gen_1777533597_508.txt air/gen_1777533600_509.txt air/gen_1777533603_510.txt air/gen_1777533606_511.txt air/gen_1777533608_512.txt air/gen_1777533611_513.txt air/gen_1777533614_514.txt air/gen_1777533617_515.txt air/gen_1777533620_516.txt air/gen_1777533623_517.txt air/gen_1777533626_518.txt air/gen_1777533628_519.txt air/gen_1777533631_520.txt air/gen_1777533634_521.txt air/gen_1777533637_522.txt air/gen_1777533640_523.txt air/gen_1777533643_524.txt air/gen_1777533646_525.txt air/gen_1777533649_526.txt air/gen_1777533651_527.txt air/gen_1777533654_528.txt air/gen_1777533657_529.txt air/gen_1777533660_530.txt air/gen_1777533663_531.txt air/gen_1777533666_532.txt air/gen_1777533669_533.txt air/gen_1777533672_534.txt air/gen_1777533675_535.txt air/gen_1777533678_536.txt air/gen_1777533681_537.txt air/gen_1777533684_538.txt air/gen_1777533687_539.txt air/gen_1777533690_540.txt air/gen_1777533692_541.txt air/gen_1777533695_542.txt air/gen_1777533698_543.txt air/gen_1777533701_544.txt air/gen_1777533704_545.txt air/gen_1777533707_546.txt air/gen_1777533710_547.txt air/gen_1777533713_548.txt air/gen_1777533716_549.txt air/gen_1777533719_550.txt air/gen_1777533722_551.txt air/gen_1777533724_552.txt air/gen_1777533727_553.txt air/gen_1777533730_554.txt air/gen_1777533733_555.txt air/gen_1777533736_556.txt air/gen_1777533739_557.txt air/gen_1777533742_558.txt air/gen_1777533745_559.txt air/gen_1777533748_560.txt air/gen_1777533750_561.txt air/gen_1777533753_562.txt air/gen_1777533756_563.txt air/gen_1777533759_564.txt air/gen_1777533762_565.txt air/gen_1777533765_566.txt air/gen_1777533768_567.txt air/gen_1777533771_568.txt air/gen_1777533773_569.txt air/gen_1777533776_570.txt air/gen_1777533779_571.txt air/gen_1777533782_572.txt air/gen_1777533785_573.txt air/gen_1777533788_574.txt air/gen_1777533791_575.txt air/gen_1777533794_576.txt air/gen_1777533797_577.txt air/gen_1777533799_578.txt air/gen_1777533802_579.txt air/gen_1777533805_580.txt air/gen_1777533808_581.txt air/gen_1777533811_582.txt air/gen_1777533814_583.txt air/gen_1777533817_584.txt air/gen_1777533819_585.txt air/gen_1777533822_586.txt air/gen_1777533825_587.txt air/gen_1777533828_588.txt air/gen_1777533831_589.txt air/gen_1777533834_590.txt air/gen_1777533837_591.txt air/gen_1777533839_592.txt air/gen_1777533842_593.txt air/gen_1777533845_594.txt air/gen_1777533848_595.txt air/gen_1777533851_596.txt air/gen_1777533854_597.txt air/gen_1777533857_598.txt air/gen_1777533860_599.txt air/gen_1777533862_600.txt air/gen_1777533865_601.txt air/gen_1777533868_602.txt air/gen_1777533871_603.txt air/gen_1777533874_604.txt]
[trainer] micro-train burst (51650 bytes, novelty 0.01) — and lo, it feeds again.
[syntropy] action=explore | trend=0.0000 | field_dev=0.009 | purpose_align=-0.217 | lr_mul=1.30
[aml] burst complete: 32 steps, avg loss 1.5979 (memory freed)
[dna] water wrote 139 bytes to ecology
[dna] water wrote 58 bytes to ecology
[dna] water wrote 61 bytes to ecology
[dna] water wrote 65 bytes to ecology
[dna] water wrote 58 bytes to ecology
[dna] water wrote 86 bytes to ecology
[dna] water wrote 34 bytes to ecology
[dna] water wrote 53 bytes to ecology
[dna] water wrote 39 bytes to ecology
[dna] water wrote 17 bytes to ecology
[dna] water wrote 65 bytes to ecology
[dna] water wrote 17 bytes to ecology
[dna] water wrote 80 bytes to ecology
[dna] water wrote 48 bytes to ecology
[dna] water wrote 99 bytes to ecology
[dna] water wrote 102 bytes to ecology
[dna] water wrote 107 bytes to ecology
[dna] water wrote 141 bytes to ecology
[dna] water wrote 53 bytes to ecology
[dna] water wrote 77 bytes to ecology
[dna] water wrote 28 bytes to ecology
[debug-onto] tick=50 corpus=177951 stage=2 freeze=0
[dna] water wrote 28 bytes to ecology
[dna] water wrote 29 bytes to ecology
[dna] water wrote 37 bytes to ecology
[dna] water wrote 59 bytes to ecology
[dna] water wrote 127 bytes to ecology
[dna] water wrote 118 bytes to ecology
[dna] water wrote 98 bytes to ecology
[dna] water wrote 81 bytes to ecology
[dna] water wrote 141 bytes to ecology
[dna] water wrote 219 bytes to ecology
[dna] water wrote 90 bytes to ecology
[dna] water wrote 43 bytes to ecology
[dna] water wrote 52 bytes to ecology
[dna] water wrote 54 bytes to ecology
[dna] water wrote 38 bytes to ecology
[dna] water wrote 57 bytes to ecology
[dna] water wrote 81 bytes to ecology
[dna] water wrote 41 bytes to ecology
[dna] water wrote 41 bytes to ecology
[dna] water wrote 43 bytes to ecology
[dna] water wrote 289 bytes to ecology
[debug-onto] tick=100 corpus=177951 stage=2 freeze=0
[dna] water wrote 131 bytes to ecology
[dna] water wrote 69 bytes to ecology
[dna] water wrote 163 bytes to ecology
[dna] water wrote 17 bytes to ecology
[dna] water wrote 113 bytes to ecology
[dna] water wrote 67 bytes to ecology
[dna] water wrote 118 bytes to ecology
[dna] water wrote 66 bytes to ecology
[dna] water wrote 30 bytes to ecology
[dna] water wrote 78 bytes to ecology
[dna] water wrote 83 bytes to ecology
[dna] water wrote 126 bytes to ecology
[dna] water wrote 129 bytes to ecology
[dna] water wrote 75 bytes to ecology
[dna] water wrote 35 bytes to ecology
[dna] water wrote 110 bytes to ecology
[dna] water wrote 92 bytes to ecology
[dna] water wrote 142 bytes to ecology
[dna] water wrote 60 bytes to ecology
[dna] water wrote 43 bytes to ecology
[dna] water wrote 18 bytes to ecology
[dna] water wrote 183 bytes to ecology
[dna] water wrote 52 bytes to ecology
[debug-onto] tick=150 corpus=177951 stage=2 freeze=0
[dna] water wrote 55 bytes to ecology
[dna] water wrote 65 bytes to ecology
[dna] water wrote 115 bytes to ecology
[dna] water wrote 66 bytes to ecology
[dna] water wrote 95 bytes to ecology
[dna] water wrote 80 bytes to ecology
[dna] water wrote 69 bytes to ecology
[dna] water wrote 116 bytes to ecology
[dna] water wrote 38 bytes to ecology
[dna] water wrote 19 bytes to ecology
[dna] water wrote 137 bytes to ecology
[dna] water wrote 124 bytes to ecology
[dna] water wrote 30 bytes to ecology
[dna] water wrote 46 bytes to ecology
[dna] water wrote 60 bytes to ecology
[dna] water wrote 120 bytes to ecology
[dna] water wrote 21 bytes to ecology
[dna] water wrote 132 bytes to ecology
[dna] water wrote 58 bytes to ecology
[dna] water wrote 20 bytes to ecology
[dna] water wrote 144 bytes to ecology
[dna] water wrote 59 bytes to ecology
[dna] water wrote 27 bytes to ecology
[dna] water wrote 141 bytes to ecology
[debug-onto] tick=200 corpus=177951 stage=2 freeze=0
[dna] water wrote 50 bytes to ecology
[dna] water wrote 55 bytes to ecology
[dna] water wrote 44 bytes to ecology
[dna] water wrote 69 bytes to ecology
[dna] water wrote 11 bytes to ecology
[dna] water wrote 118 bytes to ecology
[dna] water wrote 215 bytes to ecology
[dna] water wrote 89 bytes to ecology
[dna] water wrote 192 bytes to ecology
[dna] water wrote 39 bytes to ecology
[dna] water wrote 78 bytes to ecology
[dna] water wrote 136 bytes to ecology
[dna] water wrote 31 bytes to ecology
[dna] water wrote 45 bytes to ecology
[dna] water wrote 127 bytes to ecology
[dna] water wrote 251 bytes to ecology
[dna] water wrote 66 bytes to ecology
[dna] water wrote 80 bytes to ecology
[dna] water wrote 156 bytes to ecology
[dna] water wrote 138 bytes to ecology
[dna] water wrote 93 bytes to ecology
[dna] water wrote 37 bytes to ecology
[debug-onto] tick=250 corpus=177951 stage=2 freeze=0
[dna] water wrote 45 bytes to ecology
[dna] water wrote 143 bytes to ecology
[dna] water wrote 36 bytes to ecology
[dna] water wrote 24 bytes to ecology
[dna] water wrote 137 bytes to ecology
[dna] water wrote 50 bytes to ecology
[dna] water wrote 156 bytes to ecology
[dna] water wrote 132 bytes to ecology
[dna] water wrote 112 bytes to ecology
[dna] water wrote 79 bytes to ecology
[dna] water wrote 35 bytes to ecology
[dna] water wrote 62 bytes to ecology
[dna] water wrote 35 bytes to ecology
[dna] water wrote 31 bytes to ecology
[dna] water wrote 71 bytes to ecology
[dna] water wrote 19 bytes to ecology
[dna] water wrote 83 bytes to ecology
[dna] water wrote 82 bytes to ecology
[dna] water wrote 170 bytes to ecology
[dna] water wrote 41 bytes to ecology
[dna] water wrote 245 bytes to ecology
[dna] water wrote 8 bytes to ecology
[dna] water wrote 50 bytes to ecology
[dna] water wrote 55 bytes to ecology
[dna] water wrote 49 bytes to ecology
[debug-onto] tick=300 corpus=177951 stage=2 freeze=0
[dna] water wrote 60 bytes to ecology
[dna] water wrote 154 bytes to ecology
[dna] water wrote 57 bytes to ecology
[dna] water wrote 25 bytes to ecology
[dna] water wrote 31 bytes to ecology
[dna] water wrote 71 bytes to ecology
[dna] water wrote 81 bytes to ecology
[dna] water wrote 40 bytes to ecology
[dna] water wrote 103 bytes to ecology
[dna] water wrote 96 bytes to ecology
[dna] water wrote 164 bytes to ecology
[dna] water wrote 63 bytes to ecology
[dna] water wrote 89 bytes to ecology
[dna] water wrote 24 bytes to ecology
[dna] water wrote 48 bytes to ecology
[dna] water wrote 50 bytes to ecology
[dna] water wrote 95 bytes to ecology
[dna] water wrote 33 bytes to ecology
[dna] water wrote 30 bytes to ecology
[dna] water wrote 69 bytes to ecology
[dna] water wrote 43 bytes to ecology
[debug-onto] tick=350 corpus=177951 stage=2 freeze=0
[dna] water wrote 50 bytes to ecology
[dna] water wrote 15 bytes to ecology
[dna] water wrote 86 bytes to ecology
[dna] water wrote 71 bytes to ecology
[dna] water wrote 149 bytes to ecology
[dna] water wrote 55 bytes to ecology
[dna] water wrote 83 bytes to ecology
[dna] water wrote 15 bytes to ecology
[dna] water wrote 31 bytes to ecology
[dna] water wrote 186 bytes to ecology
[dna] water wrote 158 bytes to ecology
[dna] water wrote 107 bytes to ecology
[dna] water wrote 98 bytes to ecology
[dna] water wrote 31 bytes to ecology
[dna] water wrote 9 bytes to ecology
[dna] water wrote 28 bytes to ecology
[dna] water wrote 78 bytes to ecology
[dna] water wrote 56 bytes to ecology
[dna] water wrote 61 bytes to ecology
[dna] water wrote 79 bytes to ecology
[dna] water wrote 43 bytes to ecology
[dna] water wrote 10 bytes to ecology
[dna] water wrote 46 bytes to ecology
[debug-onto] tick=400 corpus=177951 stage=2 freeze=0
[dna] water wrote 111 bytes to ecology
[dna] water wrote 80 bytes to ecology
[dna] water wrote 102 bytes to ecology
[dna] water wrote 35 bytes to ecology
[dna] water wrote 77 bytes to ecology
[dna] water wrote 146 bytes to ecology
[dna] water wrote 81 bytes to ecology
[dna] water wrote 230 bytes to ecology
[dna] water wrote 39 bytes to ecology
[dna] water wrote 26 bytes to ecology
[dna] water wrote 31 bytes to ecology
[dna] water wrote 197 bytes to ecology
[dna] water wrote 66 bytes to ecology
[dna] water wrote 39 bytes to ecology
[dna] water wrote 80 bytes to ecology
[dna] water wrote 55 bytes to ecology
[dna] water wrote 50 bytes to ecology
[dna] water wrote 28 bytes to ecology
[dna] water wrote 42 bytes to ecology
[dna] water wrote 144 bytes to ecology
[dna] water wrote 54 bytes to ecology
[dna] water wrote 35 bytes to ecology
[debug-onto] tick=450 corpus=177951 stage=2 freeze=0
[dna] water wrote 38 bytes to ecology
[dna] water wrote 35 bytes to ecology
[dna] water wrote 112 bytes to ecology
[dna] water wrote 37 bytes to ecology
[dna] water wrote 24 bytes to ecology
[dna] water wrote 150 bytes to ecology
[dna] water wrote 44 bytes to ecology
[dna] water wrote 56 bytes to ecology
[dna] water wrote 49 bytes to ecology
[dna] water wrote 39 bytes to ecology
[dna] water wrote 70 bytes to ecology
[dna] water wrote 132 bytes to ecology
[dna] water wrote 222 bytes to ecology
[dna] water wrote 100 bytes to ecology
[dna] water wrote 34 bytes to ecology
[dna] water wrote 68 bytes to ecology
[dna] water wrote 45 bytes to ecology
[dna] water wrote 92 bytes to ecology
[dna] water wrote 40 bytes to ecology
[dna] water wrote 52 bytes to ecology
[dna] water wrote 85 bytes to ecology
[dna] water wrote 64 bytes to ecology
[dna] water wrote 88 bytes to ecology
[debug-onto] tick=500 corpus=177951 stage=2 freeze=0
[dna] water wrote 125 bytes to ecology

[evolution] Organism shutting down gracefully.
