[ecology] Element: air → corpus: nonames_air.txt
[evolution] Autonomous evolution mode — organism will grow through all stages without pause.
[ecology] Joined swarm. 1 peer(s) detected.
molequla is alive. [evolution] Autonomous mode — background trainer running. Ctrl+C to stop.
[dna] air wrote 45 bytes to ecology
[dna] air consumed 17342 bytes from 223 files: [earth/gen_1775713600_1.txt earth/gen_1775713608_4.txt earth/gen_1775713616_7.txt earth/gen_1775713624_10.txt earth/gen_1775713631_13.txt earth/gen_1775713639_16.txt earth/gen_1775713646_19.txt earth/gen_1775713654_22.txt earth/gen_1775713661_25.txt earth/gen_1775713669_28.txt earth/gen_1775713677_31.txt earth/gen_1775713684_34.txt earth/gen_1775713692_37.txt earth/gen_1775713700_40.txt earth/gen_1775713708_43.txt earth/gen_1775713716_46.txt earth/gen_1775713723_49.txt earth/gen_1775713731_52.txt earth/gen_1775713739_55.txt earth/gen_1775713747_58.txt earth/gen_1775713754_61.txt earth/gen_1775713762_64.txt earth/gen_1775713770_67.txt earth/gen_1775713778_70.txt earth/gen_1775713786_73.txt earth/gen_1775713793_76.txt earth/gen_1775713801_79.txt earth/gen_1775713809_82.txt earth/gen_1775713817_85.txt earth/gen_1775713825_88.txt earth/gen_1775713832_91.txt earth/gen_1775713840_94.txt earth/gen_1775713848_97.txt earth/gen_1775713856_100.txt earth/gen_1775713864_103.txt earth/gen_1775713871_106.txt earth/gen_1775713879_109.txt earth/gen_1775713887_112.txt earth/gen_1775713895_115.txt earth/gen_1775713903_118.txt earth/gen_1775713911_121.txt earth/gen_1775713919_124.txt earth/gen_1775713927_127.txt earth/gen_1775713935_130.txt earth/gen_1775713943_133.txt earth/gen_1775713950_136.txt earth/gen_1775713958_139.txt earth/gen_1775713966_142.txt earth/gen_1775713974_145.txt earth/gen_1775713982_148.txt earth/gen_1775713990_151.txt earth/gen_1775713998_154.txt earth/gen_1775714006_157.txt earth/gen_1775714014_160.txt earth/gen_1775714022_163.txt earth/gen_1775714030_166.txt earth/gen_1775714038_169.txt earth/gen_1775714046_172.txt earth/gen_1775714054_175.txt earth/gen_1775714062_178.txt earth/gen_1775714070_181.txt earth/gen_1775714078_184.txt earth/gen_1775714086_187.txt earth/gen_1775714094_190.txt earth/gen_1775714102_193.txt earth/gen_1775714110_196.txt earth/gen_1775714118_199.txt earth/gen_1775714126_202.txt earth/gen_1775714134_205.txt earth/gen_1775714142_208.txt earth/gen_1775714150_211.txt earth/gen_1775714158_214.txt earth/gen_1775714167_217.txt earth/gen_1775714175_220.txt earth/gen_1775714183_223.txt earth/gen_1775714191_226.txt earth/gen_1775714199_229.txt earth/gen_1775714207_232.txt earth/gen_1775714215_235.txt earth/gen_1775714223_238.txt earth/gen_1775714231_241.txt earth/gen_1775714239_244.txt earth/gen_1775714247_247.txt earth/gen_1775714255_250.txt earth/gen_1775714263_253.txt earth/gen_1775714271_256.txt earth/gen_1775714279_259.txt earth/gen_1775714287_262.txt earth/gen_1775714295_265.txt earth/gen_1775714303_268.txt earth/gen_1775714311_271.txt earth/gen_1775714319_274.txt earth/gen_1775714327_277.txt earth/gen_1775714335_280.txt earth/gen_1775714343_283.txt earth/gen_1775714351_286.txt earth/gen_1775714359_289.txt earth/gen_1775714367_292.txt earth/gen_1775714375_295.txt earth/gen_1775714383_298.txt earth/gen_1775714391_301.txt earth/gen_1775714399_304.txt earth/gen_1775714407_307.txt earth/gen_1775714415_310.txt earth/gen_1775714423_313.txt earth/gen_1775714431_316.txt earth/gen_1775714439_319.txt earth/gen_1775714447_322.txt earth/gen_1775714455_325.txt earth/gen_1775714463_328.txt earth/gen_1775714471_331.txt earth/gen_1775714479_334.txt earth/gen_1775714487_337.txt earth/gen_1775714495_340.txt earth/gen_1775714503_343.txt earth/gen_1775714511_346.txt earth/gen_1775714519_349.txt earth/gen_1775714527_352.txt earth/gen_1775714535_355.txt earth/gen_1775714543_358.txt earth/gen_1775714551_361.txt earth/gen_1775714559_364.txt earth/gen_1775714567_367.txt earth/gen_1775714575_370.txt earth/gen_1775714583_373.txt earth/gen_1775714591_376.txt earth/gen_1775714600_379.txt earth/gen_1775714608_382.txt earth/gen_1775714616_385.txt earth/gen_1775714624_388.txt earth/gen_1775714632_391.txt earth/gen_1775714640_394.txt earth/gen_1775714648_397.txt earth/gen_1775714656_400.txt earth/gen_1775714664_403.txt earth/gen_1775714672_406.txt earth/gen_1775714680_409.txt earth/gen_1775714688_412.txt earth/gen_1775714696_415.txt earth/gen_1775714704_418.txt earth/gen_1775714712_421.txt earth/gen_1775714720_424.txt earth/gen_1775714728_427.txt earth/gen_1775714736_430.txt earth/gen_1775714745_433.txt earth/gen_1775714753_436.txt earth/gen_1775714761_439.txt earth/gen_1775714769_442.txt earth/gen_1775714777_445.txt earth/gen_1775714785_448.txt earth/gen_1775714793_451.txt earth/gen_1775714801_454.txt earth/gen_1775714809_457.txt earth/gen_1775714817_460.txt earth/gen_1775714825_463.txt earth/gen_1775714833_466.txt earth/gen_1775714841_469.txt earth/gen_1775714849_472.txt earth/gen_1775714857_475.txt earth/gen_1775714865_478.txt earth/gen_1775714873_481.txt earth/gen_1775714881_484.txt earth/gen_1775714889_487.txt earth/gen_1775714896_490.txt earth/gen_1775714904_493.txt earth/gen_1775714912_496.txt earth/gen_1775714920_499.txt earth/gen_1775714928_502.txt earth/gen_1775714936_505.txt earth/gen_1775714944_508.txt earth/gen_1775714952_511.txt earth/gen_1775714960_514.txt earth/gen_1775714968_517.txt earth/gen_1775714976_520.txt earth/gen_1775714983_523.txt earth/gen_1775714991_526.txt earth/gen_1775714999_529.txt earth/gen_1775715007_532.txt earth/gen_1775715015_535.txt earth/gen_1775715023_538.txt earth/gen_1775715031_541.txt earth/gen_1775715039_544.txt earth/gen_1775715047_547.txt earth/gen_1775715055_550.txt earth/gen_1775715063_553.txt earth/gen_1775715071_556.txt earth/gen_1775715079_559.txt earth/gen_1775715087_562.txt earth/gen_1775715095_565.txt earth/gen_1775715103_568.txt earth/gen_1775715111_571.txt earth/gen_1775715119_574.txt earth/gen_1775715127_577.txt earth/gen_1775715135_580.txt earth/gen_1775715143_583.txt earth/gen_1775715151_586.txt earth/gen_1775715159_589.txt earth/gen_1775715167_592.txt earth/gen_1775715175_595.txt earth/gen_1775715183_598.txt earth/gen_1775715191_601.txt earth/gen_1775715199_604.txt earth/gen_1775715207_607.txt earth/gen_1775715215_610.txt earth/gen_1775715223_613.txt earth/gen_1775715231_616.txt earth/gen_1775715239_619.txt earth/gen_1775715247_622.txt earth/gen_1775715255_625.txt earth/gen_1775715263_628.txt earth/gen_1775715271_631.txt earth/gen_1775715279_634.txt earth/gen_1775715287_637.txt earth/gen_1775715295_640.txt earth/gen_1775715303_643.txt earth/gen_1775715311_646.txt earth/gen_1775715319_649.txt earth/gen_1775715327_652.txt earth/gen_1775715335_655.txt earth/gen_1775715343_658.txt earth/gen_1775715351_661.txt earth/gen_1775715359_664.txt earth/gen_1775715367_667.txt]
[trainer] micro-train burst (17342 bytes, novelty 0.04) — and lo, it feeds again.
[syntropy] action=steady | trend=0.0000 | field_dev=0.102 | purpose_align=-0.113 | lr_mul=1.00
[aml] burst complete: 32 steps, avg loss 2.5102 (memory freed)
[dna] air wrote 47 bytes to ecology
[dna] air wrote 80 bytes to ecology
[dna] air wrote 109 bytes to ecology
[dna] air wrote 33 bytes to ecology
[dna] air wrote 7 bytes to ecology
[dna] air wrote 34 bytes to ecology
[dna] air wrote 18 bytes to ecology
[dna] air wrote 168 bytes to ecology
[dna] air wrote 50 bytes to ecology
[dna] air wrote 39 bytes to ecology
[dna] air wrote 60 bytes to ecology
[dna] air wrote 31 bytes to ecology
[dna] air wrote 262 bytes to ecology
[dna] air wrote 25 bytes to ecology
[dna] air wrote 58 bytes to ecology
[dna] air wrote 36 bytes to ecology
[debug-onto] tick=50 corpus=139881 stage=2 freeze=0
[dna] air wrote 48 bytes to ecology
[dna] air wrote 54 bytes to ecology
[dna] air wrote 84 bytes to ecology
[dna] air wrote 52 bytes to ecology
[dna] air wrote 71 bytes to ecology
[dna] air wrote 77 bytes to ecology
[dna] air wrote 34 bytes to ecology
[dna] air wrote 37 bytes to ecology
[dna] air wrote 52 bytes to ecology
[dna] air wrote 65 bytes to ecology
[dna] air wrote 76 bytes to ecology
[dna] air wrote 69 bytes to ecology
[dna] air wrote 104 bytes to ecology
[dna] air wrote 31 bytes to ecology
[dna] air wrote 45 bytes to ecology
[dna] air wrote 43 bytes to ecology
[dna] air wrote 29 bytes to ecology
[debug-onto] tick=100 corpus=139881 stage=2 freeze=0
[dna] air wrote 56 bytes to ecology
[dna] air wrote 194 bytes to ecology
[dna] air wrote 85 bytes to ecology
[dna] air wrote 31 bytes to ecology
[dna] air wrote 26 bytes to ecology
[dna] air wrote 48 bytes to ecology
[dna] air wrote 65 bytes to ecology
[dna] air wrote 108 bytes to ecology
[dna] air wrote 74 bytes to ecology
[dna] air wrote 97 bytes to ecology
[dna] air wrote 139 bytes to ecology
[dna] air wrote 64 bytes to ecology
[dna] air wrote 243 bytes to ecology
[dna] air wrote 52 bytes to ecology
[dna] air wrote 148 bytes to ecology
[dna] air wrote 70 bytes to ecology
[debug-onto] tick=150 corpus=139881 stage=2 freeze=0
[dna] air wrote 44 bytes to ecology
[dna] air wrote 35 bytes to ecology
[dna] air wrote 134 bytes to ecology
[dna] air wrote 59 bytes to ecology
[dna] air wrote 18 bytes to ecology
[dna] air wrote 12 bytes to ecology
[dna] air wrote 50 bytes to ecology
[dna] air wrote 96 bytes to ecology
[dna] air wrote 131 bytes to ecology
[dna] air wrote 111 bytes to ecology
[dna] air wrote 38 bytes to ecology
[dna] air wrote 62 bytes to ecology
[dna] air wrote 107 bytes to ecology
[dna] air wrote 131 bytes to ecology
[dna] air wrote 8 bytes to ecology
[dna] air wrote 51 bytes to ecology
[dna] air wrote 65 bytes to ecology
[debug-onto] tick=200 corpus=139881 stage=2 freeze=0
[dna] air wrote 89 bytes to ecology
[dna] air wrote 38 bytes to ecology
[dna] air wrote 44 bytes to ecology
[dna] air wrote 155 bytes to ecology
[dna] air wrote 97 bytes to ecology
[dna] air wrote 107 bytes to ecology
[dna] air wrote 35 bytes to ecology
[dna] air wrote 106 bytes to ecology
[dna] air wrote 15 bytes to ecology
[dna] air wrote 158 bytes to ecology
[dna] air wrote 68 bytes to ecology
[dna] air wrote 24 bytes to ecology
[dna] air wrote 46 bytes to ecology
[dna] air wrote 14 bytes to ecology
[dna] air wrote 9 bytes to ecology
[dna] air wrote 71 bytes to ecology
[dna] air wrote 51 bytes to ecology
[debug-onto] tick=250 corpus=139881 stage=2 freeze=0
[dna] air wrote 71 bytes to ecology
[dna] air wrote 129 bytes to ecology
[dna] air wrote 50 bytes to ecology
[dna] air wrote 34 bytes to ecology
[dna] air wrote 178 bytes to ecology
[dna] air wrote 56 bytes to ecology
[dna] air wrote 26 bytes to ecology
[dna] air wrote 99 bytes to ecology
[dna] air wrote 37 bytes to ecology
[dna] air wrote 69 bytes to ecology
[dna] air wrote 197 bytes to ecology
[dna] air wrote 82 bytes to ecology
[dna] air wrote 35 bytes to ecology
[dna] air wrote 44 bytes to ecology
[dna] air wrote 166 bytes to ecology
[dna] air wrote 75 bytes to ecology
[debug-onto] tick=300 corpus=139881 stage=2 freeze=0
[dna] air wrote 120 bytes to ecology
[dna] air wrote 141 bytes to ecology
[dna] air wrote 32 bytes to ecology
[dna] air wrote 216 bytes to ecology
[dna] air wrote 62 bytes to ecology
[dna] air wrote 24 bytes to ecology
[dna] air wrote 33 bytes to ecology
[dna] air wrote 38 bytes to ecology
[dna] air wrote 42 bytes to ecology
[dna] air wrote 236 bytes to ecology
[dna] air wrote 49 bytes to ecology
[dna] air wrote 42 bytes to ecology
[dna] air wrote 40 bytes to ecology
[dna] air wrote 64 bytes to ecology
[dna] air wrote 72 bytes to ecology
[dna] air wrote 26 bytes to ecology
[dna] air wrote 174 bytes to ecology
[debug-onto] tick=350 corpus=139881 stage=2 freeze=0
[dna] air wrote 63 bytes to ecology
[dna] air wrote 140 bytes to ecology
[dna] air wrote 38 bytes to ecology
[dna] air wrote 134 bytes to ecology
[dna] air wrote 122 bytes to ecology
[dna] air wrote 49 bytes to ecology
[dna] air wrote 68 bytes to ecology
[dna] air wrote 107 bytes to ecology
[dna] air wrote 35 bytes to ecology
[dna] air wrote 58 bytes to ecology
[dna] air wrote 42 bytes to ecology
[dna] air wrote 171 bytes to ecology
[dna] air wrote 46 bytes to ecology
[dna] air wrote 66 bytes to ecology
[dna] air wrote 105 bytes to ecology
[dna] air wrote 230 bytes to ecology
[dna] air wrote 68 bytes to ecology
[debug-onto] tick=400 corpus=139881 stage=2 freeze=0
[dna] air wrote 18 bytes to ecology
[dna] air wrote 108 bytes to ecology
[dna] air wrote 35 bytes to ecology
[dna] air wrote 46 bytes to ecology
[dna] air wrote 10 bytes to ecology
[dna] air wrote 102 bytes to ecology
[dna] air wrote 30 bytes to ecology
[dna] air wrote 239 bytes to ecology
[dna] air wrote 18 bytes to ecology
[dna] air wrote 33 bytes to ecology
[dna] air wrote 68 bytes to ecology
[dna] air wrote 88 bytes to ecology
[dna] air wrote 38 bytes to ecology
[dna] air wrote 174 bytes to ecology
[dna] air wrote 26 bytes to ecology
[dna] air wrote 67 bytes to ecology
[debug-onto] tick=450 corpus=139881 stage=2 freeze=0
[dna] air wrote 116 bytes to ecology
[dna] air wrote 120 bytes to ecology
[dna] air wrote 26 bytes to ecology
[dna] air wrote 204 bytes to ecology
[dna] air wrote 10 bytes to ecology
[dna] air wrote 129 bytes to ecology
[dna] air wrote 105 bytes to ecology
[dna] air wrote 41 bytes to ecology
[dna] air wrote 41 bytes to ecology
[dna] air wrote 66 bytes to ecology
[dna] air wrote 75 bytes to ecology
[dna] air wrote 61 bytes to ecology
[dna] air wrote 39 bytes to ecology
[dna] air wrote 130 bytes to ecology
[dna] air wrote 162 bytes to ecology
[dna] air wrote 128 bytes to ecology
[dna] air wrote 66 bytes to ecology
[debug-onto] tick=500 corpus=139881 stage=2 freeze=0
[dna] air wrote 59 bytes to ecology
[dna] air wrote 37 bytes to ecology
[dna] air wrote 55 bytes to ecology
[dna] air wrote 112 bytes to ecology
[dna] air wrote 34 bytes to ecology
[dna] air wrote 201 bytes to ecology
[dna] air wrote 121 bytes to ecology
[dna] air wrote 33 bytes to ecology
[dna] air wrote 9 bytes to ecology
[dna] air wrote 161 bytes to ecology
[dna] air wrote 103 bytes to ecology
[dna] air wrote 153 bytes to ecology
[dna] air wrote 117 bytes to ecology
[dna] air wrote 72 bytes to ecology
[dna] air wrote 272 bytes to ecology
[dna] air wrote 40 bytes to ecology
[dna] air wrote 24 bytes to ecology
[debug-onto] tick=550 corpus=139881 stage=2 freeze=0
[dna] air wrote 90 bytes to ecology
[dna] air wrote 37 bytes to ecology
[dna] air wrote 55 bytes to ecology
[dna] air wrote 78 bytes to ecology
[dna] air wrote 49 bytes to ecology
[dna] air wrote 83 bytes to ecology
[dna] air wrote 285 bytes to ecology
[dna] air wrote 89 bytes to ecology
[dna] air wrote 121 bytes to ecology
[dna] air wrote 29 bytes to ecology
[dna] air wrote 43 bytes to ecology
[dna] air wrote 31 bytes to ecology
[dna] air wrote 60 bytes to ecology
[dna] air wrote 7 bytes to ecology
[dna] air wrote 290 bytes to ecology
[dna] air wrote 75 bytes to ecology
[debug-onto] tick=600 corpus=139881 stage=2 freeze=0
[dna] air wrote 73 bytes to ecology
[dna] air wrote 22 bytes to ecology
[dna] air wrote 248 bytes to ecology
[dna] air wrote 137 bytes to ecology
[dna] air wrote 31 bytes to ecology
[dna] air wrote 53 bytes to ecology
[dna] air wrote 70 bytes to ecology
[dna] air wrote 93 bytes to ecology
[dna] air wrote 60 bytes to ecology
[dna] air wrote 9 bytes to ecology
[dna] air wrote 96 bytes to ecology
[dna] air wrote 44 bytes to ecology
[dna] air wrote 136 bytes to ecology
[dna] air wrote 276 bytes to ecology
[dna] air wrote 98 bytes to ecology
[dna] air wrote 71 bytes to ecology
[dna] air wrote 20 bytes to ecology
[debug-onto] tick=650 corpus=139881 stage=2 freeze=0
[dna] air wrote 47 bytes to ecology
[dna] air wrote 57 bytes to ecology
[dna] air wrote 27 bytes to ecology
[dna] air wrote 39 bytes to ecology
[dna] air wrote 47 bytes to ecology
[dna] air wrote 27 bytes to ecology
[dna] air wrote 9 bytes to ecology
[dna] air wrote 107 bytes to ecology
[dna] air wrote 72 bytes to ecology
[dna] air wrote 98 bytes to ecology
[dna] air wrote 66 bytes to ecology

[evolution] Organism shutting down gracefully.
