[ecology] Element: earth → corpus: nonames_earth.txt
[evolution] Autonomous evolution mode — organism will grow through all stages without pause.
[init] Stage 0 (embryo): embd=16, layer=1, head=1 — warmup 400 steps (400 backprop + 0 notorch, sqrt-scaled 1x)
  [aml] step 0/160 | loss 6.7567 (avg 6.7567) | lr 0.001000 | seq 8
  [aml] step 10/160 | loss 6.1401 (avg 6.4373) | lr 0.001450 | seq 8
  [aml] step 20/160 | loss 6.2681 (avg 6.2815) | lr 0.001900 | seq 8
  [aml] step 30/160 | loss 5.6859 (avg 6.1809) | lr 0.002350 | seq 8
  [aml] step 40/160 | loss 5.4164 (avg 6.0673) | lr 0.002800 | seq 8
  [aml] step 50/160 | loss 4.6423 (avg 5.9080) | lr 0.003250 | seq 8
  [aml] step 60/160 | loss 4.8662 (avg 5.7418) | lr 0.003700 | seq 8
  [aml] step 70/160 | loss 5.2825 (avg 5.6316) | lr 0.004150 | seq 8
  [aml] step 80/160 | loss 2.9954 (avg 5.5117) | lr 0.004600 | seq 8
  [aml] step 90/160 | loss 4.2608 (avg 5.3718) | lr 0.005050 | seq 8
  [aml] step 100/160 | loss 4.6719 (avg 5.2812) | lr 0.005500 | seq 8
  [aml] step 110/160 | loss 4.9898 (avg 5.1464) | lr 0.005950 | seq 8
  [aml] step 120/160 | loss 4.1441 (avg 5.0761) | lr 0.006400 | seq 8
  [aml] step 130/160 | loss 6.2281 (avg 5.0351) | lr 0.006850 | seq 8
  [aml] step 140/160 | loss 2.9234 (avg 4.9880) | lr 0.007300 | seq 8
  [aml] step 150/160 | loss 2.8484 (avg 4.9422) | lr 0.007750 | seq 8
[aml] training complete: 160 steps, avg loss 4.8996 (memory freed)
  [aml] step 0/120 | loss 4.5003 (avg 4.5003) | lr 0.008200 | seq 16
  [aml] step 10/120 | loss 4.2417 (avg 4.4442) | lr 0.008650 | seq 16
  [aml] step 20/120 | loss 3.5268 (avg 4.3731) | lr 0.009100 | seq 16
  [aml] step 30/120 | loss 3.2853 (avg 4.1510) | lr 0.009550 | seq 16
  [aml] step 40/120 | loss 3.6152 (avg 4.2295) | lr 0.010000 | seq 16
  [aml] step 50/120 | loss 3.4520 (avg 4.2737) | lr 0.010000 | seq 16
  [aml] step 60/120 | loss 4.3713 (avg 4.3012) | lr 0.010000 | seq 16
  [aml] step 70/120 | loss 4.7817 (avg 4.2647) | lr 0.010000 | seq 16
  [aml] step 80/120 | loss 5.0119 (avg 4.2372) | lr 0.009999 | seq 16
  [aml] step 90/120 | loss 4.8925 (avg 4.1633) | lr 0.009999 | seq 16
  [aml] step 100/120 | loss 4.0642 (avg 4.1177) | lr 0.009999 | seq 16
  [aml] step 110/120 | loss 5.2120 (avg 4.0476) | lr 0.009999 | seq 16
[aml] training complete: 120 steps, avg loss 4.0644 (memory freed)
  [aml] step 0/120 | loss 3.4997 (avg 3.4997) | lr 0.009999 | seq 32
  [aml] step 10/120 | loss 5.0165 (avg 4.2049) | lr 0.009999 | seq 32
  [aml] step 20/120 | loss 4.5004 (avg 4.0555) | lr 0.009999 | seq 32
  [aml] step 30/120 | loss 4.0812 (avg 3.7590) | lr 0.009999 | seq 32
  [aml] step 40/120 | loss 3.9031 (avg 3.6615) | lr 0.009999 | seq 32
  [aml] step 50/120 | loss 4.0310 (avg 3.5998) | lr 0.009999 | seq 32
  [aml] step 60/120 | loss 2.7915 (avg 3.5155) | lr 0.009999 | seq 32
  [aml] step 70/120 | loss 1.4163 (avg 3.4738) | lr 0.009999 | seq 32
  [aml] step 80/120 | loss 4.5059 (avg 3.4529) | lr 0.009999 | seq 32
  [aml] step 90/120 | loss 1.5498 (avg 3.3932) | lr 0.009999 | seq 32
  [aml] step 100/120 | loss 0.8143 (avg 3.3917) | lr 0.009999 | seq 32
  [aml] step 110/120 | loss 0.9315 (avg 3.2628) | lr 0.009999 | seq 32
[aml] training complete: 120 steps, avg loss 3.1638 (memory freed)

[stage 0 — embryo] What it sounds like now:
  Q: Hello.
  A: The dam does not excavation, and grees Cracks, whiched on feature.
  Q: Who are you?
  A: ...
  Q: What do you know?
  A: of the lesson of mantle. Celsius, dark of the lines in construction years, and the boundary at ancient to absorbs metamorphismic, formed in the presenting the land?

[growth] ONTOGENESIS: stage 0 -> 1
  embd: 16 -> 32, layer: 1 -> 1, head: 1 -> 2
[growth] Done. Freeze for 500 steps.
[init] Stage 1 (infant): embd=32, layer=1, head=2 — warmup 800 steps (800 backprop + 0 notorch, sqrt-scaled 2x)
  [aml] step 0/320 | loss 6.9851 (avg 6.9851) | lr 0.000500 | seq 8
  [aml] step 10/320 | loss 4.4346 (avg 5.2196) | lr 0.000725 | seq 8
  [aml] step 20/320 | loss 6.8982 (avg 5.3788) | lr 0.000950 | seq 8
  [aml] step 30/320 | loss 5.6605 (avg 4.9318) | lr 0.001175 | seq 8
  [aml] step 40/320 | loss 3.6055 (avg 4.6603) | lr 0.001400 | seq 8
  [aml] step 50/320 | loss 3.2537 (avg 4.5274) | lr 0.001625 | seq 8
  [aml] step 60/320 | loss 1.6566 (avg 4.4238) | lr 0.001850 | seq 8
  [aml] step 70/320 | loss 5.7092 (avg 4.4445) | lr 0.002075 | seq 8
  [aml] step 80/320 | loss 2.5638 (avg 4.4036) | lr 0.002300 | seq 8
  [aml] step 90/320 | loss 3.1166 (avg 4.3622) | lr 0.002525 | seq 8
  [aml] step 100/320 | loss 2.6304 (avg 4.2847) | lr 0.002750 | seq 8
  [aml] step 110/320 | loss 2.7326 (avg 4.2001) | lr 0.002975 | seq 8
  [aml] step 120/320 | loss 3.9164 (avg 4.1251) | lr 0.003200 | seq 8
  [aml] step 130/320 | loss 5.5402 (avg 4.0900) | lr 0.003425 | seq 8
  [aml] step 140/320 | loss 4.6908 (avg 4.0936) | lr 0.003650 | seq 8
  [aml] step 150/320 | loss 2.3589 (avg 4.0659) | lr 0.003875 | seq 8
  [aml] step 160/320 | loss 3.6882 (avg 4.0229) | lr 0.004100 | seq 8
  [aml] step 170/320 | loss 2.4325 (avg 4.0164) | lr 0.004325 | seq 8
  [aml] step 180/320 | loss 2.7639 (avg 4.0003) | lr 0.004550 | seq 8
  [aml] step 190/320 | loss 2.7906 (avg 3.9627) | lr 0.004775 | seq 8
  [aml] step 200/320 | loss 4.6403 (avg 3.9058) | lr 0.004998 | seq 8
  [aml] step 210/320 | loss 5.4165 (avg 3.9130) | lr 0.004998 | seq 8
  [aml] step 220/320 | loss 5.3409 (avg 3.8870) | lr 0.004998 | seq 8
  [aml] step 230/320 | loss 5.3744 (avg 3.8915) | lr 0.004998 | seq 8
  [aml] step 240/320 | loss 3.9378 (avg 3.8821) | lr 0.004998 | seq 8
  [aml] step 250/320 | loss 4.3084 (avg 3.8783) | lr 0.004998 | seq 8
  [aml] step 260/320 | loss 3.9848 (avg 3.8641) | lr 0.004998 | seq 8
  [aml] step 270/320 | loss 4.7871 (avg 3.8703) | lr 0.004998 | seq 8
  [aml] step 280/320 | loss 5.0608 (avg 3.8736) | lr 0.004998 | seq 8
  [aml] step 290/320 | loss 6.1886 (avg 3.8495) | lr 0.004998 | seq 8
  [aml] step 300/320 | loss 3.4100 (avg 3.8447) | lr 0.004998 | seq 8
  [aml] step 310/320 | loss 5.0625 (avg 3.8413) | lr 0.004998 | seq 8
[aml] training complete: 320 steps, avg loss 3.8313 (memory freed)
  [aml] step 0/240 | loss 4.7037 (avg 4.7037) | lr 0.004998 | seq 16
  [aml] step 10/240 | loss 2.8424 (avg 3.6878) | lr 0.004998 | seq 16
  [aml] step 20/240 | loss 2.4727 (avg 3.5317) | lr 0.004998 | seq 16
  [aml] step 30/240 | loss 1.4775 (avg 3.3696) | lr 0.004998 | seq 16
  [aml] step 40/240 | loss 5.0134 (avg 3.2535) | lr 0.004997 | seq 16
  [aml] step 50/240 | loss 1.0451 (avg 3.2156) | lr 0.004997 | seq 16
  [aml] step 60/240 | loss 4.0773 (avg 3.1742) | lr 0.004997 | seq 16
  [aml] step 70/240 | loss 1.4194 (avg 3.2189) | lr 0.004997 | seq 16
  [aml] step 80/240 | loss 2.6978 (avg 3.2037) | lr 0.004997 | seq 16
  [aml] step 90/240 | loss 3.1353 (avg 3.2033) | lr 0.004997 | seq 16
  [aml] step 100/240 | loss 4.8039 (avg 3.2291) | lr 0.004997 | seq 16
  [aml] step 110/240 | loss 4.3059 (avg 3.2538) | lr 0.004997 | seq 16
  [aml] step 120/240 | loss 3.0008 (avg 3.2467) | lr 0.004997 | seq 16
  [aml] step 130/240 | loss 1.2467 (avg 3.2904) | lr 0.004997 | seq 16
  [aml] step 140/240 | loss 3.0189 (avg 3.3017) | lr 0.004997 | seq 16
  [aml] step 150/240 | loss 4.1781 (avg 3.3195) | lr 0.004997 | seq 16
  [aml] step 160/240 | loss 4.6700 (avg 3.3528) | lr 0.004997 | seq 16
  [aml] step 170/240 | loss 4.1090 (avg 3.3186) | lr 0.004996 | seq 16
  [aml] step 180/240 | loss 0.7153 (avg 3.2646) | lr 0.004996 | seq 16
  [aml] step 190/240 | loss 4.7581 (avg 3.3162) | lr 0.004996 | seq 16
  [aml] step 200/240 | loss 1.6015 (avg 3.3067) | lr 0.004996 | seq 16
  [aml] step 210/240 | loss 0.9906 (avg 3.3047) | lr 0.004996 | seq 16
  [aml] step 220/240 | loss 4.2996 (avg 3.3196) | lr 0.004996 | seq 16
  [aml] step 230/240 | loss 1.7859 (avg 3.2930) | lr 0.004996 | seq 16
[aml] training complete: 240 steps, avg loss 3.3181 (memory freed)
  [aml] step 0/240 | loss 4.3306 (avg 4.3306) | lr 0.004996 | seq 32
  [aml] step 10/240 | loss 3.9139 (avg 3.8751) | lr 0.004996 | seq 32
  [aml] step 20/240 | loss 1.1974 (avg 3.2367) | lr 0.004996 | seq 32
  [aml] step 30/240 | loss 1.6048 (avg 3.0135) | lr 0.004996 | seq 32
  [aml] step 40/240 | loss 4.2469 (avg 3.0185) | lr 0.004996 | seq 32
  [aml] step 50/240 | loss 3.9756 (avg 2.9534) | lr 0.004995 | seq 32
  [aml] step 60/240 | loss 4.4769 (avg 2.9345) | lr 0.004995 | seq 32
  [aml] step 70/240 | loss 1.1108 (avg 2.8868) | lr 0.004995 | seq 32
  [aml] step 80/240 | loss 3.3163 (avg 2.8645) | lr 0.004995 | seq 32
  [aml] step 90/240 | loss 3.9891 (avg 2.8742) | lr 0.004995 | seq 32
  [aml] step 100/240 | loss 1.7666 (avg 2.8164) | lr 0.004995 | seq 32
  [aml] step 110/240 | loss 4.3457 (avg 2.8036) | lr 0.004995 | seq 32
  [aml] step 120/240 | loss 0.6784 (avg 2.7285) | lr 0.004995 | seq 32
  [aml] step 130/240 | loss 4.3463 (avg 2.7864) | lr 0.004995 | seq 32
  [aml] step 140/240 | loss 0.9026 (avg 2.7514) | lr 0.004995 | seq 32
  [aml] step 150/240 | loss 2.1139 (avg 2.7139) | lr 0.004995 | seq 32
  [aml] step 160/240 | loss 0.8426 (avg 2.6641) | lr 0.004994 | seq 32
  [aml] step 170/240 | loss 4.4895 (avg 2.7052) | lr 0.004994 | seq 32
  [aml] step 180/240 | loss 1.1402 (avg 2.7089) | lr 0.004994 | seq 32
  [aml] step 190/240 | loss 0.7272 (avg 2.6779) | lr 0.004994 | seq 32
  [aml] step 200/240 | loss 0.8951 (avg 2.6869) | lr 0.004994 | seq 32
  [aml] step 210/240 | loss 3.8108 (avg 2.6848) | lr 0.004994 | seq 32
  [aml] step 220/240 | loss 0.6383 (avg 2.7006) | lr 0.004994 | seq 32
  [aml] step 230/240 | loss 1.2222 (avg 2.6792) | lr 0.004994 | seq 32
[aml] training complete: 240 steps, avg loss 2.6793 (memory freed)

[stage 1 — infant] What it sounds like now:
  Q: Hello.
  A: A typically fundamental rock faults repose material is a mountain beco of the earth' it is a river saltic pressureH: The Drends water, the persistent wayH: What is the ground moisture formed when the river that is the ground find biology of the for centimeters of years.
  Q: Who are you?
  A: reaching of an concealed. It is a ma coreerate A bridges gap.
  Q: What do you know?
  A: A molten, no soil below is the geology?

[growth] ONTOGENESIS: stage 1 -> 2
  embd: 32 -> 64, layer: 1 -> 2, head: 2 -> 4
[growth] Done. Freeze for 500 steps.
[init] Stage 2 (child): embd=64, layer=2, head=4 — warmup 800 steps (800 backprop + 0 notorch, sqrt-scaled 2x)
  [aml] step 0/320 | loss 0.7605 (avg 0.7605) | lr 0.000250 | seq 8
  [aml] step 10/320 | loss 3.5151 (avg 4.0984) | lr 0.000363 | seq 8
  [aml] step 20/320 | loss 4.6488 (avg 3.6997) | lr 0.000475 | seq 8
  [aml] step 30/320 | loss 2.1759 (avg 3.4685) | lr 0.000588 | seq 8
  [aml] step 40/320 | loss 3.8397 (avg 3.4673) | lr 0.000700 | seq 8
  [aml] step 50/320 | loss 4.9342 (avg 3.5144) | lr 0.000813 | seq 8
  [aml] step 60/320 | loss 4.1311 (avg 3.5525) | lr 0.000925 | seq 8
  [aml] step 70/320 | loss 1.8228 (avg 3.4685) | lr 0.001038 | seq 8
  [aml] step 80/320 | loss 2.5891 (avg 3.4991) | lr 0.001150 | seq 8
  [aml] step 90/320 | loss 0.4714 (avg 3.4546) | lr 0.001263 | seq 8
  [aml] step 100/320 | loss 1.2609 (avg 3.4130) | lr 0.001375 | seq 8
  [aml] step 110/320 | loss 4.0294 (avg 3.3797) | lr 0.001488 | seq 8
  [aml] step 120/320 | loss 3.5662 (avg 3.3883) | lr 0.001600 | seq 8
  [aml] step 130/320 | loss 2.9176 (avg 3.4102) | lr 0.001713 | seq 8
  [aml] step 140/320 | loss 3.7034 (avg 3.4269) | lr 0.001825 | seq 8
  [aml] step 150/320 | loss 4.6877 (avg 3.4145) | lr 0.001938 | seq 8
  [aml] step 160/320 | loss 3.6569 (avg 3.4254) | lr 0.002050 | seq 8
  [aml] step 170/320 | loss 3.4540 (avg 3.4270) | lr 0.002163 | seq 8
  [aml] step 180/320 | loss 4.4354 (avg 3.4354) | lr 0.002275 | seq 8
  [aml] step 190/320 | loss 2.5949 (avg 3.4400) | lr 0.002387 | seq 8
  [aml] step 200/320 | loss 0.9326 (avg 3.3960) | lr 0.002496 | seq 8
  [aml] step 210/320 | loss 0.8753 (avg 3.3734) | lr 0.002496 | seq 8
  [aml] step 220/320 | loss 3.3912 (avg 3.3345) | lr 0.002496 | seq 8
  [aml] step 230/320 | loss 4.6450 (avg 3.3574) | lr 0.002495 | seq 8
  [aml] step 240/320 | loss 3.6379 (avg 3.3605) | lr 0.002495 | seq 8
  [aml] step 250/320 | loss 3.3864 (avg 3.3464) | lr 0.002495 | seq 8
  [aml] step 260/320 | loss 2.6508 (avg 3.3487) | lr 0.002495 | seq 8
  [aml] step 270/320 | loss 4.1482 (avg 3.3513) | lr 0.002495 | seq 8
  [aml] step 280/320 | loss 0.5618 (avg 3.3319) | lr 0.002495 | seq 8
  [aml] step 290/320 | loss 1.1103 (avg 3.3273) | lr 0.002495 | seq 8
  [aml] step 300/320 | loss 3.4921 (avg 3.3392) | lr 0.002495 | seq 8
  [aml] step 310/320 | loss 3.8028 (avg 3.3360) | lr 0.002495 | seq 8
[aml] training complete: 320 steps, avg loss 3.3452 (memory freed)
  [aml] step 0/240 | loss 2.6657 (avg 2.6657) | lr 0.002495 | seq 16
  [aml] step 10/240 | loss 3.0944 (avg 3.3870) | lr 0.002495 | seq 16
  [aml] step 20/240 | loss 2.1092 (avg 3.0190) | lr 0.002495 | seq 16
  [aml] step 30/240 | loss 4.5247 (avg 2.8661) | lr 0.002495 | seq 16
  [aml] step 40/240 | loss 2.7032 (avg 2.9684) | lr 0.002495 | seq 16
  [aml] step 50/240 | loss 4.2057 (avg 3.1070) | lr 0.002495 | seq 16
  [aml] step 60/240 | loss 4.0432 (avg 3.1148) | lr 0.002494 | seq 16
  [aml] step 70/240 | loss 1.1654 (avg 3.0496) | lr 0.002494 | seq 16
  [aml] step 80/240 | loss 1.5294 (avg 3.0481) | lr 0.002494 | seq 16
  [aml] step 90/240 | loss 2.0190 (avg 2.9843) | lr 0.002494 | seq 16
  [aml] step 100/240 | loss 5.4373 (avg 3.0536) | lr 0.002494 | seq 16
  [aml] step 110/240 | loss 1.6055 (avg 3.0158) | lr 0.002494 | seq 16
  [aml] step 120/240 | loss 2.9814 (avg 2.9756) | lr 0.002494 | seq 16
  [aml] step 130/240 | loss 1.2519 (avg 2.9577) | lr 0.002494 | seq 16
  [aml] step 140/240 | loss 3.5359 (avg 2.9967) | lr 0.002494 | seq 16
  [aml] step 150/240 | loss 4.5139 (avg 3.0015) | lr 0.002494 | seq 16
  [aml] step 160/240 | loss 4.3574 (avg 3.0315) | lr 0.002494 | seq 16
  [aml] step 170/240 | loss 4.0459 (avg 3.0689) | lr 0.002494 | seq 16
  [aml] step 180/240 | loss 1.4683 (avg 3.0829) | lr 0.002494 | seq 16
  [aml] step 190/240 | loss 0.5037 (avg 3.0508) | lr 0.002494 | seq 16
  [aml] step 200/240 | loss 4.2482 (avg 3.0512) | lr 0.002493 | seq 16
  [aml] step 210/240 | loss 4.5796 (avg 3.0868) | lr 0.002493 | seq 16
  [aml] step 220/240 | loss 4.3573 (avg 3.1145) | lr 0.002493 | seq 16
  [aml] step 230/240 | loss 1.9832 (avg 3.1000) | lr 0.002493 | seq 16
[aml] training complete: 240 steps, avg loss 3.1170 (memory freed)
  [aml] step 0/240 | loss 4.3268 (avg 4.3268) | lr 0.002493 | seq 32
  [aml] step 10/240 | loss 4.1787 (avg 2.6528) | lr 0.002493 | seq 32
  [aml] step 20/240 | loss 4.1580 (avg 2.9988) | lr 0.002493 | seq 32
  [aml] step 30/240 | loss 0.9935 (avg 2.7546) | lr 0.002493 | seq 32
  [aml] step 40/240 | loss 3.7650 (avg 2.7341) | lr 0.002493 | seq 32
  [aml] step 50/240 | loss 0.5012 (avg 2.6683) | lr 0.002493 | seq 32
  [aml] step 60/240 | loss 0.9132 (avg 2.5670) | lr 0.002493 | seq 32
  [aml] step 70/240 | loss 1.1114 (avg 2.4680) | lr 0.002493 | seq 32
  [aml] step 80/240 | loss 3.9583 (avg 2.4615) | lr 0.002492 | seq 32
  [aml] step 90/240 | loss 3.4144 (avg 2.4486) | lr 0.002492 | seq 32
  [aml] step 100/240 | loss 1.3912 (avg 2.4429) | lr 0.002492 | seq 32
  [aml] step 110/240 | loss 3.7347 (avg 2.5024) | lr 0.002492 | seq 32
  [aml] step 120/240 | loss 3.8798 (avg 2.4994) | lr 0.002492 | seq 32
  [aml] step 130/240 | loss 4.2928 (avg 2.4305) | lr 0.002492 | seq 32
  [aml] step 140/240 | loss 1.1810 (avg 2.4683) | lr 0.002492 | seq 32
  [aml] step 150/240 | loss 3.7492 (avg 2.4505) | lr 0.002492 | seq 32
  [aml] step 160/240 | loss 0.8915 (avg 2.4221) | lr 0.002492 | seq 32
  [aml] step 170/240 | loss 2.2449 (avg 2.4351) | lr 0.002492 | seq 32
  [aml] step 180/240 | loss 3.8440 (avg 2.4318) | lr 0.002492 | seq 32
  [aml] step 190/240 | loss 3.7982 (avg 2.4459) | lr 0.002492 | seq 32
  [aml] step 200/240 | loss 2.2765 (avg 2.4588) | lr 0.002491 | seq 32
  [aml] step 210/240 | loss 4.1515 (avg 2.4462) | lr 0.002491 | seq 32
  [aml] step 220/240 | loss 1.4995 (avg 2.4697) | lr 0.002491 | seq 32
  [aml] step 230/240 | loss 0.9920 (avg 2.5007) | lr 0.002491 | seq 32
[aml] training complete: 240 steps, avg loss 2.5186 (memory freed)

[stage 2 — child] What it sounds like now:
  Q: Hello.
  A: Eon a tor defeed with a pillar arranges forms the blocks the cou meander, and stay.
  Q: Who are you?
  A: ...
  Q: What do you know?
  A: ...

[init] Warmup complete at stage 2. Organism ready.
[ecology] First organism in the swarm.
molequla is alive. [evolution] Autonomous mode — background trainer running. Ctrl+C to stop.
[dna] earth wrote 36 bytes to ecology
[dna] earth wrote 141 bytes to ecology
[dna] earth wrote 144 bytes to ecology
[dna] earth wrote 31 bytes to ecology
[dna] earth wrote 112 bytes to ecology
[dna] earth wrote 35 bytes to ecology
[dna] earth wrote 84 bytes to ecology
[dna] earth wrote 118 bytes to ecology
[dna] earth wrote 123 bytes to ecology
[dna] earth wrote 101 bytes to ecology
[dna] earth wrote 45 bytes to ecology
[dna] earth wrote 38 bytes to ecology
[dna] earth wrote 15 bytes to ecology
[dna] earth wrote 160 bytes to ecology
[dna] earth wrote 21 bytes to ecology
[dna] earth wrote 136 bytes to ecology
[dna] earth wrote 42 bytes to ecology
[debug-onto] tick=50 corpus=173643 stage=2 freeze=0
[dna] earth wrote 53 bytes to ecology
[dna] earth wrote 76 bytes to ecology
[dna] earth wrote 122 bytes to ecology
[dna] earth wrote 99 bytes to ecology
[dna] earth wrote 93 bytes to ecology
[dna] earth wrote 64 bytes to ecology
[dna] earth wrote 173 bytes to ecology
[dna] earth wrote 66 bytes to ecology
[dna] earth wrote 106 bytes to ecology
[dna] earth wrote 30 bytes to ecology
[dna] earth wrote 20 bytes to ecology
[dna] earth wrote 140 bytes to ecology
[dna] earth wrote 32 bytes to ecology
[dna] earth wrote 118 bytes to ecology
[dna] earth wrote 44 bytes to ecology
[dna] earth wrote 194 bytes to ecology
[dna] earth wrote 45 bytes to ecology
[debug-onto] tick=100 corpus=173643 stage=2 freeze=0
[dna] earth wrote 130 bytes to ecology
[dna] earth wrote 68 bytes to ecology
[dna] earth wrote 33 bytes to ecology
[dna] earth wrote 127 bytes to ecology
[dna] earth wrote 78 bytes to ecology
[dna] earth wrote 96 bytes to ecology
[dna] earth wrote 52 bytes to ecology
[dna] earth wrote 108 bytes to ecology
[dna] earth wrote 69 bytes to ecology
[dna] earth wrote 59 bytes to ecology
[dna] earth wrote 33 bytes to ecology
[dna] earth wrote 14 bytes to ecology
[dna] earth wrote 67 bytes to ecology
[dna] earth wrote 57 bytes to ecology
[dna] earth wrote 28 bytes to ecology
[dna] earth wrote 40 bytes to ecology
[debug-onto] tick=150 corpus=173643 stage=2 freeze=0
[dna] earth wrote 32 bytes to ecology
[dna] earth wrote 46 bytes to ecology
[dna] earth wrote 73 bytes to ecology
[dna] earth wrote 80 bytes to ecology
[dna] earth wrote 31 bytes to ecology
[dna] earth wrote 39 bytes to ecology
[dna] earth wrote 59 bytes to ecology
[dna] earth wrote 43 bytes to ecology
[dna] earth wrote 61 bytes to ecology
[dna] earth wrote 14 bytes to ecology
[dna] earth wrote 78 bytes to ecology
[dna] earth wrote 49 bytes to ecology
[dna] earth wrote 155 bytes to ecology
[dna] earth wrote 7 bytes to ecology
[dna] earth wrote 54 bytes to ecology
[dna] earth wrote 92 bytes to ecology
[dna] earth wrote 212 bytes to ecology
[debug-onto] tick=200 corpus=173643 stage=2 freeze=0
[dna] earth wrote 38 bytes to ecology
[dna] earth wrote 95 bytes to ecology
[dna] earth wrote 174 bytes to ecology
[dna] earth wrote 66 bytes to ecology
[dna] earth wrote 7 bytes to ecology
[dna] earth wrote 109 bytes to ecology
[dna] earth wrote 57 bytes to ecology
[dna] earth wrote 60 bytes to ecology
[dna] earth wrote 87 bytes to ecology
[dna] earth wrote 75 bytes to ecology
[dna] earth wrote 201 bytes to ecology
[dna] earth wrote 13 bytes to ecology
[dna] earth wrote 88 bytes to ecology
[dna] earth wrote 98 bytes to ecology
[dna] earth wrote 71 bytes to ecology
[dna] earth wrote 100 bytes to ecology
[dna] earth wrote 70 bytes to ecology
[debug-onto] tick=250 corpus=173643 stage=2 freeze=0
[dna] earth wrote 67 bytes to ecology
[dna] earth wrote 47 bytes to ecology
[dna] earth wrote 32 bytes to ecology
[dna] earth wrote 52 bytes to ecology
[dna] earth wrote 113 bytes to ecology
[dna] earth wrote 57 bytes to ecology
[dna] earth wrote 46 bytes to ecology
[dna] earth wrote 11 bytes to ecology
[dna] earth wrote 69 bytes to ecology
[dna] earth wrote 82 bytes to ecology
[dna] earth wrote 81 bytes to ecology
[dna] earth wrote 87 bytes to ecology
[dna] earth wrote 39 bytes to ecology
[dna] earth wrote 21 bytes to ecology
[dna] earth wrote 66 bytes to ecology
[dna] earth wrote 24 bytes to ecology
[debug-onto] tick=300 corpus=173643 stage=2 freeze=0
[dna] earth wrote 96 bytes to ecology
[dna] earth wrote 69 bytes to ecology
[dna] earth wrote 121 bytes to ecology
[dna] earth wrote 95 bytes to ecology
[dna] earth wrote 58 bytes to ecology
[dna] earth wrote 15 bytes to ecology
[dna] earth wrote 29 bytes to ecology
[dna] earth wrote 121 bytes to ecology
[dna] earth wrote 52 bytes to ecology
[dna] earth wrote 196 bytes to ecology
[dna] earth wrote 130 bytes to ecology
[dna] earth wrote 116 bytes to ecology
[dna] earth wrote 38 bytes to ecology
[dna] earth wrote 81 bytes to ecology
[dna] earth wrote 86 bytes to ecology
[dna] earth wrote 89 bytes to ecology
[dna] earth wrote 46 bytes to ecology
[debug-onto] tick=350 corpus=173643 stage=2 freeze=0
[dna] earth wrote 182 bytes to ecology
[dna] earth wrote 38 bytes to ecology
[dna] earth wrote 57 bytes to ecology
[dna] earth wrote 87 bytes to ecology
[dna] earth wrote 45 bytes to ecology
[dna] earth wrote 81 bytes to ecology
[dna] earth wrote 31 bytes to ecology
[dna] earth wrote 39 bytes to ecology
[dna] earth wrote 39 bytes to ecology
[dna] earth wrote 191 bytes to ecology
[dna] earth wrote 75 bytes to ecology
[dna] earth wrote 45 bytes to ecology
[dna] earth wrote 54 bytes to ecology
[dna] earth wrote 30 bytes to ecology
[dna] earth wrote 37 bytes to ecology
[dna] earth wrote 70 bytes to ecology
[dna] earth wrote 42 bytes to ecology
[debug-onto] tick=400 corpus=173643 stage=2 freeze=0
[dna] earth wrote 78 bytes to ecology
[dna] earth wrote 64 bytes to ecology
[dna] earth wrote 90 bytes to ecology
[dna] earth wrote 173 bytes to ecology
[dna] earth wrote 67 bytes to ecology
[dna] earth wrote 74 bytes to ecology
[dna] earth wrote 166 bytes to ecology
[dna] earth wrote 59 bytes to ecology
[dna] earth wrote 97 bytes to ecology
[dna] earth wrote 50 bytes to ecology
[dna] earth wrote 45 bytes to ecology
[dna] earth wrote 14 bytes to ecology
[dna] earth wrote 169 bytes to ecology
[dna] earth wrote 67 bytes to ecology
[dna] earth wrote 74 bytes to ecology
[dna] earth wrote 78 bytes to ecology
[debug-onto] tick=450 corpus=173643 stage=2 freeze=0
[dna] earth wrote 15 bytes to ecology
[dna] earth wrote 53 bytes to ecology
[dna] earth wrote 95 bytes to ecology
[dna] earth wrote 73 bytes to ecology
[dna] earth wrote 148 bytes to ecology
[dna] earth wrote 152 bytes to ecology
[dna] earth wrote 117 bytes to ecology
[dna] earth wrote 47 bytes to ecology
[dna] earth wrote 98 bytes to ecology
[dna] earth wrote 63 bytes to ecology
[dna] earth wrote 36 bytes to ecology
[dna] earth wrote 190 bytes to ecology
[dna] earth wrote 52 bytes to ecology
[dna] earth wrote 65 bytes to ecology
[dna] earth wrote 138 bytes to ecology
[dna] earth wrote 33 bytes to ecology
[dna] earth wrote 13 bytes to ecology
[debug-onto] tick=500 corpus=173643 stage=2 freeze=0
[dna] earth wrote 92 bytes to ecology
[dna] earth wrote 37 bytes to ecology
[dna] earth wrote 87 bytes to ecology
[dna] earth wrote 29 bytes to ecology
[dna] earth wrote 38 bytes to ecology
[dna] earth wrote 23 bytes to ecology
[dna] earth wrote 136 bytes to ecology
[dna] earth wrote 40 bytes to ecology
[dna] earth wrote 130 bytes to ecology
[dna] earth wrote 30 bytes to ecology
[dna] earth wrote 91 bytes to ecology
[dna] earth wrote 87 bytes to ecology
[dna] earth wrote 59 bytes to ecology
[dna] earth wrote 125 bytes to ecology
[dna] earth wrote 61 bytes to ecology
[dna] earth wrote 52 bytes to ecology
[dna] earth wrote 126 bytes to ecology
[debug-onto] tick=550 corpus=173643 stage=2 freeze=0
[dna] earth wrote 37 bytes to ecology
[dna] earth wrote 12 bytes to ecology
[dna] earth wrote 102 bytes to ecology
[dna] earth wrote 16 bytes to ecology
[dna] earth wrote 59 bytes to ecology
[dna] earth wrote 49 bytes to ecology
[dna] earth wrote 249 bytes to ecology
[dna] earth wrote 46 bytes to ecology
[dna] earth wrote 24 bytes to ecology
[dna] earth wrote 228 bytes to ecology
[dna] earth wrote 40 bytes to ecology
[dna] earth wrote 106 bytes to ecology
[dna] earth wrote 139 bytes to ecology
[dna] earth wrote 105 bytes to ecology
[dna] earth wrote 35 bytes to ecology
[dna] earth wrote 203 bytes to ecology
[debug-onto] tick=600 corpus=173643 stage=2 freeze=0
[dna] earth wrote 175 bytes to ecology
[dna] earth wrote 44 bytes to ecology
[dna] earth wrote 161 bytes to ecology
[dna] earth wrote 36 bytes to ecology
[dna] earth wrote 33 bytes to ecology
[dna] earth wrote 41 bytes to ecology
[dna] earth wrote 60 bytes to ecology
[dna] earth wrote 54 bytes to ecology
[dna] earth wrote 198 bytes to ecology
[dna] earth wrote 62 bytes to ecology
[dna] earth wrote 65 bytes to ecology
[dna] earth wrote 157 bytes to ecology
[dna] earth wrote 27 bytes to ecology
[dna] earth wrote 79 bytes to ecology
[dna] earth wrote 65 bytes to ecology
[dna] earth wrote 27 bytes to ecology
[dna] earth wrote 263 bytes to ecology
[debug-onto] tick=650 corpus=173643 stage=2 freeze=0
[dna] earth wrote 40 bytes to ecology
[dna] earth wrote 59 bytes to ecology
[dna] earth wrote 141 bytes to ecology
[dna] earth wrote 55 bytes to ecology
[dna] earth wrote 55 bytes to ecology
[dna] earth wrote 74 bytes to ecology

[evolution] Organism shutting down gracefully.
