[ecology] Element: fire → corpus: nonames_fire.txt
[evolution] Autonomous evolution mode — organism will grow through all stages without pause.
[ecology] Joined swarm. 1 peer(s) detected.
molequla is alive. [evolution] Autonomous mode — background trainer running. Ctrl+C to stop.
[dna] fire wrote 36 bytes to ecology
[dna] fire consumed 10827 bytes from 217 files: [water/gen_1775717173_1.txt water/gen_1775717189_4.txt water/gen_1775717198_7.txt water/gen_1775717207_10.txt water/gen_1775717215_13.txt water/gen_1775717224_16.txt water/gen_1775717233_19.txt water/gen_1775717241_22.txt water/gen_1775717250_25.txt water/gen_1775717258_28.txt water/gen_1775717267_31.txt water/gen_1775717275_34.txt water/gen_1775717284_37.txt water/gen_1775717293_40.txt water/gen_1775717299_42.txt water/gen_1775717301_43.txt water/gen_1775717310_46.txt water/gen_1775717318_49.txt water/gen_1775717327_52.txt water/gen_1775717335_55.txt water/gen_1775717344_58.txt water/gen_1775717350_60.txt water/gen_1775717352_61.txt water/gen_1775717361_64.txt water/gen_1775717369_67.txt water/gen_1775717378_70.txt water/gen_1775717384_72.txt water/gen_1775717386_73.txt water/gen_1775717395_76.txt water/gen_1775717404_79.txt water/gen_1775717412_82.txt water/gen_1775717421_85.txt water/gen_1775717429_88.txt water/gen_1775717438_91.txt water/gen_1775717446_94.txt water/gen_1775717455_97.txt water/gen_1775717463_100.txt water/gen_1775717472_103.txt water/gen_1775717480_106.txt water/gen_1775717489_109.txt water/gen_1775717497_112.txt water/gen_1775717506_115.txt water/gen_1775717514_118.txt water/gen_1775717520_120.txt water/gen_1775717523_121.txt water/gen_1775717531_124.txt water/gen_1775717540_127.txt water/gen_1775717548_130.txt water/gen_1775717557_133.txt water/gen_1775717565_136.txt water/gen_1775717574_139.txt water/gen_1775717582_142.txt water/gen_1775717588_144.txt water/gen_1775717591_145.txt water/gen_1775717599_148.txt water/gen_1775717608_151.txt water/gen_1775717617_154.txt water/gen_1775717625_157.txt water/gen_1775717634_160.txt water/gen_1775717642_163.txt water/gen_1775717651_166.txt water/gen_1775717660_169.txt water/gen_1775717668_172.txt water/gen_1775717677_175.txt water/gen_1775717685_178.txt water/gen_1775717694_181.txt water/gen_1775717703_184.txt water/gen_1775717711_187.txt water/gen_1775717720_190.txt water/gen_1775717729_193.txt water/gen_1775717737_196.txt water/gen_1775717746_199.txt water/gen_1775717755_202.txt water/gen_1775717764_205.txt water/gen_1775717772_208.txt water/gen_1775717781_211.txt water/gen_1775717790_214.txt water/gen_1775717798_217.txt water/gen_1775717807_220.txt water/gen_1775717816_223.txt water/gen_1775717824_226.txt water/gen_1775717833_229.txt water/gen_1775717842_232.txt water/gen_1775717851_235.txt water/gen_1775717860_238.txt water/gen_1775717868_241.txt water/gen_1775717877_244.txt water/gen_1775717886_247.txt water/gen_1775717895_250.txt water/gen_1775717903_253.txt water/gen_1775717912_256.txt water/gen_1775717921_259.txt water/gen_1775717929_262.txt water/gen_1775717938_265.txt water/gen_1775717947_268.txt water/gen_1775717955_271.txt water/gen_1775717964_274.txt water/gen_1775717970_276.txt water/gen_1775717973_277.txt water/gen_1775717981_280.txt water/gen_1775717987_282.txt water/gen_1775717990_283.txt water/gen_1775717998_286.txt water/gen_1775718007_289.txt water/gen_1775718016_292.txt water/gen_1775718024_295.txt water/gen_1775718033_298.txt water/gen_1775718041_301.txt water/gen_1775718050_304.txt water/gen_1775718058_307.txt water/gen_1775718066_310.txt water/gen_1775718075_313.txt water/gen_1775718083_316.txt water/gen_1775718092_319.txt water/gen_1775718100_322.txt water/gen_1775718109_325.txt water/gen_1775718117_328.txt water/gen_1775718126_331.txt water/gen_1775718135_334.txt water/gen_1775718143_337.txt water/gen_1775718152_340.txt water/gen_1775718158_342.txt water/gen_1775718161_343.txt water/gen_1775718169_346.txt water/gen_1775718175_348.txt water/gen_1775718178_349.txt water/gen_1775718187_352.txt water/gen_1775718196_355.txt water/gen_1775718204_358.txt water/gen_1775718213_361.txt water/gen_1775718221_364.txt water/gen_1775718230_367.txt water/gen_1775718239_370.txt water/gen_1775718247_373.txt water/gen_1775718256_376.txt water/gen_1775718262_378.txt water/gen_1775718265_379.txt water/gen_1775718274_382.txt water/gen_1775718283_385.txt water/gen_1775718292_388.txt water/gen_1775718301_391.txt water/gen_1775718310_394.txt water/gen_1775718319_397.txt water/gen_1775718328_400.txt water/gen_1775718336_403.txt water/gen_1775718345_406.txt water/gen_1775718354_409.txt water/gen_1775718362_412.txt water/gen_1775718371_415.txt water/gen_1775718379_418.txt water/gen_1775718388_421.txt water/gen_1775718397_424.txt water/gen_1775718405_427.txt water/gen_1775718414_430.txt water/gen_1775718423_433.txt water/gen_1775718432_436.txt water/gen_1775718440_439.txt water/gen_1775718449_442.txt water/gen_1775718458_445.txt water/gen_1775718466_448.txt water/gen_1775718475_451.txt water/gen_1775718483_454.txt water/gen_1775718492_457.txt water/gen_1775718501_460.txt water/gen_1775718509_463.txt water/gen_1775718518_466.txt water/gen_1775718527_469.txt water/gen_1775718536_472.txt water/gen_1775718544_475.txt water/gen_1775718553_478.txt water/gen_1775718562_481.txt water/gen_1775718571_484.txt water/gen_1775718580_487.txt water/gen_1775718588_490.txt water/gen_1775718597_493.txt water/gen_1775718606_496.txt water/gen_1775718615_499.txt water/gen_1775718623_502.txt water/gen_1775718632_505.txt water/gen_1775718641_508.txt water/gen_1775718650_511.txt water/gen_1775718658_514.txt water/gen_1775718667_517.txt water/gen_1775718676_520.txt water/gen_1775718685_523.txt water/gen_1775718694_526.txt water/gen_1775718703_529.txt water/gen_1775718711_532.txt water/gen_1775718720_535.txt water/gen_1775718729_538.txt water/gen_1775718737_541.txt water/gen_1775718746_544.txt water/gen_1775718755_547.txt water/gen_1775718764_550.txt water/gen_1775718772_553.txt water/gen_1775718781_556.txt water/gen_1775718790_559.txt water/gen_1775718798_562.txt water/gen_1775718807_565.txt water/gen_1775718816_568.txt water/gen_1775718824_571.txt water/gen_1775718833_574.txt water/gen_1775718841_577.txt water/gen_1775718850_580.txt water/gen_1775718858_583.txt water/gen_1775718867_586.txt water/gen_1775718875_589.txt water/gen_1775718884_592.txt water/gen_1775718892_595.txt water/gen_1775718901_598.txt water/gen_1775718909_601.txt water/gen_1775718918_604.txt water/gen_1775718927_607.txt water/gen_1775718935_610.txt water/gen_1775718944_613.txt water/gen_1775718953_616.txt water/gen_1775718961_619.txt]
[trainer] micro-train burst (10827 bytes, novelty 0.06) — and lo, it feeds again.
[syntropy] action=explore | trend=0.0000 | field_dev=-0.010 | purpose_align=-0.089 | lr_mul=1.30
[aml] burst complete: 32 steps, avg loss 2.1467 (memory freed)
[dna] fire wrote 42 bytes to ecology
[dna] fire wrote 22 bytes to ecology
[dna] fire wrote 11 bytes to ecology
[dna] fire wrote 91 bytes to ecology
[dna] fire wrote 62 bytes to ecology
[dna] fire wrote 134 bytes to ecology
[dna] fire wrote 48 bytes to ecology
[dna] fire wrote 34 bytes to ecology
[dna] fire wrote 43 bytes to ecology
[dna] fire wrote 112 bytes to ecology
[dna] fire wrote 29 bytes to ecology
[dna] fire wrote 68 bytes to ecology
[dna] fire wrote 68 bytes to ecology
[dna] fire wrote 72 bytes to ecology
[dna] fire wrote 46 bytes to ecology
[dna] fire wrote 76 bytes to ecology
[dna] fire wrote 129 bytes to ecology
[dna] fire wrote 16 bytes to ecology
[dna] fire wrote 7 bytes to ecology
[dna] fire wrote 45 bytes to ecology
[debug-onto] tick=50 corpus=132944 stage=2 freeze=0
[dna] fire wrote 63 bytes to ecology
[dna] fire wrote 44 bytes to ecology
[dna] fire wrote 45 bytes to ecology
[dna] fire wrote 28 bytes to ecology
[dna] fire wrote 25 bytes to ecology
[dna] fire wrote 112 bytes to ecology
[dna] fire wrote 85 bytes to ecology
[dna] fire wrote 102 bytes to ecology
[dna] fire wrote 69 bytes to ecology
[dna] fire wrote 151 bytes to ecology
[dna] fire wrote 82 bytes to ecology
[dna] fire wrote 12 bytes to ecology
[dna] fire wrote 67 bytes to ecology
[dna] fire wrote 55 bytes to ecology
[dna] fire wrote 149 bytes to ecology
[dna] fire wrote 34 bytes to ecology
[dna] fire wrote 36 bytes to ecology
[dna] fire wrote 28 bytes to ecology
[dna] fire wrote 50 bytes to ecology
[dna] fire wrote 56 bytes to ecology
[dna] fire wrote 25 bytes to ecology
[debug-onto] tick=100 corpus=132944 stage=2 freeze=0
[dna] fire wrote 49 bytes to ecology
[dna] fire wrote 53 bytes to ecology
[dna] fire wrote 193 bytes to ecology
[dna] fire wrote 49 bytes to ecology
[dna] fire wrote 38 bytes to ecology
[dna] fire wrote 66 bytes to ecology
[dna] fire wrote 68 bytes to ecology
[dna] fire wrote 12 bytes to ecology
[dna] fire wrote 26 bytes to ecology
[dna] fire wrote 25 bytes to ecology
[dna] fire wrote 68 bytes to ecology
[dna] fire wrote 51 bytes to ecology
[dna] fire wrote 94 bytes to ecology
[dna] fire wrote 98 bytes to ecology
[dna] fire wrote 55 bytes to ecology
[dna] fire wrote 26 bytes to ecology
[dna] fire wrote 42 bytes to ecology
[dna] fire wrote 36 bytes to ecology
[debug-onto] tick=150 corpus=132944 stage=2 freeze=0
[dna] fire wrote 36 bytes to ecology
[dna] fire wrote 41 bytes to ecology
[dna] fire wrote 43 bytes to ecology
[dna] fire wrote 83 bytes to ecology
[dna] fire wrote 84 bytes to ecology
[dna] fire wrote 40 bytes to ecology
[dna] fire wrote 55 bytes to ecology
[dna] fire wrote 50 bytes to ecology
[dna] fire wrote 33 bytes to ecology
[dna] fire wrote 88 bytes to ecology
[dna] fire wrote 21 bytes to ecology
[dna] fire wrote 39 bytes to ecology
[dna] fire wrote 85 bytes to ecology
[dna] fire wrote 71 bytes to ecology
[dna] fire wrote 81 bytes to ecology
[dna] fire wrote 45 bytes to ecology
[dna] fire wrote 192 bytes to ecology
[dna] fire wrote 39 bytes to ecology
[dna] fire wrote 29 bytes to ecology
[dna] fire wrote 41 bytes to ecology
[dna] fire wrote 53 bytes to ecology
[dna] fire wrote 31 bytes to ecology
[dna] fire wrote 102 bytes to ecology
[debug-onto] tick=200 corpus=132944 stage=2 freeze=0
[dna] fire wrote 44 bytes to ecology
[dna] fire wrote 30 bytes to ecology
[dna] fire wrote 80 bytes to ecology
[dna] fire wrote 51 bytes to ecology
[dna] fire wrote 77 bytes to ecology
[dna] fire wrote 51 bytes to ecology
[dna] fire wrote 78 bytes to ecology
[dna] fire wrote 31 bytes to ecology
[dna] fire wrote 62 bytes to ecology
[dna] fire wrote 84 bytes to ecology
[dna] fire wrote 41 bytes to ecology
[dna] fire wrote 32 bytes to ecology
[dna] fire wrote 54 bytes to ecology
[dna] fire wrote 28 bytes to ecology
[dna] fire wrote 18 bytes to ecology
[dna] fire wrote 52 bytes to ecology
[dna] fire wrote 38 bytes to ecology
[dna] fire wrote 32 bytes to ecology
[dna] fire wrote 76 bytes to ecology
[dna] fire wrote 61 bytes to ecology
[dna] fire wrote 73 bytes to ecology
[debug-onto] tick=250 corpus=132944 stage=2 freeze=0
[dna] fire wrote 15 bytes to ecology
[dna] fire wrote 39 bytes to ecology
[dna] fire wrote 73 bytes to ecology
[dna] fire wrote 58 bytes to ecology
[dna] fire wrote 53 bytes to ecology
[dna] fire wrote 75 bytes to ecology
[dna] fire wrote 98 bytes to ecology
[dna] fire wrote 154 bytes to ecology
[dna] fire wrote 7 bytes to ecology
[dna] fire wrote 56 bytes to ecology
[dna] fire wrote 32 bytes to ecology
[dna] fire wrote 55 bytes to ecology
[dna] fire wrote 104 bytes to ecology
[dna] fire wrote 48 bytes to ecology
[dna] fire wrote 63 bytes to ecology
[dna] fire wrote 28 bytes to ecology
[dna] fire wrote 89 bytes to ecology
[dna] fire wrote 48 bytes to ecology
[dna] fire wrote 30 bytes to ecology
[dna] fire wrote 71 bytes to ecology
[dna] fire wrote 32 bytes to ecology
[debug-onto] tick=300 corpus=132944 stage=2 freeze=0
[dna] fire wrote 60 bytes to ecology
[dna] fire wrote 53 bytes to ecology
[dna] fire wrote 73 bytes to ecology
[dna] fire wrote 122 bytes to ecology
[dna] fire wrote 32 bytes to ecology
[dna] fire wrote 39 bytes to ecology
[dna] fire wrote 26 bytes to ecology
[dna] fire wrote 109 bytes to ecology
[dna] fire wrote 43 bytes to ecology
[dna] fire wrote 72 bytes to ecology
[dna] fire wrote 127 bytes to ecology
[dna] fire wrote 157 bytes to ecology
[dna] fire wrote 56 bytes to ecology
[dna] fire wrote 125 bytes to ecology
[dna] fire wrote 108 bytes to ecology
[dna] fire wrote 44 bytes to ecology
[dna] fire wrote 38 bytes to ecology
[dna] fire wrote 49 bytes to ecology
[dna] fire wrote 57 bytes to ecology
[debug-onto] tick=350 corpus=132944 stage=2 freeze=0
[dna] fire wrote 113 bytes to ecology
[dna] fire wrote 49 bytes to ecology
[dna] fire wrote 133 bytes to ecology
[dna] fire wrote 79 bytes to ecology
[dna] fire wrote 67 bytes to ecology
[dna] fire wrote 31 bytes to ecology
[dna] fire wrote 25 bytes to ecology
[dna] fire wrote 89 bytes to ecology
[dna] fire wrote 57 bytes to ecology
[dna] fire wrote 34 bytes to ecology
[dna] fire wrote 25 bytes to ecology
[dna] fire wrote 25 bytes to ecology
[dna] fire wrote 35 bytes to ecology
[dna] fire wrote 46 bytes to ecology
[dna] fire wrote 87 bytes to ecology
[dna] fire wrote 37 bytes to ecology
[dna] fire wrote 12 bytes to ecology
[dna] fire wrote 21 bytes to ecology
[dna] fire wrote 46 bytes to ecology
[dna] fire wrote 26 bytes to ecology
[dna] fire wrote 39 bytes to ecology
[dna] fire wrote 83 bytes to ecology
[debug-onto] tick=400 corpus=132944 stage=2 freeze=0
[dna] fire wrote 116 bytes to ecology
[dna] fire wrote 70 bytes to ecology
[dna] fire wrote 8 bytes to ecology
[dna] fire wrote 14 bytes to ecology
[dna] fire wrote 109 bytes to ecology
[dna] fire wrote 32 bytes to ecology
[dna] fire wrote 60 bytes to ecology
[dna] fire wrote 45 bytes to ecology
[dna] fire wrote 159 bytes to ecology
[dna] fire wrote 90 bytes to ecology
[dna] fire wrote 6 bytes to ecology
[dna] fire wrote 50 bytes to ecology
[dna] fire wrote 66 bytes to ecology
[dna] fire wrote 94 bytes to ecology
[dna] fire wrote 52 bytes to ecology
[dna] fire wrote 113 bytes to ecology
[dna] fire wrote 22 bytes to ecology
[dna] fire wrote 84 bytes to ecology
[dna] fire wrote 12 bytes to ecology
[dna] fire wrote 30 bytes to ecology
[dna] fire wrote 28 bytes to ecology
[dna] fire wrote 31 bytes to ecology
[debug-onto] tick=450 corpus=132944 stage=2 freeze=0
[dna] fire wrote 33 bytes to ecology
[dna] fire wrote 53 bytes to ecology
[dna] fire wrote 37 bytes to ecology
[dna] fire wrote 20 bytes to ecology
[dna] fire wrote 52 bytes to ecology
[dna] fire wrote 143 bytes to ecology
[dna] fire wrote 24 bytes to ecology
[dna] fire wrote 27 bytes to ecology
[dna] fire wrote 30 bytes to ecology
[dna] fire wrote 26 bytes to ecology
[dna] fire wrote 43 bytes to ecology
[dna] fire wrote 129 bytes to ecology
[dna] fire wrote 12 bytes to ecology
[dna] fire wrote 32 bytes to ecology
[dna] fire wrote 73 bytes to ecology
[dna] fire wrote 153 bytes to ecology
[dna] fire wrote 306 bytes to ecology
[dna] fire wrote 31 bytes to ecology
[dna] fire wrote 30 bytes to ecology
[dna] fire wrote 140 bytes to ecology
[dna] fire wrote 82 bytes to ecology
[debug-onto] tick=500 corpus=132944 stage=2 freeze=0
[dna] fire wrote 182 bytes to ecology
[dna] fire wrote 13 bytes to ecology
[dna] fire wrote 120 bytes to ecology
[dna] fire wrote 25 bytes to ecology
[dna] fire wrote 77 bytes to ecology
[dna] fire wrote 25 bytes to ecology
[dna] fire wrote 133 bytes to ecology
[dna] fire wrote 40 bytes to ecology
[dna] fire wrote 46 bytes to ecology
[dna] fire wrote 29 bytes to ecology
[dna] fire wrote 70 bytes to ecology
[dna] fire wrote 79 bytes to ecology
[dna] fire wrote 28 bytes to ecology
[dna] fire wrote 139 bytes to ecology
[dna] fire wrote 27 bytes to ecology
[dna] fire wrote 45 bytes to ecology
[dna] fire wrote 91 bytes to ecology
[dna] fire wrote 41 bytes to ecology
[dna] fire wrote 155 bytes to ecology
[dna] fire wrote 55 bytes to ecology
[debug-onto] tick=550 corpus=132944 stage=2 freeze=0
[dna] fire wrote 32 bytes to ecology
[dna] fire wrote 47 bytes to ecology
[dna] fire wrote 26 bytes to ecology
[dna] fire wrote 68 bytes to ecology
[dna] fire wrote 37 bytes to ecology
[dna] fire wrote 46 bytes to ecology
[dna] fire wrote 44 bytes to ecology
[dna] fire wrote 37 bytes to ecology
[dna] fire wrote 47 bytes to ecology
[dna] fire wrote 89 bytes to ecology
[dna] fire wrote 209 bytes to ecology
[dna] fire wrote 106 bytes to ecology
[dna] fire wrote 11 bytes to ecology
[dna] fire wrote 103 bytes to ecology
[dna] fire wrote 31 bytes to ecology
[dna] fire wrote 79 bytes to ecology
[dna] fire wrote 79 bytes to ecology
[dna] fire wrote 41 bytes to ecology
[dna] fire wrote 33 bytes to ecology
[dna] fire wrote 60 bytes to ecology
[dna] fire wrote 89 bytes to ecology
[debug-onto] tick=600 corpus=132944 stage=2 freeze=0
[dna] fire wrote 90 bytes to ecology
[dna] fire wrote 31 bytes to ecology
[dna] fire wrote 32 bytes to ecology
[dna] fire wrote 18 bytes to ecology
[dna] fire wrote 23 bytes to ecology
[dna] fire wrote 80 bytes to ecology
[dna] fire wrote 22 bytes to ecology
[dna] fire wrote 181 bytes to ecology
[dna] fire wrote 101 bytes to ecology
[dna] fire wrote 64 bytes to ecology
[dna] fire wrote 5 bytes to ecology
[dna] fire wrote 69 bytes to ecology
[dna] fire wrote 109 bytes to ecology
[dna] fire wrote 108 bytes to ecology
[dna] fire wrote 47 bytes to ecology
[dna] fire wrote 46 bytes to ecology
[dna] fire wrote 68 bytes to ecology
[dna] fire wrote 48 bytes to ecology
[dna] fire wrote 24 bytes to ecology
[dna] fire wrote 37 bytes to ecology
[debug-onto] tick=650 corpus=132944 stage=2 freeze=0
[dna] fire wrote 140 bytes to ecology
[dna] fire wrote 121 bytes to ecology
[dna] fire wrote 45 bytes to ecology
[dna] fire wrote 130 bytes to ecology
[dna] fire wrote 33 bytes to ecology
[dna] fire wrote 94 bytes to ecology
[dna] fire wrote 54 bytes to ecology
[dna] fire wrote 46 bytes to ecology
[dna] fire wrote 64 bytes to ecology
[dna] fire wrote 42 bytes to ecology
[dna] fire wrote 26 bytes to ecology
[dna] fire wrote 54 bytes to ecology

[evolution] Organism shutting down gracefully.
