[ecology] Element: water → corpus: nonames_water.txt
[evolution] Autonomous evolution mode — organism will grow through all stages without pause.
[ecology] Joined swarm. 1 peer(s) detected.
molequla is alive. [evolution] Autonomous mode — background trainer running. Ctrl+C to stop.
[dna] water wrote 69 bytes to ecology
[dna] water consumed 17930 bytes from 228 files: [air/gen_1775715373_1.txt air/gen_1775715388_4.txt air/gen_1775715397_7.txt air/gen_1775715405_10.txt air/gen_1775715413_13.txt air/gen_1775715421_16.txt air/gen_1775715428_19.txt air/gen_1775715436_22.txt air/gen_1775715444_25.txt air/gen_1775715452_28.txt air/gen_1775715460_31.txt air/gen_1775715468_34.txt air/gen_1775715476_37.txt air/gen_1775715485_40.txt air/gen_1775715493_43.txt air/gen_1775715501_46.txt air/gen_1775715509_49.txt air/gen_1775715517_52.txt air/gen_1775715525_55.txt air/gen_1775715533_58.txt air/gen_1775715541_61.txt air/gen_1775715549_64.txt air/gen_1775715557_67.txt air/gen_1775715565_70.txt air/gen_1775715573_73.txt air/gen_1775715581_76.txt air/gen_1775715589_79.txt air/gen_1775715597_82.txt air/gen_1775715605_85.txt air/gen_1775715613_88.txt air/gen_1775715621_91.txt air/gen_1775715629_94.txt air/gen_1775715637_97.txt air/gen_1775715645_100.txt air/gen_1775715653_103.txt air/gen_1775715661_106.txt air/gen_1775715669_109.txt air/gen_1775715676_112.txt air/gen_1775715684_115.txt air/gen_1775715692_118.txt air/gen_1775715700_121.txt air/gen_1775715708_124.txt air/gen_1775715715_127.txt air/gen_1775715723_130.txt air/gen_1775715731_133.txt air/gen_1775715739_136.txt air/gen_1775715747_139.txt air/gen_1775715754_142.txt air/gen_1775715762_145.txt air/gen_1775715770_148.txt air/gen_1775715778_151.txt air/gen_1775715785_154.txt air/gen_1775715793_157.txt air/gen_1775715800_160.txt air/gen_1775715808_163.txt air/gen_1775715815_166.txt air/gen_1775715823_169.txt air/gen_1775715830_172.txt air/gen_1775715838_175.txt air/gen_1775715845_178.txt air/gen_1775715853_181.txt air/gen_1775715861_184.txt air/gen_1775715868_187.txt air/gen_1775715876_190.txt air/gen_1775715884_193.txt air/gen_1775715891_196.txt air/gen_1775715899_199.txt air/gen_1775715906_202.txt air/gen_1775715914_205.txt air/gen_1775715922_208.txt air/gen_1775715929_211.txt air/gen_1775715937_214.txt air/gen_1775715945_217.txt air/gen_1775715952_220.txt air/gen_1775715960_223.txt air/gen_1775715967_226.txt air/gen_1775715975_229.txt air/gen_1775715983_232.txt air/gen_1775715990_235.txt air/gen_1775715998_238.txt air/gen_1775716006_241.txt air/gen_1775716013_244.txt air/gen_1775716021_247.txt air/gen_1775716029_250.txt air/gen_1775716037_253.txt air/gen_1775716045_256.txt air/gen_1775716052_259.txt air/gen_1775716060_262.txt air/gen_1775716069_265.txt air/gen_1775716077_268.txt air/gen_1775716085_271.txt air/gen_1775716093_274.txt air/gen_1775716100_277.txt air/gen_1775716108_280.txt air/gen_1775716116_283.txt air/gen_1775716124_286.txt air/gen_1775716131_289.txt air/gen_1775716139_292.txt air/gen_1775716147_295.txt air/gen_1775716155_298.txt air/gen_1775716163_301.txt air/gen_1775716172_304.txt air/gen_1775716180_307.txt air/gen_1775716188_310.txt air/gen_1775716196_313.txt air/gen_1775716204_316.txt air/gen_1775716212_319.txt air/gen_1775716220_322.txt air/gen_1775716228_325.txt air/gen_1775716236_328.txt air/gen_1775716244_331.txt air/gen_1775716251_334.txt air/gen_1775716260_337.txt air/gen_1775716268_340.txt air/gen_1775716275_343.txt air/gen_1775716283_346.txt air/gen_1775716291_349.txt air/gen_1775716299_352.txt air/gen_1775716307_355.txt air/gen_1775716315_358.txt air/gen_1775716323_361.txt air/gen_1775716331_364.txt air/gen_1775716339_367.txt air/gen_1775716347_370.txt air/gen_1775716355_373.txt air/gen_1775716363_376.txt air/gen_1775716371_379.txt air/gen_1775716378_382.txt air/gen_1775716386_385.txt air/gen_1775716394_388.txt air/gen_1775716402_391.txt air/gen_1775716410_394.txt air/gen_1775716419_397.txt air/gen_1775716426_400.txt air/gen_1775716434_403.txt air/gen_1775716442_406.txt air/gen_1775716450_409.txt air/gen_1775716458_412.txt air/gen_1775716466_415.txt air/gen_1775716473_418.txt air/gen_1775716481_421.txt air/gen_1775716489_424.txt air/gen_1775716497_427.txt air/gen_1775716505_430.txt air/gen_1775716512_433.txt air/gen_1775716520_436.txt air/gen_1775716528_439.txt air/gen_1775716536_442.txt air/gen_1775716544_445.txt air/gen_1775716551_448.txt air/gen_1775716559_451.txt air/gen_1775716567_454.txt air/gen_1775716575_457.txt air/gen_1775716583_460.txt air/gen_1775716591_463.txt air/gen_1775716599_466.txt air/gen_1775716607_469.txt air/gen_1775716615_472.txt air/gen_1775716622_475.txt air/gen_1775716630_478.txt air/gen_1775716638_481.txt air/gen_1775716646_484.txt air/gen_1775716654_487.txt air/gen_1775716661_490.txt air/gen_1775716669_493.txt air/gen_1775716677_496.txt air/gen_1775716685_499.txt air/gen_1775716693_502.txt air/gen_1775716701_505.txt air/gen_1775716708_508.txt air/gen_1775716716_511.txt air/gen_1775716724_514.txt air/gen_1775716732_517.txt air/gen_1775716740_520.txt air/gen_1775716748_523.txt air/gen_1775716756_526.txt air/gen_1775716764_529.txt air/gen_1775716772_532.txt air/gen_1775716779_535.txt air/gen_1775716787_538.txt air/gen_1775716795_541.txt air/gen_1775716803_544.txt air/gen_1775716811_547.txt air/gen_1775716818_550.txt air/gen_1775716826_553.txt air/gen_1775716834_556.txt air/gen_1775716841_559.txt air/gen_1775716849_562.txt air/gen_1775716857_565.txt air/gen_1775716865_568.txt air/gen_1775716873_571.txt air/gen_1775716881_574.txt air/gen_1775716889_577.txt air/gen_1775716897_580.txt air/gen_1775716905_583.txt air/gen_1775716913_586.txt air/gen_1775716921_589.txt air/gen_1775716928_592.txt air/gen_1775716936_595.txt air/gen_1775716944_598.txt air/gen_1775716952_601.txt air/gen_1775716959_604.txt air/gen_1775716967_607.txt air/gen_1775716975_610.txt air/gen_1775716983_613.txt air/gen_1775716991_616.txt air/gen_1775716998_619.txt air/gen_1775717006_622.txt air/gen_1775717014_625.txt air/gen_1775717021_628.txt air/gen_1775717029_631.txt air/gen_1775717037_634.txt air/gen_1775717045_637.txt air/gen_1775717053_640.txt air/gen_1775717061_643.txt air/gen_1775717069_646.txt air/gen_1775717077_649.txt air/gen_1775717085_652.txt air/gen_1775717092_655.txt air/gen_1775717100_658.txt air/gen_1775717108_661.txt air/gen_1775717116_664.txt air/gen_1775717124_667.txt air/gen_1775717131_670.txt air/gen_1775717139_673.txt air/gen_1775717147_676.txt air/gen_1775717155_679.txt air/gen_1775717162_682.txt]
[trainer] micro-train burst (17930 bytes, novelty 0.03) — and lo, it feeds again.
[syntropy] action=explore | trend=0.0000 | field_dev=-0.072 | purpose_align=-0.087 | lr_mul=1.30
[aml] burst complete: 32 steps, avg loss 1.6396 (memory freed)
[dna] water wrote 30 bytes to ecology
[dna] water wrote 27 bytes to ecology
[dna] water wrote 73 bytes to ecology
[dna] water wrote 160 bytes to ecology
[dna] water wrote 50 bytes to ecology
[dna] water wrote 15 bytes to ecology
[dna] water wrote 27 bytes to ecology
[dna] water wrote 119 bytes to ecology
[dna] water wrote 39 bytes to ecology
[dna] water wrote 69 bytes to ecology
[dna] water wrote 131 bytes to ecology
[dna] water wrote 30 bytes to ecology
[dna] water wrote 43 bytes to ecology
[dna] water wrote 39 bytes to ecology
[dna] water wrote 109 bytes to ecology
[dna] water wrote 51 bytes to ecology
[dna] water wrote 17 bytes to ecology
[debug-onto] tick=50 corpus=143855 stage=2 freeze=0
[dna] water wrote 12 bytes to ecology
[dna] water wrote 12 bytes to ecology
[dna] water wrote 32 bytes to ecology
[dna] water wrote 30 bytes to ecology
[dna] water wrote 44 bytes to ecology
[dna] water wrote 69 bytes to ecology
[dna] water wrote 21 bytes to ecology
[dna] water wrote 130 bytes to ecology
[dna] water wrote 40 bytes to ecology
[dna] water wrote 20 bytes to ecology
[dna] water wrote 22 bytes to ecology
[dna] water wrote 29 bytes to ecology
[dna] water wrote 28 bytes to ecology
[dna] water wrote 19 bytes to ecology
[dna] water wrote 44 bytes to ecology
[dna] water wrote 29 bytes to ecology
[dna] water wrote 35 bytes to ecology
[dna] water wrote 72 bytes to ecology
[dna] water wrote 76 bytes to ecology
[debug-onto] tick=100 corpus=143855 stage=2 freeze=0
[dna] water wrote 28 bytes to ecology
[dna] water wrote 66 bytes to ecology
[dna] water wrote 23 bytes to ecology
[dna] water wrote 14 bytes to ecology
[dna] water wrote 37 bytes to ecology
[dna] water wrote 8 bytes to ecology
[dna] water wrote 27 bytes to ecology
[dna] water wrote 43 bytes to ecology
[dna] water wrote 282 bytes to ecology
[dna] water wrote 42 bytes to ecology
[dna] water wrote 30 bytes to ecology
[dna] water wrote 44 bytes to ecology
[dna] water wrote 45 bytes to ecology
[dna] water wrote 57 bytes to ecology
[dna] water wrote 117 bytes to ecology
[dna] water wrote 25 bytes to ecology
[dna] water wrote 31 bytes to ecology
[dna] water wrote 52 bytes to ecology
[debug-onto] tick=150 corpus=143855 stage=2 freeze=0
[dna] water wrote 49 bytes to ecology
[dna] water wrote 31 bytes to ecology
[dna] water wrote 60 bytes to ecology
[dna] water wrote 34 bytes to ecology
[dna] water wrote 20 bytes to ecology
[dna] water wrote 194 bytes to ecology
[dna] water wrote 23 bytes to ecology
[dna] water wrote 49 bytes to ecology
[dna] water wrote 55 bytes to ecology
[dna] water wrote 30 bytes to ecology
[dna] water wrote 13 bytes to ecology
[dna] water wrote 31 bytes to ecology
[dna] water wrote 14 bytes to ecology
[dna] water wrote 13 bytes to ecology
[dna] water wrote 60 bytes to ecology
[dna] water wrote 49 bytes to ecology
[dna] water wrote 59 bytes to ecology
[debug-onto] tick=200 corpus=143855 stage=2 freeze=0
[dna] water wrote 26 bytes to ecology
[dna] water wrote 118 bytes to ecology
[dna] water wrote 117 bytes to ecology
[dna] water wrote 29 bytes to ecology
[dna] water wrote 34 bytes to ecology
[dna] water wrote 49 bytes to ecology
[dna] water wrote 29 bytes to ecology
[dna] water wrote 105 bytes to ecology
[dna] water wrote 38 bytes to ecology
[dna] water wrote 57 bytes to ecology
[dna] water wrote 39 bytes to ecology
[dna] water wrote 25 bytes to ecology
[dna] water wrote 49 bytes to ecology
[dna] water wrote 15 bytes to ecology
[dna] water wrote 72 bytes to ecology
[dna] water wrote 54 bytes to ecology
[dna] water wrote 25 bytes to ecology
[debug-onto] tick=250 corpus=143855 stage=2 freeze=0
[dna] water wrote 13 bytes to ecology
[dna] water wrote 126 bytes to ecology
[dna] water wrote 37 bytes to ecology
[dna] water wrote 38 bytes to ecology
[dna] water wrote 66 bytes to ecology
[dna] water wrote 61 bytes to ecology
[dna] water wrote 119 bytes to ecology
[dna] water wrote 11 bytes to ecology
[dna] water wrote 12 bytes to ecology
[dna] water wrote 31 bytes to ecology
[dna] water wrote 38 bytes to ecology
[dna] water wrote 24 bytes to ecology
[dna] water wrote 17 bytes to ecology
[dna] water wrote 32 bytes to ecology
[dna] water wrote 159 bytes to ecology
[dna] water wrote 35 bytes to ecology
[dna] water wrote 56 bytes to ecology
[dna] water wrote 41 bytes to ecology
[debug-onto] tick=300 corpus=143855 stage=2 freeze=0
[dna] water wrote 63 bytes to ecology
[dna] water wrote 31 bytes to ecology
[dna] water wrote 36 bytes to ecology
[dna] water wrote 38 bytes to ecology
[dna] water wrote 30 bytes to ecology
[dna] water wrote 26 bytes to ecology
[dna] water wrote 26 bytes to ecology
[dna] water wrote 27 bytes to ecology
[dna] water wrote 42 bytes to ecology
[dna] water wrote 23 bytes to ecology
[dna] water wrote 109 bytes to ecology
[dna] water wrote 55 bytes to ecology
[dna] water wrote 30 bytes to ecology
[dna] water wrote 120 bytes to ecology
[dna] water wrote 20 bytes to ecology
[dna] water wrote 20 bytes to ecology
[dna] water wrote 27 bytes to ecology
[dna] water wrote 16 bytes to ecology
[dna] water wrote 19 bytes to ecology
[debug-onto] tick=350 corpus=143855 stage=2 freeze=0
[dna] water wrote 52 bytes to ecology
[dna] water wrote 40 bytes to ecology
[dna] water wrote 117 bytes to ecology
[dna] water wrote 35 bytes to ecology
[dna] water wrote 47 bytes to ecology
[dna] water wrote 68 bytes to ecology
[dna] water wrote 61 bytes to ecology
[dna] water wrote 15 bytes to ecology
[dna] water wrote 19 bytes to ecology
[dna] water wrote 68 bytes to ecology
[dna] water wrote 46 bytes to ecology
[dna] water wrote 15 bytes to ecology
[dna] water wrote 31 bytes to ecology
[dna] water wrote 42 bytes to ecology
[dna] water wrote 28 bytes to ecology
[dna] water wrote 35 bytes to ecology
[dna] water wrote 21 bytes to ecology
[dna] water wrote 63 bytes to ecology
[debug-onto] tick=400 corpus=143855 stage=2 freeze=0
[dna] water wrote 44 bytes to ecology
[dna] water wrote 40 bytes to ecology
[dna] water wrote 63 bytes to ecology
[dna] water wrote 79 bytes to ecology
[dna] water wrote 20 bytes to ecology
[dna] water wrote 88 bytes to ecology
[dna] water wrote 17 bytes to ecology
[dna] water wrote 78 bytes to ecology
[dna] water wrote 167 bytes to ecology
[dna] water wrote 100 bytes to ecology
[dna] water wrote 23 bytes to ecology
[dna] water wrote 70 bytes to ecology
[dna] water wrote 57 bytes to ecology
[dna] water wrote 45 bytes to ecology
[dna] water wrote 17 bytes to ecology
[dna] water wrote 26 bytes to ecology
[debug-onto] tick=450 corpus=143855 stage=2 freeze=0
[dna] water wrote 76 bytes to ecology
[dna] water wrote 48 bytes to ecology
[dna] water wrote 45 bytes to ecology
[dna] water wrote 64 bytes to ecology
[dna] water wrote 19 bytes to ecology
[dna] water wrote 111 bytes to ecology
[dna] water wrote 41 bytes to ecology
[dna] water wrote 66 bytes to ecology
[dna] water wrote 30 bytes to ecology
[dna] water wrote 50 bytes to ecology
[dna] water wrote 147 bytes to ecology
[dna] water wrote 139 bytes to ecology
[dna] water wrote 42 bytes to ecology
[dna] water wrote 51 bytes to ecology
[dna] water wrote 66 bytes to ecology
[dna] water wrote 26 bytes to ecology
[dna] water wrote 30 bytes to ecology
[debug-onto] tick=500 corpus=143855 stage=2 freeze=0
[dna] water wrote 92 bytes to ecology
[dna] water wrote 37 bytes to ecology
[dna] water wrote 36 bytes to ecology
[dna] water wrote 29 bytes to ecology
[dna] water wrote 74 bytes to ecology
[dna] water wrote 15 bytes to ecology
[dna] water wrote 11 bytes to ecology
[dna] water wrote 43 bytes to ecology
[dna] water wrote 44 bytes to ecology
[dna] water wrote 33 bytes to ecology
[dna] water wrote 131 bytes to ecology
[dna] water wrote 66 bytes to ecology
[dna] water wrote 16 bytes to ecology
[dna] water wrote 47 bytes to ecology
[dna] water wrote 32 bytes to ecology
[dna] water wrote 29 bytes to ecology
[dna] water wrote 37 bytes to ecology
[debug-onto] tick=550 corpus=143855 stage=2 freeze=0
[dna] water wrote 74 bytes to ecology
[dna] water wrote 57 bytes to ecology
[dna] water wrote 33 bytes to ecology
[dna] water wrote 35 bytes to ecology
[dna] water wrote 44 bytes to ecology
[dna] water wrote 44 bytes to ecology
[dna] water wrote 67 bytes to ecology
[dna] water wrote 95 bytes to ecology
[dna] water wrote 53 bytes to ecology
[dna] water wrote 31 bytes to ecology
[dna] water wrote 60 bytes to ecology
[dna] water wrote 45 bytes to ecology
[dna] water wrote 89 bytes to ecology
[dna] water wrote 13 bytes to ecology
[dna] water wrote 35 bytes to ecology
[dna] water wrote 25 bytes to ecology
[debug-onto] tick=600 corpus=143855 stage=2 freeze=0
[dna] water wrote 28 bytes to ecology
[dna] water wrote 70 bytes to ecology
[dna] water wrote 28 bytes to ecology
[dna] water wrote 62 bytes to ecology
[dna] water wrote 71 bytes to ecology
[dna] water wrote 12 bytes to ecology
[dna] water wrote 24 bytes to ecology

[evolution] Organism shutting down gracefully.
