[ecology] Element: air → corpus: nonames_air.txt
[evolution] Autonomous evolution mode — organism will grow through all stages without pause.
[ecology] Joined swarm. 1 peer(s) detected.
molequla is alive. [evolution] Autonomous mode — background trainer running. Ctrl+C to stop.
[dna] air wrote 85 bytes to ecology
[dna] air consumed 17704 bytes from 225 files: [earth/gen_1777961529_1.txt earth/gen_1777961537_4.txt earth/gen_1777961545_7.txt earth/gen_1777961553_10.txt earth/gen_1777961561_13.txt earth/gen_1777961576_19.txt earth/gen_1777961584_22.txt earth/gen_1777961592_25.txt earth/gen_1777961600_28.txt earth/gen_1777961607_31.txt earth/gen_1777961615_34.txt earth/gen_1777961623_37.txt earth/gen_1777961630_40.txt earth/gen_1777961638_43.txt earth/gen_1777961646_46.txt earth/gen_1777961653_49.txt earth/gen_1777961661_52.txt earth/gen_1777961669_55.txt earth/gen_1777961676_58.txt earth/gen_1777961684_61.txt earth/gen_1777961692_64.txt earth/gen_1777961699_67.txt earth/gen_1777961707_70.txt earth/gen_1777961715_73.txt earth/gen_1777961723_76.txt earth/gen_1777961730_79.txt earth/gen_1777961738_82.txt earth/gen_1777961746_85.txt earth/gen_1777961753_88.txt earth/gen_1777961761_91.txt earth/gen_1777961769_94.txt earth/gen_1777961777_97.txt earth/gen_1777961792_103.txt earth/gen_1777961800_106.txt earth/gen_1777961808_109.txt earth/gen_1777961815_112.txt earth/gen_1777961823_115.txt earth/gen_1777961831_118.txt earth/gen_1777961838_121.txt earth/gen_1777961846_124.txt earth/gen_1777961854_127.txt earth/gen_1777961861_130.txt earth/gen_1777961869_133.txt earth/gen_1777961877_136.txt earth/gen_1777961885_139.txt earth/gen_1777961893_142.txt earth/gen_1777961901_145.txt earth/gen_1777961909_148.txt earth/gen_1777961917_151.txt earth/gen_1777961925_154.txt earth/gen_1777961933_157.txt earth/gen_1777961941_160.txt earth/gen_1777961949_163.txt earth/gen_1777961956_166.txt earth/gen_1777961964_169.txt earth/gen_1777961972_172.txt earth/gen_1777961980_175.txt earth/gen_1777961988_178.txt earth/gen_1777961996_181.txt earth/gen_1777962004_184.txt earth/gen_1777962011_187.txt earth/gen_1777962019_190.txt earth/gen_1777962027_193.txt earth/gen_1777962035_196.txt earth/gen_1777962043_199.txt earth/gen_1777962051_202.txt earth/gen_1777962059_205.txt earth/gen_1777962067_208.txt earth/gen_1777962074_211.txt earth/gen_1777962082_214.txt earth/gen_1777962090_217.txt earth/gen_1777962098_220.txt earth/gen_1777962105_223.txt earth/gen_1777962113_226.txt earth/gen_1777962121_229.txt earth/gen_1777962128_232.txt earth/gen_1777962136_235.txt earth/gen_1777962144_238.txt earth/gen_1777962151_241.txt earth/gen_1777962159_244.txt earth/gen_1777962167_247.txt earth/gen_1777962174_250.txt earth/gen_1777962182_253.txt earth/gen_1777962190_256.txt earth/gen_1777962198_259.txt earth/gen_1777962206_262.txt earth/gen_1777962214_265.txt earth/gen_1777962222_268.txt earth/gen_1777962230_271.txt earth/gen_1777962238_274.txt earth/gen_1777962246_277.txt earth/gen_1777962254_280.txt earth/gen_1777962262_283.txt earth/gen_1777962270_286.txt earth/gen_1777962279_289.txt earth/gen_1777962287_292.txt earth/gen_1777962295_295.txt earth/gen_1777962303_298.txt earth/gen_1777962310_301.txt earth/gen_1777962318_304.txt earth/gen_1777962326_307.txt earth/gen_1777962334_310.txt earth/gen_1777962342_313.txt earth/gen_1777962350_316.txt earth/gen_1777962358_319.txt earth/gen_1777962365_322.txt earth/gen_1777962373_325.txt earth/gen_1777962381_328.txt earth/gen_1777962389_331.txt earth/gen_1777962396_334.txt earth/gen_1777962404_337.txt earth/gen_1777962412_340.txt earth/gen_1777962420_343.txt earth/gen_1777962428_346.txt earth/gen_1777962435_349.txt earth/gen_1777962443_352.txt earth/gen_1777962451_355.txt earth/gen_1777962459_358.txt earth/gen_1777962466_361.txt earth/gen_1777962474_364.txt earth/gen_1777962482_367.txt earth/gen_1777962490_370.txt earth/gen_1777962497_373.txt earth/gen_1777962505_376.txt earth/gen_1777962513_379.txt earth/gen_1777962521_382.txt earth/gen_1777962529_385.txt earth/gen_1777962536_388.txt earth/gen_1777962544_391.txt earth/gen_1777962552_394.txt earth/gen_1777962560_397.txt earth/gen_1777962567_400.txt earth/gen_1777962575_403.txt earth/gen_1777962583_406.txt earth/gen_1777962591_409.txt earth/gen_1777962599_412.txt earth/gen_1777962607_415.txt earth/gen_1777962615_418.txt earth/gen_1777962622_421.txt earth/gen_1777962630_424.txt earth/gen_1777962638_427.txt earth/gen_1777962646_430.txt earth/gen_1777962653_433.txt earth/gen_1777962661_436.txt earth/gen_1777962669_439.txt earth/gen_1777962677_442.txt earth/gen_1777962684_445.txt earth/gen_1777962692_448.txt earth/gen_1777962700_451.txt earth/gen_1777962708_454.txt earth/gen_1777962715_457.txt earth/gen_1777962723_460.txt earth/gen_1777962731_463.txt earth/gen_1777962738_466.txt earth/gen_1777962746_469.txt earth/gen_1777962754_472.txt earth/gen_1777962762_475.txt earth/gen_1777962770_478.txt earth/gen_1777962777_481.txt earth/gen_1777962785_484.txt earth/gen_1777962793_487.txt earth/gen_1777962801_490.txt earth/gen_1777962808_493.txt earth/gen_1777962816_496.txt earth/gen_1777962824_499.txt earth/gen_1777962831_502.txt earth/gen_1777962839_505.txt earth/gen_1777962846_508.txt earth/gen_1777962854_511.txt earth/gen_1777962862_514.txt earth/gen_1777962870_517.txt earth/gen_1777962878_520.txt earth/gen_1777962886_523.txt earth/gen_1777962893_526.txt earth/gen_1777962901_529.txt earth/gen_1777962909_532.txt earth/gen_1777962917_535.txt earth/gen_1777962925_538.txt earth/gen_1777962933_541.txt earth/gen_1777962941_544.txt earth/gen_1777962949_547.txt earth/gen_1777962957_550.txt earth/gen_1777962965_553.txt earth/gen_1777962973_556.txt earth/gen_1777962981_559.txt earth/gen_1777962989_562.txt earth/gen_1777962997_565.txt earth/gen_1777963005_568.txt earth/gen_1777963013_571.txt earth/gen_1777963021_574.txt earth/gen_1777963029_577.txt earth/gen_1777963037_580.txt earth/gen_1777963045_583.txt earth/gen_1777963053_586.txt earth/gen_1777963061_589.txt earth/gen_1777963068_592.txt earth/gen_1777963076_595.txt earth/gen_1777963084_598.txt earth/gen_1777963092_601.txt earth/gen_1777963100_604.txt earth/gen_1777963107_607.txt earth/gen_1777963115_610.txt earth/gen_1777963123_613.txt earth/gen_1777963131_616.txt earth/gen_1777963138_619.txt earth/gen_1777963146_622.txt earth/gen_1777963154_625.txt earth/gen_1777963162_628.txt earth/gen_1777963170_631.txt earth/gen_1777963177_634.txt earth/gen_1777963185_637.txt earth/gen_1777963193_640.txt earth/gen_1777963201_643.txt earth/gen_1777963208_646.txt earth/gen_1777963216_649.txt earth/gen_1777963224_652.txt earth/gen_1777963232_655.txt earth/gen_1777963239_658.txt earth/gen_1777963247_661.txt earth/gen_1777963255_664.txt earth/gen_1777963263_667.txt earth/gen_1777963270_670.txt earth/gen_1777963278_673.txt earth/gen_1777963286_676.txt earth/gen_1777963294_679.txt]
[trainer] micro-train burst (17704 bytes, novelty 0.04) — and lo, it feeds again.
[syntropy] action=explore | trend=0.0000 | field_dev=0.036 | purpose_align=0.051 | lr_mul=1.30
[aml] burst complete: 32 steps, avg loss 2.4914 (memory freed)
[dna] air wrote 18 bytes to ecology
[dna] air wrote 38 bytes to ecology
[dna] air wrote 66 bytes to ecology
[dna] air wrote 48 bytes to ecology
[dna] air wrote 135 bytes to ecology
[dna] air wrote 71 bytes to ecology
[dna] air wrote 60 bytes to ecology
[dna] air wrote 115 bytes to ecology
[dna] air wrote 50 bytes to ecology
[dna] air wrote 50 bytes to ecology
[dna] air wrote 30 bytes to ecology
[dna] air wrote 112 bytes to ecology
[dna] air wrote 116 bytes to ecology
[dna] air wrote 41 bytes to ecology
[dna] air wrote 47 bytes to ecology
[dna] air wrote 28 bytes to ecology
[debug-onto] tick=50 corpus=140245 stage=2 freeze=0
[dna] air wrote 239 bytes to ecology
[dna] air wrote 100 bytes to ecology
[dna] air wrote 84 bytes to ecology
[dna] air wrote 196 bytes to ecology
[dna] air wrote 39 bytes to ecology
[dna] air wrote 31 bytes to ecology
[dna] air wrote 33 bytes to ecology
[dna] air wrote 99 bytes to ecology
[dna] air wrote 28 bytes to ecology
[dna] air wrote 60 bytes to ecology
[dna] air wrote 127 bytes to ecology
[dna] air wrote 73 bytes to ecology
[dna] air wrote 30 bytes to ecology
[dna] air wrote 31 bytes to ecology
[dna] air wrote 27 bytes to ecology
[dna] air wrote 37 bytes to ecology
[dna] air wrote 174 bytes to ecology
[debug-onto] tick=100 corpus=140245 stage=2 freeze=0
[dna] air wrote 119 bytes to ecology
[dna] air wrote 128 bytes to ecology
[dna] air wrote 158 bytes to ecology
[dna] air wrote 33 bytes to ecology
[dna] air wrote 70 bytes to ecology
[dna] air wrote 93 bytes to ecology
[dna] air wrote 57 bytes to ecology
[dna] air wrote 319 bytes to ecology
[dna] air wrote 47 bytes to ecology
[dna] air wrote 66 bytes to ecology
[dna] air wrote 35 bytes to ecology
[dna] air wrote 58 bytes to ecology
[dna] air wrote 46 bytes to ecology
[dna] air wrote 130 bytes to ecology
[dna] air wrote 57 bytes to ecology
[dna] air wrote 59 bytes to ecology
[debug-onto] tick=150 corpus=140245 stage=2 freeze=0
[dna] air wrote 102 bytes to ecology
[dna] air wrote 15 bytes to ecology
[dna] air wrote 72 bytes to ecology
[dna] air wrote 21 bytes to ecology
[dna] air wrote 65 bytes to ecology
[dna] air wrote 61 bytes to ecology
[dna] air wrote 70 bytes to ecology
[dna] air wrote 46 bytes to ecology
[dna] air wrote 71 bytes to ecology
[dna] air wrote 116 bytes to ecology
[dna] air wrote 25 bytes to ecology
[dna] air wrote 42 bytes to ecology
[dna] air wrote 49 bytes to ecology
[dna] air wrote 54 bytes to ecology
[dna] air wrote 77 bytes to ecology
[dna] air wrote 11 bytes to ecology
[dna] air wrote 80 bytes to ecology
[debug-onto] tick=200 corpus=140245 stage=2 freeze=0
[dna] air wrote 20 bytes to ecology
[dna] air wrote 78 bytes to ecology
[dna] air wrote 141 bytes to ecology
[dna] air wrote 99 bytes to ecology
[dna] air wrote 48 bytes to ecology
[dna] air wrote 54 bytes to ecology
[dna] air wrote 76 bytes to ecology
[dna] air wrote 58 bytes to ecology
[dna] air wrote 210 bytes to ecology
[dna] air wrote 151 bytes to ecology
[dna] air wrote 40 bytes to ecology
[dna] air wrote 121 bytes to ecology
[dna] air wrote 101 bytes to ecology
[dna] air wrote 45 bytes to ecology
[dna] air wrote 46 bytes to ecology
[dna] air wrote 32 bytes to ecology
[dna] air wrote 102 bytes to ecology
[debug-onto] tick=250 corpus=140245 stage=2 freeze=0
[dna] air wrote 33 bytes to ecology
[dna] air wrote 115 bytes to ecology
[dna] air wrote 123 bytes to ecology
[dna] air wrote 102 bytes to ecology
[dna] air wrote 36 bytes to ecology
[dna] air wrote 58 bytes to ecology
[dna] air wrote 68 bytes to ecology
[dna] air wrote 46 bytes to ecology
[dna] air wrote 29 bytes to ecology
[dna] air wrote 58 bytes to ecology
[dna] air wrote 86 bytes to ecology
[dna] air wrote 89 bytes to ecology
[dna] air wrote 64 bytes to ecology
[dna] air wrote 60 bytes to ecology
[dna] air wrote 26 bytes to ecology
[dna] air wrote 50 bytes to ecology
[debug-onto] tick=300 corpus=140245 stage=2 freeze=0
[dna] air wrote 39 bytes to ecology
[dna] air wrote 86 bytes to ecology
[dna] air wrote 25 bytes to ecology
[dna] air wrote 51 bytes to ecology
[dna] air wrote 119 bytes to ecology
[dna] air wrote 22 bytes to ecology
[dna] air wrote 17 bytes to ecology
[dna] air wrote 197 bytes to ecology
[dna] air wrote 17 bytes to ecology
[dna] air wrote 41 bytes to ecology
[dna] air wrote 56 bytes to ecology
[dna] air wrote 20 bytes to ecology
[dna] air wrote 80 bytes to ecology
[dna] air wrote 53 bytes to ecology
[dna] air wrote 53 bytes to ecology
[dna] air wrote 106 bytes to ecology
[dna] air wrote 61 bytes to ecology
[debug-onto] tick=350 corpus=140245 stage=2 freeze=0
[dna] air wrote 98 bytes to ecology
[dna] air wrote 42 bytes to ecology
[dna] air wrote 52 bytes to ecology
[dna] air wrote 56 bytes to ecology
[dna] air wrote 57 bytes to ecology
[dna] air wrote 70 bytes to ecology
[dna] air wrote 40 bytes to ecology
[dna] air wrote 39 bytes to ecology
[dna] air wrote 100 bytes to ecology
[dna] air wrote 151 bytes to ecology
[dna] air wrote 47 bytes to ecology
[dna] air wrote 46 bytes to ecology
[dna] air wrote 38 bytes to ecology
[dna] air wrote 251 bytes to ecology
[dna] air wrote 98 bytes to ecology
[dna] air wrote 152 bytes to ecology
[dna] air wrote 32 bytes to ecology
[debug-onto] tick=400 corpus=140245 stage=2 freeze=0
[dna] air wrote 47 bytes to ecology
[dna] air wrote 58 bytes to ecology
[dna] air wrote 124 bytes to ecology
[dna] air wrote 236 bytes to ecology
[dna] air wrote 63 bytes to ecology
[dna] air wrote 7 bytes to ecology
[dna] air wrote 16 bytes to ecology
[dna] air wrote 40 bytes to ecology
[dna] air wrote 35 bytes to ecology
[dna] air wrote 53 bytes to ecology
[dna] air wrote 113 bytes to ecology
[dna] air wrote 99 bytes to ecology
[dna] air wrote 126 bytes to ecology
[dna] air wrote 43 bytes to ecology
[dna] air wrote 23 bytes to ecology
[dna] air wrote 93 bytes to ecology
[debug-onto] tick=450 corpus=140245 stage=2 freeze=0
[dna] air wrote 48 bytes to ecology
[dna] air wrote 49 bytes to ecology
[dna] air wrote 121 bytes to ecology
[dna] air wrote 21 bytes to ecology
[dna] air wrote 56 bytes to ecology
[dna] air wrote 139 bytes to ecology
[dna] air wrote 45 bytes to ecology
[dna] air wrote 68 bytes to ecology
[dna] air wrote 77 bytes to ecology
[dna] air wrote 83 bytes to ecology
[dna] air wrote 64 bytes to ecology
[dna] air wrote 75 bytes to ecology
[dna] air wrote 161 bytes to ecology
[dna] air wrote 19 bytes to ecology
[dna] air wrote 80 bytes to ecology
[dna] air wrote 43 bytes to ecology
[dna] air wrote 42 bytes to ecology
[debug-onto] tick=500 corpus=140245 stage=2 freeze=0
[dna] air wrote 98 bytes to ecology
[dna] air wrote 48 bytes to ecology
[dna] air wrote 193 bytes to ecology
[dna] air wrote 31 bytes to ecology
[dna] air wrote 41 bytes to ecology
[dna] air wrote 26 bytes to ecology
[dna] air wrote 40 bytes to ecology
[dna] air wrote 65 bytes to ecology
[dna] air wrote 47 bytes to ecology
[dna] air wrote 42 bytes to ecology
[dna] air wrote 54 bytes to ecology
[dna] air wrote 66 bytes to ecology
[dna] air wrote 89 bytes to ecology
[dna] air wrote 55 bytes to ecology
[dna] air wrote 49 bytes to ecology
[dna] air wrote 62 bytes to ecology
[dna] air wrote 76 bytes to ecology
[debug-onto] tick=550 corpus=140245 stage=2 freeze=0
[dna] air wrote 126 bytes to ecology
[dna] air wrote 340 bytes to ecology
[dna] air wrote 82 bytes to ecology
[dna] air wrote 135 bytes to ecology
[dna] air wrote 90 bytes to ecology
[dna] air wrote 191 bytes to ecology
[dna] air wrote 43 bytes to ecology
[dna] air wrote 51 bytes to ecology
[dna] air wrote 24 bytes to ecology
[dna] air wrote 47 bytes to ecology
[dna] air wrote 23 bytes to ecology
[dna] air wrote 44 bytes to ecology
[dna] air wrote 107 bytes to ecology
[dna] air wrote 51 bytes to ecology
[dna] air wrote 181 bytes to ecology
[dna] air wrote 216 bytes to ecology
[debug-onto] tick=600 corpus=140245 stage=2 freeze=0
[dna] air wrote 63 bytes to ecology
[dna] air wrote 54 bytes to ecology
[dna] air wrote 77 bytes to ecology
[dna] air wrote 105 bytes to ecology
[dna] air wrote 141 bytes to ecology
[dna] air wrote 37 bytes to ecology
[dna] air wrote 134 bytes to ecology
[dna] air wrote 192 bytes to ecology
[dna] air wrote 110 bytes to ecology
[dna] air wrote 35 bytes to ecology
[dna] air wrote 235 bytes to ecology
[dna] air wrote 44 bytes to ecology
[dna] air wrote 121 bytes to ecology
[dna] air wrote 41 bytes to ecology
[dna] air wrote 62 bytes to ecology
[dna] air wrote 146 bytes to ecology
[dna] air wrote 45 bytes to ecology
[debug-onto] tick=650 corpus=140245 stage=2 freeze=0
[dna] air wrote 37 bytes to ecology
[dna] air wrote 39 bytes to ecology
[dna] air wrote 95 bytes to ecology
[dna] air wrote 56 bytes to ecology
[dna] air wrote 49 bytes to ecology
[dna] air wrote 63 bytes to ecology
[dna] air wrote 198 bytes to ecology
[dna] air wrote 37 bytes to ecology
[dna] air wrote 17 bytes to ecology
[dna] air wrote 53 bytes to ecology
[dna] air wrote 129 bytes to ecology
[dna] air wrote 106 bytes to ecology
[dna] air wrote 145 bytes to ecology
[dna] air wrote 27 bytes to ecology

[evolution] Organism shutting down gracefully.
