[ecology] Element: earth → corpus: nonames_earth.txt
[evolution] Autonomous evolution mode — organism will grow through all stages without pause.
[init] Stage 0 (embryo): embd=16, layer=1, head=1 — warmup 400 steps (400 backprop + 0 notorch, sqrt-scaled 1x)
  [aml] step 0/160 | loss 6.5678 (avg 6.5678) | lr 0.001000 | seq 8
  [aml] step 10/160 | loss 6.1906 (avg 6.4218) | lr 0.001450 | seq 8
  [aml] step 20/160 | loss 6.2715 (avg 6.2734) | lr 0.001900 | seq 8
  [aml] step 30/160 | loss 5.7090 (avg 6.1767) | lr 0.002350 | seq 8
  [aml] step 40/160 | loss 5.4115 (avg 6.0654) | lr 0.002800 | seq 8
  [aml] step 50/160 | loss 4.6642 (avg 5.9141) | lr 0.003250 | seq 8
  [aml] step 60/160 | loss 4.8639 (avg 5.7496) | lr 0.003700 | seq 8
  [aml] step 70/160 | loss 5.3332 (avg 5.6417) | lr 0.004150 | seq 8
  [aml] step 80/160 | loss 2.9887 (avg 5.5159) | lr 0.004600 | seq 8
  [aml] step 90/160 | loss 4.3565 (avg 5.3774) | lr 0.005050 | seq 8
  [aml] step 100/160 | loss 4.6948 (avg 5.2862) | lr 0.005500 | seq 8
  [aml] step 110/160 | loss 5.2093 (avg 5.1517) | lr 0.005950 | seq 8
  [aml] step 120/160 | loss 4.1447 (avg 5.0929) | lr 0.006400 | seq 8
  [aml] step 130/160 | loss 4.2588 (avg 5.0536) | lr 0.006850 | seq 8
  [aml] step 140/160 | loss 2.9784 (avg 5.0055) | lr 0.007300 | seq 8
  [aml] step 150/160 | loss 2.5484 (avg 4.9654) | lr 0.007750 | seq 8
[aml] training complete: 160 steps, avg loss 4.9181 (memory freed)
  [aml] step 0/120 | loss 5.4013 (avg 5.4013) | lr 0.008200 | seq 16
  [aml] step 10/120 | loss 4.3674 (avg 4.5718) | lr 0.008650 | seq 16
  [aml] step 20/120 | loss 3.5912 (avg 4.5356) | lr 0.009100 | seq 16
  [aml] step 30/120 | loss 3.3534 (avg 4.2792) | lr 0.009550 | seq 16
  [aml] step 40/120 | loss 3.1889 (avg 4.2698) | lr 0.010000 | seq 16
  [aml] step 50/120 | loss 2.9819 (avg 4.2222) | lr 0.010000 | seq 16
  [aml] step 60/120 | loss 4.4347 (avg 4.2037) | lr 0.010000 | seq 16
  [aml] step 70/120 | loss 4.4677 (avg 4.1257) | lr 0.010000 | seq 16
  [aml] step 80/120 | loss 4.9548 (avg 4.0819) | lr 0.009999 | seq 16
  [aml] step 90/120 | loss 4.5086 (avg 3.9928) | lr 0.009999 | seq 16
  [aml] step 100/120 | loss 4.1296 (avg 3.9404) | lr 0.009999 | seq 16
  [aml] step 110/120 | loss 5.2598 (avg 3.8706) | lr 0.009999 | seq 16
[aml] training complete: 120 steps, avg loss 3.8968 (memory freed)
  [aml] step 0/120 | loss 2.5448 (avg 2.5448) | lr 0.009999 | seq 32
  [aml] step 10/120 | loss 4.9473 (avg 3.9099) | lr 0.009999 | seq 32
  [aml] step 20/120 | loss 4.4977 (avg 3.8075) | lr 0.009999 | seq 32
  [aml] step 30/120 | loss 3.8647 (avg 3.5347) | lr 0.009999 | seq 32
  [aml] step 40/120 | loss 4.1275 (avg 3.4698) | lr 0.009999 | seq 32
  [aml] step 50/120 | loss 3.9308 (avg 3.4338) | lr 0.009999 | seq 32
  [aml] step 60/120 | loss 2.7904 (avg 3.3713) | lr 0.009999 | seq 32
  [aml] step 70/120 | loss 1.3298 (avg 3.3343) | lr 0.009999 | seq 32
  [aml] step 80/120 | loss 4.6399 (avg 3.3328) | lr 0.009999 | seq 32
  [aml] step 90/120 | loss 1.5380 (avg 3.2794) | lr 0.009999 | seq 32
  [aml] step 100/120 | loss 0.7993 (avg 3.2823) | lr 0.009999 | seq 32
  [aml] step 110/120 | loss 0.9097 (avg 3.1607) | lr 0.009999 | seq 32
[aml] training complete: 120 steps, avg loss 3.0684 (memory freed)

[stage 0 — embryo] What it sounds like now:
  Q: Hello.
  A: H: What is a is the base p of an an an arrangesium geologtalus trt?
  Q: Who are you?
  A: reduces than th foundation below.
  Q: What do you know?
  A: b s s are as a sea distinction of released.

[growth] ONTOGENESIS: stage 0 -> 1
  embd: 16 -> 32, layer: 1 -> 1, head: 1 -> 2
[growth] Done. Freeze for 500 steps.
[init] Stage 1 (infant): embd=32, layer=1, head=2 — warmup 800 steps (800 backprop + 0 notorch, sqrt-scaled 2x)
  [aml] step 0/320 | loss 2.5707 (avg 2.5707) | lr 0.000500 | seq 8
  [aml] step 10/320 | loss 2.9360 (avg 4.0354) | lr 0.000725 | seq 8
  [aml] step 20/320 | loss 5.4925 (avg 4.2160) | lr 0.000950 | seq 8
  [aml] step 30/320 | loss 3.8916 (avg 4.0456) | lr 0.001175 | seq 8
  [aml] step 40/320 | loss 0.8742 (avg 3.8623) | lr 0.001400 | seq 8
  [aml] step 50/320 | loss 5.4998 (avg 3.8368) | lr 0.001625 | seq 8
  [aml] step 60/320 | loss 1.3627 (avg 3.8352) | lr 0.001850 | seq 8
  [aml] step 70/320 | loss 3.4272 (avg 3.7986) | lr 0.002075 | seq 8
  [aml] step 80/320 | loss 4.4235 (avg 3.8067) | lr 0.002300 | seq 8
  [aml] step 90/320 | loss 5.2544 (avg 3.8699) | lr 0.002525 | seq 8
  [aml] step 100/320 | loss 3.4994 (avg 3.8617) | lr 0.002750 | seq 8
  [aml] step 110/320 | loss 3.4321 (avg 3.9152) | lr 0.002975 | seq 8
  [aml] step 120/320 | loss 4.3277 (avg 3.8763) | lr 0.003200 | seq 8
  [aml] step 130/320 | loss 4.8502 (avg 3.9140) | lr 0.003425 | seq 8
  [aml] step 140/320 | loss 4.7659 (avg 3.8831) | lr 0.003650 | seq 8
  [aml] step 150/320 | loss 5.1127 (avg 3.8223) | lr 0.003875 | seq 8
  [aml] step 160/320 | loss 4.1590 (avg 3.7770) | lr 0.004100 | seq 8
  [aml] step 170/320 | loss 4.2183 (avg 3.7580) | lr 0.004325 | seq 8
  [aml] step 180/320 | loss 3.5158 (avg 3.7162) | lr 0.004550 | seq 8
  [aml] step 190/320 | loss 0.6547 (avg 3.7061) | lr 0.004775 | seq 8
  [aml] step 200/320 | loss 5.1210 (avg 3.6987) | lr 0.004998 | seq 8
  [aml] step 210/320 | loss 3.2092 (avg 3.6879) | lr 0.004998 | seq 8
  [aml] step 220/320 | loss 4.7114 (avg 3.6676) | lr 0.004998 | seq 8
  [aml] step 230/320 | loss 5.4205 (avg 3.6735) | lr 0.004998 | seq 8
  [aml] step 240/320 | loss 3.3035 (avg 3.6825) | lr 0.004998 | seq 8
  [aml] step 250/320 | loss 4.2078 (avg 3.6880) | lr 0.004998 | seq 8
  [aml] step 260/320 | loss 3.6036 (avg 3.6988) | lr 0.004998 | seq 8
  [aml] step 270/320 | loss 2.8068 (avg 3.6808) | lr 0.004998 | seq 8
  [aml] step 280/320 | loss 3.3931 (avg 3.6807) | lr 0.004998 | seq 8
  [aml] step 290/320 | loss 3.6528 (avg 3.6744) | lr 0.004998 | seq 8
  [aml] step 300/320 | loss 0.9665 (avg 3.6463) | lr 0.004998 | seq 8
  [aml] step 310/320 | loss 5.7767 (avg 3.6525) | lr 0.004998 | seq 8
[aml] training complete: 320 steps, avg loss 3.6638 (memory freed)
  [aml] step 0/240 | loss 5.3921 (avg 5.3921) | lr 0.004998 | seq 16
  [aml] step 10/240 | loss 4.1514 (avg 3.9682) | lr 0.004998 | seq 16
  [aml] step 20/240 | loss 2.1530 (avg 3.5191) | lr 0.004998 | seq 16
  [aml] step 30/240 | loss 4.6913 (avg 3.6016) | lr 0.004998 | seq 16
  [aml] step 40/240 | loss 4.3630 (avg 3.5155) | lr 0.004997 | seq 16
  [aml] step 50/240 | loss 1.9092 (avg 3.3455) | lr 0.004997 | seq 16
  [aml] step 60/240 | loss 4.5474 (avg 3.3311) | lr 0.004997 | seq 16
  [aml] step 70/240 | loss 3.7153 (avg 3.3598) | lr 0.004997 | seq 16
  [aml] step 80/240 | loss 4.1604 (avg 3.3378) | lr 0.004997 | seq 16
  [aml] step 90/240 | loss 4.3421 (avg 3.2917) | lr 0.004997 | seq 16
  [aml] step 100/240 | loss 1.2849 (avg 3.2050) | lr 0.004997 | seq 16
  [aml] step 110/240 | loss 1.6685 (avg 3.2132) | lr 0.004997 | seq 16
  [aml] step 120/240 | loss 4.8754 (avg 3.1518) | lr 0.004997 | seq 16
  [aml] step 130/240 | loss 1.2600 (avg 3.1846) | lr 0.004997 | seq 16
  [aml] step 140/240 | loss 2.9401 (avg 3.1792) | lr 0.004997 | seq 16
  [aml] step 150/240 | loss 3.1086 (avg 3.1783) | lr 0.004997 | seq 16
  [aml] step 160/240 | loss 4.6614 (avg 3.1887) | lr 0.004997 | seq 16
  [aml] step 170/240 | loss 4.1274 (avg 3.2014) | lr 0.004996 | seq 16
  [aml] step 180/240 | loss 3.0872 (avg 3.1956) | lr 0.004996 | seq 16
  [aml] step 190/240 | loss 1.1876 (avg 3.2179) | lr 0.004996 | seq 16
  [aml] step 200/240 | loss 3.3297 (avg 3.2298) | lr 0.004996 | seq 16
  [aml] step 210/240 | loss 3.8960 (avg 3.2429) | lr 0.004996 | seq 16
  [aml] step 220/240 | loss 4.8994 (avg 3.2722) | lr 0.004996 | seq 16
  [aml] step 230/240 | loss 4.0239 (avg 3.2525) | lr 0.004996 | seq 16
[aml] training complete: 240 steps, avg loss 3.2270 (memory freed)
  [aml] step 0/240 | loss 0.3898 (avg 0.3898) | lr 0.004996 | seq 32
  [aml] step 10/240 | loss 4.5669 (avg 3.4449) | lr 0.004996 | seq 32
  [aml] step 20/240 | loss 3.7237 (avg 3.5181) | lr 0.004996 | seq 32
  [aml] step 30/240 | loss 4.1032 (avg 3.3556) | lr 0.004996 | seq 32
  [aml] step 40/240 | loss 4.8569 (avg 3.3927) | lr 0.004996 | seq 32
  [aml] step 50/240 | loss 4.2752 (avg 3.1967) | lr 0.004995 | seq 32
  [aml] step 60/240 | loss 1.3461 (avg 3.1740) | lr 0.004995 | seq 32
  [aml] step 70/240 | loss 4.3794 (avg 3.1709) | lr 0.004995 | seq 32
  [aml] step 80/240 | loss 0.6700 (avg 3.1911) | lr 0.004995 | seq 32
  [aml] step 90/240 | loss 4.5278 (avg 3.1438) | lr 0.004995 | seq 32
  [aml] step 100/240 | loss 4.1523 (avg 3.0709) | lr 0.004995 | seq 32
  [aml] step 110/240 | loss 0.4682 (avg 3.0233) | lr 0.004995 | seq 32
  [aml] step 120/240 | loss 4.1514 (avg 3.0198) | lr 0.004995 | seq 32
  [aml] step 130/240 | loss 4.3597 (avg 2.9999) | lr 0.004995 | seq 32
  [aml] step 140/240 | loss 4.1409 (avg 2.9604) | lr 0.004995 | seq 32
  [aml] step 150/240 | loss 4.0339 (avg 2.9440) | lr 0.004995 | seq 32
  [aml] step 160/240 | loss 2.4038 (avg 2.9335) | lr 0.004994 | seq 32
  [aml] step 170/240 | loss 1.1451 (avg 2.8854) | lr 0.004994 | seq 32
  [aml] step 180/240 | loss 0.7212 (avg 2.8698) | lr 0.004994 | seq 32
  [aml] step 190/240 | loss 4.0863 (avg 2.8342) | lr 0.004994 | seq 32
  [aml] step 200/240 | loss 4.4778 (avg 2.8574) | lr 0.004994 | seq 32
  [aml] step 210/240 | loss 1.3864 (avg 2.8119) | lr 0.004994 | seq 32
  [aml] step 220/240 | loss 4.1049 (avg 2.7922) | lr 0.004994 | seq 32
  [aml] step 230/240 | loss 3.7384 (avg 2.7506) | lr 0.004994 | seq 32
[aml] training complete: 240 steps, avg loss 2.7684 (memory freed)

[stage 1 — infant] What it sounds like now:
  Q: Hello.
  A: is the soil?
  Q: Who are you?
  A: ...
  Q: What do you know?
  A: ...

[growth] ONTOGENESIS: stage 1 -> 2
  embd: 32 -> 64, layer: 1 -> 2, head: 2 -> 4
[growth] Done. Freeze for 500 steps.
[init] Stage 2 (child): embd=64, layer=2, head=4 — warmup 800 steps (800 backprop + 0 notorch, sqrt-scaled 2x)
  [aml] step 0/320 | loss 2.1257 (avg 2.1257) | lr 0.000250 | seq 8
  [aml] step 10/320 | loss 4.7162 (avg 3.7223) | lr 0.000363 | seq 8
  [aml] step 20/320 | loss 4.4016 (avg 3.6998) | lr 0.000475 | seq 8
  [aml] step 30/320 | loss 4.9484 (avg 3.4793) | lr 0.000588 | seq 8
  [aml] step 40/320 | loss 2.4829 (avg 3.5013) | lr 0.000700 | seq 8
  [aml] step 50/320 | loss 5.4171 (avg 3.5099) | lr 0.000813 | seq 8
  [aml] step 60/320 | loss 3.3161 (avg 3.4825) | lr 0.000925 | seq 8
  [aml] step 70/320 | loss 4.5239 (avg 3.4359) | lr 0.001038 | seq 8
  [aml] step 80/320 | loss 4.2202 (avg 3.3423) | lr 0.001150 | seq 8
  [aml] step 90/320 | loss 0.1820 (avg 3.3771) | lr 0.001263 | seq 8
  [aml] step 100/320 | loss 4.4439 (avg 3.4129) | lr 0.001375 | seq 8
  [aml] step 110/320 | loss 3.8823 (avg 3.4370) | lr 0.001488 | seq 8
  [aml] step 120/320 | loss 3.6808 (avg 3.3999) | lr 0.001600 | seq 8
  [aml] step 130/320 | loss 1.4019 (avg 3.3957) | lr 0.001713 | seq 8
  [aml] step 140/320 | loss 2.6448 (avg 3.3805) | lr 0.001825 | seq 8
  [aml] step 150/320 | loss 0.0754 (avg 3.3795) | lr 0.001938 | seq 8
  [aml] step 160/320 | loss 4.4295 (avg 3.3608) | lr 0.002050 | seq 8
  [aml] step 170/320 | loss 4.0113 (avg 3.3672) | lr 0.002163 | seq 8
  [aml] step 180/320 | loss 4.0634 (avg 3.3582) | lr 0.002275 | seq 8
  [aml] step 190/320 | loss 2.9844 (avg 3.3404) | lr 0.002387 | seq 8
  [aml] step 200/320 | loss 0.6948 (avg 3.3199) | lr 0.002496 | seq 8
  [aml] step 210/320 | loss 1.0706 (avg 3.3013) | lr 0.002496 | seq 8
  [aml] step 220/320 | loss 3.8193 (avg 3.3133) | lr 0.002496 | seq 8
  [aml] step 230/320 | loss 4.1017 (avg 3.3293) | lr 0.002495 | seq 8
  [aml] step 240/320 | loss 1.0374 (avg 3.3386) | lr 0.002495 | seq 8
  [aml] step 250/320 | loss 4.0486 (avg 3.3671) | lr 0.002495 | seq 8
  [aml] step 260/320 | loss 2.4756 (avg 3.3656) | lr 0.002495 | seq 8
  [aml] step 270/320 | loss 3.9505 (avg 3.3831) | lr 0.002495 | seq 8
  [aml] step 280/320 | loss 0.8331 (avg 3.3810) | lr 0.002495 | seq 8
  [aml] step 290/320 | loss 3.6712 (avg 3.3866) | lr 0.002495 | seq 8
  [aml] step 300/320 | loss 3.8548 (avg 3.3903) | lr 0.002495 | seq 8
  [aml] step 310/320 | loss 1.2466 (avg 3.3853) | lr 0.002495 | seq 8
[aml] training complete: 320 steps, avg loss 3.3750 (memory freed)
  [aml] step 0/240 | loss 1.8035 (avg 1.8035) | lr 0.002495 | seq 16
  [aml] step 10/240 | loss 2.1738 (avg 3.2670) | lr 0.002495 | seq 16
  [aml] step 20/240 | loss 4.9283 (avg 3.2240) | lr 0.002495 | seq 16
  [aml] step 30/240 | loss 4.1625 (avg 3.2534) | lr 0.002495 | seq 16
  [aml] step 40/240 | loss 4.3306 (avg 3.3862) | lr 0.002495 | seq 16
  [aml] step 50/240 | loss 3.6046 (avg 3.4437) | lr 0.002495 | seq 16
  [aml] step 60/240 | loss 4.1311 (avg 3.4876) | lr 0.002494 | seq 16
  [aml] step 70/240 | loss 4.1753 (avg 3.4245) | lr 0.002494 | seq 16
  [aml] step 80/240 | loss 2.1434 (avg 3.4293) | lr 0.002494 | seq 16
  [aml] step 90/240 | loss 0.9345 (avg 3.3678) | lr 0.002494 | seq 16
  [aml] step 100/240 | loss 4.3602 (avg 3.2615) | lr 0.002494 | seq 16
  [aml] step 110/240 | loss 4.0894 (avg 3.3085) | lr 0.002494 | seq 16
  [aml] step 120/240 | loss 2.1316 (avg 3.3211) | lr 0.002494 | seq 16
  [aml] step 130/240 | loss 2.2227 (avg 3.2970) | lr 0.002494 | seq 16
  [aml] step 140/240 | loss 4.3518 (avg 3.2818) | lr 0.002494 | seq 16
  [aml] step 150/240 | loss 3.6279 (avg 3.2584) | lr 0.002494 | seq 16
  [aml] step 160/240 | loss 3.8947 (avg 3.2438) | lr 0.002494 | seq 16
  [aml] step 170/240 | loss 5.3988 (avg 3.2684) | lr 0.002494 | seq 16
  [aml] step 180/240 | loss 3.6878 (avg 3.2980) | lr 0.002494 | seq 16
  [aml] step 190/240 | loss 1.4233 (avg 3.3045) | lr 0.002494 | seq 16
  [aml] step 200/240 | loss 1.2677 (avg 3.2814) | lr 0.002493 | seq 16
  [aml] step 210/240 | loss 1.2031 (avg 3.2408) | lr 0.002493 | seq 16
  [aml] step 220/240 | loss 3.1084 (avg 3.2355) | lr 0.002493 | seq 16
  [aml] step 230/240 | loss 1.9142 (avg 3.2088) | lr 0.002493 | seq 16
[aml] training complete: 240 steps, avg loss 3.1846 (memory freed)
  [aml] step 0/240 | loss 1.7881 (avg 1.7881) | lr 0.002493 | seq 32
  [aml] step 10/240 | loss 4.5775 (avg 2.6203) | lr 0.002493 | seq 32
  [aml] step 20/240 | loss 4.8845 (avg 2.8428) | lr 0.002493 | seq 32
  [aml] step 30/240 | loss 4.1791 (avg 2.9357) | lr 0.002493 | seq 32
  [aml] step 40/240 | loss 1.0199 (avg 2.8908) | lr 0.002493 | seq 32
  [aml] step 50/240 | loss 0.8936 (avg 2.7785) | lr 0.002493 | seq 32
  [aml] step 60/240 | loss 4.0465 (avg 2.6691) | lr 0.002493 | seq 32
  [aml] step 70/240 | loss 0.8687 (avg 2.5723) | lr 0.002493 | seq 32
  [aml] step 80/240 | loss 4.4071 (avg 2.5000) | lr 0.002492 | seq 32
  [aml] step 90/240 | loss 1.6746 (avg 2.5665) | lr 0.002492 | seq 32
  [aml] step 100/240 | loss 0.4730 (avg 2.5264) | lr 0.002492 | seq 32
  [aml] step 110/240 | loss 2.2472 (avg 2.4768) | lr 0.002492 | seq 32
  [aml] step 120/240 | loss 4.0122 (avg 2.4881) | lr 0.002492 | seq 32
  [aml] step 130/240 | loss 4.1394 (avg 2.4979) | lr 0.002492 | seq 32
  [aml] step 140/240 | loss 5.1848 (avg 2.4761) | lr 0.002492 | seq 32
  [aml] step 150/240 | loss 4.6872 (avg 2.5065) | lr 0.002492 | seq 32
  [aml] step 160/240 | loss 3.4809 (avg 2.5096) | lr 0.002492 | seq 32
  [aml] step 170/240 | loss 4.5595 (avg 2.5461) | lr 0.002492 | seq 32
  [aml] step 180/240 | loss 4.6429 (avg 2.5705) | lr 0.002492 | seq 32
  [aml] step 190/240 | loss 4.1373 (avg 2.5465) | lr 0.002492 | seq 32
  [aml] step 200/240 | loss 2.4034 (avg 2.5559) | lr 0.002491 | seq 32
  [aml] step 210/240 | loss 3.8963 (avg 2.5660) | lr 0.002491 | seq 32
  [aml] step 220/240 | loss 4.4752 (avg 2.5887) | lr 0.002491 | seq 32
  [aml] step 230/240 | loss 0.9235 (avg 2.5970) | lr 0.002491 | seq 32
[aml] training complete: 240 steps, avg loss 2.5990 (memory freed)

[stage 2 — child] What it sounds like now:
  Q: Hello.
  A: Sea fiedmont?
  Q: Who are you?
  A: ...
  Q: What do you know?
  A: ...

[init] Warmup complete at stage 2. Organism ready.
[ecology] First organism in the swarm.
molequla is alive. [evolution] Autonomous mode — background trainer running. Ctrl+C to stop.
[dna] earth wrote 156 bytes to ecology
[dna] earth wrote 88 bytes to ecology
[dna] earth wrote 250 bytes to ecology
[dna] earth wrote 44 bytes to ecology
[dna] earth wrote 72 bytes to ecology
[dna] earth wrote 9 bytes to ecology
[dna] earth wrote 218 bytes to ecology
[dna] earth wrote 96 bytes to ecology
[dna] earth wrote 33 bytes to ecology
[dna] earth wrote 35 bytes to ecology
[dna] earth wrote 100 bytes to ecology
[dna] earth wrote 74 bytes to ecology
[dna] earth wrote 72 bytes to ecology
[dna] earth wrote 77 bytes to ecology
[dna] earth wrote 95 bytes to ecology
[dna] earth wrote 112 bytes to ecology
[dna] earth wrote 51 bytes to ecology
[debug-onto] tick=50 corpus=173643 stage=2 freeze=0
[dna] earth wrote 111 bytes to ecology
[dna] earth wrote 81 bytes to ecology
[dna] earth wrote 46 bytes to ecology
[dna] earth wrote 61 bytes to ecology
[dna] earth wrote 22 bytes to ecology
[dna] earth wrote 77 bytes to ecology
[dna] earth wrote 92 bytes to ecology
[dna] earth wrote 91 bytes to ecology
[dna] earth wrote 29 bytes to ecology
[dna] earth wrote 93 bytes to ecology
[dna] earth wrote 140 bytes to ecology
[dna] earth wrote 35 bytes to ecology
[dna] earth wrote 82 bytes to ecology
[dna] earth wrote 26 bytes to ecology
[dna] earth wrote 33 bytes to ecology
[dna] earth wrote 31 bytes to ecology
[dna] earth wrote 6 bytes to ecology
[debug-onto] tick=100 corpus=173643 stage=2 freeze=0
[dna] earth wrote 36 bytes to ecology
[dna] earth wrote 183 bytes to ecology
[dna] earth wrote 12 bytes to ecology
[dna] earth wrote 81 bytes to ecology
[dna] earth wrote 57 bytes to ecology
[dna] earth wrote 54 bytes to ecology
[dna] earth wrote 119 bytes to ecology
[dna] earth wrote 191 bytes to ecology
[dna] earth wrote 120 bytes to ecology
[dna] earth wrote 32 bytes to ecology
[dna] earth wrote 77 bytes to ecology
[dna] earth wrote 138 bytes to ecology
[dna] earth wrote 48 bytes to ecology
[dna] earth wrote 135 bytes to ecology
[dna] earth wrote 258 bytes to ecology
[dna] earth wrote 38 bytes to ecology
[debug-onto] tick=150 corpus=173643 stage=2 freeze=0
[dna] earth wrote 71 bytes to ecology
[dna] earth wrote 40 bytes to ecology
[dna] earth wrote 112 bytes to ecology
[dna] earth wrote 159 bytes to ecology
[dna] earth wrote 118 bytes to ecology
[dna] earth wrote 110 bytes to ecology
[dna] earth wrote 26 bytes to ecology
[dna] earth wrote 29 bytes to ecology
[dna] earth wrote 14 bytes to ecology
[dna] earth wrote 70 bytes to ecology
[dna] earth wrote 58 bytes to ecology
[dna] earth wrote 74 bytes to ecology
[dna] earth wrote 66 bytes to ecology
[dna] earth wrote 84 bytes to ecology
[dna] earth wrote 37 bytes to ecology
[dna] earth wrote 42 bytes to ecology
[dna] earth wrote 68 bytes to ecology
[debug-onto] tick=200 corpus=173643 stage=2 freeze=0
[dna] earth wrote 95 bytes to ecology
[dna] earth wrote 24 bytes to ecology
[dna] earth wrote 111 bytes to ecology
[dna] earth wrote 58 bytes to ecology
[dna] earth wrote 46 bytes to ecology
[dna] earth wrote 70 bytes to ecology
[dna] earth wrote 64 bytes to ecology
[dna] earth wrote 21 bytes to ecology
[dna] earth wrote 45 bytes to ecology
[dna] earth wrote 79 bytes to ecology
[dna] earth wrote 43 bytes to ecology
[dna] earth wrote 45 bytes to ecology
[dna] earth wrote 59 bytes to ecology
[dna] earth wrote 173 bytes to ecology
[dna] earth wrote 43 bytes to ecology
[dna] earth wrote 35 bytes to ecology
[dna] earth wrote 67 bytes to ecology
[debug-onto] tick=250 corpus=173643 stage=2 freeze=0
[dna] earth wrote 114 bytes to ecology
[dna] earth wrote 48 bytes to ecology
[dna] earth wrote 40 bytes to ecology
[dna] earth wrote 300 bytes to ecology
[dna] earth wrote 30 bytes to ecology
[dna] earth wrote 165 bytes to ecology
[dna] earth wrote 41 bytes to ecology
[dna] earth wrote 27 bytes to ecology
[dna] earth wrote 28 bytes to ecology
[dna] earth wrote 50 bytes to ecology
[dna] earth wrote 117 bytes to ecology
[dna] earth wrote 39 bytes to ecology
[dna] earth wrote 116 bytes to ecology
[dna] earth wrote 72 bytes to ecology
[dna] earth wrote 79 bytes to ecology
[dna] earth wrote 16 bytes to ecology
[debug-onto] tick=300 corpus=173643 stage=2 freeze=0
[dna] earth wrote 40 bytes to ecology
[dna] earth wrote 308 bytes to ecology
[dna] earth wrote 84 bytes to ecology
[dna] earth wrote 98 bytes to ecology
[dna] earth wrote 179 bytes to ecology
[dna] earth wrote 98 bytes to ecology
[dna] earth wrote 60 bytes to ecology
[dna] earth wrote 112 bytes to ecology
[dna] earth wrote 63 bytes to ecology
[dna] earth wrote 42 bytes to ecology
[dna] earth wrote 47 bytes to ecology
[dna] earth wrote 50 bytes to ecology
[dna] earth wrote 263 bytes to ecology
[dna] earth wrote 92 bytes to ecology
[dna] earth wrote 189 bytes to ecology
[dna] earth wrote 17 bytes to ecology
[dna] earth wrote 59 bytes to ecology
[debug-onto] tick=350 corpus=173643 stage=2 freeze=0
[dna] earth wrote 23 bytes to ecology
[dna] earth wrote 61 bytes to ecology
[dna] earth wrote 62 bytes to ecology
[dna] earth wrote 41 bytes to ecology
[dna] earth wrote 41 bytes to ecology
[dna] earth wrote 36 bytes to ecology
[dna] earth wrote 51 bytes to ecology
[dna] earth wrote 95 bytes to ecology
[dna] earth wrote 23 bytes to ecology
[dna] earth wrote 142 bytes to ecology
[dna] earth wrote 86 bytes to ecology
[dna] earth wrote 144 bytes to ecology
[dna] earth wrote 39 bytes to ecology
[dna] earth wrote 51 bytes to ecology
[dna] earth wrote 35 bytes to ecology
[dna] earth wrote 94 bytes to ecology
[dna] earth wrote 38 bytes to ecology
[debug-onto] tick=400 corpus=173643 stage=2 freeze=0
[dna] earth wrote 52 bytes to ecology
[dna] earth wrote 48 bytes to ecology
[dna] earth wrote 55 bytes to ecology
[dna] earth wrote 85 bytes to ecology
[dna] earth wrote 152 bytes to ecology
[dna] earth wrote 93 bytes to ecology
[dna] earth wrote 115 bytes to ecology
[dna] earth wrote 72 bytes to ecology
[dna] earth wrote 89 bytes to ecology
[dna] earth wrote 73 bytes to ecology
[dna] earth wrote 30 bytes to ecology
[dna] earth wrote 58 bytes to ecology
[dna] earth wrote 81 bytes to ecology
[dna] earth wrote 24 bytes to ecology
[dna] earth wrote 198 bytes to ecology
[dna] earth wrote 123 bytes to ecology
[debug-onto] tick=450 corpus=173643 stage=2 freeze=0
[dna] earth wrote 95 bytes to ecology
[dna] earth wrote 89 bytes to ecology
[dna] earth wrote 94 bytes to ecology
[dna] earth wrote 41 bytes to ecology
[dna] earth wrote 44 bytes to ecology
[dna] earth wrote 53 bytes to ecology
[dna] earth wrote 24 bytes to ecology
[dna] earth wrote 190 bytes to ecology
[dna] earth wrote 104 bytes to ecology
[dna] earth wrote 119 bytes to ecology
[dna] earth wrote 104 bytes to ecology
[dna] earth wrote 29 bytes to ecology
[dna] earth wrote 44 bytes to ecology
[dna] earth wrote 39 bytes to ecology
[dna] earth wrote 38 bytes to ecology
[dna] earth wrote 46 bytes to ecology
[dna] earth wrote 95 bytes to ecology
[debug-onto] tick=500 corpus=173643 stage=2 freeze=0
[dna] earth wrote 20 bytes to ecology
[dna] earth wrote 46 bytes to ecology
[dna] earth wrote 49 bytes to ecology
[dna] earth wrote 136 bytes to ecology
[dna] earth wrote 62 bytes to ecology
[dna] earth wrote 29 bytes to ecology
[dna] earth wrote 115 bytes to ecology
[dna] earth wrote 60 bytes to ecology
[dna] earth wrote 13 bytes to ecology
[dna] earth wrote 90 bytes to ecology
[dna] earth wrote 72 bytes to ecology
[dna] earth wrote 38 bytes to ecology
[dna] earth wrote 34 bytes to ecology
[dna] earth wrote 50 bytes to ecology
[dna] earth wrote 26 bytes to ecology
[dna] earth wrote 151 bytes to ecology
[dna] earth wrote 51 bytes to ecology
[debug-onto] tick=550 corpus=173643 stage=2 freeze=0
[dna] earth wrote 92 bytes to ecology
[dna] earth wrote 134 bytes to ecology
[dna] earth wrote 60 bytes to ecology
[dna] earth wrote 48 bytes to ecology
[dna] earth wrote 94 bytes to ecology
[dna] earth wrote 103 bytes to ecology
[dna] earth wrote 121 bytes to ecology
[dna] earth wrote 74 bytes to ecology
[dna] earth wrote 67 bytes to ecology
[dna] earth wrote 148 bytes to ecology
[dna] earth wrote 73 bytes to ecology
[dna] earth wrote 54 bytes to ecology
[dna] earth wrote 80 bytes to ecology
[dna] earth wrote 27 bytes to ecology
[dna] earth wrote 35 bytes to ecology
[dna] earth wrote 198 bytes to ecology
[debug-onto] tick=600 corpus=173643 stage=2 freeze=0
[dna] earth wrote 43 bytes to ecology
[dna] earth wrote 35 bytes to ecology
[dna] earth wrote 87 bytes to ecology
[dna] earth wrote 37 bytes to ecology
[dna] earth wrote 49 bytes to ecology
[dna] earth wrote 152 bytes to ecology
[dna] earth wrote 75 bytes to ecology
[dna] earth wrote 76 bytes to ecology
[dna] earth wrote 45 bytes to ecology
[dna] earth wrote 107 bytes to ecology
[dna] earth wrote 99 bytes to ecology
[dna] earth wrote 35 bytes to ecology
[dna] earth wrote 114 bytes to ecology
[dna] earth wrote 40 bytes to ecology
[dna] earth wrote 65 bytes to ecology
[dna] earth wrote 62 bytes to ecology
[dna] earth wrote 77 bytes to ecology
[debug-onto] tick=650 corpus=173643 stage=2 freeze=0
[dna] earth wrote 91 bytes to ecology
[dna] earth wrote 56 bytes to ecology
[dna] earth wrote 30 bytes to ecology
[dna] earth wrote 146 bytes to ecology
[dna] earth wrote 57 bytes to ecology
[dna] earth wrote 57 bytes to ecology
[dna] earth wrote 143 bytes to ecology
[dna] earth wrote 90 bytes to ecology
[dna] earth wrote 100 bytes to ecology
[dna] earth wrote 87 bytes to ecology

[evolution] Organism shutting down gracefully.
