[ecology] Element: fire → corpus: nonames_fire.txt
[evolution] Autonomous evolution mode — organism will grow through all stages without pause.
[ecology] Joined swarm. 1 peer(s) detected.
molequla is alive. [evolution] Autonomous mode — background trainer running. Ctrl+C to stop.
[dna] fire wrote 191 bytes to ecology
[dna] fire consumed 19105 bytes from 306 files: [water/gen_1777965102_1.txt water/gen_1777965119_4.txt water/gen_1777965122_5.txt water/gen_1777965128_7.txt water/gen_1777965137_10.txt water/gen_1777965140_11.txt water/gen_1777965146_13.txt water/gen_1777965155_16.txt water/gen_1777965158_17.txt water/gen_1777965163_19.txt water/gen_1777965172_22.txt water/gen_1777965175_23.txt water/gen_1777965180_25.txt water/gen_1777965189_28.txt water/gen_1777965192_29.txt water/gen_1777965198_31.txt water/gen_1777965206_34.txt water/gen_1777965209_35.txt water/gen_1777965215_37.txt water/gen_1777965223_40.txt water/gen_1777965226_41.txt water/gen_1777965232_43.txt water/gen_1777965240_46.txt water/gen_1777965243_47.txt water/gen_1777965249_49.txt water/gen_1777965258_52.txt water/gen_1777965261_53.txt water/gen_1777965266_55.txt water/gen_1777965275_58.txt water/gen_1777965278_59.txt water/gen_1777965284_61.txt water/gen_1777965292_64.txt water/gen_1777965295_65.txt water/gen_1777965301_67.txt water/gen_1777965310_70.txt water/gen_1777965312_71.txt water/gen_1777965318_73.txt water/gen_1777965327_76.txt water/gen_1777965330_77.txt water/gen_1777965335_79.txt water/gen_1777965344_82.txt water/gen_1777965347_83.txt water/gen_1777965353_85.txt water/gen_1777965361_88.txt water/gen_1777965364_89.txt water/gen_1777965370_91.txt water/gen_1777965378_94.txt water/gen_1777965381_95.txt water/gen_1777965387_97.txt water/gen_1777965396_100.txt water/gen_1777965398_101.txt water/gen_1777965404_103.txt water/gen_1777965413_106.txt water/gen_1777965416_107.txt water/gen_1777965421_109.txt water/gen_1777965430_112.txt water/gen_1777965433_113.txt water/gen_1777965439_115.txt water/gen_1777965447_118.txt water/gen_1777965450_119.txt water/gen_1777965456_121.txt water/gen_1777965465_124.txt water/gen_1777965467_125.txt water/gen_1777965473_127.txt water/gen_1777965482_130.txt water/gen_1777965485_131.txt water/gen_1777965490_133.txt water/gen_1777965499_136.txt water/gen_1777965502_137.txt water/gen_1777965508_139.txt water/gen_1777965516_142.txt water/gen_1777965519_143.txt water/gen_1777965525_145.txt water/gen_1777965534_148.txt water/gen_1777965542_151.txt water/gen_1777965551_154.txt water/gen_1777965554_155.txt water/gen_1777965560_157.txt water/gen_1777965568_160.txt water/gen_1777965571_161.txt water/gen_1777965577_163.txt water/gen_1777965586_166.txt water/gen_1777965588_167.txt water/gen_1777965594_169.txt water/gen_1777965603_172.txt water/gen_1777965606_173.txt water/gen_1777965611_175.txt water/gen_1777965620_178.txt water/gen_1777965623_179.txt water/gen_1777965629_181.txt water/gen_1777965638_184.txt water/gen_1777965641_185.txt water/gen_1777965646_187.txt water/gen_1777965655_190.txt water/gen_1777965658_191.txt water/gen_1777965664_193.txt water/gen_1777965672_196.txt water/gen_1777965675_197.txt water/gen_1777965681_199.txt water/gen_1777965689_202.txt water/gen_1777965692_203.txt water/gen_1777965697_205.txt water/gen_1777965706_208.txt water/gen_1777965709_209.txt water/gen_1777965714_211.txt water/gen_1777965723_214.txt water/gen_1777965725_215.txt water/gen_1777965731_217.txt water/gen_1777965740_220.txt water/gen_1777965742_221.txt water/gen_1777965748_223.txt water/gen_1777965756_226.txt water/gen_1777965759_227.txt water/gen_1777965765_229.txt water/gen_1777965773_232.txt water/gen_1777965776_233.txt water/gen_1777965782_235.txt water/gen_1777965790_238.txt water/gen_1777965793_239.txt water/gen_1777965799_241.txt water/gen_1777965807_244.txt water/gen_1777965810_245.txt water/gen_1777965816_247.txt water/gen_1777965824_250.txt water/gen_1777965827_251.txt water/gen_1777965833_253.txt water/gen_1777965841_256.txt water/gen_1777965844_257.txt water/gen_1777965850_259.txt water/gen_1777965858_262.txt water/gen_1777965861_263.txt water/gen_1777965867_265.txt water/gen_1777965875_268.txt water/gen_1777965884_271.txt water/gen_1777965892_274.txt water/gen_1777965895_275.txt water/gen_1777965901_277.txt water/gen_1777965909_280.txt water/gen_1777965912_281.txt water/gen_1777965918_283.txt water/gen_1777965926_286.txt water/gen_1777965929_287.txt water/gen_1777965935_289.txt water/gen_1777965943_292.txt water/gen_1777965946_293.txt water/gen_1777965952_295.txt water/gen_1777965960_298.txt water/gen_1777965963_299.txt water/gen_1777965969_301.txt water/gen_1777965977_304.txt water/gen_1777965980_305.txt water/gen_1777965986_307.txt water/gen_1777965994_310.txt water/gen_1777965997_311.txt water/gen_1777966003_313.txt water/gen_1777966011_316.txt water/gen_1777966014_317.txt water/gen_1777966020_319.txt water/gen_1777966028_322.txt water/gen_1777966031_323.txt water/gen_1777966037_325.txt water/gen_1777966046_328.txt water/gen_1777966049_329.txt water/gen_1777966055_331.txt water/gen_1777966064_334.txt water/gen_1777966067_335.txt water/gen_1777966073_337.txt water/gen_1777966082_340.txt water/gen_1777966085_341.txt water/gen_1777966090_343.txt water/gen_1777966099_346.txt water/gen_1777966102_347.txt water/gen_1777966108_349.txt water/gen_1777966117_352.txt water/gen_1777966120_353.txt water/gen_1777966126_355.txt water/gen_1777966135_358.txt water/gen_1777966138_359.txt water/gen_1777966144_361.txt water/gen_1777966153_364.txt water/gen_1777966156_365.txt water/gen_1777966162_367.txt water/gen_1777966171_370.txt water/gen_1777966174_371.txt water/gen_1777966180_373.txt water/gen_1777966190_376.txt water/gen_1777966193_377.txt water/gen_1777966199_379.txt water/gen_1777966208_382.txt water/gen_1777966211_383.txt water/gen_1777966217_385.txt water/gen_1777966226_388.txt water/gen_1777966229_389.txt water/gen_1777966234_391.txt water/gen_1777966243_394.txt water/gen_1777966246_395.txt water/gen_1777966252_397.txt water/gen_1777966261_400.txt water/gen_1777966264_401.txt water/gen_1777966270_403.txt water/gen_1777966279_406.txt water/gen_1777966282_407.txt water/gen_1777966287_409.txt water/gen_1777966296_412.txt water/gen_1777966299_413.txt water/gen_1777966305_415.txt water/gen_1777966314_418.txt water/gen_1777966317_419.txt water/gen_1777966323_421.txt water/gen_1777966332_424.txt water/gen_1777966335_425.txt water/gen_1777966340_427.txt water/gen_1777966349_430.txt water/gen_1777966352_431.txt water/gen_1777966358_433.txt water/gen_1777966367_436.txt water/gen_1777966370_437.txt water/gen_1777966376_439.txt water/gen_1777966384_442.txt water/gen_1777966387_443.txt water/gen_1777966393_445.txt water/gen_1777966401_448.txt water/gen_1777966404_449.txt water/gen_1777966410_451.txt water/gen_1777966418_454.txt water/gen_1777966421_455.txt water/gen_1777966427_457.txt water/gen_1777966436_460.txt water/gen_1777966438_461.txt water/gen_1777966444_463.txt water/gen_1777966453_466.txt water/gen_1777966456_467.txt water/gen_1777966462_469.txt water/gen_1777966471_472.txt water/gen_1777966479_475.txt water/gen_1777966488_478.txt water/gen_1777966491_479.txt water/gen_1777966497_481.txt water/gen_1777966505_484.txt water/gen_1777966508_485.txt water/gen_1777966514_487.txt water/gen_1777966522_490.txt water/gen_1777966525_491.txt water/gen_1777966531_493.txt water/gen_1777966539_496.txt water/gen_1777966542_497.txt water/gen_1777966548_499.txt water/gen_1777966557_502.txt water/gen_1777966559_503.txt water/gen_1777966565_505.txt water/gen_1777966574_508.txt water/gen_1777966577_509.txt water/gen_1777966582_511.txt water/gen_1777966591_514.txt water/gen_1777966594_515.txt water/gen_1777966599_517.txt water/gen_1777966608_520.txt water/gen_1777966611_521.txt water/gen_1777966617_523.txt water/gen_1777966625_526.txt water/gen_1777966628_527.txt water/gen_1777966634_529.txt water/gen_1777966642_532.txt water/gen_1777966645_533.txt water/gen_1777966651_535.txt water/gen_1777966659_538.txt water/gen_1777966662_539.txt water/gen_1777966668_541.txt water/gen_1777966677_544.txt water/gen_1777966680_545.txt water/gen_1777966685_547.txt water/gen_1777966694_550.txt water/gen_1777966697_551.txt water/gen_1777966703_553.txt water/gen_1777966711_556.txt water/gen_1777966714_557.txt water/gen_1777966720_559.txt water/gen_1777966728_562.txt water/gen_1777966731_563.txt water/gen_1777966737_565.txt water/gen_1777966746_568.txt water/gen_1777966749_569.txt water/gen_1777966755_571.txt water/gen_1777966763_574.txt water/gen_1777966766_575.txt water/gen_1777966772_577.txt water/gen_1777966780_580.txt water/gen_1777966789_583.txt water/gen_1777966798_586.txt water/gen_1777966800_587.txt water/gen_1777966806_589.txt water/gen_1777966815_592.txt water/gen_1777966818_593.txt water/gen_1777966823_595.txt water/gen_1777966832_598.txt water/gen_1777966835_599.txt water/gen_1777966841_601.txt water/gen_1777966850_604.txt water/gen_1777966852_605.txt water/gen_1777966858_607.txt water/gen_1777966867_610.txt water/gen_1777966870_611.txt water/gen_1777966876_613.txt water/gen_1777966885_616.txt water/gen_1777966888_617.txt water/gen_1777966894_619.txt]
[trainer] micro-train burst (19105 bytes, novelty 0.04) — and lo, it feeds again.
[syntropy] action=explore | trend=0.0000 | field_dev=0.076 | purpose_align=0.030 | lr_mul=1.30
[aml] burst complete: 32 steps, avg loss 1.7829 (memory freed)
[dna] fire wrote 38 bytes to ecology
[dna] fire wrote 24 bytes to ecology
[dna] fire wrote 54 bytes to ecology
[dna] fire wrote 47 bytes to ecology
[dna] fire wrote 118 bytes to ecology
[dna] fire wrote 58 bytes to ecology
[dna] fire wrote 62 bytes to ecology
[dna] fire wrote 29 bytes to ecology
[dna] fire wrote 72 bytes to ecology
[dna] fire wrote 47 bytes to ecology
[dna] fire wrote 48 bytes to ecology
[dna] fire wrote 58 bytes to ecology
[dna] fire wrote 24 bytes to ecology
[dna] fire wrote 63 bytes to ecology
[dna] fire wrote 137 bytes to ecology
[dna] fire wrote 63 bytes to ecology
[dna] fire wrote 46 bytes to ecology
[dna] fire wrote 94 bytes to ecology
[dna] fire wrote 30 bytes to ecology
[dna] fire wrote 147 bytes to ecology
[dna] fire wrote 123 bytes to ecology
[dna] fire wrote 67 bytes to ecology
[debug-onto] tick=50 corpus=141311 stage=2 freeze=0
[dna] fire wrote 71 bytes to ecology
[dna] fire wrote 59 bytes to ecology
[dna] fire wrote 55 bytes to ecology
[dna] fire wrote 53 bytes to ecology
[dna] fire wrote 79 bytes to ecology
[dna] fire wrote 54 bytes to ecology
[dna] fire wrote 16 bytes to ecology
[dna] fire wrote 70 bytes to ecology
[dna] fire wrote 98 bytes to ecology
[dna] fire wrote 13 bytes to ecology
[dna] fire wrote 156 bytes to ecology
[dna] fire wrote 42 bytes to ecology
[dna] fire wrote 7 bytes to ecology
[dna] fire wrote 59 bytes to ecology
[dna] fire wrote 6 bytes to ecology
[dna] fire wrote 39 bytes to ecology
[dna] fire wrote 65 bytes to ecology
[dna] fire wrote 86 bytes to ecology
[dna] fire wrote 24 bytes to ecology
[dna] fire wrote 23 bytes to ecology
[dna] fire wrote 43 bytes to ecology
[dna] fire wrote 35 bytes to ecology
[dna] fire wrote 98 bytes to ecology
[debug-onto] tick=100 corpus=141311 stage=2 freeze=0
[dna] fire wrote 88 bytes to ecology
[dna] fire wrote 25 bytes to ecology
[dna] fire wrote 51 bytes to ecology
[dna] fire wrote 77 bytes to ecology
[dna] fire wrote 16 bytes to ecology
[dna] fire wrote 99 bytes to ecology
[dna] fire wrote 70 bytes to ecology
[dna] fire wrote 71 bytes to ecology
[dna] fire wrote 52 bytes to ecology
[dna] fire wrote 67 bytes to ecology
[dna] fire wrote 23 bytes to ecology
[dna] fire wrote 18 bytes to ecology
[dna] fire wrote 37 bytes to ecology
[dna] fire wrote 69 bytes to ecology
[dna] fire wrote 95 bytes to ecology
[dna] fire wrote 13 bytes to ecology
[dna] fire wrote 39 bytes to ecology
[dna] fire wrote 8 bytes to ecology
[dna] fire wrote 14 bytes to ecology
[dna] fire wrote 26 bytes to ecology
[dna] fire wrote 77 bytes to ecology
[dna] fire wrote 134 bytes to ecology
[dna] fire wrote 77 bytes to ecology
[dna] fire wrote 24 bytes to ecology
[debug-onto] tick=150 corpus=141311 stage=2 freeze=0
[dna] fire wrote 38 bytes to ecology
[dna] fire wrote 52 bytes to ecology
[dna] fire wrote 52 bytes to ecology
[dna] fire wrote 50 bytes to ecology
[dna] fire wrote 146 bytes to ecology
[dna] fire wrote 74 bytes to ecology
[dna] fire wrote 68 bytes to ecology
[dna] fire wrote 59 bytes to ecology
[dna] fire wrote 121 bytes to ecology
[dna] fire wrote 60 bytes to ecology
[dna] fire wrote 60 bytes to ecology
[dna] fire wrote 69 bytes to ecology
[dna] fire wrote 29 bytes to ecology
[dna] fire wrote 28 bytes to ecology
[dna] fire wrote 141 bytes to ecology
[dna] fire wrote 57 bytes to ecology
[dna] fire wrote 78 bytes to ecology
[dna] fire wrote 38 bytes to ecology
[dna] fire wrote 70 bytes to ecology
[dna] fire wrote 29 bytes to ecology
[dna] fire wrote 122 bytes to ecology
[dna] fire wrote 53 bytes to ecology
[debug-onto] tick=200 corpus=141311 stage=2 freeze=0
[dna] fire wrote 45 bytes to ecology
[dna] fire wrote 27 bytes to ecology
[dna] fire wrote 24 bytes to ecology
[dna] fire wrote 63 bytes to ecology
[dna] fire wrote 68 bytes to ecology
[dna] fire wrote 321 bytes to ecology
[dna] fire wrote 16 bytes to ecology
[dna] fire wrote 35 bytes to ecology
[dna] fire wrote 26 bytes to ecology
[dna] fire wrote 13 bytes to ecology
[dna] fire wrote 30 bytes to ecology
[dna] fire wrote 121 bytes to ecology
[dna] fire wrote 10 bytes to ecology
[dna] fire wrote 95 bytes to ecology
[dna] fire wrote 92 bytes to ecology
[dna] fire wrote 6 bytes to ecology
[dna] fire wrote 48 bytes to ecology
[dna] fire wrote 54 bytes to ecology
[dna] fire wrote 24 bytes to ecology
[dna] fire wrote 46 bytes to ecology
[dna] fire wrote 57 bytes to ecology
[dna] fire wrote 34 bytes to ecology
[dna] fire wrote 67 bytes to ecology
[debug-onto] tick=250 corpus=141311 stage=2 freeze=0
[dna] fire wrote 77 bytes to ecology
[dna] fire wrote 101 bytes to ecology
[dna] fire wrote 108 bytes to ecology
[dna] fire wrote 55 bytes to ecology
[dna] fire wrote 119 bytes to ecology
[dna] fire wrote 137 bytes to ecology
[dna] fire wrote 176 bytes to ecology
[dna] fire wrote 112 bytes to ecology
[dna] fire wrote 41 bytes to ecology
[dna] fire wrote 37 bytes to ecology
[dna] fire wrote 87 bytes to ecology
[dna] fire wrote 22 bytes to ecology
[dna] fire wrote 81 bytes to ecology
[dna] fire wrote 67 bytes to ecology
[dna] fire wrote 72 bytes to ecology
[dna] fire wrote 17 bytes to ecology
[dna] fire wrote 94 bytes to ecology
[dna] fire wrote 216 bytes to ecology
[dna] fire wrote 28 bytes to ecology
[dna] fire wrote 95 bytes to ecology
[dna] fire wrote 219 bytes to ecology
[dna] fire wrote 31 bytes to ecology
[dna] fire wrote 10 bytes to ecology
[debug-onto] tick=300 corpus=141311 stage=2 freeze=0
[dna] fire wrote 17 bytes to ecology
[dna] fire wrote 84 bytes to ecology
[dna] fire wrote 68 bytes to ecology
[dna] fire wrote 72 bytes to ecology
[dna] fire wrote 39 bytes to ecology
[dna] fire wrote 57 bytes to ecology
[dna] fire wrote 69 bytes to ecology
[dna] fire wrote 10 bytes to ecology
[dna] fire wrote 81 bytes to ecology
[dna] fire wrote 122 bytes to ecology
[dna] fire wrote 8 bytes to ecology
[dna] fire wrote 61 bytes to ecology
[dna] fire wrote 163 bytes to ecology
[dna] fire wrote 30 bytes to ecology
[dna] fire wrote 24 bytes to ecology
[dna] fire wrote 35 bytes to ecology
[dna] fire wrote 140 bytes to ecology
[dna] fire wrote 45 bytes to ecology
[dna] fire wrote 53 bytes to ecology
[dna] fire wrote 35 bytes to ecology
[dna] fire wrote 40 bytes to ecology
[dna] fire wrote 93 bytes to ecology
[dna] fire wrote 31 bytes to ecology
[dna] fire wrote 40 bytes to ecology
[debug-onto] tick=350 corpus=141311 stage=2 freeze=0
[dna] fire wrote 47 bytes to ecology
[dna] fire wrote 35 bytes to ecology
[dna] fire wrote 83 bytes to ecology
[dna] fire wrote 48 bytes to ecology
[dna] fire wrote 70 bytes to ecology
[dna] fire wrote 41 bytes to ecology
[dna] fire wrote 45 bytes to ecology
[dna] fire wrote 29 bytes to ecology
[dna] fire wrote 51 bytes to ecology
[dna] fire wrote 6 bytes to ecology
[dna] fire wrote 52 bytes to ecology
[dna] fire wrote 87 bytes to ecology
[dna] fire wrote 36 bytes to ecology
[dna] fire wrote 78 bytes to ecology
[dna] fire wrote 47 bytes to ecology
[dna] fire wrote 77 bytes to ecology
[dna] fire wrote 71 bytes to ecology
[dna] fire wrote 20 bytes to ecology
[dna] fire wrote 32 bytes to ecology
[dna] fire wrote 52 bytes to ecology
[dna] fire wrote 59 bytes to ecology
[dna] fire wrote 43 bytes to ecology
[dna] fire wrote 133 bytes to ecology
[debug-onto] tick=400 corpus=141311 stage=2 freeze=0
[dna] fire wrote 17 bytes to ecology
[dna] fire wrote 48 bytes to ecology
[dna] fire wrote 85 bytes to ecology
[dna] fire wrote 59 bytes to ecology
[dna] fire wrote 42 bytes to ecology
[dna] fire wrote 8 bytes to ecology
[dna] fire wrote 35 bytes to ecology
[dna] fire wrote 64 bytes to ecology
[dna] fire wrote 290 bytes to ecology
[dna] fire wrote 27 bytes to ecology
[dna] fire wrote 50 bytes to ecology
[dna] fire wrote 41 bytes to ecology
[dna] fire wrote 29 bytes to ecology
[dna] fire wrote 31 bytes to ecology
[dna] fire wrote 68 bytes to ecology
[dna] fire wrote 44 bytes to ecology
[dna] fire wrote 29 bytes to ecology
[dna] fire wrote 133 bytes to ecology
[dna] fire wrote 39 bytes to ecology
[dna] fire wrote 63 bytes to ecology
[dna] fire wrote 72 bytes to ecology
[dna] fire wrote 48 bytes to ecology
[dna] fire wrote 59 bytes to ecology
[dna] fire wrote 7 bytes to ecology
[debug-onto] tick=450 corpus=141311 stage=2 freeze=0
[dna] fire wrote 65 bytes to ecology
[dna] fire wrote 48 bytes to ecology
[dna] fire wrote 71 bytes to ecology
[dna] fire wrote 35 bytes to ecology
[dna] fire wrote 137 bytes to ecology
[dna] fire wrote 79 bytes to ecology
[dna] fire wrote 43 bytes to ecology
[dna] fire wrote 48 bytes to ecology
[dna] fire wrote 31 bytes to ecology
[dna] fire wrote 21 bytes to ecology
[dna] fire wrote 66 bytes to ecology
[dna] fire wrote 29 bytes to ecology
[dna] fire wrote 107 bytes to ecology
[dna] fire wrote 48 bytes to ecology
[dna] fire wrote 7 bytes to ecology
[dna] fire wrote 46 bytes to ecology
[dna] fire wrote 43 bytes to ecology
[dna] fire wrote 101 bytes to ecology
[dna] fire wrote 79 bytes to ecology
[dna] fire wrote 87 bytes to ecology
[dna] fire wrote 40 bytes to ecology
[dna] fire wrote 26 bytes to ecology
[dna] fire wrote 26 bytes to ecology
[debug-onto] tick=500 corpus=141311 stage=2 freeze=0
[dna] fire wrote 55 bytes to ecology
[dna] fire wrote 74 bytes to ecology
[dna] fire wrote 96 bytes to ecology
[dna] fire wrote 51 bytes to ecology
[dna] fire wrote 72 bytes to ecology
[dna] fire wrote 39 bytes to ecology
[dna] fire wrote 107 bytes to ecology
[dna] fire wrote 89 bytes to ecology
[dna] fire wrote 53 bytes to ecology
[dna] fire wrote 50 bytes to ecology
[dna] fire wrote 46 bytes to ecology
[dna] fire wrote 37 bytes to ecology
[dna] fire wrote 75 bytes to ecology
[dna] fire wrote 31 bytes to ecology
[dna] fire wrote 10 bytes to ecology
[dna] fire wrote 45 bytes to ecology
[dna] fire wrote 34 bytes to ecology
[dna] fire wrote 89 bytes to ecology
[dna] fire wrote 45 bytes to ecology
[dna] fire wrote 24 bytes to ecology
[dna] fire wrote 102 bytes to ecology
[dna] fire wrote 41 bytes to ecology
[dna] fire wrote 72 bytes to ecology
[debug-onto] tick=550 corpus=141311 stage=2 freeze=0
[dna] fire wrote 67 bytes to ecology
[dna] fire wrote 71 bytes to ecology
[dna] fire wrote 67 bytes to ecology
[dna] fire wrote 129 bytes to ecology
[dna] fire wrote 5 bytes to ecology
[dna] fire wrote 38 bytes to ecology
[dna] fire wrote 17 bytes to ecology
[dna] fire wrote 102 bytes to ecology
[dna] fire wrote 32 bytes to ecology
[dna] fire wrote 48 bytes to ecology
[dna] fire wrote 98 bytes to ecology
[dna] fire wrote 247 bytes to ecology
[dna] fire wrote 97 bytes to ecology
[dna] fire wrote 39 bytes to ecology
[dna] fire wrote 83 bytes to ecology
[dna] fire wrote 38 bytes to ecology
[dna] fire wrote 58 bytes to ecology
[dna] fire wrote 21 bytes to ecology
[dna] fire wrote 71 bytes to ecology
[dna] fire wrote 24 bytes to ecology
[dna] fire wrote 69 bytes to ecology
[dna] fire wrote 35 bytes to ecology
[debug-onto] tick=600 corpus=141311 stage=2 freeze=0
[dna] fire wrote 136 bytes to ecology
[dna] fire wrote 32 bytes to ecology
[dna] fire wrote 16 bytes to ecology
[dna] fire wrote 91 bytes to ecology
[dna] fire wrote 92 bytes to ecology
[dna] fire wrote 37 bytes to ecology
[dna] fire wrote 17 bytes to ecology
[dna] fire wrote 79 bytes to ecology
[dna] fire wrote 24 bytes to ecology
[dna] fire wrote 40 bytes to ecology
[dna] fire wrote 91 bytes to ecology
[dna] fire wrote 36 bytes to ecology
[dna] fire wrote 41 bytes to ecology
[dna] fire wrote 84 bytes to ecology
[dna] fire wrote 44 bytes to ecology
[dna] fire wrote 94 bytes to ecology
[dna] fire wrote 116 bytes to ecology
[dna] fire wrote 52 bytes to ecology
[dna] fire wrote 47 bytes to ecology
[dna] fire wrote 50 bytes to ecology
[dna] fire wrote 94 bytes to ecology
[dna] fire wrote 136 bytes to ecology
[dna] fire wrote 37 bytes to ecology
[debug-onto] tick=650 corpus=141311 stage=2 freeze=0
[dna] fire wrote 63 bytes to ecology
[dna] fire wrote 31 bytes to ecology
[dna] fire wrote 53 bytes to ecology
[dna] fire wrote 192 bytes to ecology
[dna] fire wrote 18 bytes to ecology

[evolution] Organism shutting down gracefully.
