[ecology] Element: water → corpus: nonames_water.txt
[evolution] Autonomous evolution mode — organism will grow through all stages without pause.
[ecology] Joined swarm. 1 peer(s) detected.
molequla is alive. [evolution] Autonomous mode — background trainer running. Ctrl+C to stop.
[dna] water wrote 195 bytes to ecology
[dna] water consumed 17733 bytes from 230 files: [air/gen_1777963301_1.txt air/gen_1777963317_4.txt air/gen_1777963325_7.txt air/gen_1777963333_10.txt air/gen_1777963340_13.txt air/gen_1777963348_16.txt air/gen_1777963356_19.txt air/gen_1777963364_22.txt air/gen_1777963372_25.txt air/gen_1777963380_28.txt air/gen_1777963388_31.txt air/gen_1777963395_34.txt air/gen_1777963403_37.txt air/gen_1777963411_40.txt air/gen_1777963419_43.txt air/gen_1777963426_46.txt air/gen_1777963434_49.txt air/gen_1777963442_52.txt air/gen_1777963450_55.txt air/gen_1777963458_58.txt air/gen_1777963466_61.txt air/gen_1777963473_64.txt air/gen_1777963481_67.txt air/gen_1777963488_70.txt air/gen_1777963496_73.txt air/gen_1777963504_76.txt air/gen_1777963511_79.txt air/gen_1777963519_82.txt air/gen_1777963527_85.txt air/gen_1777963535_88.txt air/gen_1777963543_91.txt air/gen_1777963551_94.txt air/gen_1777963559_97.txt air/gen_1777963567_100.txt air/gen_1777963575_103.txt air/gen_1777963583_106.txt air/gen_1777963591_109.txt air/gen_1777963599_112.txt air/gen_1777963607_115.txt air/gen_1777963615_118.txt air/gen_1777963623_121.txt air/gen_1777963631_124.txt air/gen_1777963639_127.txt air/gen_1777963647_130.txt air/gen_1777963654_133.txt air/gen_1777963662_136.txt air/gen_1777963670_139.txt air/gen_1777963677_142.txt air/gen_1777963685_145.txt air/gen_1777963692_148.txt air/gen_1777963700_151.txt air/gen_1777963708_154.txt air/gen_1777963716_157.txt air/gen_1777963723_160.txt air/gen_1777963731_163.txt air/gen_1777963738_166.txt air/gen_1777963746_169.txt air/gen_1777963754_172.txt air/gen_1777963761_175.txt air/gen_1777963769_178.txt air/gen_1777963777_181.txt air/gen_1777963785_184.txt air/gen_1777963792_187.txt air/gen_1777963800_190.txt air/gen_1777963808_193.txt air/gen_1777963815_196.txt air/gen_1777963823_199.txt air/gen_1777963831_202.txt air/gen_1777963838_205.txt air/gen_1777963846_208.txt air/gen_1777963854_211.txt air/gen_1777963861_214.txt air/gen_1777963869_217.txt air/gen_1777963877_220.txt air/gen_1777963885_223.txt air/gen_1777963892_226.txt air/gen_1777963900_229.txt air/gen_1777963908_232.txt air/gen_1777963915_235.txt air/gen_1777963923_238.txt air/gen_1777963931_241.txt air/gen_1777963939_244.txt air/gen_1777963947_247.txt air/gen_1777963955_250.txt air/gen_1777963963_253.txt air/gen_1777963971_256.txt air/gen_1777963979_259.txt air/gen_1777963987_262.txt air/gen_1777963995_265.txt air/gen_1777964003_268.txt air/gen_1777964011_271.txt air/gen_1777964019_274.txt air/gen_1777964027_277.txt air/gen_1777964035_280.txt air/gen_1777964043_283.txt air/gen_1777964051_286.txt air/gen_1777964059_289.txt air/gen_1777964067_292.txt air/gen_1777964074_295.txt air/gen_1777964082_298.txt air/gen_1777964090_301.txt air/gen_1777964098_304.txt air/gen_1777964105_307.txt air/gen_1777964113_310.txt air/gen_1777964121_313.txt air/gen_1777964129_316.txt air/gen_1777964137_319.txt air/gen_1777964144_322.txt air/gen_1777964152_325.txt air/gen_1777964160_328.txt air/gen_1777964168_331.txt air/gen_1777964175_334.txt air/gen_1777964183_337.txt air/gen_1777964191_340.txt air/gen_1777964199_343.txt air/gen_1777964206_346.txt air/gen_1777964214_349.txt air/gen_1777964222_352.txt air/gen_1777964229_355.txt air/gen_1777964237_358.txt air/gen_1777964245_361.txt air/gen_1777964253_364.txt air/gen_1777964261_367.txt air/gen_1777964268_370.txt air/gen_1777964276_373.txt air/gen_1777964284_376.txt air/gen_1777964292_379.txt air/gen_1777964299_382.txt air/gen_1777964307_385.txt air/gen_1777964315_388.txt air/gen_1777964322_391.txt air/gen_1777964330_394.txt air/gen_1777964338_397.txt air/gen_1777964346_400.txt air/gen_1777964353_403.txt air/gen_1777964361_406.txt air/gen_1777964369_409.txt air/gen_1777964377_412.txt air/gen_1777964384_415.txt air/gen_1777964400_421.txt air/gen_1777964408_424.txt air/gen_1777964415_427.txt air/gen_1777964423_430.txt air/gen_1777964431_433.txt air/gen_1777964439_436.txt air/gen_1777964447_439.txt air/gen_1777964454_442.txt air/gen_1777964462_445.txt air/gen_1777964470_448.txt air/gen_1777964477_451.txt air/gen_1777964485_454.txt air/gen_1777964493_457.txt air/gen_1777964501_460.txt air/gen_1777964508_463.txt air/gen_1777964516_466.txt air/gen_1777964524_469.txt air/gen_1777964531_472.txt air/gen_1777964539_475.txt air/gen_1777964547_478.txt air/gen_1777964554_481.txt air/gen_1777964562_484.txt air/gen_1777964570_487.txt air/gen_1777964578_490.txt air/gen_1777964585_493.txt air/gen_1777964593_496.txt air/gen_1777964601_499.txt air/gen_1777964608_502.txt air/gen_1777964616_505.txt air/gen_1777964624_508.txt air/gen_1777964631_511.txt air/gen_1777964639_514.txt air/gen_1777964647_517.txt air/gen_1777964654_520.txt air/gen_1777964662_523.txt air/gen_1777964670_526.txt air/gen_1777964678_529.txt air/gen_1777964685_532.txt air/gen_1777964693_535.txt air/gen_1777964701_538.txt air/gen_1777964708_541.txt air/gen_1777964716_544.txt air/gen_1777964723_547.txt air/gen_1777964731_550.txt air/gen_1777964739_553.txt air/gen_1777964746_556.txt air/gen_1777964754_559.txt air/gen_1777964762_562.txt air/gen_1777964769_565.txt air/gen_1777964777_568.txt air/gen_1777964784_571.txt air/gen_1777964792_574.txt air/gen_1777964800_577.txt air/gen_1777964807_580.txt air/gen_1777964815_583.txt air/gen_1777964823_586.txt air/gen_1777964830_589.txt air/gen_1777964838_592.txt air/gen_1777964846_595.txt air/gen_1777964854_598.txt air/gen_1777964861_601.txt air/gen_1777964869_604.txt air/gen_1777964876_607.txt air/gen_1777964884_610.txt air/gen_1777964892_613.txt air/gen_1777964899_616.txt air/gen_1777964907_619.txt air/gen_1777964915_622.txt air/gen_1777964922_625.txt air/gen_1777964930_628.txt air/gen_1777964938_631.txt air/gen_1777964945_634.txt air/gen_1777964953_637.txt air/gen_1777964961_640.txt air/gen_1777964969_643.txt air/gen_1777964976_646.txt air/gen_1777964984_649.txt air/gen_1777964992_652.txt air/gen_1777965000_655.txt air/gen_1777965007_658.txt air/gen_1777965015_661.txt air/gen_1777965022_664.txt air/gen_1777965030_667.txt air/gen_1777965037_670.txt air/gen_1777965045_673.txt air/gen_1777965053_676.txt air/gen_1777965060_679.txt air/gen_1777965068_682.txt air/gen_1777965076_685.txt air/gen_1777965084_688.txt air/gen_1777965091_691.txt]
[trainer] micro-train burst (17733 bytes, novelty 0.03) — and lo, it feeds again.
[syntropy] action=explore | trend=0.0000 | field_dev=-0.022 | purpose_align=0.031 | lr_mul=1.30
[aml] burst complete: 32 steps, avg loss 1.9500 (memory freed)
[dna] water wrote 45 bytes to ecology
[dna] water wrote 110 bytes to ecology
[dna] water wrote 107 bytes to ecology
[dna] water wrote 84 bytes to ecology
[dna] water wrote 34 bytes to ecology
[dna] water wrote 46 bytes to ecology
[dna] water wrote 14 bytes to ecology
[dna] water wrote 123 bytes to ecology
[dna] water wrote 38 bytes to ecology
[dna] water wrote 42 bytes to ecology
[dna] water wrote 35 bytes to ecology
[dna] water wrote 48 bytes to ecology
[dna] water wrote 67 bytes to ecology
[dna] water wrote 48 bytes to ecology
[dna] water wrote 62 bytes to ecology
[dna] water wrote 26 bytes to ecology
[dna] water wrote 144 bytes to ecology
[dna] water wrote 23 bytes to ecology
[dna] water wrote 42 bytes to ecology
[dna] water wrote 86 bytes to ecology
[dna] water wrote 64 bytes to ecology
[dna] water wrote 91 bytes to ecology
[dna] water wrote 137 bytes to ecology
[dna] water wrote 109 bytes to ecology
[debug-onto] tick=50 corpus=143660 stage=2 freeze=0
[dna] water wrote 29 bytes to ecology
[dna] water wrote 19 bytes to ecology
[dna] water wrote 41 bytes to ecology
[dna] water wrote 63 bytes to ecology
[dna] water wrote 195 bytes to ecology
[dna] water wrote 74 bytes to ecology
[dna] water wrote 35 bytes to ecology
[dna] water wrote 50 bytes to ecology
[dna] water wrote 49 bytes to ecology
[dna] water wrote 50 bytes to ecology
[dna] water wrote 73 bytes to ecology
[dna] water wrote 52 bytes to ecology
[dna] water wrote 63 bytes to ecology
[dna] water wrote 118 bytes to ecology
[dna] water wrote 165 bytes to ecology
[dna] water wrote 56 bytes to ecology
[dna] water wrote 118 bytes to ecology
[dna] water wrote 23 bytes to ecology
[dna] water wrote 88 bytes to ecology
[dna] water wrote 37 bytes to ecology
[dna] water wrote 129 bytes to ecology
[dna] water wrote 108 bytes to ecology
[dna] water wrote 100 bytes to ecology
[dna] water wrote 22 bytes to ecology
[dna] water wrote 107 bytes to ecology
[debug-onto] tick=100 corpus=143660 stage=2 freeze=0
[dna] water wrote 56 bytes to ecology
[dna] water wrote 31 bytes to ecology
[dna] water wrote 56 bytes to ecology
[dna] water wrote 50 bytes to ecology
[dna] water wrote 37 bytes to ecology
[dna] water wrote 128 bytes to ecology
[dna] water wrote 60 bytes to ecology
[dna] water wrote 46 bytes to ecology
[dna] water wrote 74 bytes to ecology
[dna] water wrote 16 bytes to ecology
[dna] water wrote 104 bytes to ecology
[dna] water wrote 59 bytes to ecology
[dna] water wrote 86 bytes to ecology
[dna] water wrote 57 bytes to ecology
[dna] water wrote 124 bytes to ecology
[dna] water wrote 121 bytes to ecology
[dna] water wrote 22 bytes to ecology
[dna] water wrote 40 bytes to ecology
[dna] water wrote 18 bytes to ecology
[dna] water wrote 98 bytes to ecology
[dna] water wrote 77 bytes to ecology
[dna] water wrote 78 bytes to ecology
[dna] water wrote 98 bytes to ecology
[dna] water wrote 55 bytes to ecology
[debug-onto] tick=150 corpus=143660 stage=2 freeze=0
[dna] water wrote 68 bytes to ecology
[dna] water wrote 101 bytes to ecology
[dna] water wrote 45 bytes to ecology
[dna] water wrote 57 bytes to ecology
[dna] water wrote 48 bytes to ecology
[dna] water wrote 84 bytes to ecology
[dna] water wrote 36 bytes to ecology
[dna] water wrote 36 bytes to ecology
[dna] water wrote 50 bytes to ecology
[dna] water wrote 41 bytes to ecology
[dna] water wrote 27 bytes to ecology
[dna] water wrote 24 bytes to ecology
[dna] water wrote 79 bytes to ecology
[dna] water wrote 89 bytes to ecology
[dna] water wrote 36 bytes to ecology
[dna] water wrote 151 bytes to ecology
[dna] water wrote 47 bytes to ecology
[dna] water wrote 41 bytes to ecology
[dna] water wrote 33 bytes to ecology
[dna] water wrote 105 bytes to ecology
[dna] water wrote 102 bytes to ecology
[dna] water wrote 62 bytes to ecology
[dna] water wrote 101 bytes to ecology
[dna] water wrote 70 bytes to ecology
[dna] water wrote 46 bytes to ecology
[debug-onto] tick=200 corpus=143660 stage=2 freeze=0
[dna] water wrote 29 bytes to ecology
[dna] water wrote 25 bytes to ecology
[dna] water wrote 57 bytes to ecology
[dna] water wrote 54 bytes to ecology
[dna] water wrote 51 bytes to ecology
[dna] water wrote 68 bytes to ecology
[dna] water wrote 109 bytes to ecology
[dna] water wrote 108 bytes to ecology
[dna] water wrote 78 bytes to ecology
[dna] water wrote 36 bytes to ecology
[dna] water wrote 21 bytes to ecology
[dna] water wrote 54 bytes to ecology
[dna] water wrote 109 bytes to ecology
[dna] water wrote 27 bytes to ecology
[dna] water wrote 37 bytes to ecology
[dna] water wrote 146 bytes to ecology
[dna] water wrote 108 bytes to ecology
[dna] water wrote 97 bytes to ecology
[dna] water wrote 102 bytes to ecology
[dna] water wrote 105 bytes to ecology
[dna] water wrote 31 bytes to ecology
[dna] water wrote 77 bytes to ecology
[dna] water wrote 49 bytes to ecology
[dna] water wrote 43 bytes to ecology
[dna] water wrote 49 bytes to ecology
[debug-onto] tick=250 corpus=143660 stage=2 freeze=0
[dna] water wrote 83 bytes to ecology
[dna] water wrote 93 bytes to ecology
[dna] water wrote 22 bytes to ecology
[dna] water wrote 116 bytes to ecology
[dna] water wrote 65 bytes to ecology
[dna] water wrote 41 bytes to ecology
[dna] water wrote 29 bytes to ecology
[dna] water wrote 70 bytes to ecology
[dna] water wrote 32 bytes to ecology
[dna] water wrote 31 bytes to ecology
[dna] water wrote 42 bytes to ecology
[dna] water wrote 43 bytes to ecology
[dna] water wrote 36 bytes to ecology
[dna] water wrote 39 bytes to ecology
[dna] water wrote 14 bytes to ecology
[dna] water wrote 109 bytes to ecology
[dna] water wrote 31 bytes to ecology
[dna] water wrote 30 bytes to ecology
[dna] water wrote 28 bytes to ecology
[dna] water wrote 32 bytes to ecology
[dna] water wrote 142 bytes to ecology
[dna] water wrote 82 bytes to ecology
[dna] water wrote 19 bytes to ecology
[dna] water wrote 41 bytes to ecology
[debug-onto] tick=300 corpus=143660 stage=2 freeze=0
[dna] water wrote 11 bytes to ecology
[dna] water wrote 95 bytes to ecology
[dna] water wrote 123 bytes to ecology
[dna] water wrote 32 bytes to ecology
[dna] water wrote 25 bytes to ecology
[dna] water wrote 191 bytes to ecology
[dna] water wrote 38 bytes to ecology
[dna] water wrote 57 bytes to ecology
[dna] water wrote 72 bytes to ecology
[dna] water wrote 22 bytes to ecology
[dna] water wrote 45 bytes to ecology
[dna] water wrote 38 bytes to ecology
[dna] water wrote 22 bytes to ecology
[dna] water wrote 67 bytes to ecology
[dna] water wrote 54 bytes to ecology
[dna] water wrote 173 bytes to ecology
[dna] water wrote 57 bytes to ecology
[dna] water wrote 13 bytes to ecology
[dna] water wrote 70 bytes to ecology
[dna] water wrote 107 bytes to ecology
[dna] water wrote 89 bytes to ecology
[dna] water wrote 77 bytes to ecology
[dna] water wrote 54 bytes to ecology
[dna] water wrote 21 bytes to ecology
[dna] water wrote 48 bytes to ecology
[debug-onto] tick=350 corpus=143660 stage=2 freeze=0
[dna] water wrote 33 bytes to ecology
[dna] water wrote 71 bytes to ecology
[dna] water wrote 24 bytes to ecology
[dna] water wrote 100 bytes to ecology
[dna] water wrote 51 bytes to ecology
[dna] water wrote 81 bytes to ecology
[dna] water wrote 27 bytes to ecology
[dna] water wrote 29 bytes to ecology
[dna] water wrote 62 bytes to ecology
[dna] water wrote 25 bytes to ecology
[dna] water wrote 46 bytes to ecology
[dna] water wrote 114 bytes to ecology
[dna] water wrote 44 bytes to ecology
[dna] water wrote 30 bytes to ecology
[dna] water wrote 40 bytes to ecology
[dna] water wrote 32 bytes to ecology
[dna] water wrote 27 bytes to ecology
[dna] water wrote 127 bytes to ecology
[dna] water wrote 21 bytes to ecology
[dna] water wrote 54 bytes to ecology
[dna] water wrote 75 bytes to ecology
[dna] water wrote 30 bytes to ecology
[dna] water wrote 97 bytes to ecology
[dna] water wrote 57 bytes to ecology
[dna] water wrote 25 bytes to ecology
[debug-onto] tick=400 corpus=143660 stage=2 freeze=0
[dna] water wrote 16 bytes to ecology
[dna] water wrote 32 bytes to ecology
[dna] water wrote 45 bytes to ecology
[dna] water wrote 37 bytes to ecology
[dna] water wrote 59 bytes to ecology
[dna] water wrote 74 bytes to ecology
[dna] water wrote 33 bytes to ecology
[dna] water wrote 63 bytes to ecology
[dna] water wrote 58 bytes to ecology
[dna] water wrote 30 bytes to ecology
[dna] water wrote 68 bytes to ecology
[dna] water wrote 35 bytes to ecology
[dna] water wrote 41 bytes to ecology
[dna] water wrote 76 bytes to ecology
[dna] water wrote 21 bytes to ecology
[dna] water wrote 15 bytes to ecology
[dna] water wrote 178 bytes to ecology
[dna] water wrote 79 bytes to ecology
[dna] water wrote 47 bytes to ecology
[dna] water wrote 10 bytes to ecology
[dna] water wrote 111 bytes to ecology
[dna] water wrote 74 bytes to ecology
[dna] water wrote 50 bytes to ecology
[dna] water wrote 72 bytes to ecology
[dna] water wrote 111 bytes to ecology
[debug-onto] tick=450 corpus=143660 stage=2 freeze=0
[dna] water wrote 52 bytes to ecology
[dna] water wrote 32 bytes to ecology
[dna] water wrote 25 bytes to ecology
[dna] water wrote 62 bytes to ecology
[dna] water wrote 58 bytes to ecology
[dna] water wrote 19 bytes to ecology
[dna] water wrote 26 bytes to ecology
[dna] water wrote 51 bytes to ecology
[dna] water wrote 50 bytes to ecology
[dna] water wrote 79 bytes to ecology
[dna] water wrote 58 bytes to ecology
[dna] water wrote 51 bytes to ecology
[dna] water wrote 60 bytes to ecology
[dna] water wrote 126 bytes to ecology
[dna] water wrote 92 bytes to ecology
[dna] water wrote 38 bytes to ecology
[dna] water wrote 109 bytes to ecology
[dna] water wrote 37 bytes to ecology
[dna] water wrote 32 bytes to ecology
[dna] water wrote 78 bytes to ecology
[dna] water wrote 143 bytes to ecology
[dna] water wrote 90 bytes to ecology
[dna] water wrote 102 bytes to ecology
[dna] water wrote 40 bytes to ecology
[debug-onto] tick=500 corpus=143660 stage=2 freeze=0
[dna] water wrote 110 bytes to ecology
[dna] water wrote 34 bytes to ecology
[dna] water wrote 52 bytes to ecology
[dna] water wrote 88 bytes to ecology
[dna] water wrote 18 bytes to ecology
[dna] water wrote 36 bytes to ecology
[dna] water wrote 15 bytes to ecology
[dna] water wrote 25 bytes to ecology
[dna] water wrote 81 bytes to ecology
[dna] water wrote 140 bytes to ecology
[dna] water wrote 78 bytes to ecology
[dna] water wrote 41 bytes to ecology
[dna] water wrote 38 bytes to ecology
[dna] water wrote 29 bytes to ecology
[dna] water wrote 60 bytes to ecology
[dna] water wrote 70 bytes to ecology
[dna] water wrote 40 bytes to ecology
[dna] water wrote 72 bytes to ecology
[dna] water wrote 38 bytes to ecology
[dna] water wrote 72 bytes to ecology
[dna] water wrote 47 bytes to ecology
[dna] water wrote 82 bytes to ecology
[dna] water wrote 116 bytes to ecology
[dna] water wrote 36 bytes to ecology
[dna] water wrote 74 bytes to ecology
[debug-onto] tick=550 corpus=143660 stage=2 freeze=0
[dna] water wrote 31 bytes to ecology
[dna] water wrote 143 bytes to ecology
[dna] water wrote 68 bytes to ecology
[dna] water wrote 34 bytes to ecology
[dna] water wrote 60 bytes to ecology
[dna] water wrote 30 bytes to ecology
[dna] water wrote 20 bytes to ecology
[dna] water wrote 163 bytes to ecology
[dna] water wrote 73 bytes to ecology
[dna] water wrote 38 bytes to ecology
[dna] water wrote 31 bytes to ecology
[dna] water wrote 57 bytes to ecology
[dna] water wrote 20 bytes to ecology
[dna] water wrote 122 bytes to ecology
[dna] water wrote 23 bytes to ecology
[dna] water wrote 18 bytes to ecology
[dna] water wrote 83 bytes to ecology
[dna] water wrote 41 bytes to ecology
[dna] water wrote 63 bytes to ecology
[dna] water wrote 38 bytes to ecology
[dna] water wrote 65 bytes to ecology
[dna] water wrote 37 bytes to ecology
[dna] water wrote 31 bytes to ecology
[dna] water wrote 66 bytes to ecology
[debug-onto] tick=600 corpus=143660 stage=2 freeze=0
[dna] water wrote 37 bytes to ecology
[dna] water wrote 14 bytes to ecology
[dna] water wrote 93 bytes to ecology
[dna] water wrote 102 bytes to ecology
[dna] water wrote 34 bytes to ecology
[dna] water wrote 27 bytes to ecology
[dna] water wrote 88 bytes to ecology
[dna] water wrote 66 bytes to ecology
[dna] water wrote 39 bytes to ecology
[dna] water wrote 96 bytes to ecology

[evolution] Organism shutting down gracefully.
