[ecology] Element: air → corpus: nonames_air.txt
[evolution] Autonomous evolution mode — organism will grow through all stages without pause.
[ecology] Joined swarm. 1 peer(s) detected.
molequla is alive. [evolution] Autonomous mode — background trainer running. Ctrl+C to stop.
[dna] air wrote 64 bytes to ecology
[dna] air consumed 17764 bytes from 222 files: [earth/gen_1776924119_1.txt earth/gen_1776924126_4.txt earth/gen_1776924134_7.txt earth/gen_1776924142_10.txt earth/gen_1776924150_13.txt earth/gen_1776924158_16.txt earth/gen_1776924166_19.txt earth/gen_1776924173_22.txt earth/gen_1776924181_25.txt earth/gen_1776924189_28.txt earth/gen_1776924197_31.txt earth/gen_1776924205_34.txt earth/gen_1776924213_37.txt earth/gen_1776924221_40.txt earth/gen_1776924228_43.txt earth/gen_1776924236_46.txt earth/gen_1776924244_49.txt earth/gen_1776924252_52.txt earth/gen_1776924260_55.txt earth/gen_1776924268_58.txt earth/gen_1776924276_61.txt earth/gen_1776924283_64.txt earth/gen_1776924291_67.txt earth/gen_1776924299_70.txt earth/gen_1776924307_73.txt earth/gen_1776924315_76.txt earth/gen_1776924323_79.txt earth/gen_1776924331_82.txt earth/gen_1776924339_85.txt earth/gen_1776924347_88.txt earth/gen_1776924354_91.txt earth/gen_1776924362_94.txt earth/gen_1776924370_97.txt earth/gen_1776924378_100.txt earth/gen_1776924386_103.txt earth/gen_1776924394_106.txt earth/gen_1776924402_109.txt earth/gen_1776924410_112.txt earth/gen_1776924418_115.txt earth/gen_1776924426_118.txt earth/gen_1776924434_121.txt earth/gen_1776924442_124.txt earth/gen_1776924450_127.txt earth/gen_1776924458_130.txt earth/gen_1776924466_133.txt earth/gen_1776924474_136.txt earth/gen_1776924482_139.txt earth/gen_1776924490_142.txt earth/gen_1776924498_145.txt earth/gen_1776924505_148.txt earth/gen_1776924513_151.txt earth/gen_1776924521_154.txt earth/gen_1776924529_157.txt earth/gen_1776924537_160.txt earth/gen_1776924545_163.txt earth/gen_1776924553_166.txt earth/gen_1776924561_169.txt earth/gen_1776924569_172.txt earth/gen_1776924576_175.txt earth/gen_1776924584_178.txt earth/gen_1776924592_181.txt earth/gen_1776924600_184.txt earth/gen_1776924608_187.txt earth/gen_1776924616_190.txt earth/gen_1776924624_193.txt earth/gen_1776924632_196.txt earth/gen_1776924640_199.txt earth/gen_1776924648_202.txt earth/gen_1776924655_205.txt earth/gen_1776924663_208.txt earth/gen_1776924671_211.txt earth/gen_1776924679_214.txt earth/gen_1776924687_217.txt earth/gen_1776924695_220.txt earth/gen_1776924703_223.txt earth/gen_1776924710_226.txt earth/gen_1776924718_229.txt earth/gen_1776924726_232.txt earth/gen_1776924734_235.txt earth/gen_1776924742_238.txt earth/gen_1776924750_241.txt earth/gen_1776924758_244.txt earth/gen_1776924766_247.txt earth/gen_1776924774_250.txt earth/gen_1776924782_253.txt earth/gen_1776924798_259.txt earth/gen_1776924806_262.txt earth/gen_1776924813_265.txt earth/gen_1776924821_268.txt earth/gen_1776924829_271.txt earth/gen_1776924837_274.txt earth/gen_1776924845_277.txt earth/gen_1776924853_280.txt earth/gen_1776924861_283.txt earth/gen_1776924869_286.txt earth/gen_1776924877_289.txt earth/gen_1776924884_292.txt earth/gen_1776924892_295.txt earth/gen_1776924900_298.txt earth/gen_1776924908_301.txt earth/gen_1776924916_304.txt earth/gen_1776924924_307.txt earth/gen_1776924932_310.txt earth/gen_1776924940_313.txt earth/gen_1776924948_316.txt earth/gen_1776924956_319.txt earth/gen_1776924964_322.txt earth/gen_1776924972_325.txt earth/gen_1776924979_328.txt earth/gen_1776924987_331.txt earth/gen_1776924995_334.txt earth/gen_1776925003_337.txt earth/gen_1776925011_340.txt earth/gen_1776925019_343.txt earth/gen_1776925027_346.txt earth/gen_1776925035_349.txt earth/gen_1776925042_352.txt earth/gen_1776925050_355.txt earth/gen_1776925058_358.txt earth/gen_1776925066_361.txt earth/gen_1776925074_364.txt earth/gen_1776925082_367.txt earth/gen_1776925090_370.txt earth/gen_1776925098_373.txt earth/gen_1776925106_376.txt earth/gen_1776925114_379.txt earth/gen_1776925122_382.txt earth/gen_1776925130_385.txt earth/gen_1776925137_388.txt earth/gen_1776925145_391.txt earth/gen_1776925154_394.txt earth/gen_1776925162_397.txt earth/gen_1776925169_400.txt earth/gen_1776925177_403.txt earth/gen_1776925185_406.txt earth/gen_1776925193_409.txt earth/gen_1776925201_412.txt earth/gen_1776925209_415.txt earth/gen_1776925217_418.txt earth/gen_1776925225_421.txt earth/gen_1776925233_424.txt earth/gen_1776925241_427.txt earth/gen_1776925249_430.txt earth/gen_1776925257_433.txt earth/gen_1776925265_436.txt earth/gen_1776925273_439.txt earth/gen_1776925281_442.txt earth/gen_1776925289_445.txt earth/gen_1776925297_448.txt earth/gen_1776925304_451.txt earth/gen_1776925312_454.txt earth/gen_1776925320_457.txt earth/gen_1776925328_460.txt earth/gen_1776925336_463.txt earth/gen_1776925344_466.txt earth/gen_1776925352_469.txt earth/gen_1776925360_472.txt earth/gen_1776925368_475.txt earth/gen_1776925376_478.txt earth/gen_1776925384_481.txt earth/gen_1776925392_484.txt earth/gen_1776925399_487.txt earth/gen_1776925407_490.txt earth/gen_1776925415_493.txt earth/gen_1776925423_496.txt earth/gen_1776925431_499.txt earth/gen_1776925439_502.txt earth/gen_1776925447_505.txt earth/gen_1776925455_508.txt earth/gen_1776925463_511.txt earth/gen_1776925471_514.txt earth/gen_1776925479_517.txt earth/gen_1776925487_520.txt earth/gen_1776925495_523.txt earth/gen_1776925503_526.txt earth/gen_1776925511_529.txt earth/gen_1776925519_532.txt earth/gen_1776925527_535.txt earth/gen_1776925534_538.txt earth/gen_1776925542_541.txt earth/gen_1776925550_544.txt earth/gen_1776925558_547.txt earth/gen_1776925566_550.txt earth/gen_1776925574_553.txt earth/gen_1776925582_556.txt earth/gen_1776925590_559.txt earth/gen_1776925598_562.txt earth/gen_1776925606_565.txt earth/gen_1776925614_568.txt earth/gen_1776925622_571.txt earth/gen_1776925630_574.txt earth/gen_1776925638_577.txt earth/gen_1776925646_580.txt earth/gen_1776925654_583.txt earth/gen_1776925662_586.txt earth/gen_1776925670_589.txt earth/gen_1776925677_592.txt earth/gen_1776925685_595.txt earth/gen_1776925693_598.txt earth/gen_1776925701_601.txt earth/gen_1776925709_604.txt earth/gen_1776925717_607.txt earth/gen_1776925725_610.txt earth/gen_1776925733_613.txt earth/gen_1776925741_616.txt earth/gen_1776925749_619.txt earth/gen_1776925757_622.txt earth/gen_1776925765_625.txt earth/gen_1776925781_631.txt earth/gen_1776925788_634.txt earth/gen_1776925796_637.txt earth/gen_1776925804_640.txt earth/gen_1776925812_643.txt earth/gen_1776925820_646.txt earth/gen_1776925828_649.txt earth/gen_1776925836_652.txt earth/gen_1776925844_655.txt earth/gen_1776925852_658.txt earth/gen_1776925860_661.txt earth/gen_1776925868_664.txt earth/gen_1776925876_667.txt earth/gen_1776925884_670.txt]
[trainer] micro-train burst (17764 bytes, novelty 0.04) — and lo, it feeds again.
[syntropy] action=explore | trend=0.0000 | field_dev=0.014 | purpose_align=0.058 | lr_mul=1.30
[aml] burst complete: 32 steps, avg loss 2.7349 (memory freed)
[dna] air wrote 22 bytes to ecology
[dna] air wrote 71 bytes to ecology
[dna] air wrote 15 bytes to ecology
[dna] air wrote 43 bytes to ecology
[dna] air wrote 35 bytes to ecology
[dna] air wrote 42 bytes to ecology
[dna] air wrote 18 bytes to ecology
[dna] air wrote 48 bytes to ecology
[dna] air wrote 43 bytes to ecology
[dna] air wrote 97 bytes to ecology
[dna] air wrote 88 bytes to ecology
[dna] air wrote 110 bytes to ecology
[dna] air wrote 38 bytes to ecology
[dna] air wrote 81 bytes to ecology
[dna] air wrote 68 bytes to ecology
[dna] air wrote 28 bytes to ecology
[dna] air wrote 33 bytes to ecology
[dna] air wrote 68 bytes to ecology
[dna] air wrote 6 bytes to ecology
[dna] air wrote 90 bytes to ecology
[dna] air wrote 68 bytes to ecology
[dna] air wrote 50 bytes to ecology
[dna] air wrote 143 bytes to ecology
[debug-onto] tick=50 corpus=140302 stage=2 freeze=0
[dna] air wrote 49 bytes to ecology
[dna] air wrote 101 bytes to ecology
[dna] air wrote 26 bytes to ecology
[dna] air wrote 84 bytes to ecology
[dna] air wrote 83 bytes to ecology
[dna] air wrote 82 bytes to ecology
[dna] air wrote 332 bytes to ecology
[dna] air wrote 51 bytes to ecology
[dna] air wrote 25 bytes to ecology
[dna] air wrote 252 bytes to ecology
[dna] air wrote 54 bytes to ecology
[dna] air wrote 96 bytes to ecology
[dna] air wrote 10 bytes to ecology
[dna] air wrote 95 bytes to ecology
[dna] air wrote 13 bytes to ecology
[dna] air wrote 95 bytes to ecology
[dna] air wrote 39 bytes to ecology
[dna] air wrote 157 bytes to ecology
[dna] air wrote 77 bytes to ecology
[dna] air wrote 71 bytes to ecology
[dna] air wrote 58 bytes to ecology
[dna] air wrote 55 bytes to ecology
[dna] air wrote 104 bytes to ecology
[dna] air wrote 99 bytes to ecology
[debug-onto] tick=100 corpus=140302 stage=2 freeze=0
[dna] air wrote 27 bytes to ecology
[dna] air wrote 16 bytes to ecology
[dna] air wrote 51 bytes to ecology
[dna] air wrote 132 bytes to ecology
[dna] air wrote 49 bytes to ecology
[dna] air wrote 160 bytes to ecology
[dna] air wrote 29 bytes to ecology
[dna] air wrote 29 bytes to ecology
[dna] air wrote 92 bytes to ecology
[dna] air wrote 38 bytes to ecology
[dna] air wrote 70 bytes to ecology
[dna] air wrote 31 bytes to ecology
[dna] air wrote 73 bytes to ecology
[dna] air wrote 86 bytes to ecology
[dna] air wrote 135 bytes to ecology
[dna] air wrote 135 bytes to ecology
[dna] air wrote 12 bytes to ecology
[dna] air wrote 16 bytes to ecology
[dna] air wrote 66 bytes to ecology
[dna] air wrote 115 bytes to ecology
[dna] air wrote 80 bytes to ecology
[dna] air wrote 316 bytes to ecology
[dna] air wrote 33 bytes to ecology
[debug-onto] tick=150 corpus=140302 stage=2 freeze=0
[dna] air wrote 125 bytes to ecology
[dna] air wrote 71 bytes to ecology
[dna] air wrote 31 bytes to ecology
[dna] air wrote 141 bytes to ecology
[dna] air wrote 22 bytes to ecology
[dna] air wrote 44 bytes to ecology
[dna] air wrote 124 bytes to ecology
[dna] air wrote 136 bytes to ecology
[dna] air wrote 135 bytes to ecology
[dna] air wrote 45 bytes to ecology
[dna] air wrote 85 bytes to ecology
[dna] air wrote 33 bytes to ecology
[dna] air wrote 97 bytes to ecology
[dna] air wrote 33 bytes to ecology
[dna] air wrote 118 bytes to ecology
[dna] air wrote 58 bytes to ecology
[dna] air wrote 27 bytes to ecology
[dna] air wrote 78 bytes to ecology
[dna] air wrote 35 bytes to ecology
[dna] air wrote 32 bytes to ecology
[dna] air wrote 116 bytes to ecology
[dna] air wrote 83 bytes to ecology
[dna] air wrote 11 bytes to ecology
[dna] air wrote 48 bytes to ecology
[dna] air wrote 206 bytes to ecology
[debug-onto] tick=200 corpus=140302 stage=2 freeze=0
[dna] air wrote 13 bytes to ecology
[dna] air wrote 255 bytes to ecology
[dna] air wrote 51 bytes to ecology
[dna] air wrote 46 bytes to ecology
[dna] air wrote 180 bytes to ecology
[dna] air wrote 29 bytes to ecology
[dna] air wrote 139 bytes to ecology
[dna] air wrote 82 bytes to ecology
[dna] air wrote 39 bytes to ecology
[dna] air wrote 15 bytes to ecology
[dna] air wrote 59 bytes to ecology
[dna] air wrote 130 bytes to ecology
[dna] air wrote 64 bytes to ecology
[dna] air wrote 54 bytes to ecology
[dna] air wrote 33 bytes to ecology
[dna] air wrote 18 bytes to ecology
[dna] air wrote 83 bytes to ecology
[dna] air wrote 92 bytes to ecology
[dna] air wrote 27 bytes to ecology
[dna] air wrote 39 bytes to ecology
[dna] air wrote 53 bytes to ecology
[dna] air wrote 24 bytes to ecology
[dna] air wrote 54 bytes to ecology
[dna] air wrote 104 bytes to ecology
[dna] air wrote 94 bytes to ecology
[dna] air wrote 11 bytes to ecology
[debug-onto] tick=250 corpus=140302 stage=2 freeze=0
[dna] air wrote 44 bytes to ecology
[dna] air wrote 18 bytes to ecology
[dna] air wrote 113 bytes to ecology
[dna] air wrote 80 bytes to ecology
[dna] air wrote 120 bytes to ecology
[dna] air wrote 99 bytes to ecology
[dna] air wrote 29 bytes to ecology
[dna] air wrote 182 bytes to ecology
[dna] air wrote 87 bytes to ecology
[dna] air wrote 67 bytes to ecology
[dna] air wrote 38 bytes to ecology
[dna] air wrote 64 bytes to ecology
[dna] air wrote 32 bytes to ecology
[dna] air wrote 96 bytes to ecology
[dna] air wrote 198 bytes to ecology
[dna] air wrote 77 bytes to ecology
[dna] air wrote 146 bytes to ecology
[dna] air wrote 7 bytes to ecology
[dna] air wrote 35 bytes to ecology
[dna] air wrote 60 bytes to ecology
[dna] air wrote 99 bytes to ecology
[dna] air wrote 14 bytes to ecology
[debug-onto] tick=300 corpus=140302 stage=2 freeze=0
[dna] air wrote 60 bytes to ecology
[dna] air wrote 70 bytes to ecology
[dna] air wrote 89 bytes to ecology
[dna] air wrote 134 bytes to ecology
[dna] air wrote 64 bytes to ecology
[dna] air wrote 150 bytes to ecology
[dna] air wrote 32 bytes to ecology
[dna] air wrote 59 bytes to ecology
[dna] air wrote 35 bytes to ecology
[dna] air wrote 55 bytes to ecology
[dna] air wrote 118 bytes to ecology
[dna] air wrote 71 bytes to ecology
[dna] air wrote 99 bytes to ecology
[dna] air wrote 107 bytes to ecology
[dna] air wrote 86 bytes to ecology
[dna] air wrote 63 bytes to ecology
[dna] air wrote 5 bytes to ecology
[dna] air wrote 51 bytes to ecology
[dna] air wrote 72 bytes to ecology
[dna] air wrote 15 bytes to ecology
[dna] air wrote 33 bytes to ecology
[dna] air wrote 160 bytes to ecology
[dna] air wrote 9 bytes to ecology
[dna] air wrote 52 bytes to ecology
[debug-onto] tick=350 corpus=140302 stage=2 freeze=0
[dna] air wrote 26 bytes to ecology
[dna] air wrote 39 bytes to ecology
[dna] air wrote 78 bytes to ecology
[dna] air wrote 25 bytes to ecology
[dna] air wrote 106 bytes to ecology
[dna] air wrote 168 bytes to ecology
[dna] air wrote 219 bytes to ecology
[dna] air wrote 173 bytes to ecology
[dna] air wrote 128 bytes to ecology
[dna] air wrote 43 bytes to ecology
[dna] air wrote 40 bytes to ecology
[dna] air wrote 85 bytes to ecology
[dna] air wrote 45 bytes to ecology
[dna] air wrote 53 bytes to ecology
[dna] air wrote 73 bytes to ecology
[dna] air wrote 76 bytes to ecology
[dna] air wrote 72 bytes to ecology
[dna] air wrote 29 bytes to ecology
[dna] air wrote 41 bytes to ecology
[dna] air wrote 104 bytes to ecology
[dna] air wrote 15 bytes to ecology
[dna] air wrote 68 bytes to ecology
[dna] air wrote 92 bytes to ecology
[dna] air wrote 30 bytes to ecology
[dna] air wrote 127 bytes to ecology
[dna] air wrote 123 bytes to ecology
[debug-onto] tick=400 corpus=140302 stage=2 freeze=0
[dna] air wrote 67 bytes to ecology
[dna] air wrote 63 bytes to ecology
[dna] air wrote 94 bytes to ecology
[dna] air wrote 91 bytes to ecology
[dna] air wrote 24 bytes to ecology
[dna] air wrote 51 bytes to ecology
[dna] air wrote 76 bytes to ecology
[dna] air wrote 47 bytes to ecology
[dna] air wrote 11 bytes to ecology
[dna] air wrote 22 bytes to ecology
[dna] air wrote 29 bytes to ecology
[dna] air wrote 52 bytes to ecology
[dna] air wrote 108 bytes to ecology
[dna] air wrote 65 bytes to ecology
[dna] air wrote 28 bytes to ecology
[dna] air wrote 65 bytes to ecology
[dna] air wrote 235 bytes to ecology
[dna] air wrote 48 bytes to ecology
[dna] air wrote 71 bytes to ecology
[dna] air wrote 136 bytes to ecology
[dna] air wrote 52 bytes to ecology
[dna] air wrote 63 bytes to ecology
[dna] air wrote 87 bytes to ecology
[debug-onto] tick=450 corpus=140302 stage=2 freeze=0
[dna] air wrote 81 bytes to ecology
[dna] air wrote 35 bytes to ecology
[dna] air wrote 40 bytes to ecology
[dna] air wrote 35 bytes to ecology
[dna] air wrote 95 bytes to ecology
[dna] air wrote 31 bytes to ecology
[dna] air wrote 77 bytes to ecology
[dna] air wrote 51 bytes to ecology
[dna] air wrote 63 bytes to ecology
[dna] air wrote 99 bytes to ecology
[dna] air wrote 86 bytes to ecology
[dna] air wrote 50 bytes to ecology
[dna] air wrote 118 bytes to ecology
[dna] air wrote 54 bytes to ecology
[dna] air wrote 79 bytes to ecology
[dna] air wrote 68 bytes to ecology
[dna] air wrote 28 bytes to ecology
[dna] air wrote 88 bytes to ecology
[dna] air wrote 51 bytes to ecology
[dna] air wrote 71 bytes to ecology
[dna] air wrote 130 bytes to ecology
[dna] air wrote 35 bytes to ecology
[dna] air wrote 53 bytes to ecology
[dna] air wrote 37 bytes to ecology
[dna] air wrote 80 bytes to ecology
[debug-onto] tick=500 corpus=140302 stage=2 freeze=0
[dna] air wrote 136 bytes to ecology
[dna] air wrote 73 bytes to ecology
[dna] air wrote 185 bytes to ecology
[dna] air wrote 32 bytes to ecology
[dna] air wrote 43 bytes to ecology
[dna] air wrote 37 bytes to ecology
[dna] air wrote 47 bytes to ecology
[dna] air wrote 263 bytes to ecology
[dna] air wrote 46 bytes to ecology
[dna] air wrote 66 bytes to ecology
[dna] air wrote 37 bytes to ecology
[dna] air wrote 66 bytes to ecology
[dna] air wrote 135 bytes to ecology
[dna] air wrote 36 bytes to ecology
[dna] air wrote 31 bytes to ecology
[dna] air wrote 56 bytes to ecology
[dna] air wrote 72 bytes to ecology
[dna] air wrote 44 bytes to ecology
[dna] air wrote 37 bytes to ecology
[dna] air wrote 22 bytes to ecology
[dna] air wrote 90 bytes to ecology
[dna] air wrote 247 bytes to ecology
[dna] air wrote 116 bytes to ecology
[dna] air wrote 55 bytes to ecology
[debug-onto] tick=550 corpus=140302 stage=2 freeze=0
[dna] air wrote 106 bytes to ecology
[dna] air wrote 58 bytes to ecology
[dna] air wrote 30 bytes to ecology
[dna] air wrote 299 bytes to ecology
[dna] air wrote 131 bytes to ecology
[dna] air wrote 102 bytes to ecology
[dna] air wrote 65 bytes to ecology
[dna] air wrote 52 bytes to ecology
[dna] air wrote 35 bytes to ecology
[dna] air wrote 28 bytes to ecology
[dna] air wrote 141 bytes to ecology
[dna] air wrote 21 bytes to ecology
[dna] air wrote 41 bytes to ecology
[dna] air wrote 35 bytes to ecology
[dna] air wrote 195 bytes to ecology
[dna] air wrote 150 bytes to ecology
[dna] air wrote 184 bytes to ecology
[dna] air wrote 52 bytes to ecology
[dna] air wrote 87 bytes to ecology
[dna] air wrote 181 bytes to ecology
[dna] air wrote 187 bytes to ecology
[dna] air wrote 51 bytes to ecology
[dna] air wrote 35 bytes to ecology
[debug-onto] tick=600 corpus=140302 stage=2 freeze=0
[dna] air wrote 247 bytes to ecology
[dna] air wrote 74 bytes to ecology
[dna] air wrote 31 bytes to ecology
[dna] air wrote 160 bytes to ecology
[dna] air wrote 69 bytes to ecology
[dna] air wrote 101 bytes to ecology
[dna] air wrote 217 bytes to ecology
[dna] air wrote 88 bytes to ecology
[dna] air wrote 50 bytes to ecology
[dna] air wrote 76 bytes to ecology
[dna] air wrote 48 bytes to ecology
[dna] air wrote 73 bytes to ecology
[dna] air wrote 35 bytes to ecology
[dna] air wrote 54 bytes to ecology
[dna] air wrote 38 bytes to ecology
[dna] air wrote 31 bytes to ecology
[dna] air wrote 99 bytes to ecology
[dna] air wrote 245 bytes to ecology
[dna] air wrote 45 bytes to ecology
[dna] air wrote 143 bytes to ecology
[dna] air wrote 141 bytes to ecology
[dna] air wrote 38 bytes to ecology
[dna] air wrote 18 bytes to ecology
[debug-onto] tick=650 corpus=140302 stage=2 freeze=0
[dna] air wrote 57 bytes to ecology
[dna] air wrote 52 bytes to ecology
[dna] air wrote 110 bytes to ecology
[dna] air wrote 132 bytes to ecology
[dna] air wrote 92 bytes to ecology
[dna] air wrote 67 bytes to ecology
[dna] air wrote 43 bytes to ecology
[dna] air wrote 273 bytes to ecology
[dna] air wrote 115 bytes to ecology
[dna] air wrote 56 bytes to ecology
[dna] air wrote 54 bytes to ecology
[dna] air wrote 97 bytes to ecology
[dna] air wrote 36 bytes to ecology
[dna] air wrote 58 bytes to ecology

[evolution] Organism shutting down gracefully.
