[ecology] Element: earth → corpus: nonames_earth.txt
[evolution] Autonomous evolution mode — organism will grow through all stages without pause.
[init] Stage 0 (embryo): embd=16, layer=1, head=1 — warmup 400 steps (400 backprop + 0 notorch, sqrt-scaled 1x)
  [aml] step 0/160 | loss 6.6691 (avg 6.6691) | lr 0.001000 | seq 8
  [aml] step 10/160 | loss 6.2193 (avg 6.4337) | lr 0.001450 | seq 8
  [aml] step 20/160 | loss 6.2925 (avg 6.2872) | lr 0.001900 | seq 8
  [aml] step 30/160 | loss 5.6937 (avg 6.1886) | lr 0.002350 | seq 8
  [aml] step 40/160 | loss 5.4162 (avg 6.0787) | lr 0.002800 | seq 8
  [aml] step 50/160 | loss 4.6995 (avg 5.9243) | lr 0.003250 | seq 8
  [aml] step 60/160 | loss 4.9024 (avg 5.7616) | lr 0.003700 | seq 8
  [aml] step 70/160 | loss 5.3586 (avg 5.6562) | lr 0.004150 | seq 8
  [aml] step 80/160 | loss 3.0472 (avg 5.5287) | lr 0.004600 | seq 8
  [aml] step 90/160 | loss 4.3589 (avg 5.3939) | lr 0.005050 | seq 8
  [aml] step 100/160 | loss 4.7052 (avg 5.2996) | lr 0.005500 | seq 8
  [aml] step 110/160 | loss 5.0200 (avg 5.1623) | lr 0.005950 | seq 8
  [aml] step 120/160 | loss 4.1249 (avg 5.1012) | lr 0.006400 | seq 8
  [aml] step 130/160 | loss 4.3105 (avg 5.0602) | lr 0.006850 | seq 8
  [aml] step 140/160 | loss 2.9381 (avg 5.0131) | lr 0.007300 | seq 8
  [aml] step 150/160 | loss 2.7204 (avg 4.9642) | lr 0.007750 | seq 8
[aml] training complete: 160 steps, avg loss 4.9197 (memory freed)
  [aml] step 0/120 | loss 4.5633 (avg 4.5633) | lr 0.008200 | seq 16
  [aml] step 10/120 | loss 4.4405 (avg 4.4530) | lr 0.008650 | seq 16
  [aml] step 20/120 | loss 3.5505 (avg 4.4708) | lr 0.009100 | seq 16
  [aml] step 30/120 | loss 3.4338 (avg 4.2089) | lr 0.009550 | seq 16
  [aml] step 40/120 | loss 3.1403 (avg 4.2311) | lr 0.010000 | seq 16
  [aml] step 50/120 | loss 2.9455 (avg 4.2244) | lr 0.010000 | seq 16
  [aml] step 60/120 | loss 4.3424 (avg 4.2382) | lr 0.010000 | seq 16
  [aml] step 70/120 | loss 4.8093 (avg 4.1742) | lr 0.010000 | seq 16
  [aml] step 80/120 | loss 4.9888 (avg 4.1296) | lr 0.009999 | seq 16
  [aml] step 90/120 | loss 4.6072 (avg 4.0301) | lr 0.009999 | seq 16
  [aml] step 100/120 | loss 4.2369 (avg 3.9735) | lr 0.009999 | seq 16
  [aml] step 110/120 | loss 5.3772 (avg 3.9006) | lr 0.009999 | seq 16
[aml] training complete: 120 steps, avg loss 3.9272 (memory freed)
  [aml] step 0/120 | loss 2.8895 (avg 2.8895) | lr 0.009999 | seq 32
  [aml] step 10/120 | loss 5.0040 (avg 3.8626) | lr 0.009999 | seq 32
  [aml] step 20/120 | loss 4.5090 (avg 3.7471) | lr 0.009999 | seq 32
  [aml] step 30/120 | loss 3.9336 (avg 3.4838) | lr 0.009999 | seq 32
  [aml] step 40/120 | loss 4.0467 (avg 3.4352) | lr 0.009999 | seq 32
  [aml] step 50/120 | loss 3.8645 (avg 3.4143) | lr 0.009999 | seq 32
  [aml] step 60/120 | loss 2.8029 (avg 3.3588) | lr 0.009999 | seq 32
  [aml] step 70/120 | loss 1.4058 (avg 3.3299) | lr 0.009999 | seq 32
  [aml] step 80/120 | loss 4.4618 (avg 3.3279) | lr 0.009999 | seq 32
  [aml] step 90/120 | loss 1.5605 (avg 3.2787) | lr 0.009999 | seq 32
  [aml] step 100/120 | loss 0.8658 (avg 3.2871) | lr 0.009999 | seq 32
  [aml] step 110/120 | loss 0.9373 (avg 3.1674) | lr 0.009999 | seq 32
[aml] training complete: 120 steps, avg loss 3.0769 (memory freed)

[stage 0 — embryo] What it sounds like now:
  Q: Hello.
  A: is a mud, levee?
  Q: Who are you?
  A: ...
  Q: What do you know?
  A: to the ma. Not Rope angle determines between tremembles, dark of the dipping the earth's matches that copper southern of pile in sediment load.

[growth] ONTOGENESIS: stage 0 -> 1
  embd: 16 -> 32, layer: 1 -> 1, head: 1 -> 2
[growth] Done. Freeze for 500 steps.
[init] Stage 1 (infant): embd=32, layer=1, head=2 — warmup 800 steps (800 backprop + 0 notorch, sqrt-scaled 2x)
  [aml] step 0/320 | loss 4.3790 (avg 4.3790) | lr 0.000500 | seq 8
  [aml] step 10/320 | loss 5.7444 (avg 4.6522) | lr 0.000725 | seq 8
  [aml] step 20/320 | loss 1.0214 (avg 4.6018) | lr 0.000950 | seq 8
  [aml] step 30/320 | loss 4.8380 (avg 4.6648) | lr 0.001175 | seq 8
  [aml] step 40/320 | loss 6.7467 (avg 4.6348) | lr 0.001400 | seq 8
  [aml] step 50/320 | loss 4.2643 (avg 4.3598) | lr 0.001625 | seq 8
  [aml] step 60/320 | loss 4.6973 (avg 4.2673) | lr 0.001850 | seq 8
  [aml] step 70/320 | loss 3.8031 (avg 4.1499) | lr 0.002075 | seq 8
  [aml] step 80/320 | loss 4.5410 (avg 4.1197) | lr 0.002300 | seq 8
  [aml] step 90/320 | loss 3.0873 (avg 4.1181) | lr 0.002525 | seq 8
  [aml] step 100/320 | loss 3.8214 (avg 4.1253) | lr 0.002750 | seq 8
  [aml] step 110/320 | loss 4.1507 (avg 4.0938) | lr 0.002975 | seq 8
  [aml] step 120/320 | loss 1.6671 (avg 4.0601) | lr 0.003200 | seq 8
  [aml] step 130/320 | loss 1.1498 (avg 3.9977) | lr 0.003425 | seq 8
  [aml] step 140/320 | loss 1.3302 (avg 3.9365) | lr 0.003650 | seq 8
  [aml] step 150/320 | loss 5.1179 (avg 3.8981) | lr 0.003875 | seq 8
  [aml] step 160/320 | loss 3.3371 (avg 3.9220) | lr 0.004100 | seq 8
  [aml] step 170/320 | loss 3.8170 (avg 3.9208) | lr 0.004325 | seq 8
  [aml] step 180/320 | loss 4.6994 (avg 3.8744) | lr 0.004550 | seq 8
  [aml] step 190/320 | loss 4.0429 (avg 3.8792) | lr 0.004775 | seq 8
  [aml] step 200/320 | loss 4.3582 (avg 3.8629) | lr 0.004998 | seq 8
  [aml] step 210/320 | loss 1.4091 (avg 3.8124) | lr 0.004998 | seq 8
  [aml] step 220/320 | loss 4.0235 (avg 3.7556) | lr 0.004998 | seq 8
  [aml] step 230/320 | loss 4.9627 (avg 3.7601) | lr 0.004998 | seq 8
  [aml] step 240/320 | loss 4.7740 (avg 3.7458) | lr 0.004998 | seq 8
  [aml] step 250/320 | loss 3.4923 (avg 3.7424) | lr 0.004998 | seq 8
  [aml] step 260/320 | loss 3.3594 (avg 3.7389) | lr 0.004998 | seq 8
  [aml] step 270/320 | loss 5.9065 (avg 3.7460) | lr 0.004998 | seq 8
  [aml] step 280/320 | loss 4.5005 (avg 3.7421) | lr 0.004998 | seq 8
  [aml] step 290/320 | loss 4.5888 (avg 3.7503) | lr 0.004998 | seq 8
  [aml] step 300/320 | loss 3.8208 (avg 3.7533) | lr 0.004998 | seq 8
  [aml] step 310/320 | loss 3.3377 (avg 3.7214) | lr 0.004998 | seq 8
[aml] training complete: 320 steps, avg loss 3.7280 (memory freed)
  [aml] step 0/240 | loss 4.2832 (avg 4.2832) | lr 0.004998 | seq 16
  [aml] step 10/240 | loss 5.7786 (avg 3.4167) | lr 0.004998 | seq 16
  [aml] step 20/240 | loss 3.6014 (avg 3.3625) | lr 0.004998 | seq 16
  [aml] step 30/240 | loss 4.6065 (avg 3.4578) | lr 0.004998 | seq 16
  [aml] step 40/240 | loss 4.1302 (avg 3.3791) | lr 0.004997 | seq 16
  [aml] step 50/240 | loss 2.3618 (avg 3.2707) | lr 0.004997 | seq 16
  [aml] step 60/240 | loss 2.0905 (avg 3.1769) | lr 0.004997 | seq 16
  [aml] step 70/240 | loss 2.2111 (avg 3.1889) | lr 0.004997 | seq 16
  [aml] step 80/240 | loss 3.6578 (avg 3.1090) | lr 0.004997 | seq 16
  [aml] step 90/240 | loss 4.4480 (avg 3.1934) | lr 0.004997 | seq 16
  [aml] step 100/240 | loss 1.5942 (avg 3.1629) | lr 0.004997 | seq 16
  [aml] step 110/240 | loss 4.0995 (avg 3.1795) | lr 0.004997 | seq 16
  [aml] step 120/240 | loss 1.7450 (avg 3.1755) | lr 0.004997 | seq 16
  [aml] step 130/240 | loss 4.1920 (avg 3.2007) | lr 0.004997 | seq 16
  [aml] step 140/240 | loss 3.1130 (avg 3.2185) | lr 0.004997 | seq 16
  [aml] step 150/240 | loss 5.0711 (avg 3.2484) | lr 0.004997 | seq 16
  [aml] step 160/240 | loss 2.2850 (avg 3.2513) | lr 0.004997 | seq 16
  [aml] step 170/240 | loss 5.1270 (avg 3.2669) | lr 0.004996 | seq 16
  [aml] step 180/240 | loss 4.2133 (avg 3.2818) | lr 0.004996 | seq 16
  [aml] step 190/240 | loss 4.3901 (avg 3.2755) | lr 0.004996 | seq 16
  [aml] step 200/240 | loss 1.2189 (avg 3.2454) | lr 0.004996 | seq 16
  [aml] step 210/240 | loss 4.4368 (avg 3.2531) | lr 0.004996 | seq 16
  [aml] step 220/240 | loss 3.5849 (avg 3.2730) | lr 0.004996 | seq 16
  [aml] step 230/240 | loss 2.5160 (avg 3.2611) | lr 0.004996 | seq 16
[aml] training complete: 240 steps, avg loss 3.2673 (memory freed)
  [aml] step 0/240 | loss 4.8079 (avg 4.8079) | lr 0.004996 | seq 32
  [aml] step 10/240 | loss 4.4415 (avg 2.7513) | lr 0.004996 | seq 32
  [aml] step 20/240 | loss 1.5541 (avg 2.9982) | lr 0.004996 | seq 32
  [aml] step 30/240 | loss 4.6119 (avg 3.1043) | lr 0.004996 | seq 32
  [aml] step 40/240 | loss 0.7050 (avg 3.1821) | lr 0.004996 | seq 32
  [aml] step 50/240 | loss 4.5185 (avg 3.1091) | lr 0.004995 | seq 32
  [aml] step 60/240 | loss 4.2552 (avg 3.0017) | lr 0.004995 | seq 32
  [aml] step 70/240 | loss 0.6359 (avg 2.9403) | lr 0.004995 | seq 32
  [aml] step 80/240 | loss 4.1388 (avg 2.9546) | lr 0.004995 | seq 32
  [aml] step 90/240 | loss 4.5187 (avg 2.9429) | lr 0.004995 | seq 32
  [aml] step 100/240 | loss 4.0884 (avg 2.8963) | lr 0.004995 | seq 32
  [aml] step 110/240 | loss 3.8605 (avg 2.8823) | lr 0.004995 | seq 32
  [aml] step 120/240 | loss 2.3992 (avg 2.8755) | lr 0.004995 | seq 32
  [aml] step 130/240 | loss 1.1737 (avg 2.8203) | lr 0.004995 | seq 32
  [aml] step 140/240 | loss 0.7231 (avg 2.8017) | lr 0.004995 | seq 32
  [aml] step 150/240 | loss 4.1407 (avg 2.7621) | lr 0.004995 | seq 32
  [aml] step 160/240 | loss 4.5446 (avg 2.7992) | lr 0.004994 | seq 32
  [aml] step 170/240 | loss 1.3926 (avg 2.7492) | lr 0.004994 | seq 32
  [aml] step 180/240 | loss 3.5926 (avg 2.7259) | lr 0.004994 | seq 32
  [aml] step 190/240 | loss 3.7422 (avg 2.6794) | lr 0.004994 | seq 32
  [aml] step 200/240 | loss 4.0707 (avg 2.7123) | lr 0.004994 | seq 32
  [aml] step 210/240 | loss 1.8425 (avg 2.7034) | lr 0.004994 | seq 32
  [aml] step 220/240 | loss 3.7127 (avg 2.6860) | lr 0.004994 | seq 32
  [aml] step 230/240 | loss 1.8135 (avg 2.6846) | lr 0.004994 | seq 32
[aml] training complete: 240 steps, avg loss 2.6851 (memory freed)

[stage 1 — infant] What it sounds like now:
  Q: Hello.
  A: Drilling rock layers, and you and me does a have strengthts from a caused area fossil fed in the making a table rock?
  Q: Who are you?
  A: ...
  Q: What do you know?
  A: it and considian. A matter does not a generous sc is the different of s forms.

[growth] ONTOGENESIS: stage 1 -> 2
  embd: 32 -> 64, layer: 1 -> 2, head: 2 -> 4
[growth] Done. Freeze for 500 steps.
[init] Stage 2 (child): embd=64, layer=2, head=4 — warmup 800 steps (800 backprop + 0 notorch, sqrt-scaled 2x)
  [aml] step 0/320 | loss 2.8153 (avg 2.8153) | lr 0.000250 | seq 8
  [aml] step 10/320 | loss 2.8221 (avg 3.2626) | lr 0.000363 | seq 8
  [aml] step 20/320 | loss 4.0122 (avg 3.4402) | lr 0.000475 | seq 8
  [aml] step 30/320 | loss 2.5073 (avg 3.4141) | lr 0.000588 | seq 8
  [aml] step 40/320 | loss 4.2347 (avg 3.5032) | lr 0.000700 | seq 8
  [aml] step 50/320 | loss 4.8244 (avg 3.3805) | lr 0.000813 | seq 8
  [aml] step 60/320 | loss 4.7134 (avg 3.4172) | lr 0.000925 | seq 8
  [aml] step 70/320 | loss 0.1617 (avg 3.3843) | lr 0.001038 | seq 8
  [aml] step 80/320 | loss 3.5496 (avg 3.3713) | lr 0.001150 | seq 8
  [aml] step 90/320 | loss 4.0780 (avg 3.3535) | lr 0.001263 | seq 8
  [aml] step 100/320 | loss 2.4674 (avg 3.3276) | lr 0.001375 | seq 8
  [aml] step 110/320 | loss 3.6823 (avg 3.3231) | lr 0.001488 | seq 8
  [aml] step 120/320 | loss 4.1262 (avg 3.3536) | lr 0.001600 | seq 8
  [aml] step 130/320 | loss 4.1012 (avg 3.3837) | lr 0.001713 | seq 8
  [aml] step 140/320 | loss 2.8191 (avg 3.3305) | lr 0.001825 | seq 8
  [aml] step 150/320 | loss 3.4052 (avg 3.3120) | lr 0.001938 | seq 8
  [aml] step 160/320 | loss 2.4331 (avg 3.3250) | lr 0.002050 | seq 8
  [aml] step 170/320 | loss 3.8569 (avg 3.3345) | lr 0.002163 | seq 8
  [aml] step 180/320 | loss 4.1577 (avg 3.3319) | lr 0.002275 | seq 8
  [aml] step 190/320 | loss 5.5833 (avg 3.3361) | lr 0.002387 | seq 8
  [aml] step 200/320 | loss 3.9252 (avg 3.3402) | lr 0.002496 | seq 8
  [aml] step 210/320 | loss 4.7556 (avg 3.3139) | lr 0.002496 | seq 8
  [aml] step 220/320 | loss 1.1420 (avg 3.2657) | lr 0.002496 | seq 8
  [aml] step 230/320 | loss 4.2545 (avg 3.2817) | lr 0.002495 | seq 8
  [aml] step 240/320 | loss 3.7113 (avg 3.3166) | lr 0.002495 | seq 8
  [aml] step 250/320 | loss 4.8549 (avg 3.3455) | lr 0.002495 | seq 8
  [aml] step 260/320 | loss 0.1153 (avg 3.3135) | lr 0.002495 | seq 8
  [aml] step 270/320 | loss 3.2095 (avg 3.3187) | lr 0.002495 | seq 8
  [aml] step 280/320 | loss 4.7311 (avg 3.3344) | lr 0.002495 | seq 8
  [aml] step 290/320 | loss 1.4377 (avg 3.2839) | lr 0.002495 | seq 8
  [aml] step 300/320 | loss 0.5501 (avg 3.2512) | lr 0.002495 | seq 8
  [aml] step 310/320 | loss 3.9989 (avg 3.2650) | lr 0.002495 | seq 8
[aml] training complete: 320 steps, avg loss 3.2605 (memory freed)
  [aml] step 0/240 | loss 2.3845 (avg 2.3845) | lr 0.002495 | seq 16
  [aml] step 10/240 | loss 1.2077 (avg 2.6509) | lr 0.002495 | seq 16
  [aml] step 20/240 | loss 1.1155 (avg 3.0867) | lr 0.002495 | seq 16
  [aml] step 30/240 | loss 2.4037 (avg 3.0543) | lr 0.002495 | seq 16
  [aml] step 40/240 | loss 4.0986 (avg 3.1211) | lr 0.002495 | seq 16
  [aml] step 50/240 | loss 4.3886 (avg 3.2297) | lr 0.002495 | seq 16
  [aml] step 60/240 | loss 1.6612 (avg 3.3123) | lr 0.002494 | seq 16
  [aml] step 70/240 | loss 4.7678 (avg 3.3673) | lr 0.002494 | seq 16
  [aml] step 80/240 | loss 4.2412 (avg 3.2766) | lr 0.002494 | seq 16
  [aml] step 90/240 | loss 3.0242 (avg 3.1908) | lr 0.002494 | seq 16
  [aml] step 100/240 | loss 2.7806 (avg 3.2203) | lr 0.002494 | seq 16
  [aml] step 110/240 | loss 2.0359 (avg 3.1552) | lr 0.002494 | seq 16
  [aml] step 120/240 | loss 4.5682 (avg 3.0979) | lr 0.002494 | seq 16
  [aml] step 130/240 | loss 3.0007 (avg 3.1093) | lr 0.002494 | seq 16
  [aml] step 140/240 | loss 4.2772 (avg 3.1340) | lr 0.002494 | seq 16
  [aml] step 150/240 | loss 4.1068 (avg 3.1326) | lr 0.002494 | seq 16
  [aml] step 160/240 | loss 1.0999 (avg 3.0960) | lr 0.002494 | seq 16
  [aml] step 170/240 | loss 1.2940 (avg 3.0926) | lr 0.002494 | seq 16
  [aml] step 180/240 | loss 2.0941 (avg 3.0579) | lr 0.002494 | seq 16
  [aml] step 190/240 | loss 5.1237 (avg 3.0889) | lr 0.002494 | seq 16
  [aml] step 200/240 | loss 1.3390 (avg 3.0712) | lr 0.002493 | seq 16
  [aml] step 210/240 | loss 2.8810 (avg 3.0425) | lr 0.002493 | seq 16
  [aml] step 220/240 | loss 1.1860 (avg 3.0295) | lr 0.002493 | seq 16
  [aml] step 230/240 | loss 3.3746 (avg 3.0486) | lr 0.002493 | seq 16
[aml] training complete: 240 steps, avg loss 3.0412 (memory freed)
  [aml] step 0/240 | loss 4.1197 (avg 4.1197) | lr 0.002493 | seq 32
  [aml] step 10/240 | loss 0.6882 (avg 3.1554) | lr 0.002493 | seq 32
  [aml] step 20/240 | loss 4.2621 (avg 3.1932) | lr 0.002493 | seq 32
  [aml] step 30/240 | loss 4.3606 (avg 3.1596) | lr 0.002493 | seq 32
  [aml] step 40/240 | loss 1.0659 (avg 2.9577) | lr 0.002493 | seq 32
  [aml] step 50/240 | loss 1.8972 (avg 2.9037) | lr 0.002493 | seq 32
  [aml] step 60/240 | loss 4.3711 (avg 2.8650) | lr 0.002493 | seq 32
  [aml] step 70/240 | loss 1.8219 (avg 2.8874) | lr 0.002493 | seq 32
  [aml] step 80/240 | loss 3.4945 (avg 2.9154) | lr 0.002492 | seq 32
  [aml] step 90/240 | loss 2.4472 (avg 2.8971) | lr 0.002492 | seq 32
  [aml] step 100/240 | loss 0.7713 (avg 2.8082) | lr 0.002492 | seq 32
  [aml] step 110/240 | loss 4.5514 (avg 2.8745) | lr 0.002492 | seq 32
  [aml] step 120/240 | loss 3.9284 (avg 2.8321) | lr 0.002492 | seq 32
  [aml] step 130/240 | loss 4.0036 (avg 2.8206) | lr 0.002492 | seq 32
  [aml] step 140/240 | loss 4.0243 (avg 2.8095) | lr 0.002492 | seq 32
  [aml] step 150/240 | loss 4.3990 (avg 2.8138) | lr 0.002492 | seq 32
  [aml] step 160/240 | loss 4.2047 (avg 2.7608) | lr 0.002492 | seq 32
  [aml] step 170/240 | loss 0.6975 (avg 2.7025) | lr 0.002492 | seq 32
  [aml] step 180/240 | loss 1.1371 (avg 2.6665) | lr 0.002492 | seq 32
  [aml] step 190/240 | loss 0.7287 (avg 2.6480) | lr 0.002492 | seq 32
  [aml] step 200/240 | loss 3.8330 (avg 2.6357) | lr 0.002491 | seq 32
  [aml] step 210/240 | loss 3.7169 (avg 2.6351) | lr 0.002491 | seq 32
  [aml] step 220/240 | loss 0.4786 (avg 2.6299) | lr 0.002491 | seq 32
  [aml] step 230/240 | loss 1.6528 (avg 2.6051) | lr 0.002491 | seq 32
[aml] training complete: 240 steps, avg loss 2.5978 (memory freed)

[stage 2 — child] What it sounds like now:
  Q: Hello.
  A: The metaphorical. Natural convers — soil layered — it just lands it is pushes soil locity is the rock that, occurrent of a mountains in a learn an efficient.
  Q: Who are you?
  A: ...
  Q: What do you know?
  A: ...

[init] Warmup complete at stage 2. Organism ready.
[ecology] First organism in the swarm.
molequla is alive. [evolution] Autonomous mode — background trainer running. Ctrl+C to stop.
[dna] earth wrote 48 bytes to ecology
[dna] earth wrote 28 bytes to ecology
[dna] earth wrote 46 bytes to ecology
[dna] earth wrote 43 bytes to ecology
[dna] earth wrote 27 bytes to ecology
[dna] earth wrote 52 bytes to ecology
[dna] earth wrote 54 bytes to ecology
[dna] earth wrote 130 bytes to ecology
[dna] earth wrote 115 bytes to ecology
[dna] earth wrote 32 bytes to ecology
[dna] earth wrote 131 bytes to ecology
[dna] earth wrote 191 bytes to ecology
[dna] earth wrote 12 bytes to ecology
[dna] earth wrote 119 bytes to ecology
[dna] earth wrote 74 bytes to ecology
[dna] earth wrote 39 bytes to ecology
[dna] earth wrote 93 bytes to ecology
[debug-onto] tick=50 corpus=173643 stage=2 freeze=0
[dna] earth wrote 262 bytes to ecology
[dna] earth wrote 40 bytes to ecology
[dna] earth wrote 53 bytes to ecology
[dna] earth wrote 147 bytes to ecology
[dna] earth wrote 131 bytes to ecology
[dna] earth wrote 68 bytes to ecology
[dna] earth wrote 151 bytes to ecology
[dna] earth wrote 120 bytes to ecology
[dna] earth wrote 58 bytes to ecology
[dna] earth wrote 31 bytes to ecology
[dna] earth wrote 46 bytes to ecology
[dna] earth wrote 54 bytes to ecology
[dna] earth wrote 103 bytes to ecology
[dna] earth wrote 141 bytes to ecology
[dna] earth wrote 108 bytes to ecology
[dna] earth wrote 109 bytes to ecology
[dna] earth wrote 60 bytes to ecology
[debug-onto] tick=100 corpus=173643 stage=2 freeze=0
[dna] earth wrote 11 bytes to ecology
[dna] earth wrote 64 bytes to ecology
[dna] earth wrote 12 bytes to ecology
[dna] earth wrote 73 bytes to ecology
[dna] earth wrote 57 bytes to ecology
[dna] earth wrote 92 bytes to ecology
[dna] earth wrote 51 bytes to ecology
[dna] earth wrote 35 bytes to ecology
[dna] earth wrote 26 bytes to ecology
[dna] earth wrote 306 bytes to ecology
[dna] earth wrote 73 bytes to ecology
[dna] earth wrote 180 bytes to ecology
[dna] earth wrote 133 bytes to ecology
[dna] earth wrote 129 bytes to ecology
[dna] earth wrote 168 bytes to ecology
[dna] earth wrote 91 bytes to ecology
[debug-onto] tick=150 corpus=173643 stage=2 freeze=0
[dna] earth wrote 65 bytes to ecology
[dna] earth wrote 20 bytes to ecology
[dna] earth wrote 71 bytes to ecology
[dna] earth wrote 40 bytes to ecology
[dna] earth wrote 49 bytes to ecology
[dna] earth wrote 55 bytes to ecology
[dna] earth wrote 32 bytes to ecology
[dna] earth wrote 12 bytes to ecology
[dna] earth wrote 34 bytes to ecology
[dna] earth wrote 120 bytes to ecology
[dna] earth wrote 45 bytes to ecology
[dna] earth wrote 66 bytes to ecology
[dna] earth wrote 114 bytes to ecology
[dna] earth wrote 83 bytes to ecology
[dna] earth wrote 53 bytes to ecology
[dna] earth wrote 280 bytes to ecology
[dna] earth wrote 26 bytes to ecology
[debug-onto] tick=200 corpus=173643 stage=2 freeze=0
[dna] earth wrote 91 bytes to ecology
[dna] earth wrote 88 bytes to ecology
[dna] earth wrote 127 bytes to ecology
[dna] earth wrote 57 bytes to ecology
[dna] earth wrote 31 bytes to ecology
[dna] earth wrote 51 bytes to ecology
[dna] earth wrote 99 bytes to ecology
[dna] earth wrote 64 bytes to ecology
[dna] earth wrote 135 bytes to ecology
[dna] earth wrote 76 bytes to ecology
[dna] earth wrote 100 bytes to ecology
[dna] earth wrote 112 bytes to ecology
[dna] earth wrote 48 bytes to ecology
[dna] earth wrote 64 bytes to ecology
[dna] earth wrote 51 bytes to ecology
[dna] earth wrote 211 bytes to ecology
[dna] earth wrote 147 bytes to ecology
[debug-onto] tick=250 corpus=173643 stage=2 freeze=0
[dna] earth wrote 27 bytes to ecology
[dna] earth wrote 8 bytes to ecology
[dna] earth wrote 35 bytes to ecology
[dna] earth wrote 64 bytes to ecology
[dna] earth wrote 78 bytes to ecology
[dna] earth wrote 87 bytes to ecology
[dna] earth wrote 80 bytes to ecology
[dna] earth wrote 48 bytes to ecology
[dna] earth wrote 60 bytes to ecology
[dna] earth wrote 113 bytes to ecology
[dna] earth wrote 83 bytes to ecology
[dna] earth wrote 127 bytes to ecology
[dna] earth wrote 29 bytes to ecology
[dna] earth wrote 30 bytes to ecology
[dna] earth wrote 64 bytes to ecology
[dna] earth wrote 112 bytes to ecology
[debug-onto] tick=300 corpus=173643 stage=2 freeze=0
[dna] earth wrote 73 bytes to ecology
[dna] earth wrote 42 bytes to ecology
[dna] earth wrote 43 bytes to ecology
[dna] earth wrote 12 bytes to ecology
[dna] earth wrote 85 bytes to ecology
[dna] earth wrote 73 bytes to ecology
[dna] earth wrote 31 bytes to ecology
[dna] earth wrote 40 bytes to ecology
[dna] earth wrote 43 bytes to ecology
[dna] earth wrote 14 bytes to ecology
[dna] earth wrote 31 bytes to ecology
[dna] earth wrote 93 bytes to ecology
[dna] earth wrote 53 bytes to ecology
[dna] earth wrote 85 bytes to ecology
[dna] earth wrote 77 bytes to ecology
[dna] earth wrote 19 bytes to ecology
[dna] earth wrote 77 bytes to ecology
[debug-onto] tick=350 corpus=173643 stage=2 freeze=0
[dna] earth wrote 162 bytes to ecology
[dna] earth wrote 64 bytes to ecology
[dna] earth wrote 61 bytes to ecology
[dna] earth wrote 26 bytes to ecology
[dna] earth wrote 64 bytes to ecology
[dna] earth wrote 64 bytes to ecology
[dna] earth wrote 48 bytes to ecology
[dna] earth wrote 114 bytes to ecology
[dna] earth wrote 112 bytes to ecology
[dna] earth wrote 48 bytes to ecology
[dna] earth wrote 49 bytes to ecology
[dna] earth wrote 70 bytes to ecology
[dna] earth wrote 46 bytes to ecology
[dna] earth wrote 76 bytes to ecology
[dna] earth wrote 82 bytes to ecology
[dna] earth wrote 67 bytes to ecology
[dna] earth wrote 32 bytes to ecology
[debug-onto] tick=400 corpus=173643 stage=2 freeze=0
[dna] earth wrote 31 bytes to ecology
[dna] earth wrote 115 bytes to ecology
[dna] earth wrote 44 bytes to ecology
[dna] earth wrote 87 bytes to ecology
[dna] earth wrote 71 bytes to ecology
[dna] earth wrote 258 bytes to ecology
[dna] earth wrote 38 bytes to ecology
[dna] earth wrote 51 bytes to ecology
[dna] earth wrote 54 bytes to ecology
[dna] earth wrote 57 bytes to ecology
[dna] earth wrote 80 bytes to ecology
[dna] earth wrote 137 bytes to ecology
[dna] earth wrote 114 bytes to ecology
[dna] earth wrote 76 bytes to ecology
[dna] earth wrote 86 bytes to ecology
[dna] earth wrote 18 bytes to ecology
[debug-onto] tick=450 corpus=173643 stage=2 freeze=0
[dna] earth wrote 41 bytes to ecology
[dna] earth wrote 116 bytes to ecology
[dna] earth wrote 71 bytes to ecology
[dna] earth wrote 22 bytes to ecology
[dna] earth wrote 171 bytes to ecology
[dna] earth wrote 25 bytes to ecology
[dna] earth wrote 141 bytes to ecology
[dna] earth wrote 98 bytes to ecology
[dna] earth wrote 117 bytes to ecology
[dna] earth wrote 29 bytes to ecology
[dna] earth wrote 10 bytes to ecology
[dna] earth wrote 212 bytes to ecology
[dna] earth wrote 54 bytes to ecology
[dna] earth wrote 46 bytes to ecology
[dna] earth wrote 42 bytes to ecology
[dna] earth wrote 27 bytes to ecology
[dna] earth wrote 57 bytes to ecology
[debug-onto] tick=500 corpus=173643 stage=2 freeze=0
[dna] earth wrote 42 bytes to ecology
[dna] earth wrote 177 bytes to ecology
[dna] earth wrote 40 bytes to ecology
[dna] earth wrote 94 bytes to ecology
[dna] earth wrote 26 bytes to ecology
[dna] earth wrote 67 bytes to ecology
[dna] earth wrote 112 bytes to ecology
[dna] earth wrote 62 bytes to ecology
[dna] earth wrote 94 bytes to ecology
[dna] earth wrote 54 bytes to ecology
[dna] earth wrote 166 bytes to ecology
[dna] earth wrote 160 bytes to ecology
[dna] earth wrote 55 bytes to ecology
[dna] earth wrote 56 bytes to ecology
[dna] earth wrote 74 bytes to ecology
[dna] earth wrote 27 bytes to ecology
[dna] earth wrote 97 bytes to ecology
[debug-onto] tick=550 corpus=173643 stage=2 freeze=0
[dna] earth wrote 132 bytes to ecology
[dna] earth wrote 159 bytes to ecology
[dna] earth wrote 46 bytes to ecology
[dna] earth wrote 66 bytes to ecology
[dna] earth wrote 120 bytes to ecology
[dna] earth wrote 78 bytes to ecology
[dna] earth wrote 155 bytes to ecology
[dna] earth wrote 296 bytes to ecology
[dna] earth wrote 43 bytes to ecology
[dna] earth wrote 37 bytes to ecology
[dna] earth wrote 99 bytes to ecology
[dna] earth wrote 68 bytes to ecology
[dna] earth wrote 197 bytes to ecology
[dna] earth wrote 48 bytes to ecology
[dna] earth wrote 116 bytes to ecology
[dna] earth wrote 105 bytes to ecology
[debug-onto] tick=600 corpus=173643 stage=2 freeze=0
[dna] earth wrote 127 bytes to ecology
[dna] earth wrote 44 bytes to ecology
[dna] earth wrote 33 bytes to ecology
[dna] earth wrote 40 bytes to ecology
[dna] earth wrote 145 bytes to ecology
[dna] earth wrote 94 bytes to ecology
[dna] earth wrote 21 bytes to ecology
[dna] earth wrote 107 bytes to ecology
[dna] earth wrote 41 bytes to ecology
[dna] earth wrote 7 bytes to ecology
[dna] earth wrote 41 bytes to ecology
[dna] earth wrote 29 bytes to ecology
[dna] earth wrote 153 bytes to ecology
[dna] earth wrote 28 bytes to ecology
[dna] earth wrote 90 bytes to ecology
[dna] earth wrote 196 bytes to ecology
[dna] earth wrote 171 bytes to ecology
[debug-onto] tick=650 corpus=173643 stage=2 freeze=0
[dna] earth wrote 55 bytes to ecology
[dna] earth wrote 34 bytes to ecology
[dna] earth wrote 55 bytes to ecology
[dna] earth wrote 68 bytes to ecology
[dna] earth wrote 50 bytes to ecology
[dna] earth wrote 63 bytes to ecology
[dna] earth wrote 68 bytes to ecology

[evolution] Organism shutting down gracefully.
