[ecology] Element: water → corpus: nonames_water.txt
[evolution] Autonomous evolution mode — organism will grow through all stages without pause.
[ecology] Joined swarm. 1 peer(s) detected.
molequla is alive. [evolution] Autonomous mode — background trainer running. Ctrl+C to stop.
[dna] water wrote 54 bytes to ecology
[dna] water consumed 25256 bytes from 322 files: [air/gen_1776925891_1.txt air/gen_1776925905_3.txt air/gen_1776925908_4.txt air/gen_1776925915_7.txt air/gen_1776925921_9.txt air/gen_1776925923_10.txt air/gen_1776925931_13.txt air/gen_1776925936_15.txt air/gen_1776925939_16.txt air/gen_1776925946_19.txt air/gen_1776925952_21.txt air/gen_1776925954_22.txt air/gen_1776925962_25.txt air/gen_1776925967_27.txt air/gen_1776925970_28.txt air/gen_1776925978_31.txt air/gen_1776925983_33.txt air/gen_1776925985_34.txt air/gen_1776925993_37.txt air/gen_1776926009_43.txt air/gen_1776926014_45.txt air/gen_1776926017_46.txt air/gen_1776926024_49.txt air/gen_1776926030_51.txt air/gen_1776926032_52.txt air/gen_1776926040_55.txt air/gen_1776926048_58.txt air/gen_1776926056_61.txt air/gen_1776926061_63.txt air/gen_1776926064_64.txt air/gen_1776926071_67.txt air/gen_1776926077_69.txt air/gen_1776926079_70.txt air/gen_1776926087_73.txt air/gen_1776926092_75.txt air/gen_1776926095_76.txt air/gen_1776926103_79.txt air/gen_1776926108_81.txt air/gen_1776926111_82.txt air/gen_1776926119_85.txt air/gen_1776926127_88.txt air/gen_1776926134_91.txt air/gen_1776926140_93.txt air/gen_1776926142_94.txt air/gen_1776926150_97.txt air/gen_1776926156_99.txt air/gen_1776926158_100.txt air/gen_1776926166_103.txt air/gen_1776926171_105.txt air/gen_1776926174_106.txt air/gen_1776926182_109.txt air/gen_1776926187_111.txt air/gen_1776926190_112.txt air/gen_1776926197_115.txt air/gen_1776926203_117.txt air/gen_1776926205_118.txt air/gen_1776926213_121.txt air/gen_1776926218_123.txt air/gen_1776926221_124.txt air/gen_1776926229_127.txt air/gen_1776926234_129.txt air/gen_1776926237_130.txt air/gen_1776926244_133.txt air/gen_1776926250_135.txt air/gen_1776926252_136.txt air/gen_1776926260_139.txt air/gen_1776926268_142.txt air/gen_1776926276_145.txt air/gen_1776926281_147.txt air/gen_1776926284_148.txt air/gen_1776926292_151.txt air/gen_1776926297_153.txt air/gen_1776926299_154.txt air/gen_1776926307_157.txt air/gen_1776926312_159.txt air/gen_1776926315_160.txt air/gen_1776926323_163.txt air/gen_1776926328_165.txt air/gen_1776926331_166.txt air/gen_1776926339_169.txt air/gen_1776926344_171.txt air/gen_1776926347_172.txt air/gen_1776926355_175.txt air/gen_1776926360_177.txt air/gen_1776926362_178.txt air/gen_1776926370_181.txt air/gen_1776926375_183.txt air/gen_1776926378_184.txt air/gen_1776926386_187.txt air/gen_1776926391_189.txt air/gen_1776926394_190.txt air/gen_1776926402_193.txt air/gen_1776926407_195.txt air/gen_1776926409_196.txt air/gen_1776926417_199.txt air/gen_1776926422_201.txt air/gen_1776926425_202.txt air/gen_1776926433_205.txt air/gen_1776926438_207.txt air/gen_1776926441_208.txt air/gen_1776926449_211.txt air/gen_1776926454_213.txt air/gen_1776926457_214.txt air/gen_1776926464_217.txt air/gen_1776926470_219.txt air/gen_1776926472_220.txt air/gen_1776926480_223.txt air/gen_1776926485_225.txt air/gen_1776926488_226.txt air/gen_1776926496_229.txt air/gen_1776926501_231.txt air/gen_1776926504_232.txt air/gen_1776926512_235.txt air/gen_1776926517_237.txt air/gen_1776926520_238.txt air/gen_1776926527_241.txt air/gen_1776926533_243.txt air/gen_1776926535_244.txt air/gen_1776926543_247.txt air/gen_1776926549_249.txt air/gen_1776926551_250.txt air/gen_1776926559_253.txt air/gen_1776926567_256.txt air/gen_1776926575_259.txt air/gen_1776926583_262.txt air/gen_1776926591_265.txt air/gen_1776926596_267.txt air/gen_1776926599_268.txt air/gen_1776926607_271.txt air/gen_1776926612_273.txt air/gen_1776926614_274.txt air/gen_1776926622_277.txt air/gen_1776926627_279.txt air/gen_1776926630_280.txt air/gen_1776926638_283.txt air/gen_1776926643_285.txt air/gen_1776926646_286.txt air/gen_1776926654_289.txt air/gen_1776926662_292.txt air/gen_1776926670_295.txt air/gen_1776926675_297.txt air/gen_1776926677_298.txt air/gen_1776926685_301.txt air/gen_1776926690_303.txt air/gen_1776926693_304.txt air/gen_1776926701_307.txt air/gen_1776926706_309.txt air/gen_1776926709_310.txt air/gen_1776926717_313.txt air/gen_1776926722_315.txt air/gen_1776926725_316.txt air/gen_1776926732_319.txt air/gen_1776926738_321.txt air/gen_1776926740_322.txt air/gen_1776926748_325.txt air/gen_1776926753_327.txt air/gen_1776926756_328.txt air/gen_1776926764_331.txt air/gen_1776926772_334.txt air/gen_1776926780_337.txt air/gen_1776926785_339.txt air/gen_1776926787_340.txt air/gen_1776926795_343.txt air/gen_1776926811_349.txt air/gen_1776926816_351.txt air/gen_1776926819_352.txt air/gen_1776926827_355.txt air/gen_1776926832_357.txt air/gen_1776926834_358.txt air/gen_1776926842_361.txt air/gen_1776926848_363.txt air/gen_1776926850_364.txt air/gen_1776926858_367.txt air/gen_1776926863_369.txt air/gen_1776926866_370.txt air/gen_1776926874_373.txt air/gen_1776926879_375.txt air/gen_1776926881_376.txt air/gen_1776926889_379.txt air/gen_1776926895_381.txt air/gen_1776926897_382.txt air/gen_1776926905_385.txt air/gen_1776926910_387.txt air/gen_1776926913_388.txt air/gen_1776926921_391.txt air/gen_1776926926_393.txt air/gen_1776926929_394.txt air/gen_1776926936_397.txt air/gen_1776926942_399.txt air/gen_1776926944_400.txt air/gen_1776926952_403.txt air/gen_1776926957_405.txt air/gen_1776926960_406.txt air/gen_1776926968_409.txt air/gen_1776926973_411.txt air/gen_1776926976_412.txt air/gen_1776926984_415.txt air/gen_1776926992_418.txt air/gen_1776927000_421.txt air/gen_1776927005_423.txt air/gen_1776927007_424.txt air/gen_1776927015_427.txt air/gen_1776927021_429.txt air/gen_1776927023_430.txt air/gen_1776927031_433.txt air/gen_1776927036_435.txt air/gen_1776927039_436.txt air/gen_1776927047_439.txt air/gen_1776927052_441.txt air/gen_1776927055_442.txt air/gen_1776927063_445.txt air/gen_1776927068_447.txt air/gen_1776927071_448.txt air/gen_1776927079_451.txt air/gen_1776927084_453.txt air/gen_1776927087_454.txt air/gen_1776927094_457.txt air/gen_1776927100_459.txt air/gen_1776927102_460.txt air/gen_1776927110_463.txt air/gen_1776927115_465.txt air/gen_1776927118_466.txt air/gen_1776927126_469.txt air/gen_1776927131_471.txt air/gen_1776927134_472.txt air/gen_1776927142_475.txt air/gen_1776927147_477.txt air/gen_1776927150_478.txt air/gen_1776927158_481.txt air/gen_1776927163_483.txt air/gen_1776927166_484.txt air/gen_1776927174_487.txt air/gen_1776927179_489.txt air/gen_1776927181_490.txt air/gen_1776927189_493.txt air/gen_1776927195_495.txt air/gen_1776927197_496.txt air/gen_1776927205_499.txt air/gen_1776927210_501.txt air/gen_1776927213_502.txt air/gen_1776927221_505.txt air/gen_1776927229_508.txt air/gen_1776927237_511.txt air/gen_1776927242_513.txt air/gen_1776927244_514.txt air/gen_1776927252_517.txt air/gen_1776927258_519.txt air/gen_1776927260_520.txt air/gen_1776927268_523.txt air/gen_1776927273_525.txt air/gen_1776927276_526.txt air/gen_1776927284_529.txt air/gen_1776927289_531.txt air/gen_1776927292_532.txt air/gen_1776927300_535.txt air/gen_1776927308_538.txt air/gen_1776927316_541.txt air/gen_1776927321_543.txt air/gen_1776927324_544.txt air/gen_1776927332_547.txt air/gen_1776927337_549.txt air/gen_1776927340_550.txt air/gen_1776927348_553.txt air/gen_1776927355_556.txt air/gen_1776927363_559.txt air/gen_1776927369_561.txt air/gen_1776927371_562.txt air/gen_1776927379_565.txt air/gen_1776927385_567.txt air/gen_1776927387_568.txt air/gen_1776927395_571.txt air/gen_1776927401_573.txt air/gen_1776927403_574.txt air/gen_1776927411_577.txt air/gen_1776927416_579.txt air/gen_1776927419_580.txt air/gen_1776927427_583.txt air/gen_1776927433_585.txt air/gen_1776927435_586.txt air/gen_1776927443_589.txt air/gen_1776927448_591.txt air/gen_1776927451_592.txt air/gen_1776927459_595.txt air/gen_1776927464_597.txt air/gen_1776927467_598.txt air/gen_1776927475_601.txt air/gen_1776927481_603.txt air/gen_1776927483_604.txt air/gen_1776927491_607.txt air/gen_1776927497_609.txt air/gen_1776927499_610.txt air/gen_1776927507_613.txt air/gen_1776927513_615.txt air/gen_1776927515_616.txt air/gen_1776927523_619.txt air/gen_1776927528_621.txt air/gen_1776927531_622.txt air/gen_1776927539_625.txt air/gen_1776927547_628.txt air/gen_1776927555_631.txt air/gen_1776927560_633.txt air/gen_1776927563_634.txt air/gen_1776927571_637.txt air/gen_1776927579_640.txt air/gen_1776927587_643.txt air/gen_1776927592_645.txt air/gen_1776927595_646.txt air/gen_1776927603_649.txt air/gen_1776927608_651.txt air/gen_1776927611_652.txt air/gen_1776927619_655.txt air/gen_1776927624_657.txt air/gen_1776927626_658.txt air/gen_1776927634_661.txt air/gen_1776927640_663.txt air/gen_1776927642_664.txt air/gen_1776927650_667.txt air/gen_1776927655_669.txt air/gen_1776927658_670.txt air/gen_1776927666_673.txt air/gen_1776927674_676.txt air/gen_1776927682_679.txt]
[trainer] micro-train burst (25256 bytes, novelty 0.02) — and lo, it feeds again.
[syntropy] action=explore | trend=0.0000 | field_dev=-0.031 | purpose_align=0.044 | lr_mul=1.30
[aml] burst complete: 32 steps, avg loss 1.6817 (memory freed)
[dna] water wrote 22 bytes to ecology
[dna] water wrote 164 bytes to ecology
[dna] water wrote 57 bytes to ecology
[dna] water wrote 115 bytes to ecology
[dna] water wrote 78 bytes to ecology
[dna] water wrote 11 bytes to ecology
[dna] water wrote 22 bytes to ecology
[dna] water wrote 35 bytes to ecology
[dna] water wrote 53 bytes to ecology
[dna] water wrote 73 bytes to ecology
[dna] water wrote 54 bytes to ecology
[dna] water wrote 38 bytes to ecology
[dna] water wrote 76 bytes to ecology
[dna] water wrote 73 bytes to ecology
[dna] water wrote 9 bytes to ecology
[dna] water wrote 100 bytes to ecology
[dna] water wrote 61 bytes to ecology
[dna] water wrote 41 bytes to ecology
[dna] water wrote 55 bytes to ecology
[debug-onto] tick=50 corpus=151275 stage=2 freeze=0
[dna] water wrote 44 bytes to ecology
[dna] water wrote 222 bytes to ecology
[dna] water wrote 53 bytes to ecology
[dna] water wrote 8 bytes to ecology
[dna] water wrote 31 bytes to ecology
[dna] water wrote 31 bytes to ecology
[dna] water wrote 180 bytes to ecology
[dna] water wrote 31 bytes to ecology
[dna] water wrote 40 bytes to ecology
[dna] water wrote 26 bytes to ecology
[dna] water wrote 118 bytes to ecology
[dna] water wrote 55 bytes to ecology
[dna] water wrote 55 bytes to ecology
[dna] water wrote 32 bytes to ecology
[dna] water wrote 91 bytes to ecology
[dna] water wrote 27 bytes to ecology
[dna] water wrote 37 bytes to ecology
[debug-onto] tick=100 corpus=151275 stage=2 freeze=0
[dna] water wrote 55 bytes to ecology
[dna] water wrote 101 bytes to ecology
[dna] water wrote 52 bytes to ecology
[dna] water wrote 47 bytes to ecology
[dna] water wrote 133 bytes to ecology
[dna] water wrote 86 bytes to ecology
[dna] water wrote 64 bytes to ecology
[dna] water wrote 64 bytes to ecology
[dna] water wrote 180 bytes to ecology
[dna] water wrote 43 bytes to ecology
[dna] water wrote 63 bytes to ecology
[dna] water wrote 34 bytes to ecology
[dna] water wrote 66 bytes to ecology
[dna] water wrote 15 bytes to ecology
[dna] water wrote 42 bytes to ecology
[dna] water wrote 42 bytes to ecology
[debug-onto] tick=150 corpus=151275 stage=2 freeze=0
[dna] water wrote 21 bytes to ecology
[dna] water wrote 105 bytes to ecology
[dna] water wrote 44 bytes to ecology
[dna] water wrote 10 bytes to ecology
[dna] water wrote 52 bytes to ecology
[dna] water wrote 82 bytes to ecology
[dna] water wrote 62 bytes to ecology
[dna] water wrote 69 bytes to ecology
[dna] water wrote 18 bytes to ecology
[dna] water wrote 44 bytes to ecology
[dna] water wrote 92 bytes to ecology
[dna] water wrote 85 bytes to ecology
[dna] water wrote 78 bytes to ecology
[dna] water wrote 33 bytes to ecology
[dna] water wrote 24 bytes to ecology
[dna] water wrote 33 bytes to ecology
[dna] water wrote 157 bytes to ecology
[dna] water wrote 19 bytes to ecology
[debug-onto] tick=200 corpus=151275 stage=2 freeze=0
[dna] water wrote 75 bytes to ecology
[dna] water wrote 22 bytes to ecology
[dna] water wrote 40 bytes to ecology
[dna] water wrote 16 bytes to ecology
[dna] water wrote 80 bytes to ecology
[dna] water wrote 20 bytes to ecology
[dna] water wrote 45 bytes to ecology
[dna] water wrote 106 bytes to ecology
[dna] water wrote 81 bytes to ecology
[dna] water wrote 39 bytes to ecology
[dna] water wrote 35 bytes to ecology
[dna] water wrote 19 bytes to ecology
[dna] water wrote 45 bytes to ecology
[dna] water wrote 46 bytes to ecology
[dna] water wrote 36 bytes to ecology
[dna] water wrote 43 bytes to ecology
[dna] water wrote 46 bytes to ecology
[dna] water wrote 25 bytes to ecology
[dna] water wrote 88 bytes to ecology
[debug-onto] tick=250 corpus=151275 stage=2 freeze=0
[dna] water wrote 33 bytes to ecology
[dna] water wrote 63 bytes to ecology
[dna] water wrote 70 bytes to ecology
[dna] water wrote 42 bytes to ecology
[dna] water wrote 37 bytes to ecology
[dna] water wrote 18 bytes to ecology
[dna] water wrote 23 bytes to ecology
[dna] water wrote 70 bytes to ecology
[dna] water wrote 100 bytes to ecology
[dna] water wrote 42 bytes to ecology
[dna] water wrote 243 bytes to ecology
[dna] water wrote 24 bytes to ecology
[dna] water wrote 32 bytes to ecology
[dna] water wrote 14 bytes to ecology
[dna] water wrote 44 bytes to ecology
[dna] water wrote 63 bytes to ecology
[dna] water wrote 36 bytes to ecology
[dna] water wrote 119 bytes to ecology
[dna] water wrote 71 bytes to ecology
[dna] water wrote 11 bytes to ecology
[debug-onto] tick=300 corpus=151275 stage=2 freeze=0
[dna] water wrote 53 bytes to ecology
[dna] water wrote 76 bytes to ecology
[dna] water wrote 47 bytes to ecology
[dna] water wrote 50 bytes to ecology
[dna] water wrote 14 bytes to ecology
[dna] water wrote 28 bytes to ecology
[dna] water wrote 41 bytes to ecology
[dna] water wrote 221 bytes to ecology
[dna] water wrote 148 bytes to ecology
[dna] water wrote 11 bytes to ecology
[dna] water wrote 63 bytes to ecology
[dna] water wrote 32 bytes to ecology
[dna] water wrote 86 bytes to ecology
[dna] water wrote 83 bytes to ecology
[dna] water wrote 33 bytes to ecology
[dna] water wrote 27 bytes to ecology
[dna] water wrote 90 bytes to ecology
[dna] water wrote 37 bytes to ecology
[dna] water wrote 24 bytes to ecology
[debug-onto] tick=350 corpus=151275 stage=2 freeze=0
[dna] water wrote 67 bytes to ecology
[dna] water wrote 44 bytes to ecology
[dna] water wrote 62 bytes to ecology
[dna] water wrote 22 bytes to ecology
[dna] water wrote 18 bytes to ecology
[dna] water wrote 63 bytes to ecology
[dna] water wrote 23 bytes to ecology
[dna] water wrote 25 bytes to ecology
[dna] water wrote 39 bytes to ecology
[dna] water wrote 10 bytes to ecology
[dna] water wrote 76 bytes to ecology
[dna] water wrote 80 bytes to ecology
[dna] water wrote 19 bytes to ecology
[dna] water wrote 39 bytes to ecology
[dna] water wrote 87 bytes to ecology
[dna] water wrote 36 bytes to ecology
[dna] water wrote 147 bytes to ecology
[dna] water wrote 41 bytes to ecology
[dna] water wrote 56 bytes to ecology
[debug-onto] tick=400 corpus=151275 stage=2 freeze=0
[dna] water wrote 45 bytes to ecology
[dna] water wrote 10 bytes to ecology
[dna] water wrote 31 bytes to ecology
[dna] water wrote 53 bytes to ecology
[dna] water wrote 108 bytes to ecology
[dna] water wrote 23 bytes to ecology
[dna] water wrote 9 bytes to ecology
[dna] water wrote 37 bytes to ecology
[dna] water wrote 94 bytes to ecology
[dna] water wrote 53 bytes to ecology
[dna] water wrote 17 bytes to ecology
[dna] water wrote 38 bytes to ecology
[dna] water wrote 58 bytes to ecology
[dna] water wrote 23 bytes to ecology
[dna] water wrote 149 bytes to ecology
[dna] water wrote 46 bytes to ecology
[dna] water wrote 68 bytes to ecology
[debug-onto] tick=450 corpus=151275 stage=2 freeze=0
[dna] water wrote 52 bytes to ecology
[dna] water wrote 139 bytes to ecology
[dna] water wrote 27 bytes to ecology
[dna] water wrote 98 bytes to ecology
[dna] water wrote 73 bytes to ecology
[dna] water wrote 135 bytes to ecology
[dna] water wrote 14 bytes to ecology
[dna] water wrote 36 bytes to ecology
[dna] water wrote 71 bytes to ecology
[dna] water wrote 62 bytes to ecology
[dna] water wrote 28 bytes to ecology
[dna] water wrote 51 bytes to ecology
[dna] water wrote 25 bytes to ecology
[dna] water wrote 33 bytes to ecology
[dna] water wrote 45 bytes to ecology
[dna] water wrote 35 bytes to ecology
[dna] water wrote 109 bytes to ecology
[dna] water wrote 76 bytes to ecology
[dna] water wrote 90 bytes to ecology
[dna] water wrote 280 bytes to ecology
[debug-onto] tick=500 corpus=151275 stage=2 freeze=0
[dna] water wrote 53 bytes to ecology
[dna] water wrote 59 bytes to ecology
[dna] water wrote 55 bytes to ecology
[dna] water wrote 95 bytes to ecology
[dna] water wrote 129 bytes to ecology
[dna] water wrote 52 bytes to ecology
[dna] water wrote 117 bytes to ecology
[dna] water wrote 132 bytes to ecology
[dna] water wrote 113 bytes to ecology
[dna] water wrote 114 bytes to ecology
[dna] water wrote 32 bytes to ecology
[dna] water wrote 140 bytes to ecology
[dna] water wrote 94 bytes to ecology
[dna] water wrote 26 bytes to ecology
[dna] water wrote 20 bytes to ecology
[dna] water wrote 54 bytes to ecology
[dna] water wrote 136 bytes to ecology
[dna] water wrote 22 bytes to ecology
[debug-onto] tick=550 corpus=151275 stage=2 freeze=0
[dna] water wrote 33 bytes to ecology
[dna] water wrote 83 bytes to ecology
[dna] water wrote 22 bytes to ecology
[dna] water wrote 112 bytes to ecology
[dna] water wrote 26 bytes to ecology
[dna] water wrote 38 bytes to ecology
[dna] water wrote 90 bytes to ecology
[dna] water wrote 55 bytes to ecology
[dna] water wrote 103 bytes to ecology
[dna] water wrote 72 bytes to ecology
[dna] water wrote 71 bytes to ecology
[dna] water wrote 67 bytes to ecology
[dna] water wrote 57 bytes to ecology

[evolution] Organism shutting down gracefully.
