[ecology] Element: air → corpus: nonames_air.txt
[evolution] Autonomous evolution mode — organism will grow through all stages without pause.
[ecology] Joined swarm. 1 peer(s) detected.
molequla is alive. [evolution] Autonomous mode — background trainer running. Ctrl+C to stop.
[dna] air wrote 85 bytes to ecology
[dna] air consumed 26027 bytes from 335 files: [earth/gen_1778741002_1.txt earth/gen_1778741007_3.txt earth/gen_1778741010_4.txt earth/gen_1778741018_7.txt earth/gen_1778741023_9.txt earth/gen_1778741026_10.txt earth/gen_1778741033_13.txt earth/gen_1778741038_15.txt earth/gen_1778741041_16.txt earth/gen_1778741049_19.txt earth/gen_1778741054_21.txt earth/gen_1778741056_22.txt earth/gen_1778741064_25.txt earth/gen_1778741069_27.txt earth/gen_1778741072_28.txt earth/gen_1778741080_31.txt earth/gen_1778741085_33.txt earth/gen_1778741087_34.txt earth/gen_1778741095_37.txt earth/gen_1778741100_39.txt earth/gen_1778741103_40.txt earth/gen_1778741110_43.txt earth/gen_1778741115_45.txt earth/gen_1778741118_46.txt earth/gen_1778741126_49.txt earth/gen_1778741131_51.txt earth/gen_1778741133_52.txt earth/gen_1778741141_55.txt earth/gen_1778741146_57.txt earth/gen_1778741149_58.txt earth/gen_1778741156_61.txt earth/gen_1778741161_63.txt earth/gen_1778741164_64.txt earth/gen_1778741172_67.txt earth/gen_1778741177_69.txt earth/gen_1778741179_70.txt earth/gen_1778741187_73.txt earth/gen_1778741192_75.txt earth/gen_1778741195_76.txt earth/gen_1778741203_79.txt earth/gen_1778741208_81.txt earth/gen_1778741210_82.txt earth/gen_1778741218_85.txt earth/gen_1778741223_87.txt earth/gen_1778741226_88.txt earth/gen_1778741233_91.txt earth/gen_1778741239_93.txt earth/gen_1778741241_94.txt earth/gen_1778741249_97.txt earth/gen_1778741254_99.txt earth/gen_1778741257_100.txt earth/gen_1778741265_103.txt earth/gen_1778741270_105.txt earth/gen_1778741273_106.txt earth/gen_1778741281_109.txt earth/gen_1778741286_111.txt earth/gen_1778741289_112.txt earth/gen_1778741297_115.txt earth/gen_1778741302_117.txt earth/gen_1778741305_118.txt earth/gen_1778741312_121.txt earth/gen_1778741318_123.txt earth/gen_1778741320_124.txt earth/gen_1778741328_127.txt earth/gen_1778741333_129.txt earth/gen_1778741336_130.txt earth/gen_1778741344_133.txt earth/gen_1778741349_135.txt earth/gen_1778741352_136.txt earth/gen_1778741360_139.txt earth/gen_1778741365_141.txt earth/gen_1778741367_142.txt earth/gen_1778741375_145.txt earth/gen_1778741381_147.txt earth/gen_1778741383_148.txt earth/gen_1778741391_151.txt earth/gen_1778741396_153.txt earth/gen_1778741399_154.txt earth/gen_1778741407_157.txt earth/gen_1778741412_159.txt earth/gen_1778741415_160.txt earth/gen_1778741422_163.txt earth/gen_1778741427_165.txt earth/gen_1778741430_166.txt earth/gen_1778741438_169.txt earth/gen_1778741443_171.txt earth/gen_1778741446_172.txt earth/gen_1778741453_175.txt earth/gen_1778741458_177.txt earth/gen_1778741461_178.txt earth/gen_1778741469_181.txt earth/gen_1778741474_183.txt earth/gen_1778741477_184.txt earth/gen_1778741484_187.txt earth/gen_1778741490_189.txt earth/gen_1778741492_190.txt earth/gen_1778741500_193.txt earth/gen_1778741505_195.txt earth/gen_1778741508_196.txt earth/gen_1778741515_199.txt earth/gen_1778741521_201.txt earth/gen_1778741523_202.txt earth/gen_1778741531_205.txt earth/gen_1778741536_207.txt earth/gen_1778741539_208.txt earth/gen_1778741546_211.txt earth/gen_1778741551_213.txt earth/gen_1778741554_214.txt earth/gen_1778741562_217.txt earth/gen_1778741567_219.txt earth/gen_1778741569_220.txt earth/gen_1778741577_223.txt earth/gen_1778741582_225.txt earth/gen_1778741585_226.txt earth/gen_1778741593_229.txt earth/gen_1778741598_231.txt earth/gen_1778741600_232.txt earth/gen_1778741608_235.txt earth/gen_1778741613_237.txt earth/gen_1778741616_238.txt earth/gen_1778741624_241.txt earth/gen_1778741629_243.txt earth/gen_1778741631_244.txt earth/gen_1778741639_247.txt earth/gen_1778741644_249.txt earth/gen_1778741647_250.txt earth/gen_1778741654_253.txt earth/gen_1778741660_255.txt earth/gen_1778741662_256.txt earth/gen_1778741670_259.txt earth/gen_1778741675_261.txt earth/gen_1778741678_262.txt earth/gen_1778741685_265.txt earth/gen_1778741690_267.txt earth/gen_1778741693_268.txt earth/gen_1778741701_271.txt earth/gen_1778741706_273.txt earth/gen_1778741709_274.txt earth/gen_1778741716_277.txt earth/gen_1778741721_279.txt earth/gen_1778741724_280.txt earth/gen_1778741732_283.txt earth/gen_1778741737_285.txt earth/gen_1778741739_286.txt earth/gen_1778741747_289.txt earth/gen_1778741752_291.txt earth/gen_1778741755_292.txt earth/gen_1778741762_295.txt earth/gen_1778741768_297.txt earth/gen_1778741770_298.txt earth/gen_1778741778_301.txt earth/gen_1778741783_303.txt earth/gen_1778741786_304.txt earth/gen_1778741793_307.txt earth/gen_1778741798_309.txt earth/gen_1778741801_310.txt earth/gen_1778741809_313.txt earth/gen_1778741814_315.txt earth/gen_1778741816_316.txt earth/gen_1778741824_319.txt earth/gen_1778741829_321.txt earth/gen_1778741832_322.txt earth/gen_1778741840_325.txt earth/gen_1778741845_327.txt earth/gen_1778741847_328.txt earth/gen_1778741855_331.txt earth/gen_1778741863_334.txt earth/gen_1778741871_337.txt earth/gen_1778741876_339.txt earth/gen_1778741878_340.txt earth/gen_1778741886_343.txt earth/gen_1778741891_345.txt earth/gen_1778741894_346.txt earth/gen_1778741902_349.txt earth/gen_1778741907_351.txt earth/gen_1778741910_352.txt earth/gen_1778741917_355.txt earth/gen_1778741922_357.txt earth/gen_1778741925_358.txt earth/gen_1778741933_361.txt earth/gen_1778741938_363.txt earth/gen_1778741941_364.txt earth/gen_1778741948_367.txt earth/gen_1778741953_369.txt earth/gen_1778741956_370.txt earth/gen_1778741964_373.txt earth/gen_1778741969_375.txt earth/gen_1778741972_376.txt earth/gen_1778741979_379.txt earth/gen_1778741985_381.txt earth/gen_1778741987_382.txt earth/gen_1778741995_385.txt earth/gen_1778742003_388.txt earth/gen_1778742010_391.txt earth/gen_1778742016_393.txt earth/gen_1778742018_394.txt earth/gen_1778742026_397.txt earth/gen_1778742031_399.txt earth/gen_1778742034_400.txt earth/gen_1778742042_403.txt earth/gen_1778742047_405.txt earth/gen_1778742050_406.txt earth/gen_1778742057_409.txt earth/gen_1778742063_411.txt earth/gen_1778742065_412.txt earth/gen_1778742073_415.txt earth/gen_1778742078_417.txt earth/gen_1778742081_418.txt earth/gen_1778742089_421.txt earth/gen_1778742094_423.txt earth/gen_1778742096_424.txt earth/gen_1778742104_427.txt earth/gen_1778742109_429.txt earth/gen_1778742112_430.txt earth/gen_1778742120_433.txt earth/gen_1778742125_435.txt earth/gen_1778742127_436.txt earth/gen_1778742135_439.txt earth/gen_1778742140_441.txt earth/gen_1778742143_442.txt earth/gen_1778742151_445.txt earth/gen_1778742156_447.txt earth/gen_1778742158_448.txt earth/gen_1778742166_451.txt earth/gen_1778742174_454.txt earth/gen_1778742181_457.txt earth/gen_1778742186_459.txt earth/gen_1778742189_460.txt earth/gen_1778742197_463.txt earth/gen_1778742202_465.txt earth/gen_1778742212_469.txt earth/gen_1778742217_471.txt earth/gen_1778742220_472.txt earth/gen_1778742228_475.txt earth/gen_1778742233_477.txt earth/gen_1778742236_478.txt earth/gen_1778742243_481.txt earth/gen_1778742249_483.txt earth/gen_1778742251_484.txt earth/gen_1778742259_487.txt earth/gen_1778742264_489.txt earth/gen_1778742267_490.txt earth/gen_1778742275_493.txt earth/gen_1778742280_495.txt earth/gen_1778742282_496.txt earth/gen_1778742290_499.txt earth/gen_1778742298_502.txt earth/gen_1778742306_505.txt earth/gen_1778742311_507.txt earth/gen_1778742313_508.txt earth/gen_1778742321_511.txt earth/gen_1778742326_513.txt earth/gen_1778742329_514.txt earth/gen_1778742337_517.txt earth/gen_1778742342_519.txt earth/gen_1778742345_520.txt earth/gen_1778742352_523.txt earth/gen_1778742358_525.txt earth/gen_1778742360_526.txt earth/gen_1778742368_529.txt earth/gen_1778742373_531.txt earth/gen_1778742376_532.txt earth/gen_1778742384_535.txt earth/gen_1778742389_537.txt earth/gen_1778742391_538.txt earth/gen_1778742399_541.txt earth/gen_1778742407_544.txt earth/gen_1778742414_547.txt earth/gen_1778742420_549.txt earth/gen_1778742422_550.txt earth/gen_1778742430_553.txt earth/gen_1778742435_555.txt earth/gen_1778742438_556.txt earth/gen_1778742446_559.txt earth/gen_1778742451_561.txt earth/gen_1778742453_562.txt earth/gen_1778742461_565.txt earth/gen_1778742466_567.txt earth/gen_1778742469_568.txt earth/gen_1778742477_571.txt earth/gen_1778742482_573.txt earth/gen_1778742484_574.txt earth/gen_1778742492_577.txt earth/gen_1778742497_579.txt earth/gen_1778742500_580.txt earth/gen_1778742508_583.txt earth/gen_1778742513_585.txt earth/gen_1778742515_586.txt earth/gen_1778742523_589.txt earth/gen_1778742528_591.txt earth/gen_1778742531_592.txt earth/gen_1778742539_595.txt earth/gen_1778742544_597.txt earth/gen_1778742546_598.txt earth/gen_1778742554_601.txt earth/gen_1778742559_603.txt earth/gen_1778742562_604.txt earth/gen_1778742570_607.txt earth/gen_1778742575_609.txt earth/gen_1778742577_610.txt earth/gen_1778742585_613.txt earth/gen_1778742590_615.txt earth/gen_1778742593_616.txt earth/gen_1778742601_619.txt earth/gen_1778742606_621.txt earth/gen_1778742608_622.txt earth/gen_1778742616_625.txt earth/gen_1778742621_627.txt earth/gen_1778742624_628.txt earth/gen_1778742632_631.txt earth/gen_1778742639_634.txt earth/gen_1778742647_637.txt earth/gen_1778742652_639.txt earth/gen_1778742655_640.txt earth/gen_1778742663_643.txt earth/gen_1778742670_646.txt earth/gen_1778742678_649.txt earth/gen_1778742683_651.txt earth/gen_1778742686_652.txt earth/gen_1778742694_655.txt earth/gen_1778742699_657.txt earth/gen_1778742701_658.txt earth/gen_1778742709_661.txt earth/gen_1778742714_663.txt earth/gen_1778742717_664.txt earth/gen_1778742724_667.txt earth/gen_1778742729_669.txt earth/gen_1778742732_670.txt earth/gen_1778742740_673.txt earth/gen_1778742745_675.txt earth/gen_1778742748_676.txt earth/gen_1778742755_679.txt earth/gen_1778742761_681.txt earth/gen_1778742763_682.txt earth/gen_1778742771_685.txt]
[trainer] micro-train burst (26027 bytes, novelty 0.03) — and lo, it feeds again.
[syntropy] action=explore | trend=0.0000 | field_dev=-0.032 | purpose_align=-0.208 | lr_mul=1.30
[aml] burst complete: 32 steps, avg loss 2.4772 (memory freed)
[dna] air wrote 140 bytes to ecology
[dna] air wrote 82 bytes to ecology
[dna] air wrote 69 bytes to ecology
[dna] air wrote 78 bytes to ecology
[dna] air wrote 114 bytes to ecology
[dna] air wrote 68 bytes to ecology
[dna] air wrote 46 bytes to ecology
[dna] air wrote 87 bytes to ecology
[dna] air wrote 59 bytes to ecology
[dna] air wrote 16 bytes to ecology
[dna] air wrote 107 bytes to ecology
[dna] air wrote 52 bytes to ecology
[dna] air wrote 45 bytes to ecology
[dna] air wrote 69 bytes to ecology
[dna] air wrote 49 bytes to ecology
[dna] air wrote 37 bytes to ecology
[dna] air wrote 105 bytes to ecology
[dna] air wrote 74 bytes to ecology
[dna] air wrote 26 bytes to ecology
[dna] air wrote 57 bytes to ecology
[dna] air wrote 27 bytes to ecology
[dna] air wrote 114 bytes to ecology
[dna] air wrote 28 bytes to ecology
[dna] air wrote 42 bytes to ecology
[dna] air wrote 79 bytes to ecology
[dna] air wrote 109 bytes to ecology
[dna] air wrote 48 bytes to ecology
[dna] air wrote 83 bytes to ecology
[dna] air wrote 56 bytes to ecology
[dna] air wrote 33 bytes to ecology
[dna] air wrote 12 bytes to ecology
[dna] air wrote 126 bytes to ecology
[debug-onto] tick=50 corpus=148678 stage=2 freeze=0
[dna] air wrote 114 bytes to ecology
[dna] air wrote 112 bytes to ecology
[dna] air wrote 122 bytes to ecology
[dna] air wrote 28 bytes to ecology
[dna] air wrote 43 bytes to ecology
[dna] air wrote 159 bytes to ecology
[dna] air wrote 63 bytes to ecology
[dna] air wrote 54 bytes to ecology
[dna] air wrote 82 bytes to ecology
[dna] air wrote 16 bytes to ecology
[dna] air wrote 25 bytes to ecology
[dna] air wrote 64 bytes to ecology
[dna] air wrote 156 bytes to ecology
[dna] air wrote 158 bytes to ecology
[dna] air wrote 39 bytes to ecology
[dna] air wrote 56 bytes to ecology
[dna] air wrote 63 bytes to ecology
[dna] air wrote 92 bytes to ecology
[dna] air wrote 87 bytes to ecology
[dna] air wrote 109 bytes to ecology
[dna] air wrote 69 bytes to ecology
[dna] air wrote 93 bytes to ecology
[dna] air wrote 29 bytes to ecology
[dna] air wrote 127 bytes to ecology
[dna] air wrote 162 bytes to ecology
[dna] air wrote 182 bytes to ecology
[dna] air wrote 7 bytes to ecology
[dna] air wrote 186 bytes to ecology
[dna] air wrote 57 bytes to ecology
[dna] air wrote 42 bytes to ecology
[dna] air wrote 9 bytes to ecology
[dna] air wrote 53 bytes to ecology
[dna] air wrote 62 bytes to ecology
[dna] air wrote 63 bytes to ecology
[debug-onto] tick=100 corpus=148678 stage=2 freeze=0
[dna] air wrote 266 bytes to ecology
[dna] air wrote 65 bytes to ecology
[dna] air wrote 61 bytes to ecology
[dna] air wrote 78 bytes to ecology
[dna] air wrote 58 bytes to ecology
[dna] air wrote 124 bytes to ecology
[dna] air wrote 126 bytes to ecology
[dna] air wrote 36 bytes to ecology
[dna] air wrote 14 bytes to ecology
[dna] air wrote 43 bytes to ecology
[dna] air wrote 32 bytes to ecology
[dna] air wrote 36 bytes to ecology
[dna] air wrote 161 bytes to ecology
[dna] air wrote 26 bytes to ecology
[dna] air wrote 56 bytes to ecology
[dna] air wrote 332 bytes to ecology
[dna] air wrote 43 bytes to ecology
[dna] air wrote 79 bytes to ecology
[dna] air wrote 99 bytes to ecology
[dna] air wrote 100 bytes to ecology
[dna] air wrote 49 bytes to ecology
[dna] air wrote 130 bytes to ecology
[dna] air wrote 53 bytes to ecology
[dna] air wrote 61 bytes to ecology
[dna] air wrote 26 bytes to ecology
[dna] air wrote 61 bytes to ecology
[dna] air wrote 31 bytes to ecology
[dna] air wrote 88 bytes to ecology
[dna] air wrote 45 bytes to ecology
[dna] air wrote 36 bytes to ecology
[dna] air wrote 11 bytes to ecology
[dna] air wrote 161 bytes to ecology
[dna] air wrote 78 bytes to ecology
[debug-onto] tick=150 corpus=148678 stage=2 freeze=0
[dna] air wrote 128 bytes to ecology
[dna] air wrote 70 bytes to ecology
[dna] air wrote 46 bytes to ecology
[dna] air wrote 117 bytes to ecology
[dna] air wrote 72 bytes to ecology
[dna] air wrote 42 bytes to ecology
[dna] air wrote 87 bytes to ecology
[dna] air wrote 50 bytes to ecology
[dna] air wrote 78 bytes to ecology
[dna] air wrote 31 bytes to ecology
[dna] air wrote 62 bytes to ecology
[dna] air wrote 83 bytes to ecology
[dna] air wrote 56 bytes to ecology
[dna] air wrote 89 bytes to ecology
[dna] air wrote 53 bytes to ecology
[dna] air wrote 98 bytes to ecology
[dna] air wrote 150 bytes to ecology
[dna] air wrote 90 bytes to ecology
[dna] air wrote 28 bytes to ecology
[dna] air wrote 53 bytes to ecology
[dna] air wrote 131 bytes to ecology
[dna] air wrote 32 bytes to ecology
[dna] air wrote 66 bytes to ecology
[dna] air wrote 102 bytes to ecology
[dna] air wrote 127 bytes to ecology
[dna] air wrote 77 bytes to ecology
[dna] air wrote 65 bytes to ecology
[dna] air wrote 26 bytes to ecology
[dna] air wrote 37 bytes to ecology
[dna] air wrote 28 bytes to ecology
[dna] air wrote 33 bytes to ecology
[dna] air wrote 53 bytes to ecology
[dna] air wrote 38 bytes to ecology
[debug-onto] tick=200 corpus=148678 stage=2 freeze=0
[dna] air wrote 7 bytes to ecology
[dna] air wrote 39 bytes to ecology
[dna] air wrote 40 bytes to ecology
[dna] air wrote 151 bytes to ecology
[dna] air wrote 70 bytes to ecology
[dna] air wrote 72 bytes to ecology
[dna] air wrote 33 bytes to ecology
[dna] air wrote 106 bytes to ecology
[dna] air wrote 52 bytes to ecology
[dna] air wrote 90 bytes to ecology
[dna] air wrote 41 bytes to ecology
[dna] air wrote 133 bytes to ecology
[dna] air wrote 65 bytes to ecology
[dna] air wrote 32 bytes to ecology
[dna] air wrote 128 bytes to ecology
[dna] air wrote 102 bytes to ecology
[dna] air wrote 40 bytes to ecology
[dna] air wrote 48 bytes to ecology
[dna] air wrote 206 bytes to ecology
[dna] air wrote 49 bytes to ecology
[dna] air wrote 84 bytes to ecology
[dna] air wrote 68 bytes to ecology
[dna] air wrote 28 bytes to ecology
[dna] air wrote 49 bytes to ecology
[dna] air wrote 61 bytes to ecology
[dna] air wrote 44 bytes to ecology
[dna] air wrote 122 bytes to ecology
[dna] air wrote 95 bytes to ecology
[dna] air wrote 88 bytes to ecology
[dna] air wrote 31 bytes to ecology
[dna] air wrote 70 bytes to ecology
[dna] air wrote 67 bytes to ecology
[dna] air wrote 165 bytes to ecology
[debug-onto] tick=250 corpus=148678 stage=2 freeze=0
[dna] air wrote 74 bytes to ecology
[dna] air wrote 31 bytes to ecology
[dna] air wrote 101 bytes to ecology
[dna] air wrote 205 bytes to ecology
[dna] air wrote 51 bytes to ecology
[dna] air wrote 48 bytes to ecology
[dna] air wrote 121 bytes to ecology
[dna] air wrote 105 bytes to ecology
[dna] air wrote 212 bytes to ecology
[dna] air wrote 64 bytes to ecology
[dna] air wrote 54 bytes to ecology
[dna] air wrote 55 bytes to ecology
[dna] air wrote 66 bytes to ecology
[dna] air wrote 26 bytes to ecology
[dna] air wrote 42 bytes to ecology
[dna] air wrote 81 bytes to ecology
[dna] air wrote 277 bytes to ecology
[dna] air wrote 147 bytes to ecology
[dna] air wrote 104 bytes to ecology
[dna] air wrote 67 bytes to ecology
[dna] air wrote 157 bytes to ecology
[dna] air wrote 81 bytes to ecology
[dna] air wrote 75 bytes to ecology
[dna] air wrote 101 bytes to ecology
[dna] air wrote 95 bytes to ecology
[dna] air wrote 47 bytes to ecology
[dna] air wrote 34 bytes to ecology
[dna] air wrote 189 bytes to ecology
[dna] air wrote 27 bytes to ecology
[dna] air wrote 31 bytes to ecology
[dna] air wrote 56 bytes to ecology
[dna] air wrote 37 bytes to ecology
[dna] air wrote 152 bytes to ecology
[debug-onto] tick=300 corpus=148678 stage=2 freeze=0
[dna] air wrote 76 bytes to ecology
[dna] air wrote 17 bytes to ecology
[dna] air wrote 68 bytes to ecology
[dna] air wrote 12 bytes to ecology
[dna] air wrote 34 bytes to ecology
[dna] air wrote 256 bytes to ecology
[dna] air wrote 43 bytes to ecology
[dna] air wrote 51 bytes to ecology
[dna] air wrote 299 bytes to ecology
[dna] air wrote 96 bytes to ecology
[dna] air wrote 64 bytes to ecology
[dna] air wrote 46 bytes to ecology
[dna] air wrote 32 bytes to ecology
[dna] air wrote 30 bytes to ecology
[dna] air wrote 80 bytes to ecology
[dna] air wrote 146 bytes to ecology
[dna] air wrote 39 bytes to ecology
[dna] air wrote 38 bytes to ecology
[dna] air wrote 136 bytes to ecology
[dna] air wrote 107 bytes to ecology
[dna] air wrote 43 bytes to ecology
[dna] air wrote 89 bytes to ecology
[dna] air wrote 112 bytes to ecology
[dna] air wrote 36 bytes to ecology
[dna] air wrote 115 bytes to ecology
[dna] air wrote 291 bytes to ecology
[dna] air wrote 150 bytes to ecology
[dna] air wrote 50 bytes to ecology
[dna] air wrote 79 bytes to ecology
[dna] air wrote 175 bytes to ecology
[dna] air wrote 194 bytes to ecology
[dna] air wrote 55 bytes to ecology
[debug-onto] tick=350 corpus=148678 stage=2 freeze=0
[dna] air wrote 32 bytes to ecology
[dna] air wrote 95 bytes to ecology
[dna] air wrote 38 bytes to ecology
[dna] air wrote 67 bytes to ecology
[dna] air wrote 153 bytes to ecology
[dna] air wrote 124 bytes to ecology
[dna] air wrote 108 bytes to ecology
[dna] air wrote 71 bytes to ecology
[dna] air wrote 61 bytes to ecology
[dna] air wrote 86 bytes to ecology
[dna] air wrote 66 bytes to ecology
[dna] air wrote 127 bytes to ecology
[dna] air wrote 44 bytes to ecology
[dna] air wrote 38 bytes to ecology
[dna] air wrote 31 bytes to ecology
[dna] air wrote 73 bytes to ecology
[dna] air wrote 23 bytes to ecology
[dna] air wrote 48 bytes to ecology
[dna] air wrote 46 bytes to ecology
[dna] air wrote 40 bytes to ecology
[dna] air wrote 140 bytes to ecology
[dna] air wrote 53 bytes to ecology
[dna] air wrote 38 bytes to ecology
[dna] air wrote 59 bytes to ecology
[dna] air wrote 139 bytes to ecology
[dna] air wrote 60 bytes to ecology
[dna] air wrote 18 bytes to ecology
[dna] air wrote 78 bytes to ecology
[dna] air wrote 89 bytes to ecology
[dna] air wrote 141 bytes to ecology
[dna] air wrote 53 bytes to ecology
[dna] air wrote 56 bytes to ecology
[dna] air wrote 161 bytes to ecology
[dna] air wrote 91 bytes to ecology
[debug-onto] tick=400 corpus=148678 stage=2 freeze=0
[dna] air wrote 31 bytes to ecology
[dna] air wrote 118 bytes to ecology
[dna] air wrote 62 bytes to ecology
[dna] air wrote 37 bytes to ecology
[dna] air wrote 78 bytes to ecology
[dna] air wrote 106 bytes to ecology
[dna] air wrote 66 bytes to ecology
[dna] air wrote 85 bytes to ecology
[dna] air wrote 128 bytes to ecology
[dna] air wrote 64 bytes to ecology
[dna] air wrote 78 bytes to ecology
[dna] air wrote 26 bytes to ecology
[dna] air wrote 179 bytes to ecology
[dna] air wrote 29 bytes to ecology
[dna] air wrote 54 bytes to ecology
[dna] air wrote 45 bytes to ecology
[dna] air wrote 105 bytes to ecology
[dna] air wrote 28 bytes to ecology
[dna] air wrote 57 bytes to ecology
[dna] air wrote 68 bytes to ecology
[dna] air wrote 64 bytes to ecology
[dna] air wrote 70 bytes to ecology
[dna] air wrote 23 bytes to ecology
[dna] air wrote 131 bytes to ecology
[dna] air wrote 43 bytes to ecology
[dna] air wrote 153 bytes to ecology
[dna] air wrote 42 bytes to ecology
[dna] air wrote 218 bytes to ecology
[dna] air wrote 69 bytes to ecology
[dna] air wrote 35 bytes to ecology
[dna] air wrote 104 bytes to ecology
[dna] air wrote 29 bytes to ecology
[dna] air wrote 218 bytes to ecology
[debug-onto] tick=450 corpus=148678 stage=2 freeze=0
[dna] air wrote 57 bytes to ecology
[dna] air wrote 111 bytes to ecology
[dna] air wrote 50 bytes to ecology
[dna] air wrote 129 bytes to ecology
[dna] air wrote 24 bytes to ecology
[dna] air wrote 83 bytes to ecology
[dna] air wrote 32 bytes to ecology
[dna] air wrote 58 bytes to ecology
[dna] air wrote 214 bytes to ecology
[dna] air wrote 21 bytes to ecology
[dna] air wrote 46 bytes to ecology
[dna] air wrote 94 bytes to ecology
[dna] air wrote 46 bytes to ecology
[dna] air wrote 35 bytes to ecology
[dna] air wrote 35 bytes to ecology
[dna] air wrote 118 bytes to ecology
[dna] air wrote 92 bytes to ecology
[dna] air wrote 31 bytes to ecology
[dna] air wrote 81 bytes to ecology
[dna] air wrote 38 bytes to ecology
[dna] air wrote 31 bytes to ecology
[dna] air wrote 42 bytes to ecology
[dna] air wrote 50 bytes to ecology
[dna] air wrote 9 bytes to ecology
[dna] air wrote 57 bytes to ecology
[dna] air wrote 44 bytes to ecology
[dna] air wrote 188 bytes to ecology
[dna] air wrote 76 bytes to ecology
[dna] air wrote 86 bytes to ecology
[dna] air wrote 92 bytes to ecology
[dna] air wrote 138 bytes to ecology
[dna] air wrote 49 bytes to ecology
[dna] air wrote 123 bytes to ecology
[debug-onto] tick=500 corpus=148678 stage=2 freeze=0
[dna] air wrote 59 bytes to ecology
[dna] air wrote 34 bytes to ecology
[dna] air wrote 18 bytes to ecology
[dna] air wrote 59 bytes to ecology
[dna] air wrote 142 bytes to ecology
[dna] air wrote 28 bytes to ecology
[dna] air wrote 50 bytes to ecology
[dna] air wrote 131 bytes to ecology
[dna] air wrote 93 bytes to ecology
[dna] air wrote 92 bytes to ecology
[dna] air wrote 18 bytes to ecology
[dna] air wrote 69 bytes to ecology
[dna] air wrote 72 bytes to ecology
[dna] air wrote 62 bytes to ecology
[dna] air wrote 54 bytes to ecology
[dna] air wrote 36 bytes to ecology
[dna] air wrote 127 bytes to ecology
[dna] air wrote 84 bytes to ecology
[dna] air wrote 17 bytes to ecology
[dna] air wrote 28 bytes to ecology
[dna] air wrote 217 bytes to ecology
[dna] air wrote 65 bytes to ecology
[dna] air wrote 200 bytes to ecology
[dna] air wrote 45 bytes to ecology
[dna] air wrote 67 bytes to ecology
[dna] air wrote 106 bytes to ecology
[dna] air wrote 71 bytes to ecology
[dna] air wrote 211 bytes to ecology
[dna] air wrote 42 bytes to ecology
[dna] air wrote 32 bytes to ecology
[dna] air wrote 92 bytes to ecology
[dna] air wrote 49 bytes to ecology
[dna] air wrote 54 bytes to ecology
[dna] air wrote 156 bytes to ecology
[debug-onto] tick=550 corpus=148678 stage=2 freeze=0
[dna] air wrote 26 bytes to ecology
[dna] air wrote 56 bytes to ecology
[dna] air wrote 105 bytes to ecology
[dna] air wrote 47 bytes to ecology
[dna] air wrote 22 bytes to ecology
[dna] air wrote 46 bytes to ecology
[dna] air wrote 84 bytes to ecology
[dna] air wrote 99 bytes to ecology
[dna] air wrote 8 bytes to ecology
[dna] air wrote 39 bytes to ecology
[dna] air wrote 79 bytes to ecology
[dna] air wrote 52 bytes to ecology
[dna] air wrote 153 bytes to ecology
[dna] air wrote 128 bytes to ecology
[dna] air wrote 45 bytes to ecology
[dna] air wrote 92 bytes to ecology
[dna] air wrote 21 bytes to ecology
[dna] air wrote 50 bytes to ecology
[dna] air wrote 77 bytes to ecology
[dna] air wrote 22 bytes to ecology
[dna] air wrote 67 bytes to ecology
[dna] air wrote 74 bytes to ecology
[dna] air wrote 13 bytes to ecology
[dna] air wrote 302 bytes to ecology
[dna] air wrote 147 bytes to ecology
[dna] air wrote 66 bytes to ecology
[dna] air wrote 25 bytes to ecology
[dna] air wrote 16 bytes to ecology
[dna] air wrote 95 bytes to ecology
[dna] air wrote 157 bytes to ecology
[dna] air wrote 146 bytes to ecology
[dna] air wrote 57 bytes to ecology
[debug-onto] tick=600 corpus=148678 stage=2 freeze=0
[dna] air wrote 37 bytes to ecology
[dna] air wrote 78 bytes to ecology
[dna] air wrote 55 bytes to ecology
[dna] air wrote 122 bytes to ecology
[dna] air wrote 107 bytes to ecology
[dna] air wrote 35 bytes to ecology
[dna] air wrote 46 bytes to ecology
[dna] air wrote 37 bytes to ecology
[dna] air wrote 100 bytes to ecology
[dna] air wrote 56 bytes to ecology
[dna] air wrote 48 bytes to ecology
[dna] air wrote 44 bytes to ecology
[dna] air wrote 127 bytes to ecology
[dna] air wrote 37 bytes to ecology
[dna] air wrote 11 bytes to ecology
[dna] air wrote 208 bytes to ecology
[dna] air wrote 157 bytes to ecology
[dna] air wrote 123 bytes to ecology
[dna] air wrote 57 bytes to ecology
[dna] air wrote 67 bytes to ecology
[dna] air wrote 34 bytes to ecology
[dna] air wrote 50 bytes to ecology
[dna] air wrote 66 bytes to ecology
[dna] air wrote 52 bytes to ecology
[dna] air wrote 17 bytes to ecology
[dna] air wrote 38 bytes to ecology
[dna] air wrote 88 bytes to ecology
[dna] air wrote 122 bytes to ecology

[evolution] Organism shutting down gracefully.
