[ecology] Element: earth → corpus: nonames_earth.txt
[evolution] Autonomous evolution mode — organism will grow through all stages without pause.
[init] Stage 0 (embryo): embd=16, layer=1, head=1 — warmup 400 steps (400 backprop + 0 notorch, sqrt-scaled 1x)
  [aml] step 0/160 | loss 6.4838 (avg 6.4838) | lr 0.001000 | seq 8
  [aml] step 10/160 | loss 6.1552 (avg 6.4413) | lr 0.001450 | seq 8
  [aml] step 20/160 | loss 6.2271 (avg 6.3025) | lr 0.001900 | seq 8
  [aml] step 30/160 | loss 5.7676 (avg 6.2093) | lr 0.002350 | seq 8
  [aml] step 40/160 | loss 5.4342 (avg 6.0922) | lr 0.002800 | seq 8
  [aml] step 50/160 | loss 4.6870 (avg 5.9370) | lr 0.003250 | seq 8
  [aml] step 60/160 | loss 4.9074 (avg 5.7707) | lr 0.003700 | seq 8
  [aml] step 70/160 | loss 5.3138 (avg 5.6562) | lr 0.004150 | seq 8
  [aml] step 80/160 | loss 3.0044 (avg 5.5312) | lr 0.004600 | seq 8
  [aml] step 90/160 | loss 4.2104 (avg 5.3893) | lr 0.005050 | seq 8
  [aml] step 100/160 | loss 4.9560 (avg 5.2996) | lr 0.005500 | seq 8
  [aml] step 110/160 | loss 5.3470 (avg 5.1701) | lr 0.005950 | seq 8
  [aml] step 120/160 | loss 3.9329 (avg 5.0978) | lr 0.006400 | seq 8
  [aml] step 130/160 | loss 4.4096 (avg 5.0499) | lr 0.006850 | seq 8
  [aml] step 140/160 | loss 2.9376 (avg 5.0012) | lr 0.007300 | seq 8
  [aml] step 150/160 | loss 2.8405 (avg 4.9567) | lr 0.007750 | seq 8
[aml] training complete: 160 steps, avg loss 4.9114 (memory freed)
  [aml] step 0/120 | loss 4.9620 (avg 4.9620) | lr 0.008200 | seq 16
  [aml] step 10/120 | loss 4.4207 (avg 4.5611) | lr 0.008650 | seq 16
  [aml] step 20/120 | loss 3.6125 (avg 4.5490) | lr 0.009100 | seq 16
  [aml] step 30/120 | loss 3.5097 (avg 4.3114) | lr 0.009550 | seq 16
  [aml] step 40/120 | loss 3.2140 (avg 4.3255) | lr 0.010000 | seq 16
  [aml] step 50/120 | loss 3.0362 (avg 4.2851) | lr 0.010000 | seq 16
  [aml] step 60/120 | loss 4.3505 (avg 4.2818) | lr 0.010000 | seq 16
  [aml] step 70/120 | loss 4.8971 (avg 4.2054) | lr 0.010000 | seq 16
  [aml] step 80/120 | loss 5.1319 (avg 4.1651) | lr 0.009999 | seq 16
  [aml] step 90/120 | loss 4.6111 (avg 4.0552) | lr 0.009999 | seq 16
  [aml] step 100/120 | loss 3.8022 (avg 3.9897) | lr 0.009999 | seq 16
  [aml] step 110/120 | loss 5.2931 (avg 3.9099) | lr 0.009999 | seq 16
[aml] training complete: 120 steps, avg loss 3.9278 (memory freed)
  [aml] step 0/120 | loss 2.6236 (avg 2.6236) | lr 0.009999 | seq 32
  [aml] step 10/120 | loss 4.6828 (avg 3.7909) | lr 0.009999 | seq 32
  [aml] step 20/120 | loss 4.4362 (avg 3.7034) | lr 0.009999 | seq 32
  [aml] step 30/120 | loss 3.8795 (avg 3.4566) | lr 0.009999 | seq 32
  [aml] step 40/120 | loss 3.9068 (avg 3.4020) | lr 0.009999 | seq 32
  [aml] step 50/120 | loss 3.9644 (avg 3.3773) | lr 0.009999 | seq 32
  [aml] step 60/120 | loss 2.7815 (avg 3.3174) | lr 0.009999 | seq 32
  [aml] step 70/120 | loss 1.4041 (avg 3.2977) | lr 0.009999 | seq 32
  [aml] step 80/120 | loss 4.4609 (avg 3.2940) | lr 0.009999 | seq 32
  [aml] step 90/120 | loss 1.5753 (avg 3.2493) | lr 0.009999 | seq 32
  [aml] step 100/120 | loss 0.8378 (avg 3.2545) | lr 0.009999 | seq 32
  [aml] step 110/120 | loss 0.9240 (avg 3.1344) | lr 0.009999 | seq 32
[aml] training complete: 120 steps, avg loss 3.0435 (memory freed)

[stage 0 — embryo] What it sounds like now:
  Q: Hello.
  A: C the bank here. Dirt is the earth's the value particient supering season m is the most minerals formed by the lesson of standing material benea store, the long the wet.
  Q: Who are you?
  A: is a tillness feat the same thing to extreme elevation?
  Q: What do you know?
  A: ...

[growth] ONTOGENESIS: stage 0 -> 1
  embd: 16 -> 32, layer: 1 -> 1, head: 1 -> 2
[growth] Done. Freeze for 500 steps.
[init] Stage 1 (infant): embd=32, layer=1, head=2 — warmup 800 steps (800 backprop + 0 notorch, sqrt-scaled 2x)
  [aml] step 0/320 | loss 6.3137 (avg 6.3137) | lr 0.000500 | seq 8
  [aml] step 10/320 | loss 3.5496 (avg 5.3883) | lr 0.000725 | seq 8
  [aml] step 20/320 | loss 5.6165 (avg 5.0500) | lr 0.000950 | seq 8
  [aml] step 30/320 | loss 0.5970 (avg 4.6501) | lr 0.001175 | seq 8
  [aml] step 40/320 | loss 4.1880 (avg 4.4725) | lr 0.001400 | seq 8
  [aml] step 50/320 | loss 3.7672 (avg 4.2846) | lr 0.001625 | seq 8
  [aml] step 60/320 | loss 2.3623 (avg 4.2138) | lr 0.001850 | seq 8
  [aml] step 70/320 | loss 3.1020 (avg 4.2210) | lr 0.002075 | seq 8
  [aml] step 80/320 | loss 5.2369 (avg 4.2108) | lr 0.002300 | seq 8
  [aml] step 90/320 | loss 4.0406 (avg 4.1698) | lr 0.002525 | seq 8
  [aml] step 100/320 | loss 3.8022 (avg 4.1480) | lr 0.002750 | seq 8
  [aml] step 110/320 | loss 2.3169 (avg 4.0801) | lr 0.002975 | seq 8
  [aml] step 120/320 | loss 3.9923 (avg 4.0041) | lr 0.003200 | seq 8
  [aml] step 130/320 | loss 2.3042 (avg 3.9259) | lr 0.003425 | seq 8
  [aml] step 140/320 | loss 5.5988 (avg 3.9700) | lr 0.003650 | seq 8
  [aml] step 150/320 | loss 5.6352 (avg 3.9624) | lr 0.003875 | seq 8
  [aml] step 160/320 | loss 3.3426 (avg 3.8944) | lr 0.004100 | seq 8
  [aml] step 170/320 | loss 5.7874 (avg 3.9185) | lr 0.004325 | seq 8
  [aml] step 180/320 | loss 5.0868 (avg 3.8906) | lr 0.004550 | seq 8
  [aml] step 190/320 | loss 5.7243 (avg 3.8495) | lr 0.004775 | seq 8
  [aml] step 200/320 | loss 2.3837 (avg 3.7753) | lr 0.004998 | seq 8
  [aml] step 210/320 | loss 4.0587 (avg 3.7717) | lr 0.004998 | seq 8
  [aml] step 220/320 | loss 2.9421 (avg 3.7576) | lr 0.004998 | seq 8
  [aml] step 230/320 | loss 4.7044 (avg 3.7517) | lr 0.004998 | seq 8
  [aml] step 240/320 | loss 4.5812 (avg 3.7510) | lr 0.004998 | seq 8
  [aml] step 250/320 | loss 3.3605 (avg 3.7459) | lr 0.004998 | seq 8
  [aml] step 260/320 | loss 4.5563 (avg 3.7372) | lr 0.004998 | seq 8
  [aml] step 270/320 | loss 4.6449 (avg 3.7480) | lr 0.004998 | seq 8
  [aml] step 280/320 | loss 3.9043 (avg 3.7556) | lr 0.004998 | seq 8
  [aml] step 290/320 | loss 5.6003 (avg 3.7246) | lr 0.004998 | seq 8
  [aml] step 300/320 | loss 3.6432 (avg 3.7317) | lr 0.004998 | seq 8
  [aml] step 310/320 | loss 2.0855 (avg 3.7167) | lr 0.004998 | seq 8
[aml] training complete: 320 steps, avg loss 3.7069 (memory freed)
  [aml] step 0/240 | loss 4.7388 (avg 4.7388) | lr 0.004998 | seq 16
  [aml] step 10/240 | loss 3.1022 (avg 3.7018) | lr 0.004998 | seq 16
  [aml] step 20/240 | loss 4.0904 (avg 3.5461) | lr 0.004998 | seq 16
  [aml] step 30/240 | loss 4.3536 (avg 3.3926) | lr 0.004998 | seq 16
  [aml] step 40/240 | loss 3.9162 (avg 3.2411) | lr 0.004997 | seq 16
  [aml] step 50/240 | loss 4.5948 (avg 3.2646) | lr 0.004997 | seq 16
  [aml] step 60/240 | loss 1.1661 (avg 3.0758) | lr 0.004997 | seq 16
  [aml] step 70/240 | loss 1.5113 (avg 3.2259) | lr 0.004997 | seq 16
  [aml] step 80/240 | loss 5.0964 (avg 3.1885) | lr 0.004997 | seq 16
  [aml] step 90/240 | loss 1.9497 (avg 3.1792) | lr 0.004997 | seq 16
  [aml] step 100/240 | loss 4.6642 (avg 3.1884) | lr 0.004997 | seq 16
  [aml] step 110/240 | loss 4.6706 (avg 3.2263) | lr 0.004997 | seq 16
  [aml] step 120/240 | loss 0.8645 (avg 3.2314) | lr 0.004997 | seq 16
  [aml] step 130/240 | loss 2.2086 (avg 3.2829) | lr 0.004997 | seq 16
  [aml] step 140/240 | loss 3.6721 (avg 3.2767) | lr 0.004997 | seq 16
  [aml] step 150/240 | loss 1.5622 (avg 3.2826) | lr 0.004997 | seq 16
  [aml] step 160/240 | loss 4.4652 (avg 3.3125) | lr 0.004997 | seq 16
  [aml] step 170/240 | loss 4.5739 (avg 3.2881) | lr 0.004996 | seq 16
  [aml] step 180/240 | loss 3.1526 (avg 3.2503) | lr 0.004996 | seq 16
  [aml] step 190/240 | loss 4.6752 (avg 3.2683) | lr 0.004996 | seq 16
  [aml] step 200/240 | loss 2.8457 (avg 3.2707) | lr 0.004996 | seq 16
  [aml] step 210/240 | loss 2.5196 (avg 3.2740) | lr 0.004996 | seq 16
  [aml] step 220/240 | loss 1.4101 (avg 3.2757) | lr 0.004996 | seq 16
  [aml] step 230/240 | loss 4.0885 (avg 3.2594) | lr 0.004996 | seq 16
[aml] training complete: 240 steps, avg loss 3.2767 (memory freed)
  [aml] step 0/240 | loss 4.3546 (avg 4.3546) | lr 0.004996 | seq 32
  [aml] step 10/240 | loss 4.5925 (avg 3.8771) | lr 0.004996 | seq 32
  [aml] step 20/240 | loss 3.9334 (avg 3.3119) | lr 0.004996 | seq 32
  [aml] step 30/240 | loss 0.6140 (avg 3.0492) | lr 0.004996 | seq 32
  [aml] step 40/240 | loss 4.2800 (avg 2.9826) | lr 0.004996 | seq 32
  [aml] step 50/240 | loss 0.3840 (avg 2.9331) | lr 0.004995 | seq 32
  [aml] step 60/240 | loss 4.1376 (avg 2.9078) | lr 0.004995 | seq 32
  [aml] step 70/240 | loss 1.4532 (avg 2.9121) | lr 0.004995 | seq 32
  [aml] step 80/240 | loss 3.6452 (avg 2.8577) | lr 0.004995 | seq 32
  [aml] step 90/240 | loss 4.5942 (avg 2.8675) | lr 0.004995 | seq 32
  [aml] step 100/240 | loss 0.6593 (avg 2.8208) | lr 0.004995 | seq 32
  [aml] step 110/240 | loss 0.6114 (avg 2.7852) | lr 0.004995 | seq 32
  [aml] step 120/240 | loss 1.4265 (avg 2.7354) | lr 0.004995 | seq 32
  [aml] step 130/240 | loss 1.0026 (avg 2.7503) | lr 0.004995 | seq 32
  [aml] step 140/240 | loss 4.1017 (avg 2.7446) | lr 0.004995 | seq 32
  [aml] step 150/240 | loss 3.9472 (avg 2.6962) | lr 0.004995 | seq 32
  [aml] step 160/240 | loss 0.9756 (avg 2.6511) | lr 0.004994 | seq 32
  [aml] step 170/240 | loss 0.6159 (avg 2.6674) | lr 0.004994 | seq 32
  [aml] step 180/240 | loss 0.8165 (avg 2.6896) | lr 0.004994 | seq 32
  [aml] step 190/240 | loss 1.2002 (avg 2.6567) | lr 0.004994 | seq 32
  [aml] step 200/240 | loss 4.6716 (avg 2.6657) | lr 0.004994 | seq 32
  [aml] step 210/240 | loss 1.1726 (avg 2.6498) | lr 0.004994 | seq 32
  [aml] step 220/240 | loss 4.2384 (avg 2.6774) | lr 0.004994 | seq 32
  [aml] step 230/240 | loss 1.9927 (avg 2.6542) | lr 0.004994 | seq 32
[aml] training complete: 240 steps, avg loss 2.6425 (memory freed)

[stage 1 — infant] What it sounds like now:
  Q: Hello.
  A: A nating material by reality. as it mechannels determines form from The processes.
  Q: Who are you?
  A: a crust of rock creates in the based from water, and water that covered with, and years oldest degreen a continent?
  Q: What do you know?
  A: in slides steel treated. The Des or become berm?

[growth] ONTOGENESIS: stage 1 -> 2
  embd: 32 -> 64, layer: 1 -> 2, head: 2 -> 4
[growth] Done. Freeze for 500 steps.
[init] Stage 2 (child): embd=64, layer=2, head=4 — warmup 800 steps (800 backprop + 0 notorch, sqrt-scaled 2x)
  [aml] step 0/320 | loss 3.9278 (avg 3.9278) | lr 0.000250 | seq 8
  [aml] step 10/320 | loss 2.8220 (avg 3.4579) | lr 0.000363 | seq 8
  [aml] step 20/320 | loss 1.5510 (avg 3.4168) | lr 0.000475 | seq 8
  [aml] step 30/320 | loss 0.7281 (avg 3.2716) | lr 0.000588 | seq 8
  [aml] step 40/320 | loss 1.2085 (avg 3.2841) | lr 0.000700 | seq 8
  [aml] step 50/320 | loss 3.1276 (avg 3.2471) | lr 0.000813 | seq 8
  [aml] step 60/320 | loss 4.3333 (avg 3.3133) | lr 0.000925 | seq 8
  [aml] step 70/320 | loss 5.1170 (avg 3.4010) | lr 0.001038 | seq 8
  [aml] step 80/320 | loss 1.9906 (avg 3.4454) | lr 0.001150 | seq 8
  [aml] step 90/320 | loss 2.6167 (avg 3.3635) | lr 0.001263 | seq 8
  [aml] step 100/320 | loss 4.7864 (avg 3.3596) | lr 0.001375 | seq 8
  [aml] step 110/320 | loss 3.9671 (avg 3.3565) | lr 0.001488 | seq 8
  [aml] step 120/320 | loss 3.9807 (avg 3.3510) | lr 0.001600 | seq 8
  [aml] step 130/320 | loss 4.2263 (avg 3.3184) | lr 0.001713 | seq 8
  [aml] step 140/320 | loss 4.6170 (avg 3.3516) | lr 0.001825 | seq 8
  [aml] step 150/320 | loss 4.6280 (avg 3.3519) | lr 0.001938 | seq 8
  [aml] step 160/320 | loss 3.6816 (avg 3.3012) | lr 0.002050 | seq 8
  [aml] step 170/320 | loss 3.9466 (avg 3.2941) | lr 0.002163 | seq 8
  [aml] step 180/320 | loss 3.9967 (avg 3.2927) | lr 0.002275 | seq 8
  [aml] step 190/320 | loss 3.9167 (avg 3.3230) | lr 0.002387 | seq 8
  [aml] step 200/320 | loss 4.8867 (avg 3.3294) | lr 0.002496 | seq 8
  [aml] step 210/320 | loss 1.9720 (avg 3.3438) | lr 0.002496 | seq 8
  [aml] step 220/320 | loss 4.2731 (avg 3.3530) | lr 0.002496 | seq 8
  [aml] step 230/320 | loss 1.8591 (avg 3.3509) | lr 0.002495 | seq 8
  [aml] step 240/320 | loss 3.3967 (avg 3.3715) | lr 0.002495 | seq 8
  [aml] step 250/320 | loss 1.4027 (avg 3.3553) | lr 0.002495 | seq 8
  [aml] step 260/320 | loss 1.4278 (avg 3.3295) | lr 0.002495 | seq 8
  [aml] step 270/320 | loss 2.0469 (avg 3.3058) | lr 0.002495 | seq 8
  [aml] step 280/320 | loss 4.6109 (avg 3.3136) | lr 0.002495 | seq 8
  [aml] step 290/320 | loss 4.6319 (avg 3.3358) | lr 0.002495 | seq 8
  [aml] step 300/320 | loss 4.3901 (avg 3.3229) | lr 0.002495 | seq 8
  [aml] step 310/320 | loss 4.7824 (avg 3.3022) | lr 0.002495 | seq 8
[aml] training complete: 320 steps, avg loss 3.3062 (memory freed)
  [aml] step 0/240 | loss 4.5914 (avg 4.5914) | lr 0.002495 | seq 16
  [aml] step 10/240 | loss 1.6375 (avg 2.9238) | lr 0.002495 | seq 16
  [aml] step 20/240 | loss 3.0377 (avg 3.3891) | lr 0.002495 | seq 16
  [aml] step 30/240 | loss 3.1055 (avg 3.5405) | lr 0.002495 | seq 16
  [aml] step 40/240 | loss 4.6703 (avg 3.5810) | lr 0.002495 | seq 16
  [aml] step 50/240 | loss 3.9000 (avg 3.4168) | lr 0.002495 | seq 16
  [aml] step 60/240 | loss 3.8572 (avg 3.2734) | lr 0.002494 | seq 16
  [aml] step 70/240 | loss 4.5478 (avg 3.2724) | lr 0.002494 | seq 16
  [aml] step 80/240 | loss 2.6967 (avg 3.1867) | lr 0.002494 | seq 16
  [aml] step 90/240 | loss 2.0702 (avg 3.1160) | lr 0.002494 | seq 16
  [aml] step 100/240 | loss 4.0568 (avg 3.1187) | lr 0.002494 | seq 16
  [aml] step 110/240 | loss 3.8458 (avg 3.1464) | lr 0.002494 | seq 16
  [aml] step 120/240 | loss 4.4740 (avg 3.1714) | lr 0.002494 | seq 16
  [aml] step 130/240 | loss 2.9797 (avg 3.1455) | lr 0.002494 | seq 16
  [aml] step 140/240 | loss 4.2112 (avg 3.1234) | lr 0.002494 | seq 16
  [aml] step 150/240 | loss 5.3246 (avg 3.0882) | lr 0.002494 | seq 16
  [aml] step 160/240 | loss 4.8690 (avg 3.0963) | lr 0.002494 | seq 16
  [aml] step 170/240 | loss 1.7074 (avg 3.0722) | lr 0.002494 | seq 16
  [aml] step 180/240 | loss 1.4926 (avg 3.0473) | lr 0.002494 | seq 16
  [aml] step 190/240 | loss 4.0157 (avg 3.0312) | lr 0.002494 | seq 16
  [aml] step 200/240 | loss 2.4086 (avg 3.0372) | lr 0.002493 | seq 16
  [aml] step 210/240 | loss 4.5691 (avg 3.0192) | lr 0.002493 | seq 16
  [aml] step 220/240 | loss 2.0081 (avg 3.0458) | lr 0.002493 | seq 16
  [aml] step 230/240 | loss 1.6512 (avg 3.0608) | lr 0.002493 | seq 16
[aml] training complete: 240 steps, avg loss 3.0830 (memory freed)
  [aml] step 0/240 | loss 4.6544 (avg 4.6544) | lr 0.002493 | seq 32
  [aml] step 10/240 | loss 4.6719 (avg 2.5105) | lr 0.002493 | seq 32
  [aml] step 20/240 | loss 2.3422 (avg 2.6646) | lr 0.002493 | seq 32
  [aml] step 30/240 | loss 4.1917 (avg 2.7378) | lr 0.002493 | seq 32
  [aml] step 40/240 | loss 4.7912 (avg 2.8630) | lr 0.002493 | seq 32
  [aml] step 50/240 | loss 0.9046 (avg 2.8421) | lr 0.002493 | seq 32
  [aml] step 60/240 | loss 1.5299 (avg 2.8065) | lr 0.002493 | seq 32
  [aml] step 70/240 | loss 1.5280 (avg 2.7137) | lr 0.002493 | seq 32
  [aml] step 80/240 | loss 0.5824 (avg 2.7847) | lr 0.002492 | seq 32
  [aml] step 90/240 | loss 1.5086 (avg 2.7730) | lr 0.002492 | seq 32
  [aml] step 100/240 | loss 4.2214 (avg 2.7516) | lr 0.002492 | seq 32
  [aml] step 110/240 | loss 1.0228 (avg 2.7206) | lr 0.002492 | seq 32
  [aml] step 120/240 | loss 0.7871 (avg 2.7235) | lr 0.002492 | seq 32
  [aml] step 130/240 | loss 4.0216 (avg 2.6917) | lr 0.002492 | seq 32
  [aml] step 140/240 | loss 1.3571 (avg 2.6339) | lr 0.002492 | seq 32
  [aml] step 150/240 | loss 1.7885 (avg 2.5758) | lr 0.002492 | seq 32
  [aml] step 160/240 | loss 3.6537 (avg 2.5717) | lr 0.002492 | seq 32
  [aml] step 170/240 | loss 0.4518 (avg 2.5666) | lr 0.002492 | seq 32
  [aml] step 180/240 | loss 3.8015 (avg 2.5804) | lr 0.002492 | seq 32
  [aml] step 190/240 | loss 3.9024 (avg 2.5740) | lr 0.002492 | seq 32
  [aml] step 200/240 | loss 4.3338 (avg 2.5441) | lr 0.002491 | seq 32
  [aml] step 210/240 | loss 4.3521 (avg 2.5616) | lr 0.002491 | seq 32
  [aml] step 220/240 | loss 1.5790 (avg 2.5423) | lr 0.002491 | seq 32
  [aml] step 230/240 | loss 1.2776 (avg 2.5153) | lr 0.002491 | seq 32
[aml] training complete: 240 steps, avg loss 2.5064 (memory freed)

[stage 2 — child] What it sounds like now:
  Q: Hello.
  A: Wea springs when the cy by water undercutting wall?
  Q: Who are you?
  A: ...
  Q: What do you know?
  A: ...

[init] Warmup complete at stage 2. Organism ready.
[ecology] First organism in the swarm.
molequla is alive. [evolution] Autonomous mode — background trainer running. Ctrl+C to stop.
[dna] earth wrote 55 bytes to ecology
[dna] earth wrote 92 bytes to ecology
[dna] earth wrote 31 bytes to ecology
[dna] earth wrote 131 bytes to ecology
[dna] earth wrote 86 bytes to ecology
[dna] earth wrote 114 bytes to ecology
[dna] earth wrote 178 bytes to ecology
[dna] earth wrote 69 bytes to ecology
[dna] earth wrote 87 bytes to ecology
[dna] earth wrote 90 bytes to ecology
[dna] earth wrote 61 bytes to ecology
[dna] earth wrote 36 bytes to ecology
[dna] earth wrote 35 bytes to ecology
[dna] earth wrote 62 bytes to ecology
[dna] earth wrote 112 bytes to ecology
[dna] earth wrote 35 bytes to ecology
[dna] earth wrote 64 bytes to ecology
[dna] earth wrote 76 bytes to ecology
[dna] earth wrote 96 bytes to ecology
[dna] earth wrote 34 bytes to ecology
[dna] earth wrote 26 bytes to ecology
[dna] earth wrote 84 bytes to ecology
[dna] earth wrote 53 bytes to ecology
[dna] earth wrote 67 bytes to ecology
[dna] earth wrote 89 bytes to ecology
[debug-onto] tick=50 corpus=173643 stage=2 freeze=0
[dna] earth wrote 61 bytes to ecology
[dna] earth wrote 143 bytes to ecology
[dna] earth wrote 119 bytes to ecology
[dna] earth wrote 66 bytes to ecology
[dna] earth wrote 47 bytes to ecology
[dna] earth wrote 111 bytes to ecology
[dna] earth wrote 38 bytes to ecology
[dna] earth wrote 86 bytes to ecology
[dna] earth wrote 37 bytes to ecology
[dna] earth wrote 52 bytes to ecology
[dna] earth wrote 35 bytes to ecology
[dna] earth wrote 40 bytes to ecology
[dna] earth wrote 72 bytes to ecology
[dna] earth wrote 113 bytes to ecology
[dna] earth wrote 35 bytes to ecology
[dna] earth wrote 75 bytes to ecology
[dna] earth wrote 33 bytes to ecology
[dna] earth wrote 37 bytes to ecology
[dna] earth wrote 94 bytes to ecology
[dna] earth wrote 41 bytes to ecology
[dna] earth wrote 182 bytes to ecology
[dna] earth wrote 41 bytes to ecology
[dna] earth wrote 76 bytes to ecology
[dna] earth wrote 59 bytes to ecology
[dna] earth wrote 23 bytes to ecology
[dna] earth wrote 72 bytes to ecology
[debug-onto] tick=100 corpus=173643 stage=2 freeze=0
[dna] earth wrote 17 bytes to ecology
[dna] earth wrote 86 bytes to ecology
[dna] earth wrote 42 bytes to ecology
[dna] earth wrote 49 bytes to ecology
[dna] earth wrote 64 bytes to ecology
[dna] earth wrote 113 bytes to ecology
[dna] earth wrote 107 bytes to ecology
[dna] earth wrote 212 bytes to ecology
[dna] earth wrote 24 bytes to ecology
[dna] earth wrote 52 bytes to ecology
[dna] earth wrote 26 bytes to ecology
[dna] earth wrote 58 bytes to ecology
[dna] earth wrote 39 bytes to ecology
[dna] earth wrote 61 bytes to ecology
[dna] earth wrote 77 bytes to ecology
[dna] earth wrote 111 bytes to ecology
[dna] earth wrote 21 bytes to ecology
[dna] earth wrote 42 bytes to ecology
[dna] earth wrote 27 bytes to ecology
[dna] earth wrote 48 bytes to ecology
[dna] earth wrote 34 bytes to ecology
[dna] earth wrote 71 bytes to ecology
[dna] earth wrote 71 bytes to ecology
[dna] earth wrote 124 bytes to ecology
[debug-onto] tick=150 corpus=173643 stage=2 freeze=0
[dna] earth wrote 52 bytes to ecology
[dna] earth wrote 35 bytes to ecology
[dna] earth wrote 25 bytes to ecology
[dna] earth wrote 19 bytes to ecology
[dna] earth wrote 120 bytes to ecology
[dna] earth wrote 105 bytes to ecology
[dna] earth wrote 52 bytes to ecology
[dna] earth wrote 34 bytes to ecology
[dna] earth wrote 118 bytes to ecology
[dna] earth wrote 97 bytes to ecology
[dna] earth wrote 50 bytes to ecology
[dna] earth wrote 55 bytes to ecology
[dna] earth wrote 36 bytes to ecology
[dna] earth wrote 84 bytes to ecology
[dna] earth wrote 23 bytes to ecology
[dna] earth wrote 103 bytes to ecology
[dna] earth wrote 111 bytes to ecology
[dna] earth wrote 43 bytes to ecology
[dna] earth wrote 155 bytes to ecology
[dna] earth wrote 51 bytes to ecology
[dna] earth wrote 185 bytes to ecology
[dna] earth wrote 212 bytes to ecology
[dna] earth wrote 45 bytes to ecology
[dna] earth wrote 185 bytes to ecology
[dna] earth wrote 183 bytes to ecology
[debug-onto] tick=200 corpus=173643 stage=2 freeze=0
[dna] earth wrote 37 bytes to ecology
[dna] earth wrote 45 bytes to ecology
[dna] earth wrote 87 bytes to ecology
[dna] earth wrote 158 bytes to ecology
[dna] earth wrote 25 bytes to ecology
[dna] earth wrote 31 bytes to ecology
[dna] earth wrote 55 bytes to ecology
[dna] earth wrote 40 bytes to ecology
[dna] earth wrote 88 bytes to ecology
[dna] earth wrote 51 bytes to ecology
[dna] earth wrote 83 bytes to ecology
[dna] earth wrote 97 bytes to ecology
[dna] earth wrote 27 bytes to ecology
[dna] earth wrote 133 bytes to ecology
[dna] earth wrote 220 bytes to ecology
[dna] earth wrote 110 bytes to ecology
[dna] earth wrote 88 bytes to ecology
[dna] earth wrote 43 bytes to ecology
[dna] earth wrote 39 bytes to ecology
[dna] earth wrote 86 bytes to ecology
[dna] earth wrote 31 bytes to ecology
[dna] earth wrote 48 bytes to ecology
[dna] earth wrote 157 bytes to ecology
[dna] earth wrote 94 bytes to ecology
[dna] earth wrote 134 bytes to ecology
[dna] earth wrote 45 bytes to ecology
[debug-onto] tick=250 corpus=173643 stage=2 freeze=0
[dna] earth wrote 78 bytes to ecology
[dna] earth wrote 132 bytes to ecology
[dna] earth wrote 114 bytes to ecology
[dna] earth wrote 55 bytes to ecology
[dna] earth wrote 43 bytes to ecology
[dna] earth wrote 104 bytes to ecology
[dna] earth wrote 62 bytes to ecology
[dna] earth wrote 82 bytes to ecology
[dna] earth wrote 218 bytes to ecology
[dna] earth wrote 103 bytes to ecology
[dna] earth wrote 159 bytes to ecology
[dna] earth wrote 76 bytes to ecology
[dna] earth wrote 101 bytes to ecology
[dna] earth wrote 69 bytes to ecology
[dna] earth wrote 74 bytes to ecology
[dna] earth wrote 61 bytes to ecology
[dna] earth wrote 59 bytes to ecology
[dna] earth wrote 74 bytes to ecology
[dna] earth wrote 169 bytes to ecology
[dna] earth wrote 102 bytes to ecology
[dna] earth wrote 101 bytes to ecology
[dna] earth wrote 68 bytes to ecology
[dna] earth wrote 63 bytes to ecology
[dna] earth wrote 63 bytes to ecology
[debug-onto] tick=300 corpus=173643 stage=2 freeze=0
[dna] earth wrote 62 bytes to ecology
[dna] earth wrote 113 bytes to ecology
[dna] earth wrote 26 bytes to ecology
[dna] earth wrote 27 bytes to ecology
[dna] earth wrote 44 bytes to ecology
[dna] earth wrote 124 bytes to ecology
[dna] earth wrote 75 bytes to ecology
[dna] earth wrote 49 bytes to ecology
[dna] earth wrote 109 bytes to ecology
[dna] earth wrote 93 bytes to ecology
[dna] earth wrote 67 bytes to ecology
[dna] earth wrote 77 bytes to ecology
[dna] earth wrote 15 bytes to ecology
[dna] earth wrote 41 bytes to ecology
[dna] earth wrote 75 bytes to ecology
[dna] earth wrote 53 bytes to ecology
[dna] earth wrote 5 bytes to ecology
[dna] earth wrote 93 bytes to ecology
[dna] earth wrote 206 bytes to ecology
[dna] earth wrote 49 bytes to ecology
[dna] earth wrote 104 bytes to ecology
[dna] earth wrote 77 bytes to ecology
[dna] earth wrote 73 bytes to ecology
[dna] earth wrote 88 bytes to ecology
[dna] earth wrote 105 bytes to ecology
[debug-onto] tick=350 corpus=173643 stage=2 freeze=0
[dna] earth wrote 30 bytes to ecology
[dna] earth wrote 33 bytes to ecology
[dna] earth wrote 70 bytes to ecology
[dna] earth wrote 48 bytes to ecology
[dna] earth wrote 38 bytes to ecology
[dna] earth wrote 57 bytes to ecology
[dna] earth wrote 196 bytes to ecology
[dna] earth wrote 33 bytes to ecology
[dna] earth wrote 60 bytes to ecology
[dna] earth wrote 84 bytes to ecology
[dna] earth wrote 50 bytes to ecology
[dna] earth wrote 216 bytes to ecology
[dna] earth wrote 27 bytes to ecology
[dna] earth wrote 33 bytes to ecology
[dna] earth wrote 166 bytes to ecology
[dna] earth wrote 190 bytes to ecology
[dna] earth wrote 82 bytes to ecology
[dna] earth wrote 35 bytes to ecology
[dna] earth wrote 8 bytes to ecology
[dna] earth wrote 73 bytes to ecology
[dna] earth wrote 54 bytes to ecology
[dna] earth wrote 30 bytes to ecology
[dna] earth wrote 153 bytes to ecology
[dna] earth wrote 96 bytes to ecology
[dna] earth wrote 83 bytes to ecology
[dna] earth wrote 183 bytes to ecology
[debug-onto] tick=400 corpus=173643 stage=2 freeze=0
[dna] earth wrote 87 bytes to ecology
[dna] earth wrote 41 bytes to ecology
[dna] earth wrote 166 bytes to ecology
[dna] earth wrote 13 bytes to ecology
[dna] earth wrote 81 bytes to ecology
[dna] earth wrote 188 bytes to ecology
[dna] earth wrote 106 bytes to ecology
[dna] earth wrote 198 bytes to ecology
[dna] earth wrote 67 bytes to ecology
[dna] earth wrote 35 bytes to ecology
[dna] earth wrote 161 bytes to ecology
[dna] earth wrote 37 bytes to ecology
[dna] earth wrote 93 bytes to ecology
[dna] earth wrote 179 bytes to ecology
[dna] earth wrote 78 bytes to ecology
[dna] earth wrote 48 bytes to ecology
[dna] earth wrote 98 bytes to ecology
[dna] earth wrote 97 bytes to ecology
[dna] earth wrote 104 bytes to ecology
[dna] earth wrote 28 bytes to ecology
[dna] earth wrote 38 bytes to ecology
[dna] earth wrote 26 bytes to ecology
[dna] earth wrote 39 bytes to ecology
[dna] earth wrote 37 bytes to ecology
[debug-onto] tick=450 corpus=173643 stage=2 freeze=0
[dna] earth wrote 90 bytes to ecology
[dna] earth wrote 9 bytes to ecology
[dna] earth wrote 28 bytes to ecology
[dna] earth wrote 106 bytes to ecology
[dna] earth wrote 31 bytes to ecology
[dna] earth wrote 41 bytes to ecology
[dna] earth wrote 82 bytes to ecology
[dna] earth wrote 34 bytes to ecology
[dna] earth wrote 49 bytes to ecology
[dna] earth wrote 99 bytes to ecology
[dna] earth wrote 330 bytes to ecology
[dna] earth wrote 17 bytes to ecology
[dna] earth wrote 62 bytes to ecology
[dna] earth wrote 61 bytes to ecology
[dna] earth wrote 83 bytes to ecology
[dna] earth wrote 83 bytes to ecology
[dna] earth wrote 57 bytes to ecology
[dna] earth wrote 78 bytes to ecology
[dna] earth wrote 34 bytes to ecology
[dna] earth wrote 76 bytes to ecology
[dna] earth wrote 40 bytes to ecology
[dna] earth wrote 173 bytes to ecology
[dna] earth wrote 106 bytes to ecology
[dna] earth wrote 24 bytes to ecology
[debug-onto] tick=500 corpus=173643 stage=2 freeze=0
[dna] earth wrote 9 bytes to ecology
[dna] earth wrote 114 bytes to ecology
[dna] earth wrote 37 bytes to ecology
[dna] earth wrote 35 bytes to ecology
[dna] earth wrote 102 bytes to ecology
[dna] earth wrote 74 bytes to ecology
[dna] earth wrote 84 bytes to ecology
[dna] earth wrote 88 bytes to ecology
[dna] earth wrote 56 bytes to ecology
[dna] earth wrote 78 bytes to ecology
[dna] earth wrote 95 bytes to ecology
[dna] earth wrote 101 bytes to ecology
[dna] earth wrote 20 bytes to ecology
[dna] earth wrote 35 bytes to ecology
[dna] earth wrote 116 bytes to ecology
[dna] earth wrote 38 bytes to ecology
[dna] earth wrote 91 bytes to ecology
[dna] earth wrote 55 bytes to ecology
[dna] earth wrote 40 bytes to ecology
[dna] earth wrote 29 bytes to ecology
[dna] earth wrote 36 bytes to ecology
[dna] earth wrote 8 bytes to ecology
[dna] earth wrote 60 bytes to ecology
[dna] earth wrote 219 bytes to ecology
[dna] earth wrote 226 bytes to ecology
[dna] earth wrote 35 bytes to ecology
[debug-onto] tick=550 corpus=173643 stage=2 freeze=0
[dna] earth wrote 41 bytes to ecology
[dna] earth wrote 17 bytes to ecology
[dna] earth wrote 230 bytes to ecology
[dna] earth wrote 81 bytes to ecology
[dna] earth wrote 22 bytes to ecology
[dna] earth wrote 73 bytes to ecology
[dna] earth wrote 67 bytes to ecology
[dna] earth wrote 34 bytes to ecology
[dna] earth wrote 43 bytes to ecology
[dna] earth wrote 69 bytes to ecology
[dna] earth wrote 28 bytes to ecology
[dna] earth wrote 104 bytes to ecology
[dna] earth wrote 96 bytes to ecology
[dna] earth wrote 45 bytes to ecology
[dna] earth wrote 22 bytes to ecology
[dna] earth wrote 52 bytes to ecology
[dna] earth wrote 71 bytes to ecology
[dna] earth wrote 130 bytes to ecology
[dna] earth wrote 52 bytes to ecology
[dna] earth wrote 120 bytes to ecology
[dna] earth wrote 99 bytes to ecology
[dna] earth wrote 54 bytes to ecology
[dna] earth wrote 46 bytes to ecology
[dna] earth wrote 104 bytes to ecology
[debug-onto] tick=600 corpus=173643 stage=2 freeze=0
[dna] earth wrote 102 bytes to ecology
[dna] earth wrote 57 bytes to ecology
[dna] earth wrote 68 bytes to ecology
[dna] earth wrote 149 bytes to ecology
[dna] earth wrote 66 bytes to ecology
[dna] earth wrote 34 bytes to ecology
[dna] earth wrote 84 bytes to ecology
[dna] earth wrote 69 bytes to ecology
[dna] earth wrote 33 bytes to ecology
[dna] earth wrote 41 bytes to ecology
[dna] earth wrote 38 bytes to ecology
[dna] earth wrote 71 bytes to ecology
[dna] earth wrote 116 bytes to ecology
[dna] earth wrote 82 bytes to ecology
[dna] earth wrote 93 bytes to ecology
[dna] earth wrote 48 bytes to ecology
[dna] earth wrote 7 bytes to ecology
[dna] earth wrote 52 bytes to ecology
[dna] earth wrote 117 bytes to ecology
[dna] earth wrote 80 bytes to ecology
[dna] earth wrote 191 bytes to ecology
[dna] earth wrote 62 bytes to ecology
[dna] earth wrote 7 bytes to ecology
[dna] earth wrote 65 bytes to ecology
[dna] earth wrote 41 bytes to ecology
[debug-onto] tick=650 corpus=173643 stage=2 freeze=0
[dna] earth wrote 99 bytes to ecology
[dna] earth wrote 100 bytes to ecology
[dna] earth wrote 120 bytes to ecology
[dna] earth wrote 20 bytes to ecology
[dna] earth wrote 59 bytes to ecology
[dna] earth wrote 50 bytes to ecology
[dna] earth wrote 38 bytes to ecology
[dna] earth wrote 78 bytes to ecology
[dna] earth wrote 75 bytes to ecology
[dna] earth wrote 32 bytes to ecology
[dna] earth wrote 37 bytes to ecology
[dna] earth wrote 60 bytes to ecology
[dna] earth wrote 85 bytes to ecology
[dna] earth wrote 45 bytes to ecology
[dna] earth wrote 38 bytes to ecology
[dna] earth wrote 182 bytes to ecology
[dna] earth wrote 53 bytes to ecology
[dna] earth wrote 52 bytes to ecology

[evolution] Organism shutting down gracefully.
