[ecology] Element: fire → corpus: nonames_fire.txt
[evolution] Autonomous evolution mode — organism will grow through all stages without pause.
[ecology] Joined swarm. 1 peer(s) detected.
molequla is alive. [evolution] Autonomous mode — background trainer running. Ctrl+C to stop.
[dna] fire wrote 107 bytes to ecology
[dna] fire consumed 14797 bytes from 245 files: [water/gen_1778744575_1.txt water/gen_1778744591_3.txt water/gen_1778744594_4.txt water/gen_1778744603_7.txt water/gen_1778744612_10.txt water/gen_1778744622_13.txt water/gen_1778744628_15.txt water/gen_1778744631_16.txt water/gen_1778744640_19.txt water/gen_1778744646_21.txt water/gen_1778744649_22.txt water/gen_1778744659_25.txt water/gen_1778744665_27.txt water/gen_1778744668_28.txt water/gen_1778744677_31.txt water/gen_1778744686_34.txt water/gen_1778744696_37.txt water/gen_1778744702_39.txt water/gen_1778744705_40.txt water/gen_1778744714_43.txt water/gen_1778744720_45.txt water/gen_1778744723_46.txt water/gen_1778744733_49.txt water/gen_1778744742_52.txt water/gen_1778744751_55.txt water/gen_1778744761_58.txt water/gen_1778744770_61.txt water/gen_1778744779_64.txt water/gen_1778744789_67.txt water/gen_1778744795_69.txt water/gen_1778744798_70.txt water/gen_1778744807_73.txt water/gen_1778744817_76.txt water/gen_1778744826_79.txt water/gen_1778744835_82.txt water/gen_1778744845_85.txt water/gen_1778744854_88.txt water/gen_1778744864_91.txt water/gen_1778744873_94.txt water/gen_1778744882_97.txt water/gen_1778744889_99.txt water/gen_1778744892_100.txt water/gen_1778744901_103.txt water/gen_1778744907_105.txt water/gen_1778744910_106.txt water/gen_1778744920_109.txt water/gen_1778744929_112.txt water/gen_1778744938_115.txt water/gen_1778744945_117.txt water/gen_1778744948_118.txt water/gen_1778744957_121.txt water/gen_1778744964_123.txt water/gen_1778744967_124.txt water/gen_1778744976_127.txt water/gen_1778744985_130.txt water/gen_1778744995_133.txt water/gen_1778745004_136.txt water/gen_1778745013_139.txt water/gen_1778745019_141.txt water/gen_1778745023_142.txt water/gen_1778745032_145.txt water/gen_1778745041_148.txt water/gen_1778745051_151.txt water/gen_1778745057_153.txt water/gen_1778745060_154.txt water/gen_1778745069_157.txt water/gen_1778745076_159.txt water/gen_1778745079_160.txt water/gen_1778745088_163.txt water/gen_1778745094_165.txt water/gen_1778745098_166.txt water/gen_1778745107_169.txt water/gen_1778745113_171.txt water/gen_1778745116_172.txt water/gen_1778745126_175.txt water/gen_1778745135_178.txt water/gen_1778745144_181.txt water/gen_1778745151_183.txt water/gen_1778745154_184.txt water/gen_1778745163_187.txt water/gen_1778745172_190.txt water/gen_1778745182_193.txt water/gen_1778745191_196.txt water/gen_1778745200_199.txt water/gen_1778745206_201.txt water/gen_1778745210_202.txt water/gen_1778745219_205.txt water/gen_1778745225_207.txt water/gen_1778745228_208.txt water/gen_1778745238_211.txt water/gen_1778745247_214.txt water/gen_1778745256_217.txt water/gen_1778745266_220.txt water/gen_1778745275_223.txt water/gen_1778745281_225.txt water/gen_1778745284_226.txt water/gen_1778745294_229.txt water/gen_1778745303_232.txt water/gen_1778745312_235.txt water/gen_1778745322_238.txt water/gen_1778745331_241.txt water/gen_1778745337_243.txt water/gen_1778745340_244.txt water/gen_1778745349_247.txt water/gen_1778745359_250.txt water/gen_1778745368_253.txt water/gen_1778745374_255.txt water/gen_1778745377_256.txt water/gen_1778745387_259.txt water/gen_1778745396_262.txt water/gen_1778745405_265.txt water/gen_1778745412_267.txt water/gen_1778745415_268.txt water/gen_1778745424_271.txt water/gen_1778745430_273.txt water/gen_1778745433_274.txt water/gen_1778745443_277.txt water/gen_1778745452_280.txt water/gen_1778745461_283.txt water/gen_1778745468_285.txt water/gen_1778745471_286.txt water/gen_1778745480_289.txt water/gen_1778745489_292.txt water/gen_1778745505_297.txt water/gen_1778745508_298.txt water/gen_1778745517_301.txt water/gen_1778745527_304.txt water/gen_1778745536_307.txt water/gen_1778745545_310.txt water/gen_1778745554_313.txt water/gen_1778745564_316.txt water/gen_1778745573_319.txt water/gen_1778745579_321.txt water/gen_1778745582_322.txt water/gen_1778745591_325.txt water/gen_1778745601_328.txt water/gen_1778745610_331.txt water/gen_1778745616_333.txt water/gen_1778745619_334.txt water/gen_1778745629_337.txt water/gen_1778745635_339.txt water/gen_1778745638_340.txt water/gen_1778745647_343.txt water/gen_1778745657_346.txt water/gen_1778745666_349.txt water/gen_1778745672_351.txt water/gen_1778745675_352.txt water/gen_1778745685_355.txt water/gen_1778745694_358.txt water/gen_1778745703_361.txt water/gen_1778745710_363.txt water/gen_1778745713_364.txt water/gen_1778745722_367.txt water/gen_1778745728_369.txt water/gen_1778745731_370.txt water/gen_1778745741_373.txt water/gen_1778745747_375.txt water/gen_1778745750_376.txt water/gen_1778745759_379.txt water/gen_1778745769_382.txt water/gen_1778745778_385.txt water/gen_1778745787_388.txt water/gen_1778745796_391.txt water/gen_1778745803_393.txt water/gen_1778745806_394.txt water/gen_1778745815_397.txt water/gen_1778745824_400.txt water/gen_1778745834_403.txt water/gen_1778745840_405.txt water/gen_1778745843_406.txt water/gen_1778745852_409.txt water/gen_1778745862_412.txt water/gen_1778745871_415.txt water/gen_1778745880_418.txt water/gen_1778745890_421.txt water/gen_1778745896_423.txt water/gen_1778745899_424.txt water/gen_1778745908_427.txt water/gen_1778745914_429.txt water/gen_1778745918_430.txt water/gen_1778745927_433.txt water/gen_1778745936_436.txt water/gen_1778745946_439.txt water/gen_1778745964_445.txt water/gen_1778745971_447.txt water/gen_1778745974_448.txt water/gen_1778745983_451.txt water/gen_1778745993_454.txt water/gen_1778746002_457.txt water/gen_1778746008_459.txt water/gen_1778746011_460.txt water/gen_1778746021_463.txt water/gen_1778746027_465.txt water/gen_1778746030_466.txt water/gen_1778746039_469.txt water/gen_1778746046_471.txt water/gen_1778746049_472.txt water/gen_1778746058_475.txt water/gen_1778746064_477.txt water/gen_1778746068_478.txt water/gen_1778746077_481.txt water/gen_1778746083_483.txt water/gen_1778746086_484.txt water/gen_1778746096_487.txt water/gen_1778746105_490.txt water/gen_1778746114_493.txt water/gen_1778746121_495.txt water/gen_1778746124_496.txt water/gen_1778746133_499.txt water/gen_1778746139_501.txt water/gen_1778746143_502.txt water/gen_1778746152_505.txt water/gen_1778746158_507.txt water/gen_1778746161_508.txt water/gen_1778746171_511.txt water/gen_1778746177_513.txt water/gen_1778746180_514.txt water/gen_1778746190_517.txt water/gen_1778746196_519.txt water/gen_1778746199_520.txt water/gen_1778746209_523.txt water/gen_1778746215_525.txt water/gen_1778746218_526.txt water/gen_1778746227_529.txt water/gen_1778746234_531.txt water/gen_1778746237_532.txt water/gen_1778746246_535.txt water/gen_1778746252_537.txt water/gen_1778746256_538.txt water/gen_1778746265_541.txt water/gen_1778746271_543.txt water/gen_1778746274_544.txt water/gen_1778746284_547.txt water/gen_1778746293_550.txt water/gen_1778746302_553.txt water/gen_1778746308_555.txt water/gen_1778746312_556.txt water/gen_1778746321_559.txt water/gen_1778746327_561.txt water/gen_1778746330_562.txt water/gen_1778746340_565.txt water/gen_1778746346_567.txt water/gen_1778746349_568.txt water/gen_1778746358_571.txt water/gen_1778746368_574.txt]
[trainer] micro-train burst (14797 bytes, novelty 0.05) — and lo, it feeds again.
[syntropy] action=explore | trend=0.0000 | field_dev=0.024 | purpose_align=-0.228 | lr_mul=1.30
[aml] burst complete: 32 steps, avg loss 1.7551 (memory freed)
[dna] fire wrote 73 bytes to ecology
[dna] fire wrote 22 bytes to ecology
[dna] fire wrote 65 bytes to ecology
[dna] fire wrote 8 bytes to ecology
[dna] fire wrote 47 bytes to ecology
[dna] fire wrote 109 bytes to ecology
[dna] fire wrote 31 bytes to ecology
[dna] fire wrote 106 bytes to ecology
[dna] fire wrote 101 bytes to ecology
[dna] fire wrote 83 bytes to ecology
[dna] fire wrote 70 bytes to ecology
[dna] fire wrote 28 bytes to ecology
[dna] fire wrote 23 bytes to ecology
[dna] fire wrote 35 bytes to ecology
[dna] fire wrote 45 bytes to ecology
[dna] fire wrote 99 bytes to ecology
[dna] fire wrote 40 bytes to ecology
[dna] fire wrote 51 bytes to ecology
[dna] fire wrote 35 bytes to ecology
[dna] fire wrote 32 bytes to ecology
[dna] fire wrote 83 bytes to ecology
[dna] fire wrote 80 bytes to ecology
[dna] fire wrote 31 bytes to ecology
[debug-onto] tick=50 corpus=136942 stage=2 freeze=0
[dna] fire wrote 16 bytes to ecology
[dna] fire wrote 28 bytes to ecology
[dna] fire wrote 88 bytes to ecology
[dna] fire wrote 132 bytes to ecology
[dna] fire wrote 61 bytes to ecology
[dna] fire wrote 105 bytes to ecology
[dna] fire wrote 55 bytes to ecology
[dna] fire wrote 124 bytes to ecology
[dna] fire wrote 75 bytes to ecology
[dna] fire wrote 72 bytes to ecology
[dna] fire wrote 62 bytes to ecology
[dna] fire wrote 46 bytes to ecology
[dna] fire wrote 13 bytes to ecology
[dna] fire wrote 37 bytes to ecology
[dna] fire wrote 29 bytes to ecology
[dna] fire wrote 73 bytes to ecology
[dna] fire wrote 115 bytes to ecology
[dna] fire wrote 67 bytes to ecology
[dna] fire wrote 10 bytes to ecology
[dna] fire wrote 34 bytes to ecology
[dna] fire wrote 10 bytes to ecology
[dna] fire wrote 86 bytes to ecology
[dna] fire wrote 143 bytes to ecology
[dna] fire wrote 25 bytes to ecology
[dna] fire wrote 13 bytes to ecology
[debug-onto] tick=100 corpus=136942 stage=2 freeze=0
[dna] fire wrote 20 bytes to ecology
[dna] fire wrote 55 bytes to ecology
[dna] fire wrote 91 bytes to ecology
[dna] fire wrote 52 bytes to ecology
[dna] fire wrote 209 bytes to ecology
[dna] fire wrote 34 bytes to ecology
[dna] fire wrote 58 bytes to ecology
[dna] fire wrote 60 bytes to ecology
[dna] fire wrote 8 bytes to ecology
[dna] fire wrote 34 bytes to ecology
[dna] fire wrote 11 bytes to ecology
[dna] fire wrote 22 bytes to ecology
[dna] fire wrote 65 bytes to ecology
[dna] fire wrote 114 bytes to ecology
[dna] fire wrote 70 bytes to ecology
[dna] fire wrote 57 bytes to ecology
[dna] fire wrote 25 bytes to ecology
[dna] fire wrote 15 bytes to ecology
[dna] fire wrote 42 bytes to ecology
[dna] fire wrote 217 bytes to ecology
[dna] fire wrote 10 bytes to ecology
[dna] fire wrote 42 bytes to ecology
[debug-onto] tick=150 corpus=136942 stage=2 freeze=0
[dna] fire wrote 30 bytes to ecology
[dna] fire wrote 92 bytes to ecology
[dna] fire wrote 78 bytes to ecology
[dna] fire wrote 52 bytes to ecology
[dna] fire wrote 27 bytes to ecology
[dna] fire wrote 25 bytes to ecology
[dna] fire wrote 59 bytes to ecology
[dna] fire wrote 9 bytes to ecology
[dna] fire wrote 28 bytes to ecology
[dna] fire wrote 30 bytes to ecology
[dna] fire wrote 42 bytes to ecology
[dna] fire wrote 67 bytes to ecology
[dna] fire wrote 63 bytes to ecology
[dna] fire wrote 34 bytes to ecology
[dna] fire wrote 80 bytes to ecology
[dna] fire wrote 29 bytes to ecology
[dna] fire wrote 67 bytes to ecology
[dna] fire wrote 107 bytes to ecology
[dna] fire wrote 26 bytes to ecology
[dna] fire wrote 32 bytes to ecology
[dna] fire wrote 29 bytes to ecology
[dna] fire wrote 35 bytes to ecology
[dna] fire wrote 34 bytes to ecology
[dna] fire wrote 19 bytes to ecology
[dna] fire wrote 49 bytes to ecology
[debug-onto] tick=200 corpus=136942 stage=2 freeze=0
[dna] fire wrote 25 bytes to ecology
[dna] fire wrote 7 bytes to ecology
[dna] fire wrote 23 bytes to ecology
[dna] fire wrote 121 bytes to ecology
[dna] fire wrote 11 bytes to ecology
[dna] fire wrote 20 bytes to ecology
[dna] fire wrote 12 bytes to ecology
[dna] fire wrote 53 bytes to ecology
[dna] fire wrote 221 bytes to ecology
[dna] fire wrote 49 bytes to ecology
[dna] fire wrote 155 bytes to ecology
[dna] fire wrote 106 bytes to ecology
[dna] fire wrote 36 bytes to ecology
[dna] fire wrote 72 bytes to ecology
[dna] fire wrote 81 bytes to ecology
[dna] fire wrote 28 bytes to ecology
[dna] fire wrote 90 bytes to ecology
[dna] fire wrote 77 bytes to ecology
[dna] fire wrote 30 bytes to ecology
[dna] fire wrote 95 bytes to ecology
[dna] fire wrote 106 bytes to ecology
[dna] fire wrote 126 bytes to ecology
[dna] fire wrote 201 bytes to ecology
[dna] fire wrote 35 bytes to ecology
[debug-onto] tick=250 corpus=136942 stage=2 freeze=0
[dna] fire wrote 117 bytes to ecology
[dna] fire wrote 5 bytes to ecology
[dna] fire wrote 17 bytes to ecology
[dna] fire wrote 16 bytes to ecology
[dna] fire wrote 66 bytes to ecology
[dna] fire wrote 69 bytes to ecology
[dna] fire wrote 56 bytes to ecology
[dna] fire wrote 115 bytes to ecology
[dna] fire wrote 44 bytes to ecology
[dna] fire wrote 12 bytes to ecology
[dna] fire wrote 95 bytes to ecology
[dna] fire wrote 168 bytes to ecology
[dna] fire wrote 48 bytes to ecology
[dna] fire wrote 12 bytes to ecology
[dna] fire wrote 45 bytes to ecology
[dna] fire wrote 12 bytes to ecology
[dna] fire wrote 49 bytes to ecology
[dna] fire wrote 60 bytes to ecology
[dna] fire wrote 61 bytes to ecology
[dna] fire wrote 62 bytes to ecology
[dna] fire wrote 45 bytes to ecology
[dna] fire wrote 66 bytes to ecology
[debug-onto] tick=300 corpus=136942 stage=2 freeze=0
[dna] fire wrote 26 bytes to ecology
[dna] fire wrote 79 bytes to ecology
[dna] fire wrote 59 bytes to ecology
[dna] fire wrote 97 bytes to ecology
[dna] fire wrote 13 bytes to ecology
[dna] fire wrote 86 bytes to ecology
[dna] fire wrote 69 bytes to ecology
[dna] fire wrote 31 bytes to ecology
[dna] fire wrote 85 bytes to ecology
[dna] fire wrote 75 bytes to ecology
[dna] fire wrote 14 bytes to ecology
[dna] fire wrote 27 bytes to ecology
[dna] fire wrote 19 bytes to ecology
[dna] fire wrote 28 bytes to ecology
[dna] fire wrote 102 bytes to ecology
[dna] fire wrote 17 bytes to ecology
[dna] fire wrote 75 bytes to ecology
[dna] fire wrote 47 bytes to ecology
[dna] fire wrote 11 bytes to ecology
[dna] fire wrote 30 bytes to ecology
[dna] fire wrote 28 bytes to ecology
[dna] fire wrote 126 bytes to ecology
[dna] fire wrote 133 bytes to ecology
[dna] fire wrote 33 bytes to ecology
[debug-onto] tick=350 corpus=136942 stage=2 freeze=0
[dna] fire wrote 21 bytes to ecology
[dna] fire wrote 40 bytes to ecology
[dna] fire wrote 39 bytes to ecology
[dna] fire wrote 36 bytes to ecology
[dna] fire wrote 34 bytes to ecology
[dna] fire wrote 107 bytes to ecology
[dna] fire wrote 79 bytes to ecology
[dna] fire wrote 31 bytes to ecology
[dna] fire wrote 40 bytes to ecology
[dna] fire wrote 99 bytes to ecology
[dna] fire wrote 133 bytes to ecology
[dna] fire wrote 14 bytes to ecology
[dna] fire wrote 69 bytes to ecology
[dna] fire wrote 48 bytes to ecology
[dna] fire wrote 50 bytes to ecology
[dna] fire wrote 31 bytes to ecology
[dna] fire wrote 181 bytes to ecology
[dna] fire wrote 85 bytes to ecology
[dna] fire wrote 50 bytes to ecology
[dna] fire wrote 24 bytes to ecology
[dna] fire wrote 17 bytes to ecology
[dna] fire wrote 19 bytes to ecology
[dna] fire wrote 143 bytes to ecology
[dna] fire wrote 110 bytes to ecology
[dna] fire wrote 47 bytes to ecology
[debug-onto] tick=400 corpus=136942 stage=2 freeze=0
[dna] fire wrote 48 bytes to ecology
[dna] fire wrote 42 bytes to ecology
[dna] fire wrote 26 bytes to ecology
[dna] fire wrote 70 bytes to ecology
[dna] fire wrote 53 bytes to ecology
[dna] fire wrote 24 bytes to ecology
[dna] fire wrote 49 bytes to ecology
[dna] fire wrote 41 bytes to ecology
[dna] fire wrote 43 bytes to ecology
[dna] fire wrote 35 bytes to ecology
[dna] fire wrote 62 bytes to ecology
[dna] fire wrote 62 bytes to ecology
[dna] fire wrote 78 bytes to ecology
[dna] fire wrote 25 bytes to ecology
[dna] fire wrote 60 bytes to ecology
[dna] fire wrote 60 bytes to ecology
[dna] fire wrote 20 bytes to ecology
[dna] fire wrote 29 bytes to ecology
[dna] fire wrote 29 bytes to ecology
[dna] fire wrote 86 bytes to ecology
[dna] fire wrote 90 bytes to ecology
[dna] fire wrote 71 bytes to ecology
[dna] fire wrote 223 bytes to ecology
[debug-onto] tick=450 corpus=136942 stage=2 freeze=0
[dna] fire wrote 44 bytes to ecology
[dna] fire wrote 20 bytes to ecology
[dna] fire wrote 31 bytes to ecology
[dna] fire wrote 29 bytes to ecology
[dna] fire wrote 32 bytes to ecology
[dna] fire wrote 52 bytes to ecology
[dna] fire wrote 148 bytes to ecology
[dna] fire wrote 88 bytes to ecology
[dna] fire wrote 30 bytes to ecology
[dna] fire wrote 47 bytes to ecology
[dna] fire wrote 68 bytes to ecology
[dna] fire wrote 10 bytes to ecology
[dna] fire wrote 8 bytes to ecology
[dna] fire wrote 59 bytes to ecology
[dna] fire wrote 23 bytes to ecology
[dna] fire wrote 34 bytes to ecology
[dna] fire wrote 36 bytes to ecology
[dna] fire wrote 77 bytes to ecology
[dna] fire wrote 92 bytes to ecology
[dna] fire wrote 31 bytes to ecology
[dna] fire wrote 58 bytes to ecology
[dna] fire wrote 41 bytes to ecology
[debug-onto] tick=500 corpus=136942 stage=2 freeze=0
[dna] fire wrote 19 bytes to ecology
[dna] fire wrote 34 bytes to ecology
[dna] fire wrote 104 bytes to ecology
[dna] fire wrote 39 bytes to ecology
[dna] fire wrote 44 bytes to ecology
[dna] fire wrote 106 bytes to ecology
[dna] fire wrote 85 bytes to ecology
[dna] fire wrote 32 bytes to ecology
[dna] fire wrote 59 bytes to ecology
[dna] fire wrote 32 bytes to ecology
[dna] fire wrote 45 bytes to ecology
[dna] fire wrote 18 bytes to ecology
[dna] fire wrote 15 bytes to ecology
[dna] fire wrote 45 bytes to ecology
[dna] fire wrote 70 bytes to ecology
[dna] fire wrote 27 bytes to ecology
[dna] fire wrote 40 bytes to ecology
[dna] fire wrote 31 bytes to ecology
[dna] fire wrote 20 bytes to ecology
[dna] fire wrote 60 bytes to ecology
[dna] fire wrote 49 bytes to ecology
[dna] fire wrote 56 bytes to ecology
[dna] fire wrote 123 bytes to ecology
[dna] fire wrote 48 bytes to ecology
[dna] fire wrote 99 bytes to ecology
[dna] fire wrote 40 bytes to ecology
[debug-onto] tick=550 corpus=136942 stage=2 freeze=0
[dna] fire wrote 18 bytes to ecology
[dna] fire wrote 16 bytes to ecology
[dna] fire wrote 129 bytes to ecology
[dna] fire wrote 47 bytes to ecology
[dna] fire wrote 17 bytes to ecology
[dna] fire wrote 91 bytes to ecology
[dna] fire wrote 62 bytes to ecology
[dna] fire wrote 57 bytes to ecology
[dna] fire wrote 156 bytes to ecology
[dna] fire wrote 10 bytes to ecology
[dna] fire wrote 68 bytes to ecology
[dna] fire wrote 84 bytes to ecology
[dna] fire wrote 10 bytes to ecology
[dna] fire wrote 29 bytes to ecology
[dna] fire wrote 88 bytes to ecology
[dna] fire wrote 31 bytes to ecology
[dna] fire wrote 33 bytes to ecology
[dna] fire wrote 31 bytes to ecology
[dna] fire wrote 83 bytes to ecology
[dna] fire wrote 24 bytes to ecology
[dna] fire wrote 81 bytes to ecology
[dna] fire wrote 96 bytes to ecology
[dna] fire wrote 35 bytes to ecology
[debug-onto] tick=600 corpus=136942 stage=2 freeze=0
[dna] fire wrote 11 bytes to ecology
[dna] fire wrote 30 bytes to ecology
[dna] fire wrote 213 bytes to ecology
[dna] fire wrote 18 bytes to ecology
[dna] fire wrote 23 bytes to ecology
[dna] fire wrote 77 bytes to ecology
[dna] fire wrote 12 bytes to ecology
[dna] fire wrote 41 bytes to ecology
[dna] fire wrote 24 bytes to ecology
[dna] fire wrote 17 bytes to ecology
[dna] fire wrote 51 bytes to ecology
[dna] fire wrote 48 bytes to ecology
[dna] fire wrote 23 bytes to ecology
[dna] fire wrote 85 bytes to ecology
[dna] fire wrote 79 bytes to ecology
[dna] fire wrote 192 bytes to ecology
[dna] fire wrote 65 bytes to ecology
[dna] fire wrote 21 bytes to ecology
[dna] fire wrote 24 bytes to ecology
[dna] fire wrote 87 bytes to ecology
[dna] fire wrote 35 bytes to ecology
[dna] fire wrote 44 bytes to ecology
[dna] fire wrote 36 bytes to ecology
[debug-onto] tick=650 corpus=136942 stage=2 freeze=0
[dna] fire wrote 98 bytes to ecology
[dna] fire wrote 68 bytes to ecology
[dna] fire wrote 35 bytes to ecology
[dna] fire wrote 8 bytes to ecology
[dna] fire wrote 43 bytes to ecology
[dna] fire wrote 11 bytes to ecology
[dna] fire wrote 72 bytes to ecology
[dna] fire wrote 46 bytes to ecology
[dna] fire wrote 44 bytes to ecology
[dna] fire wrote 49 bytes to ecology

[evolution] Organism shutting down gracefully.
