[ecology] Element: water → corpus: nonames_water.txt
[evolution] Autonomous evolution mode — organism will grow through all stages without pause.
[ecology] Joined swarm. 1 peer(s) detected.
molequla is alive. [evolution] Autonomous mode — background trainer running. Ctrl+C to stop.
[dna] water wrote 27 bytes to ecology
[dna] water consumed 33161 bytes from 420 files: [air/gen_1778742775_1.txt air/gen_1778742790_3.txt air/gen_1778742793_4.txt air/gen_1778742796_5.txt air/gen_1778742801_7.txt air/gen_1778742807_9.txt air/gen_1778742810_10.txt air/gen_1778742813_11.txt air/gen_1778742818_13.txt air/gen_1778742824_15.txt air/gen_1778742827_16.txt air/gen_1778742829_17.txt air/gen_1778742835_19.txt air/gen_1778742841_21.txt air/gen_1778742843_22.txt air/gen_1778742846_23.txt air/gen_1778742852_25.txt air/gen_1778742858_27.txt air/gen_1778742860_28.txt air/gen_1778742863_29.txt air/gen_1778742869_31.txt air/gen_1778742874_33.txt air/gen_1778742877_34.txt air/gen_1778742880_35.txt air/gen_1778742886_37.txt air/gen_1778742891_39.txt air/gen_1778742894_40.txt air/gen_1778742897_41.txt air/gen_1778742902_43.txt air/gen_1778742908_45.txt air/gen_1778742911_46.txt air/gen_1778742913_47.txt air/gen_1778742919_49.txt air/gen_1778742925_51.txt air/gen_1778742927_52.txt air/gen_1778742930_53.txt air/gen_1778742936_55.txt air/gen_1778742941_57.txt air/gen_1778742944_58.txt air/gen_1778742947_59.txt air/gen_1778742952_61.txt air/gen_1778742958_63.txt air/gen_1778742961_64.txt air/gen_1778742963_65.txt air/gen_1778742969_67.txt air/gen_1778742975_69.txt air/gen_1778742978_70.txt air/gen_1778742980_71.txt air/gen_1778742986_73.txt air/gen_1778742991_75.txt air/gen_1778742994_76.txt air/gen_1778742997_77.txt air/gen_1778743003_79.txt air/gen_1778743008_81.txt air/gen_1778743011_82.txt air/gen_1778743014_83.txt air/gen_1778743019_85.txt air/gen_1778743025_87.txt air/gen_1778743028_88.txt air/gen_1778743036_91.txt air/gen_1778743042_93.txt air/gen_1778743044_94.txt air/gen_1778743053_97.txt air/gen_1778743058_99.txt air/gen_1778743061_100.txt air/gen_1778743064_101.txt air/gen_1778743070_103.txt air/gen_1778743075_105.txt air/gen_1778743078_106.txt air/gen_1778743081_107.txt air/gen_1778743086_109.txt air/gen_1778743092_111.txt air/gen_1778743095_112.txt air/gen_1778743098_113.txt air/gen_1778743103_115.txt air/gen_1778743109_117.txt air/gen_1778743112_118.txt air/gen_1778743114_119.txt air/gen_1778743120_121.txt air/gen_1778743126_123.txt air/gen_1778743128_124.txt air/gen_1778743131_125.txt air/gen_1778743137_127.txt air/gen_1778743143_129.txt air/gen_1778743146_130.txt air/gen_1778743148_131.txt air/gen_1778743154_133.txt air/gen_1778743160_135.txt air/gen_1778743162_136.txt air/gen_1778743165_137.txt air/gen_1778743171_139.txt air/gen_1778743176_141.txt air/gen_1778743179_142.txt air/gen_1778743182_143.txt air/gen_1778743187_145.txt air/gen_1778743193_147.txt air/gen_1778743196_148.txt air/gen_1778743198_149.txt air/gen_1778743204_151.txt air/gen_1778743210_153.txt air/gen_1778743212_154.txt air/gen_1778743215_155.txt air/gen_1778743221_157.txt air/gen_1778743226_159.txt air/gen_1778743229_160.txt air/gen_1778743232_161.txt air/gen_1778743237_163.txt air/gen_1778743243_165.txt air/gen_1778743246_166.txt air/gen_1778743248_167.txt air/gen_1778743254_169.txt air/gen_1778743259_171.txt air/gen_1778743262_172.txt air/gen_1778743265_173.txt air/gen_1778743270_175.txt air/gen_1778743276_177.txt air/gen_1778743279_178.txt air/gen_1778743281_179.txt air/gen_1778743287_181.txt air/gen_1778743292_183.txt air/gen_1778743295_184.txt air/gen_1778743298_185.txt air/gen_1778743304_187.txt air/gen_1778743309_189.txt air/gen_1778743312_190.txt air/gen_1778743315_191.txt air/gen_1778743320_193.txt air/gen_1778743326_195.txt air/gen_1778743329_196.txt air/gen_1778743331_197.txt air/gen_1778743337_199.txt air/gen_1778743345_202.txt air/gen_1778743348_203.txt air/gen_1778743354_205.txt air/gen_1778743359_207.txt air/gen_1778743362_208.txt air/gen_1778743365_209.txt air/gen_1778743370_211.txt air/gen_1778743376_213.txt air/gen_1778743379_214.txt air/gen_1778743381_215.txt air/gen_1778743387_217.txt air/gen_1778743393_219.txt air/gen_1778743395_220.txt air/gen_1778743398_221.txt air/gen_1778743404_223.txt air/gen_1778743409_225.txt air/gen_1778743412_226.txt air/gen_1778743415_227.txt air/gen_1778743420_229.txt air/gen_1778743426_231.txt air/gen_1778743429_232.txt air/gen_1778743431_233.txt air/gen_1778743437_235.txt air/gen_1778743442_237.txt air/gen_1778743445_238.txt air/gen_1778743448_239.txt air/gen_1778743453_241.txt air/gen_1778743459_243.txt air/gen_1778743462_244.txt air/gen_1778743470_247.txt air/gen_1778743476_249.txt air/gen_1778743479_250.txt air/gen_1778743481_251.txt air/gen_1778743487_253.txt air/gen_1778743492_255.txt air/gen_1778743495_256.txt air/gen_1778743498_257.txt air/gen_1778743503_259.txt air/gen_1778743509_261.txt air/gen_1778743512_262.txt air/gen_1778743515_263.txt air/gen_1778743520_265.txt air/gen_1778743526_267.txt air/gen_1778743528_268.txt air/gen_1778743531_269.txt air/gen_1778743537_271.txt air/gen_1778743542_273.txt air/gen_1778743545_274.txt air/gen_1778743548_275.txt air/gen_1778743554_277.txt air/gen_1778743559_279.txt air/gen_1778743562_280.txt air/gen_1778743565_281.txt air/gen_1778743570_283.txt air/gen_1778743576_285.txt air/gen_1778743579_286.txt air/gen_1778743582_287.txt air/gen_1778743587_289.txt air/gen_1778743593_291.txt air/gen_1778743596_292.txt air/gen_1778743599_293.txt air/gen_1778743604_295.txt air/gen_1778743610_297.txt air/gen_1778743613_298.txt air/gen_1778743615_299.txt air/gen_1778743621_301.txt air/gen_1778743627_303.txt air/gen_1778743629_304.txt air/gen_1778743632_305.txt air/gen_1778743638_307.txt air/gen_1778743643_309.txt air/gen_1778743646_310.txt air/gen_1778743654_313.txt air/gen_1778743660_315.txt air/gen_1778743663_316.txt air/gen_1778743666_317.txt air/gen_1778743671_319.txt air/gen_1778743677_321.txt air/gen_1778743680_322.txt air/gen_1778743683_323.txt air/gen_1778743688_325.txt air/gen_1778743694_327.txt air/gen_1778743697_328.txt air/gen_1778743700_329.txt air/gen_1778743705_331.txt air/gen_1778743711_333.txt air/gen_1778743714_334.txt air/gen_1778743716_335.txt air/gen_1778743722_337.txt air/gen_1778743728_339.txt air/gen_1778743730_340.txt air/gen_1778743733_341.txt air/gen_1778743739_343.txt air/gen_1778743745_345.txt air/gen_1778743747_346.txt air/gen_1778743750_347.txt air/gen_1778743756_349.txt air/gen_1778743762_351.txt air/gen_1778743765_352.txt air/gen_1778743767_353.txt air/gen_1778743773_355.txt air/gen_1778743779_357.txt air/gen_1778743781_358.txt air/gen_1778743784_359.txt air/gen_1778743790_361.txt air/gen_1778743796_363.txt air/gen_1778743798_364.txt air/gen_1778743801_365.txt air/gen_1778743807_367.txt air/gen_1778743813_369.txt air/gen_1778743815_370.txt air/gen_1778743818_371.txt air/gen_1778743824_373.txt air/gen_1778743830_375.txt air/gen_1778743832_376.txt air/gen_1778743835_377.txt air/gen_1778743841_379.txt air/gen_1778743846_381.txt air/gen_1778743849_382.txt air/gen_1778743852_383.txt air/gen_1778743857_385.txt air/gen_1778743863_387.txt air/gen_1778743866_388.txt air/gen_1778743869_389.txt air/gen_1778743874_391.txt air/gen_1778743880_393.txt air/gen_1778743883_394.txt air/gen_1778743886_395.txt air/gen_1778743891_397.txt air/gen_1778743897_399.txt air/gen_1778743900_400.txt air/gen_1778743902_401.txt air/gen_1778743908_403.txt air/gen_1778743914_405.txt air/gen_1778743916_406.txt air/gen_1778743919_407.txt air/gen_1778743925_409.txt air/gen_1778743930_411.txt air/gen_1778743933_412.txt air/gen_1778743936_413.txt air/gen_1778743941_415.txt air/gen_1778743947_417.txt air/gen_1778743950_418.txt air/gen_1778743953_419.txt air/gen_1778743958_421.txt air/gen_1778743964_423.txt air/gen_1778743967_424.txt air/gen_1778743969_425.txt air/gen_1778743975_427.txt air/gen_1778743980_429.txt air/gen_1778743983_430.txt air/gen_1778743986_431.txt air/gen_1778743991_433.txt air/gen_1778743997_435.txt air/gen_1778744000_436.txt air/gen_1778744002_437.txt air/gen_1778744008_439.txt air/gen_1778744014_441.txt air/gen_1778744016_442.txt air/gen_1778744019_443.txt air/gen_1778744025_445.txt air/gen_1778744030_447.txt air/gen_1778744033_448.txt air/gen_1778744036_449.txt air/gen_1778744041_451.txt air/gen_1778744047_453.txt air/gen_1778744050_454.txt air/gen_1778744052_455.txt air/gen_1778744058_457.txt air/gen_1778744064_459.txt air/gen_1778744066_460.txt air/gen_1778744069_461.txt air/gen_1778744075_463.txt air/gen_1778744080_465.txt air/gen_1778744083_466.txt air/gen_1778744086_467.txt air/gen_1778744091_469.txt air/gen_1778744097_471.txt air/gen_1778744100_472.txt air/gen_1778744102_473.txt air/gen_1778744108_475.txt air/gen_1778744113_477.txt air/gen_1778744116_478.txt air/gen_1778744119_479.txt air/gen_1778744125_481.txt air/gen_1778744130_483.txt air/gen_1778744133_484.txt air/gen_1778744141_487.txt air/gen_1778744147_489.txt air/gen_1778744150_490.txt air/gen_1778744153_491.txt air/gen_1778744158_493.txt air/gen_1778744164_495.txt air/gen_1778744166_496.txt air/gen_1778744169_497.txt air/gen_1778744175_499.txt air/gen_1778744180_501.txt air/gen_1778744183_502.txt air/gen_1778744186_503.txt air/gen_1778744191_505.txt air/gen_1778744197_507.txt air/gen_1778744200_508.txt air/gen_1778744202_509.txt air/gen_1778744208_511.txt air/gen_1778744214_513.txt air/gen_1778744216_514.txt air/gen_1778744219_515.txt air/gen_1778744225_517.txt air/gen_1778744230_519.txt air/gen_1778744233_520.txt air/gen_1778744236_521.txt air/gen_1778744241_523.txt air/gen_1778744247_525.txt air/gen_1778744250_526.txt air/gen_1778744252_527.txt air/gen_1778744258_529.txt air/gen_1778744263_531.txt air/gen_1778744266_532.txt air/gen_1778744269_533.txt air/gen_1778744275_535.txt air/gen_1778744280_537.txt air/gen_1778744283_538.txt air/gen_1778744286_539.txt air/gen_1778744291_541.txt air/gen_1778744297_543.txt air/gen_1778744300_544.txt air/gen_1778744303_545.txt air/gen_1778744308_547.txt air/gen_1778744314_549.txt air/gen_1778744316_550.txt air/gen_1778744319_551.txt air/gen_1778744325_553.txt air/gen_1778744330_555.txt air/gen_1778744333_556.txt air/gen_1778744336_557.txt air/gen_1778744341_559.txt air/gen_1778744347_561.txt air/gen_1778744350_562.txt air/gen_1778744358_565.txt air/gen_1778744364_567.txt air/gen_1778744366_568.txt air/gen_1778744369_569.txt air/gen_1778744375_571.txt air/gen_1778744380_573.txt air/gen_1778744383_574.txt air/gen_1778744391_577.txt air/gen_1778744397_579.txt air/gen_1778744399_580.txt air/gen_1778744402_581.txt air/gen_1778744408_583.txt air/gen_1778744413_585.txt air/gen_1778744416_586.txt air/gen_1778744419_587.txt air/gen_1778744425_589.txt air/gen_1778744430_591.txt air/gen_1778744433_592.txt air/gen_1778744436_593.txt air/gen_1778744441_595.txt air/gen_1778744447_597.txt air/gen_1778744450_598.txt air/gen_1778744453_599.txt air/gen_1778744458_601.txt air/gen_1778744464_603.txt air/gen_1778744466_604.txt air/gen_1778744469_605.txt air/gen_1778744475_607.txt air/gen_1778744480_609.txt air/gen_1778744483_610.txt air/gen_1778744486_611.txt air/gen_1778744491_613.txt air/gen_1778744497_615.txt air/gen_1778744500_616.txt air/gen_1778744503_617.txt air/gen_1778744508_619.txt air/gen_1778744514_621.txt air/gen_1778744516_622.txt air/gen_1778744519_623.txt air/gen_1778744525_625.txt air/gen_1778744530_627.txt air/gen_1778744533_628.txt air/gen_1778744536_629.txt air/gen_1778744542_631.txt air/gen_1778744547_633.txt air/gen_1778744550_634.txt air/gen_1778744553_635.txt air/gen_1778744558_637.txt air/gen_1778744564_639.txt air/gen_1778744567_640.txt air/gen_1778744570_641.txt]
[trainer] micro-train burst (33161 bytes, novelty 0.02) — and lo, it feeds again.
[syntropy] action=explore | trend=0.0000 | field_dev=-0.027 | purpose_align=-0.217 | lr_mul=1.30
[aml] burst complete: 32 steps, avg loss 1.6447 (memory freed)
[dna] water wrote 23 bytes to ecology
[dna] water wrote 29 bytes to ecology
[dna] water wrote 75 bytes to ecology
[dna] water wrote 74 bytes to ecology
[dna] water wrote 49 bytes to ecology
[dna] water wrote 72 bytes to ecology
[dna] water wrote 83 bytes to ecology
[dna] water wrote 58 bytes to ecology
[dna] water wrote 41 bytes to ecology
[dna] water wrote 50 bytes to ecology
[dna] water wrote 111 bytes to ecology
[dna] water wrote 38 bytes to ecology
[dna] water wrote 62 bytes to ecology
[dna] water wrote 75 bytes to ecology
[dna] water wrote 34 bytes to ecology
[dna] water wrote 87 bytes to ecology
[dna] water wrote 99 bytes to ecology
[dna] water wrote 33 bytes to ecology
[dna] water wrote 32 bytes to ecology
[dna] water wrote 13 bytes to ecology
[dna] water wrote 79 bytes to ecology
[dna] water wrote 41 bytes to ecology
[debug-onto] tick=50 corpus=159278 stage=2 freeze=0
[dna] water wrote 112 bytes to ecology
[dna] water wrote 65 bytes to ecology
[dna] water wrote 66 bytes to ecology
[dna] water wrote 41 bytes to ecology
[dna] water wrote 53 bytes to ecology
[dna] water wrote 38 bytes to ecology
[dna] water wrote 20 bytes to ecology
[dna] water wrote 60 bytes to ecology
[dna] water wrote 31 bytes to ecology
[dna] water wrote 7 bytes to ecology
[dna] water wrote 51 bytes to ecology
[dna] water wrote 79 bytes to ecology
[dna] water wrote 82 bytes to ecology
[dna] water wrote 72 bytes to ecology
[dna] water wrote 39 bytes to ecology
[dna] water wrote 111 bytes to ecology
[dna] water wrote 38 bytes to ecology
[dna] water wrote 85 bytes to ecology
[dna] water wrote 63 bytes to ecology
[dna] water wrote 54 bytes to ecology
[debug-onto] tick=100 corpus=159278 stage=2 freeze=0
[dna] water wrote 35 bytes to ecology
[dna] water wrote 29 bytes to ecology
[dna] water wrote 125 bytes to ecology
[dna] water wrote 33 bytes to ecology
[dna] water wrote 125 bytes to ecology
[dna] water wrote 49 bytes to ecology
[dna] water wrote 115 bytes to ecology
[dna] water wrote 68 bytes to ecology
[dna] water wrote 60 bytes to ecology
[dna] water wrote 119 bytes to ecology
[dna] water wrote 111 bytes to ecology
[dna] water wrote 51 bytes to ecology
[dna] water wrote 29 bytes to ecology
[dna] water wrote 20 bytes to ecology
[dna] water wrote 27 bytes to ecology
[dna] water wrote 10 bytes to ecology
[dna] water wrote 94 bytes to ecology
[dna] water wrote 11 bytes to ecology
[dna] water wrote 26 bytes to ecology
[dna] water wrote 18 bytes to ecology
[debug-onto] tick=150 corpus=159278 stage=2 freeze=0
[dna] water wrote 77 bytes to ecology
[dna] water wrote 96 bytes to ecology
[dna] water wrote 109 bytes to ecology
[dna] water wrote 13 bytes to ecology
[dna] water wrote 20 bytes to ecology
[dna] water wrote 110 bytes to ecology
[dna] water wrote 90 bytes to ecology
[dna] water wrote 46 bytes to ecology
[dna] water wrote 39 bytes to ecology
[dna] water wrote 62 bytes to ecology
[dna] water wrote 14 bytes to ecology
[dna] water wrote 115 bytes to ecology
[dna] water wrote 137 bytes to ecology
[dna] water wrote 80 bytes to ecology
[dna] water wrote 33 bytes to ecology
[dna] water wrote 45 bytes to ecology
[dna] water wrote 65 bytes to ecology
[dna] water wrote 112 bytes to ecology
[dna] water wrote 7 bytes to ecology
[dna] water wrote 53 bytes to ecology
[dna] water wrote 113 bytes to ecology
[dna] water wrote 104 bytes to ecology
[dna] water wrote 29 bytes to ecology
[debug-onto] tick=200 corpus=159278 stage=2 freeze=0
[dna] water wrote 13 bytes to ecology
[dna] water wrote 42 bytes to ecology
[dna] water wrote 52 bytes to ecology
[dna] water wrote 127 bytes to ecology
[dna] water wrote 34 bytes to ecology
[dna] water wrote 40 bytes to ecology
[dna] water wrote 57 bytes to ecology
[dna] water wrote 10 bytes to ecology
[dna] water wrote 51 bytes to ecology
[dna] water wrote 33 bytes to ecology
[dna] water wrote 43 bytes to ecology
[dna] water wrote 49 bytes to ecology
[dna] water wrote 31 bytes to ecology
[dna] water wrote 6 bytes to ecology
[dna] water wrote 35 bytes to ecology
[dna] water wrote 100 bytes to ecology
[dna] water wrote 62 bytes to ecology
[dna] water wrote 19 bytes to ecology
[dna] water wrote 72 bytes to ecology
[dna] water wrote 41 bytes to ecology
[dna] water wrote 48 bytes to ecology
[dna] water wrote 55 bytes to ecology
[debug-onto] tick=250 corpus=159278 stage=2 freeze=0
[dna] water wrote 70 bytes to ecology
[dna] water wrote 59 bytes to ecology
[dna] water wrote 61 bytes to ecology
[dna] water wrote 43 bytes to ecology
[dna] water wrote 82 bytes to ecology
[dna] water wrote 173 bytes to ecology
[dna] water wrote 44 bytes to ecology
[dna] water wrote 72 bytes to ecology
[dna] water wrote 85 bytes to ecology
[dna] water wrote 10 bytes to ecology
[dna] water wrote 60 bytes to ecology
[dna] water wrote 75 bytes to ecology
[dna] water wrote 54 bytes to ecology
[dna] water wrote 53 bytes to ecology
[dna] water wrote 154 bytes to ecology
[dna] water wrote 82 bytes to ecology
[dna] water wrote 29 bytes to ecology
[dna] water wrote 68 bytes to ecology
[dna] water wrote 9 bytes to ecology
[dna] water wrote 29 bytes to ecology
[dna] water wrote 22 bytes to ecology
[debug-onto] tick=300 corpus=159278 stage=2 freeze=0
[dna] water wrote 55 bytes to ecology
[dna] water wrote 103 bytes to ecology
[dna] water wrote 42 bytes to ecology
[dna] water wrote 72 bytes to ecology
[dna] water wrote 70 bytes to ecology
[dna] water wrote 23 bytes to ecology
[dna] water wrote 27 bytes to ecology
[dna] water wrote 82 bytes to ecology
[dna] water wrote 38 bytes to ecology
[dna] water wrote 30 bytes to ecology
[dna] water wrote 94 bytes to ecology
[dna] water wrote 75 bytes to ecology
[dna] water wrote 21 bytes to ecology
[dna] water wrote 45 bytes to ecology
[dna] water wrote 96 bytes to ecology
[dna] water wrote 51 bytes to ecology
[dna] water wrote 93 bytes to ecology
[dna] water wrote 54 bytes to ecology
[dna] water wrote 112 bytes to ecology
[dna] water wrote 21 bytes to ecology
[debug-onto] tick=350 corpus=159278 stage=2 freeze=0
[dna] water wrote 112 bytes to ecology
[dna] water wrote 125 bytes to ecology
[dna] water wrote 51 bytes to ecology
[dna] water wrote 53 bytes to ecology
[dna] water wrote 47 bytes to ecology
[dna] water wrote 22 bytes to ecology
[dna] water wrote 64 bytes to ecology
[dna] water wrote 34 bytes to ecology
[dna] water wrote 239 bytes to ecology
[dna] water wrote 42 bytes to ecology
[dna] water wrote 49 bytes to ecology
[dna] water wrote 48 bytes to ecology
[dna] water wrote 37 bytes to ecology
[dna] water wrote 72 bytes to ecology
[dna] water wrote 51 bytes to ecology
[dna] water wrote 64 bytes to ecology
[dna] water wrote 37 bytes to ecology
[dna] water wrote 72 bytes to ecology
[dna] water wrote 23 bytes to ecology
[dna] water wrote 65 bytes to ecology
[dna] water wrote 33 bytes to ecology
[dna] water wrote 26 bytes to ecology
[debug-onto] tick=400 corpus=159278 stage=2 freeze=0
[dna] water wrote 74 bytes to ecology
[dna] water wrote 82 bytes to ecology
[dna] water wrote 13 bytes to ecology
[dna] water wrote 51 bytes to ecology
[dna] water wrote 27 bytes to ecology
[dna] water wrote 65 bytes to ecology
[dna] water wrote 52 bytes to ecology
[dna] water wrote 39 bytes to ecology
[dna] water wrote 29 bytes to ecology
[dna] water wrote 65 bytes to ecology
[dna] water wrote 135 bytes to ecology
[dna] water wrote 68 bytes to ecology
[dna] water wrote 79 bytes to ecology
[dna] water wrote 56 bytes to ecology
[dna] water wrote 59 bytes to ecology
[dna] water wrote 102 bytes to ecology
[dna] water wrote 7 bytes to ecology
[dna] water wrote 9 bytes to ecology
[dna] water wrote 22 bytes to ecology
[dna] water wrote 192 bytes to ecology
[dna] water wrote 43 bytes to ecology
[debug-onto] tick=450 corpus=159278 stage=2 freeze=0
[dna] water wrote 28 bytes to ecology
[dna] water wrote 70 bytes to ecology
[dna] water wrote 50 bytes to ecology
[dna] water wrote 30 bytes to ecology
[dna] water wrote 28 bytes to ecology
[dna] water wrote 41 bytes to ecology
[dna] water wrote 51 bytes to ecology
[dna] water wrote 77 bytes to ecology
[dna] water wrote 31 bytes to ecology
[dna] water wrote 38 bytes to ecology
[dna] water wrote 36 bytes to ecology
[dna] water wrote 76 bytes to ecology
[dna] water wrote 110 bytes to ecology
[dna] water wrote 52 bytes to ecology
[dna] water wrote 33 bytes to ecology
[dna] water wrote 103 bytes to ecology
[dna] water wrote 141 bytes to ecology
[dna] water wrote 27 bytes to ecology
[dna] water wrote 29 bytes to ecology
[dna] water wrote 86 bytes to ecology
[dna] water wrote 52 bytes to ecology
[dna] water wrote 71 bytes to ecology
[dna] water wrote 10 bytes to ecology
[debug-onto] tick=500 corpus=159278 stage=2 freeze=0
[dna] water wrote 18 bytes to ecology
[dna] water wrote 60 bytes to ecology
[dna] water wrote 145 bytes to ecology
[dna] water wrote 13 bytes to ecology
[dna] water wrote 37 bytes to ecology
[dna] water wrote 26 bytes to ecology
[dna] water wrote 37 bytes to ecology
[dna] water wrote 111 bytes to ecology
[dna] water wrote 25 bytes to ecology
[dna] water wrote 36 bytes to ecology
[dna] water wrote 38 bytes to ecology
[dna] water wrote 44 bytes to ecology
[dna] water wrote 64 bytes to ecology
[dna] water wrote 38 bytes to ecology
[dna] water wrote 89 bytes to ecology
[dna] water wrote 71 bytes to ecology
[dna] water wrote 66 bytes to ecology
[dna] water wrote 42 bytes to ecology
[dna] water wrote 25 bytes to ecology
[dna] water wrote 116 bytes to ecology
[dna] water wrote 42 bytes to ecology
[dna] water wrote 15 bytes to ecology
[dna] water wrote 42 bytes to ecology
[dna] water wrote 35 bytes to ecology
[dna] water wrote 54 bytes to ecology
[debug-onto] tick=550 corpus=159278 stage=2 freeze=0
[dna] water wrote 38 bytes to ecology
[dna] water wrote 155 bytes to ecology
[dna] water wrote 26 bytes to ecology
[dna] water wrote 61 bytes to ecology
[dna] water wrote 16 bytes to ecology
[dna] water wrote 66 bytes to ecology
[dna] water wrote 343 bytes to ecology
[dna] water wrote 53 bytes to ecology
[dna] water wrote 26 bytes to ecology
[dna] water wrote 24 bytes to ecology
[dna] water wrote 106 bytes to ecology

[evolution] Organism shutting down gracefully.
