[ecology] Element: air → corpus: nonames_air.txt
[evolution] Autonomous evolution mode — organism will grow through all stages without pause.
[ecology] Joined swarm. 1 peer(s) detected.
molequla is alive. [evolution] Autonomous mode — background trainer running. Ctrl+C to stop.
[dna] air wrote 65 bytes to ecology
[dna] air consumed 17044 bytes from 229 files: [earth/gen_1777876517_1.txt earth/gen_1777876525_4.txt earth/gen_1777876533_7.txt earth/gen_1777876541_10.txt earth/gen_1777876548_13.txt earth/gen_1777876556_16.txt earth/gen_1777876571_22.txt earth/gen_1777876579_25.txt earth/gen_1777876587_28.txt earth/gen_1777876594_31.txt earth/gen_1777876602_34.txt earth/gen_1777876610_37.txt earth/gen_1777876618_40.txt earth/gen_1777876626_43.txt earth/gen_1777876633_46.txt earth/gen_1777876641_49.txt earth/gen_1777876649_52.txt earth/gen_1777876656_55.txt earth/gen_1777876664_58.txt earth/gen_1777876672_61.txt earth/gen_1777876679_64.txt earth/gen_1777876687_67.txt earth/gen_1777876695_70.txt earth/gen_1777876702_73.txt earth/gen_1777876710_76.txt earth/gen_1777876718_79.txt earth/gen_1777876725_82.txt earth/gen_1777876733_85.txt earth/gen_1777876741_88.txt earth/gen_1777876748_91.txt earth/gen_1777876756_94.txt earth/gen_1777876764_97.txt earth/gen_1777876772_100.txt earth/gen_1777876779_103.txt earth/gen_1777876787_106.txt earth/gen_1777876794_109.txt earth/gen_1777876802_112.txt earth/gen_1777876810_115.txt earth/gen_1777876818_118.txt earth/gen_1777876825_121.txt earth/gen_1777876833_124.txt earth/gen_1777876841_127.txt earth/gen_1777876848_130.txt earth/gen_1777876856_133.txt earth/gen_1777876864_136.txt earth/gen_1777876871_139.txt earth/gen_1777876879_142.txt earth/gen_1777876887_145.txt earth/gen_1777876894_148.txt earth/gen_1777876902_151.txt earth/gen_1777876910_154.txt earth/gen_1777876917_157.txt earth/gen_1777876925_160.txt earth/gen_1777876933_163.txt earth/gen_1777876940_166.txt earth/gen_1777876948_169.txt earth/gen_1777876956_172.txt earth/gen_1777876963_175.txt earth/gen_1777876971_178.txt earth/gen_1777876979_181.txt earth/gen_1777876986_184.txt earth/gen_1777876994_187.txt earth/gen_1777877002_190.txt earth/gen_1777877010_193.txt earth/gen_1777877017_196.txt earth/gen_1777877025_199.txt earth/gen_1777877033_202.txt earth/gen_1777877041_205.txt earth/gen_1777877048_208.txt earth/gen_1777877056_211.txt earth/gen_1777877064_214.txt earth/gen_1777877072_217.txt earth/gen_1777877079_220.txt earth/gen_1777877087_223.txt earth/gen_1777877095_226.txt earth/gen_1777877102_229.txt earth/gen_1777877110_232.txt earth/gen_1777877118_235.txt earth/gen_1777877126_238.txt earth/gen_1777877133_241.txt earth/gen_1777877141_244.txt earth/gen_1777877149_247.txt earth/gen_1777877157_250.txt earth/gen_1777877164_253.txt earth/gen_1777877172_256.txt earth/gen_1777877180_259.txt earth/gen_1777877187_262.txt earth/gen_1777877195_265.txt earth/gen_1777877203_268.txt earth/gen_1777877210_271.txt earth/gen_1777877218_274.txt earth/gen_1777877226_277.txt earth/gen_1777877233_280.txt earth/gen_1777877241_283.txt earth/gen_1777877249_286.txt earth/gen_1777877257_289.txt earth/gen_1777877264_292.txt earth/gen_1777877272_295.txt earth/gen_1777877280_298.txt earth/gen_1777877287_301.txt earth/gen_1777877295_304.txt earth/gen_1777877303_307.txt earth/gen_1777877310_310.txt earth/gen_1777877318_313.txt earth/gen_1777877326_316.txt earth/gen_1777877333_319.txt earth/gen_1777877341_322.txt earth/gen_1777877349_325.txt earth/gen_1777877356_328.txt earth/gen_1777877364_331.txt earth/gen_1777877372_334.txt earth/gen_1777877379_337.txt earth/gen_1777877387_340.txt earth/gen_1777877395_343.txt earth/gen_1777877403_346.txt earth/gen_1777877410_349.txt earth/gen_1777877418_352.txt earth/gen_1777877426_355.txt earth/gen_1777877433_358.txt earth/gen_1777877441_361.txt earth/gen_1777877449_364.txt earth/gen_1777877456_367.txt earth/gen_1777877464_370.txt earth/gen_1777877472_373.txt earth/gen_1777877479_376.txt earth/gen_1777877487_379.txt earth/gen_1777877495_382.txt earth/gen_1777877503_385.txt earth/gen_1777877511_388.txt earth/gen_1777877519_391.txt earth/gen_1777877526_394.txt earth/gen_1777877534_397.txt earth/gen_1777877542_400.txt earth/gen_1777877550_403.txt earth/gen_1777877558_406.txt earth/gen_1777877565_409.txt earth/gen_1777877573_412.txt earth/gen_1777877581_415.txt earth/gen_1777877588_418.txt earth/gen_1777877596_421.txt earth/gen_1777877604_424.txt earth/gen_1777877612_427.txt earth/gen_1777877619_430.txt earth/gen_1777877627_433.txt earth/gen_1777877635_436.txt earth/gen_1777877642_439.txt earth/gen_1777877650_442.txt earth/gen_1777877658_445.txt earth/gen_1777877666_448.txt earth/gen_1777877673_451.txt earth/gen_1777877681_454.txt earth/gen_1777877689_457.txt earth/gen_1777877697_460.txt earth/gen_1777877704_463.txt earth/gen_1777877712_466.txt earth/gen_1777877720_469.txt earth/gen_1777877727_472.txt earth/gen_1777877735_475.txt earth/gen_1777877743_478.txt earth/gen_1777877750_481.txt earth/gen_1777877758_484.txt earth/gen_1777877766_487.txt earth/gen_1777877774_490.txt earth/gen_1777877781_493.txt earth/gen_1777877789_496.txt earth/gen_1777877797_499.txt earth/gen_1777877804_502.txt earth/gen_1777877812_505.txt earth/gen_1777877820_508.txt earth/gen_1777877827_511.txt earth/gen_1777877835_514.txt earth/gen_1777877843_517.txt earth/gen_1777877851_520.txt earth/gen_1777877858_523.txt earth/gen_1777877866_526.txt earth/gen_1777877874_529.txt earth/gen_1777877882_532.txt earth/gen_1777877890_535.txt earth/gen_1777877897_538.txt earth/gen_1777877905_541.txt earth/gen_1777877913_544.txt earth/gen_1777877921_547.txt earth/gen_1777877928_550.txt earth/gen_1777877936_553.txt earth/gen_1777877944_556.txt earth/gen_1777877952_559.txt earth/gen_1777877959_562.txt earth/gen_1777877967_565.txt earth/gen_1777877975_568.txt earth/gen_1777877982_571.txt earth/gen_1777877990_574.txt earth/gen_1777877998_577.txt earth/gen_1777878005_580.txt earth/gen_1777878013_583.txt earth/gen_1777878021_586.txt earth/gen_1777878029_589.txt earth/gen_1777878036_592.txt earth/gen_1777878044_595.txt earth/gen_1777878052_598.txt earth/gen_1777878060_601.txt earth/gen_1777878067_604.txt earth/gen_1777878075_607.txt earth/gen_1777878083_610.txt earth/gen_1777878091_613.txt earth/gen_1777878098_616.txt earth/gen_1777878106_619.txt earth/gen_1777878114_622.txt earth/gen_1777878121_625.txt earth/gen_1777878129_628.txt earth/gen_1777878137_631.txt earth/gen_1777878144_634.txt earth/gen_1777878152_637.txt earth/gen_1777878160_640.txt earth/gen_1777878168_643.txt earth/gen_1777878175_646.txt earth/gen_1777878183_649.txt earth/gen_1777878191_652.txt earth/gen_1777878199_655.txt earth/gen_1777878206_658.txt earth/gen_1777878214_661.txt earth/gen_1777878222_664.txt earth/gen_1777878229_667.txt earth/gen_1777878237_670.txt earth/gen_1777878245_673.txt earth/gen_1777878252_676.txt earth/gen_1777878260_679.txt earth/gen_1777878268_682.txt earth/gen_1777878276_685.txt earth/gen_1777878284_688.txt]
[trainer] micro-train burst (17044 bytes, novelty 0.04) — and lo, it feeds again.
[syntropy] action=explore | trend=0.0000 | field_dev=0.021 | purpose_align=0.289 | lr_mul=1.30
[aml] burst complete: 32 steps, avg loss 2.0566 (memory freed)
[dna] air wrote 77 bytes to ecology
[dna] air wrote 36 bytes to ecology
[dna] air wrote 34 bytes to ecology
[dna] air wrote 132 bytes to ecology
[dna] air wrote 60 bytes to ecology
[dna] air wrote 93 bytes to ecology
[dna] air wrote 43 bytes to ecology
[dna] air wrote 52 bytes to ecology
[dna] air wrote 42 bytes to ecology
[dna] air wrote 25 bytes to ecology
[dna] air wrote 97 bytes to ecology
[dna] air wrote 251 bytes to ecology
[dna] air wrote 53 bytes to ecology
[dna] air wrote 40 bytes to ecology
[dna] air wrote 106 bytes to ecology
[dna] air wrote 166 bytes to ecology
[debug-onto] tick=50 corpus=139589 stage=2 freeze=0
[dna] air wrote 83 bytes to ecology
[dna] air wrote 22 bytes to ecology
[dna] air wrote 155 bytes to ecology
[dna] air wrote 111 bytes to ecology
[dna] air wrote 39 bytes to ecology
[dna] air wrote 47 bytes to ecology
[dna] air wrote 117 bytes to ecology
[dna] air wrote 79 bytes to ecology
[dna] air wrote 62 bytes to ecology
[dna] air wrote 12 bytes to ecology
[dna] air wrote 167 bytes to ecology
[dna] air wrote 57 bytes to ecology
[dna] air wrote 44 bytes to ecology
[dna] air wrote 22 bytes to ecology
[dna] air wrote 23 bytes to ecology
[dna] air wrote 56 bytes to ecology
[dna] air wrote 57 bytes to ecology
[debug-onto] tick=100 corpus=139589 stage=2 freeze=0
[dna] air wrote 112 bytes to ecology
[dna] air wrote 32 bytes to ecology
[dna] air wrote 216 bytes to ecology
[dna] air wrote 32 bytes to ecology
[dna] air wrote 53 bytes to ecology
[dna] air wrote 28 bytes to ecology
[dna] air wrote 87 bytes to ecology
[dna] air wrote 111 bytes to ecology
[dna] air wrote 61 bytes to ecology
[dna] air wrote 56 bytes to ecology
[dna] air wrote 30 bytes to ecology
[dna] air wrote 41 bytes to ecology
[dna] air wrote 78 bytes to ecology
[dna] air wrote 77 bytes to ecology
[dna] air wrote 64 bytes to ecology
[dna] air wrote 53 bytes to ecology
[debug-onto] tick=150 corpus=139589 stage=2 freeze=0
[dna] air wrote 93 bytes to ecology
[dna] air wrote 95 bytes to ecology
[dna] air wrote 19 bytes to ecology
[dna] air wrote 10 bytes to ecology
[dna] air wrote 160 bytes to ecology
[dna] air wrote 61 bytes to ecology
[dna] air wrote 66 bytes to ecology
[dna] air wrote 43 bytes to ecology
[dna] air wrote 35 bytes to ecology
[dna] air wrote 13 bytes to ecology
[dna] air wrote 60 bytes to ecology
[dna] air wrote 63 bytes to ecology
[dna] air wrote 41 bytes to ecology
[dna] air wrote 83 bytes to ecology
[dna] air wrote 53 bytes to ecology
[dna] air wrote 36 bytes to ecology
[dna] air wrote 43 bytes to ecology
[debug-onto] tick=200 corpus=139589 stage=2 freeze=0
[dna] air wrote 245 bytes to ecology
[dna] air wrote 71 bytes to ecology
[dna] air wrote 64 bytes to ecology
[dna] air wrote 17 bytes to ecology
[dna] air wrote 195 bytes to ecology
[dna] air wrote 42 bytes to ecology
[dna] air wrote 10 bytes to ecology
[dna] air wrote 191 bytes to ecology
[dna] air wrote 28 bytes to ecology
[dna] air wrote 33 bytes to ecology
[dna] air wrote 45 bytes to ecology
[dna] air wrote 44 bytes to ecology
[dna] air wrote 52 bytes to ecology
[dna] air wrote 33 bytes to ecology
[dna] air wrote 59 bytes to ecology
[dna] air wrote 51 bytes to ecology
[dna] air wrote 44 bytes to ecology
[debug-onto] tick=250 corpus=139589 stage=2 freeze=0
[dna] air wrote 94 bytes to ecology
[dna] air wrote 82 bytes to ecology
[dna] air wrote 59 bytes to ecology
[dna] air wrote 69 bytes to ecology
[dna] air wrote 34 bytes to ecology
[dna] air wrote 103 bytes to ecology
[dna] air wrote 130 bytes to ecology
[dna] air wrote 78 bytes to ecology
[dna] air wrote 98 bytes to ecology
[dna] air wrote 83 bytes to ecology
[dna] air wrote 40 bytes to ecology
[dna] air wrote 57 bytes to ecology
[dna] air wrote 34 bytes to ecology
[dna] air wrote 35 bytes to ecology
[dna] air wrote 44 bytes to ecology
[dna] air wrote 100 bytes to ecology
[debug-onto] tick=300 corpus=139589 stage=2 freeze=0
[dna] air wrote 60 bytes to ecology
[dna] air wrote 50 bytes to ecology
[dna] air wrote 115 bytes to ecology
[dna] air wrote 11 bytes to ecology
[dna] air wrote 53 bytes to ecology
[dna] air wrote 23 bytes to ecology
[dna] air wrote 41 bytes to ecology
[dna] air wrote 51 bytes to ecology
[dna] air wrote 86 bytes to ecology
[dna] air wrote 46 bytes to ecology
[dna] air wrote 159 bytes to ecology
[dna] air wrote 118 bytes to ecology
[dna] air wrote 121 bytes to ecology
[dna] air wrote 146 bytes to ecology
[dna] air wrote 76 bytes to ecology
[dna] air wrote 76 bytes to ecology
[dna] air wrote 199 bytes to ecology
[debug-onto] tick=350 corpus=139589 stage=2 freeze=0
[dna] air wrote 62 bytes to ecology
[dna] air wrote 43 bytes to ecology
[dna] air wrote 121 bytes to ecology
[dna] air wrote 64 bytes to ecology
[dna] air wrote 31 bytes to ecology
[dna] air wrote 41 bytes to ecology
[dna] air wrote 35 bytes to ecology
[dna] air wrote 81 bytes to ecology
[dna] air wrote 64 bytes to ecology
[dna] air wrote 40 bytes to ecology
[dna] air wrote 41 bytes to ecology
[dna] air wrote 36 bytes to ecology
[dna] air wrote 69 bytes to ecology
[dna] air wrote 31 bytes to ecology
[dna] air wrote 138 bytes to ecology
[dna] air wrote 98 bytes to ecology
[dna] air wrote 54 bytes to ecology
[debug-onto] tick=400 corpus=139589 stage=2 freeze=0
[dna] air wrote 225 bytes to ecology
[dna] air wrote 32 bytes to ecology
[dna] air wrote 31 bytes to ecology
[dna] air wrote 77 bytes to ecology
[dna] air wrote 26 bytes to ecology
[dna] air wrote 69 bytes to ecology
[dna] air wrote 65 bytes to ecology
[dna] air wrote 60 bytes to ecology
[dna] air wrote 61 bytes to ecology
[dna] air wrote 55 bytes to ecology
[dna] air wrote 169 bytes to ecology
[dna] air wrote 34 bytes to ecology
[dna] air wrote 91 bytes to ecology
[dna] air wrote 39 bytes to ecology
[dna] air wrote 151 bytes to ecology
[dna] air wrote 49 bytes to ecology
[debug-onto] tick=450 corpus=139589 stage=2 freeze=0
[dna] air wrote 50 bytes to ecology
[dna] air wrote 176 bytes to ecology
[dna] air wrote 102 bytes to ecology
[dna] air wrote 58 bytes to ecology
[dna] air wrote 48 bytes to ecology
[dna] air wrote 58 bytes to ecology
[dna] air wrote 25 bytes to ecology
[dna] air wrote 44 bytes to ecology
[dna] air wrote 218 bytes to ecology
[dna] air wrote 45 bytes to ecology
[dna] air wrote 51 bytes to ecology
[dna] air wrote 60 bytes to ecology
[dna] air wrote 60 bytes to ecology
[dna] air wrote 39 bytes to ecology
[dna] air wrote 41 bytes to ecology
[dna] air wrote 65 bytes to ecology
[dna] air wrote 64 bytes to ecology
[debug-onto] tick=500 corpus=139589 stage=2 freeze=0
[dna] air wrote 95 bytes to ecology
[dna] air wrote 69 bytes to ecology
[dna] air wrote 121 bytes to ecology
[dna] air wrote 181 bytes to ecology
[dna] air wrote 35 bytes to ecology
[dna] air wrote 36 bytes to ecology
[dna] air wrote 81 bytes to ecology
[dna] air wrote 106 bytes to ecology
[dna] air wrote 38 bytes to ecology
[dna] air wrote 104 bytes to ecology
[dna] air wrote 40 bytes to ecology
[dna] air wrote 48 bytes to ecology
[dna] air wrote 58 bytes to ecology
[dna] air wrote 121 bytes to ecology
[dna] air wrote 69 bytes to ecology
[dna] air wrote 95 bytes to ecology
[dna] air wrote 29 bytes to ecology
[debug-onto] tick=550 corpus=139589 stage=2 freeze=0
[dna] air wrote 82 bytes to ecology
[dna] air wrote 258 bytes to ecology
[dna] air wrote 43 bytes to ecology
[dna] air wrote 30 bytes to ecology
[dna] air wrote 97 bytes to ecology
[dna] air wrote 72 bytes to ecology
[dna] air wrote 36 bytes to ecology
[dna] air wrote 68 bytes to ecology
[dna] air wrote 47 bytes to ecology
[dna] air wrote 89 bytes to ecology
[dna] air wrote 36 bytes to ecology
[dna] air wrote 77 bytes to ecology
[dna] air wrote 86 bytes to ecology
[dna] air wrote 78 bytes to ecology
[dna] air wrote 13 bytes to ecology
[dna] air wrote 124 bytes to ecology
[debug-onto] tick=600 corpus=139589 stage=2 freeze=0
[dna] air wrote 151 bytes to ecology
[dna] air wrote 65 bytes to ecology
[dna] air wrote 89 bytes to ecology
[dna] air wrote 53 bytes to ecology
[dna] air wrote 51 bytes to ecology
[dna] air wrote 119 bytes to ecology
[dna] air wrote 90 bytes to ecology
[dna] air wrote 37 bytes to ecology
[dna] air wrote 37 bytes to ecology
[dna] air wrote 75 bytes to ecology
[dna] air wrote 41 bytes to ecology
[dna] air wrote 90 bytes to ecology
[dna] air wrote 150 bytes to ecology
[dna] air wrote 98 bytes to ecology
[dna] air wrote 92 bytes to ecology
[dna] air wrote 106 bytes to ecology
[dna] air wrote 66 bytes to ecology
[debug-onto] tick=650 corpus=139589 stage=2 freeze=0
[dna] air wrote 32 bytes to ecology
[dna] air wrote 114 bytes to ecology
[dna] air wrote 55 bytes to ecology
[dna] air wrote 28 bytes to ecology
[dna] air wrote 69 bytes to ecology
[dna] air wrote 41 bytes to ecology
[dna] air wrote 112 bytes to ecology
[dna] air wrote 82 bytes to ecology
[dna] air wrote 89 bytes to ecology
[dna] air wrote 37 bytes to ecology
[dna] air wrote 60 bytes to ecology
[dna] air wrote 93 bytes to ecology
[dna] air wrote 33 bytes to ecology
[dna] air wrote 67 bytes to ecology
[dna] air wrote 24 bytes to ecology
[dna] air wrote 11 bytes to ecology

[evolution] Organism shutting down gracefully.
