[ecology] Element: air → corpus: nonames_air.txt
[evolution] Autonomous evolution mode — organism will grow through all stages without pause.
[ecology] Joined swarm. 1 peer(s) detected.
molequla is alive. [evolution] Autonomous mode — background trainer running. Ctrl+C to stop.
[dna] air wrote 95 bytes to ecology
[dna] air consumed 17845 bytes from 216 files: [earth/gen_1776578117_1.txt earth/gen_1776578124_4.txt earth/gen_1776578132_7.txt earth/gen_1776578140_10.txt earth/gen_1776578155_16.txt earth/gen_1776578163_19.txt earth/gen_1776578171_22.txt earth/gen_1776578179_25.txt earth/gen_1776578187_28.txt earth/gen_1776578195_31.txt earth/gen_1776578202_34.txt earth/gen_1776578210_37.txt earth/gen_1776578218_40.txt earth/gen_1776578226_43.txt earth/gen_1776578234_46.txt earth/gen_1776578242_49.txt earth/gen_1776578250_52.txt earth/gen_1776578258_55.txt earth/gen_1776578265_58.txt earth/gen_1776578273_61.txt earth/gen_1776578281_64.txt earth/gen_1776578289_67.txt earth/gen_1776578297_70.txt earth/gen_1776578305_73.txt earth/gen_1776578312_76.txt earth/gen_1776578320_79.txt earth/gen_1776578328_82.txt earth/gen_1776578336_85.txt earth/gen_1776578344_88.txt earth/gen_1776578351_91.txt earth/gen_1776578359_94.txt earth/gen_1776578367_97.txt earth/gen_1776578375_100.txt earth/gen_1776578383_103.txt earth/gen_1776578391_106.txt earth/gen_1776578399_109.txt earth/gen_1776578406_112.txt earth/gen_1776578414_115.txt earth/gen_1776578422_118.txt earth/gen_1776578430_121.txt earth/gen_1776578438_124.txt earth/gen_1776578445_127.txt earth/gen_1776578453_130.txt earth/gen_1776578469_136.txt earth/gen_1776578476_139.txt earth/gen_1776578484_142.txt earth/gen_1776578492_145.txt earth/gen_1776578500_148.txt earth/gen_1776578508_151.txt earth/gen_1776578516_154.txt earth/gen_1776578523_157.txt earth/gen_1776578531_160.txt earth/gen_1776578539_163.txt earth/gen_1776578547_166.txt earth/gen_1776578555_169.txt earth/gen_1776578563_172.txt earth/gen_1776578570_175.txt earth/gen_1776578578_178.txt earth/gen_1776578586_181.txt earth/gen_1776578594_184.txt earth/gen_1776578602_187.txt earth/gen_1776578610_190.txt earth/gen_1776578617_193.txt earth/gen_1776578625_196.txt earth/gen_1776578641_202.txt earth/gen_1776578648_205.txt earth/gen_1776578656_208.txt earth/gen_1776578664_211.txt earth/gen_1776578672_214.txt earth/gen_1776578680_217.txt earth/gen_1776578695_223.txt earth/gen_1776578703_226.txt earth/gen_1776578711_229.txt earth/gen_1776578719_232.txt earth/gen_1776578727_235.txt earth/gen_1776578735_238.txt earth/gen_1776578742_241.txt earth/gen_1776578750_244.txt earth/gen_1776578758_247.txt earth/gen_1776578766_250.txt earth/gen_1776578774_253.txt earth/gen_1776578782_256.txt earth/gen_1776578790_259.txt earth/gen_1776578798_262.txt earth/gen_1776578805_265.txt earth/gen_1776578813_268.txt earth/gen_1776578821_271.txt earth/gen_1776578829_274.txt earth/gen_1776578837_277.txt earth/gen_1776578845_280.txt earth/gen_1776578853_283.txt earth/gen_1776578861_286.txt earth/gen_1776578869_289.txt earth/gen_1776578876_292.txt earth/gen_1776578884_295.txt earth/gen_1776578892_298.txt earth/gen_1776578900_301.txt earth/gen_1776578916_307.txt earth/gen_1776578924_310.txt earth/gen_1776578931_313.txt earth/gen_1776578947_319.txt earth/gen_1776578955_322.txt earth/gen_1776578963_325.txt earth/gen_1776578971_328.txt earth/gen_1776578978_331.txt earth/gen_1776578986_334.txt earth/gen_1776578994_337.txt earth/gen_1776579002_340.txt earth/gen_1776579010_343.txt earth/gen_1776579017_346.txt earth/gen_1776579025_349.txt earth/gen_1776579033_352.txt earth/gen_1776579041_355.txt earth/gen_1776579049_358.txt earth/gen_1776579057_361.txt earth/gen_1776579065_364.txt earth/gen_1776579073_367.txt earth/gen_1776579081_370.txt earth/gen_1776579088_373.txt earth/gen_1776579096_376.txt earth/gen_1776579104_379.txt earth/gen_1776579112_382.txt earth/gen_1776579120_385.txt earth/gen_1776579128_388.txt earth/gen_1776579136_391.txt earth/gen_1776579144_394.txt earth/gen_1776579152_397.txt earth/gen_1776579160_400.txt earth/gen_1776579168_403.txt earth/gen_1776579176_406.txt earth/gen_1776579184_409.txt earth/gen_1776579191_412.txt earth/gen_1776579199_415.txt earth/gen_1776579207_418.txt earth/gen_1776579215_421.txt earth/gen_1776579223_424.txt earth/gen_1776579231_427.txt earth/gen_1776579239_430.txt earth/gen_1776579247_433.txt earth/gen_1776579255_436.txt earth/gen_1776579262_439.txt earth/gen_1776579270_442.txt earth/gen_1776579278_445.txt earth/gen_1776579286_448.txt earth/gen_1776579294_451.txt earth/gen_1776579302_454.txt earth/gen_1776579310_457.txt earth/gen_1776579318_460.txt earth/gen_1776579326_463.txt earth/gen_1776579334_466.txt earth/gen_1776579341_469.txt earth/gen_1776579349_472.txt earth/gen_1776579357_475.txt earth/gen_1776579365_478.txt earth/gen_1776579373_481.txt earth/gen_1776579381_484.txt earth/gen_1776579396_490.txt earth/gen_1776579404_493.txt earth/gen_1776579412_496.txt earth/gen_1776579420_499.txt earth/gen_1776579428_502.txt earth/gen_1776579436_505.txt earth/gen_1776579444_508.txt earth/gen_1776579452_511.txt earth/gen_1776579460_514.txt earth/gen_1776579467_517.txt earth/gen_1776579475_520.txt earth/gen_1776579491_526.txt earth/gen_1776579499_529.txt earth/gen_1776579507_532.txt earth/gen_1776579515_535.txt earth/gen_1776579522_538.txt earth/gen_1776579530_541.txt earth/gen_1776579538_544.txt earth/gen_1776579546_547.txt earth/gen_1776579554_550.txt earth/gen_1776579562_553.txt earth/gen_1776579570_556.txt earth/gen_1776579578_559.txt earth/gen_1776579594_565.txt earth/gen_1776579602_568.txt earth/gen_1776579610_571.txt earth/gen_1776579618_574.txt earth/gen_1776579625_577.txt earth/gen_1776579633_580.txt earth/gen_1776579641_583.txt earth/gen_1776579649_586.txt earth/gen_1776579657_589.txt earth/gen_1776579665_592.txt earth/gen_1776579673_595.txt earth/gen_1776579680_598.txt earth/gen_1776579688_601.txt earth/gen_1776579696_604.txt earth/gen_1776579704_607.txt earth/gen_1776579712_610.txt earth/gen_1776579720_613.txt earth/gen_1776579728_616.txt earth/gen_1776579736_619.txt earth/gen_1776579744_622.txt earth/gen_1776579752_625.txt earth/gen_1776579760_628.txt earth/gen_1776579768_631.txt earth/gen_1776579776_634.txt earth/gen_1776579784_637.txt earth/gen_1776579792_640.txt earth/gen_1776579799_643.txt earth/gen_1776579807_646.txt earth/gen_1776579815_649.txt earth/gen_1776579823_652.txt earth/gen_1776579831_655.txt earth/gen_1776579839_658.txt earth/gen_1776579847_661.txt earth/gen_1776579855_664.txt earth/gen_1776579862_667.txt earth/gen_1776579870_670.txt earth/gen_1776579878_673.txt]
[trainer] micro-train burst (17845 bytes, novelty 0.04) — and lo, it feeds again.
[syntropy] action=explore | trend=0.0000 | field_dev=0.023 | purpose_align=-0.122 | lr_mul=1.30
[aml] burst complete: 32 steps, avg loss 2.5631 (memory freed)
[dna] air wrote 110 bytes to ecology
[dna] air wrote 64 bytes to ecology
[dna] air wrote 16 bytes to ecology
[dna] air wrote 79 bytes to ecology
[dna] air wrote 116 bytes to ecology
[dna] air wrote 92 bytes to ecology
[dna] air wrote 51 bytes to ecology
[dna] air wrote 109 bytes to ecology
[dna] air wrote 26 bytes to ecology
[dna] air wrote 53 bytes to ecology
[dna] air wrote 41 bytes to ecology
[dna] air wrote 192 bytes to ecology
[dna] air wrote 100 bytes to ecology
[dna] air wrote 102 bytes to ecology
[dna] air wrote 58 bytes to ecology
[dna] air wrote 37 bytes to ecology
[debug-onto] tick=50 corpus=140377 stage=2 freeze=0
[dna] air wrote 46 bytes to ecology
[dna] air wrote 39 bytes to ecology
[dna] air wrote 66 bytes to ecology
[dna] air wrote 215 bytes to ecology
[dna] air wrote 49 bytes to ecology
[dna] air wrote 70 bytes to ecology
[dna] air wrote 114 bytes to ecology
[dna] air wrote 183 bytes to ecology
[dna] air wrote 63 bytes to ecology
[dna] air wrote 44 bytes to ecology
[dna] air wrote 79 bytes to ecology
[dna] air wrote 33 bytes to ecology
[dna] air wrote 205 bytes to ecology
[dna] air wrote 98 bytes to ecology
[dna] air wrote 94 bytes to ecology
[dna] air wrote 102 bytes to ecology
[dna] air wrote 13 bytes to ecology
[debug-onto] tick=100 corpus=140377 stage=2 freeze=0
[dna] air wrote 36 bytes to ecology
[dna] air wrote 142 bytes to ecology
[dna] air wrote 46 bytes to ecology
[dna] air wrote 55 bytes to ecology
[dna] air wrote 109 bytes to ecology
[dna] air wrote 92 bytes to ecology
[dna] air wrote 253 bytes to ecology
[dna] air wrote 46 bytes to ecology
[dna] air wrote 82 bytes to ecology
[dna] air wrote 56 bytes to ecology
[dna] air wrote 30 bytes to ecology
[dna] air wrote 80 bytes to ecology
[dna] air wrote 138 bytes to ecology
[dna] air wrote 29 bytes to ecology
[dna] air wrote 99 bytes to ecology
[dna] air wrote 150 bytes to ecology
[debug-onto] tick=150 corpus=140377 stage=2 freeze=0
[dna] air wrote 49 bytes to ecology
[dna] air wrote 57 bytes to ecology
[dna] air wrote 23 bytes to ecology
[dna] air wrote 56 bytes to ecology
[dna] air wrote 43 bytes to ecology
[dna] air wrote 36 bytes to ecology
[dna] air wrote 46 bytes to ecology
[dna] air wrote 33 bytes to ecology
[dna] air wrote 12 bytes to ecology
[dna] air wrote 131 bytes to ecology
[dna] air wrote 91 bytes to ecology
[dna] air wrote 31 bytes to ecology
[dna] air wrote 127 bytes to ecology
[dna] air wrote 71 bytes to ecology
[dna] air wrote 58 bytes to ecology
[dna] air wrote 178 bytes to ecology
[dna] air wrote 46 bytes to ecology
[debug-onto] tick=200 corpus=140377 stage=2 freeze=0
[dna] air wrote 45 bytes to ecology
[dna] air wrote 41 bytes to ecology
[dna] air wrote 51 bytes to ecology
[dna] air wrote 178 bytes to ecology
[dna] air wrote 47 bytes to ecology
[dna] air wrote 43 bytes to ecology
[dna] air wrote 84 bytes to ecology
[dna] air wrote 217 bytes to ecology
[dna] air wrote 242 bytes to ecology
[dna] air wrote 153 bytes to ecology
[dna] air wrote 25 bytes to ecology
[dna] air wrote 68 bytes to ecology
[dna] air wrote 184 bytes to ecology
[dna] air wrote 45 bytes to ecology
[dna] air wrote 63 bytes to ecology
[dna] air wrote 30 bytes to ecology
[dna] air wrote 71 bytes to ecology
[debug-onto] tick=250 corpus=140377 stage=2 freeze=0
[dna] air wrote 166 bytes to ecology
[dna] air wrote 163 bytes to ecology
[dna] air wrote 29 bytes to ecology
[dna] air wrote 49 bytes to ecology
[dna] air wrote 31 bytes to ecology
[dna] air wrote 59 bytes to ecology
[dna] air wrote 38 bytes to ecology
[dna] air wrote 133 bytes to ecology
[dna] air wrote 135 bytes to ecology
[dna] air wrote 62 bytes to ecology
[dna] air wrote 122 bytes to ecology
[dna] air wrote 80 bytes to ecology
[dna] air wrote 79 bytes to ecology
[dna] air wrote 45 bytes to ecology
[dna] air wrote 31 bytes to ecology
[dna] air wrote 61 bytes to ecology
[debug-onto] tick=300 corpus=140377 stage=2 freeze=0
[dna] air wrote 52 bytes to ecology
[dna] air wrote 58 bytes to ecology
[dna] air wrote 54 bytes to ecology
[dna] air wrote 49 bytes to ecology
[dna] air wrote 32 bytes to ecology
[dna] air wrote 40 bytes to ecology
[dna] air wrote 88 bytes to ecology
[dna] air wrote 51 bytes to ecology
[dna] air wrote 48 bytes to ecology
[dna] air wrote 66 bytes to ecology
[dna] air wrote 78 bytes to ecology
[dna] air wrote 57 bytes to ecology
[dna] air wrote 43 bytes to ecology
[dna] air wrote 188 bytes to ecology
[dna] air wrote 55 bytes to ecology
[dna] air wrote 44 bytes to ecology
[dna] air wrote 30 bytes to ecology
[debug-onto] tick=350 corpus=140377 stage=2 freeze=0
[dna] air wrote 30 bytes to ecology
[dna] air wrote 155 bytes to ecology
[dna] air wrote 69 bytes to ecology
[dna] air wrote 50 bytes to ecology
[dna] air wrote 60 bytes to ecology
[dna] air wrote 31 bytes to ecology
[dna] air wrote 43 bytes to ecology
[dna] air wrote 139 bytes to ecology
[dna] air wrote 137 bytes to ecology
[dna] air wrote 34 bytes to ecology
[dna] air wrote 67 bytes to ecology
[dna] air wrote 246 bytes to ecology
[dna] air wrote 74 bytes to ecology
[dna] air wrote 137 bytes to ecology
[dna] air wrote 123 bytes to ecology
[dna] air wrote 279 bytes to ecology
[dna] air wrote 51 bytes to ecology
[debug-onto] tick=400 corpus=140377 stage=2 freeze=0
[dna] air wrote 40 bytes to ecology
[dna] air wrote 44 bytes to ecology
[dna] air wrote 32 bytes to ecology
[dna] air wrote 71 bytes to ecology
[dna] air wrote 54 bytes to ecology
[dna] air wrote 128 bytes to ecology
[dna] air wrote 118 bytes to ecology
[dna] air wrote 175 bytes to ecology
[dna] air wrote 81 bytes to ecology
[dna] air wrote 65 bytes to ecology
[dna] air wrote 32 bytes to ecology
[dna] air wrote 29 bytes to ecology
[dna] air wrote 118 bytes to ecology
[dna] air wrote 62 bytes to ecology
[dna] air wrote 37 bytes to ecology
[dna] air wrote 49 bytes to ecology
[debug-onto] tick=450 corpus=140377 stage=2 freeze=0
[dna] air wrote 68 bytes to ecology
[dna] air wrote 80 bytes to ecology
[dna] air wrote 322 bytes to ecology
[dna] air wrote 40 bytes to ecology
[dna] air wrote 28 bytes to ecology
[dna] air wrote 120 bytes to ecology
[dna] air wrote 93 bytes to ecology
[dna] air wrote 111 bytes to ecology
[dna] air wrote 48 bytes to ecology
[dna] air wrote 36 bytes to ecology
[dna] air wrote 62 bytes to ecology
[dna] air wrote 124 bytes to ecology
[dna] air wrote 52 bytes to ecology
[dna] air wrote 27 bytes to ecology
[dna] air wrote 43 bytes to ecology
[dna] air wrote 60 bytes to ecology
[dna] air wrote 120 bytes to ecology
[debug-onto] tick=500 corpus=140377 stage=2 freeze=0
[dna] air wrote 84 bytes to ecology
[dna] air wrote 119 bytes to ecology
[dna] air wrote 27 bytes to ecology
[dna] air wrote 175 bytes to ecology
[dna] air wrote 223 bytes to ecology
[dna] air wrote 33 bytes to ecology
[dna] air wrote 31 bytes to ecology
[dna] air wrote 92 bytes to ecology
[dna] air wrote 197 bytes to ecology
[dna] air wrote 37 bytes to ecology
[dna] air wrote 59 bytes to ecology
[dna] air wrote 58 bytes to ecology
[dna] air wrote 27 bytes to ecology
[dna] air wrote 93 bytes to ecology
[dna] air wrote 78 bytes to ecology
[dna] air wrote 199 bytes to ecology
[dna] air wrote 197 bytes to ecology
[debug-onto] tick=550 corpus=140377 stage=2 freeze=0
[dna] air wrote 95 bytes to ecology
[dna] air wrote 85 bytes to ecology
[dna] air wrote 45 bytes to ecology
[dna] air wrote 134 bytes to ecology
[dna] air wrote 24 bytes to ecology
[dna] air wrote 116 bytes to ecology
[dna] air wrote 62 bytes to ecology
[dna] air wrote 133 bytes to ecology
[dna] air wrote 78 bytes to ecology
[dna] air wrote 24 bytes to ecology
[dna] air wrote 46 bytes to ecology
[dna] air wrote 196 bytes to ecology
[dna] air wrote 151 bytes to ecology
[dna] air wrote 102 bytes to ecology
[dna] air wrote 26 bytes to ecology
[dna] air wrote 85 bytes to ecology
[debug-onto] tick=600 corpus=140377 stage=2 freeze=0
[dna] air wrote 25 bytes to ecology
[dna] air wrote 67 bytes to ecology
[dna] air wrote 32 bytes to ecology
[dna] air wrote 33 bytes to ecology
[dna] air wrote 41 bytes to ecology
[dna] air wrote 59 bytes to ecology
[dna] air wrote 97 bytes to ecology
[dna] air wrote 73 bytes to ecology
[dna] air wrote 60 bytes to ecology
[dna] air wrote 130 bytes to ecology
[dna] air wrote 102 bytes to ecology
[dna] air wrote 33 bytes to ecology
[dna] air wrote 62 bytes to ecology
[dna] air wrote 61 bytes to ecology
[dna] air wrote 45 bytes to ecology
[dna] air wrote 33 bytes to ecology
[dna] air wrote 95 bytes to ecology
[debug-onto] tick=650 corpus=140377 stage=2 freeze=0
[dna] air wrote 51 bytes to ecology
[dna] air wrote 226 bytes to ecology
[dna] air wrote 49 bytes to ecology
[dna] air wrote 96 bytes to ecology
[dna] air wrote 23 bytes to ecology
[dna] air wrote 40 bytes to ecology
[dna] air wrote 83 bytes to ecology
[dna] air wrote 68 bytes to ecology
[dna] air wrote 30 bytes to ecology

[evolution] Organism shutting down gracefully.
