[ecology] Element: fire → corpus: nonames_fire.txt
[evolution] Autonomous evolution mode — organism will grow through all stages without pause.
[ecology] Joined swarm. 1 peer(s) detected.
molequla is alive. [evolution] Autonomous mode — background trainer running. Ctrl+C to stop.
[dna] fire wrote 41 bytes to ecology
[dna] fire consumed 6454 bytes from 105 files: [water/gen_1776581690_1.txt water/gen_1776581716_7.txt water/gen_1776581733_13.txt water/gen_1776581750_19.txt water/gen_1776581767_25.txt water/gen_1776581784_31.txt water/gen_1776581802_37.txt water/gen_1776581819_43.txt water/gen_1776581836_49.txt water/gen_1776581853_55.txt water/gen_1776581870_61.txt water/gen_1776581888_67.txt water/gen_1776581905_73.txt water/gen_1776581922_79.txt water/gen_1776581939_85.txt water/gen_1776581956_91.txt water/gen_1776581973_97.txt water/gen_1776581991_103.txt water/gen_1776582008_109.txt water/gen_1776582025_115.txt water/gen_1776582042_121.txt water/gen_1776582060_127.txt water/gen_1776582077_133.txt water/gen_1776582094_139.txt water/gen_1776582111_145.txt water/gen_1776582128_151.txt water/gen_1776582145_157.txt water/gen_1776582162_163.txt water/gen_1776582179_169.txt water/gen_1776582196_175.txt water/gen_1776582213_181.txt water/gen_1776582230_187.txt water/gen_1776582247_193.txt water/gen_1776582264_199.txt water/gen_1776582281_205.txt water/gen_1776582298_211.txt water/gen_1776582315_217.txt water/gen_1776582332_223.txt water/gen_1776582349_229.txt water/gen_1776582366_235.txt water/gen_1776582383_241.txt water/gen_1776582400_247.txt water/gen_1776582417_253.txt water/gen_1776582434_259.txt water/gen_1776582451_265.txt water/gen_1776582468_271.txt water/gen_1776582485_277.txt water/gen_1776582502_283.txt water/gen_1776582519_289.txt water/gen_1776582536_295.txt water/gen_1776582553_301.txt water/gen_1776582570_307.txt water/gen_1776582587_313.txt water/gen_1776582604_319.txt water/gen_1776582621_325.txt water/gen_1776582638_331.txt water/gen_1776582655_337.txt water/gen_1776582672_343.txt water/gen_1776582689_349.txt water/gen_1776582706_355.txt water/gen_1776582723_361.txt water/gen_1776582740_367.txt water/gen_1776582757_373.txt water/gen_1776582774_379.txt water/gen_1776582791_385.txt water/gen_1776582808_391.txt water/gen_1776582826_397.txt water/gen_1776582843_403.txt water/gen_1776582860_409.txt water/gen_1776582877_415.txt water/gen_1776582894_421.txt water/gen_1776582911_427.txt water/gen_1776582928_433.txt water/gen_1776582945_439.txt water/gen_1776582962_445.txt water/gen_1776582979_451.txt water/gen_1776582996_457.txt water/gen_1776583013_463.txt water/gen_1776583030_469.txt water/gen_1776583047_475.txt water/gen_1776583064_481.txt water/gen_1776583081_487.txt water/gen_1776583098_493.txt water/gen_1776583115_499.txt water/gen_1776583132_505.txt water/gen_1776583149_511.txt water/gen_1776583166_517.txt water/gen_1776583183_523.txt water/gen_1776583200_529.txt water/gen_1776583217_535.txt water/gen_1776583234_541.txt water/gen_1776583250_547.txt water/gen_1776583267_553.txt water/gen_1776583284_559.txt water/gen_1776583301_565.txt water/gen_1776583318_571.txt water/gen_1776583335_577.txt water/gen_1776583352_583.txt water/gen_1776583369_589.txt water/gen_1776583386_595.txt water/gen_1776583403_601.txt water/gen_1776583420_607.txt water/gen_1776583437_613.txt water/gen_1776583454_619.txt water/gen_1776583471_625.txt]
[trainer] micro-train burst (6454 bytes, novelty 0.09) — and lo, it feeds again.
[syntropy] action=explore | trend=0.0000 | field_dev=-0.005 | purpose_align=-0.112 | lr_mul=1.30
[aml] burst complete: 32 steps, avg loss 1.9086 (memory freed)
[dna] fire wrote 40 bytes to ecology
[dna] fire wrote 26 bytes to ecology
[dna] fire wrote 33 bytes to ecology
[dna] fire wrote 87 bytes to ecology
[dna] fire wrote 65 bytes to ecology
[dna] fire wrote 50 bytes to ecology
[dna] fire wrote 75 bytes to ecology
[dna] fire wrote 32 bytes to ecology
[dna] fire wrote 45 bytes to ecology
[dna] fire wrote 73 bytes to ecology
[dna] fire wrote 69 bytes to ecology
[dna] fire wrote 24 bytes to ecology
[dna] fire wrote 51 bytes to ecology
[dna] fire wrote 72 bytes to ecology
[dna] fire wrote 69 bytes to ecology
[dna] fire wrote 58 bytes to ecology
[debug-onto] tick=50 corpus=128459 stage=2 freeze=0
[dna] fire wrote 177 bytes to ecology
[dna] fire wrote 64 bytes to ecology
[dna] fire wrote 62 bytes to ecology
[dna] fire wrote 39 bytes to ecology
[dna] fire wrote 79 bytes to ecology
[dna] fire wrote 145 bytes to ecology
[dna] fire wrote 46 bytes to ecology
[dna] fire wrote 41 bytes to ecology
[dna] fire wrote 51 bytes to ecology
[dna] fire wrote 65 bytes to ecology
[dna] fire wrote 43 bytes to ecology
[dna] fire wrote 60 bytes to ecology
[dna] fire wrote 16 bytes to ecology
[dna] fire wrote 33 bytes to ecology
[dna] fire wrote 19 bytes to ecology
[dna] fire wrote 40 bytes to ecology
[dna] fire wrote 49 bytes to ecology
[debug-onto] tick=100 corpus=128459 stage=2 freeze=0
[dna] fire wrote 29 bytes to ecology
[dna] fire wrote 83 bytes to ecology
[dna] fire wrote 57 bytes to ecology
[dna] fire wrote 58 bytes to ecology
[dna] fire wrote 56 bytes to ecology
[dna] fire wrote 124 bytes to ecology
[dna] fire wrote 139 bytes to ecology
[dna] fire wrote 36 bytes to ecology
[dna] fire wrote 41 bytes to ecology
[dna] fire wrote 145 bytes to ecology
[dna] fire wrote 30 bytes to ecology
[dna] fire wrote 19 bytes to ecology
[dna] fire wrote 52 bytes to ecology
[dna] fire wrote 53 bytes to ecology
[dna] fire wrote 45 bytes to ecology
[dna] fire wrote 35 bytes to ecology
[debug-onto] tick=150 corpus=128459 stage=2 freeze=0
[dna] fire wrote 33 bytes to ecology
[dna] fire wrote 28 bytes to ecology
[dna] fire wrote 35 bytes to ecology
[dna] fire wrote 86 bytes to ecology
[dna] fire wrote 40 bytes to ecology
[dna] fire wrote 61 bytes to ecology
[dna] fire wrote 50 bytes to ecology
[dna] fire wrote 69 bytes to ecology
[dna] fire wrote 26 bytes to ecology
[dna] fire wrote 47 bytes to ecology
[dna] fire wrote 33 bytes to ecology
[dna] fire wrote 31 bytes to ecology
[dna] fire wrote 47 bytes to ecology
[dna] fire wrote 52 bytes to ecology
[dna] fire wrote 30 bytes to ecology
[dna] fire wrote 183 bytes to ecology
[dna] fire wrote 75 bytes to ecology
[debug-onto] tick=200 corpus=128459 stage=2 freeze=0
[dna] fire wrote 72 bytes to ecology
[dna] fire wrote 76 bytes to ecology
[dna] fire wrote 131 bytes to ecology
[dna] fire wrote 54 bytes to ecology
[dna] fire wrote 31 bytes to ecology
[dna] fire wrote 15 bytes to ecology
[dna] fire wrote 119 bytes to ecology
[dna] fire wrote 42 bytes to ecology
[dna] fire wrote 27 bytes to ecology
[dna] fire wrote 69 bytes to ecology
[dna] fire wrote 28 bytes to ecology
[dna] fire wrote 51 bytes to ecology
[dna] fire wrote 66 bytes to ecology
[dna] fire wrote 35 bytes to ecology
[dna] fire wrote 38 bytes to ecology
[dna] fire wrote 44 bytes to ecology
[dna] fire wrote 46 bytes to ecology
[debug-onto] tick=250 corpus=128459 stage=2 freeze=0
[dna] fire wrote 48 bytes to ecology
[dna] fire wrote 86 bytes to ecology
[dna] fire wrote 28 bytes to ecology
[dna] fire wrote 68 bytes to ecology
[dna] fire wrote 66 bytes to ecology
[dna] fire wrote 38 bytes to ecology
[dna] fire wrote 68 bytes to ecology
[dna] fire wrote 25 bytes to ecology
[dna] fire wrote 30 bytes to ecology
[dna] fire wrote 43 bytes to ecology
[dna] fire wrote 30 bytes to ecology
[dna] fire wrote 41 bytes to ecology
[dna] fire wrote 59 bytes to ecology
[dna] fire wrote 56 bytes to ecology
[dna] fire wrote 109 bytes to ecology
[dna] fire wrote 81 bytes to ecology
[debug-onto] tick=300 corpus=128459 stage=2 freeze=0
[dna] fire wrote 29 bytes to ecology
[dna] fire wrote 31 bytes to ecology
[dna] fire wrote 46 bytes to ecology
[dna] fire wrote 30 bytes to ecology
[dna] fire wrote 27 bytes to ecology
[dna] fire wrote 45 bytes to ecology
[dna] fire wrote 39 bytes to ecology
[dna] fire wrote 177 bytes to ecology
[dna] fire wrote 36 bytes to ecology
[dna] fire wrote 25 bytes to ecology
[dna] fire wrote 46 bytes to ecology
[dna] fire wrote 47 bytes to ecology
[dna] fire wrote 31 bytes to ecology
[dna] fire wrote 130 bytes to ecology
[dna] fire wrote 35 bytes to ecology
[dna] fire wrote 93 bytes to ecology
[dna] fire wrote 18 bytes to ecology
[debug-onto] tick=350 corpus=128459 stage=2 freeze=0
[dna] fire wrote 48 bytes to ecology
[dna] fire wrote 69 bytes to ecology
[dna] fire wrote 45 bytes to ecology
[dna] fire wrote 25 bytes to ecology
[dna] fire wrote 32 bytes to ecology
[dna] fire wrote 25 bytes to ecology
[dna] fire wrote 31 bytes to ecology
[dna] fire wrote 35 bytes to ecology
[dna] fire wrote 41 bytes to ecology
[dna] fire wrote 99 bytes to ecology
[dna] fire wrote 59 bytes to ecology
[dna] fire wrote 101 bytes to ecology
[dna] fire wrote 92 bytes to ecology
[dna] fire wrote 26 bytes to ecology
[dna] fire wrote 44 bytes to ecology
[dna] fire wrote 52 bytes to ecology
[dna] fire wrote 87 bytes to ecology
[debug-onto] tick=400 corpus=128459 stage=2 freeze=0
[dna] fire wrote 73 bytes to ecology
[dna] fire wrote 40 bytes to ecology
[dna] fire wrote 29 bytes to ecology
[dna] fire wrote 94 bytes to ecology
[dna] fire wrote 102 bytes to ecology
[dna] fire wrote 24 bytes to ecology
[dna] fire wrote 29 bytes to ecology
[dna] fire wrote 60 bytes to ecology
[dna] fire wrote 33 bytes to ecology
[dna] fire wrote 49 bytes to ecology
[dna] fire wrote 36 bytes to ecology
[dna] fire wrote 25 bytes to ecology
[dna] fire wrote 33 bytes to ecology
[dna] fire wrote 90 bytes to ecology
[dna] fire wrote 55 bytes to ecology
[dna] fire wrote 31 bytes to ecology
[debug-onto] tick=450 corpus=128459 stage=2 freeze=0
[dna] fire wrote 51 bytes to ecology
[dna] fire wrote 79 bytes to ecology
[dna] fire wrote 22 bytes to ecology
[dna] fire wrote 25 bytes to ecology
[dna] fire wrote 31 bytes to ecology
[dna] fire wrote 34 bytes to ecology
[dna] fire wrote 30 bytes to ecology
[dna] fire wrote 47 bytes to ecology
[dna] fire wrote 183 bytes to ecology
[dna] fire wrote 45 bytes to ecology
[dna] fire wrote 141 bytes to ecology
[dna] fire wrote 44 bytes to ecology
[dna] fire wrote 78 bytes to ecology
[dna] fire wrote 45 bytes to ecology
[dna] fire wrote 51 bytes to ecology
[dna] fire wrote 54 bytes to ecology
[dna] fire wrote 48 bytes to ecology
[debug-onto] tick=500 corpus=128459 stage=2 freeze=0
[dna] fire wrote 50 bytes to ecology
[dna] fire wrote 79 bytes to ecology
[dna] fire wrote 43 bytes to ecology
[dna] fire wrote 42 bytes to ecology
[dna] fire wrote 26 bytes to ecology
[dna] fire wrote 61 bytes to ecology
[dna] fire wrote 16 bytes to ecology
[dna] fire wrote 46 bytes to ecology
[dna] fire wrote 58 bytes to ecology
[dna] fire wrote 40 bytes to ecology
[dna] fire wrote 34 bytes to ecology
[dna] fire wrote 35 bytes to ecology
[dna] fire wrote 35 bytes to ecology
[dna] fire wrote 30 bytes to ecology
[dna] fire wrote 66 bytes to ecology
[dna] fire wrote 100 bytes to ecology
[dna] fire wrote 58 bytes to ecology
[debug-onto] tick=550 corpus=128459 stage=2 freeze=0
[dna] fire wrote 32 bytes to ecology
[dna] fire wrote 37 bytes to ecology
[dna] fire wrote 35 bytes to ecology
[dna] fire wrote 48 bytes to ecology
[dna] fire wrote 54 bytes to ecology
[dna] fire wrote 60 bytes to ecology
[dna] fire wrote 22 bytes to ecology
[dna] fire wrote 26 bytes to ecology
[dna] fire wrote 50 bytes to ecology
[dna] fire wrote 48 bytes to ecology
[dna] fire wrote 40 bytes to ecology
[dna] fire wrote 26 bytes to ecology
[dna] fire wrote 27 bytes to ecology
[dna] fire wrote 41 bytes to ecology
[dna] fire wrote 64 bytes to ecology
[dna] fire wrote 25 bytes to ecology
[debug-onto] tick=600 corpus=128459 stage=2 freeze=0
[dna] fire wrote 124 bytes to ecology
[dna] fire wrote 41 bytes to ecology
[dna] fire wrote 41 bytes to ecology
[dna] fire wrote 54 bytes to ecology
[dna] fire wrote 51 bytes to ecology
[dna] fire wrote 55 bytes to ecology
[dna] fire wrote 76 bytes to ecology
[dna] fire wrote 42 bytes to ecology
[dna] fire wrote 178 bytes to ecology
[dna] fire wrote 28 bytes to ecology
[dna] fire wrote 133 bytes to ecology
[dna] fire wrote 61 bytes to ecology
[dna] fire wrote 27 bytes to ecology
[dna] fire wrote 55 bytes to ecology
[dna] fire wrote 51 bytes to ecology
[dna] fire wrote 199 bytes to ecology
[dna] fire wrote 108 bytes to ecology
[debug-onto] tick=650 corpus=128459 stage=2 freeze=0
[dna] fire wrote 74 bytes to ecology
[dna] fire wrote 37 bytes to ecology
[dna] fire wrote 48 bytes to ecology
[dna] fire wrote 83 bytes to ecology
[dna] fire wrote 86 bytes to ecology
[dna] fire wrote 131 bytes to ecology
[dna] fire wrote 26 bytes to ecology
[dna] fire wrote 67 bytes to ecology
[dna] fire wrote 40 bytes to ecology
[dna] fire wrote 56 bytes to ecology
[dna] fire wrote 15 bytes to ecology
[dna] fire wrote 58 bytes to ecology
[dna] fire wrote 30 bytes to ecology
[dna] fire wrote 31 bytes to ecology
[dna] fire wrote 70 bytes to ecology
[dna] fire wrote 212 bytes to ecology
[dna] fire wrote 46 bytes to ecology
[debug-onto] tick=700 corpus=128459 stage=2 freeze=0
[dna] fire wrote 83 bytes to ecology
[dna] fire wrote 90 bytes to ecology
[dna] fire wrote 21 bytes to ecology
[dna] fire wrote 52 bytes to ecology
[dna] fire wrote 71 bytes to ecology
[dna] fire wrote 92 bytes to ecology
[dna] fire wrote 39 bytes to ecology

[evolution] Organism shutting down gracefully.
