[ecology] Element: water → corpus: nonames_water.txt
[evolution] Autonomous evolution mode — organism will grow through all stages without pause.
[ecology] Joined swarm. 1 peer(s) detected.
molequla is alive. [evolution] Autonomous mode — background trainer running. Ctrl+C to stop.
[dna] water wrote 28 bytes to ecology
[dna] water consumed 18427 bytes from 226 files: [air/gen_1776579889_1.txt air/gen_1776579906_4.txt air/gen_1776579914_7.txt air/gen_1776579922_10.txt air/gen_1776579929_13.txt air/gen_1776579937_16.txt air/gen_1776579945_19.txt air/gen_1776579953_22.txt air/gen_1776579961_25.txt air/gen_1776579969_28.txt air/gen_1776579977_31.txt air/gen_1776579984_34.txt air/gen_1776579992_37.txt air/gen_1776580000_40.txt air/gen_1776580008_43.txt air/gen_1776580016_46.txt air/gen_1776580023_49.txt air/gen_1776580031_52.txt air/gen_1776580039_55.txt air/gen_1776580047_58.txt air/gen_1776580055_61.txt air/gen_1776580063_64.txt air/gen_1776580070_67.txt air/gen_1776580078_70.txt air/gen_1776580086_73.txt air/gen_1776580094_76.txt air/gen_1776580102_79.txt air/gen_1776580109_82.txt air/gen_1776580117_85.txt air/gen_1776580125_88.txt air/gen_1776580133_91.txt air/gen_1776580140_94.txt air/gen_1776580148_97.txt air/gen_1776580156_100.txt air/gen_1776580164_103.txt air/gen_1776580172_106.txt air/gen_1776580179_109.txt air/gen_1776580187_112.txt air/gen_1776580195_115.txt air/gen_1776580203_118.txt air/gen_1776580211_121.txt air/gen_1776580218_124.txt air/gen_1776580226_127.txt air/gen_1776580234_130.txt air/gen_1776580241_133.txt air/gen_1776580249_136.txt air/gen_1776580257_139.txt air/gen_1776580265_142.txt air/gen_1776580272_145.txt air/gen_1776580280_148.txt air/gen_1776580288_151.txt air/gen_1776580296_154.txt air/gen_1776580304_157.txt air/gen_1776580311_160.txt air/gen_1776580319_163.txt air/gen_1776580327_166.txt air/gen_1776580335_169.txt air/gen_1776580343_172.txt air/gen_1776580351_175.txt air/gen_1776580359_178.txt air/gen_1776580366_181.txt air/gen_1776580374_184.txt air/gen_1776580382_187.txt air/gen_1776580390_190.txt air/gen_1776580398_193.txt air/gen_1776580406_196.txt air/gen_1776580414_199.txt air/gen_1776580422_202.txt air/gen_1776580430_205.txt air/gen_1776580437_208.txt air/gen_1776580445_211.txt air/gen_1776580453_214.txt air/gen_1776580461_217.txt air/gen_1776580469_220.txt air/gen_1776580477_223.txt air/gen_1776580485_226.txt air/gen_1776580493_229.txt air/gen_1776580501_232.txt air/gen_1776580509_235.txt air/gen_1776580517_238.txt air/gen_1776580525_241.txt air/gen_1776580533_244.txt air/gen_1776580541_247.txt air/gen_1776580549_250.txt air/gen_1776580557_253.txt air/gen_1776580565_256.txt air/gen_1776580572_259.txt air/gen_1776580580_262.txt air/gen_1776580588_265.txt air/gen_1776580596_268.txt air/gen_1776580604_271.txt air/gen_1776580612_274.txt air/gen_1776580620_277.txt air/gen_1776580628_280.txt air/gen_1776580636_283.txt air/gen_1776580644_286.txt air/gen_1776580652_289.txt air/gen_1776580660_292.txt air/gen_1776580667_295.txt air/gen_1776580675_298.txt air/gen_1776580683_301.txt air/gen_1776580691_304.txt air/gen_1776580699_307.txt air/gen_1776580707_310.txt air/gen_1776580715_313.txt air/gen_1776580723_316.txt air/gen_1776580731_319.txt air/gen_1776580738_322.txt air/gen_1776580746_325.txt air/gen_1776580754_328.txt air/gen_1776580762_331.txt air/gen_1776580770_334.txt air/gen_1776580778_337.txt air/gen_1776580786_340.txt air/gen_1776580794_343.txt air/gen_1776580801_346.txt air/gen_1776580809_349.txt air/gen_1776580817_352.txt air/gen_1776580825_355.txt air/gen_1776580833_358.txt air/gen_1776580841_361.txt air/gen_1776580848_364.txt air/gen_1776580856_367.txt air/gen_1776580864_370.txt air/gen_1776580872_373.txt air/gen_1776580880_376.txt air/gen_1776580888_379.txt air/gen_1776580896_382.txt air/gen_1776580904_385.txt air/gen_1776580912_388.txt air/gen_1776580920_391.txt air/gen_1776580928_394.txt air/gen_1776580936_397.txt air/gen_1776580944_400.txt air/gen_1776580952_403.txt air/gen_1776580960_406.txt air/gen_1776580968_409.txt air/gen_1776580976_412.txt air/gen_1776580984_415.txt air/gen_1776580992_418.txt air/gen_1776581000_421.txt air/gen_1776581008_424.txt air/gen_1776581016_427.txt air/gen_1776581025_430.txt air/gen_1776581033_433.txt air/gen_1776581041_436.txt air/gen_1776581049_439.txt air/gen_1776581057_442.txt air/gen_1776581065_445.txt air/gen_1776581073_448.txt air/gen_1776581081_451.txt air/gen_1776581089_454.txt air/gen_1776581098_457.txt air/gen_1776581106_460.txt air/gen_1776581114_463.txt air/gen_1776581122_466.txt air/gen_1776581130_469.txt air/gen_1776581138_472.txt air/gen_1776581146_475.txt air/gen_1776581153_478.txt air/gen_1776581161_481.txt air/gen_1776581169_484.txt air/gen_1776581177_487.txt air/gen_1776581185_490.txt air/gen_1776581193_493.txt air/gen_1776581201_496.txt air/gen_1776581209_499.txt air/gen_1776581217_502.txt air/gen_1776581225_505.txt air/gen_1776581233_508.txt air/gen_1776581241_511.txt air/gen_1776581249_514.txt air/gen_1776581257_517.txt air/gen_1776581265_520.txt air/gen_1776581273_523.txt air/gen_1776581281_526.txt air/gen_1776581289_529.txt air/gen_1776581297_532.txt air/gen_1776581305_535.txt air/gen_1776581313_538.txt air/gen_1776581321_541.txt air/gen_1776581329_544.txt air/gen_1776581337_547.txt air/gen_1776581345_550.txt air/gen_1776581353_553.txt air/gen_1776581361_556.txt air/gen_1776581369_559.txt air/gen_1776581378_562.txt air/gen_1776581386_565.txt air/gen_1776581394_568.txt air/gen_1776581402_571.txt air/gen_1776581410_574.txt air/gen_1776581418_577.txt air/gen_1776581425_580.txt air/gen_1776581433_583.txt air/gen_1776581441_586.txt air/gen_1776581449_589.txt air/gen_1776581457_592.txt air/gen_1776581465_595.txt air/gen_1776581473_598.txt air/gen_1776581481_601.txt air/gen_1776581489_604.txt air/gen_1776581497_607.txt air/gen_1776581505_610.txt air/gen_1776581513_613.txt air/gen_1776581521_616.txt air/gen_1776581529_619.txt air/gen_1776581537_622.txt air/gen_1776581545_625.txt air/gen_1776581553_628.txt air/gen_1776581561_631.txt air/gen_1776581569_634.txt air/gen_1776581577_637.txt air/gen_1776581585_640.txt air/gen_1776581593_643.txt air/gen_1776581601_646.txt air/gen_1776581609_649.txt air/gen_1776581617_652.txt air/gen_1776581625_655.txt air/gen_1776581633_658.txt air/gen_1776581641_661.txt air/gen_1776581649_664.txt air/gen_1776581657_667.txt air/gen_1776581665_670.txt air/gen_1776581673_673.txt air/gen_1776581681_676.txt]
[trainer] micro-train burst (18427 bytes, novelty 0.03) — and lo, it feeds again.
[syntropy] action=explore | trend=0.0000 | field_dev=-0.047 | purpose_align=-0.114 | lr_mul=1.30
[aml] burst complete: 32 steps, avg loss 1.7628 (memory freed)
[dna] water wrote 21 bytes to ecology
[dna] water wrote 34 bytes to ecology
[dna] water wrote 32 bytes to ecology
[dna] water wrote 184 bytes to ecology
[dna] water wrote 67 bytes to ecology
[dna] water wrote 29 bytes to ecology
[dna] water wrote 39 bytes to ecology
[dna] water wrote 36 bytes to ecology
[debug-onto] tick=50 corpus=144350 stage=2 freeze=0
[dna] water wrote 106 bytes to ecology
[dna] water wrote 63 bytes to ecology
[dna] water wrote 122 bytes to ecology
[dna] water wrote 63 bytes to ecology
[dna] water wrote 44 bytes to ecology
[dna] water wrote 54 bytes to ecology
[dna] water wrote 62 bytes to ecology
[dna] water wrote 55 bytes to ecology
[debug-onto] tick=100 corpus=144350 stage=2 freeze=0
[dna] water wrote 104 bytes to ecology
[dna] water wrote 31 bytes to ecology
[dna] water wrote 21 bytes to ecology
[dna] water wrote 42 bytes to ecology
[dna] water wrote 20 bytes to ecology
[dna] water wrote 24 bytes to ecology
[dna] water wrote 142 bytes to ecology
[dna] water wrote 40 bytes to ecology
[debug-onto] tick=150 corpus=144350 stage=2 freeze=0
[dna] water wrote 81 bytes to ecology
[dna] water wrote 23 bytes to ecology
[dna] water wrote 46 bytes to ecology
[dna] water wrote 119 bytes to ecology
[dna] water wrote 162 bytes to ecology
[dna] water wrote 96 bytes to ecology
[dna] water wrote 33 bytes to ecology
[dna] water wrote 93 bytes to ecology
[dna] water wrote 64 bytes to ecology
[debug-onto] tick=200 corpus=144350 stage=2 freeze=0
[dna] water wrote 33 bytes to ecology
[dna] water wrote 27 bytes to ecology
[dna] water wrote 70 bytes to ecology
[dna] water wrote 122 bytes to ecology
[dna] water wrote 122 bytes to ecology
[dna] water wrote 95 bytes to ecology
[dna] water wrote 37 bytes to ecology
[dna] water wrote 50 bytes to ecology
[debug-onto] tick=250 corpus=144350 stage=2 freeze=0
[dna] water wrote 66 bytes to ecology
[dna] water wrote 91 bytes to ecology
[dna] water wrote 65 bytes to ecology
[dna] water wrote 43 bytes to ecology
[dna] water wrote 36 bytes to ecology
[dna] water wrote 40 bytes to ecology
[dna] water wrote 89 bytes to ecology
[dna] water wrote 32 bytes to ecology
[debug-onto] tick=300 corpus=144350 stage=2 freeze=0
[dna] water wrote 37 bytes to ecology
[dna] water wrote 26 bytes to ecology
[dna] water wrote 79 bytes to ecology
[dna] water wrote 47 bytes to ecology
[dna] water wrote 93 bytes to ecology
[dna] water wrote 31 bytes to ecology
[dna] water wrote 15 bytes to ecology
[dna] water wrote 25 bytes to ecology
[dna] water wrote 158 bytes to ecology
[debug-onto] tick=350 corpus=144350 stage=2 freeze=0
[dna] water wrote 48 bytes to ecology
[dna] water wrote 48 bytes to ecology
[dna] water wrote 35 bytes to ecology
[dna] water wrote 89 bytes to ecology
[dna] water wrote 63 bytes to ecology
[dna] water wrote 40 bytes to ecology
[dna] water wrote 70 bytes to ecology
[dna] water wrote 51 bytes to ecology
[debug-onto] tick=400 corpus=144350 stage=2 freeze=0
[dna] water wrote 21 bytes to ecology
[dna] water wrote 23 bytes to ecology
[dna] water wrote 86 bytes to ecology
[dna] water wrote 56 bytes to ecology
[dna] water wrote 22 bytes to ecology
[dna] water wrote 110 bytes to ecology
[dna] water wrote 75 bytes to ecology
[dna] water wrote 110 bytes to ecology
[debug-onto] tick=450 corpus=144350 stage=2 freeze=0
[dna] water wrote 11 bytes to ecology
[dna] water wrote 72 bytes to ecology
[dna] water wrote 69 bytes to ecology
[dna] water wrote 54 bytes to ecology
[dna] water wrote 38 bytes to ecology
[dna] water wrote 40 bytes to ecology
[dna] water wrote 69 bytes to ecology
[dna] water wrote 14 bytes to ecology
[dna] water wrote 82 bytes to ecology
[debug-onto] tick=500 corpus=144350 stage=2 freeze=0
[dna] water wrote 124 bytes to ecology
[dna] water wrote 20 bytes to ecology
[dna] water wrote 24 bytes to ecology
[dna] water wrote 19 bytes to ecology
[dna] water wrote 113 bytes to ecology
[dna] water wrote 28 bytes to ecology
[dna] water wrote 70 bytes to ecology
[dna] water wrote 18 bytes to ecology
[debug-onto] tick=550 corpus=144350 stage=2 freeze=0
[dna] water wrote 26 bytes to ecology
[dna] water wrote 120 bytes to ecology
[dna] water wrote 55 bytes to ecology
[dna] water wrote 155 bytes to ecology
[dna] water wrote 80 bytes to ecology
[dna] water wrote 99 bytes to ecology
[dna] water wrote 79 bytes to ecology
[dna] water wrote 23 bytes to ecology
[debug-onto] tick=600 corpus=144350 stage=2 freeze=0
[dna] water wrote 121 bytes to ecology
[dna] water wrote 59 bytes to ecology
[dna] water wrote 50 bytes to ecology
[dna] water wrote 39 bytes to ecology
[dna] water wrote 27 bytes to ecology

[evolution] Organism shutting down gracefully.
