[ecology] Element: air → corpus: nonames_air.txt
[evolution] Autonomous evolution mode — organism will grow through all stages without pause.
[ecology] Joined swarm. 1 peer(s) detected.
molequla is alive. [evolution] Autonomous mode — background trainer running. Ctrl+C to stop.
[dna] air wrote 66 bytes to ecology
[dna] air consumed 22038 bytes from 279 files: [earth/gen_1777443586_1.txt earth/gen_1777443593_4.txt earth/gen_1777443600_7.txt earth/gen_1777443606_10.txt earth/gen_1777443613_13.txt earth/gen_1777443619_16.txt earth/gen_1777443626_19.txt earth/gen_1777443632_22.txt earth/gen_1777443638_25.txt earth/gen_1777443645_28.txt earth/gen_1777443651_31.txt earth/gen_1777443658_34.txt earth/gen_1777443664_37.txt earth/gen_1777443671_40.txt earth/gen_1777443677_43.txt earth/gen_1777443684_46.txt earth/gen_1777443690_49.txt earth/gen_1777443697_52.txt earth/gen_1777443704_55.txt earth/gen_1777443710_58.txt earth/gen_1777443717_61.txt earth/gen_1777443724_64.txt earth/gen_1777443730_67.txt earth/gen_1777443737_70.txt earth/gen_1777443743_73.txt earth/gen_1777443750_76.txt earth/gen_1777443756_79.txt earth/gen_1777443763_82.txt earth/gen_1777443770_85.txt earth/gen_1777443776_88.txt earth/gen_1777443783_91.txt earth/gen_1777443790_94.txt earth/gen_1777443796_97.txt earth/gen_1777443802_100.txt earth/gen_1777443809_103.txt earth/gen_1777443815_106.txt earth/gen_1777443822_109.txt earth/gen_1777443828_112.txt earth/gen_1777443835_115.txt earth/gen_1777443841_118.txt earth/gen_1777443847_121.txt earth/gen_1777443853_124.txt earth/gen_1777443860_127.txt earth/gen_1777443866_130.txt earth/gen_1777443872_133.txt earth/gen_1777443879_136.txt earth/gen_1777443885_139.txt earth/gen_1777443891_142.txt earth/gen_1777443898_145.txt earth/gen_1777443904_148.txt earth/gen_1777443910_151.txt earth/gen_1777443916_154.txt earth/gen_1777443922_157.txt earth/gen_1777443929_160.txt earth/gen_1777443935_163.txt earth/gen_1777443941_166.txt earth/gen_1777443947_169.txt earth/gen_1777443953_172.txt earth/gen_1777443960_175.txt earth/gen_1777443966_178.txt earth/gen_1777443972_181.txt earth/gen_1777443978_184.txt earth/gen_1777443985_187.txt earth/gen_1777443991_190.txt earth/gen_1777443997_193.txt earth/gen_1777444003_196.txt earth/gen_1777444010_199.txt earth/gen_1777444016_202.txt earth/gen_1777444022_205.txt earth/gen_1777444028_208.txt earth/gen_1777444034_211.txt earth/gen_1777444041_214.txt earth/gen_1777444047_217.txt earth/gen_1777444053_220.txt earth/gen_1777444060_223.txt earth/gen_1777444066_226.txt earth/gen_1777444072_229.txt earth/gen_1777444078_232.txt earth/gen_1777444085_235.txt earth/gen_1777444091_238.txt earth/gen_1777444097_241.txt earth/gen_1777444104_244.txt earth/gen_1777444110_247.txt earth/gen_1777444116_250.txt earth/gen_1777444123_253.txt earth/gen_1777444129_256.txt earth/gen_1777444135_259.txt earth/gen_1777444142_262.txt earth/gen_1777444148_265.txt earth/gen_1777444155_268.txt earth/gen_1777444161_271.txt earth/gen_1777444167_274.txt earth/gen_1777444173_277.txt earth/gen_1777444180_280.txt earth/gen_1777444186_283.txt earth/gen_1777444192_286.txt earth/gen_1777444198_289.txt earth/gen_1777444205_292.txt earth/gen_1777444211_295.txt earth/gen_1777444217_298.txt earth/gen_1777444223_301.txt earth/gen_1777444229_304.txt earth/gen_1777444242_310.txt earth/gen_1777444248_313.txt earth/gen_1777444254_316.txt earth/gen_1777444260_319.txt earth/gen_1777444267_322.txt earth/gen_1777444273_325.txt earth/gen_1777444279_328.txt earth/gen_1777444286_331.txt earth/gen_1777444292_334.txt earth/gen_1777444298_337.txt earth/gen_1777444305_340.txt earth/gen_1777444311_343.txt earth/gen_1777444317_346.txt earth/gen_1777444323_349.txt earth/gen_1777444329_352.txt earth/gen_1777444335_355.txt earth/gen_1777444342_358.txt earth/gen_1777444348_361.txt earth/gen_1777444354_364.txt earth/gen_1777444360_367.txt earth/gen_1777444367_370.txt earth/gen_1777444373_373.txt earth/gen_1777444379_376.txt earth/gen_1777444385_379.txt earth/gen_1777444392_382.txt earth/gen_1777444399_385.txt earth/gen_1777444405_388.txt earth/gen_1777444411_391.txt earth/gen_1777444418_394.txt earth/gen_1777444424_397.txt earth/gen_1777444430_400.txt earth/gen_1777444437_403.txt earth/gen_1777444443_406.txt earth/gen_1777444449_409.txt earth/gen_1777444456_412.txt earth/gen_1777444462_415.txt earth/gen_1777444469_418.txt earth/gen_1777444475_421.txt earth/gen_1777444481_424.txt earth/gen_1777444488_427.txt earth/gen_1777444494_430.txt earth/gen_1777444500_433.txt earth/gen_1777444506_436.txt earth/gen_1777444513_439.txt earth/gen_1777444519_442.txt earth/gen_1777444525_445.txt earth/gen_1777444532_448.txt earth/gen_1777444538_451.txt earth/gen_1777444544_454.txt earth/gen_1777444550_457.txt earth/gen_1777444557_460.txt earth/gen_1777444563_463.txt earth/gen_1777444569_466.txt earth/gen_1777444582_472.txt earth/gen_1777444588_475.txt earth/gen_1777444594_478.txt earth/gen_1777444600_481.txt earth/gen_1777444606_484.txt earth/gen_1777444613_487.txt earth/gen_1777444619_490.txt earth/gen_1777444625_493.txt earth/gen_1777444631_496.txt earth/gen_1777444638_499.txt earth/gen_1777444644_502.txt earth/gen_1777444651_505.txt earth/gen_1777444657_508.txt earth/gen_1777444663_511.txt earth/gen_1777444670_514.txt earth/gen_1777444676_517.txt earth/gen_1777444682_520.txt earth/gen_1777444689_523.txt earth/gen_1777444695_526.txt earth/gen_1777444701_529.txt earth/gen_1777444708_532.txt earth/gen_1777444714_535.txt earth/gen_1777444720_538.txt earth/gen_1777444726_541.txt earth/gen_1777444732_544.txt earth/gen_1777444739_547.txt earth/gen_1777444745_550.txt earth/gen_1777444751_553.txt earth/gen_1777444757_556.txt earth/gen_1777444764_559.txt earth/gen_1777444770_562.txt earth/gen_1777444776_565.txt earth/gen_1777444782_568.txt earth/gen_1777444789_571.txt earth/gen_1777444795_574.txt earth/gen_1777444801_577.txt earth/gen_1777444808_580.txt earth/gen_1777444814_583.txt earth/gen_1777444821_586.txt earth/gen_1777444827_589.txt earth/gen_1777444833_592.txt earth/gen_1777444840_595.txt earth/gen_1777444846_598.txt earth/gen_1777444852_601.txt earth/gen_1777444858_604.txt earth/gen_1777444865_607.txt earth/gen_1777444871_610.txt earth/gen_1777444878_613.txt earth/gen_1777444884_616.txt earth/gen_1777444891_619.txt earth/gen_1777444897_622.txt earth/gen_1777444903_625.txt earth/gen_1777444910_628.txt earth/gen_1777444916_631.txt earth/gen_1777444922_634.txt earth/gen_1777444929_637.txt earth/gen_1777444935_640.txt earth/gen_1777444941_643.txt earth/gen_1777444948_646.txt earth/gen_1777444954_649.txt earth/gen_1777444960_652.txt earth/gen_1777444966_655.txt earth/gen_1777444973_658.txt earth/gen_1777444979_661.txt earth/gen_1777444985_664.txt earth/gen_1777444992_667.txt earth/gen_1777444998_670.txt earth/gen_1777445004_673.txt earth/gen_1777445010_676.txt earth/gen_1777445016_679.txt earth/gen_1777445022_682.txt earth/gen_1777445028_685.txt earth/gen_1777445035_688.txt earth/gen_1777445041_691.txt earth/gen_1777445047_694.txt earth/gen_1777445053_697.txt earth/gen_1777445060_700.txt earth/gen_1777445066_703.txt earth/gen_1777445072_706.txt earth/gen_1777445078_709.txt earth/gen_1777445085_712.txt earth/gen_1777445091_715.txt earth/gen_1777445097_718.txt earth/gen_1777445103_721.txt earth/gen_1777445110_724.txt earth/gen_1777445116_727.txt earth/gen_1777445122_730.txt earth/gen_1777445128_733.txt earth/gen_1777445134_736.txt earth/gen_1777445141_739.txt earth/gen_1777445147_742.txt earth/gen_1777445153_745.txt earth/gen_1777445159_748.txt earth/gen_1777445165_751.txt earth/gen_1777445171_754.txt earth/gen_1777445178_757.txt earth/gen_1777445184_760.txt earth/gen_1777445190_763.txt earth/gen_1777445196_766.txt earth/gen_1777445202_769.txt earth/gen_1777445208_772.txt earth/gen_1777445214_775.txt earth/gen_1777445220_778.txt earth/gen_1777445227_781.txt earth/gen_1777445233_784.txt earth/gen_1777445239_787.txt earth/gen_1777445245_790.txt earth/gen_1777445252_793.txt earth/gen_1777445258_796.txt earth/gen_1777445264_799.txt earth/gen_1777445270_802.txt earth/gen_1777445276_805.txt earth/gen_1777445282_808.txt earth/gen_1777445289_811.txt earth/gen_1777445295_814.txt earth/gen_1777445301_817.txt earth/gen_1777445308_820.txt earth/gen_1777445314_823.txt earth/gen_1777445320_826.txt earth/gen_1777445327_829.txt earth/gen_1777445333_832.txt earth/gen_1777445339_835.txt earth/gen_1777445346_838.txt earth/gen_1777445352_841.txt]
[trainer] micro-train burst (22038 bytes, novelty 0.03) — and lo, it feeds again.
[syntropy] action=explore | trend=0.0000 | field_dev=-0.045 | purpose_align=-0.073 | lr_mul=1.30
[aml] burst complete: 32 steps, avg loss 2.8231 (memory freed)
[dna] air wrote 106 bytes to ecology
[dna] air wrote 13 bytes to ecology
[dna] air wrote 34 bytes to ecology
[dna] air wrote 178 bytes to ecology
[dna] air wrote 85 bytes to ecology
[dna] air wrote 41 bytes to ecology
[dna] air wrote 125 bytes to ecology
[dna] air wrote 71 bytes to ecology
[dna] air wrote 83 bytes to ecology
[dna] air wrote 30 bytes to ecology
[dna] air wrote 73 bytes to ecology
[dna] air wrote 115 bytes to ecology
[dna] air wrote 26 bytes to ecology
[dna] air wrote 42 bytes to ecology
[dna] air wrote 94 bytes to ecology
[dna] air wrote 49 bytes to ecology
[debug-onto] tick=50 corpus=144633 stage=2 freeze=0
[dna] air wrote 58 bytes to ecology
[dna] air wrote 80 bytes to ecology
[dna] air wrote 164 bytes to ecology
[dna] air wrote 176 bytes to ecology
[dna] air wrote 49 bytes to ecology
[dna] air wrote 36 bytes to ecology
[dna] air wrote 87 bytes to ecology
[dna] air wrote 86 bytes to ecology
[dna] air wrote 62 bytes to ecology
[dna] air wrote 89 bytes to ecology
[dna] air wrote 79 bytes to ecology
[dna] air wrote 26 bytes to ecology
[dna] air wrote 29 bytes to ecology
[dna] air wrote 206 bytes to ecology
[dna] air wrote 81 bytes to ecology
[dna] air wrote 28 bytes to ecology
[dna] air wrote 83 bytes to ecology
[debug-onto] tick=100 corpus=144633 stage=2 freeze=0
[dna] air wrote 115 bytes to ecology
[dna] air wrote 22 bytes to ecology
[dna] air wrote 27 bytes to ecology
[dna] air wrote 47 bytes to ecology
[dna] air wrote 57 bytes to ecology
[dna] air wrote 42 bytes to ecology
[dna] air wrote 40 bytes to ecology
[dna] air wrote 41 bytes to ecology
[dna] air wrote 129 bytes to ecology
[dna] air wrote 179 bytes to ecology
[dna] air wrote 57 bytes to ecology
[dna] air wrote 96 bytes to ecology
[dna] air wrote 35 bytes to ecology
[dna] air wrote 37 bytes to ecology
[dna] air wrote 61 bytes to ecology
[dna] air wrote 8 bytes to ecology
[debug-onto] tick=150 corpus=144633 stage=2 freeze=0
[dna] air wrote 49 bytes to ecology
[dna] air wrote 121 bytes to ecology
[dna] air wrote 45 bytes to ecology
[dna] air wrote 42 bytes to ecology
[dna] air wrote 48 bytes to ecology
[dna] air wrote 89 bytes to ecology
[dna] air wrote 70 bytes to ecology
[dna] air wrote 46 bytes to ecology
[dna] air wrote 60 bytes to ecology
[dna] air wrote 37 bytes to ecology
[dna] air wrote 33 bytes to ecology
[dna] air wrote 157 bytes to ecology
[dna] air wrote 9 bytes to ecology
[dna] air wrote 51 bytes to ecology
[dna] air wrote 55 bytes to ecology
[dna] air wrote 58 bytes to ecology
[dna] air wrote 57 bytes to ecology
[debug-onto] tick=200 corpus=144633 stage=2 freeze=0
[dna] air wrote 150 bytes to ecology
[dna] air wrote 92 bytes to ecology
[dna] air wrote 177 bytes to ecology
[dna] air wrote 75 bytes to ecology
[dna] air wrote 100 bytes to ecology
[dna] air wrote 47 bytes to ecology
[dna] air wrote 63 bytes to ecology
[dna] air wrote 33 bytes to ecology
[dna] air wrote 122 bytes to ecology
[dna] air wrote 40 bytes to ecology
[dna] air wrote 36 bytes to ecology
[dna] air wrote 44 bytes to ecology
[dna] air wrote 42 bytes to ecology
[dna] air wrote 47 bytes to ecology
[dna] air wrote 227 bytes to ecology
[dna] air wrote 52 bytes to ecology
[dna] air wrote 124 bytes to ecology
[debug-onto] tick=250 corpus=144633 stage=2 freeze=0
[dna] air wrote 63 bytes to ecology
[dna] air wrote 44 bytes to ecology
[dna] air wrote 29 bytes to ecology
[dna] air wrote 72 bytes to ecology
[dna] air wrote 58 bytes to ecology
[dna] air wrote 134 bytes to ecology
[dna] air wrote 86 bytes to ecology
[dna] air wrote 117 bytes to ecology
[dna] air wrote 127 bytes to ecology
[dna] air wrote 226 bytes to ecology
[dna] air wrote 128 bytes to ecology
[dna] air wrote 16 bytes to ecology
[dna] air wrote 81 bytes to ecology
[dna] air wrote 96 bytes to ecology
[dna] air wrote 125 bytes to ecology
[dna] air wrote 79 bytes to ecology
[debug-onto] tick=300 corpus=144633 stage=2 freeze=0
[dna] air wrote 74 bytes to ecology
[dna] air wrote 45 bytes to ecology
[dna] air wrote 51 bytes to ecology
[dna] air wrote 44 bytes to ecology
[dna] air wrote 11 bytes to ecology
[dna] air wrote 32 bytes to ecology
[dna] air wrote 148 bytes to ecology
[dna] air wrote 90 bytes to ecology
[dna] air wrote 40 bytes to ecology
[dna] air wrote 190 bytes to ecology
[dna] air wrote 50 bytes to ecology
[dna] air wrote 10 bytes to ecology
[dna] air wrote 51 bytes to ecology
[dna] air wrote 24 bytes to ecology
[dna] air wrote 270 bytes to ecology
[dna] air wrote 62 bytes to ecology
[dna] air wrote 59 bytes to ecology
[debug-onto] tick=350 corpus=144633 stage=2 freeze=0
[dna] air wrote 69 bytes to ecology
[dna] air wrote 63 bytes to ecology
[dna] air wrote 67 bytes to ecology
[dna] air wrote 116 bytes to ecology
[dna] air wrote 95 bytes to ecology
[dna] air wrote 135 bytes to ecology
[dna] air wrote 90 bytes to ecology
[dna] air wrote 82 bytes to ecology
[dna] air wrote 81 bytes to ecology
[dna] air wrote 40 bytes to ecology
[dna] air wrote 66 bytes to ecology
[dna] air wrote 40 bytes to ecology
[dna] air wrote 169 bytes to ecology
[dna] air wrote 100 bytes to ecology
[dna] air wrote 58 bytes to ecology
[dna] air wrote 56 bytes to ecology
[dna] air wrote 87 bytes to ecology
[debug-onto] tick=400 corpus=144633 stage=2 freeze=0
[dna] air wrote 39 bytes to ecology
[dna] air wrote 57 bytes to ecology
[dna] air wrote 133 bytes to ecology
[dna] air wrote 21 bytes to ecology
[dna] air wrote 29 bytes to ecology
[dna] air wrote 69 bytes to ecology
[dna] air wrote 50 bytes to ecology
[dna] air wrote 42 bytes to ecology
[dna] air wrote 83 bytes to ecology
[dna] air wrote 93 bytes to ecology
[dna] air wrote 123 bytes to ecology
[dna] air wrote 18 bytes to ecology
[dna] air wrote 36 bytes to ecology
[dna] air wrote 71 bytes to ecology
[dna] air wrote 18 bytes to ecology
[dna] air wrote 88 bytes to ecology
[debug-onto] tick=450 corpus=144633 stage=2 freeze=0
[dna] air wrote 76 bytes to ecology
[dna] air wrote 66 bytes to ecology
[dna] air wrote 115 bytes to ecology
[dna] air wrote 97 bytes to ecology
[dna] air wrote 111 bytes to ecology
[dna] air wrote 153 bytes to ecology
[dna] air wrote 55 bytes to ecology
[dna] air wrote 142 bytes to ecology
[dna] air wrote 86 bytes to ecology
[dna] air wrote 59 bytes to ecology
[dna] air wrote 61 bytes to ecology
[dna] air wrote 70 bytes to ecology
[dna] air wrote 86 bytes to ecology
[dna] air wrote 88 bytes to ecology
[dna] air wrote 29 bytes to ecology
[dna] air wrote 58 bytes to ecology
[dna] air wrote 51 bytes to ecology
[debug-onto] tick=500 corpus=144633 stage=2 freeze=0
[dna] air wrote 101 bytes to ecology
[dna] air wrote 26 bytes to ecology
[dna] air wrote 35 bytes to ecology
[dna] air wrote 97 bytes to ecology
[dna] air wrote 149 bytes to ecology
[dna] air wrote 35 bytes to ecology
[dna] air wrote 192 bytes to ecology
[dna] air wrote 80 bytes to ecology
[dna] air wrote 41 bytes to ecology
[dna] air wrote 110 bytes to ecology
[dna] air wrote 60 bytes to ecology
[dna] air wrote 47 bytes to ecology
[dna] air wrote 93 bytes to ecology
[dna] air wrote 59 bytes to ecology
[dna] air wrote 51 bytes to ecology
[dna] air wrote 35 bytes to ecology
[dna] air wrote 38 bytes to ecology
[debug-onto] tick=550 corpus=144633 stage=2 freeze=0
[dna] air wrote 95 bytes to ecology
[dna] air wrote 68 bytes to ecology
[dna] air wrote 86 bytes to ecology
[dna] air wrote 99 bytes to ecology
[dna] air wrote 136 bytes to ecology
[dna] air wrote 120 bytes to ecology
[dna] air wrote 174 bytes to ecology
[dna] air wrote 91 bytes to ecology
[dna] air wrote 167 bytes to ecology
[dna] air wrote 61 bytes to ecology
[dna] air wrote 61 bytes to ecology
[dna] air wrote 27 bytes to ecology
[dna] air wrote 66 bytes to ecology
[dna] air wrote 80 bytes to ecology
[dna] air wrote 64 bytes to ecology
[dna] air wrote 47 bytes to ecology
[debug-onto] tick=600 corpus=144633 stage=2 freeze=0
[dna] air wrote 118 bytes to ecology
[dna] air wrote 21 bytes to ecology
[dna] air wrote 27 bytes to ecology
[dna] air wrote 24 bytes to ecology
[dna] air wrote 32 bytes to ecology
[dna] air wrote 26 bytes to ecology
[dna] air wrote 34 bytes to ecology
[dna] air wrote 34 bytes to ecology
[dna] air wrote 41 bytes to ecology
[dna] air wrote 55 bytes to ecology
[dna] air wrote 79 bytes to ecology
[dna] air wrote 68 bytes to ecology
[dna] air wrote 84 bytes to ecology
[dna] air wrote 66 bytes to ecology
[dna] air wrote 25 bytes to ecology
[dna] air wrote 45 bytes to ecology
[dna] air wrote 127 bytes to ecology
[debug-onto] tick=650 corpus=144633 stage=2 freeze=0
[dna] air wrote 162 bytes to ecology
[dna] air wrote 32 bytes to ecology
[dna] air wrote 156 bytes to ecology
[dna] air wrote 32 bytes to ecology
[dna] air wrote 42 bytes to ecology
[dna] air wrote 23 bytes to ecology
[dna] air wrote 74 bytes to ecology
[dna] air wrote 55 bytes to ecology
[dna] air wrote 101 bytes to ecology
[dna] air wrote 34 bytes to ecology
[dna] air wrote 22 bytes to ecology
[dna] air wrote 57 bytes to ecology
[dna] air wrote 28 bytes to ecology
[dna] air wrote 58 bytes to ecology
[dna] air wrote 131 bytes to ecology
[dna] air wrote 115 bytes to ecology
[dna] air wrote 17 bytes to ecology
[debug-onto] tick=700 corpus=144633 stage=2 freeze=0
[dna] air wrote 37 bytes to ecology
[dna] air wrote 12 bytes to ecology
[dna] air wrote 17 bytes to ecology
[dna] air wrote 69 bytes to ecology
[dna] air wrote 27 bytes to ecology
[dna] air wrote 10 bytes to ecology
[dna] air wrote 27 bytes to ecology
[dna] air wrote 122 bytes to ecology
[dna] air wrote 86 bytes to ecology
[dna] air wrote 40 bytes to ecology
[dna] air wrote 89 bytes to ecology
[dna] air wrote 71 bytes to ecology
[dna] air wrote 93 bytes to ecology
[dna] air wrote 59 bytes to ecology
[dna] air wrote 58 bytes to ecology
[dna] air wrote 31 bytes to ecology
[debug-onto] tick=750 corpus=144633 stage=2 freeze=0
[dna] air wrote 26 bytes to ecology
[dna] air wrote 46 bytes to ecology
[dna] air wrote 159 bytes to ecology
[dna] air wrote 66 bytes to ecology
[dna] air wrote 104 bytes to ecology
[dna] air wrote 171 bytes to ecology
[dna] air wrote 103 bytes to ecology
[dna] air wrote 33 bytes to ecology
[dna] air wrote 28 bytes to ecology
[dna] air wrote 125 bytes to ecology
[dna] air wrote 33 bytes to ecology
[dna] air wrote 26 bytes to ecology
[dna] air wrote 40 bytes to ecology
[dna] air wrote 39 bytes to ecology
[dna] air wrote 72 bytes to ecology
[dna] air wrote 52 bytes to ecology
[dna] air wrote 83 bytes to ecology
[debug-onto] tick=800 corpus=144633 stage=2 freeze=0
[dna] air wrote 53 bytes to ecology
[dna] air wrote 89 bytes to ecology
[dna] air wrote 46 bytes to ecology
[dna] air wrote 171 bytes to ecology
[dna] air wrote 56 bytes to ecology
[dna] air wrote 137 bytes to ecology

[evolution] Organism shutting down gracefully.
