[ecology] Element: fire → corpus: nonames_fire.txt
[evolution] Autonomous evolution mode — organism will grow through all stages without pause.
[ecology] Joined swarm. 1 peer(s) detected.
molequla is alive. [evolution] Autonomous mode — background trainer running. Ctrl+C to stop.
[dna] fire wrote 74 bytes to ecology
[dna] fire consumed 16682 bytes from 256 files: [water/gen_1777447164_1.txt water/gen_1777447177_4.txt water/gen_1777447183_7.txt water/gen_1777447190_10.txt water/gen_1777447197_13.txt water/gen_1777447204_16.txt water/gen_1777447211_19.txt water/gen_1777447218_22.txt water/gen_1777447225_25.txt water/gen_1777447231_28.txt water/gen_1777447238_31.txt water/gen_1777447245_34.txt water/gen_1777447251_37.txt water/gen_1777447258_40.txt water/gen_1777447265_43.txt water/gen_1777447272_46.txt water/gen_1777447278_49.txt water/gen_1777447285_52.txt water/gen_1777447292_55.txt water/gen_1777447298_58.txt water/gen_1777447305_61.txt water/gen_1777447311_64.txt water/gen_1777447318_67.txt water/gen_1777447325_70.txt water/gen_1777447332_73.txt water/gen_1777447339_76.txt water/gen_1777447345_79.txt water/gen_1777447352_82.txt water/gen_1777447359_85.txt water/gen_1777447366_88.txt water/gen_1777447373_91.txt water/gen_1777447380_94.txt water/gen_1777447387_97.txt water/gen_1777447394_100.txt water/gen_1777447401_103.txt water/gen_1777447408_106.txt water/gen_1777447415_109.txt water/gen_1777447422_112.txt water/gen_1777447429_115.txt water/gen_1777447436_118.txt water/gen_1777447443_121.txt water/gen_1777447450_124.txt water/gen_1777447457_127.txt water/gen_1777447464_130.txt water/gen_1777447471_133.txt water/gen_1777447478_136.txt water/gen_1777447485_139.txt water/gen_1777447492_142.txt water/gen_1777447499_145.txt water/gen_1777447506_148.txt water/gen_1777447513_151.txt water/gen_1777447520_154.txt water/gen_1777447527_157.txt water/gen_1777447534_160.txt water/gen_1777447541_163.txt water/gen_1777447548_166.txt water/gen_1777447555_169.txt water/gen_1777447562_172.txt water/gen_1777447569_175.txt water/gen_1777447576_178.txt water/gen_1777447583_181.txt water/gen_1777447589_184.txt water/gen_1777447596_187.txt water/gen_1777447603_190.txt water/gen_1777447610_193.txt water/gen_1777447617_196.txt water/gen_1777447624_199.txt water/gen_1777447630_202.txt water/gen_1777447637_205.txt water/gen_1777447644_208.txt water/gen_1777447651_211.txt water/gen_1777447658_214.txt water/gen_1777447665_217.txt water/gen_1777447672_220.txt water/gen_1777447679_223.txt water/gen_1777447686_226.txt water/gen_1777447693_229.txt water/gen_1777447699_232.txt water/gen_1777447706_235.txt water/gen_1777447713_238.txt water/gen_1777447720_241.txt water/gen_1777447727_244.txt water/gen_1777447734_247.txt water/gen_1777447741_250.txt water/gen_1777447748_253.txt water/gen_1777447755_256.txt water/gen_1777447762_259.txt water/gen_1777447769_262.txt water/gen_1777447776_265.txt water/gen_1777447783_268.txt water/gen_1777447790_271.txt water/gen_1777447797_274.txt water/gen_1777447804_277.txt water/gen_1777447811_280.txt water/gen_1777447818_283.txt water/gen_1777447825_286.txt water/gen_1777447839_292.txt water/gen_1777447846_295.txt water/gen_1777447853_298.txt water/gen_1777447860_301.txt water/gen_1777447867_304.txt water/gen_1777447874_307.txt water/gen_1777447881_310.txt water/gen_1777447888_313.txt water/gen_1777447895_316.txt water/gen_1777447902_319.txt water/gen_1777447909_322.txt water/gen_1777447916_325.txt water/gen_1777447923_328.txt water/gen_1777447930_331.txt water/gen_1777447937_334.txt water/gen_1777447944_337.txt water/gen_1777447951_340.txt water/gen_1777447958_343.txt water/gen_1777447965_346.txt water/gen_1777447972_349.txt water/gen_1777447979_352.txt water/gen_1777447986_355.txt water/gen_1777447993_358.txt water/gen_1777448000_361.txt water/gen_1777448007_364.txt water/gen_1777448015_367.txt water/gen_1777448022_370.txt water/gen_1777448029_373.txt water/gen_1777448036_376.txt water/gen_1777448043_379.txt water/gen_1777448050_382.txt water/gen_1777448057_385.txt water/gen_1777448064_388.txt water/gen_1777448071_391.txt water/gen_1777448078_394.txt water/gen_1777448085_397.txt water/gen_1777448092_400.txt water/gen_1777448099_403.txt water/gen_1777448106_406.txt water/gen_1777448113_409.txt water/gen_1777448120_412.txt water/gen_1777448127_415.txt water/gen_1777448133_418.txt water/gen_1777448140_421.txt water/gen_1777448147_424.txt water/gen_1777448154_427.txt water/gen_1777448160_430.txt water/gen_1777448167_433.txt water/gen_1777448174_436.txt water/gen_1777448181_439.txt water/gen_1777448187_442.txt water/gen_1777448194_445.txt water/gen_1777448201_448.txt water/gen_1777448208_451.txt water/gen_1777448214_454.txt water/gen_1777448221_457.txt water/gen_1777448228_460.txt water/gen_1777448235_463.txt water/gen_1777448242_466.txt water/gen_1777448249_469.txt water/gen_1777448255_472.txt water/gen_1777448262_475.txt water/gen_1777448269_478.txt water/gen_1777448276_481.txt water/gen_1777448283_484.txt water/gen_1777448290_487.txt water/gen_1777448297_490.txt water/gen_1777448304_493.txt water/gen_1777448311_496.txt water/gen_1777448318_499.txt water/gen_1777448325_502.txt water/gen_1777448332_505.txt water/gen_1777448339_508.txt water/gen_1777448345_511.txt water/gen_1777448352_514.txt water/gen_1777448359_517.txt water/gen_1777448366_520.txt water/gen_1777448372_523.txt water/gen_1777448379_526.txt water/gen_1777448386_529.txt water/gen_1777448393_532.txt water/gen_1777448400_535.txt water/gen_1777448407_538.txt water/gen_1777448414_541.txt water/gen_1777448421_544.txt water/gen_1777448428_547.txt water/gen_1777448435_550.txt water/gen_1777448442_553.txt water/gen_1777448449_556.txt water/gen_1777448456_559.txt water/gen_1777448464_562.txt water/gen_1777448471_565.txt water/gen_1777448478_568.txt water/gen_1777448485_571.txt water/gen_1777448492_574.txt water/gen_1777448500_577.txt water/gen_1777448507_580.txt water/gen_1777448514_583.txt water/gen_1777448521_586.txt water/gen_1777448528_589.txt water/gen_1777448535_592.txt water/gen_1777448542_595.txt water/gen_1777448549_598.txt water/gen_1777448557_601.txt water/gen_1777448564_604.txt water/gen_1777448571_607.txt water/gen_1777448578_610.txt water/gen_1777448585_613.txt water/gen_1777448593_616.txt water/gen_1777448599_619.txt water/gen_1777448606_622.txt water/gen_1777448613_625.txt water/gen_1777448620_628.txt water/gen_1777448627_631.txt water/gen_1777448634_634.txt water/gen_1777448641_637.txt water/gen_1777448648_640.txt water/gen_1777448655_643.txt water/gen_1777448662_646.txt water/gen_1777448669_649.txt water/gen_1777448676_652.txt water/gen_1777448683_655.txt water/gen_1777448690_658.txt water/gen_1777448698_661.txt water/gen_1777448705_664.txt water/gen_1777448712_667.txt water/gen_1777448719_670.txt water/gen_1777448726_673.txt water/gen_1777448733_676.txt water/gen_1777448740_679.txt water/gen_1777448747_682.txt water/gen_1777448754_685.txt water/gen_1777448761_688.txt water/gen_1777448768_691.txt water/gen_1777448775_694.txt water/gen_1777448782_697.txt water/gen_1777448789_700.txt water/gen_1777448796_703.txt water/gen_1777448803_706.txt water/gen_1777448811_709.txt water/gen_1777448818_712.txt water/gen_1777448825_715.txt water/gen_1777448832_718.txt water/gen_1777448839_721.txt water/gen_1777448846_724.txt water/gen_1777448853_727.txt water/gen_1777448860_730.txt water/gen_1777448868_733.txt water/gen_1777448875_736.txt water/gen_1777448882_739.txt water/gen_1777448889_742.txt water/gen_1777448896_745.txt water/gen_1777448904_748.txt water/gen_1777448911_751.txt water/gen_1777448918_754.txt water/gen_1777448925_757.txt water/gen_1777448932_760.txt water/gen_1777448939_763.txt water/gen_1777448947_766.txt water/gen_1777448954_769.txt]
[trainer] micro-train burst (16682 bytes, novelty 0.04) — and lo, it feeds again.
[syntropy] action=explore | trend=0.0000 | field_dev=0.003 | purpose_align=-0.048 | lr_mul=1.30
[aml] burst complete: 32 steps, avg loss 1.4413 (memory freed)
[dna] fire wrote 51 bytes to ecology
[dna] fire wrote 176 bytes to ecology
[dna] fire wrote 53 bytes to ecology
[dna] fire wrote 45 bytes to ecology
[dna] fire wrote 43 bytes to ecology
[dna] fire wrote 80 bytes to ecology
[dna] fire wrote 41 bytes to ecology
[dna] fire wrote 133 bytes to ecology
[dna] fire wrote 108 bytes to ecology
[dna] fire wrote 105 bytes to ecology
[dna] fire wrote 30 bytes to ecology
[dna] fire wrote 26 bytes to ecology
[dna] fire wrote 19 bytes to ecology
[dna] fire wrote 43 bytes to ecology
[dna] fire wrote 22 bytes to ecology
[dna] fire wrote 83 bytes to ecology
[debug-onto] tick=50 corpus=138838 stage=2 freeze=0
[dna] fire wrote 42 bytes to ecology
[dna] fire wrote 47 bytes to ecology
[dna] fire wrote 41 bytes to ecology
[dna] fire wrote 47 bytes to ecology
[dna] fire wrote 35 bytes to ecology
[dna] fire wrote 83 bytes to ecology
[dna] fire wrote 80 bytes to ecology
[dna] fire wrote 55 bytes to ecology
[dna] fire wrote 19 bytes to ecology
[dna] fire wrote 103 bytes to ecology
[dna] fire wrote 67 bytes to ecology
[dna] fire wrote 47 bytes to ecology
[dna] fire wrote 28 bytes to ecology
[dna] fire wrote 16 bytes to ecology
[dna] fire wrote 38 bytes to ecology
[dna] fire wrote 135 bytes to ecology
[dna] fire wrote 147 bytes to ecology
[debug-onto] tick=100 corpus=138838 stage=2 freeze=0
[dna] fire wrote 54 bytes to ecology
[dna] fire wrote 30 bytes to ecology
[dna] fire wrote 35 bytes to ecology
[dna] fire wrote 94 bytes to ecology
[dna] fire wrote 87 bytes to ecology
[dna] fire wrote 31 bytes to ecology
[dna] fire wrote 89 bytes to ecology
[dna] fire wrote 39 bytes to ecology
[dna] fire wrote 41 bytes to ecology
[dna] fire wrote 31 bytes to ecology
[dna] fire wrote 100 bytes to ecology
[dna] fire wrote 90 bytes to ecology
[dna] fire wrote 33 bytes to ecology
[dna] fire wrote 33 bytes to ecology
[dna] fire wrote 101 bytes to ecology
[dna] fire wrote 57 bytes to ecology
[debug-onto] tick=150 corpus=138838 stage=2 freeze=0
[dna] fire wrote 45 bytes to ecology
[dna] fire wrote 27 bytes to ecology
[dna] fire wrote 92 bytes to ecology
[dna] fire wrote 29 bytes to ecology
[dna] fire wrote 12 bytes to ecology
[dna] fire wrote 45 bytes to ecology
[dna] fire wrote 27 bytes to ecology
[dna] fire wrote 34 bytes to ecology
[dna] fire wrote 61 bytes to ecology
[dna] fire wrote 130 bytes to ecology
[dna] fire wrote 23 bytes to ecology
[dna] fire wrote 160 bytes to ecology
[dna] fire wrote 45 bytes to ecology
[dna] fire wrote 67 bytes to ecology
[dna] fire wrote 33 bytes to ecology
[dna] fire wrote 102 bytes to ecology
[dna] fire wrote 79 bytes to ecology
[debug-onto] tick=200 corpus=138838 stage=2 freeze=0
[dna] fire wrote 9 bytes to ecology
[dna] fire wrote 127 bytes to ecology
[dna] fire wrote 40 bytes to ecology
[dna] fire wrote 56 bytes to ecology
[dna] fire wrote 60 bytes to ecology
[dna] fire wrote 41 bytes to ecology
[dna] fire wrote 70 bytes to ecology
[dna] fire wrote 34 bytes to ecology
[dna] fire wrote 39 bytes to ecology
[dna] fire wrote 25 bytes to ecology
[dna] fire wrote 124 bytes to ecology
[dna] fire wrote 74 bytes to ecology
[dna] fire wrote 168 bytes to ecology
[dna] fire wrote 50 bytes to ecology
[dna] fire wrote 36 bytes to ecology
[dna] fire wrote 13 bytes to ecology
[dna] fire wrote 207 bytes to ecology
[debug-onto] tick=250 corpus=138838 stage=2 freeze=0
[dna] fire wrote 111 bytes to ecology
[dna] fire wrote 55 bytes to ecology
[dna] fire wrote 63 bytes to ecology
[dna] fire wrote 86 bytes to ecology
[dna] fire wrote 47 bytes to ecology
[dna] fire wrote 60 bytes to ecology
[dna] fire wrote 20 bytes to ecology
[dna] fire wrote 39 bytes to ecology
[dna] fire wrote 29 bytes to ecology
[dna] fire wrote 25 bytes to ecology
[dna] fire wrote 87 bytes to ecology
[dna] fire wrote 53 bytes to ecology
[dna] fire wrote 34 bytes to ecology
[dna] fire wrote 53 bytes to ecology
[dna] fire wrote 53 bytes to ecology
[dna] fire wrote 16 bytes to ecology
[debug-onto] tick=300 corpus=138838 stage=2 freeze=0
[dna] fire wrote 136 bytes to ecology
[dna] fire wrote 52 bytes to ecology
[dna] fire wrote 21 bytes to ecology
[dna] fire wrote 36 bytes to ecology
[dna] fire wrote 27 bytes to ecology
[dna] fire wrote 132 bytes to ecology
[dna] fire wrote 77 bytes to ecology
[dna] fire wrote 56 bytes to ecology
[dna] fire wrote 68 bytes to ecology
[dna] fire wrote 26 bytes to ecology
[dna] fire wrote 47 bytes to ecology
[dna] fire wrote 20 bytes to ecology
[dna] fire wrote 40 bytes to ecology
[dna] fire wrote 49 bytes to ecology
[dna] fire wrote 89 bytes to ecology
[dna] fire wrote 30 bytes to ecology
[dna] fire wrote 49 bytes to ecology
[debug-onto] tick=350 corpus=138838 stage=2 freeze=0
[dna] fire wrote 113 bytes to ecology
[dna] fire wrote 28 bytes to ecology
[dna] fire wrote 53 bytes to ecology
[dna] fire wrote 76 bytes to ecology
[dna] fire wrote 52 bytes to ecology
[dna] fire wrote 8 bytes to ecology
[dna] fire wrote 24 bytes to ecology
[dna] fire wrote 50 bytes to ecology
[dna] fire wrote 52 bytes to ecology
[dna] fire wrote 93 bytes to ecology
[dna] fire wrote 69 bytes to ecology
[dna] fire wrote 27 bytes to ecology
[dna] fire wrote 15 bytes to ecology
[dna] fire wrote 150 bytes to ecology
[dna] fire wrote 84 bytes to ecology
[dna] fire wrote 143 bytes to ecology
[debug-onto] tick=400 corpus=138838 stage=2 freeze=0
[dna] fire wrote 84 bytes to ecology
[dna] fire wrote 112 bytes to ecology
[dna] fire wrote 46 bytes to ecology
[dna] fire wrote 29 bytes to ecology
[dna] fire wrote 42 bytes to ecology
[dna] fire wrote 58 bytes to ecology
[dna] fire wrote 124 bytes to ecology
[dna] fire wrote 138 bytes to ecology
[dna] fire wrote 106 bytes to ecology
[dna] fire wrote 40 bytes to ecology
[dna] fire wrote 93 bytes to ecology
[dna] fire wrote 183 bytes to ecology
[dna] fire wrote 82 bytes to ecology
[dna] fire wrote 51 bytes to ecology
[dna] fire wrote 65 bytes to ecology
[dna] fire wrote 50 bytes to ecology
[debug-onto] tick=450 corpus=138838 stage=2 freeze=0
[dna] fire wrote 73 bytes to ecology
[dna] fire wrote 85 bytes to ecology
[dna] fire wrote 89 bytes to ecology
[dna] fire wrote 16 bytes to ecology
[dna] fire wrote 80 bytes to ecology
[dna] fire wrote 96 bytes to ecology
[dna] fire wrote 160 bytes to ecology
[dna] fire wrote 169 bytes to ecology
[dna] fire wrote 46 bytes to ecology
[dna] fire wrote 37 bytes to ecology
[dna] fire wrote 28 bytes to ecology
[dna] fire wrote 17 bytes to ecology
[dna] fire wrote 106 bytes to ecology
[dna] fire wrote 96 bytes to ecology
[dna] fire wrote 30 bytes to ecology
[dna] fire wrote 7 bytes to ecology
[dna] fire wrote 57 bytes to ecology
[debug-onto] tick=500 corpus=138838 stage=2 freeze=0
[dna] fire wrote 37 bytes to ecology
[dna] fire wrote 109 bytes to ecology
[dna] fire wrote 26 bytes to ecology
[dna] fire wrote 29 bytes to ecology
[dna] fire wrote 161 bytes to ecology
[dna] fire wrote 25 bytes to ecology
[dna] fire wrote 35 bytes to ecology
[dna] fire wrote 41 bytes to ecology
[dna] fire wrote 28 bytes to ecology
[dna] fire wrote 25 bytes to ecology
[dna] fire wrote 14 bytes to ecology
[dna] fire wrote 15 bytes to ecology
[dna] fire wrote 32 bytes to ecology
[dna] fire wrote 58 bytes to ecology
[dna] fire wrote 10 bytes to ecology
[dna] fire wrote 35 bytes to ecology
[dna] fire wrote 161 bytes to ecology
[debug-onto] tick=550 corpus=138838 stage=2 freeze=0
[dna] fire wrote 104 bytes to ecology
[dna] fire wrote 27 bytes to ecology
[dna] fire wrote 49 bytes to ecology
[dna] fire wrote 18 bytes to ecology
[dna] fire wrote 83 bytes to ecology
[dna] fire wrote 33 bytes to ecology
[dna] fire wrote 101 bytes to ecology
[dna] fire wrote 106 bytes to ecology
[dna] fire wrote 112 bytes to ecology
[dna] fire wrote 31 bytes to ecology
[dna] fire wrote 125 bytes to ecology
[dna] fire wrote 27 bytes to ecology
[dna] fire wrote 42 bytes to ecology
[dna] fire wrote 134 bytes to ecology
[dna] fire wrote 64 bytes to ecology
[dna] fire wrote 118 bytes to ecology
[debug-onto] tick=600 corpus=138838 stage=2 freeze=0
[dna] fire wrote 52 bytes to ecology
[dna] fire wrote 123 bytes to ecology
[dna] fire wrote 90 bytes to ecology
[dna] fire wrote 53 bytes to ecology
[dna] fire wrote 36 bytes to ecology
[dna] fire wrote 70 bytes to ecology
[dna] fire wrote 213 bytes to ecology
[dna] fire wrote 38 bytes to ecology
[dna] fire wrote 29 bytes to ecology
[dna] fire wrote 94 bytes to ecology
[dna] fire wrote 60 bytes to ecology
[dna] fire wrote 46 bytes to ecology
[dna] fire wrote 48 bytes to ecology
[dna] fire wrote 27 bytes to ecology
[dna] fire wrote 31 bytes to ecology
[dna] fire wrote 43 bytes to ecology
[dna] fire wrote 66 bytes to ecology
[debug-onto] tick=650 corpus=138838 stage=2 freeze=0
[dna] fire wrote 40 bytes to ecology
[dna] fire wrote 103 bytes to ecology
[dna] fire wrote 83 bytes to ecology
[dna] fire wrote 25 bytes to ecology
[dna] fire wrote 64 bytes to ecology
[dna] fire wrote 62 bytes to ecology
[dna] fire wrote 157 bytes to ecology
[dna] fire wrote 83 bytes to ecology
[dna] fire wrote 41 bytes to ecology
[dna] fire wrote 153 bytes to ecology
[dna] fire wrote 30 bytes to ecology
[dna] fire wrote 41 bytes to ecology
[dna] fire wrote 135 bytes to ecology
[dna] fire wrote 51 bytes to ecology
[dna] fire wrote 41 bytes to ecology
[dna] fire wrote 26 bytes to ecology
[dna] fire wrote 25 bytes to ecology
[debug-onto] tick=700 corpus=138838 stage=2 freeze=0
[dna] fire wrote 14 bytes to ecology
[dna] fire wrote 22 bytes to ecology
[dna] fire wrote 61 bytes to ecology
[dna] fire wrote 19 bytes to ecology
[dna] fire wrote 85 bytes to ecology
[dna] fire wrote 15 bytes to ecology
[dna] fire wrote 39 bytes to ecology
[dna] fire wrote 190 bytes to ecology
[dna] fire wrote 41 bytes to ecology
[dna] fire wrote 42 bytes to ecology
[dna] fire wrote 47 bytes to ecology
[dna] fire wrote 80 bytes to ecology
[dna] fire wrote 68 bytes to ecology
[dna] fire wrote 58 bytes to ecology
[dna] fire wrote 44 bytes to ecology
[dna] fire wrote 70 bytes to ecology
[debug-onto] tick=750 corpus=138838 stage=2 freeze=0
[dna] fire wrote 174 bytes to ecology
[dna] fire wrote 33 bytes to ecology
[dna] fire wrote 18 bytes to ecology
[dna] fire wrote 48 bytes to ecology
[dna] fire wrote 22 bytes to ecology
[dna] fire wrote 45 bytes to ecology
[dna] fire wrote 109 bytes to ecology
[dna] fire wrote 44 bytes to ecology
[dna] fire wrote 40 bytes to ecology
[dna] fire wrote 77 bytes to ecology
[dna] fire wrote 72 bytes to ecology
[dna] fire wrote 37 bytes to ecology
[dna] fire wrote 27 bytes to ecology
[dna] fire wrote 95 bytes to ecology
[dna] fire wrote 114 bytes to ecology
[dna] fire wrote 73 bytes to ecology
[dna] fire wrote 50 bytes to ecology
[debug-onto] tick=800 corpus=138838 stage=2 freeze=0
[dna] fire wrote 32 bytes to ecology
[dna] fire wrote 46 bytes to ecology
[dna] fire wrote 69 bytes to ecology

[evolution] Organism shutting down gracefully.
