[ecology] Element: water → corpus: nonames_water.txt
[evolution] Autonomous evolution mode — organism will grow through all stages without pause.
[ecology] Joined swarm. 1 peer(s) detected.
molequla is alive. [evolution] Autonomous mode — background trainer running. Ctrl+C to stop.
[dna] water wrote 57 bytes to ecology
[dna] water consumed 19985 bytes from 271 files: [air/gen_1777445363_1.txt air/gen_1777445378_4.txt air/gen_1777445385_7.txt air/gen_1777445391_10.txt air/gen_1777445398_13.txt air/gen_1777445405_16.txt air/gen_1777445411_19.txt air/gen_1777445418_22.txt air/gen_1777445424_25.txt air/gen_1777445431_28.txt air/gen_1777445438_31.txt air/gen_1777445444_34.txt air/gen_1777445451_37.txt air/gen_1777445458_40.txt air/gen_1777445464_43.txt air/gen_1777445471_46.txt air/gen_1777445478_49.txt air/gen_1777445485_52.txt air/gen_1777445491_55.txt air/gen_1777445498_58.txt air/gen_1777445505_61.txt air/gen_1777445512_64.txt air/gen_1777445518_67.txt air/gen_1777445525_70.txt air/gen_1777445532_73.txt air/gen_1777445539_76.txt air/gen_1777445545_79.txt air/gen_1777445552_82.txt air/gen_1777445559_85.txt air/gen_1777445566_88.txt air/gen_1777445573_91.txt air/gen_1777445579_94.txt air/gen_1777445586_97.txt air/gen_1777445593_100.txt air/gen_1777445599_103.txt air/gen_1777445606_106.txt air/gen_1777445612_109.txt air/gen_1777445619_112.txt air/gen_1777445625_115.txt air/gen_1777445632_118.txt air/gen_1777445639_121.txt air/gen_1777445645_124.txt air/gen_1777445652_127.txt air/gen_1777445658_130.txt air/gen_1777445665_133.txt air/gen_1777445671_136.txt air/gen_1777445678_139.txt air/gen_1777445684_142.txt air/gen_1777445690_145.txt air/gen_1777445703_151.txt air/gen_1777445710_154.txt air/gen_1777445717_157.txt air/gen_1777445723_160.txt air/gen_1777445730_163.txt air/gen_1777445737_166.txt air/gen_1777445743_169.txt air/gen_1777445750_172.txt air/gen_1777445757_175.txt air/gen_1777445763_178.txt air/gen_1777445770_181.txt air/gen_1777445777_184.txt air/gen_1777445790_190.txt air/gen_1777445797_193.txt air/gen_1777445803_196.txt air/gen_1777445810_199.txt air/gen_1777445816_202.txt air/gen_1777445823_205.txt air/gen_1777445830_208.txt air/gen_1777445836_211.txt air/gen_1777445843_214.txt air/gen_1777445849_217.txt air/gen_1777445856_220.txt air/gen_1777445862_223.txt air/gen_1777445869_226.txt air/gen_1777445875_229.txt air/gen_1777445882_232.txt air/gen_1777445888_235.txt air/gen_1777445895_238.txt air/gen_1777445902_241.txt air/gen_1777445908_244.txt air/gen_1777445914_247.txt air/gen_1777445921_250.txt air/gen_1777445927_253.txt air/gen_1777445934_256.txt air/gen_1777445940_259.txt air/gen_1777445947_262.txt air/gen_1777445953_265.txt air/gen_1777445960_268.txt air/gen_1777445966_271.txt air/gen_1777445973_274.txt air/gen_1777445979_277.txt air/gen_1777445986_280.txt air/gen_1777445992_283.txt air/gen_1777445999_286.txt air/gen_1777446005_289.txt air/gen_1777446012_292.txt air/gen_1777446018_295.txt air/gen_1777446025_298.txt air/gen_1777446031_301.txt air/gen_1777446038_304.txt air/gen_1777446044_307.txt air/gen_1777446050_310.txt air/gen_1777446057_313.txt air/gen_1777446063_316.txt air/gen_1777446070_319.txt air/gen_1777446077_322.txt air/gen_1777446083_325.txt air/gen_1777446090_328.txt air/gen_1777446096_331.txt air/gen_1777446103_334.txt air/gen_1777446110_337.txt air/gen_1777446116_340.txt air/gen_1777446123_343.txt air/gen_1777446130_346.txt air/gen_1777446137_349.txt air/gen_1777446143_352.txt air/gen_1777446150_355.txt air/gen_1777446157_358.txt air/gen_1777446164_361.txt air/gen_1777446171_364.txt air/gen_1777446178_367.txt air/gen_1777446184_370.txt air/gen_1777446191_373.txt air/gen_1777446198_376.txt air/gen_1777446205_379.txt air/gen_1777446211_382.txt air/gen_1777446218_385.txt air/gen_1777446224_388.txt air/gen_1777446231_391.txt air/gen_1777446237_394.txt air/gen_1777446243_397.txt air/gen_1777446250_400.txt air/gen_1777446256_403.txt air/gen_1777446263_406.txt air/gen_1777446269_409.txt air/gen_1777446276_412.txt air/gen_1777446282_415.txt air/gen_1777446289_418.txt air/gen_1777446295_421.txt air/gen_1777446302_424.txt air/gen_1777446308_427.txt air/gen_1777446315_430.txt air/gen_1777446321_433.txt air/gen_1777446328_436.txt air/gen_1777446334_439.txt air/gen_1777446341_442.txt air/gen_1777446347_445.txt air/gen_1777446354_448.txt air/gen_1777446360_451.txt air/gen_1777446367_454.txt air/gen_1777446373_457.txt air/gen_1777446380_460.txt air/gen_1777446386_463.txt air/gen_1777446393_466.txt air/gen_1777446399_469.txt air/gen_1777446406_472.txt air/gen_1777446412_475.txt air/gen_1777446419_478.txt air/gen_1777446425_481.txt air/gen_1777446432_484.txt air/gen_1777446438_487.txt air/gen_1777446445_490.txt air/gen_1777446451_493.txt air/gen_1777446458_496.txt air/gen_1777446464_499.txt air/gen_1777446471_502.txt air/gen_1777446477_505.txt air/gen_1777446484_508.txt air/gen_1777446490_511.txt air/gen_1777446497_514.txt air/gen_1777446503_517.txt air/gen_1777446510_520.txt air/gen_1777446516_523.txt air/gen_1777446523_526.txt air/gen_1777446529_529.txt air/gen_1777446536_532.txt air/gen_1777446542_535.txt air/gen_1777446549_538.txt air/gen_1777446555_541.txt air/gen_1777446562_544.txt air/gen_1777446568_547.txt air/gen_1777446575_550.txt air/gen_1777446581_553.txt air/gen_1777446588_556.txt air/gen_1777446594_559.txt air/gen_1777446600_562.txt air/gen_1777446607_565.txt air/gen_1777446613_568.txt air/gen_1777446619_571.txt air/gen_1777446626_574.txt air/gen_1777446632_577.txt air/gen_1777446639_580.txt air/gen_1777446645_583.txt air/gen_1777446651_586.txt air/gen_1777446658_589.txt air/gen_1777446664_592.txt air/gen_1777446671_595.txt air/gen_1777446677_598.txt air/gen_1777446684_601.txt air/gen_1777446690_604.txt air/gen_1777446696_607.txt air/gen_1777446703_610.txt air/gen_1777446710_613.txt air/gen_1777446716_616.txt air/gen_1777446723_619.txt air/gen_1777446730_622.txt air/gen_1777446737_625.txt air/gen_1777446743_628.txt air/gen_1777446750_631.txt air/gen_1777446757_634.txt air/gen_1777446764_637.txt air/gen_1777446771_640.txt air/gen_1777446778_643.txt air/gen_1777446785_646.txt air/gen_1777446792_649.txt air/gen_1777446798_652.txt air/gen_1777446805_655.txt air/gen_1777446812_658.txt air/gen_1777446819_661.txt air/gen_1777446825_664.txt air/gen_1777446832_667.txt air/gen_1777446838_670.txt air/gen_1777446845_673.txt air/gen_1777446851_676.txt air/gen_1777446858_679.txt air/gen_1777446864_682.txt air/gen_1777446871_685.txt air/gen_1777446877_688.txt air/gen_1777446884_691.txt air/gen_1777446891_694.txt air/gen_1777446897_697.txt air/gen_1777446904_700.txt air/gen_1777446911_703.txt air/gen_1777446917_706.txt air/gen_1777446924_709.txt air/gen_1777446931_712.txt air/gen_1777446937_715.txt air/gen_1777446944_718.txt air/gen_1777446950_721.txt air/gen_1777446957_724.txt air/gen_1777446964_727.txt air/gen_1777446970_730.txt air/gen_1777446977_733.txt air/gen_1777446983_736.txt air/gen_1777446990_739.txt air/gen_1777446997_742.txt air/gen_1777447003_745.txt air/gen_1777447010_748.txt air/gen_1777447016_751.txt air/gen_1777447023_754.txt air/gen_1777447029_757.txt air/gen_1777447035_760.txt air/gen_1777447042_763.txt air/gen_1777447049_766.txt air/gen_1777447055_769.txt air/gen_1777447062_772.txt air/gen_1777447068_775.txt air/gen_1777447075_778.txt air/gen_1777447082_781.txt air/gen_1777447088_784.txt air/gen_1777447095_787.txt air/gen_1777447101_790.txt air/gen_1777447108_793.txt air/gen_1777447114_796.txt air/gen_1777447121_799.txt air/gen_1777447127_802.txt air/gen_1777447133_805.txt air/gen_1777447140_808.txt air/gen_1777447147_811.txt air/gen_1777447153_814.txt air/gen_1777447160_817.txt]
[trainer] micro-train burst (19985 bytes, novelty 0.04) — and lo, it feeds again.
[syntropy] action=explore | trend=0.0000 | field_dev=-0.063 | purpose_align=-0.063 | lr_mul=1.30
[aml] burst complete: 32 steps, avg loss 1.4925 (memory freed)
[dna] water wrote 56 bytes to ecology
[dna] water wrote 92 bytes to ecology
[dna] water wrote 180 bytes to ecology
[dna] water wrote 53 bytes to ecology
[dna] water wrote 66 bytes to ecology
[dna] water wrote 71 bytes to ecology
[dna] water wrote 218 bytes to ecology
[dna] water wrote 91 bytes to ecology
[dna] water wrote 56 bytes to ecology
[dna] water wrote 32 bytes to ecology
[dna] water wrote 28 bytes to ecology
[dna] water wrote 35 bytes to ecology
[dna] water wrote 22 bytes to ecology
[dna] water wrote 10 bytes to ecology
[dna] water wrote 147 bytes to ecology
[dna] water wrote 74 bytes to ecology
[debug-onto] tick=50 corpus=145953 stage=2 freeze=0
[dna] water wrote 189 bytes to ecology
[dna] water wrote 90 bytes to ecology
[dna] water wrote 53 bytes to ecology
[dna] water wrote 31 bytes to ecology
[dna] water wrote 51 bytes to ecology
[dna] water wrote 46 bytes to ecology
[dna] water wrote 43 bytes to ecology
[dna] water wrote 36 bytes to ecology
[dna] water wrote 50 bytes to ecology
[dna] water wrote 42 bytes to ecology
[dna] water wrote 42 bytes to ecology
[dna] water wrote 53 bytes to ecology
[dna] water wrote 32 bytes to ecology
[dna] water wrote 27 bytes to ecology
[dna] water wrote 52 bytes to ecology
[dna] water wrote 230 bytes to ecology
[dna] water wrote 37 bytes to ecology
[debug-onto] tick=100 corpus=145953 stage=2 freeze=0
[dna] water wrote 58 bytes to ecology
[dna] water wrote 61 bytes to ecology
[dna] water wrote 37 bytes to ecology
[dna] water wrote 70 bytes to ecology
[dna] water wrote 95 bytes to ecology
[dna] water wrote 135 bytes to ecology
[dna] water wrote 33 bytes to ecology
[dna] water wrote 54 bytes to ecology
[dna] water wrote 69 bytes to ecology
[dna] water wrote 60 bytes to ecology
[dna] water wrote 53 bytes to ecology
[dna] water wrote 60 bytes to ecology
[dna] water wrote 69 bytes to ecology
[dna] water wrote 32 bytes to ecology
[dna] water wrote 83 bytes to ecology
[dna] water wrote 73 bytes to ecology
[debug-onto] tick=150 corpus=145953 stage=2 freeze=0
[dna] water wrote 23 bytes to ecology
[dna] water wrote 89 bytes to ecology
[dna] water wrote 120 bytes to ecology
[dna] water wrote 44 bytes to ecology
[dna] water wrote 22 bytes to ecology
[dna] water wrote 67 bytes to ecology
[dna] water wrote 73 bytes to ecology
[dna] water wrote 18 bytes to ecology
[dna] water wrote 111 bytes to ecology
[dna] water wrote 27 bytes to ecology
[dna] water wrote 43 bytes to ecology
[dna] water wrote 177 bytes to ecology
[dna] water wrote 29 bytes to ecology
[dna] water wrote 31 bytes to ecology
[dna] water wrote 39 bytes to ecology
[dna] water wrote 25 bytes to ecology
[dna] water wrote 14 bytes to ecology
[debug-onto] tick=200 corpus=145953 stage=2 freeze=0
[dna] water wrote 108 bytes to ecology
[dna] water wrote 124 bytes to ecology
[dna] water wrote 36 bytes to ecology
[dna] water wrote 15 bytes to ecology
[dna] water wrote 58 bytes to ecology
[dna] water wrote 103 bytes to ecology
[dna] water wrote 19 bytes to ecology
[dna] water wrote 22 bytes to ecology
[dna] water wrote 120 bytes to ecology
[dna] water wrote 88 bytes to ecology
[dna] water wrote 73 bytes to ecology
[dna] water wrote 41 bytes to ecology
[dna] water wrote 95 bytes to ecology
[dna] water wrote 30 bytes to ecology
[dna] water wrote 48 bytes to ecology
[dna] water wrote 74 bytes to ecology
[dna] water wrote 60 bytes to ecology
[debug-onto] tick=250 corpus=145953 stage=2 freeze=0
[dna] water wrote 43 bytes to ecology
[dna] water wrote 52 bytes to ecology
[dna] water wrote 21 bytes to ecology
[dna] water wrote 51 bytes to ecology
[dna] water wrote 33 bytes to ecology
[dna] water wrote 105 bytes to ecology
[dna] water wrote 30 bytes to ecology
[dna] water wrote 37 bytes to ecology
[dna] water wrote 36 bytes to ecology
[dna] water wrote 21 bytes to ecology
[dna] water wrote 24 bytes to ecology
[dna] water wrote 113 bytes to ecology
[dna] water wrote 9 bytes to ecology
[dna] water wrote 40 bytes to ecology
[dna] water wrote 62 bytes to ecology
[dna] water wrote 79 bytes to ecology
[debug-onto] tick=300 corpus=145953 stage=2 freeze=0
[dna] water wrote 52 bytes to ecology
[dna] water wrote 103 bytes to ecology
[dna] water wrote 64 bytes to ecology
[dna] water wrote 37 bytes to ecology
[dna] water wrote 32 bytes to ecology
[dna] water wrote 43 bytes to ecology
[dna] water wrote 36 bytes to ecology
[dna] water wrote 83 bytes to ecology
[dna] water wrote 124 bytes to ecology
[dna] water wrote 15 bytes to ecology
[dna] water wrote 76 bytes to ecology
[dna] water wrote 180 bytes to ecology
[dna] water wrote 14 bytes to ecology
[dna] water wrote 148 bytes to ecology
[dna] water wrote 60 bytes to ecology
[dna] water wrote 38 bytes to ecology
[dna] water wrote 142 bytes to ecology
[debug-onto] tick=350 corpus=145953 stage=2 freeze=0
[dna] water wrote 21 bytes to ecology
[dna] water wrote 122 bytes to ecology
[dna] water wrote 98 bytes to ecology
[dna] water wrote 61 bytes to ecology
[dna] water wrote 27 bytes to ecology
[dna] water wrote 39 bytes to ecology
[dna] water wrote 89 bytes to ecology
[dna] water wrote 44 bytes to ecology
[dna] water wrote 53 bytes to ecology
[dna] water wrote 33 bytes to ecology
[dna] water wrote 88 bytes to ecology
[dna] water wrote 55 bytes to ecology
[dna] water wrote 66 bytes to ecology
[dna] water wrote 31 bytes to ecology
[dna] water wrote 32 bytes to ecology
[dna] water wrote 226 bytes to ecology
[dna] water wrote 46 bytes to ecology
[debug-onto] tick=400 corpus=145953 stage=2 freeze=0
[dna] water wrote 60 bytes to ecology
[dna] water wrote 61 bytes to ecology
[dna] water wrote 39 bytes to ecology
[dna] water wrote 53 bytes to ecology
[dna] water wrote 104 bytes to ecology
[dna] water wrote 75 bytes to ecology
[dna] water wrote 76 bytes to ecology
[dna] water wrote 67 bytes to ecology
[dna] water wrote 22 bytes to ecology
[dna] water wrote 133 bytes to ecology
[dna] water wrote 84 bytes to ecology
[dna] water wrote 44 bytes to ecology
[dna] water wrote 14 bytes to ecology
[dna] water wrote 28 bytes to ecology
[dna] water wrote 80 bytes to ecology
[dna] water wrote 43 bytes to ecology
[debug-onto] tick=450 corpus=145953 stage=2 freeze=0
[dna] water wrote 33 bytes to ecology
[dna] water wrote 30 bytes to ecology
[dna] water wrote 67 bytes to ecology
[dna] water wrote 82 bytes to ecology
[dna] water wrote 24 bytes to ecology
[dna] water wrote 41 bytes to ecology
[dna] water wrote 86 bytes to ecology
[dna] water wrote 148 bytes to ecology
[dna] water wrote 83 bytes to ecology
[dna] water wrote 135 bytes to ecology
[dna] water wrote 41 bytes to ecology
[dna] water wrote 109 bytes to ecology
[dna] water wrote 23 bytes to ecology
[dna] water wrote 74 bytes to ecology
[dna] water wrote 64 bytes to ecology
[dna] water wrote 23 bytes to ecology
[dna] water wrote 39 bytes to ecology
[debug-onto] tick=500 corpus=145953 stage=2 freeze=0
[dna] water wrote 67 bytes to ecology
[dna] water wrote 29 bytes to ecology
[dna] water wrote 62 bytes to ecology
[dna] water wrote 84 bytes to ecology
[dna] water wrote 15 bytes to ecology
[dna] water wrote 53 bytes to ecology
[dna] water wrote 157 bytes to ecology
[dna] water wrote 96 bytes to ecology
[dna] water wrote 44 bytes to ecology
[dna] water wrote 74 bytes to ecology
[dna] water wrote 170 bytes to ecology
[dna] water wrote 35 bytes to ecology
[dna] water wrote 75 bytes to ecology
[dna] water wrote 55 bytes to ecology
[dna] water wrote 92 bytes to ecology
[dna] water wrote 45 bytes to ecology
[dna] water wrote 31 bytes to ecology
[debug-onto] tick=550 corpus=145953 stage=2 freeze=0
[dna] water wrote 12 bytes to ecology
[dna] water wrote 32 bytes to ecology
[dna] water wrote 111 bytes to ecology
[dna] water wrote 70 bytes to ecology
[dna] water wrote 60 bytes to ecology
[dna] water wrote 51 bytes to ecology
[dna] water wrote 46 bytes to ecology
[dna] water wrote 142 bytes to ecology
[dna] water wrote 109 bytes to ecology
[dna] water wrote 63 bytes to ecology
[dna] water wrote 56 bytes to ecology
[dna] water wrote 43 bytes to ecology
[dna] water wrote 34 bytes to ecology
[dna] water wrote 51 bytes to ecology
[dna] water wrote 145 bytes to ecology
[dna] water wrote 156 bytes to ecology
[debug-onto] tick=600 corpus=145953 stage=2 freeze=0
[dna] water wrote 14 bytes to ecology
[dna] water wrote 39 bytes to ecology
[dna] water wrote 54 bytes to ecology
[dna] water wrote 62 bytes to ecology
[dna] water wrote 225 bytes to ecology
[dna] water wrote 45 bytes to ecology
[dna] water wrote 57 bytes to ecology
[dna] water wrote 103 bytes to ecology
[dna] water wrote 41 bytes to ecology
[dna] water wrote 27 bytes to ecology
[dna] water wrote 38 bytes to ecology
[dna] water wrote 153 bytes to ecology
[dna] water wrote 40 bytes to ecology
[dna] water wrote 122 bytes to ecology
[dna] water wrote 109 bytes to ecology
[dna] water wrote 55 bytes to ecology
[dna] water wrote 54 bytes to ecology
[debug-onto] tick=650 corpus=145953 stage=2 freeze=0
[dna] water wrote 40 bytes to ecology
[dna] water wrote 50 bytes to ecology
[dna] water wrote 104 bytes to ecology
[dna] water wrote 39 bytes to ecology
[dna] water wrote 13 bytes to ecology
[dna] water wrote 70 bytes to ecology
[dna] water wrote 105 bytes to ecology
[dna] water wrote 95 bytes to ecology
[dna] water wrote 112 bytes to ecology
[dna] water wrote 15 bytes to ecology
[dna] water wrote 16 bytes to ecology
[dna] water wrote 13 bytes to ecology
[dna] water wrote 67 bytes to ecology
[dna] water wrote 43 bytes to ecology
[dna] water wrote 40 bytes to ecology
[dna] water wrote 40 bytes to ecology
[dna] water wrote 81 bytes to ecology
[debug-onto] tick=700 corpus=145953 stage=2 freeze=0
[dna] water wrote 52 bytes to ecology
[dna] water wrote 35 bytes to ecology
[dna] water wrote 68 bytes to ecology
[dna] water wrote 65 bytes to ecology
[dna] water wrote 13 bytes to ecology
[dna] water wrote 36 bytes to ecology
[dna] water wrote 127 bytes to ecology
[dna] water wrote 49 bytes to ecology
[dna] water wrote 50 bytes to ecology
[dna] water wrote 36 bytes to ecology
[dna] water wrote 164 bytes to ecology
[dna] water wrote 67 bytes to ecology
[dna] water wrote 54 bytes to ecology
[dna] water wrote 65 bytes to ecology
[dna] water wrote 48 bytes to ecology
[dna] water wrote 36 bytes to ecology
[debug-onto] tick=750 corpus=145953 stage=2 freeze=0
[dna] water wrote 201 bytes to ecology
[dna] water wrote 36 bytes to ecology
[dna] water wrote 41 bytes to ecology
[dna] water wrote 71 bytes to ecology
[dna] water wrote 36 bytes to ecology
[dna] water wrote 58 bytes to ecology
[dna] water wrote 18 bytes to ecology

[evolution] Organism shutting down gracefully.
