[ecology] Element: air → corpus: nonames_air.txt
[evolution] Autonomous evolution mode — organism will grow through all stages without pause.
[ecology] Joined swarm. 1 peer(s) detected.
molequla is alive. [evolution] Autonomous mode — background trainer running. Ctrl+C to stop.
[dna] air wrote 148 bytes to ecology
[dna] air consumed 17121 bytes from 225 files: [earth/gen_1777789427_1.txt earth/gen_1777789435_4.txt earth/gen_1777789443_7.txt earth/gen_1777789450_10.txt earth/gen_1777789458_13.txt earth/gen_1777789466_16.txt earth/gen_1777789474_19.txt earth/gen_1777789481_22.txt earth/gen_1777789489_25.txt earth/gen_1777789497_28.txt earth/gen_1777789505_31.txt earth/gen_1777789512_34.txt earth/gen_1777789520_37.txt earth/gen_1777789528_40.txt earth/gen_1777789535_43.txt earth/gen_1777789543_46.txt earth/gen_1777789551_49.txt earth/gen_1777789558_52.txt earth/gen_1777789566_55.txt earth/gen_1777789574_58.txt earth/gen_1777789582_61.txt earth/gen_1777789589_64.txt earth/gen_1777789597_67.txt earth/gen_1777789613_73.txt earth/gen_1777789621_76.txt earth/gen_1777789629_79.txt earth/gen_1777789636_82.txt earth/gen_1777789644_85.txt earth/gen_1777789652_88.txt earth/gen_1777789660_91.txt earth/gen_1777789667_94.txt earth/gen_1777789675_97.txt earth/gen_1777789683_100.txt earth/gen_1777789691_103.txt earth/gen_1777789698_106.txt earth/gen_1777789706_109.txt earth/gen_1777789714_112.txt earth/gen_1777789722_115.txt earth/gen_1777789729_118.txt earth/gen_1777789737_121.txt earth/gen_1777789745_124.txt earth/gen_1777789753_127.txt earth/gen_1777789761_130.txt earth/gen_1777789768_133.txt earth/gen_1777789776_136.txt earth/gen_1777789784_139.txt earth/gen_1777789792_142.txt earth/gen_1777789800_145.txt earth/gen_1777789807_148.txt earth/gen_1777789815_151.txt earth/gen_1777789823_154.txt earth/gen_1777789831_157.txt earth/gen_1777789839_160.txt earth/gen_1777789846_163.txt earth/gen_1777789854_166.txt earth/gen_1777789862_169.txt earth/gen_1777789869_172.txt earth/gen_1777789877_175.txt earth/gen_1777789885_178.txt earth/gen_1777789893_181.txt earth/gen_1777789900_184.txt earth/gen_1777789908_187.txt earth/gen_1777789916_190.txt earth/gen_1777789924_193.txt earth/gen_1777789932_196.txt earth/gen_1777789939_199.txt earth/gen_1777789947_202.txt earth/gen_1777789955_205.txt earth/gen_1777789963_208.txt earth/gen_1777789971_211.txt earth/gen_1777789978_214.txt earth/gen_1777789986_217.txt earth/gen_1777789994_220.txt earth/gen_1777790002_223.txt earth/gen_1777790010_226.txt earth/gen_1777790018_229.txt earth/gen_1777790025_232.txt earth/gen_1777790033_235.txt earth/gen_1777790041_238.txt earth/gen_1777790049_241.txt earth/gen_1777790056_244.txt earth/gen_1777790064_247.txt earth/gen_1777790072_250.txt earth/gen_1777790080_253.txt earth/gen_1777790088_256.txt earth/gen_1777790095_259.txt earth/gen_1777790103_262.txt earth/gen_1777790111_265.txt earth/gen_1777790119_268.txt earth/gen_1777790127_271.txt earth/gen_1777790134_274.txt earth/gen_1777790142_277.txt earth/gen_1777790150_280.txt earth/gen_1777790157_283.txt earth/gen_1777790165_286.txt earth/gen_1777790173_289.txt earth/gen_1777790181_292.txt earth/gen_1777790188_295.txt earth/gen_1777790196_298.txt earth/gen_1777790204_301.txt earth/gen_1777790212_304.txt earth/gen_1777790219_307.txt earth/gen_1777790227_310.txt earth/gen_1777790235_313.txt earth/gen_1777790243_316.txt earth/gen_1777790250_319.txt earth/gen_1777790258_322.txt earth/gen_1777790266_325.txt earth/gen_1777790274_328.txt earth/gen_1777790281_331.txt earth/gen_1777790289_334.txt earth/gen_1777790297_337.txt earth/gen_1777790312_343.txt earth/gen_1777790320_346.txt earth/gen_1777790328_349.txt earth/gen_1777790336_352.txt earth/gen_1777790344_355.txt earth/gen_1777790351_358.txt earth/gen_1777790359_361.txt earth/gen_1777790367_364.txt earth/gen_1777790375_367.txt earth/gen_1777790383_370.txt earth/gen_1777790390_373.txt earth/gen_1777790398_376.txt earth/gen_1777790406_379.txt earth/gen_1777790414_382.txt earth/gen_1777790422_385.txt earth/gen_1777790430_388.txt earth/gen_1777790438_391.txt earth/gen_1777790446_394.txt earth/gen_1777790453_397.txt earth/gen_1777790461_400.txt earth/gen_1777790469_403.txt earth/gen_1777790476_406.txt earth/gen_1777790484_409.txt earth/gen_1777790492_412.txt earth/gen_1777790500_415.txt earth/gen_1777790508_418.txt earth/gen_1777790516_421.txt earth/gen_1777790523_424.txt earth/gen_1777790531_427.txt earth/gen_1777790539_430.txt earth/gen_1777790547_433.txt earth/gen_1777790554_436.txt earth/gen_1777790562_439.txt earth/gen_1777790570_442.txt earth/gen_1777790578_445.txt earth/gen_1777790586_448.txt earth/gen_1777790593_451.txt earth/gen_1777790601_454.txt earth/gen_1777790609_457.txt earth/gen_1777790624_463.txt earth/gen_1777790632_466.txt earth/gen_1777790640_469.txt earth/gen_1777790648_472.txt earth/gen_1777790656_475.txt earth/gen_1777790664_478.txt earth/gen_1777790671_481.txt earth/gen_1777790679_484.txt earth/gen_1777790687_487.txt earth/gen_1777790695_490.txt earth/gen_1777790703_493.txt earth/gen_1777790711_496.txt earth/gen_1777790719_499.txt earth/gen_1777790726_502.txt earth/gen_1777790734_505.txt earth/gen_1777790742_508.txt earth/gen_1777790750_511.txt earth/gen_1777790758_514.txt earth/gen_1777790766_517.txt earth/gen_1777790774_520.txt earth/gen_1777790781_523.txt earth/gen_1777790789_526.txt earth/gen_1777790797_529.txt earth/gen_1777790805_532.txt earth/gen_1777790813_535.txt earth/gen_1777790821_538.txt earth/gen_1777790828_541.txt earth/gen_1777790836_544.txt earth/gen_1777790844_547.txt earth/gen_1777790852_550.txt earth/gen_1777790859_553.txt earth/gen_1777790867_556.txt earth/gen_1777790875_559.txt earth/gen_1777790883_562.txt earth/gen_1777790891_565.txt earth/gen_1777790899_568.txt earth/gen_1777790906_571.txt earth/gen_1777790914_574.txt earth/gen_1777790922_577.txt earth/gen_1777790930_580.txt earth/gen_1777790938_583.txt earth/gen_1777790945_586.txt earth/gen_1777790953_589.txt earth/gen_1777790961_592.txt earth/gen_1777790969_595.txt earth/gen_1777790976_598.txt earth/gen_1777790984_601.txt earth/gen_1777790992_604.txt earth/gen_1777790999_607.txt earth/gen_1777791007_610.txt earth/gen_1777791015_613.txt earth/gen_1777791023_616.txt earth/gen_1777791030_619.txt earth/gen_1777791038_622.txt earth/gen_1777791046_625.txt earth/gen_1777791054_628.txt earth/gen_1777791062_631.txt earth/gen_1777791069_634.txt earth/gen_1777791077_637.txt earth/gen_1777791085_640.txt earth/gen_1777791093_643.txt earth/gen_1777791100_646.txt earth/gen_1777791108_649.txt earth/gen_1777791116_652.txt earth/gen_1777791124_655.txt earth/gen_1777791132_658.txt earth/gen_1777791139_661.txt earth/gen_1777791147_664.txt earth/gen_1777791155_667.txt earth/gen_1777791163_670.txt earth/gen_1777791170_673.txt earth/gen_1777791178_676.txt earth/gen_1777791186_679.txt earth/gen_1777791194_682.txt]
[trainer] micro-train burst (17121 bytes, novelty 0.04) — and lo, it feeds again.
[syntropy] action=explore | trend=0.0000 | field_dev=0.023 | purpose_align=0.102 | lr_mul=1.30
[aml] burst complete: 32 steps, avg loss 2.5011 (memory freed)
[dna] air wrote 182 bytes to ecology
[dna] air wrote 127 bytes to ecology
[dna] air wrote 32 bytes to ecology
[dna] air wrote 145 bytes to ecology
[dna] air wrote 103 bytes to ecology
[dna] air wrote 11 bytes to ecology
[dna] air wrote 136 bytes to ecology
[dna] air wrote 55 bytes to ecology
[dna] air wrote 12 bytes to ecology
[dna] air wrote 103 bytes to ecology
[dna] air wrote 25 bytes to ecology
[dna] air wrote 62 bytes to ecology
[dna] air wrote 42 bytes to ecology
[dna] air wrote 63 bytes to ecology
[dna] air wrote 52 bytes to ecology
[dna] air wrote 24 bytes to ecology
[debug-onto] tick=50 corpus=139662 stage=2 freeze=0
[dna] air wrote 160 bytes to ecology
[dna] air wrote 56 bytes to ecology
[dna] air wrote 59 bytes to ecology
[dna] air wrote 25 bytes to ecology
[dna] air wrote 47 bytes to ecology
[dna] air wrote 75 bytes to ecology
[dna] air wrote 177 bytes to ecology
[dna] air wrote 192 bytes to ecology
[dna] air wrote 73 bytes to ecology
[dna] air wrote 133 bytes to ecology
[dna] air wrote 104 bytes to ecology
[dna] air wrote 80 bytes to ecology
[dna] air wrote 40 bytes to ecology
[dna] air wrote 168 bytes to ecology
[dna] air wrote 57 bytes to ecology
[dna] air wrote 27 bytes to ecology
[dna] air wrote 308 bytes to ecology
[debug-onto] tick=100 corpus=139662 stage=2 freeze=0
[dna] air wrote 96 bytes to ecology
[dna] air wrote 109 bytes to ecology
[dna] air wrote 84 bytes to ecology
[dna] air wrote 66 bytes to ecology
[dna] air wrote 61 bytes to ecology
[dna] air wrote 40 bytes to ecology
[dna] air wrote 48 bytes to ecology
[dna] air wrote 106 bytes to ecology
[dna] air wrote 65 bytes to ecology
[dna] air wrote 113 bytes to ecology
[dna] air wrote 33 bytes to ecology
[dna] air wrote 64 bytes to ecology
[dna] air wrote 41 bytes to ecology
[dna] air wrote 27 bytes to ecology
[dna] air wrote 41 bytes to ecology
[dna] air wrote 66 bytes to ecology
[debug-onto] tick=150 corpus=139662 stage=2 freeze=0
[dna] air wrote 31 bytes to ecology
[dna] air wrote 20 bytes to ecology
[dna] air wrote 92 bytes to ecology
[dna] air wrote 34 bytes to ecology
[dna] air wrote 104 bytes to ecology
[dna] air wrote 157 bytes to ecology
[dna] air wrote 69 bytes to ecology
[dna] air wrote 122 bytes to ecology
[dna] air wrote 109 bytes to ecology
[dna] air wrote 23 bytes to ecology
[dna] air wrote 92 bytes to ecology
[dna] air wrote 37 bytes to ecology
[dna] air wrote 35 bytes to ecology
[dna] air wrote 37 bytes to ecology
[dna] air wrote 147 bytes to ecology
[dna] air wrote 27 bytes to ecology
[dna] air wrote 45 bytes to ecology
[debug-onto] tick=200 corpus=139662 stage=2 freeze=0
[dna] air wrote 55 bytes to ecology
[dna] air wrote 22 bytes to ecology
[dna] air wrote 69 bytes to ecology
[dna] air wrote 164 bytes to ecology
[dna] air wrote 49 bytes to ecology
[dna] air wrote 31 bytes to ecology
[dna] air wrote 11 bytes to ecology
[dna] air wrote 35 bytes to ecology
[dna] air wrote 59 bytes to ecology
[dna] air wrote 102 bytes to ecology
[dna] air wrote 48 bytes to ecology
[dna] air wrote 26 bytes to ecology
[dna] air wrote 57 bytes to ecology
[dna] air wrote 148 bytes to ecology
[dna] air wrote 33 bytes to ecology
[dna] air wrote 35 bytes to ecology
[dna] air wrote 130 bytes to ecology
[debug-onto] tick=250 corpus=139662 stage=2 freeze=0
[dna] air wrote 76 bytes to ecology
[dna] air wrote 62 bytes to ecology
[dna] air wrote 152 bytes to ecology
[dna] air wrote 44 bytes to ecology
[dna] air wrote 13 bytes to ecology
[dna] air wrote 60 bytes to ecology
[dna] air wrote 51 bytes to ecology
[dna] air wrote 39 bytes to ecology
[dna] air wrote 48 bytes to ecology
[dna] air wrote 39 bytes to ecology
[dna] air wrote 32 bytes to ecology
[dna] air wrote 37 bytes to ecology
[dna] air wrote 61 bytes to ecology
[dna] air wrote 74 bytes to ecology
[dna] air wrote 31 bytes to ecology
[dna] air wrote 62 bytes to ecology
[debug-onto] tick=300 corpus=139662 stage=2 freeze=0
[dna] air wrote 22 bytes to ecology
[dna] air wrote 31 bytes to ecology
[dna] air wrote 38 bytes to ecology
[dna] air wrote 14 bytes to ecology
[dna] air wrote 116 bytes to ecology
[dna] air wrote 35 bytes to ecology
[dna] air wrote 45 bytes to ecology
[dna] air wrote 24 bytes to ecology
[dna] air wrote 42 bytes to ecology
[dna] air wrote 48 bytes to ecology
[dna] air wrote 104 bytes to ecology
[dna] air wrote 16 bytes to ecology
[dna] air wrote 43 bytes to ecology
[dna] air wrote 84 bytes to ecology
[dna] air wrote 47 bytes to ecology
[dna] air wrote 29 bytes to ecology
[dna] air wrote 71 bytes to ecology
[debug-onto] tick=350 corpus=139662 stage=2 freeze=0
[dna] air wrote 38 bytes to ecology
[dna] air wrote 69 bytes to ecology
[dna] air wrote 56 bytes to ecology
[dna] air wrote 16 bytes to ecology
[dna] air wrote 63 bytes to ecology
[dna] air wrote 28 bytes to ecology
[dna] air wrote 21 bytes to ecology
[dna] air wrote 44 bytes to ecology
[dna] air wrote 30 bytes to ecology
[dna] air wrote 53 bytes to ecology
[dna] air wrote 116 bytes to ecology
[dna] air wrote 67 bytes to ecology
[dna] air wrote 52 bytes to ecology
[dna] air wrote 83 bytes to ecology
[dna] air wrote 50 bytes to ecology
[dna] air wrote 38 bytes to ecology
[dna] air wrote 68 bytes to ecology
[debug-onto] tick=400 corpus=139662 stage=2 freeze=0
[dna] air wrote 55 bytes to ecology
[dna] air wrote 34 bytes to ecology
[dna] air wrote 102 bytes to ecology
[dna] air wrote 136 bytes to ecology
[dna] air wrote 121 bytes to ecology
[dna] air wrote 42 bytes to ecology
[dna] air wrote 33 bytes to ecology
[dna] air wrote 107 bytes to ecology
[dna] air wrote 37 bytes to ecology
[dna] air wrote 43 bytes to ecology
[dna] air wrote 46 bytes to ecology
[dna] air wrote 121 bytes to ecology
[dna] air wrote 30 bytes to ecology
[dna] air wrote 30 bytes to ecology
[dna] air wrote 99 bytes to ecology
[dna] air wrote 52 bytes to ecology
[debug-onto] tick=450 corpus=139662 stage=2 freeze=0
[dna] air wrote 64 bytes to ecology
[dna] air wrote 45 bytes to ecology
[dna] air wrote 44 bytes to ecology
[dna] air wrote 52 bytes to ecology
[dna] air wrote 33 bytes to ecology
[dna] air wrote 68 bytes to ecology
[dna] air wrote 81 bytes to ecology
[dna] air wrote 68 bytes to ecology
[dna] air wrote 18 bytes to ecology
[dna] air wrote 20 bytes to ecology
[dna] air wrote 37 bytes to ecology
[dna] air wrote 71 bytes to ecology
[dna] air wrote 74 bytes to ecology
[dna] air wrote 17 bytes to ecology
[dna] air wrote 104 bytes to ecology
[dna] air wrote 67 bytes to ecology
[dna] air wrote 35 bytes to ecology
[debug-onto] tick=500 corpus=139662 stage=2 freeze=0
[dna] air wrote 60 bytes to ecology
[dna] air wrote 55 bytes to ecology
[dna] air wrote 54 bytes to ecology
[dna] air wrote 50 bytes to ecology
[dna] air wrote 36 bytes to ecology
[dna] air wrote 21 bytes to ecology
[dna] air wrote 58 bytes to ecology
[dna] air wrote 39 bytes to ecology
[dna] air wrote 44 bytes to ecology
[dna] air wrote 23 bytes to ecology
[dna] air wrote 34 bytes to ecology
[dna] air wrote 75 bytes to ecology
[dna] air wrote 146 bytes to ecology
[dna] air wrote 63 bytes to ecology
[dna] air wrote 129 bytes to ecology
[dna] air wrote 57 bytes to ecology
[dna] air wrote 30 bytes to ecology
[debug-onto] tick=550 corpus=139662 stage=2 freeze=0
[dna] air wrote 43 bytes to ecology
[dna] air wrote 41 bytes to ecology
[dna] air wrote 92 bytes to ecology
[dna] air wrote 94 bytes to ecology
[dna] air wrote 103 bytes to ecology
[dna] air wrote 55 bytes to ecology
[dna] air wrote 49 bytes to ecology
[dna] air wrote 120 bytes to ecology
[dna] air wrote 116 bytes to ecology
[dna] air wrote 80 bytes to ecology
[dna] air wrote 62 bytes to ecology
[dna] air wrote 30 bytes to ecology
[dna] air wrote 38 bytes to ecology
[dna] air wrote 66 bytes to ecology
[dna] air wrote 62 bytes to ecology
[dna] air wrote 98 bytes to ecology
[debug-onto] tick=600 corpus=139662 stage=2 freeze=0
[dna] air wrote 98 bytes to ecology
[dna] air wrote 110 bytes to ecology
[dna] air wrote 64 bytes to ecology
[dna] air wrote 36 bytes to ecology
[dna] air wrote 39 bytes to ecology
[dna] air wrote 80 bytes to ecology
[dna] air wrote 56 bytes to ecology
[dna] air wrote 22 bytes to ecology
[dna] air wrote 36 bytes to ecology
[dna] air wrote 19 bytes to ecology
[dna] air wrote 124 bytes to ecology
[dna] air wrote 49 bytes to ecology
[dna] air wrote 40 bytes to ecology
[dna] air wrote 137 bytes to ecology
[dna] air wrote 24 bytes to ecology
[dna] air wrote 38 bytes to ecology
[dna] air wrote 31 bytes to ecology
[debug-onto] tick=650 corpus=139662 stage=2 freeze=0
[dna] air wrote 23 bytes to ecology
[dna] air wrote 28 bytes to ecology
[dna] air wrote 40 bytes to ecology
[dna] air wrote 48 bytes to ecology
[dna] air wrote 77 bytes to ecology
[dna] air wrote 91 bytes to ecology
[dna] air wrote 102 bytes to ecology
[dna] air wrote 43 bytes to ecology
[dna] air wrote 28 bytes to ecology
[dna] air wrote 7 bytes to ecology
[dna] air wrote 192 bytes to ecology
[dna] air wrote 119 bytes to ecology
[dna] air wrote 9 bytes to ecology
[dna] air wrote 66 bytes to ecology
[dna] air wrote 74 bytes to ecology
[dna] air wrote 17 bytes to ecology
[dna] air wrote 34 bytes to ecology
[debug-onto] tick=700 corpus=139662 stage=2 freeze=0

[evolution] Organism shutting down gracefully.
