[ecology] Element: fire → corpus: nonames_fire.txt
[evolution] Autonomous evolution mode — organism will grow through all stages without pause.
[ecology] Joined swarm. 1 peer(s) detected.
molequla is alive. [evolution] Autonomous mode — background trainer running. Ctrl+C to stop.
[dna] fire wrote 27 bytes to ecology
[dna] fire consumed 12236 bytes from 215 files: [water/gen_1777793000_1.txt water/gen_1777793016_4.txt water/gen_1777793024_7.txt water/gen_1777793032_10.txt water/gen_1777793040_13.txt water/gen_1777793048_16.txt water/gen_1777793056_19.txt water/gen_1777793064_22.txt water/gen_1777793073_25.txt water/gen_1777793081_28.txt water/gen_1777793089_31.txt water/gen_1777793097_34.txt water/gen_1777793105_37.txt water/gen_1777793114_40.txt water/gen_1777793122_43.txt water/gen_1777793130_46.txt water/gen_1777793139_49.txt water/gen_1777793147_52.txt water/gen_1777793155_55.txt water/gen_1777793163_58.txt water/gen_1777793172_61.txt water/gen_1777793180_64.txt water/gen_1777793188_67.txt water/gen_1777793196_70.txt water/gen_1777793204_73.txt water/gen_1777793212_76.txt water/gen_1777793221_79.txt water/gen_1777793229_82.txt water/gen_1777793237_85.txt water/gen_1777793245_88.txt water/gen_1777793253_91.txt water/gen_1777793261_94.txt water/gen_1777793270_97.txt water/gen_1777793278_100.txt water/gen_1777793286_103.txt water/gen_1777793294_106.txt water/gen_1777793302_109.txt water/gen_1777793310_112.txt water/gen_1777793319_115.txt water/gen_1777793327_118.txt water/gen_1777793335_121.txt water/gen_1777793343_124.txt water/gen_1777793351_127.txt water/gen_1777793359_130.txt water/gen_1777793367_133.txt water/gen_1777793376_136.txt water/gen_1777793384_139.txt water/gen_1777793392_142.txt water/gen_1777793400_145.txt water/gen_1777793408_148.txt water/gen_1777793416_151.txt water/gen_1777793425_154.txt water/gen_1777793441_160.txt water/gen_1777793449_163.txt water/gen_1777793457_166.txt water/gen_1777793465_169.txt water/gen_1777793474_172.txt water/gen_1777793482_175.txt water/gen_1777793490_178.txt water/gen_1777793498_181.txt water/gen_1777793506_184.txt water/gen_1777793515_187.txt water/gen_1777793523_190.txt water/gen_1777793531_193.txt water/gen_1777793539_196.txt water/gen_1777793547_199.txt water/gen_1777793556_202.txt water/gen_1777793564_205.txt water/gen_1777793572_208.txt water/gen_1777793580_211.txt water/gen_1777793588_214.txt water/gen_1777793596_217.txt water/gen_1777793604_220.txt water/gen_1777793612_223.txt water/gen_1777793621_226.txt water/gen_1777793629_229.txt water/gen_1777793637_232.txt water/gen_1777793645_235.txt water/gen_1777793654_238.txt water/gen_1777793662_241.txt water/gen_1777793670_244.txt water/gen_1777793678_247.txt water/gen_1777793686_250.txt water/gen_1777793695_253.txt water/gen_1777793703_256.txt water/gen_1777793711_259.txt water/gen_1777793719_262.txt water/gen_1777793727_265.txt water/gen_1777793735_268.txt water/gen_1777793744_271.txt water/gen_1777793752_274.txt water/gen_1777793760_277.txt water/gen_1777793768_280.txt water/gen_1777793776_283.txt water/gen_1777793784_286.txt water/gen_1777793792_289.txt water/gen_1777793801_292.txt water/gen_1777793809_295.txt water/gen_1777793817_298.txt water/gen_1777793825_301.txt water/gen_1777793833_304.txt water/gen_1777793841_307.txt water/gen_1777793858_313.txt water/gen_1777793866_316.txt water/gen_1777793874_319.txt water/gen_1777793882_322.txt water/gen_1777793891_325.txt water/gen_1777793899_328.txt water/gen_1777793907_331.txt water/gen_1777793915_334.txt water/gen_1777793923_337.txt water/gen_1777793932_340.txt water/gen_1777793940_343.txt water/gen_1777793948_346.txt water/gen_1777793956_349.txt water/gen_1777793965_352.txt water/gen_1777793973_355.txt water/gen_1777793981_358.txt water/gen_1777793989_361.txt water/gen_1777793997_364.txt water/gen_1777794006_367.txt water/gen_1777794014_370.txt water/gen_1777794022_373.txt water/gen_1777794030_376.txt water/gen_1777794038_379.txt water/gen_1777794055_385.txt water/gen_1777794063_388.txt water/gen_1777794071_391.txt water/gen_1777794079_394.txt water/gen_1777794088_397.txt water/gen_1777794096_400.txt water/gen_1777794104_403.txt water/gen_1777794112_406.txt water/gen_1777794120_409.txt water/gen_1777794128_412.txt water/gen_1777794136_415.txt water/gen_1777794145_418.txt water/gen_1777794153_421.txt water/gen_1777794161_424.txt water/gen_1777794169_427.txt water/gen_1777794177_430.txt water/gen_1777794185_433.txt water/gen_1777794193_436.txt water/gen_1777794202_439.txt water/gen_1777794210_442.txt water/gen_1777794218_445.txt water/gen_1777794226_448.txt water/gen_1777794234_451.txt water/gen_1777794242_454.txt water/gen_1777794250_457.txt water/gen_1777794258_460.txt water/gen_1777794267_463.txt water/gen_1777794275_466.txt water/gen_1777794283_469.txt water/gen_1777794291_472.txt water/gen_1777794299_475.txt water/gen_1777794307_478.txt water/gen_1777794316_481.txt water/gen_1777794324_484.txt water/gen_1777794332_487.txt water/gen_1777794340_490.txt water/gen_1777794348_493.txt water/gen_1777794356_496.txt water/gen_1777794364_499.txt water/gen_1777794373_502.txt water/gen_1777794381_505.txt water/gen_1777794389_508.txt water/gen_1777794397_511.txt water/gen_1777794405_514.txt water/gen_1777794414_517.txt water/gen_1777794422_520.txt water/gen_1777794430_523.txt water/gen_1777794438_526.txt water/gen_1777794447_529.txt water/gen_1777794455_532.txt water/gen_1777794463_535.txt water/gen_1777794471_538.txt water/gen_1777794479_541.txt water/gen_1777794487_544.txt water/gen_1777794504_550.txt water/gen_1777794512_553.txt water/gen_1777794520_556.txt water/gen_1777794528_559.txt water/gen_1777794536_562.txt water/gen_1777794545_565.txt water/gen_1777794553_568.txt water/gen_1777794561_571.txt water/gen_1777794569_574.txt water/gen_1777794577_577.txt water/gen_1777794585_580.txt water/gen_1777794594_583.txt water/gen_1777794602_586.txt water/gen_1777794610_589.txt water/gen_1777794618_592.txt water/gen_1777794626_595.txt water/gen_1777794634_598.txt water/gen_1777794643_601.txt water/gen_1777794651_604.txt water/gen_1777794659_607.txt water/gen_1777794667_610.txt water/gen_1777794675_613.txt water/gen_1777794683_616.txt water/gen_1777794691_619.txt water/gen_1777794700_622.txt water/gen_1777794708_625.txt water/gen_1777794716_628.txt water/gen_1777794724_631.txt water/gen_1777794732_634.txt water/gen_1777794740_637.txt water/gen_1777794749_640.txt water/gen_1777794757_643.txt water/gen_1777794765_646.txt water/gen_1777794773_649.txt water/gen_1777794781_652.txt water/gen_1777794789_655.txt]
[trainer] micro-train burst (12236 bytes, novelty 0.04) — and lo, it feeds again.
[syntropy] action=explore | trend=0.0000 | field_dev=0.039 | purpose_align=0.097 | lr_mul=1.30
[aml] burst complete: 32 steps, avg loss 1.4912 (memory freed)
[dna] fire wrote 52 bytes to ecology
[dna] fire wrote 43 bytes to ecology
[dna] fire wrote 71 bytes to ecology
[dna] fire wrote 64 bytes to ecology
[dna] fire wrote 108 bytes to ecology
[dna] fire wrote 46 bytes to ecology
[dna] fire wrote 41 bytes to ecology
[dna] fire wrote 49 bytes to ecology
[dna] fire wrote 51 bytes to ecology
[dna] fire wrote 23 bytes to ecology
[dna] fire wrote 45 bytes to ecology
[dna] fire wrote 118 bytes to ecology
[dna] fire wrote 70 bytes to ecology
[dna] fire wrote 39 bytes to ecology
[dna] fire wrote 113 bytes to ecology
[dna] fire wrote 59 bytes to ecology
[debug-onto] tick=50 corpus=134351 stage=2 freeze=0
[dna] fire wrote 16 bytes to ecology
[dna] fire wrote 48 bytes to ecology
[dna] fire wrote 30 bytes to ecology
[dna] fire wrote 164 bytes to ecology
[dna] fire wrote 39 bytes to ecology
[dna] fire wrote 90 bytes to ecology
[dna] fire wrote 52 bytes to ecology
[dna] fire wrote 43 bytes to ecology
[dna] fire wrote 70 bytes to ecology
[dna] fire wrote 22 bytes to ecology
[dna] fire wrote 90 bytes to ecology
[dna] fire wrote 35 bytes to ecology
[dna] fire wrote 130 bytes to ecology
[dna] fire wrote 33 bytes to ecology
[dna] fire wrote 49 bytes to ecology
[dna] fire wrote 93 bytes to ecology
[dna] fire wrote 21 bytes to ecology
[debug-onto] tick=100 corpus=134351 stage=2 freeze=0
[dna] fire wrote 48 bytes to ecology
[dna] fire wrote 61 bytes to ecology
[dna] fire wrote 122 bytes to ecology
[dna] fire wrote 69 bytes to ecology
[dna] fire wrote 54 bytes to ecology
[dna] fire wrote 16 bytes to ecology
[dna] fire wrote 44 bytes to ecology
[dna] fire wrote 39 bytes to ecology
[dna] fire wrote 92 bytes to ecology
[dna] fire wrote 43 bytes to ecology
[dna] fire wrote 59 bytes to ecology
[dna] fire wrote 49 bytes to ecology
[dna] fire wrote 45 bytes to ecology
[dna] fire wrote 56 bytes to ecology
[dna] fire wrote 53 bytes to ecology
[dna] fire wrote 96 bytes to ecology
[debug-onto] tick=150 corpus=134351 stage=2 freeze=0
[dna] fire wrote 15 bytes to ecology
[dna] fire wrote 52 bytes to ecology
[dna] fire wrote 22 bytes to ecology
[dna] fire wrote 24 bytes to ecology
[dna] fire wrote 120 bytes to ecology
[dna] fire wrote 49 bytes to ecology
[dna] fire wrote 124 bytes to ecology
[dna] fire wrote 38 bytes to ecology
[dna] fire wrote 22 bytes to ecology
[dna] fire wrote 35 bytes to ecology
[dna] fire wrote 64 bytes to ecology
[dna] fire wrote 139 bytes to ecology
[dna] fire wrote 122 bytes to ecology
[dna] fire wrote 59 bytes to ecology
[dna] fire wrote 74 bytes to ecology
[dna] fire wrote 14 bytes to ecology
[dna] fire wrote 104 bytes to ecology
[debug-onto] tick=200 corpus=134351 stage=2 freeze=0
[dna] fire wrote 30 bytes to ecology
[dna] fire wrote 43 bytes to ecology
[dna] fire wrote 59 bytes to ecology
[dna] fire wrote 78 bytes to ecology
[dna] fire wrote 119 bytes to ecology
[dna] fire wrote 201 bytes to ecology
[dna] fire wrote 111 bytes to ecology
[dna] fire wrote 25 bytes to ecology
[dna] fire wrote 151 bytes to ecology
[dna] fire wrote 198 bytes to ecology
[dna] fire wrote 59 bytes to ecology
[dna] fire wrote 28 bytes to ecology
[dna] fire wrote 25 bytes to ecology
[dna] fire wrote 60 bytes to ecology
[dna] fire wrote 35 bytes to ecology
[dna] fire wrote 61 bytes to ecology
[dna] fire wrote 13 bytes to ecology
[debug-onto] tick=250 corpus=134351 stage=2 freeze=0
[dna] fire wrote 126 bytes to ecology
[dna] fire wrote 50 bytes to ecology
[dna] fire wrote 34 bytes to ecology
[dna] fire wrote 27 bytes to ecology
[dna] fire wrote 85 bytes to ecology
[dna] fire wrote 44 bytes to ecology
[dna] fire wrote 73 bytes to ecology
[dna] fire wrote 9 bytes to ecology
[dna] fire wrote 222 bytes to ecology
[dna] fire wrote 136 bytes to ecology
[dna] fire wrote 20 bytes to ecology
[dna] fire wrote 91 bytes to ecology
[dna] fire wrote 145 bytes to ecology
[dna] fire wrote 138 bytes to ecology
[dna] fire wrote 55 bytes to ecology
[dna] fire wrote 29 bytes to ecology
[debug-onto] tick=300 corpus=134351 stage=2 freeze=0
[dna] fire wrote 34 bytes to ecology
[dna] fire wrote 204 bytes to ecology
[dna] fire wrote 56 bytes to ecology
[dna] fire wrote 34 bytes to ecology
[dna] fire wrote 52 bytes to ecology
[dna] fire wrote 45 bytes to ecology
[dna] fire wrote 56 bytes to ecology
[dna] fire wrote 16 bytes to ecology
[dna] fire wrote 60 bytes to ecology
[dna] fire wrote 45 bytes to ecology
[dna] fire wrote 28 bytes to ecology
[dna] fire wrote 43 bytes to ecology
[dna] fire wrote 45 bytes to ecology
[dna] fire wrote 27 bytes to ecology
[dna] fire wrote 62 bytes to ecology
[dna] fire wrote 117 bytes to ecology
[dna] fire wrote 157 bytes to ecology
[debug-onto] tick=350 corpus=134351 stage=2 freeze=0
[dna] fire wrote 38 bytes to ecology
[dna] fire wrote 68 bytes to ecology
[dna] fire wrote 48 bytes to ecology
[dna] fire wrote 32 bytes to ecology
[dna] fire wrote 87 bytes to ecology
[dna] fire wrote 37 bytes to ecology
[dna] fire wrote 28 bytes to ecology
[dna] fire wrote 25 bytes to ecology
[dna] fire wrote 83 bytes to ecology
[dna] fire wrote 126 bytes to ecology
[dna] fire wrote 86 bytes to ecology
[dna] fire wrote 96 bytes to ecology
[dna] fire wrote 84 bytes to ecology
[dna] fire wrote 98 bytes to ecology
[dna] fire wrote 32 bytes to ecology
[dna] fire wrote 54 bytes to ecology
[dna] fire wrote 51 bytes to ecology
[debug-onto] tick=400 corpus=134351 stage=2 freeze=0
[dna] fire wrote 68 bytes to ecology
[dna] fire wrote 64 bytes to ecology
[dna] fire wrote 60 bytes to ecology
[dna] fire wrote 58 bytes to ecology
[dna] fire wrote 85 bytes to ecology
[dna] fire wrote 77 bytes to ecology
[dna] fire wrote 97 bytes to ecology
[dna] fire wrote 94 bytes to ecology
[dna] fire wrote 56 bytes to ecology
[dna] fire wrote 30 bytes to ecology
[dna] fire wrote 47 bytes to ecology
[dna] fire wrote 126 bytes to ecology
[dna] fire wrote 110 bytes to ecology
[dna] fire wrote 34 bytes to ecology
[dna] fire wrote 17 bytes to ecology
[dna] fire wrote 31 bytes to ecology
[debug-onto] tick=450 corpus=134351 stage=2 freeze=0
[dna] fire wrote 96 bytes to ecology
[dna] fire wrote 41 bytes to ecology
[dna] fire wrote 51 bytes to ecology
[dna] fire wrote 9 bytes to ecology
[dna] fire wrote 90 bytes to ecology
[dna] fire wrote 150 bytes to ecology
[dna] fire wrote 46 bytes to ecology
[dna] fire wrote 32 bytes to ecology
[dna] fire wrote 91 bytes to ecology
[dna] fire wrote 70 bytes to ecology
[dna] fire wrote 119 bytes to ecology
[dna] fire wrote 28 bytes to ecology
[dna] fire wrote 66 bytes to ecology
[dna] fire wrote 59 bytes to ecology
[dna] fire wrote 93 bytes to ecology
[dna] fire wrote 52 bytes to ecology
[dna] fire wrote 38 bytes to ecology
[debug-onto] tick=500 corpus=134351 stage=2 freeze=0
[dna] fire wrote 127 bytes to ecology
[dna] fire wrote 43 bytes to ecology
[dna] fire wrote 125 bytes to ecology
[dna] fire wrote 105 bytes to ecology
[dna] fire wrote 66 bytes to ecology
[dna] fire wrote 32 bytes to ecology
[dna] fire wrote 88 bytes to ecology
[dna] fire wrote 62 bytes to ecology
[dna] fire wrote 33 bytes to ecology
[dna] fire wrote 41 bytes to ecology
[dna] fire wrote 22 bytes to ecology
[dna] fire wrote 20 bytes to ecology
[dna] fire wrote 22 bytes to ecology
[dna] fire wrote 24 bytes to ecology
[dna] fire wrote 29 bytes to ecology
[dna] fire wrote 52 bytes to ecology
[dna] fire wrote 33 bytes to ecology
[debug-onto] tick=550 corpus=134351 stage=2 freeze=0
[dna] fire wrote 169 bytes to ecology
[dna] fire wrote 26 bytes to ecology
[dna] fire wrote 24 bytes to ecology
[dna] fire wrote 47 bytes to ecology
[dna] fire wrote 48 bytes to ecology
[dna] fire wrote 64 bytes to ecology
[dna] fire wrote 17 bytes to ecology
[dna] fire wrote 117 bytes to ecology
[dna] fire wrote 34 bytes to ecology
[dna] fire wrote 39 bytes to ecology
[dna] fire wrote 56 bytes to ecology
[dna] fire wrote 45 bytes to ecology
[dna] fire wrote 87 bytes to ecology
[dna] fire wrote 186 bytes to ecology
[dna] fire wrote 138 bytes to ecology
[dna] fire wrote 45 bytes to ecology
[debug-onto] tick=600 corpus=134351 stage=2 freeze=0
[dna] fire wrote 22 bytes to ecology
[dna] fire wrote 139 bytes to ecology
[dna] fire wrote 108 bytes to ecology
[dna] fire wrote 26 bytes to ecology
[dna] fire wrote 26 bytes to ecology
[dna] fire wrote 63 bytes to ecology
[dna] fire wrote 44 bytes to ecology
[dna] fire wrote 40 bytes to ecology
[dna] fire wrote 57 bytes to ecology
[dna] fire wrote 99 bytes to ecology
[dna] fire wrote 98 bytes to ecology
[dna] fire wrote 120 bytes to ecology
[dna] fire wrote 165 bytes to ecology
[dna] fire wrote 20 bytes to ecology
[dna] fire wrote 122 bytes to ecology
[dna] fire wrote 77 bytes to ecology
[dna] fire wrote 43 bytes to ecology
[debug-onto] tick=650 corpus=134351 stage=2 freeze=0
[dna] fire wrote 126 bytes to ecology
[dna] fire wrote 21 bytes to ecology
[dna] fire wrote 20 bytes to ecology
[dna] fire wrote 74 bytes to ecology
[dna] fire wrote 30 bytes to ecology
[dna] fire wrote 39 bytes to ecology
[dna] fire wrote 50 bytes to ecology
[dna] fire wrote 76 bytes to ecology
[dna] fire wrote 27 bytes to ecology
[dna] fire wrote 20 bytes to ecology
[dna] fire wrote 70 bytes to ecology
[dna] fire wrote 32 bytes to ecology
[dna] fire wrote 10 bytes to ecology
[dna] fire wrote 5 bytes to ecology
[dna] fire wrote 124 bytes to ecology
[dna] fire wrote 29 bytes to ecology

[evolution] Organism shutting down gracefully.
