[ecology] Element: water → corpus: nonames_water.txt
[evolution] Autonomous evolution mode — organism will grow through all stages without pause.
[ecology] Joined swarm. 1 peer(s) detected.
molequla is alive. [evolution] Autonomous mode — background trainer running. Ctrl+C to stop.
[dna] water wrote 30 bytes to ecology
[dna] water consumed 15094 bytes from 232 files: [air/gen_1777791200_1.txt air/gen_1777791216_4.txt air/gen_1777791224_7.txt air/gen_1777791232_10.txt air/gen_1777791239_13.txt air/gen_1777791247_16.txt air/gen_1777791255_19.txt air/gen_1777791262_22.txt air/gen_1777791270_25.txt air/gen_1777791278_28.txt air/gen_1777791285_31.txt air/gen_1777791293_34.txt air/gen_1777791301_37.txt air/gen_1777791308_40.txt air/gen_1777791316_43.txt air/gen_1777791324_46.txt air/gen_1777791331_49.txt air/gen_1777791339_52.txt air/gen_1777791347_55.txt air/gen_1777791355_58.txt air/gen_1777791362_61.txt air/gen_1777791370_64.txt air/gen_1777791377_67.txt air/gen_1777791385_70.txt air/gen_1777791393_73.txt air/gen_1777791400_76.txt air/gen_1777791408_79.txt air/gen_1777791416_82.txt air/gen_1777791423_85.txt air/gen_1777791431_88.txt air/gen_1777791439_91.txt air/gen_1777791447_94.txt air/gen_1777791454_97.txt air/gen_1777791462_100.txt air/gen_1777791470_103.txt air/gen_1777791477_106.txt air/gen_1777791485_109.txt air/gen_1777791493_112.txt air/gen_1777791500_115.txt air/gen_1777791508_118.txt air/gen_1777791516_121.txt air/gen_1777791524_124.txt air/gen_1777791531_127.txt air/gen_1777791539_130.txt air/gen_1777791546_133.txt air/gen_1777791554_136.txt air/gen_1777791562_139.txt air/gen_1777791569_142.txt air/gen_1777791577_145.txt air/gen_1777791585_148.txt air/gen_1777791593_151.txt air/gen_1777791600_154.txt air/gen_1777791608_157.txt air/gen_1777791616_160.txt air/gen_1777791623_163.txt air/gen_1777791631_166.txt air/gen_1777791639_169.txt air/gen_1777791646_172.txt air/gen_1777791654_175.txt air/gen_1777791661_178.txt air/gen_1777791669_181.txt air/gen_1777791677_184.txt air/gen_1777791684_187.txt air/gen_1777791692_190.txt air/gen_1777791700_193.txt air/gen_1777791708_196.txt air/gen_1777791715_199.txt air/gen_1777791723_202.txt air/gen_1777791730_205.txt air/gen_1777791738_208.txt air/gen_1777791745_211.txt air/gen_1777791753_214.txt air/gen_1777791761_217.txt air/gen_1777791768_220.txt air/gen_1777791776_223.txt air/gen_1777791784_226.txt air/gen_1777791791_229.txt air/gen_1777791799_232.txt air/gen_1777791806_235.txt air/gen_1777791814_238.txt air/gen_1777791822_241.txt air/gen_1777791829_244.txt air/gen_1777791837_247.txt air/gen_1777791845_250.txt air/gen_1777791852_253.txt air/gen_1777791860_256.txt air/gen_1777791867_259.txt air/gen_1777791875_262.txt air/gen_1777791883_265.txt air/gen_1777791890_268.txt air/gen_1777791898_271.txt air/gen_1777791906_274.txt air/gen_1777791913_277.txt air/gen_1777791921_280.txt air/gen_1777791928_283.txt air/gen_1777791936_286.txt air/gen_1777791944_289.txt air/gen_1777791951_292.txt air/gen_1777791959_295.txt air/gen_1777791967_298.txt air/gen_1777791974_301.txt air/gen_1777791982_304.txt air/gen_1777791990_307.txt air/gen_1777791997_310.txt air/gen_1777792005_313.txt air/gen_1777792013_316.txt air/gen_1777792020_319.txt air/gen_1777792028_322.txt air/gen_1777792035_325.txt air/gen_1777792043_328.txt air/gen_1777792051_331.txt air/gen_1777792058_334.txt air/gen_1777792066_337.txt air/gen_1777792074_340.txt air/gen_1777792081_343.txt air/gen_1777792089_346.txt air/gen_1777792096_349.txt air/gen_1777792104_352.txt air/gen_1777792112_355.txt air/gen_1777792119_358.txt air/gen_1777792127_361.txt air/gen_1777792134_364.txt air/gen_1777792142_367.txt air/gen_1777792150_370.txt air/gen_1777792157_373.txt air/gen_1777792165_376.txt air/gen_1777792172_379.txt air/gen_1777792180_382.txt air/gen_1777792188_385.txt air/gen_1777792195_388.txt air/gen_1777792203_391.txt air/gen_1777792211_394.txt air/gen_1777792218_397.txt air/gen_1777792226_400.txt air/gen_1777792234_403.txt air/gen_1777792241_406.txt air/gen_1777792249_409.txt air/gen_1777792256_412.txt air/gen_1777792264_415.txt air/gen_1777792272_418.txt air/gen_1777792279_421.txt air/gen_1777792287_424.txt air/gen_1777792295_427.txt air/gen_1777792302_430.txt air/gen_1777792310_433.txt air/gen_1777792318_436.txt air/gen_1777792325_439.txt air/gen_1777792333_442.txt air/gen_1777792341_445.txt air/gen_1777792348_448.txt air/gen_1777792356_451.txt air/gen_1777792364_454.txt air/gen_1777792371_457.txt air/gen_1777792379_460.txt air/gen_1777792386_463.txt air/gen_1777792394_466.txt air/gen_1777792402_469.txt air/gen_1777792409_472.txt air/gen_1777792417_475.txt air/gen_1777792425_478.txt air/gen_1777792432_481.txt air/gen_1777792440_484.txt air/gen_1777792448_487.txt air/gen_1777792455_490.txt air/gen_1777792463_493.txt air/gen_1777792470_496.txt air/gen_1777792478_499.txt air/gen_1777792486_502.txt air/gen_1777792493_505.txt air/gen_1777792501_508.txt air/gen_1777792509_511.txt air/gen_1777792516_514.txt air/gen_1777792524_517.txt air/gen_1777792531_520.txt air/gen_1777792539_523.txt air/gen_1777792547_526.txt air/gen_1777792554_529.txt air/gen_1777792562_532.txt air/gen_1777792569_535.txt air/gen_1777792577_538.txt air/gen_1777792585_541.txt air/gen_1777792592_544.txt air/gen_1777792600_547.txt air/gen_1777792608_550.txt air/gen_1777792616_553.txt air/gen_1777792623_556.txt air/gen_1777792631_559.txt air/gen_1777792639_562.txt air/gen_1777792646_565.txt air/gen_1777792654_568.txt air/gen_1777792662_571.txt air/gen_1777792670_574.txt air/gen_1777792677_577.txt air/gen_1777792685_580.txt air/gen_1777792692_583.txt air/gen_1777792700_586.txt air/gen_1777792708_589.txt air/gen_1777792715_592.txt air/gen_1777792723_595.txt air/gen_1777792731_598.txt air/gen_1777792738_601.txt air/gen_1777792746_604.txt air/gen_1777792753_607.txt air/gen_1777792761_610.txt air/gen_1777792769_613.txt air/gen_1777792776_616.txt air/gen_1777792784_619.txt air/gen_1777792792_622.txt air/gen_1777792799_625.txt air/gen_1777792807_628.txt air/gen_1777792814_631.txt air/gen_1777792822_634.txt air/gen_1777792830_637.txt air/gen_1777792837_640.txt air/gen_1777792845_643.txt air/gen_1777792852_646.txt air/gen_1777792860_649.txt air/gen_1777792868_652.txt air/gen_1777792875_655.txt air/gen_1777792883_658.txt air/gen_1777792891_661.txt air/gen_1777792898_664.txt air/gen_1777792906_667.txt air/gen_1777792914_670.txt air/gen_1777792921_673.txt air/gen_1777792929_676.txt air/gen_1777792944_682.txt air/gen_1777792952_685.txt air/gen_1777792967_691.txt air/gen_1777792975_694.txt air/gen_1777792983_697.txt air/gen_1777792990_700.txt]
[trainer] micro-train burst (15094 bytes, novelty 0.04) — and lo, it feeds again.
[syntropy] action=explore | trend=0.0000 | field_dev=-0.010 | purpose_align=0.100 | lr_mul=1.30
[aml] burst complete: 32 steps, avg loss 1.4831 (memory freed)
[dna] water wrote 62 bytes to ecology
[dna] water wrote 86 bytes to ecology
[dna] water wrote 50 bytes to ecology
[dna] water wrote 21 bytes to ecology
[dna] water wrote 37 bytes to ecology
[dna] water wrote 35 bytes to ecology
[dna] water wrote 49 bytes to ecology
[dna] water wrote 58 bytes to ecology
[dna] water wrote 27 bytes to ecology
[dna] water wrote 31 bytes to ecology
[dna] water wrote 35 bytes to ecology
[dna] water wrote 78 bytes to ecology
[dna] water wrote 55 bytes to ecology
[dna] water wrote 74 bytes to ecology
[dna] water wrote 51 bytes to ecology
[dna] water wrote 73 bytes to ecology
[debug-onto] tick=50 corpus=141023 stage=2 freeze=0
[dna] water wrote 44 bytes to ecology
[dna] water wrote 52 bytes to ecology
[dna] water wrote 119 bytes to ecology
[dna] water wrote 14 bytes to ecology
[dna] water wrote 60 bytes to ecology
[dna] water wrote 57 bytes to ecology
[dna] water wrote 59 bytes to ecology
[dna] water wrote 37 bytes to ecology
[dna] water wrote 57 bytes to ecology
[dna] water wrote 25 bytes to ecology
[dna] water wrote 40 bytes to ecology
[dna] water wrote 32 bytes to ecology
[dna] water wrote 41 bytes to ecology
[dna] water wrote 14 bytes to ecology
[dna] water wrote 96 bytes to ecology
[dna] water wrote 66 bytes to ecology
[dna] water wrote 41 bytes to ecology
[debug-onto] tick=100 corpus=141023 stage=2 freeze=0
[dna] water wrote 56 bytes to ecology
[dna] water wrote 27 bytes to ecology
[dna] water wrote 16 bytes to ecology
[dna] water wrote 37 bytes to ecology
[dna] water wrote 72 bytes to ecology
[dna] water wrote 27 bytes to ecology
[dna] water wrote 79 bytes to ecology
[dna] water wrote 57 bytes to ecology
[dna] water wrote 39 bytes to ecology
[dna] water wrote 129 bytes to ecology
[dna] water wrote 99 bytes to ecology
[dna] water wrote 74 bytes to ecology
[dna] water wrote 80 bytes to ecology
[dna] water wrote 60 bytes to ecology
[dna] water wrote 38 bytes to ecology
[dna] water wrote 67 bytes to ecology
[debug-onto] tick=150 corpus=141023 stage=2 freeze=0
[dna] water wrote 32 bytes to ecology
[dna] water wrote 63 bytes to ecology
[dna] water wrote 7 bytes to ecology
[dna] water wrote 78 bytes to ecology
[dna] water wrote 30 bytes to ecology
[dna] water wrote 57 bytes to ecology
[dna] water wrote 77 bytes to ecology
[dna] water wrote 35 bytes to ecology
[dna] water wrote 26 bytes to ecology
[dna] water wrote 34 bytes to ecology
[dna] water wrote 54 bytes to ecology
[dna] water wrote 28 bytes to ecology
[dna] water wrote 302 bytes to ecology
[dna] water wrote 133 bytes to ecology
[dna] water wrote 34 bytes to ecology
[dna] water wrote 94 bytes to ecology
[dna] water wrote 107 bytes to ecology
[debug-onto] tick=200 corpus=141023 stage=2 freeze=0
[dna] water wrote 98 bytes to ecology
[dna] water wrote 47 bytes to ecology
[dna] water wrote 66 bytes to ecology
[dna] water wrote 25 bytes to ecology
[dna] water wrote 57 bytes to ecology
[dna] water wrote 48 bytes to ecology
[dna] water wrote 31 bytes to ecology
[dna] water wrote 111 bytes to ecology
[dna] water wrote 29 bytes to ecology
[dna] water wrote 28 bytes to ecology
[dna] water wrote 14 bytes to ecology
[dna] water wrote 201 bytes to ecology
[dna] water wrote 47 bytes to ecology
[dna] water wrote 48 bytes to ecology
[dna] water wrote 87 bytes to ecology
[dna] water wrote 35 bytes to ecology
[dna] water wrote 99 bytes to ecology
[debug-onto] tick=250 corpus=141023 stage=2 freeze=0
[dna] water wrote 46 bytes to ecology
[dna] water wrote 34 bytes to ecology
[dna] water wrote 27 bytes to ecology
[dna] water wrote 40 bytes to ecology
[dna] water wrote 32 bytes to ecology
[dna] water wrote 39 bytes to ecology
[dna] water wrote 91 bytes to ecology
[dna] water wrote 18 bytes to ecology
[dna] water wrote 33 bytes to ecology
[dna] water wrote 10 bytes to ecology
[dna] water wrote 15 bytes to ecology
[dna] water wrote 39 bytes to ecology
[dna] water wrote 33 bytes to ecology
[dna] water wrote 38 bytes to ecology
[dna] water wrote 30 bytes to ecology
[dna] water wrote 65 bytes to ecology
[debug-onto] tick=300 corpus=141023 stage=2 freeze=0
[dna] water wrote 73 bytes to ecology
[dna] water wrote 128 bytes to ecology
[dna] water wrote 27 bytes to ecology
[dna] water wrote 9 bytes to ecology
[dna] water wrote 31 bytes to ecology
[dna] water wrote 72 bytes to ecology
[dna] water wrote 36 bytes to ecology
[dna] water wrote 53 bytes to ecology
[dna] water wrote 31 bytes to ecology
[dna] water wrote 101 bytes to ecology
[dna] water wrote 25 bytes to ecology
[dna] water wrote 58 bytes to ecology
[dna] water wrote 66 bytes to ecology
[dna] water wrote 69 bytes to ecology
[dna] water wrote 26 bytes to ecology
[dna] water wrote 47 bytes to ecology
[dna] water wrote 15 bytes to ecology
[debug-onto] tick=350 corpus=141023 stage=2 freeze=0
[dna] water wrote 45 bytes to ecology
[dna] water wrote 52 bytes to ecology
[dna] water wrote 29 bytes to ecology
[dna] water wrote 53 bytes to ecology
[dna] water wrote 34 bytes to ecology
[dna] water wrote 33 bytes to ecology
[dna] water wrote 70 bytes to ecology
[dna] water wrote 188 bytes to ecology
[dna] water wrote 50 bytes to ecology
[dna] water wrote 24 bytes to ecology
[dna] water wrote 8 bytes to ecology
[dna] water wrote 26 bytes to ecology
[dna] water wrote 34 bytes to ecology
[dna] water wrote 209 bytes to ecology
[dna] water wrote 83 bytes to ecology
[dna] water wrote 65 bytes to ecology
[dna] water wrote 38 bytes to ecology
[debug-onto] tick=400 corpus=141023 stage=2 freeze=0
[dna] water wrote 116 bytes to ecology
[dna] water wrote 31 bytes to ecology
[dna] water wrote 29 bytes to ecology
[dna] water wrote 67 bytes to ecology
[dna] water wrote 34 bytes to ecology
[dna] water wrote 47 bytes to ecology
[dna] water wrote 81 bytes to ecology
[dna] water wrote 57 bytes to ecology
[dna] water wrote 20 bytes to ecology
[dna] water wrote 26 bytes to ecology
[dna] water wrote 56 bytes to ecology
[dna] water wrote 60 bytes to ecology
[dna] water wrote 70 bytes to ecology
[dna] water wrote 52 bytes to ecology
[dna] water wrote 56 bytes to ecology
[dna] water wrote 49 bytes to ecology
[debug-onto] tick=450 corpus=141023 stage=2 freeze=0
[dna] water wrote 13 bytes to ecology
[dna] water wrote 34 bytes to ecology
[dna] water wrote 31 bytes to ecology
[dna] water wrote 34 bytes to ecology
[dna] water wrote 69 bytes to ecology
[dna] water wrote 73 bytes to ecology
[dna] water wrote 18 bytes to ecology
[dna] water wrote 70 bytes to ecology
[dna] water wrote 44 bytes to ecology
[dna] water wrote 79 bytes to ecology
[dna] water wrote 157 bytes to ecology
[dna] water wrote 85 bytes to ecology
[dna] water wrote 97 bytes to ecology
[dna] water wrote 64 bytes to ecology
[dna] water wrote 39 bytes to ecology
[dna] water wrote 22 bytes to ecology
[dna] water wrote 73 bytes to ecology
[debug-onto] tick=500 corpus=141023 stage=2 freeze=0
[dna] water wrote 79 bytes to ecology
[dna] water wrote 69 bytes to ecology
[dna] water wrote 33 bytes to ecology
[dna] water wrote 54 bytes to ecology
[dna] water wrote 68 bytes to ecology
[dna] water wrote 39 bytes to ecology
[dna] water wrote 53 bytes to ecology
[dna] water wrote 78 bytes to ecology
[dna] water wrote 149 bytes to ecology
[dna] water wrote 94 bytes to ecology
[dna] water wrote 45 bytes to ecology
[dna] water wrote 75 bytes to ecology
[dna] water wrote 12 bytes to ecology
[dna] water wrote 99 bytes to ecology
[dna] water wrote 49 bytes to ecology
[dna] water wrote 9 bytes to ecology
[dna] water wrote 10 bytes to ecology
[debug-onto] tick=550 corpus=141023 stage=2 freeze=0
[dna] water wrote 86 bytes to ecology
[dna] water wrote 99 bytes to ecology
[dna] water wrote 84 bytes to ecology
[dna] water wrote 57 bytes to ecology
[dna] water wrote 42 bytes to ecology
[dna] water wrote 25 bytes to ecology
[dna] water wrote 27 bytes to ecology
[dna] water wrote 74 bytes to ecology
[dna] water wrote 58 bytes to ecology
[dna] water wrote 101 bytes to ecology
[dna] water wrote 36 bytes to ecology
[dna] water wrote 40 bytes to ecology
[dna] water wrote 66 bytes to ecology
[dna] water wrote 43 bytes to ecology
[dna] water wrote 53 bytes to ecology
[dna] water wrote 71 bytes to ecology
[debug-onto] tick=600 corpus=141023 stage=2 freeze=0
[dna] water wrote 63 bytes to ecology
[dna] water wrote 32 bytes to ecology
[dna] water wrote 72 bytes to ecology
[dna] water wrote 44 bytes to ecology
[dna] water wrote 93 bytes to ecology
[dna] water wrote 84 bytes to ecology
[dna] water wrote 39 bytes to ecology
[dna] water wrote 33 bytes to ecology
[dna] water wrote 37 bytes to ecology
[dna] water wrote 10 bytes to ecology
[dna] water wrote 28 bytes to ecology
[dna] water wrote 87 bytes to ecology
[dna] water wrote 74 bytes to ecology
[dna] water wrote 80 bytes to ecology
[dna] water wrote 53 bytes to ecology
[dna] water wrote 20 bytes to ecology
[dna] water wrote 41 bytes to ecology
[debug-onto] tick=650 corpus=141023 stage=2 freeze=0
[dna] water wrote 94 bytes to ecology
[dna] water wrote 32 bytes to ecology

[evolution] Organism shutting down gracefully.
