[ecology] Element: air → corpus: nonames_air.txt
[evolution] Autonomous evolution mode — organism will grow through all stages without pause.
[ecology] Joined swarm. 1 peer(s) detected.
molequla is alive. [evolution] Autonomous mode — background trainer running. Ctrl+C to stop.
[dna] air wrote 90 bytes to ecology
[dna] air consumed 17434 bytes from 226 files: [earth/gen_1776837426_1.txt earth/gen_1776837433_4.txt earth/gen_1776837441_7.txt earth/gen_1776837448_10.txt earth/gen_1776837456_13.txt earth/gen_1776837464_16.txt earth/gen_1776837471_19.txt earth/gen_1776837479_22.txt earth/gen_1776837486_25.txt earth/gen_1776837494_28.txt earth/gen_1776837501_31.txt earth/gen_1776837509_34.txt earth/gen_1776837516_37.txt earth/gen_1776837524_40.txt earth/gen_1776837532_43.txt earth/gen_1776837539_46.txt earth/gen_1776837547_49.txt earth/gen_1776837554_52.txt earth/gen_1776837562_55.txt earth/gen_1776837569_58.txt earth/gen_1776837577_61.txt earth/gen_1776837585_64.txt earth/gen_1776837592_67.txt earth/gen_1776837600_70.txt earth/gen_1776837608_73.txt earth/gen_1776837615_76.txt earth/gen_1776837623_79.txt earth/gen_1776837630_82.txt earth/gen_1776837638_85.txt earth/gen_1776837646_88.txt earth/gen_1776837653_91.txt earth/gen_1776837661_94.txt earth/gen_1776837668_97.txt earth/gen_1776837676_100.txt earth/gen_1776837684_103.txt earth/gen_1776837691_106.txt earth/gen_1776837699_109.txt earth/gen_1776837706_112.txt earth/gen_1776837714_115.txt earth/gen_1776837721_118.txt earth/gen_1776837729_121.txt earth/gen_1776837736_124.txt earth/gen_1776837744_127.txt earth/gen_1776837759_133.txt earth/gen_1776837767_136.txt earth/gen_1776837774_139.txt earth/gen_1776837782_142.txt earth/gen_1776837790_145.txt earth/gen_1776837797_148.txt earth/gen_1776837805_151.txt earth/gen_1776837813_154.txt earth/gen_1776837820_157.txt earth/gen_1776837828_160.txt earth/gen_1776837843_166.txt earth/gen_1776837851_169.txt earth/gen_1776837858_172.txt earth/gen_1776837866_175.txt earth/gen_1776837873_178.txt earth/gen_1776837888_184.txt earth/gen_1776837896_187.txt earth/gen_1776837911_193.txt earth/gen_1776837919_196.txt earth/gen_1776837927_199.txt earth/gen_1776837935_202.txt earth/gen_1776837942_205.txt earth/gen_1776837950_208.txt earth/gen_1776837957_211.txt earth/gen_1776837965_214.txt earth/gen_1776837973_217.txt earth/gen_1776837980_220.txt earth/gen_1776837988_223.txt earth/gen_1776837996_226.txt earth/gen_1776838003_229.txt earth/gen_1776838011_232.txt earth/gen_1776838019_235.txt earth/gen_1776838026_238.txt earth/gen_1776838034_241.txt earth/gen_1776838042_244.txt earth/gen_1776838049_247.txt earth/gen_1776838057_250.txt earth/gen_1776838065_253.txt earth/gen_1776838072_256.txt earth/gen_1776838080_259.txt earth/gen_1776838088_262.txt earth/gen_1776838096_265.txt earth/gen_1776838103_268.txt earth/gen_1776838111_271.txt earth/gen_1776838119_274.txt earth/gen_1776838127_277.txt earth/gen_1776838134_280.txt earth/gen_1776838142_283.txt earth/gen_1776838149_286.txt earth/gen_1776838157_289.txt earth/gen_1776838165_292.txt earth/gen_1776838172_295.txt earth/gen_1776838180_298.txt earth/gen_1776838187_301.txt earth/gen_1776838195_304.txt earth/gen_1776838202_307.txt earth/gen_1776838210_310.txt earth/gen_1776838217_313.txt earth/gen_1776838225_316.txt earth/gen_1776838232_319.txt earth/gen_1776838240_322.txt earth/gen_1776838247_325.txt earth/gen_1776838255_328.txt earth/gen_1776838262_331.txt earth/gen_1776838270_334.txt earth/gen_1776838277_337.txt earth/gen_1776838285_340.txt earth/gen_1776838293_343.txt earth/gen_1776838300_346.txt earth/gen_1776838308_349.txt earth/gen_1776838316_352.txt earth/gen_1776838324_355.txt earth/gen_1776838331_358.txt earth/gen_1776838339_361.txt earth/gen_1776838347_364.txt earth/gen_1776838354_367.txt earth/gen_1776838362_370.txt earth/gen_1776838370_373.txt earth/gen_1776838385_379.txt earth/gen_1776838392_382.txt earth/gen_1776838400_385.txt earth/gen_1776838408_388.txt earth/gen_1776838415_391.txt earth/gen_1776838423_394.txt earth/gen_1776838430_397.txt earth/gen_1776838438_400.txt earth/gen_1776838445_403.txt earth/gen_1776838453_406.txt earth/gen_1776838460_409.txt earth/gen_1776838468_412.txt earth/gen_1776838475_415.txt earth/gen_1776838483_418.txt earth/gen_1776838491_421.txt earth/gen_1776838498_424.txt earth/gen_1776838506_427.txt earth/gen_1776838513_430.txt earth/gen_1776838521_433.txt earth/gen_1776838528_436.txt earth/gen_1776838536_439.txt earth/gen_1776838544_442.txt earth/gen_1776838551_445.txt earth/gen_1776838559_448.txt earth/gen_1776838566_451.txt earth/gen_1776838574_454.txt earth/gen_1776838582_457.txt earth/gen_1776838589_460.txt earth/gen_1776838597_463.txt earth/gen_1776838604_466.txt earth/gen_1776838612_469.txt earth/gen_1776838620_472.txt earth/gen_1776838627_475.txt earth/gen_1776838635_478.txt earth/gen_1776838642_481.txt earth/gen_1776838650_484.txt earth/gen_1776838657_487.txt earth/gen_1776838665_490.txt earth/gen_1776838672_493.txt earth/gen_1776838680_496.txt earth/gen_1776838688_499.txt earth/gen_1776838695_502.txt earth/gen_1776838703_505.txt earth/gen_1776838710_508.txt earth/gen_1776838718_511.txt earth/gen_1776838725_514.txt earth/gen_1776838733_517.txt earth/gen_1776838740_520.txt earth/gen_1776838748_523.txt earth/gen_1776838755_526.txt earth/gen_1776838763_529.txt earth/gen_1776838771_532.txt earth/gen_1776838778_535.txt earth/gen_1776838786_538.txt earth/gen_1776838793_541.txt earth/gen_1776838801_544.txt earth/gen_1776838808_547.txt earth/gen_1776838816_550.txt earth/gen_1776838824_553.txt earth/gen_1776838831_556.txt earth/gen_1776838839_559.txt earth/gen_1776838846_562.txt earth/gen_1776838854_565.txt earth/gen_1776838861_568.txt earth/gen_1776838869_571.txt earth/gen_1776838877_574.txt earth/gen_1776838884_577.txt earth/gen_1776838892_580.txt earth/gen_1776838899_583.txt earth/gen_1776838907_586.txt earth/gen_1776838914_589.txt earth/gen_1776838922_592.txt earth/gen_1776838937_598.txt earth/gen_1776838944_601.txt earth/gen_1776838960_607.txt earth/gen_1776838968_610.txt earth/gen_1776838976_613.txt earth/gen_1776838983_616.txt earth/gen_1776838991_619.txt earth/gen_1776838999_622.txt earth/gen_1776839007_625.txt earth/gen_1776839014_628.txt earth/gen_1776839022_631.txt earth/gen_1776839029_634.txt earth/gen_1776839037_637.txt earth/gen_1776839045_640.txt earth/gen_1776839052_643.txt earth/gen_1776839060_646.txt earth/gen_1776839067_649.txt earth/gen_1776839075_652.txt earth/gen_1776839083_655.txt earth/gen_1776839090_658.txt earth/gen_1776839098_661.txt earth/gen_1776839106_664.txt earth/gen_1776839113_667.txt earth/gen_1776839121_670.txt earth/gen_1776839128_673.txt earth/gen_1776839136_676.txt earth/gen_1776839144_679.txt earth/gen_1776839151_682.txt earth/gen_1776839159_685.txt earth/gen_1776839166_688.txt earth/gen_1776839174_691.txt earth/gen_1776839182_694.txt earth/gen_1776839189_697.txt]
[trainer] micro-train burst (17434 bytes, novelty 0.04) — and lo, it feeds again.
[syntropy] action=explore | trend=0.0000 | field_dev=0.083 | purpose_align=0.211 | lr_mul=1.30
[aml] burst complete: 32 steps, avg loss 2.6621 (memory freed)
[dna] air wrote 64 bytes to ecology
[dna] air wrote 38 bytes to ecology
[dna] air wrote 141 bytes to ecology
[dna] air wrote 163 bytes to ecology
[dna] air wrote 27 bytes to ecology
[dna] air wrote 42 bytes to ecology
[dna] air wrote 68 bytes to ecology
[dna] air wrote 62 bytes to ecology
[dna] air wrote 33 bytes to ecology
[dna] air wrote 45 bytes to ecology
[dna] air wrote 80 bytes to ecology
[dna] air wrote 128 bytes to ecology
[dna] air wrote 30 bytes to ecology
[dna] air wrote 27 bytes to ecology
[dna] air wrote 54 bytes to ecology
[dna] air wrote 53 bytes to ecology
[debug-onto] tick=50 corpus=139976 stage=2 freeze=0
[dna] air wrote 33 bytes to ecology
[dna] air wrote 94 bytes to ecology
[dna] air wrote 35 bytes to ecology
[dna] air wrote 120 bytes to ecology
[dna] air wrote 126 bytes to ecology
[dna] air wrote 44 bytes to ecology
[dna] air wrote 108 bytes to ecology
[dna] air wrote 51 bytes to ecology
[dna] air wrote 70 bytes to ecology
[dna] air wrote 59 bytes to ecology
[dna] air wrote 40 bytes to ecology
[dna] air wrote 8 bytes to ecology
[dna] air wrote 51 bytes to ecology
[dna] air wrote 164 bytes to ecology
[dna] air wrote 140 bytes to ecology
[dna] air wrote 89 bytes to ecology
[dna] air wrote 15 bytes to ecology
[debug-onto] tick=100 corpus=139976 stage=2 freeze=0
[dna] air wrote 97 bytes to ecology
[dna] air wrote 49 bytes to ecology
[dna] air wrote 50 bytes to ecology
[dna] air wrote 106 bytes to ecology
[dna] air wrote 112 bytes to ecology
[dna] air wrote 40 bytes to ecology
[dna] air wrote 95 bytes to ecology
[dna] air wrote 50 bytes to ecology
[dna] air wrote 126 bytes to ecology
[dna] air wrote 51 bytes to ecology
[dna] air wrote 42 bytes to ecology
[dna] air wrote 34 bytes to ecology
[dna] air wrote 80 bytes to ecology
[dna] air wrote 67 bytes to ecology
[dna] air wrote 50 bytes to ecology
[dna] air wrote 45 bytes to ecology
[debug-onto] tick=150 corpus=139976 stage=2 freeze=0
[dna] air wrote 49 bytes to ecology
[dna] air wrote 111 bytes to ecology
[dna] air wrote 47 bytes to ecology
[dna] air wrote 35 bytes to ecology
[dna] air wrote 78 bytes to ecology
[dna] air wrote 16 bytes to ecology
[dna] air wrote 42 bytes to ecology
[dna] air wrote 8 bytes to ecology
[dna] air wrote 157 bytes to ecology
[dna] air wrote 47 bytes to ecology
[dna] air wrote 133 bytes to ecology
[dna] air wrote 37 bytes to ecology
[dna] air wrote 141 bytes to ecology
[dna] air wrote 27 bytes to ecology
[dna] air wrote 235 bytes to ecology
[dna] air wrote 80 bytes to ecology
[dna] air wrote 93 bytes to ecology
[debug-onto] tick=200 corpus=139976 stage=2 freeze=0
[dna] air wrote 102 bytes to ecology
[dna] air wrote 29 bytes to ecology
[dna] air wrote 96 bytes to ecology
[dna] air wrote 42 bytes to ecology
[dna] air wrote 38 bytes to ecology
[dna] air wrote 54 bytes to ecology
[dna] air wrote 44 bytes to ecology
[dna] air wrote 43 bytes to ecology
[dna] air wrote 25 bytes to ecology
[dna] air wrote 70 bytes to ecology
[dna] air wrote 83 bytes to ecology
[dna] air wrote 46 bytes to ecology
[dna] air wrote 126 bytes to ecology
[dna] air wrote 35 bytes to ecology
[dna] air wrote 214 bytes to ecology
[dna] air wrote 104 bytes to ecology
[dna] air wrote 75 bytes to ecology
[debug-onto] tick=250 corpus=139976 stage=2 freeze=0
[dna] air wrote 68 bytes to ecology
[dna] air wrote 53 bytes to ecology
[dna] air wrote 59 bytes to ecology
[dna] air wrote 40 bytes to ecology
[dna] air wrote 10 bytes to ecology
[dna] air wrote 59 bytes to ecology
[dna] air wrote 34 bytes to ecology
[dna] air wrote 49 bytes to ecology
[dna] air wrote 40 bytes to ecology
[dna] air wrote 162 bytes to ecology
[dna] air wrote 123 bytes to ecology
[dna] air wrote 45 bytes to ecology
[dna] air wrote 123 bytes to ecology
[dna] air wrote 139 bytes to ecology
[dna] air wrote 34 bytes to ecology
[dna] air wrote 50 bytes to ecology
[debug-onto] tick=300 corpus=139976 stage=2 freeze=0
[dna] air wrote 43 bytes to ecology
[dna] air wrote 35 bytes to ecology
[dna] air wrote 27 bytes to ecology
[dna] air wrote 23 bytes to ecology
[dna] air wrote 34 bytes to ecology
[dna] air wrote 27 bytes to ecology
[dna] air wrote 105 bytes to ecology
[dna] air wrote 110 bytes to ecology
[dna] air wrote 65 bytes to ecology
[dna] air wrote 213 bytes to ecology
[dna] air wrote 217 bytes to ecology
[dna] air wrote 70 bytes to ecology
[dna] air wrote 93 bytes to ecology
[dna] air wrote 43 bytes to ecology
[dna] air wrote 49 bytes to ecology
[dna] air wrote 40 bytes to ecology
[dna] air wrote 67 bytes to ecology
[debug-onto] tick=350 corpus=139976 stage=2 freeze=0
[dna] air wrote 32 bytes to ecology
[dna] air wrote 30 bytes to ecology
[dna] air wrote 88 bytes to ecology
[dna] air wrote 45 bytes to ecology
[dna] air wrote 47 bytes to ecology
[dna] air wrote 49 bytes to ecology
[dna] air wrote 43 bytes to ecology
[dna] air wrote 61 bytes to ecology
[dna] air wrote 71 bytes to ecology
[dna] air wrote 67 bytes to ecology
[dna] air wrote 83 bytes to ecology
[dna] air wrote 114 bytes to ecology
[dna] air wrote 11 bytes to ecology
[dna] air wrote 26 bytes to ecology
[dna] air wrote 92 bytes to ecology
[dna] air wrote 16 bytes to ecology
[dna] air wrote 177 bytes to ecology
[debug-onto] tick=400 corpus=139976 stage=2 freeze=0
[dna] air wrote 38 bytes to ecology
[dna] air wrote 62 bytes to ecology
[dna] air wrote 44 bytes to ecology
[dna] air wrote 54 bytes to ecology
[dna] air wrote 48 bytes to ecology
[dna] air wrote 52 bytes to ecology
[dna] air wrote 86 bytes to ecology
[dna] air wrote 59 bytes to ecology
[dna] air wrote 52 bytes to ecology
[dna] air wrote 69 bytes to ecology
[dna] air wrote 40 bytes to ecology
[dna] air wrote 89 bytes to ecology
[dna] air wrote 110 bytes to ecology
[dna] air wrote 64 bytes to ecology
[dna] air wrote 47 bytes to ecology
[dna] air wrote 111 bytes to ecology
[debug-onto] tick=450 corpus=139976 stage=2 freeze=0
[dna] air wrote 45 bytes to ecology
[dna] air wrote 91 bytes to ecology
[dna] air wrote 38 bytes to ecology
[dna] air wrote 52 bytes to ecology
[dna] air wrote 179 bytes to ecology
[dna] air wrote 30 bytes to ecology
[dna] air wrote 59 bytes to ecology
[dna] air wrote 46 bytes to ecology
[dna] air wrote 106 bytes to ecology
[dna] air wrote 187 bytes to ecology
[dna] air wrote 63 bytes to ecology
[dna] air wrote 62 bytes to ecology
[dna] air wrote 95 bytes to ecology
[dna] air wrote 174 bytes to ecology
[dna] air wrote 103 bytes to ecology
[dna] air wrote 45 bytes to ecology
[dna] air wrote 184 bytes to ecology
[debug-onto] tick=500 corpus=139976 stage=2 freeze=0
[dna] air wrote 73 bytes to ecology
[dna] air wrote 50 bytes to ecology
[dna] air wrote 10 bytes to ecology
[dna] air wrote 45 bytes to ecology
[dna] air wrote 30 bytes to ecology
[dna] air wrote 264 bytes to ecology
[dna] air wrote 30 bytes to ecology
[dna] air wrote 52 bytes to ecology
[dna] air wrote 34 bytes to ecology
[dna] air wrote 48 bytes to ecology
[dna] air wrote 18 bytes to ecology
[dna] air wrote 160 bytes to ecology
[dna] air wrote 86 bytes to ecology
[dna] air wrote 176 bytes to ecology
[dna] air wrote 127 bytes to ecology
[dna] air wrote 57 bytes to ecology
[dna] air wrote 53 bytes to ecology
[debug-onto] tick=550 corpus=139976 stage=2 freeze=0
[dna] air wrote 35 bytes to ecology
[dna] air wrote 43 bytes to ecology
[dna] air wrote 58 bytes to ecology
[dna] air wrote 93 bytes to ecology
[dna] air wrote 13 bytes to ecology
[dna] air wrote 162 bytes to ecology
[dna] air wrote 98 bytes to ecology
[dna] air wrote 46 bytes to ecology
[dna] air wrote 51 bytes to ecology
[dna] air wrote 350 bytes to ecology
[dna] air wrote 30 bytes to ecology
[dna] air wrote 31 bytes to ecology
[dna] air wrote 132 bytes to ecology
[dna] air wrote 137 bytes to ecology
[dna] air wrote 43 bytes to ecology
[dna] air wrote 205 bytes to ecology
[debug-onto] tick=600 corpus=139976 stage=2 freeze=0
[dna] air wrote 26 bytes to ecology
[dna] air wrote 74 bytes to ecology
[dna] air wrote 61 bytes to ecology
[dna] air wrote 74 bytes to ecology
[dna] air wrote 134 bytes to ecology
[dna] air wrote 50 bytes to ecology
[dna] air wrote 15 bytes to ecology
[dna] air wrote 38 bytes to ecology
[dna] air wrote 13 bytes to ecology
[dna] air wrote 108 bytes to ecology
[dna] air wrote 23 bytes to ecology
[dna] air wrote 98 bytes to ecology
[dna] air wrote 33 bytes to ecology
[dna] air wrote 85 bytes to ecology
[dna] air wrote 87 bytes to ecology
[dna] air wrote 26 bytes to ecology
[dna] air wrote 54 bytes to ecology
[debug-onto] tick=650 corpus=139976 stage=2 freeze=0
[dna] air wrote 24 bytes to ecology
[dna] air wrote 29 bytes to ecology
[dna] air wrote 51 bytes to ecology
[dna] air wrote 84 bytes to ecology
[dna] air wrote 41 bytes to ecology
[dna] air wrote 23 bytes to ecology
[dna] air wrote 19 bytes to ecology
[dna] air wrote 29 bytes to ecology
[dna] air wrote 48 bytes to ecology
[dna] air wrote 46 bytes to ecology
[dna] air wrote 41 bytes to ecology
[dna] air wrote 33 bytes to ecology
[dna] air wrote 15 bytes to ecology
[dna] air wrote 100 bytes to ecology
[dna] air wrote 24 bytes to ecology
[dna] air wrote 111 bytes to ecology

[evolution] Organism shutting down gracefully.
