[ecology] Element: earth → corpus: nonames_earth.txt
[evolution] Autonomous evolution mode — organism will grow through all stages without pause.
[init] Stage 0 (embryo): embd=16, layer=1, head=1 — warmup 400 steps (400 backprop + 0 notorch, sqrt-scaled 1x)
  [aml] step 0/160 | loss 6.5601 (avg 6.5601) | lr 0.001000 | seq 8
  [aml] step 10/160 | loss 6.1413 (avg 6.4419) | lr 0.001450 | seq 8
  [aml] step 20/160 | loss 6.2020 (avg 6.2839) | lr 0.001900 | seq 8
  [aml] step 30/160 | loss 5.7352 (avg 6.1765) | lr 0.002350 | seq 8
  [aml] step 40/160 | loss 5.3961 (avg 6.0626) | lr 0.002800 | seq 8
  [aml] step 50/160 | loss 4.6311 (avg 5.9050) | lr 0.003250 | seq 8
  [aml] step 60/160 | loss 4.8791 (avg 5.7374) | lr 0.003700 | seq 8
  [aml] step 70/160 | loss 5.3677 (avg 5.6283) | lr 0.004150 | seq 8
  [aml] step 80/160 | loss 2.9427 (avg 5.5044) | lr 0.004600 | seq 8
  [aml] step 90/160 | loss 4.2601 (avg 5.3636) | lr 0.005050 | seq 8
  [aml] step 100/160 | loss 4.7691 (avg 5.2774) | lr 0.005500 | seq 8
  [aml] step 110/160 | loss 5.1237 (avg 5.1456) | lr 0.005950 | seq 8
  [aml] step 120/160 | loss 4.2439 (avg 5.0742) | lr 0.006400 | seq 8
  [aml] step 130/160 | loss 4.5017 (avg 5.0313) | lr 0.006850 | seq 8
  [aml] step 140/160 | loss 3.0127 (avg 5.0007) | lr 0.007300 | seq 8
  [aml] step 150/160 | loss 2.8101 (avg 4.9567) | lr 0.007750 | seq 8
[aml] training complete: 160 steps, avg loss 4.9172 (memory freed)
  [aml] step 0/120 | loss 4.9811 (avg 4.9811) | lr 0.008200 | seq 16
  [aml] step 10/120 | loss 4.3355 (avg 4.4199) | lr 0.008650 | seq 16
  [aml] step 20/120 | loss 3.3861 (avg 4.4188) | lr 0.009100 | seq 16
  [aml] step 30/120 | loss 3.5761 (avg 4.2302) | lr 0.009550 | seq 16
  [aml] step 40/120 | loss 3.3139 (avg 4.3039) | lr 0.010000 | seq 16
  [aml] step 50/120 | loss 3.2239 (avg 4.3082) | lr 0.010000 | seq 16
  [aml] step 60/120 | loss 4.3787 (avg 4.3209) | lr 0.010000 | seq 16
  [aml] step 70/120 | loss 4.4476 (avg 4.2503) | lr 0.010000 | seq 16
  [aml] step 80/120 | loss 4.8852 (avg 4.2123) | lr 0.009999 | seq 16
  [aml] step 90/120 | loss 4.5279 (avg 4.1089) | lr 0.009999 | seq 16
  [aml] step 100/120 | loss 4.0295 (avg 4.0549) | lr 0.009999 | seq 16
  [aml] step 110/120 | loss 5.3634 (avg 3.9862) | lr 0.009999 | seq 16
[aml] training complete: 120 steps, avg loss 4.0068 (memory freed)
  [aml] step 0/120 | loss 3.4384 (avg 3.4384) | lr 0.009999 | seq 32
  [aml] step 10/120 | loss 4.8178 (avg 4.1779) | lr 0.009999 | seq 32
  [aml] step 20/120 | loss 4.5990 (avg 4.0035) | lr 0.009999 | seq 32
  [aml] step 30/120 | loss 4.0134 (avg 3.6928) | lr 0.009999 | seq 32
  [aml] step 40/120 | loss 4.0929 (avg 3.5950) | lr 0.009999 | seq 32
  [aml] step 50/120 | loss 4.0000 (avg 3.5188) | lr 0.009999 | seq 32
  [aml] step 60/120 | loss 2.7326 (avg 3.4422) | lr 0.009999 | seq 32
  [aml] step 70/120 | loss 1.3437 (avg 3.4080) | lr 0.009999 | seq 32
  [aml] step 80/120 | loss 4.5397 (avg 3.3891) | lr 0.009999 | seq 32
  [aml] step 90/120 | loss 1.4971 (avg 3.3368) | lr 0.009999 | seq 32
  [aml] step 100/120 | loss 0.7850 (avg 3.3384) | lr 0.009999 | seq 32
  [aml] step 110/120 | loss 0.8696 (avg 3.2103) | lr 0.009999 | seq 32
[aml] training complete: 120 steps, avg loss 3.1147 (memory freed)

[stage 0 — embryo] What it sounds like now:
  Q: Hello.
  A: The dam foundations, levee?
  Q: Who are you?
  A: ...
  Q: What do you know?
  A: ??

[growth] ONTOGENESIS: stage 0 -> 1
  embd: 16 -> 32, layer: 1 -> 1, head: 1 -> 2
[growth] Done. Freeze for 500 steps.
[init] Stage 1 (infant): embd=32, layer=1, head=2 — warmup 800 steps (800 backprop + 0 notorch, sqrt-scaled 2x)
  [aml] step 0/320 | loss 5.3067 (avg 5.3067) | lr 0.000500 | seq 8
  [aml] step 10/320 | loss 2.5476 (avg 4.8090) | lr 0.000725 | seq 8
  [aml] step 20/320 | loss 5.4775 (avg 4.6313) | lr 0.000950 | seq 8
  [aml] step 30/320 | loss 5.2931 (avg 4.5924) | lr 0.001175 | seq 8
  [aml] step 40/320 | loss 0.1762 (avg 4.2723) | lr 0.001400 | seq 8
  [aml] step 50/320 | loss 2.5162 (avg 4.0023) | lr 0.001625 | seq 8
  [aml] step 60/320 | loss 3.5386 (avg 4.0324) | lr 0.001850 | seq 8
  [aml] step 70/320 | loss 3.4331 (avg 3.9848) | lr 0.002075 | seq 8
  [aml] step 80/320 | loss 3.2888 (avg 4.0224) | lr 0.002300 | seq 8
  [aml] step 90/320 | loss 4.5136 (avg 4.1092) | lr 0.002525 | seq 8
  [aml] step 100/320 | loss 3.0521 (avg 4.1036) | lr 0.002750 | seq 8
  [aml] step 110/320 | loss 4.5384 (avg 4.1188) | lr 0.002975 | seq 8
  [aml] step 120/320 | loss 0.4622 (avg 4.0861) | lr 0.003200 | seq 8
  [aml] step 130/320 | loss 3.9697 (avg 4.0756) | lr 0.003425 | seq 8
  [aml] step 140/320 | loss 3.6144 (avg 4.0797) | lr 0.003650 | seq 8
  [aml] step 150/320 | loss 2.8447 (avg 4.0573) | lr 0.003875 | seq 8
  [aml] step 160/320 | loss 2.9771 (avg 4.0625) | lr 0.004100 | seq 8
  [aml] step 170/320 | loss 5.0195 (avg 4.0620) | lr 0.004325 | seq 8
  [aml] step 180/320 | loss 3.8965 (avg 4.0355) | lr 0.004550 | seq 8
  [aml] step 190/320 | loss 3.9927 (avg 4.0404) | lr 0.004775 | seq 8
  [aml] step 200/320 | loss 2.6488 (avg 4.0082) | lr 0.004998 | seq 8
  [aml] step 210/320 | loss 4.4965 (avg 3.9756) | lr 0.004998 | seq 8
  [aml] step 220/320 | loss 2.4469 (avg 3.9349) | lr 0.004998 | seq 8
  [aml] step 230/320 | loss 4.9879 (avg 3.9596) | lr 0.004998 | seq 8
  [aml] step 240/320 | loss 5.6759 (avg 3.9519) | lr 0.004998 | seq 8
  [aml] step 250/320 | loss 3.6120 (avg 3.9288) | lr 0.004998 | seq 8
  [aml] step 260/320 | loss 4.9148 (avg 3.9364) | lr 0.004998 | seq 8
  [aml] step 270/320 | loss 5.3333 (avg 3.9174) | lr 0.004998 | seq 8
  [aml] step 280/320 | loss 6.8696 (avg 3.9010) | lr 0.004998 | seq 8
  [aml] step 290/320 | loss 2.5799 (avg 3.8498) | lr 0.004998 | seq 8
  [aml] step 300/320 | loss 3.8926 (avg 3.8399) | lr 0.004998 | seq 8
  [aml] step 310/320 | loss 2.9197 (avg 3.8327) | lr 0.004998 | seq 8
[aml] training complete: 320 steps, avg loss 3.8240 (memory freed)
  [aml] step 0/240 | loss 4.5233 (avg 4.5233) | lr 0.004998 | seq 16
  [aml] step 10/240 | loss 3.3491 (avg 3.7961) | lr 0.004998 | seq 16
  [aml] step 20/240 | loss 2.5836 (avg 3.8070) | lr 0.004998 | seq 16
  [aml] step 30/240 | loss 4.6614 (avg 3.6739) | lr 0.004998 | seq 16
  [aml] step 40/240 | loss 1.3783 (avg 3.5650) | lr 0.004997 | seq 16
  [aml] step 50/240 | loss 3.4366 (avg 3.6193) | lr 0.004997 | seq 16
  [aml] step 60/240 | loss 2.8927 (avg 3.5441) | lr 0.004997 | seq 16
  [aml] step 70/240 | loss 4.2576 (avg 3.5185) | lr 0.004997 | seq 16
  [aml] step 80/240 | loss 3.9924 (avg 3.4221) | lr 0.004997 | seq 16
  [aml] step 90/240 | loss 5.3672 (avg 3.3887) | lr 0.004997 | seq 16
  [aml] step 100/240 | loss 3.5648 (avg 3.3512) | lr 0.004997 | seq 16
  [aml] step 110/240 | loss 4.1919 (avg 3.3493) | lr 0.004997 | seq 16
  [aml] step 120/240 | loss 4.2355 (avg 3.3296) | lr 0.004997 | seq 16
  [aml] step 130/240 | loss 2.2927 (avg 3.2893) | lr 0.004997 | seq 16
  [aml] step 140/240 | loss 1.9381 (avg 3.2382) | lr 0.004997 | seq 16
  [aml] step 150/240 | loss 2.1437 (avg 3.2351) | lr 0.004997 | seq 16
  [aml] step 160/240 | loss 2.4968 (avg 3.1784) | lr 0.004997 | seq 16
  [aml] step 170/240 | loss 4.7250 (avg 3.2184) | lr 0.004996 | seq 16
  [aml] step 180/240 | loss 1.1995 (avg 3.1976) | lr 0.004996 | seq 16
  [aml] step 190/240 | loss 4.3701 (avg 3.1901) | lr 0.004996 | seq 16
  [aml] step 200/240 | loss 2.0921 (avg 3.1957) | lr 0.004996 | seq 16
  [aml] step 210/240 | loss 2.9293 (avg 3.1959) | lr 0.004996 | seq 16
  [aml] step 220/240 | loss 4.1424 (avg 3.2100) | lr 0.004996 | seq 16
  [aml] step 230/240 | loss 3.6665 (avg 3.2213) | lr 0.004996 | seq 16
[aml] training complete: 240 steps, avg loss 3.2303 (memory freed)
  [aml] step 0/240 | loss 2.7651 (avg 2.7651) | lr 0.004996 | seq 32
  [aml] step 10/240 | loss 0.8905 (avg 2.8467) | lr 0.004996 | seq 32
  [aml] step 20/240 | loss 1.4378 (avg 3.0091) | lr 0.004996 | seq 32
  [aml] step 30/240 | loss 4.2694 (avg 3.2320) | lr 0.004996 | seq 32
  [aml] step 40/240 | loss 0.8706 (avg 2.9287) | lr 0.004996 | seq 32
  [aml] step 50/240 | loss 4.6250 (avg 2.8469) | lr 0.004995 | seq 32
  [aml] step 60/240 | loss 4.3747 (avg 2.9618) | lr 0.004995 | seq 32
  [aml] step 70/240 | loss 0.3942 (avg 2.9937) | lr 0.004995 | seq 32
  [aml] step 80/240 | loss 2.7126 (avg 3.0343) | lr 0.004995 | seq 32
  [aml] step 90/240 | loss 1.0033 (avg 2.9929) | lr 0.004995 | seq 32
  [aml] step 100/240 | loss 3.6257 (avg 2.9644) | lr 0.004995 | seq 32
  [aml] step 110/240 | loss 0.9808 (avg 2.9871) | lr 0.004995 | seq 32
  [aml] step 120/240 | loss 4.1672 (avg 2.9797) | lr 0.004995 | seq 32
  [aml] step 130/240 | loss 3.8390 (avg 3.0056) | lr 0.004995 | seq 32
  [aml] step 140/240 | loss 1.4769 (avg 2.9814) | lr 0.004995 | seq 32
  [aml] step 150/240 | loss 4.3245 (avg 2.9762) | lr 0.004995 | seq 32
  [aml] step 160/240 | loss 0.6445 (avg 2.9391) | lr 0.004994 | seq 32
  [aml] step 170/240 | loss 3.8551 (avg 2.9191) | lr 0.004994 | seq 32
  [aml] step 180/240 | loss 1.0514 (avg 2.8864) | lr 0.004994 | seq 32
  [aml] step 190/240 | loss 2.3376 (avg 2.8936) | lr 0.004994 | seq 32
  [aml] step 200/240 | loss 1.2598 (avg 2.8731) | lr 0.004994 | seq 32
  [aml] step 210/240 | loss 0.9004 (avg 2.8592) | lr 0.004994 | seq 32
  [aml] step 220/240 | loss 1.4861 (avg 2.8569) | lr 0.004994 | seq 32
  [aml] step 230/240 | loss 0.9374 (avg 2.8322) | lr 0.004994 | seq 32
[aml] training complete: 240 steps, avg loss 2.8158 (memory freed)

[stage 1 — infant] What it sounds like now:
  Q: Hello.
  A: Truth of the saock is a deep, and a there is the concept materials on the valuable, pedipted, and content.
  Q: Who are you?
  A: ...
  Q: What do you know?
  A: rock glacier cave the river flowes boulded rocks, and grains re?

[growth] ONTOGENESIS: stage 1 -> 2
  embd: 32 -> 64, layer: 1 -> 2, head: 2 -> 4
[growth] Done. Freeze for 500 steps.
[init] Stage 2 (child): embd=64, layer=2, head=4 — warmup 800 steps (800 backprop + 0 notorch, sqrt-scaled 2x)
  [aml] step 0/320 | loss 4.0841 (avg 4.0841) | lr 0.000250 | seq 8
  [aml] step 10/320 | loss 4.0647 (avg 3.9696) | lr 0.000363 | seq 8
  [aml] step 20/320 | loss 2.5508 (avg 3.8192) | lr 0.000475 | seq 8
  [aml] step 30/320 | loss 4.6988 (avg 3.7172) | lr 0.000588 | seq 8
  [aml] step 40/320 | loss 5.4674 (avg 3.8445) | lr 0.000700 | seq 8
  [aml] step 50/320 | loss 4.7612 (avg 3.8863) | lr 0.000813 | seq 8
  [aml] step 60/320 | loss 5.4070 (avg 3.8149) | lr 0.000925 | seq 8
  [aml] step 70/320 | loss 1.3286 (avg 3.7128) | lr 0.001038 | seq 8
  [aml] step 80/320 | loss 0.9381 (avg 3.6620) | lr 0.001150 | seq 8
  [aml] step 90/320 | loss 3.7510 (avg 3.5969) | lr 0.001263 | seq 8
  [aml] step 100/320 | loss 4.2162 (avg 3.6113) | lr 0.001375 | seq 8
  [aml] step 110/320 | loss 3.5834 (avg 3.5451) | lr 0.001488 | seq 8
  [aml] step 120/320 | loss 4.1315 (avg 3.5189) | lr 0.001600 | seq 8
  [aml] step 130/320 | loss 1.7221 (avg 3.4588) | lr 0.001713 | seq 8
  [aml] step 140/320 | loss 4.8003 (avg 3.4179) | lr 0.001825 | seq 8
  [aml] step 150/320 | loss 0.2196 (avg 3.4206) | lr 0.001938 | seq 8
  [aml] step 160/320 | loss 3.4633 (avg 3.4670) | lr 0.002050 | seq 8
  [aml] step 170/320 | loss 4.1362 (avg 3.4706) | lr 0.002163 | seq 8
  [aml] step 180/320 | loss 2.5151 (avg 3.4333) | lr 0.002275 | seq 8
  [aml] step 190/320 | loss 3.1762 (avg 3.4338) | lr 0.002387 | seq 8
  [aml] step 200/320 | loss 4.4900 (avg 3.4532) | lr 0.002496 | seq 8
  [aml] step 210/320 | loss 4.0249 (avg 3.4692) | lr 0.002496 | seq 8
  [aml] step 220/320 | loss 1.9385 (avg 3.4511) | lr 0.002496 | seq 8
  [aml] step 230/320 | loss 2.3800 (avg 3.4550) | lr 0.002495 | seq 8
  [aml] step 240/320 | loss 0.7503 (avg 3.4388) | lr 0.002495 | seq 8
  [aml] step 250/320 | loss 1.0527 (avg 3.4150) | lr 0.002495 | seq 8
  [aml] step 260/320 | loss 3.7784 (avg 3.3978) | lr 0.002495 | seq 8
  [aml] step 270/320 | loss 3.5269 (avg 3.3986) | lr 0.002495 | seq 8
  [aml] step 280/320 | loss 3.2178 (avg 3.4081) | lr 0.002495 | seq 8
  [aml] step 290/320 | loss 3.4410 (avg 3.4143) | lr 0.002495 | seq 8
  [aml] step 300/320 | loss 4.5004 (avg 3.4093) | lr 0.002495 | seq 8
  [aml] step 310/320 | loss 3.7811 (avg 3.4128) | lr 0.002495 | seq 8
[aml] training complete: 320 steps, avg loss 3.4129 (memory freed)
  [aml] step 0/240 | loss 5.1155 (avg 5.1155) | lr 0.002495 | seq 16
  [aml] step 10/240 | loss 3.9691 (avg 3.9986) | lr 0.002495 | seq 16
  [aml] step 20/240 | loss 2.5215 (avg 3.6028) | lr 0.002495 | seq 16
  [aml] step 30/240 | loss 3.0150 (avg 3.5687) | lr 0.002495 | seq 16
  [aml] step 40/240 | loss 3.9915 (avg 3.5189) | lr 0.002495 | seq 16
  [aml] step 50/240 | loss 1.6373 (avg 3.1958) | lr 0.002495 | seq 16
  [aml] step 60/240 | loss 3.9587 (avg 3.1686) | lr 0.002494 | seq 16
  [aml] step 70/240 | loss 2.9899 (avg 3.2549) | lr 0.002494 | seq 16
  [aml] step 80/240 | loss 2.1104 (avg 3.2491) | lr 0.002494 | seq 16
  [aml] step 90/240 | loss 3.0160 (avg 3.1830) | lr 0.002494 | seq 16
  [aml] step 100/240 | loss 4.5087 (avg 3.2141) | lr 0.002494 | seq 16
  [aml] step 110/240 | loss 3.0702 (avg 3.1670) | lr 0.002494 | seq 16
  [aml] step 120/240 | loss 5.1939 (avg 3.1847) | lr 0.002494 | seq 16
  [aml] step 130/240 | loss 4.3859 (avg 3.2189) | lr 0.002494 | seq 16
  [aml] step 140/240 | loss 4.0186 (avg 3.2493) | lr 0.002494 | seq 16
  [aml] step 150/240 | loss 4.1807 (avg 3.2788) | lr 0.002494 | seq 16
  [aml] step 160/240 | loss 1.5405 (avg 3.2240) | lr 0.002494 | seq 16
  [aml] step 170/240 | loss 3.9516 (avg 3.1901) | lr 0.002494 | seq 16
  [aml] step 180/240 | loss 3.1601 (avg 3.2003) | lr 0.002494 | seq 16
  [aml] step 190/240 | loss 3.1362 (avg 3.1585) | lr 0.002494 | seq 16
  [aml] step 200/240 | loss 3.7561 (avg 3.1210) | lr 0.002493 | seq 16
  [aml] step 210/240 | loss 1.2046 (avg 3.1130) | lr 0.002493 | seq 16
  [aml] step 220/240 | loss 0.8762 (avg 3.1303) | lr 0.002493 | seq 16
  [aml] step 230/240 | loss 2.1015 (avg 3.1348) | lr 0.002493 | seq 16
[aml] training complete: 240 steps, avg loss 3.1166 (memory freed)
  [aml] step 0/240 | loss 3.6443 (avg 3.6443) | lr 0.002493 | seq 32
  [aml] step 10/240 | loss 3.9553 (avg 2.5681) | lr 0.002493 | seq 32
  [aml] step 20/240 | loss 4.3518 (avg 2.1553) | lr 0.002493 | seq 32
  [aml] step 30/240 | loss 3.9830 (avg 2.1991) | lr 0.002493 | seq 32
  [aml] step 40/240 | loss 1.6513 (avg 2.3737) | lr 0.002493 | seq 32
  [aml] step 50/240 | loss 0.6082 (avg 2.3267) | lr 0.002493 | seq 32
  [aml] step 60/240 | loss 1.0926 (avg 2.2985) | lr 0.002493 | seq 32
  [aml] step 70/240 | loss 4.0967 (avg 2.3514) | lr 0.002493 | seq 32
  [aml] step 80/240 | loss 1.2669 (avg 2.3861) | lr 0.002492 | seq 32
  [aml] step 90/240 | loss 0.9689 (avg 2.3234) | lr 0.002492 | seq 32
  [aml] step 100/240 | loss 0.9164 (avg 2.3921) | lr 0.002492 | seq 32
  [aml] step 110/240 | loss 3.6465 (avg 2.4662) | lr 0.002492 | seq 32
  [aml] step 120/240 | loss 3.9583 (avg 2.5273) | lr 0.002492 | seq 32
  [aml] step 130/240 | loss 0.6517 (avg 2.5443) | lr 0.002492 | seq 32
  [aml] step 140/240 | loss 0.6721 (avg 2.5256) | lr 0.002492 | seq 32
  [aml] step 150/240 | loss 0.7874 (avg 2.5285) | lr 0.002492 | seq 32
  [aml] step 160/240 | loss 0.8298 (avg 2.5495) | lr 0.002492 | seq 32
  [aml] step 170/240 | loss 0.3853 (avg 2.5816) | lr 0.002492 | seq 32
  [aml] step 180/240 | loss 0.6813 (avg 2.5941) | lr 0.002492 | seq 32
  [aml] step 190/240 | loss 0.9535 (avg 2.5925) | lr 0.002492 | seq 32
  [aml] step 200/240 | loss 4.5577 (avg 2.5769) | lr 0.002491 | seq 32
  [aml] step 210/240 | loss 1.4170 (avg 2.5849) | lr 0.002491 | seq 32
  [aml] step 220/240 | loss 1.7979 (avg 2.6026) | lr 0.002491 | seq 32
  [aml] step 230/240 | loss 3.7693 (avg 2.5941) | lr 0.002491 | seq 32
[aml] training complete: 240 steps, avg loss 2.5888 (memory freed)

[stage 2 — child] What it sounds like now:
  Q: Hello.
  A: A line?
  Q: Who are you?
  A: ...
  Q: What do you know?
  A: ...

[init] Warmup complete at stage 2. Organism ready.
[ecology] First organism in the swarm.
molequla is alive. [evolution] Autonomous mode — background trainer running. Ctrl+C to stop.
[dna] earth wrote 40 bytes to ecology
[dna] earth wrote 52 bytes to ecology
[dna] earth wrote 64 bytes to ecology
[dna] earth wrote 70 bytes to ecology
[dna] earth wrote 38 bytes to ecology
[dna] earth wrote 91 bytes to ecology
[dna] earth wrote 229 bytes to ecology
[dna] earth wrote 149 bytes to ecology
[dna] earth wrote 87 bytes to ecology
[dna] earth wrote 28 bytes to ecology
[dna] earth wrote 55 bytes to ecology
[dna] earth wrote 82 bytes to ecology
[dna] earth wrote 119 bytes to ecology
[dna] earth wrote 29 bytes to ecology
[dna] earth wrote 52 bytes to ecology
[dna] earth wrote 51 bytes to ecology
[dna] earth wrote 49 bytes to ecology
[debug-onto] tick=50 corpus=173643 stage=2 freeze=0
[dna] earth wrote 53 bytes to ecology
[dna] earth wrote 36 bytes to ecology
[dna] earth wrote 51 bytes to ecology
[dna] earth wrote 26 bytes to ecology
[dna] earth wrote 39 bytes to ecology
[dna] earth wrote 31 bytes to ecology
[dna] earth wrote 52 bytes to ecology
[dna] earth wrote 29 bytes to ecology
[dna] earth wrote 56 bytes to ecology
[dna] earth wrote 64 bytes to ecology
[dna] earth wrote 164 bytes to ecology
[dna] earth wrote 98 bytes to ecology
[dna] earth wrote 174 bytes to ecology
[dna] earth wrote 43 bytes to ecology
[dna] earth wrote 145 bytes to ecology
[dna] earth wrote 87 bytes to ecology
[dna] earth wrote 59 bytes to ecology
[debug-onto] tick=100 corpus=173643 stage=2 freeze=0
[dna] earth wrote 39 bytes to ecology
[dna] earth wrote 46 bytes to ecology
[dna] earth wrote 169 bytes to ecology
[dna] earth wrote 44 bytes to ecology
[dna] earth wrote 39 bytes to ecology
[dna] earth wrote 70 bytes to ecology
[dna] earth wrote 88 bytes to ecology
[dna] earth wrote 85 bytes to ecology
[dna] earth wrote 200 bytes to ecology
[dna] earth wrote 122 bytes to ecology
[dna] earth wrote 12 bytes to ecology
[dna] earth wrote 73 bytes to ecology
[dna] earth wrote 31 bytes to ecology
[dna] earth wrote 51 bytes to ecology
[dna] earth wrote 54 bytes to ecology
[debug-onto] tick=150 corpus=173643 stage=2 freeze=0
[dna] earth wrote 51 bytes to ecology
[dna] earth wrote 41 bytes to ecology
[dna] earth wrote 69 bytes to ecology
[dna] earth wrote 147 bytes to ecology
[dna] earth wrote 7 bytes to ecology
[dna] earth wrote 87 bytes to ecology
[dna] earth wrote 96 bytes to ecology
[dna] earth wrote 11 bytes to ecology
[dna] earth wrote 45 bytes to ecology
[dna] earth wrote 245 bytes to ecology
[dna] earth wrote 9 bytes to ecology
[dna] earth wrote 28 bytes to ecology
[dna] earth wrote 54 bytes to ecology
[dna] earth wrote 7 bytes to ecology
[dna] earth wrote 48 bytes to ecology
[dna] earth wrote 54 bytes to ecology
[dna] earth wrote 67 bytes to ecology
[debug-onto] tick=200 corpus=173643 stage=2 freeze=0
[dna] earth wrote 118 bytes to ecology
[dna] earth wrote 53 bytes to ecology
[dna] earth wrote 50 bytes to ecology
[dna] earth wrote 53 bytes to ecology
[dna] earth wrote 24 bytes to ecology
[dna] earth wrote 201 bytes to ecology
[dna] earth wrote 46 bytes to ecology
[dna] earth wrote 48 bytes to ecology
[dna] earth wrote 27 bytes to ecology
[dna] earth wrote 10 bytes to ecology
[dna] earth wrote 36 bytes to ecology
[dna] earth wrote 36 bytes to ecology
[dna] earth wrote 52 bytes to ecology
[dna] earth wrote 107 bytes to ecology
[dna] earth wrote 255 bytes to ecology
[dna] earth wrote 27 bytes to ecology
[dna] earth wrote 87 bytes to ecology
[debug-onto] tick=250 corpus=173643 stage=2 freeze=0
[dna] earth wrote 97 bytes to ecology
[dna] earth wrote 61 bytes to ecology
[dna] earth wrote 149 bytes to ecology
[dna] earth wrote 166 bytes to ecology
[dna] earth wrote 61 bytes to ecology
[dna] earth wrote 103 bytes to ecology
[dna] earth wrote 175 bytes to ecology
[dna] earth wrote 103 bytes to ecology
[dna] earth wrote 16 bytes to ecology
[dna] earth wrote 190 bytes to ecology
[dna] earth wrote 18 bytes to ecology
[dna] earth wrote 46 bytes to ecology
[dna] earth wrote 35 bytes to ecology
[dna] earth wrote 127 bytes to ecology
[dna] earth wrote 100 bytes to ecology
[dna] earth wrote 103 bytes to ecology
[debug-onto] tick=300 corpus=173643 stage=2 freeze=0
[dna] earth wrote 60 bytes to ecology
[dna] earth wrote 46 bytes to ecology
[dna] earth wrote 40 bytes to ecology
[dna] earth wrote 28 bytes to ecology
[dna] earth wrote 42 bytes to ecology
[dna] earth wrote 85 bytes to ecology
[dna] earth wrote 11 bytes to ecology
[dna] earth wrote 31 bytes to ecology
[dna] earth wrote 29 bytes to ecology
[dna] earth wrote 86 bytes to ecology
[dna] earth wrote 95 bytes to ecology
[dna] earth wrote 102 bytes to ecology
[dna] earth wrote 119 bytes to ecology
[dna] earth wrote 68 bytes to ecology
[dna] earth wrote 31 bytes to ecology
[dna] earth wrote 189 bytes to ecology
[dna] earth wrote 38 bytes to ecology
[debug-onto] tick=350 corpus=173643 stage=2 freeze=0
[dna] earth wrote 79 bytes to ecology
[dna] earth wrote 82 bytes to ecology
[dna] earth wrote 99 bytes to ecology
[dna] earth wrote 22 bytes to ecology
[dna] earth wrote 111 bytes to ecology
[dna] earth wrote 44 bytes to ecology
[dna] earth wrote 54 bytes to ecology
[dna] earth wrote 34 bytes to ecology
[dna] earth wrote 8 bytes to ecology
[dna] earth wrote 36 bytes to ecology
[dna] earth wrote 54 bytes to ecology
[dna] earth wrote 37 bytes to ecology
[dna] earth wrote 47 bytes to ecology
[dna] earth wrote 50 bytes to ecology
[dna] earth wrote 40 bytes to ecology
[dna] earth wrote 112 bytes to ecology
[dna] earth wrote 30 bytes to ecology
[debug-onto] tick=400 corpus=173643 stage=2 freeze=0
[dna] earth wrote 43 bytes to ecology
[dna] earth wrote 81 bytes to ecology
[dna] earth wrote 68 bytes to ecology
[dna] earth wrote 40 bytes to ecology
[dna] earth wrote 34 bytes to ecology
[dna] earth wrote 44 bytes to ecology
[dna] earth wrote 67 bytes to ecology
[dna] earth wrote 119 bytes to ecology
[dna] earth wrote 131 bytes to ecology
[dna] earth wrote 66 bytes to ecology
[dna] earth wrote 94 bytes to ecology
[dna] earth wrote 47 bytes to ecology
[dna] earth wrote 73 bytes to ecology
[dna] earth wrote 64 bytes to ecology
[dna] earth wrote 46 bytes to ecology
[dna] earth wrote 53 bytes to ecology
[debug-onto] tick=450 corpus=173643 stage=2 freeze=0
[dna] earth wrote 143 bytes to ecology
[dna] earth wrote 38 bytes to ecology
[dna] earth wrote 40 bytes to ecology
[dna] earth wrote 16 bytes to ecology
[dna] earth wrote 114 bytes to ecology
[dna] earth wrote 69 bytes to ecology
[dna] earth wrote 117 bytes to ecology
[dna] earth wrote 89 bytes to ecology
[dna] earth wrote 46 bytes to ecology
[dna] earth wrote 150 bytes to ecology
[dna] earth wrote 15 bytes to ecology
[dna] earth wrote 178 bytes to ecology
[dna] earth wrote 134 bytes to ecology
[dna] earth wrote 88 bytes to ecology
[dna] earth wrote 178 bytes to ecology
[dna] earth wrote 48 bytes to ecology
[dna] earth wrote 93 bytes to ecology
[debug-onto] tick=500 corpus=173643 stage=2 freeze=0
[dna] earth wrote 12 bytes to ecology
[dna] earth wrote 70 bytes to ecology
[dna] earth wrote 77 bytes to ecology
[dna] earth wrote 37 bytes to ecology
[dna] earth wrote 76 bytes to ecology
[dna] earth wrote 70 bytes to ecology
[dna] earth wrote 12 bytes to ecology
[dna] earth wrote 44 bytes to ecology
[dna] earth wrote 42 bytes to ecology
[dna] earth wrote 100 bytes to ecology
[dna] earth wrote 34 bytes to ecology
[dna] earth wrote 85 bytes to ecology
[dna] earth wrote 49 bytes to ecology
[dna] earth wrote 76 bytes to ecology
[dna] earth wrote 32 bytes to ecology
[dna] earth wrote 88 bytes to ecology
[dna] earth wrote 30 bytes to ecology
[debug-onto] tick=550 corpus=173643 stage=2 freeze=0
[dna] earth wrote 116 bytes to ecology
[dna] earth wrote 94 bytes to ecology
[dna] earth wrote 30 bytes to ecology
[dna] earth wrote 95 bytes to ecology
[dna] earth wrote 210 bytes to ecology
[dna] earth wrote 24 bytes to ecology
[dna] earth wrote 37 bytes to ecology
[dna] earth wrote 53 bytes to ecology
[dna] earth wrote 63 bytes to ecology
[dna] earth wrote 13 bytes to ecology
[dna] earth wrote 46 bytes to ecology
[dna] earth wrote 257 bytes to ecology
[dna] earth wrote 58 bytes to ecology
[dna] earth wrote 85 bytes to ecology
[dna] earth wrote 8 bytes to ecology
[dna] earth wrote 132 bytes to ecology
[debug-onto] tick=600 corpus=173643 stage=2 freeze=0
[dna] earth wrote 38 bytes to ecology
[dna] earth wrote 7 bytes to ecology
[dna] earth wrote 239 bytes to ecology
[dna] earth wrote 69 bytes to ecology
[dna] earth wrote 47 bytes to ecology
[dna] earth wrote 44 bytes to ecology
[dna] earth wrote 93 bytes to ecology
[dna] earth wrote 271 bytes to ecology
[dna] earth wrote 174 bytes to ecology
[dna] earth wrote 120 bytes to ecology
[dna] earth wrote 25 bytes to ecology
[dna] earth wrote 167 bytes to ecology
[dna] earth wrote 103 bytes to ecology
[dna] earth wrote 96 bytes to ecology
[dna] earth wrote 25 bytes to ecology
[dna] earth wrote 177 bytes to ecology
[dna] earth wrote 115 bytes to ecology
[debug-onto] tick=650 corpus=173643 stage=2 freeze=0
[dna] earth wrote 80 bytes to ecology
[dna] earth wrote 197 bytes to ecology
[dna] earth wrote 78 bytes to ecology
[dna] earth wrote 63 bytes to ecology
[dna] earth wrote 37 bytes to ecology
[dna] earth wrote 48 bytes to ecology
[dna] earth wrote 49 bytes to ecology
[dna] earth wrote 123 bytes to ecology
[dna] earth wrote 37 bytes to ecology
[dna] earth wrote 102 bytes to ecology
[dna] earth wrote 48 bytes to ecology
[dna] earth wrote 125 bytes to ecology
[dna] earth wrote 104 bytes to ecology
[dna] earth wrote 39 bytes to ecology
[dna] earth wrote 22 bytes to ecology
[dna] earth wrote 137 bytes to ecology

[evolution] Organism shutting down gracefully.
