[ecology] Element: water → corpus: nonames_water.txt
[evolution] Autonomous evolution mode — organism will grow through all stages without pause.
[ecology] Joined swarm. 1 peer(s) detected.
molequla is alive. [evolution] Autonomous mode — background trainer running. Ctrl+C to stop.
[dna] water wrote 35 bytes to ecology
[dna] water consumed 16574 bytes from 231 files: [air/gen_1776839199_1.txt air/gen_1776839215_4.txt air/gen_1776839223_7.txt air/gen_1776839230_10.txt air/gen_1776839238_13.txt air/gen_1776839245_16.txt air/gen_1776839253_19.txt air/gen_1776839261_22.txt air/gen_1776839268_25.txt air/gen_1776839276_28.txt air/gen_1776839283_31.txt air/gen_1776839291_34.txt air/gen_1776839299_37.txt air/gen_1776839306_40.txt air/gen_1776839314_43.txt air/gen_1776839321_46.txt air/gen_1776839329_49.txt air/gen_1776839336_52.txt air/gen_1776839344_55.txt air/gen_1776839351_58.txt air/gen_1776839359_61.txt air/gen_1776839366_64.txt air/gen_1776839374_67.txt air/gen_1776839382_70.txt air/gen_1776839389_73.txt air/gen_1776839397_76.txt air/gen_1776839405_79.txt air/gen_1776839413_82.txt air/gen_1776839429_88.txt air/gen_1776839437_91.txt air/gen_1776839444_94.txt air/gen_1776839452_97.txt air/gen_1776839460_100.txt air/gen_1776839468_103.txt air/gen_1776839476_106.txt air/gen_1776839484_109.txt air/gen_1776839492_112.txt air/gen_1776839500_115.txt air/gen_1776839508_118.txt air/gen_1776839516_121.txt air/gen_1776839524_124.txt air/gen_1776839531_127.txt air/gen_1776839539_130.txt air/gen_1776839547_133.txt air/gen_1776839554_136.txt air/gen_1776839562_139.txt air/gen_1776839570_142.txt air/gen_1776839577_145.txt air/gen_1776839585_148.txt air/gen_1776839593_151.txt air/gen_1776839601_154.txt air/gen_1776839609_157.txt air/gen_1776839617_160.txt air/gen_1776839625_163.txt air/gen_1776839633_166.txt air/gen_1776839641_169.txt air/gen_1776839656_175.txt air/gen_1776839664_178.txt air/gen_1776839671_181.txt air/gen_1776839679_184.txt air/gen_1776839686_187.txt air/gen_1776839694_190.txt air/gen_1776839702_193.txt air/gen_1776839709_196.txt air/gen_1776839717_199.txt air/gen_1776839724_202.txt air/gen_1776839731_205.txt air/gen_1776839739_208.txt air/gen_1776839746_211.txt air/gen_1776839754_214.txt air/gen_1776839761_217.txt air/gen_1776839769_220.txt air/gen_1776839776_223.txt air/gen_1776839784_226.txt air/gen_1776839792_229.txt air/gen_1776839799_232.txt air/gen_1776839807_235.txt air/gen_1776839814_238.txt air/gen_1776839822_241.txt air/gen_1776839829_244.txt air/gen_1776839837_247.txt air/gen_1776839845_250.txt air/gen_1776839852_253.txt air/gen_1776839860_256.txt air/gen_1776839867_259.txt air/gen_1776839875_262.txt air/gen_1776839882_265.txt air/gen_1776839890_268.txt air/gen_1776839897_271.txt air/gen_1776839905_274.txt air/gen_1776839912_277.txt air/gen_1776839920_280.txt air/gen_1776839928_283.txt air/gen_1776839935_286.txt air/gen_1776839943_289.txt air/gen_1776839951_292.txt air/gen_1776839958_295.txt air/gen_1776839966_298.txt air/gen_1776839974_301.txt air/gen_1776839981_304.txt air/gen_1776839989_307.txt air/gen_1776839996_310.txt air/gen_1776840004_313.txt air/gen_1776840011_316.txt air/gen_1776840019_319.txt air/gen_1776840026_322.txt air/gen_1776840034_325.txt air/gen_1776840041_328.txt air/gen_1776840049_331.txt air/gen_1776840056_334.txt air/gen_1776840064_337.txt air/gen_1776840071_340.txt air/gen_1776840079_343.txt air/gen_1776840086_346.txt air/gen_1776840094_349.txt air/gen_1776840102_352.txt air/gen_1776840110_355.txt air/gen_1776840117_358.txt air/gen_1776840125_361.txt air/gen_1776840133_364.txt air/gen_1776840140_367.txt air/gen_1776840148_370.txt air/gen_1776840156_373.txt air/gen_1776840163_376.txt air/gen_1776840171_379.txt air/gen_1776840179_382.txt air/gen_1776840187_385.txt air/gen_1776840194_388.txt air/gen_1776840202_391.txt air/gen_1776840210_394.txt air/gen_1776840218_397.txt air/gen_1776840225_400.txt air/gen_1776840233_403.txt air/gen_1776840241_406.txt air/gen_1776840248_409.txt air/gen_1776840256_412.txt air/gen_1776840264_415.txt air/gen_1776840271_418.txt air/gen_1776840279_421.txt air/gen_1776840287_424.txt air/gen_1776840295_427.txt air/gen_1776840303_430.txt air/gen_1776840311_433.txt air/gen_1776840319_436.txt air/gen_1776840327_439.txt air/gen_1776840335_442.txt air/gen_1776840342_445.txt air/gen_1776840350_448.txt air/gen_1776840358_451.txt air/gen_1776840366_454.txt air/gen_1776840374_457.txt air/gen_1776840382_460.txt air/gen_1776840390_463.txt air/gen_1776840398_466.txt air/gen_1776840405_469.txt air/gen_1776840413_472.txt air/gen_1776840421_475.txt air/gen_1776840429_478.txt air/gen_1776840437_481.txt air/gen_1776840445_484.txt air/gen_1776840452_487.txt air/gen_1776840460_490.txt air/gen_1776840468_493.txt air/gen_1776840476_496.txt air/gen_1776840484_499.txt air/gen_1776840492_502.txt air/gen_1776840500_505.txt air/gen_1776840508_508.txt air/gen_1776840515_511.txt air/gen_1776840523_514.txt air/gen_1776840531_517.txt air/gen_1776840539_520.txt air/gen_1776840547_523.txt air/gen_1776840555_526.txt air/gen_1776840563_529.txt air/gen_1776840571_532.txt air/gen_1776840579_535.txt air/gen_1776840587_538.txt air/gen_1776840595_541.txt air/gen_1776840603_544.txt air/gen_1776840611_547.txt air/gen_1776840619_550.txt air/gen_1776840627_553.txt air/gen_1776840635_556.txt air/gen_1776840643_559.txt air/gen_1776840651_562.txt air/gen_1776840658_565.txt air/gen_1776840666_568.txt air/gen_1776840674_571.txt air/gen_1776840681_574.txt air/gen_1776840689_577.txt air/gen_1776840697_580.txt air/gen_1776840705_583.txt air/gen_1776840712_586.txt air/gen_1776840720_589.txt air/gen_1776840728_592.txt air/gen_1776840736_595.txt air/gen_1776840743_598.txt air/gen_1776840751_601.txt air/gen_1776840759_604.txt air/gen_1776840766_607.txt air/gen_1776840774_610.txt air/gen_1776840782_613.txt air/gen_1776840789_616.txt air/gen_1776840797_619.txt air/gen_1776840805_622.txt air/gen_1776840812_625.txt air/gen_1776840820_628.txt air/gen_1776840828_631.txt air/gen_1776840835_634.txt air/gen_1776840843_637.txt air/gen_1776840851_640.txt air/gen_1776840858_643.txt air/gen_1776840866_646.txt air/gen_1776840873_649.txt air/gen_1776840881_652.txt air/gen_1776840888_655.txt air/gen_1776840896_658.txt air/gen_1776840903_661.txt air/gen_1776840911_664.txt air/gen_1776840918_667.txt air/gen_1776840926_670.txt air/gen_1776840933_673.txt air/gen_1776840941_676.txt air/gen_1776840949_679.txt air/gen_1776840956_682.txt air/gen_1776840964_685.txt air/gen_1776840971_688.txt air/gen_1776840979_691.txt air/gen_1776840986_694.txt air/gen_1776840994_697.txt]
[trainer] micro-train burst (16574 bytes, novelty 0.03) — and lo, it feeds again.
[syntropy] action=explore | trend=0.0000 | field_dev=-0.050 | purpose_align=0.186 | lr_mul=1.30
[aml] burst complete: 32 steps, avg loss 1.6985 (memory freed)
[dna] water wrote 57 bytes to ecology
[dna] water wrote 36 bytes to ecology
[dna] water wrote 73 bytes to ecology
[dna] water wrote 116 bytes to ecology
[dna] water wrote 81 bytes to ecology
[dna] water wrote 56 bytes to ecology
[dna] water wrote 75 bytes to ecology
[dna] water wrote 126 bytes to ecology
[dna] water wrote 69 bytes to ecology
[dna] water wrote 46 bytes to ecology
[dna] water wrote 29 bytes to ecology
[dna] water wrote 74 bytes to ecology
[dna] water wrote 40 bytes to ecology
[dna] water wrote 38 bytes to ecology
[dna] water wrote 28 bytes to ecology
[dna] water wrote 40 bytes to ecology
[dna] water wrote 60 bytes to ecology
[dna] water wrote 77 bytes to ecology
[dna] water wrote 56 bytes to ecology
[dna] water wrote 12 bytes to ecology
[dna] water wrote 80 bytes to ecology
[dna] water wrote 76 bytes to ecology
[dna] water wrote 52 bytes to ecology
[dna] water wrote 52 bytes to ecology
[dna] water wrote 14 bytes to ecology
[dna] water wrote 37 bytes to ecology
[dna] water wrote 92 bytes to ecology
[dna] water wrote 45 bytes to ecology
[dna] water wrote 31 bytes to ecology
[dna] water wrote 47 bytes to ecology
[dna] water wrote 82 bytes to ecology
[dna] water wrote 37 bytes to ecology
[dna] water wrote 62 bytes to ecology
[dna] water wrote 78 bytes to ecology
[dna] water wrote 94 bytes to ecology
[debug-onto] tick=50 corpus=142502 stage=2 freeze=0
[dna] water wrote 28 bytes to ecology
[dna] water wrote 34 bytes to ecology
[dna] water wrote 44 bytes to ecology
[dna] water wrote 43 bytes to ecology
[dna] water wrote 52 bytes to ecology
[dna] water wrote 95 bytes to ecology
[dna] water wrote 111 bytes to ecology
[dna] water wrote 44 bytes to ecology
[dna] water wrote 81 bytes to ecology
[dna] water wrote 45 bytes to ecology
[dna] water wrote 126 bytes to ecology
[dna] water wrote 87 bytes to ecology
[dna] water wrote 67 bytes to ecology
[dna] water wrote 21 bytes to ecology
[dna] water wrote 99 bytes to ecology
[dna] water wrote 40 bytes to ecology
[dna] water wrote 143 bytes to ecology
[dna] water wrote 165 bytes to ecology
[dna] water wrote 65 bytes to ecology
[dna] water wrote 233 bytes to ecology
[dna] water wrote 66 bytes to ecology
[dna] water wrote 55 bytes to ecology
[dna] water wrote 36 bytes to ecology
[dna] water wrote 62 bytes to ecology
[dna] water wrote 122 bytes to ecology
[dna] water wrote 48 bytes to ecology
[dna] water wrote 56 bytes to ecology
[dna] water wrote 69 bytes to ecology
[dna] water wrote 80 bytes to ecology
[dna] water wrote 95 bytes to ecology
[dna] water wrote 45 bytes to ecology
[dna] water wrote 16 bytes to ecology
[dna] water wrote 73 bytes to ecology
[dna] water wrote 149 bytes to ecology
[dna] water wrote 18 bytes to ecology
[dna] water wrote 90 bytes to ecology
[dna] water wrote 215 bytes to ecology
[dna] water wrote 19 bytes to ecology
[dna] water wrote 52 bytes to ecology
[dna] water wrote 107 bytes to ecology
[debug-onto] tick=100 corpus=142502 stage=2 freeze=0
[dna] water wrote 33 bytes to ecology
[dna] water wrote 81 bytes to ecology
[dna] water wrote 77 bytes to ecology
[dna] water wrote 32 bytes to ecology
[dna] water wrote 69 bytes to ecology
[dna] water wrote 36 bytes to ecology
[dna] water wrote 25 bytes to ecology
[dna] water wrote 47 bytes to ecology
[dna] water wrote 34 bytes to ecology
[dna] water wrote 48 bytes to ecology
[dna] water wrote 46 bytes to ecology
[dna] water wrote 49 bytes to ecology
[dna] water wrote 69 bytes to ecology
[dna] water wrote 110 bytes to ecology
[dna] water wrote 113 bytes to ecology
[dna] water wrote 84 bytes to ecology
[dna] water wrote 97 bytes to ecology
[dna] water wrote 44 bytes to ecology
[dna] water wrote 9 bytes to ecology
[dna] water wrote 64 bytes to ecology
[dna] water wrote 68 bytes to ecology
[dna] water wrote 30 bytes to ecology
[dna] water wrote 14 bytes to ecology
[dna] water wrote 72 bytes to ecology
[dna] water wrote 15 bytes to ecology
[dna] water wrote 61 bytes to ecology
[dna] water wrote 122 bytes to ecology
[dna] water wrote 176 bytes to ecology
[dna] water wrote 54 bytes to ecology
[dna] water wrote 71 bytes to ecology
[dna] water wrote 106 bytes to ecology
[dna] water wrote 60 bytes to ecology
[dna] water wrote 25 bytes to ecology
[dna] water wrote 8 bytes to ecology
[dna] water wrote 36 bytes to ecology
[dna] water wrote 36 bytes to ecology
[dna] water wrote 47 bytes to ecology
[debug-onto] tick=150 corpus=142502 stage=2 freeze=0
[dna] water wrote 43 bytes to ecology
[dna] water wrote 42 bytes to ecology
[dna] water wrote 41 bytes to ecology
[dna] water wrote 46 bytes to ecology
[dna] water wrote 66 bytes to ecology
[dna] water wrote 50 bytes to ecology
[dna] water wrote 41 bytes to ecology
[dna] water wrote 68 bytes to ecology
[dna] water wrote 158 bytes to ecology
[dna] water wrote 35 bytes to ecology
[dna] water wrote 64 bytes to ecology
[dna] water wrote 31 bytes to ecology
[dna] water wrote 29 bytes to ecology
[dna] water wrote 56 bytes to ecology
[dna] water wrote 115 bytes to ecology
[dna] water wrote 44 bytes to ecology
[dna] water wrote 55 bytes to ecology
[dna] water wrote 109 bytes to ecology
[dna] water wrote 42 bytes to ecology
[dna] water wrote 67 bytes to ecology
[dna] water wrote 48 bytes to ecology
[dna] water wrote 24 bytes to ecology
[dna] water wrote 73 bytes to ecology
[dna] water wrote 34 bytes to ecology
[dna] water wrote 79 bytes to ecology
[dna] water wrote 37 bytes to ecology
[dna] water wrote 40 bytes to ecology
[dna] water wrote 60 bytes to ecology
[dna] water wrote 98 bytes to ecology
[dna] water wrote 93 bytes to ecology
[dna] water wrote 52 bytes to ecology
[dna] water wrote 67 bytes to ecology
[dna] water wrote 110 bytes to ecology
[dna] water wrote 69 bytes to ecology
[dna] water wrote 14 bytes to ecology
[dna] water wrote 54 bytes to ecology
[debug-onto] tick=200 corpus=142502 stage=2 freeze=0
[dna] water wrote 80 bytes to ecology
[dna] water wrote 69 bytes to ecology
[dna] water wrote 143 bytes to ecology
[dna] water wrote 36 bytes to ecology
[dna] water wrote 47 bytes to ecology
[dna] water wrote 28 bytes to ecology
[dna] water wrote 49 bytes to ecology
[dna] water wrote 126 bytes to ecology
[dna] water wrote 29 bytes to ecology
[dna] water wrote 95 bytes to ecology
[dna] water wrote 51 bytes to ecology
[dna] water wrote 58 bytes to ecology
[dna] water wrote 45 bytes to ecology
[dna] water wrote 106 bytes to ecology
[dna] water wrote 40 bytes to ecology
[dna] water wrote 94 bytes to ecology
[dna] water wrote 62 bytes to ecology
[dna] water wrote 58 bytes to ecology
[dna] water wrote 117 bytes to ecology
[dna] water wrote 68 bytes to ecology
[dna] water wrote 28 bytes to ecology
[dna] water wrote 44 bytes to ecology
[dna] water wrote 58 bytes to ecology
[dna] water wrote 22 bytes to ecology
[dna] water wrote 61 bytes to ecology
[dna] water wrote 50 bytes to ecology
[dna] water wrote 108 bytes to ecology
[dna] water wrote 78 bytes to ecology
[dna] water wrote 71 bytes to ecology
[dna] water wrote 40 bytes to ecology
[dna] water wrote 65 bytes to ecology
[dna] water wrote 60 bytes to ecology
[dna] water wrote 43 bytes to ecology
[dna] water wrote 32 bytes to ecology
[dna] water wrote 108 bytes to ecology
[dna] water wrote 54 bytes to ecology
[dna] water wrote 123 bytes to ecology
[dna] water wrote 112 bytes to ecology
[dna] water wrote 79 bytes to ecology
[debug-onto] tick=250 corpus=142502 stage=2 freeze=0
[dna] water wrote 28 bytes to ecology
[dna] water wrote 65 bytes to ecology
[dna] water wrote 53 bytes to ecology
[dna] water wrote 150 bytes to ecology
[dna] water wrote 22 bytes to ecology
[dna] water wrote 125 bytes to ecology
[dna] water wrote 75 bytes to ecology
[dna] water wrote 135 bytes to ecology
[dna] water wrote 46 bytes to ecology
[dna] water wrote 116 bytes to ecology
[dna] water wrote 48 bytes to ecology
[dna] water wrote 20 bytes to ecology
[dna] water wrote 25 bytes to ecology
[dna] water wrote 61 bytes to ecology
[dna] water wrote 160 bytes to ecology
[dna] water wrote 86 bytes to ecology
[dna] water wrote 91 bytes to ecology
[dna] water wrote 48 bytes to ecology
[dna] water wrote 42 bytes to ecology
[dna] water wrote 60 bytes to ecology
[dna] water wrote 63 bytes to ecology
[dna] water wrote 74 bytes to ecology
[dna] water wrote 48 bytes to ecology
[dna] water wrote 62 bytes to ecology
[dna] water wrote 25 bytes to ecology
[dna] water wrote 44 bytes to ecology
[dna] water wrote 140 bytes to ecology
[dna] water wrote 46 bytes to ecology
[dna] water wrote 38 bytes to ecology
[dna] water wrote 16 bytes to ecology
[dna] water wrote 32 bytes to ecology
[dna] water wrote 38 bytes to ecology
[dna] water wrote 57 bytes to ecology
[dna] water wrote 16 bytes to ecology
[dna] water wrote 17 bytes to ecology
[dna] water wrote 30 bytes to ecology
[debug-onto] tick=300 corpus=142502 stage=2 freeze=0
[dna] water wrote 76 bytes to ecology
[dna] water wrote 69 bytes to ecology
[dna] water wrote 53 bytes to ecology
[dna] water wrote 57 bytes to ecology
[dna] water wrote 57 bytes to ecology
[dna] water wrote 21 bytes to ecology
[dna] water wrote 101 bytes to ecology
[dna] water wrote 84 bytes to ecology
[dna] water wrote 220 bytes to ecology
[dna] water wrote 38 bytes to ecology
[dna] water wrote 34 bytes to ecology
[dna] water wrote 19 bytes to ecology
[dna] water wrote 62 bytes to ecology
[dna] water wrote 55 bytes to ecology
[dna] water wrote 61 bytes to ecology
[dna] water wrote 7 bytes to ecology
[dna] water wrote 47 bytes to ecology
[dna] water wrote 30 bytes to ecology
[dna] water wrote 50 bytes to ecology
[dna] water wrote 38 bytes to ecology
[dna] water wrote 66 bytes to ecology
[dna] water wrote 83 bytes to ecology
[dna] water wrote 18 bytes to ecology
[dna] water wrote 34 bytes to ecology
[dna] water wrote 140 bytes to ecology
[dna] water wrote 58 bytes to ecology
[dna] water wrote 126 bytes to ecology
[dna] water wrote 69 bytes to ecology
[dna] water wrote 128 bytes to ecology
[dna] water wrote 39 bytes to ecology
[dna] water wrote 71 bytes to ecology
[dna] water wrote 94 bytes to ecology
[dna] water wrote 42 bytes to ecology
[dna] water wrote 40 bytes to ecology
[dna] water wrote 80 bytes to ecology
[dna] water wrote 77 bytes to ecology
[dna] water wrote 33 bytes to ecology
[dna] water wrote 66 bytes to ecology
[dna] water wrote 60 bytes to ecology
[debug-onto] tick=350 corpus=142502 stage=2 freeze=0
[dna] water wrote 30 bytes to ecology
[dna] water wrote 28 bytes to ecology
[dna] water wrote 168 bytes to ecology
[dna] water wrote 182 bytes to ecology
[dna] water wrote 85 bytes to ecology
[dna] water wrote 133 bytes to ecology
[dna] water wrote 89 bytes to ecology
[dna] water wrote 58 bytes to ecology
[dna] water wrote 77 bytes to ecology
[dna] water wrote 39 bytes to ecology
[dna] water wrote 44 bytes to ecology
[dna] water wrote 29 bytes to ecology
[dna] water wrote 21 bytes to ecology
[dna] water wrote 40 bytes to ecology
[dna] water wrote 60 bytes to ecology
[dna] water wrote 58 bytes to ecology
[dna] water wrote 52 bytes to ecology
[dna] water wrote 94 bytes to ecology
[dna] water wrote 60 bytes to ecology
[dna] water wrote 72 bytes to ecology
[dna] water wrote 37 bytes to ecology
[dna] water wrote 145 bytes to ecology
[dna] water wrote 63 bytes to ecology
[dna] water wrote 24 bytes to ecology
[dna] water wrote 60 bytes to ecology
[dna] water wrote 79 bytes to ecology
[dna] water wrote 34 bytes to ecology
[dna] water wrote 45 bytes to ecology
[dna] water wrote 102 bytes to ecology
[dna] water wrote 37 bytes to ecology
[dna] water wrote 140 bytes to ecology
[dna] water wrote 72 bytes to ecology
[dna] water wrote 50 bytes to ecology
[dna] water wrote 40 bytes to ecology
[dna] water wrote 13 bytes to ecology
[dna] water wrote 34 bytes to ecology
[dna] water wrote 51 bytes to ecology
[debug-onto] tick=400 corpus=142502 stage=2 freeze=0
[dna] water wrote 70 bytes to ecology
[dna] water wrote 110 bytes to ecology
[dna] water wrote 117 bytes to ecology
[dna] water wrote 77 bytes to ecology
[dna] water wrote 28 bytes to ecology
[dna] water wrote 17 bytes to ecology
[dna] water wrote 32 bytes to ecology
[dna] water wrote 86 bytes to ecology
[dna] water wrote 30 bytes to ecology
[dna] water wrote 42 bytes to ecology
[dna] water wrote 72 bytes to ecology
[dna] water wrote 70 bytes to ecology
[dna] water wrote 44 bytes to ecology
[dna] water wrote 62 bytes to ecology
[dna] water wrote 126 bytes to ecology
[dna] water wrote 8 bytes to ecology
[dna] water wrote 86 bytes to ecology
[dna] water wrote 5 bytes to ecology
[dna] water wrote 195 bytes to ecology
[dna] water wrote 52 bytes to ecology
[dna] water wrote 137 bytes to ecology
[dna] water wrote 77 bytes to ecology
[dna] water wrote 106 bytes to ecology
[dna] water wrote 30 bytes to ecology
[dna] water wrote 24 bytes to ecology
[dna] water wrote 142 bytes to ecology
[dna] water wrote 34 bytes to ecology
[dna] water wrote 82 bytes to ecology
[dna] water wrote 21 bytes to ecology
[dna] water wrote 67 bytes to ecology
[dna] water wrote 167 bytes to ecology
[dna] water wrote 117 bytes to ecology
[dna] water wrote 56 bytes to ecology
[dna] water wrote 44 bytes to ecology
[dna] water wrote 89 bytes to ecology
[dna] water wrote 37 bytes to ecology
[dna] water wrote 42 bytes to ecology
[dna] water wrote 33 bytes to ecology
[debug-onto] tick=450 corpus=142502 stage=2 freeze=0
[dna] water wrote 45 bytes to ecology
[dna] water wrote 74 bytes to ecology
[dna] water wrote 35 bytes to ecology
[dna] water wrote 76 bytes to ecology
[dna] water wrote 58 bytes to ecology
[dna] water wrote 61 bytes to ecology
[dna] water wrote 14 bytes to ecology
[dna] water wrote 43 bytes to ecology
[dna] water wrote 24 bytes to ecology
[dna] water wrote 40 bytes to ecology
[dna] water wrote 31 bytes to ecology
[dna] water wrote 83 bytes to ecology
[dna] water wrote 82 bytes to ecology
[dna] water wrote 49 bytes to ecology
[dna] water wrote 38 bytes to ecology
[dna] water wrote 57 bytes to ecology
[dna] water wrote 42 bytes to ecology
[dna] water wrote 23 bytes to ecology
[dna] water wrote 22 bytes to ecology
[dna] water wrote 63 bytes to ecology
[dna] water wrote 75 bytes to ecology
[dna] water wrote 47 bytes to ecology
[dna] water wrote 15 bytes to ecology
[dna] water wrote 69 bytes to ecology
[dna] water wrote 55 bytes to ecology
[dna] water wrote 54 bytes to ecology
[dna] water wrote 50 bytes to ecology
[dna] water wrote 38 bytes to ecology
[dna] water wrote 213 bytes to ecology
[dna] water wrote 78 bytes to ecology
[dna] water wrote 45 bytes to ecology
[dna] water wrote 21 bytes to ecology
[dna] water wrote 101 bytes to ecology
[dna] water wrote 63 bytes to ecology
[dna] water wrote 35 bytes to ecology
[dna] water wrote 118 bytes to ecology
[dna] water wrote 82 bytes to ecology
[debug-onto] tick=500 corpus=142502 stage=2 freeze=0
[dna] water wrote 9 bytes to ecology
[dna] water wrote 44 bytes to ecology
[dna] water wrote 26 bytes to ecology
[dna] water wrote 46 bytes to ecology
[dna] water wrote 37 bytes to ecology
[dna] water wrote 34 bytes to ecology
[dna] water wrote 69 bytes to ecology
[dna] water wrote 64 bytes to ecology
[dna] water wrote 60 bytes to ecology
[dna] water wrote 54 bytes to ecology
[dna] water wrote 50 bytes to ecology
[dna] water wrote 28 bytes to ecology
[dna] water wrote 19 bytes to ecology
[dna] water wrote 63 bytes to ecology
[dna] water wrote 33 bytes to ecology
[dna] water wrote 101 bytes to ecology
[dna] water wrote 147 bytes to ecology
[dna] water wrote 67 bytes to ecology
[dna] water wrote 51 bytes to ecology
[dna] water wrote 37 bytes to ecology
[dna] water wrote 49 bytes to ecology
[dna] water wrote 43 bytes to ecology
[dna] water wrote 93 bytes to ecology
[dna] water wrote 52 bytes to ecology
[dna] water wrote 33 bytes to ecology
[dna] water wrote 31 bytes to ecology
[dna] water wrote 36 bytes to ecology
[dna] water wrote 98 bytes to ecology
[dna] water wrote 116 bytes to ecology
[dna] water wrote 53 bytes to ecology
[dna] water wrote 48 bytes to ecology
[dna] water wrote 40 bytes to ecology
[dna] water wrote 66 bytes to ecology
[dna] water wrote 45 bytes to ecology
[dna] water wrote 31 bytes to ecology
[dna] water wrote 70 bytes to ecology
[dna] water wrote 43 bytes to ecology
[dna] water wrote 69 bytes to ecology
[dna] water wrote 67 bytes to ecology
[debug-onto] tick=550 corpus=142502 stage=2 freeze=0
[dna] water wrote 85 bytes to ecology
[dna] water wrote 38 bytes to ecology
[dna] water wrote 44 bytes to ecology
[dna] water wrote 54 bytes to ecology
[dna] water wrote 86 bytes to ecology
[dna] water wrote 95 bytes to ecology
[dna] water wrote 110 bytes to ecology
[dna] water wrote 80 bytes to ecology
[dna] water wrote 35 bytes to ecology
[dna] water wrote 21 bytes to ecology
[dna] water wrote 68 bytes to ecology
[dna] water wrote 42 bytes to ecology
[dna] water wrote 86 bytes to ecology
[dna] water wrote 132 bytes to ecology
[dna] water wrote 23 bytes to ecology
[dna] water wrote 15 bytes to ecology
[dna] water wrote 65 bytes to ecology
[dna] water wrote 109 bytes to ecology
[dna] water wrote 30 bytes to ecology
[dna] water wrote 71 bytes to ecology
[dna] water wrote 63 bytes to ecology
[dna] water wrote 51 bytes to ecology
[dna] water wrote 80 bytes to ecology
[dna] water wrote 15 bytes to ecology
[dna] water wrote 115 bytes to ecology
[dna] water wrote 34 bytes to ecology
[dna] water wrote 121 bytes to ecology
[dna] water wrote 49 bytes to ecology
[dna] water wrote 41 bytes to ecology
[dna] water wrote 44 bytes to ecology
[dna] water wrote 58 bytes to ecology
[dna] water wrote 191 bytes to ecology
[dna] water wrote 21 bytes to ecology
[dna] water wrote 55 bytes to ecology
[dna] water wrote 36 bytes to ecology
[dna] water wrote 144 bytes to ecology
[dna] water wrote 130 bytes to ecology
[dna] water wrote 38 bytes to ecology
[debug-onto] tick=600 corpus=142502 stage=2 freeze=0
[dna] water wrote 98 bytes to ecology
[dna] water wrote 34 bytes to ecology
[dna] water wrote 49 bytes to ecology
[dna] water wrote 64 bytes to ecology
[dna] water wrote 34 bytes to ecology
[dna] water wrote 89 bytes to ecology
[dna] water wrote 104 bytes to ecology
[dna] water wrote 49 bytes to ecology
[dna] water wrote 33 bytes to ecology
[dna] water wrote 23 bytes to ecology
[dna] water wrote 61 bytes to ecology
[dna] water wrote 110 bytes to ecology
[dna] water wrote 8 bytes to ecology
[dna] water wrote 44 bytes to ecology
[dna] water wrote 57 bytes to ecology
[dna] water wrote 10 bytes to ecology
[dna] water wrote 32 bytes to ecology
[dna] water wrote 84 bytes to ecology
[dna] water wrote 27 bytes to ecology
[dna] water wrote 83 bytes to ecology
[dna] water wrote 15 bytes to ecology
[dna] water wrote 34 bytes to ecology
[dna] water wrote 38 bytes to ecology
[dna] water wrote 133 bytes to ecology
[dna] water wrote 113 bytes to ecology
[dna] water wrote 104 bytes to ecology
[dna] water wrote 75 bytes to ecology
[dna] water wrote 9 bytes to ecology
[dna] water wrote 40 bytes to ecology
[dna] water wrote 35 bytes to ecology
[dna] water wrote 28 bytes to ecology
[dna] water wrote 39 bytes to ecology
[dna] water wrote 116 bytes to ecology
[dna] water wrote 56 bytes to ecology
[dna] water wrote 24 bytes to ecology

[evolution] Organism shutting down gracefully.
