[ecology] Element: air → corpus: nonames_air.txt
[evolution] Autonomous evolution mode — organism will grow through all stages without pause.
[ecology] Joined swarm. 1 peer(s) detected.
molequla is alive. [evolution] Autonomous mode — background trainer running. Ctrl+C to stop.
[dna] air wrote 50 bytes to ecology
[dna] air consumed 19375 bytes from 238 files: [earth/gen_1778567589_1.txt earth/gen_1778567596_4.txt earth/gen_1778567604_7.txt earth/gen_1778567611_10.txt earth/gen_1778567618_13.txt earth/gen_1778567625_16.txt earth/gen_1778567632_19.txt earth/gen_1778567640_22.txt earth/gen_1778567647_25.txt earth/gen_1778567654_28.txt earth/gen_1778567661_31.txt earth/gen_1778567669_34.txt earth/gen_1778567676_37.txt earth/gen_1778567683_40.txt earth/gen_1778567690_43.txt earth/gen_1778567698_46.txt earth/gen_1778567705_49.txt earth/gen_1778567712_52.txt earth/gen_1778567720_55.txt earth/gen_1778567727_58.txt earth/gen_1778567734_61.txt earth/gen_1778567742_64.txt earth/gen_1778567749_67.txt earth/gen_1778567756_70.txt earth/gen_1778567763_73.txt earth/gen_1778567770_76.txt earth/gen_1778567778_79.txt earth/gen_1778567785_82.txt earth/gen_1778567792_85.txt earth/gen_1778567799_88.txt earth/gen_1778567807_91.txt earth/gen_1778567814_94.txt earth/gen_1778567821_97.txt earth/gen_1778567828_100.txt earth/gen_1778567836_103.txt earth/gen_1778567843_106.txt earth/gen_1778567850_109.txt earth/gen_1778567858_112.txt earth/gen_1778567865_115.txt earth/gen_1778567872_118.txt earth/gen_1778567879_121.txt earth/gen_1778567894_127.txt earth/gen_1778567901_130.txt earth/gen_1778567908_133.txt earth/gen_1778567916_136.txt earth/gen_1778567923_139.txt earth/gen_1778567930_142.txt earth/gen_1778567937_145.txt earth/gen_1778567944_148.txt earth/gen_1778567952_151.txt earth/gen_1778567959_154.txt earth/gen_1778567966_157.txt earth/gen_1778567973_160.txt earth/gen_1778567980_163.txt earth/gen_1778567988_166.txt earth/gen_1778567995_169.txt earth/gen_1778568002_172.txt earth/gen_1778568009_175.txt earth/gen_1778568016_178.txt earth/gen_1778568023_181.txt earth/gen_1778568030_184.txt earth/gen_1778568038_187.txt earth/gen_1778568045_190.txt earth/gen_1778568052_193.txt earth/gen_1778568059_196.txt earth/gen_1778568067_199.txt earth/gen_1778568074_202.txt earth/gen_1778568081_205.txt earth/gen_1778568088_208.txt earth/gen_1778568096_211.txt earth/gen_1778568103_214.txt earth/gen_1778568110_217.txt earth/gen_1778568117_220.txt earth/gen_1778568125_223.txt earth/gen_1778568132_226.txt earth/gen_1778568139_229.txt earth/gen_1778568146_232.txt earth/gen_1778568154_235.txt earth/gen_1778568161_238.txt earth/gen_1778568168_241.txt earth/gen_1778568176_244.txt earth/gen_1778568183_247.txt earth/gen_1778568190_250.txt earth/gen_1778568197_253.txt earth/gen_1778568205_256.txt earth/gen_1778568212_259.txt earth/gen_1778568219_262.txt earth/gen_1778568227_265.txt earth/gen_1778568234_268.txt earth/gen_1778568241_271.txt earth/gen_1778568249_274.txt earth/gen_1778568256_277.txt earth/gen_1778568263_280.txt earth/gen_1778568271_283.txt earth/gen_1778568278_286.txt earth/gen_1778568293_292.txt earth/gen_1778568300_295.txt earth/gen_1778568308_298.txt earth/gen_1778568315_301.txt earth/gen_1778568330_307.txt earth/gen_1778568344_313.txt earth/gen_1778568352_316.txt earth/gen_1778568359_319.txt earth/gen_1778568367_322.txt earth/gen_1778568374_325.txt earth/gen_1778568381_328.txt earth/gen_1778568389_331.txt earth/gen_1778568396_334.txt earth/gen_1778568404_337.txt earth/gen_1778568411_340.txt earth/gen_1778568419_343.txt earth/gen_1778568426_346.txt earth/gen_1778568434_349.txt earth/gen_1778568441_352.txt earth/gen_1778568448_355.txt earth/gen_1778568456_358.txt earth/gen_1778568463_361.txt earth/gen_1778568470_364.txt earth/gen_1778568478_367.txt earth/gen_1778568485_370.txt earth/gen_1778568492_373.txt earth/gen_1778568500_376.txt earth/gen_1778568507_379.txt earth/gen_1778568514_382.txt earth/gen_1778568522_385.txt earth/gen_1778568529_388.txt earth/gen_1778568537_391.txt earth/gen_1778568544_394.txt earth/gen_1778568551_397.txt earth/gen_1778568559_400.txt earth/gen_1778568566_403.txt earth/gen_1778568574_406.txt earth/gen_1778568581_409.txt earth/gen_1778568588_412.txt earth/gen_1778568596_415.txt earth/gen_1778568603_418.txt earth/gen_1778568610_421.txt earth/gen_1778568618_424.txt earth/gen_1778568625_427.txt earth/gen_1778568632_430.txt earth/gen_1778568640_433.txt earth/gen_1778568647_436.txt earth/gen_1778568654_439.txt earth/gen_1778568662_442.txt earth/gen_1778568669_445.txt earth/gen_1778568676_448.txt earth/gen_1778568684_451.txt earth/gen_1778568691_454.txt earth/gen_1778568699_457.txt earth/gen_1778568706_460.txt earth/gen_1778568713_463.txt earth/gen_1778568721_466.txt earth/gen_1778568728_469.txt earth/gen_1778568736_472.txt earth/gen_1778568743_475.txt earth/gen_1778568751_478.txt earth/gen_1778568758_481.txt earth/gen_1778568766_484.txt earth/gen_1778568773_487.txt earth/gen_1778568781_490.txt earth/gen_1778568788_493.txt earth/gen_1778568796_496.txt earth/gen_1778568803_499.txt earth/gen_1778568811_502.txt earth/gen_1778568818_505.txt earth/gen_1778568825_508.txt earth/gen_1778568833_511.txt earth/gen_1778568840_514.txt earth/gen_1778568847_517.txt earth/gen_1778568855_520.txt earth/gen_1778568862_523.txt earth/gen_1778568870_526.txt earth/gen_1778568877_529.txt earth/gen_1778568884_532.txt earth/gen_1778568892_535.txt earth/gen_1778568899_538.txt earth/gen_1778568906_541.txt earth/gen_1778568914_544.txt earth/gen_1778568921_547.txt earth/gen_1778568929_550.txt earth/gen_1778568936_553.txt earth/gen_1778568943_556.txt earth/gen_1778568951_559.txt earth/gen_1778568958_562.txt earth/gen_1778568965_565.txt earth/gen_1778568973_568.txt earth/gen_1778568980_571.txt earth/gen_1778568988_574.txt earth/gen_1778568995_577.txt earth/gen_1778569002_580.txt earth/gen_1778569010_583.txt earth/gen_1778569017_586.txt earth/gen_1778569024_589.txt earth/gen_1778569032_592.txt earth/gen_1778569039_595.txt earth/gen_1778569047_598.txt earth/gen_1778569054_601.txt earth/gen_1778569061_604.txt earth/gen_1778569069_607.txt earth/gen_1778569076_610.txt earth/gen_1778569083_613.txt earth/gen_1778569091_616.txt earth/gen_1778569098_619.txt earth/gen_1778569105_622.txt earth/gen_1778569113_625.txt earth/gen_1778569120_628.txt earth/gen_1778569128_631.txt earth/gen_1778569135_634.txt earth/gen_1778569142_637.txt earth/gen_1778569150_640.txt earth/gen_1778569157_643.txt earth/gen_1778569164_646.txt earth/gen_1778569172_649.txt earth/gen_1778569179_652.txt earth/gen_1778569186_655.txt earth/gen_1778569193_658.txt earth/gen_1778569201_661.txt earth/gen_1778569208_664.txt earth/gen_1778569216_667.txt earth/gen_1778569223_670.txt earth/gen_1778569230_673.txt earth/gen_1778569238_676.txt earth/gen_1778569245_679.txt earth/gen_1778569253_682.txt earth/gen_1778569260_685.txt earth/gen_1778569267_688.txt earth/gen_1778569275_691.txt earth/gen_1778569282_694.txt earth/gen_1778569290_697.txt earth/gen_1778569297_700.txt earth/gen_1778569304_703.txt earth/gen_1778569312_706.txt earth/gen_1778569319_709.txt earth/gen_1778569327_712.txt earth/gen_1778569334_715.txt earth/gen_1778569342_718.txt earth/gen_1778569349_721.txt earth/gen_1778569356_724.txt]
[trainer] micro-train burst (19375 bytes, novelty 0.04) — and lo, it feeds again.
[syntropy] action=realign | trend=0.0000 | field_dev=0.163 | purpose_align=-0.330 | lr_mul=0.50
[aml] burst complete: 32 steps, avg loss 2.9168 (memory freed)
[dna] air wrote 215 bytes to ecology
[dna] air wrote 66 bytes to ecology
[dna] air wrote 39 bytes to ecology
[dna] air wrote 10 bytes to ecology
[dna] air wrote 119 bytes to ecology
[dna] air wrote 22 bytes to ecology
[dna] air wrote 219 bytes to ecology
[dna] air wrote 66 bytes to ecology
[dna] air wrote 67 bytes to ecology
[dna] air wrote 37 bytes to ecology
[dna] air wrote 66 bytes to ecology
[dna] air wrote 117 bytes to ecology
[dna] air wrote 7 bytes to ecology
[dna] air wrote 39 bytes to ecology
[dna] air wrote 51 bytes to ecology
[dna] air wrote 32 bytes to ecology
[debug-onto] tick=50 corpus=141929 stage=2 freeze=0
[dna] air wrote 58 bytes to ecology
[dna] air wrote 119 bytes to ecology
[dna] air wrote 9 bytes to ecology
[dna] air wrote 281 bytes to ecology
[dna] air wrote 128 bytes to ecology
[dna] air wrote 29 bytes to ecology
[dna] air wrote 36 bytes to ecology
[dna] air wrote 110 bytes to ecology
[dna] air wrote 78 bytes to ecology
[dna] air wrote 29 bytes to ecology
[dna] air wrote 34 bytes to ecology
[dna] air wrote 69 bytes to ecology
[dna] air wrote 60 bytes to ecology
[dna] air wrote 88 bytes to ecology
[dna] air wrote 51 bytes to ecology
[dna] air wrote 63 bytes to ecology
[dna] air wrote 18 bytes to ecology
[debug-onto] tick=100 corpus=141929 stage=2 freeze=0
[dna] air wrote 23 bytes to ecology
[dna] air wrote 83 bytes to ecology
[dna] air wrote 193 bytes to ecology
[dna] air wrote 40 bytes to ecology
[dna] air wrote 44 bytes to ecology
[dna] air wrote 149 bytes to ecology
[dna] air wrote 78 bytes to ecology
[dna] air wrote 45 bytes to ecology
[dna] air wrote 180 bytes to ecology
[dna] air wrote 144 bytes to ecology
[dna] air wrote 139 bytes to ecology
[dna] air wrote 64 bytes to ecology
[dna] air wrote 33 bytes to ecology
[dna] air wrote 115 bytes to ecology
[dna] air wrote 65 bytes to ecology
[dna] air wrote 22 bytes to ecology
[debug-onto] tick=150 corpus=141929 stage=2 freeze=0
[dna] air wrote 70 bytes to ecology
[dna] air wrote 30 bytes to ecology
[dna] air wrote 147 bytes to ecology
[dna] air wrote 48 bytes to ecology
[dna] air wrote 124 bytes to ecology
[dna] air wrote 115 bytes to ecology
[dna] air wrote 139 bytes to ecology
[dna] air wrote 99 bytes to ecology
[dna] air wrote 111 bytes to ecology
[dna] air wrote 147 bytes to ecology
[dna] air wrote 197 bytes to ecology
[dna] air wrote 78 bytes to ecology
[dna] air wrote 106 bytes to ecology
[dna] air wrote 60 bytes to ecology
[dna] air wrote 109 bytes to ecology
[dna] air wrote 43 bytes to ecology
[dna] air wrote 56 bytes to ecology
[debug-onto] tick=200 corpus=141929 stage=2 freeze=0
[dna] air wrote 100 bytes to ecology
[dna] air wrote 29 bytes to ecology
[dna] air wrote 80 bytes to ecology
[dna] air wrote 116 bytes to ecology
[dna] air wrote 32 bytes to ecology
[dna] air wrote 11 bytes to ecology
[dna] air wrote 235 bytes to ecology
[dna] air wrote 72 bytes to ecology
[dna] air wrote 83 bytes to ecology
[dna] air wrote 14 bytes to ecology
[dna] air wrote 127 bytes to ecology
[dna] air wrote 64 bytes to ecology
[dna] air wrote 27 bytes to ecology
[dna] air wrote 94 bytes to ecology
[dna] air wrote 28 bytes to ecology
[dna] air wrote 104 bytes to ecology
[dna] air wrote 93 bytes to ecology
[debug-onto] tick=250 corpus=141929 stage=2 freeze=0
[dna] air wrote 15 bytes to ecology
[dna] air wrote 38 bytes to ecology
[dna] air wrote 226 bytes to ecology
[dna] air wrote 91 bytes to ecology
[dna] air wrote 53 bytes to ecology
[dna] air wrote 128 bytes to ecology
[dna] air wrote 27 bytes to ecology
[dna] air wrote 106 bytes to ecology
[dna] air wrote 28 bytes to ecology
[dna] air wrote 40 bytes to ecology
[dna] air wrote 33 bytes to ecology
[dna] air wrote 158 bytes to ecology
[dna] air wrote 52 bytes to ecology
[dna] air wrote 39 bytes to ecology
[dna] air wrote 163 bytes to ecology
[dna] air wrote 132 bytes to ecology
[debug-onto] tick=300 corpus=141929 stage=2 freeze=0
[dna] air wrote 73 bytes to ecology
[dna] air wrote 102 bytes to ecology
[dna] air wrote 110 bytes to ecology
[dna] air wrote 54 bytes to ecology
[dna] air wrote 89 bytes to ecology
[dna] air wrote 61 bytes to ecology
[dna] air wrote 51 bytes to ecology
[dna] air wrote 10 bytes to ecology
[dna] air wrote 40 bytes to ecology
[dna] air wrote 116 bytes to ecology
[dna] air wrote 127 bytes to ecology
[dna] air wrote 40 bytes to ecology
[dna] air wrote 60 bytes to ecology
[dna] air wrote 109 bytes to ecology
[dna] air wrote 39 bytes to ecology
[dna] air wrote 44 bytes to ecology
[dna] air wrote 183 bytes to ecology
[debug-onto] tick=350 corpus=141929 stage=2 freeze=0
[dna] air wrote 99 bytes to ecology
[dna] air wrote 29 bytes to ecology
[dna] air wrote 50 bytes to ecology
[dna] air wrote 102 bytes to ecology
[dna] air wrote 38 bytes to ecology
[dna] air wrote 39 bytes to ecology
[dna] air wrote 55 bytes to ecology
[dna] air wrote 26 bytes to ecology
[dna] air wrote 243 bytes to ecology
[dna] air wrote 36 bytes to ecology
[dna] air wrote 63 bytes to ecology
[dna] air wrote 87 bytes to ecology
[dna] air wrote 23 bytes to ecology
[dna] air wrote 33 bytes to ecology
[dna] air wrote 47 bytes to ecology
[dna] air wrote 34 bytes to ecology
[dna] air wrote 71 bytes to ecology
[debug-onto] tick=400 corpus=141929 stage=2 freeze=0
[dna] air wrote 38 bytes to ecology
[dna] air wrote 35 bytes to ecology
[dna] air wrote 88 bytes to ecology
[dna] air wrote 127 bytes to ecology
[dna] air wrote 203 bytes to ecology
[dna] air wrote 24 bytes to ecology
[dna] air wrote 20 bytes to ecology
[dna] air wrote 18 bytes to ecology
[dna] air wrote 230 bytes to ecology
[dna] air wrote 243 bytes to ecology
[dna] air wrote 27 bytes to ecology
[dna] air wrote 58 bytes to ecology
[dna] air wrote 39 bytes to ecology
[dna] air wrote 33 bytes to ecology
[dna] air wrote 35 bytes to ecology
[dna] air wrote 59 bytes to ecology
[debug-onto] tick=450 corpus=141929 stage=2 freeze=0
[dna] air wrote 137 bytes to ecology
[dna] air wrote 92 bytes to ecology
[dna] air wrote 55 bytes to ecology
[dna] air wrote 51 bytes to ecology
[dna] air wrote 120 bytes to ecology
[dna] air wrote 39 bytes to ecology
[dna] air wrote 61 bytes to ecology
[dna] air wrote 8 bytes to ecology
[dna] air wrote 201 bytes to ecology
[dna] air wrote 37 bytes to ecology
[dna] air wrote 142 bytes to ecology
[dna] air wrote 57 bytes to ecology
[dna] air wrote 144 bytes to ecology
[dna] air wrote 72 bytes to ecology
[dna] air wrote 91 bytes to ecology
[dna] air wrote 39 bytes to ecology
[dna] air wrote 73 bytes to ecology
[debug-onto] tick=500 corpus=141929 stage=2 freeze=0
[dna] air wrote 27 bytes to ecology
[dna] air wrote 42 bytes to ecology
[dna] air wrote 123 bytes to ecology
[dna] air wrote 66 bytes to ecology
[dna] air wrote 123 bytes to ecology
[dna] air wrote 28 bytes to ecology
[dna] air wrote 108 bytes to ecology
[dna] air wrote 39 bytes to ecology
[dna] air wrote 53 bytes to ecology
[dna] air wrote 62 bytes to ecology
[dna] air wrote 342 bytes to ecology
[dna] air wrote 113 bytes to ecology
[dna] air wrote 67 bytes to ecology
[dna] air wrote 77 bytes to ecology
[dna] air wrote 119 bytes to ecology
[dna] air wrote 32 bytes to ecology
[dna] air wrote 50 bytes to ecology
[debug-onto] tick=550 corpus=141929 stage=2 freeze=0
[dna] air wrote 130 bytes to ecology
[dna] air wrote 27 bytes to ecology
[dna] air wrote 93 bytes to ecology
[dna] air wrote 117 bytes to ecology
[dna] air wrote 47 bytes to ecology
[dna] air wrote 63 bytes to ecology
[dna] air wrote 40 bytes to ecology
[dna] air wrote 98 bytes to ecology
[dna] air wrote 55 bytes to ecology
[dna] air wrote 96 bytes to ecology
[dna] air wrote 15 bytes to ecology
[dna] air wrote 78 bytes to ecology
[dna] air wrote 94 bytes to ecology
[dna] air wrote 69 bytes to ecology
[dna] air wrote 94 bytes to ecology
[dna] air wrote 59 bytes to ecology
[debug-onto] tick=600 corpus=141929 stage=2 freeze=0
[dna] air wrote 125 bytes to ecology
[dna] air wrote 29 bytes to ecology
[dna] air wrote 146 bytes to ecology
[dna] air wrote 128 bytes to ecology
[dna] air wrote 45 bytes to ecology
[dna] air wrote 14 bytes to ecology
[dna] air wrote 28 bytes to ecology
[dna] air wrote 35 bytes to ecology
[dna] air wrote 224 bytes to ecology
[dna] air wrote 174 bytes to ecology
[dna] air wrote 72 bytes to ecology
[dna] air wrote 63 bytes to ecology
[dna] air wrote 27 bytes to ecology
[dna] air wrote 25 bytes to ecology
[dna] air wrote 159 bytes to ecology
[dna] air wrote 137 bytes to ecology
[dna] air wrote 66 bytes to ecology
[debug-onto] tick=650 corpus=141929 stage=2 freeze=0
[dna] air wrote 55 bytes to ecology
[dna] air wrote 53 bytes to ecology
[dna] air wrote 36 bytes to ecology
[dna] air wrote 169 bytes to ecology
[dna] air wrote 179 bytes to ecology
[dna] air wrote 61 bytes to ecology
[dna] air wrote 33 bytes to ecology
[dna] air wrote 69 bytes to ecology
[dna] air wrote 136 bytes to ecology
[dna] air wrote 39 bytes to ecology
[dna] air wrote 40 bytes to ecology
[dna] air wrote 74 bytes to ecology
[dna] air wrote 62 bytes to ecology
[dna] air wrote 30 bytes to ecology
[dna] air wrote 105 bytes to ecology
[dna] air wrote 66 bytes to ecology
[dna] air wrote 41 bytes to ecology
[debug-onto] tick=700 corpus=141929 stage=2 freeze=0
[dna] air wrote 80 bytes to ecology
[dna] air wrote 129 bytes to ecology
[dna] air wrote 34 bytes to ecology
[dna] air wrote 74 bytes to ecology
[dna] air wrote 64 bytes to ecology

[evolution] Organism shutting down gracefully.
