[ecology] Element: fire → corpus: nonames_fire.txt
[evolution] Autonomous evolution mode — organism will grow through all stages without pause.
[ecology] Joined swarm. 1 peer(s) detected.
molequla is alive. [evolution] Autonomous mode — background trainer running. Ctrl+C to stop.
[dna] fire wrote 50 bytes to ecology
[dna] fire consumed 15841 bytes from 218 files: [water/gen_1778571163_1.txt water/gen_1778571180_4.txt water/gen_1778571189_7.txt water/gen_1778571197_10.txt water/gen_1778571205_13.txt water/gen_1778571213_16.txt water/gen_1778571222_19.txt water/gen_1778571230_22.txt water/gen_1778571238_25.txt water/gen_1778571246_28.txt water/gen_1778571254_31.txt water/gen_1778571263_34.txt water/gen_1778571271_37.txt water/gen_1778571279_40.txt water/gen_1778571288_43.txt water/gen_1778571296_46.txt water/gen_1778571304_49.txt water/gen_1778571312_52.txt water/gen_1778571320_55.txt water/gen_1778571329_58.txt water/gen_1778571337_61.txt water/gen_1778571345_64.txt water/gen_1778571354_67.txt water/gen_1778571362_70.txt water/gen_1778571370_73.txt water/gen_1778571378_76.txt water/gen_1778571387_79.txt water/gen_1778571395_82.txt water/gen_1778571403_85.txt water/gen_1778571411_88.txt water/gen_1778571420_91.txt water/gen_1778571428_94.txt water/gen_1778571436_97.txt water/gen_1778571444_100.txt water/gen_1778571452_103.txt water/gen_1778571461_106.txt water/gen_1778571469_109.txt water/gen_1778571477_112.txt water/gen_1778571485_115.txt water/gen_1778571494_118.txt water/gen_1778571502_121.txt water/gen_1778571510_124.txt water/gen_1778571518_127.txt water/gen_1778571526_130.txt water/gen_1778571535_133.txt water/gen_1778571543_136.txt water/gen_1778571551_139.txt water/gen_1778571559_142.txt water/gen_1778571568_145.txt water/gen_1778571576_148.txt water/gen_1778571584_151.txt water/gen_1778571592_154.txt water/gen_1778571601_157.txt water/gen_1778571609_160.txt water/gen_1778571617_163.txt water/gen_1778571625_166.txt water/gen_1778571633_169.txt water/gen_1778571642_172.txt water/gen_1778571650_175.txt water/gen_1778571658_178.txt water/gen_1778571666_181.txt water/gen_1778571674_184.txt water/gen_1778571683_187.txt water/gen_1778571691_190.txt water/gen_1778571699_193.txt water/gen_1778571707_196.txt water/gen_1778571716_199.txt water/gen_1778571724_202.txt water/gen_1778571732_205.txt water/gen_1778571740_208.txt water/gen_1778571749_211.txt water/gen_1778571757_214.txt water/gen_1778571765_217.txt water/gen_1778571773_220.txt water/gen_1778571781_223.txt water/gen_1778571790_226.txt water/gen_1778571798_229.txt water/gen_1778571806_232.txt water/gen_1778571814_235.txt water/gen_1778571823_238.txt water/gen_1778571831_241.txt water/gen_1778571839_244.txt water/gen_1778571847_247.txt water/gen_1778571856_250.txt water/gen_1778571864_253.txt water/gen_1778571872_256.txt water/gen_1778571880_259.txt water/gen_1778571888_262.txt water/gen_1778571897_265.txt water/gen_1778571905_268.txt water/gen_1778571913_271.txt water/gen_1778571921_274.txt water/gen_1778571929_277.txt water/gen_1778571938_280.txt water/gen_1778571946_283.txt water/gen_1778571954_286.txt water/gen_1778571962_289.txt water/gen_1778571971_292.txt water/gen_1778571979_295.txt water/gen_1778571987_298.txt water/gen_1778571995_301.txt water/gen_1778572003_304.txt water/gen_1778572011_307.txt water/gen_1778572020_310.txt water/gen_1778572028_313.txt water/gen_1778572036_316.txt water/gen_1778572045_319.txt water/gen_1778572053_322.txt water/gen_1778572061_325.txt water/gen_1778572069_328.txt water/gen_1778572077_331.txt water/gen_1778572085_334.txt water/gen_1778572094_337.txt water/gen_1778572102_340.txt water/gen_1778572110_343.txt water/gen_1778572118_346.txt water/gen_1778572126_349.txt water/gen_1778572134_352.txt water/gen_1778572142_355.txt water/gen_1778572151_358.txt water/gen_1778572159_361.txt water/gen_1778572167_364.txt water/gen_1778572175_367.txt water/gen_1778572183_370.txt water/gen_1778572191_373.txt water/gen_1778572199_376.txt water/gen_1778572208_379.txt water/gen_1778572216_382.txt water/gen_1778572224_385.txt water/gen_1778572232_388.txt water/gen_1778572241_391.txt water/gen_1778572249_394.txt water/gen_1778572257_397.txt water/gen_1778572265_400.txt water/gen_1778572274_403.txt water/gen_1778572282_406.txt water/gen_1778572290_409.txt water/gen_1778572298_412.txt water/gen_1778572307_415.txt water/gen_1778572315_418.txt water/gen_1778572323_421.txt water/gen_1778572331_424.txt water/gen_1778572339_427.txt water/gen_1778572347_430.txt water/gen_1778572356_433.txt water/gen_1778572364_436.txt water/gen_1778572372_439.txt water/gen_1778572380_442.txt water/gen_1778572389_445.txt water/gen_1778572397_448.txt water/gen_1778572405_451.txt water/gen_1778572413_454.txt water/gen_1778572421_457.txt water/gen_1778572429_460.txt water/gen_1778572438_463.txt water/gen_1778572446_466.txt water/gen_1778572454_469.txt water/gen_1778572462_472.txt water/gen_1778572471_475.txt water/gen_1778572479_478.txt water/gen_1778572487_481.txt water/gen_1778572495_484.txt water/gen_1778572503_487.txt water/gen_1778572512_490.txt water/gen_1778572520_493.txt water/gen_1778572528_496.txt water/gen_1778572536_499.txt water/gen_1778572545_502.txt water/gen_1778572553_505.txt water/gen_1778572561_508.txt water/gen_1778572569_511.txt water/gen_1778572578_514.txt water/gen_1778572586_517.txt water/gen_1778572594_520.txt water/gen_1778572602_523.txt water/gen_1778572610_526.txt water/gen_1778572619_529.txt water/gen_1778572627_532.txt water/gen_1778572635_535.txt water/gen_1778572643_538.txt water/gen_1778572651_541.txt water/gen_1778572659_544.txt water/gen_1778572667_547.txt water/gen_1778572676_550.txt water/gen_1778572684_553.txt water/gen_1778572692_556.txt water/gen_1778572701_559.txt water/gen_1778572709_562.txt water/gen_1778572717_565.txt water/gen_1778572725_568.txt water/gen_1778572733_571.txt water/gen_1778572741_574.txt water/gen_1778572750_577.txt water/gen_1778572758_580.txt water/gen_1778572766_583.txt water/gen_1778572774_586.txt water/gen_1778572783_589.txt water/gen_1778572791_592.txt water/gen_1778572799_595.txt water/gen_1778572807_598.txt water/gen_1778572816_601.txt water/gen_1778572824_604.txt water/gen_1778572832_607.txt water/gen_1778572840_610.txt water/gen_1778572849_613.txt water/gen_1778572857_616.txt water/gen_1778572865_619.txt water/gen_1778572873_622.txt water/gen_1778572882_625.txt water/gen_1778572890_628.txt water/gen_1778572898_631.txt water/gen_1778572907_634.txt water/gen_1778572915_637.txt water/gen_1778572923_640.txt water/gen_1778572931_643.txt water/gen_1778572940_646.txt water/gen_1778572948_649.txt water/gen_1778572956_652.txt]
[trainer] micro-train burst (15841 bytes, novelty 0.05) — and lo, it feeds again.
[syntropy] action=realign | trend=0.0000 | field_dev=-0.043 | purpose_align=-0.309 | lr_mul=0.65
[aml] burst complete: 32 steps, avg loss 1.7519 (memory freed)
[dna] fire wrote 75 bytes to ecology
[dna] fire wrote 52 bytes to ecology
[dna] fire wrote 60 bytes to ecology
[dna] fire wrote 84 bytes to ecology
[dna] fire wrote 47 bytes to ecology
[dna] fire wrote 36 bytes to ecology
[dna] fire wrote 35 bytes to ecology
[dna] fire wrote 57 bytes to ecology
[dna] fire wrote 84 bytes to ecology
[dna] fire wrote 52 bytes to ecology
[dna] fire wrote 14 bytes to ecology
[dna] fire wrote 25 bytes to ecology
[dna] fire wrote 100 bytes to ecology
[dna] fire wrote 35 bytes to ecology
[dna] fire wrote 45 bytes to ecology
[dna] fire wrote 96 bytes to ecology
[debug-onto] tick=50 corpus=137959 stage=2 freeze=0
[dna] fire wrote 68 bytes to ecology
[dna] fire wrote 52 bytes to ecology
[dna] fire wrote 69 bytes to ecology
[dna] fire wrote 48 bytes to ecology
[dna] fire wrote 15 bytes to ecology
[dna] fire wrote 25 bytes to ecology
[dna] fire wrote 81 bytes to ecology
[dna] fire wrote 62 bytes to ecology
[dna] fire wrote 65 bytes to ecology
[dna] fire wrote 77 bytes to ecology
[dna] fire wrote 106 bytes to ecology
[dna] fire wrote 26 bytes to ecology
[dna] fire wrote 105 bytes to ecology
[dna] fire wrote 35 bytes to ecology
[dna] fire wrote 119 bytes to ecology
[dna] fire wrote 24 bytes to ecology
[dna] fire wrote 40 bytes to ecology
[debug-onto] tick=100 corpus=137959 stage=2 freeze=0
[dna] fire wrote 71 bytes to ecology
[dna] fire wrote 21 bytes to ecology
[dna] fire wrote 30 bytes to ecology
[dna] fire wrote 23 bytes to ecology
[dna] fire wrote 9 bytes to ecology
[dna] fire wrote 31 bytes to ecology
[dna] fire wrote 115 bytes to ecology
[dna] fire wrote 59 bytes to ecology
[dna] fire wrote 74 bytes to ecology
[dna] fire wrote 111 bytes to ecology
[dna] fire wrote 24 bytes to ecology
[dna] fire wrote 14 bytes to ecology
[dna] fire wrote 18 bytes to ecology
[dna] fire wrote 72 bytes to ecology
[dna] fire wrote 46 bytes to ecology
[dna] fire wrote 42 bytes to ecology
[debug-onto] tick=150 corpus=137959 stage=2 freeze=0
[dna] fire wrote 77 bytes to ecology
[dna] fire wrote 89 bytes to ecology
[dna] fire wrote 29 bytes to ecology
[dna] fire wrote 102 bytes to ecology
[dna] fire wrote 30 bytes to ecology
[dna] fire wrote 35 bytes to ecology
[dna] fire wrote 34 bytes to ecology
[dna] fire wrote 76 bytes to ecology
[dna] fire wrote 28 bytes to ecology
[dna] fire wrote 52 bytes to ecology
[dna] fire wrote 12 bytes to ecology
[dna] fire wrote 157 bytes to ecology
[dna] fire wrote 41 bytes to ecology
[dna] fire wrote 73 bytes to ecology
[dna] fire wrote 65 bytes to ecology
[dna] fire wrote 59 bytes to ecology
[dna] fire wrote 107 bytes to ecology
[debug-onto] tick=200 corpus=137959 stage=2 freeze=0
[dna] fire wrote 143 bytes to ecology
[dna] fire wrote 82 bytes to ecology
[dna] fire wrote 41 bytes to ecology
[dna] fire wrote 140 bytes to ecology
[dna] fire wrote 109 bytes to ecology
[dna] fire wrote 20 bytes to ecology
[dna] fire wrote 64 bytes to ecology
[dna] fire wrote 324 bytes to ecology
[dna] fire wrote 32 bytes to ecology
[dna] fire wrote 174 bytes to ecology
[dna] fire wrote 13 bytes to ecology
[dna] fire wrote 103 bytes to ecology
[dna] fire wrote 20 bytes to ecology
[dna] fire wrote 53 bytes to ecology
[dna] fire wrote 73 bytes to ecology
[dna] fire wrote 77 bytes to ecology
[dna] fire wrote 132 bytes to ecology
[debug-onto] tick=250 corpus=137959 stage=2 freeze=0
[dna] fire wrote 31 bytes to ecology
[dna] fire wrote 31 bytes to ecology
[dna] fire wrote 158 bytes to ecology
[dna] fire wrote 73 bytes to ecology
[dna] fire wrote 27 bytes to ecology
[dna] fire wrote 155 bytes to ecology
[dna] fire wrote 151 bytes to ecology
[dna] fire wrote 58 bytes to ecology
[dna] fire wrote 33 bytes to ecology
[dna] fire wrote 126 bytes to ecology
[dna] fire wrote 10 bytes to ecology
[dna] fire wrote 85 bytes to ecology
[dna] fire wrote 25 bytes to ecology
[dna] fire wrote 56 bytes to ecology
[dna] fire wrote 41 bytes to ecology
[dna] fire wrote 131 bytes to ecology
[debug-onto] tick=300 corpus=137959 stage=2 freeze=0
[dna] fire wrote 88 bytes to ecology
[dna] fire wrote 72 bytes to ecology
[dna] fire wrote 196 bytes to ecology
[dna] fire wrote 49 bytes to ecology
[dna] fire wrote 42 bytes to ecology
[dna] fire wrote 70 bytes to ecology
[dna] fire wrote 106 bytes to ecology
[dna] fire wrote 117 bytes to ecology
[dna] fire wrote 105 bytes to ecology
[dna] fire wrote 8 bytes to ecology
[dna] fire wrote 164 bytes to ecology
[dna] fire wrote 64 bytes to ecology
[dna] fire wrote 29 bytes to ecology
[dna] fire wrote 19 bytes to ecology
[dna] fire wrote 7 bytes to ecology
[dna] fire wrote 51 bytes to ecology
[dna] fire wrote 34 bytes to ecology
[debug-onto] tick=350 corpus=137959 stage=2 freeze=0
[dna] fire wrote 20 bytes to ecology
[dna] fire wrote 148 bytes to ecology
[dna] fire wrote 16 bytes to ecology
[dna] fire wrote 13 bytes to ecology
[dna] fire wrote 21 bytes to ecology
[dna] fire wrote 39 bytes to ecology
[dna] fire wrote 45 bytes to ecology
[dna] fire wrote 70 bytes to ecology
[dna] fire wrote 21 bytes to ecology
[dna] fire wrote 82 bytes to ecology
[dna] fire wrote 51 bytes to ecology
[dna] fire wrote 25 bytes to ecology
[dna] fire wrote 27 bytes to ecology
[dna] fire wrote 17 bytes to ecology
[dna] fire wrote 56 bytes to ecology
[dna] fire wrote 65 bytes to ecology
[dna] fire wrote 25 bytes to ecology
[debug-onto] tick=400 corpus=137959 stage=2 freeze=0
[dna] fire wrote 94 bytes to ecology
[dna] fire wrote 34 bytes to ecology
[dna] fire wrote 49 bytes to ecology
[dna] fire wrote 57 bytes to ecology
[dna] fire wrote 52 bytes to ecology
[dna] fire wrote 18 bytes to ecology
[dna] fire wrote 89 bytes to ecology
[dna] fire wrote 87 bytes to ecology
[dna] fire wrote 34 bytes to ecology
[dna] fire wrote 74 bytes to ecology
[dna] fire wrote 33 bytes to ecology
[dna] fire wrote 41 bytes to ecology
[dna] fire wrote 35 bytes to ecology
[dna] fire wrote 24 bytes to ecology
[dna] fire wrote 59 bytes to ecology
[dna] fire wrote 99 bytes to ecology
[debug-onto] tick=450 corpus=137959 stage=2 freeze=0
[dna] fire wrote 96 bytes to ecology
[dna] fire wrote 54 bytes to ecology
[dna] fire wrote 24 bytes to ecology
[dna] fire wrote 37 bytes to ecology
[dna] fire wrote 10 bytes to ecology
[dna] fire wrote 115 bytes to ecology
[dna] fire wrote 56 bytes to ecology
[dna] fire wrote 10 bytes to ecology
[dna] fire wrote 83 bytes to ecology
[dna] fire wrote 33 bytes to ecology
[dna] fire wrote 6 bytes to ecology
[dna] fire wrote 33 bytes to ecology
[dna] fire wrote 27 bytes to ecology
[dna] fire wrote 26 bytes to ecology
[dna] fire wrote 31 bytes to ecology
[dna] fire wrote 40 bytes to ecology
[dna] fire wrote 99 bytes to ecology
[debug-onto] tick=500 corpus=137959 stage=2 freeze=0
[dna] fire wrote 54 bytes to ecology
[dna] fire wrote 52 bytes to ecology
[dna] fire wrote 12 bytes to ecology
[dna] fire wrote 97 bytes to ecology
[dna] fire wrote 44 bytes to ecology
[dna] fire wrote 37 bytes to ecology
[dna] fire wrote 39 bytes to ecology
[dna] fire wrote 10 bytes to ecology
[dna] fire wrote 20 bytes to ecology
[dna] fire wrote 22 bytes to ecology
[dna] fire wrote 45 bytes to ecology
[dna] fire wrote 78 bytes to ecology
[dna] fire wrote 40 bytes to ecology
[dna] fire wrote 42 bytes to ecology
[dna] fire wrote 86 bytes to ecology
[dna] fire wrote 133 bytes to ecology
[dna] fire wrote 135 bytes to ecology
[debug-onto] tick=550 corpus=137959 stage=2 freeze=0
[dna] fire wrote 48 bytes to ecology
[dna] fire wrote 13 bytes to ecology
[dna] fire wrote 86 bytes to ecology
[dna] fire wrote 40 bytes to ecology
[dna] fire wrote 54 bytes to ecology
[dna] fire wrote 58 bytes to ecology
[dna] fire wrote 26 bytes to ecology
[dna] fire wrote 20 bytes to ecology
[dna] fire wrote 51 bytes to ecology
[dna] fire wrote 58 bytes to ecology
[dna] fire wrote 118 bytes to ecology
[dna] fire wrote 32 bytes to ecology
[dna] fire wrote 93 bytes to ecology
[dna] fire wrote 103 bytes to ecology
[dna] fire wrote 41 bytes to ecology
[dna] fire wrote 63 bytes to ecology
[debug-onto] tick=600 corpus=137959 stage=2 freeze=0
[dna] fire wrote 31 bytes to ecology
[dna] fire wrote 53 bytes to ecology
[dna] fire wrote 89 bytes to ecology
[dna] fire wrote 17 bytes to ecology
[dna] fire wrote 84 bytes to ecology
[dna] fire wrote 55 bytes to ecology
[dna] fire wrote 43 bytes to ecology
[dna] fire wrote 30 bytes to ecology
[dna] fire wrote 55 bytes to ecology
[dna] fire wrote 8 bytes to ecology
[dna] fire wrote 46 bytes to ecology
[dna] fire wrote 13 bytes to ecology
[dna] fire wrote 92 bytes to ecology
[dna] fire wrote 46 bytes to ecology
[dna] fire wrote 73 bytes to ecology
[dna] fire wrote 33 bytes to ecology
[dna] fire wrote 96 bytes to ecology
[debug-onto] tick=650 corpus=137959 stage=2 freeze=0
[dna] fire wrote 7 bytes to ecology
[dna] fire wrote 36 bytes to ecology
[dna] fire wrote 169 bytes to ecology
[dna] fire wrote 52 bytes to ecology
[dna] fire wrote 42 bytes to ecology
[dna] fire wrote 63 bytes to ecology
[dna] fire wrote 26 bytes to ecology
[dna] fire wrote 88 bytes to ecology
[dna] fire wrote 43 bytes to ecology
[dna] fire wrote 26 bytes to ecology
[dna] fire wrote 54 bytes to ecology
[dna] fire wrote 62 bytes to ecology
[dna] fire wrote 161 bytes to ecology
[dna] fire wrote 111 bytes to ecology
[dna] fire wrote 49 bytes to ecology
[dna] fire wrote 55 bytes to ecology
[dna] fire wrote 131 bytes to ecology
[debug-onto] tick=700 corpus=137959 stage=2 freeze=0
[dna] fire wrote 9 bytes to ecology

[evolution] Organism shutting down gracefully.
