[ecology] Element: air → corpus: nonames_air.txt
[evolution] Autonomous evolution mode — organism will grow through all stages without pause.
[ecology] Joined swarm. 1 peer(s) detected.
molequla is alive. [evolution] Autonomous mode — background trainer running. Ctrl+C to stop.
[dna] air wrote 32 bytes to ecology
[dna] air consumed 33973 bytes from 489 files: [earth/gen_1778394600_1.txt earth/gen_1778394602_2.txt earth/gen_1778394604_3.txt earth/gen_1778394607_4.txt earth/gen_1778394614_7.txt earth/gen_1778394617_8.txt earth/gen_1778394619_9.txt earth/gen_1778394621_10.txt earth/gen_1778394629_13.txt earth/gen_1778394631_14.txt earth/gen_1778394634_15.txt earth/gen_1778394636_16.txt earth/gen_1778394643_19.txt earth/gen_1778394646_20.txt earth/gen_1778394648_21.txt earth/gen_1778394651_22.txt earth/gen_1778394658_25.txt earth/gen_1778394660_26.txt earth/gen_1778394663_27.txt earth/gen_1778394665_28.txt earth/gen_1778394673_31.txt earth/gen_1778394675_32.txt earth/gen_1778394677_33.txt earth/gen_1778394680_34.txt earth/gen_1778394687_37.txt earth/gen_1778394690_38.txt earth/gen_1778394692_39.txt earth/gen_1778394694_40.txt earth/gen_1778394702_43.txt earth/gen_1778394704_44.txt earth/gen_1778394707_45.txt earth/gen_1778394709_46.txt earth/gen_1778394716_49.txt earth/gen_1778394719_50.txt earth/gen_1778394721_51.txt earth/gen_1778394724_52.txt earth/gen_1778394731_55.txt earth/gen_1778394733_56.txt earth/gen_1778394736_57.txt earth/gen_1778394738_58.txt earth/gen_1778394745_61.txt earth/gen_1778394748_62.txt earth/gen_1778394750_63.txt earth/gen_1778394753_64.txt earth/gen_1778394760_67.txt earth/gen_1778394762_68.txt earth/gen_1778394765_69.txt earth/gen_1778394767_70.txt earth/gen_1778394774_73.txt earth/gen_1778394777_74.txt earth/gen_1778394779_75.txt earth/gen_1778394782_76.txt earth/gen_1778394789_79.txt earth/gen_1778394791_80.txt earth/gen_1778394794_81.txt earth/gen_1778394796_82.txt earth/gen_1778394803_85.txt earth/gen_1778394806_86.txt earth/gen_1778394808_87.txt earth/gen_1778394811_88.txt earth/gen_1778394818_91.txt earth/gen_1778394820_92.txt earth/gen_1778394823_93.txt earth/gen_1778394825_94.txt earth/gen_1778394832_97.txt earth/gen_1778394835_98.txt earth/gen_1778394837_99.txt earth/gen_1778394840_100.txt earth/gen_1778394847_103.txt earth/gen_1778394849_104.txt earth/gen_1778394852_105.txt earth/gen_1778394854_106.txt earth/gen_1778394862_109.txt earth/gen_1778394864_110.txt earth/gen_1778394866_111.txt earth/gen_1778394869_112.txt earth/gen_1778394876_115.txt earth/gen_1778394879_116.txt earth/gen_1778394881_117.txt earth/gen_1778394883_118.txt earth/gen_1778394891_121.txt earth/gen_1778394893_122.txt earth/gen_1778394896_123.txt earth/gen_1778394898_124.txt earth/gen_1778394905_127.txt earth/gen_1778394908_128.txt earth/gen_1778394910_129.txt earth/gen_1778394913_130.txt earth/gen_1778394920_133.txt earth/gen_1778394922_134.txt earth/gen_1778394925_135.txt earth/gen_1778394927_136.txt earth/gen_1778394934_139.txt earth/gen_1778394937_140.txt earth/gen_1778394939_141.txt earth/gen_1778394942_142.txt earth/gen_1778394949_145.txt earth/gen_1778394951_146.txt earth/gen_1778394954_147.txt earth/gen_1778394956_148.txt earth/gen_1778394963_151.txt earth/gen_1778394966_152.txt earth/gen_1778394968_153.txt earth/gen_1778394971_154.txt earth/gen_1778394978_157.txt earth/gen_1778394980_158.txt earth/gen_1778394983_159.txt earth/gen_1778394985_160.txt earth/gen_1778394992_163.txt earth/gen_1778394995_164.txt earth/gen_1778394997_165.txt earth/gen_1778395000_166.txt earth/gen_1778395007_169.txt earth/gen_1778395010_170.txt earth/gen_1778395012_171.txt earth/gen_1778395014_172.txt earth/gen_1778395022_175.txt earth/gen_1778395024_176.txt earth/gen_1778395027_177.txt earth/gen_1778395029_178.txt earth/gen_1778395036_181.txt earth/gen_1778395038_182.txt earth/gen_1778395041_183.txt earth/gen_1778395043_184.txt earth/gen_1778395050_187.txt earth/gen_1778395053_188.txt earth/gen_1778395055_189.txt earth/gen_1778395058_190.txt earth/gen_1778395065_193.txt earth/gen_1778395067_194.txt earth/gen_1778395070_195.txt earth/gen_1778395072_196.txt earth/gen_1778395079_199.txt earth/gen_1778395082_200.txt earth/gen_1778395084_201.txt earth/gen_1778395086_202.txt earth/gen_1778395094_205.txt earth/gen_1778395096_206.txt earth/gen_1778395098_207.txt earth/gen_1778395101_208.txt earth/gen_1778395108_211.txt earth/gen_1778395110_212.txt earth/gen_1778395113_213.txt earth/gen_1778395115_214.txt earth/gen_1778395122_217.txt earth/gen_1778395125_218.txt earth/gen_1778395127_219.txt earth/gen_1778395129_220.txt earth/gen_1778395137_223.txt earth/gen_1778395139_224.txt earth/gen_1778395141_225.txt earth/gen_1778395144_226.txt earth/gen_1778395151_229.txt earth/gen_1778395153_230.txt earth/gen_1778395156_231.txt earth/gen_1778395158_232.txt earth/gen_1778395165_235.txt earth/gen_1778395167_236.txt earth/gen_1778395170_237.txt earth/gen_1778395172_238.txt earth/gen_1778395182_242.txt earth/gen_1778395184_243.txt earth/gen_1778395186_244.txt earth/gen_1778395196_248.txt earth/gen_1778395198_249.txt earth/gen_1778395201_250.txt earth/gen_1778395208_253.txt earth/gen_1778395210_254.txt earth/gen_1778395213_255.txt earth/gen_1778395215_256.txt earth/gen_1778395222_259.txt earth/gen_1778395225_260.txt earth/gen_1778395227_261.txt earth/gen_1778395229_262.txt earth/gen_1778395236_265.txt earth/gen_1778395239_266.txt earth/gen_1778395241_267.txt earth/gen_1778395244_268.txt earth/gen_1778395251_271.txt earth/gen_1778395253_272.txt earth/gen_1778395255_273.txt earth/gen_1778395258_274.txt earth/gen_1778395265_277.txt earth/gen_1778395267_278.txt earth/gen_1778395270_279.txt earth/gen_1778395272_280.txt earth/gen_1778395280_283.txt earth/gen_1778395282_284.txt earth/gen_1778395284_285.txt earth/gen_1778395287_286.txt earth/gen_1778395294_289.txt earth/gen_1778395297_290.txt earth/gen_1778395299_291.txt earth/gen_1778395301_292.txt earth/gen_1778395309_295.txt earth/gen_1778395311_296.txt earth/gen_1778395313_297.txt earth/gen_1778395316_298.txt earth/gen_1778395323_301.txt earth/gen_1778395328_303.txt earth/gen_1778395330_304.txt earth/gen_1778395338_307.txt earth/gen_1778395340_308.txt earth/gen_1778395343_309.txt earth/gen_1778395345_310.txt earth/gen_1778395352_313.txt earth/gen_1778395355_314.txt earth/gen_1778395357_315.txt earth/gen_1778395360_316.txt earth/gen_1778395367_319.txt earth/gen_1778395369_320.txt earth/gen_1778395372_321.txt earth/gen_1778395374_322.txt earth/gen_1778395381_325.txt earth/gen_1778395384_326.txt earth/gen_1778395386_327.txt earth/gen_1778395389_328.txt earth/gen_1778395396_331.txt earth/gen_1778395398_332.txt earth/gen_1778395401_333.txt earth/gen_1778395403_334.txt earth/gen_1778395410_337.txt earth/gen_1778395413_338.txt earth/gen_1778395415_339.txt earth/gen_1778395418_340.txt earth/gen_1778395425_343.txt earth/gen_1778395427_344.txt earth/gen_1778395430_345.txt earth/gen_1778395432_346.txt earth/gen_1778395439_349.txt earth/gen_1778395442_350.txt earth/gen_1778395444_351.txt earth/gen_1778395447_352.txt earth/gen_1778395454_355.txt earth/gen_1778395456_356.txt earth/gen_1778395459_357.txt earth/gen_1778395461_358.txt earth/gen_1778395468_361.txt earth/gen_1778395471_362.txt earth/gen_1778395473_363.txt earth/gen_1778395476_364.txt earth/gen_1778395483_367.txt earth/gen_1778395486_368.txt earth/gen_1778395488_369.txt earth/gen_1778395490_370.txt earth/gen_1778395498_373.txt earth/gen_1778395500_374.txt earth/gen_1778395502_375.txt earth/gen_1778395505_376.txt earth/gen_1778395512_379.txt earth/gen_1778395515_380.txt earth/gen_1778395517_381.txt earth/gen_1778395519_382.txt earth/gen_1778395527_385.txt earth/gen_1778395529_386.txt earth/gen_1778395531_387.txt earth/gen_1778395534_388.txt earth/gen_1778395541_391.txt earth/gen_1778395543_392.txt earth/gen_1778395546_393.txt earth/gen_1778395548_394.txt earth/gen_1778395555_397.txt earth/gen_1778395558_398.txt earth/gen_1778395560_399.txt earth/gen_1778395563_400.txt earth/gen_1778395570_403.txt earth/gen_1778395573_404.txt earth/gen_1778395575_405.txt earth/gen_1778395577_406.txt earth/gen_1778395585_409.txt earth/gen_1778395587_410.txt earth/gen_1778395589_411.txt earth/gen_1778395592_412.txt earth/gen_1778395599_415.txt earth/gen_1778395601_416.txt earth/gen_1778395604_417.txt earth/gen_1778395606_418.txt earth/gen_1778395614_421.txt earth/gen_1778395616_422.txt earth/gen_1778395618_423.txt earth/gen_1778395621_424.txt earth/gen_1778395628_427.txt earth/gen_1778395631_428.txt earth/gen_1778395633_429.txt earth/gen_1778395635_430.txt earth/gen_1778395643_433.txt earth/gen_1778395645_434.txt earth/gen_1778395647_435.txt earth/gen_1778395650_436.txt earth/gen_1778395657_439.txt earth/gen_1778395660_440.txt earth/gen_1778395662_441.txt earth/gen_1778395665_442.txt earth/gen_1778395672_445.txt earth/gen_1778395674_446.txt earth/gen_1778395677_447.txt earth/gen_1778395679_448.txt earth/gen_1778395686_451.txt earth/gen_1778395689_452.txt earth/gen_1778395691_453.txt earth/gen_1778395693_454.txt earth/gen_1778395701_457.txt earth/gen_1778395703_458.txt earth/gen_1778395705_459.txt earth/gen_1778395708_460.txt earth/gen_1778395715_463.txt earth/gen_1778395717_464.txt earth/gen_1778395720_465.txt earth/gen_1778395722_466.txt earth/gen_1778395729_469.txt earth/gen_1778395732_470.txt earth/gen_1778395734_471.txt earth/gen_1778395736_472.txt earth/gen_1778395744_475.txt earth/gen_1778395746_476.txt earth/gen_1778395748_477.txt earth/gen_1778395751_478.txt earth/gen_1778395758_481.txt earth/gen_1778395760_482.txt earth/gen_1778395763_483.txt earth/gen_1778395765_484.txt earth/gen_1778395772_487.txt earth/gen_1778395775_488.txt earth/gen_1778395777_489.txt earth/gen_1778395779_490.txt earth/gen_1778395787_493.txt earth/gen_1778395789_494.txt earth/gen_1778395791_495.txt earth/gen_1778395794_496.txt earth/gen_1778395801_499.txt earth/gen_1778395803_500.txt earth/gen_1778395806_501.txt earth/gen_1778395808_502.txt earth/gen_1778395815_505.txt earth/gen_1778395818_506.txt earth/gen_1778395820_507.txt earth/gen_1778395823_508.txt earth/gen_1778395830_511.txt earth/gen_1778395832_512.txt earth/gen_1778395835_513.txt earth/gen_1778395837_514.txt earth/gen_1778395844_517.txt earth/gen_1778395847_518.txt earth/gen_1778395849_519.txt earth/gen_1778395851_520.txt earth/gen_1778395859_523.txt earth/gen_1778395861_524.txt earth/gen_1778395863_525.txt earth/gen_1778395866_526.txt earth/gen_1778395873_529.txt earth/gen_1778395875_530.txt earth/gen_1778395878_531.txt earth/gen_1778395880_532.txt earth/gen_1778395887_535.txt earth/gen_1778395890_536.txt earth/gen_1778395892_537.txt earth/gen_1778395894_538.txt earth/gen_1778395902_541.txt earth/gen_1778395904_542.txt earth/gen_1778395906_543.txt earth/gen_1778395909_544.txt earth/gen_1778395916_547.txt earth/gen_1778395918_548.txt earth/gen_1778395921_549.txt earth/gen_1778395923_550.txt earth/gen_1778395930_553.txt earth/gen_1778395933_554.txt earth/gen_1778395935_555.txt earth/gen_1778395938_556.txt earth/gen_1778395945_559.txt earth/gen_1778395947_560.txt earth/gen_1778395950_561.txt earth/gen_1778395952_562.txt earth/gen_1778395959_565.txt earth/gen_1778395961_566.txt earth/gen_1778395964_567.txt earth/gen_1778395966_568.txt earth/gen_1778395973_571.txt earth/gen_1778395976_572.txt earth/gen_1778395978_573.txt earth/gen_1778395981_574.txt earth/gen_1778395988_577.txt earth/gen_1778395990_578.txt earth/gen_1778395992_579.txt earth/gen_1778395995_580.txt earth/gen_1778396002_583.txt earth/gen_1778396004_584.txt earth/gen_1778396007_585.txt earth/gen_1778396009_586.txt earth/gen_1778396016_589.txt earth/gen_1778396019_590.txt earth/gen_1778396021_591.txt earth/gen_1778396024_592.txt earth/gen_1778396031_595.txt earth/gen_1778396033_596.txt earth/gen_1778396035_597.txt earth/gen_1778396038_598.txt earth/gen_1778396045_601.txt earth/gen_1778396047_602.txt earth/gen_1778396050_603.txt earth/gen_1778396052_604.txt earth/gen_1778396059_607.txt earth/gen_1778396062_608.txt earth/gen_1778396064_609.txt earth/gen_1778396067_610.txt earth/gen_1778396074_613.txt earth/gen_1778396076_614.txt earth/gen_1778396079_615.txt earth/gen_1778396081_616.txt earth/gen_1778396088_619.txt earth/gen_1778396091_620.txt earth/gen_1778396093_621.txt earth/gen_1778396095_622.txt earth/gen_1778396103_625.txt earth/gen_1778396105_626.txt earth/gen_1778396107_627.txt earth/gen_1778396110_628.txt earth/gen_1778396117_631.txt earth/gen_1778396119_632.txt earth/gen_1778396122_633.txt earth/gen_1778396124_634.txt earth/gen_1778396131_637.txt earth/gen_1778396134_638.txt earth/gen_1778396136_639.txt earth/gen_1778396139_640.txt earth/gen_1778396146_643.txt earth/gen_1778396148_644.txt earth/gen_1778396151_645.txt earth/gen_1778396153_646.txt earth/gen_1778396160_649.txt earth/gen_1778396163_650.txt earth/gen_1778396165_651.txt earth/gen_1778396167_652.txt earth/gen_1778396175_655.txt earth/gen_1778396177_656.txt earth/gen_1778396179_657.txt earth/gen_1778396182_658.txt earth/gen_1778396189_661.txt earth/gen_1778396191_662.txt earth/gen_1778396194_663.txt earth/gen_1778396196_664.txt earth/gen_1778396203_667.txt earth/gen_1778396206_668.txt earth/gen_1778396208_669.txt earth/gen_1778396211_670.txt earth/gen_1778396218_673.txt earth/gen_1778396220_674.txt earth/gen_1778396223_675.txt earth/gen_1778396225_676.txt earth/gen_1778396232_679.txt earth/gen_1778396234_680.txt earth/gen_1778396237_681.txt earth/gen_1778396239_682.txt earth/gen_1778396246_685.txt earth/gen_1778396249_686.txt earth/gen_1778396251_687.txt earth/gen_1778396254_688.txt earth/gen_1778396261_691.txt earth/gen_1778396263_692.txt earth/gen_1778396266_693.txt earth/gen_1778396268_694.txt earth/gen_1778396275_697.txt earth/gen_1778396278_698.txt earth/gen_1778396280_699.txt earth/gen_1778396282_700.txt earth/gen_1778396290_703.txt earth/gen_1778396292_704.txt earth/gen_1778396294_705.txt earth/gen_1778396297_706.txt earth/gen_1778396304_709.txt earth/gen_1778396306_710.txt earth/gen_1778396309_711.txt earth/gen_1778396311_712.txt earth/gen_1778396318_715.txt earth/gen_1778396321_716.txt earth/gen_1778396323_717.txt earth/gen_1778396325_718.txt earth/gen_1778396333_721.txt earth/gen_1778396335_722.txt earth/gen_1778396338_723.txt earth/gen_1778396340_724.txt earth/gen_1778396347_727.txt earth/gen_1778396349_728.txt earth/gen_1778396352_729.txt earth/gen_1778396354_730.txt earth/gen_1778396361_733.txt earth/gen_1778396364_734.txt earth/gen_1778396366_735.txt earth/gen_1778396369_736.txt]
[trainer] micro-train burst (33973 bytes, novelty 0.02) — and lo, it feeds again.
[syntropy] action=explore | trend=0.0000 | field_dev=-0.020 | purpose_align=-0.147 | lr_mul=1.30
[aml] burst complete: 32 steps, avg loss 2.7275 (memory freed)
[dna] air wrote 22 bytes to ecology
[dna] air wrote 32 bytes to ecology
[dna] air wrote 94 bytes to ecology
[dna] air wrote 91 bytes to ecology
[dna] air wrote 74 bytes to ecology
[dna] air wrote 191 bytes to ecology
[dna] air wrote 41 bytes to ecology
[dna] air wrote 32 bytes to ecology
[dna] air wrote 82 bytes to ecology
[dna] air wrote 39 bytes to ecology
[dna] air wrote 28 bytes to ecology
[dna] air wrote 42 bytes to ecology
[dna] air wrote 68 bytes to ecology
[dna] air wrote 30 bytes to ecology
[dna] air wrote 54 bytes to ecology
[dna] air wrote 96 bytes to ecology
[dna] air wrote 79 bytes to ecology
[dna] air wrote 24 bytes to ecology
[dna] air wrote 34 bytes to ecology
[dna] air wrote 31 bytes to ecology
[dna] air wrote 40 bytes to ecology
[dna] air wrote 44 bytes to ecology
[dna] air wrote 137 bytes to ecology
[dna] air wrote 30 bytes to ecology
[dna] air wrote 130 bytes to ecology
[debug-onto] tick=50 corpus=156778 stage=2 freeze=0
[dna] air wrote 40 bytes to ecology
[dna] air wrote 63 bytes to ecology
[dna] air wrote 43 bytes to ecology
[dna] air wrote 83 bytes to ecology
[dna] air wrote 62 bytes to ecology
[dna] air wrote 113 bytes to ecology
[dna] air wrote 93 bytes to ecology
[dna] air wrote 86 bytes to ecology
[dna] air wrote 29 bytes to ecology
[dna] air wrote 53 bytes to ecology
[dna] air wrote 64 bytes to ecology
[dna] air wrote 31 bytes to ecology
[dna] air wrote 115 bytes to ecology
[dna] air wrote 38 bytes to ecology
[dna] air wrote 111 bytes to ecology
[dna] air wrote 91 bytes to ecology
[dna] air wrote 98 bytes to ecology
[dna] air wrote 38 bytes to ecology
[dna] air wrote 93 bytes to ecology
[dna] air wrote 39 bytes to ecology
[dna] air wrote 41 bytes to ecology
[dna] air wrote 25 bytes to ecology
[dna] air wrote 38 bytes to ecology
[dna] air wrote 57 bytes to ecology
[dna] air wrote 200 bytes to ecology
[debug-onto] tick=100 corpus=156778 stage=2 freeze=0
[dna] air wrote 57 bytes to ecology
[dna] air wrote 73 bytes to ecology
[dna] air wrote 139 bytes to ecology
[dna] air wrote 74 bytes to ecology
[dna] air wrote 156 bytes to ecology
[dna] air wrote 120 bytes to ecology
[dna] air wrote 74 bytes to ecology
[dna] air wrote 99 bytes to ecology
[dna] air wrote 41 bytes to ecology
[dna] air wrote 61 bytes to ecology
[dna] air wrote 69 bytes to ecology
[dna] air wrote 77 bytes to ecology
[dna] air wrote 95 bytes to ecology
[dna] air wrote 57 bytes to ecology
[dna] air wrote 104 bytes to ecology
[dna] air wrote 27 bytes to ecology
[dna] air wrote 74 bytes to ecology
[dna] air wrote 67 bytes to ecology
[dna] air wrote 109 bytes to ecology
[dna] air wrote 90 bytes to ecology
[dna] air wrote 74 bytes to ecology
[dna] air wrote 54 bytes to ecology
[dna] air wrote 70 bytes to ecology
[dna] air wrote 70 bytes to ecology
[debug-onto] tick=150 corpus=156778 stage=2 freeze=0
[dna] air wrote 61 bytes to ecology
[dna] air wrote 68 bytes to ecology
[dna] air wrote 39 bytes to ecology
[dna] air wrote 160 bytes to ecology
[dna] air wrote 99 bytes to ecology
[dna] air wrote 57 bytes to ecology
[dna] air wrote 56 bytes to ecology
[dna] air wrote 53 bytes to ecology
[dna] air wrote 130 bytes to ecology
[dna] air wrote 75 bytes to ecology
[dna] air wrote 25 bytes to ecology
[dna] air wrote 27 bytes to ecology
[dna] air wrote 43 bytes to ecology
[dna] air wrote 16 bytes to ecology
[dna] air wrote 84 bytes to ecology
[dna] air wrote 15 bytes to ecology
[dna] air wrote 62 bytes to ecology
[dna] air wrote 64 bytes to ecology
[dna] air wrote 195 bytes to ecology
[dna] air wrote 29 bytes to ecology
[dna] air wrote 35 bytes to ecology
[dna] air wrote 9 bytes to ecology
[dna] air wrote 14 bytes to ecology
[dna] air wrote 49 bytes to ecology
[dna] air wrote 32 bytes to ecology
[debug-onto] tick=200 corpus=156778 stage=2 freeze=0
[dna] air wrote 130 bytes to ecology
[dna] air wrote 28 bytes to ecology
[dna] air wrote 38 bytes to ecology
[dna] air wrote 36 bytes to ecology
[dna] air wrote 66 bytes to ecology
[dna] air wrote 36 bytes to ecology
[dna] air wrote 34 bytes to ecology
[dna] air wrote 130 bytes to ecology
[dna] air wrote 51 bytes to ecology
[dna] air wrote 54 bytes to ecology
[dna] air wrote 100 bytes to ecology
[dna] air wrote 45 bytes to ecology
[dna] air wrote 79 bytes to ecology
[dna] air wrote 37 bytes to ecology
[dna] air wrote 61 bytes to ecology
[dna] air wrote 35 bytes to ecology
[dna] air wrote 91 bytes to ecology
[dna] air wrote 38 bytes to ecology
[dna] air wrote 47 bytes to ecology
[dna] air wrote 31 bytes to ecology
[dna] air wrote 67 bytes to ecology
[dna] air wrote 31 bytes to ecology
[dna] air wrote 52 bytes to ecology
[dna] air wrote 37 bytes to ecology
[dna] air wrote 106 bytes to ecology
[debug-onto] tick=250 corpus=156778 stage=2 freeze=0
[dna] air wrote 93 bytes to ecology
[dna] air wrote 72 bytes to ecology
[dna] air wrote 20 bytes to ecology
[dna] air wrote 37 bytes to ecology
[dna] air wrote 22 bytes to ecology
[dna] air wrote 68 bytes to ecology
[dna] air wrote 40 bytes to ecology
[dna] air wrote 60 bytes to ecology
[dna] air wrote 98 bytes to ecology
[dna] air wrote 96 bytes to ecology
[dna] air wrote 55 bytes to ecology
[dna] air wrote 60 bytes to ecology
[dna] air wrote 65 bytes to ecology
[dna] air wrote 51 bytes to ecology
[dna] air wrote 13 bytes to ecology
[dna] air wrote 61 bytes to ecology
[dna] air wrote 12 bytes to ecology
[dna] air wrote 39 bytes to ecology
[dna] air wrote 99 bytes to ecology
[dna] air wrote 35 bytes to ecology
[dna] air wrote 64 bytes to ecology
[dna] air wrote 41 bytes to ecology
[dna] air wrote 162 bytes to ecology
[dna] air wrote 128 bytes to ecology
[debug-onto] tick=300 corpus=156778 stage=2 freeze=0
[dna] air wrote 44 bytes to ecology
[dna] air wrote 53 bytes to ecology
[dna] air wrote 76 bytes to ecology
[dna] air wrote 32 bytes to ecology
[dna] air wrote 57 bytes to ecology
[dna] air wrote 96 bytes to ecology
[dna] air wrote 148 bytes to ecology
[dna] air wrote 82 bytes to ecology
[dna] air wrote 121 bytes to ecology
[dna] air wrote 93 bytes to ecology
[dna] air wrote 79 bytes to ecology
[dna] air wrote 95 bytes to ecology
[dna] air wrote 90 bytes to ecology
[dna] air wrote 148 bytes to ecology
[dna] air wrote 106 bytes to ecology
[dna] air wrote 63 bytes to ecology
[dna] air wrote 25 bytes to ecology
[dna] air wrote 196 bytes to ecology
[dna] air wrote 78 bytes to ecology
[dna] air wrote 103 bytes to ecology
[dna] air wrote 29 bytes to ecology
[dna] air wrote 92 bytes to ecology
[dna] air wrote 30 bytes to ecology
[dna] air wrote 49 bytes to ecology
[dna] air wrote 131 bytes to ecology
[dna] air wrote 247 bytes to ecology
[debug-onto] tick=350 corpus=156778 stage=2 freeze=0
[dna] air wrote 29 bytes to ecology
[dna] air wrote 40 bytes to ecology
[dna] air wrote 124 bytes to ecology
[dna] air wrote 110 bytes to ecology
[dna] air wrote 78 bytes to ecology
[dna] air wrote 31 bytes to ecology
[dna] air wrote 111 bytes to ecology
[dna] air wrote 37 bytes to ecology
[dna] air wrote 62 bytes to ecology
[dna] air wrote 51 bytes to ecology
[dna] air wrote 110 bytes to ecology
[dna] air wrote 51 bytes to ecology
[dna] air wrote 62 bytes to ecology
[dna] air wrote 72 bytes to ecology
[dna] air wrote 79 bytes to ecology
[dna] air wrote 23 bytes to ecology
[dna] air wrote 16 bytes to ecology
[dna] air wrote 55 bytes to ecology
[dna] air wrote 51 bytes to ecology
[dna] air wrote 38 bytes to ecology
[dna] air wrote 84 bytes to ecology
[dna] air wrote 52 bytes to ecology
[dna] air wrote 25 bytes to ecology
[dna] air wrote 60 bytes to ecology
[dna] air wrote 55 bytes to ecology
[debug-onto] tick=400 corpus=156778 stage=2 freeze=0
[dna] air wrote 36 bytes to ecology
[dna] air wrote 245 bytes to ecology
[dna] air wrote 68 bytes to ecology
[dna] air wrote 39 bytes to ecology
[dna] air wrote 131 bytes to ecology
[dna] air wrote 107 bytes to ecology
[dna] air wrote 74 bytes to ecology
[dna] air wrote 69 bytes to ecology
[dna] air wrote 47 bytes to ecology
[dna] air wrote 30 bytes to ecology
[dna] air wrote 75 bytes to ecology
[dna] air wrote 41 bytes to ecology
[dna] air wrote 33 bytes to ecology
[dna] air wrote 66 bytes to ecology
[dna] air wrote 58 bytes to ecology
[dna] air wrote 65 bytes to ecology
[dna] air wrote 71 bytes to ecology
[dna] air wrote 31 bytes to ecology
[dna] air wrote 26 bytes to ecology
[dna] air wrote 41 bytes to ecology
[dna] air wrote 53 bytes to ecology
[dna] air wrote 12 bytes to ecology
[dna] air wrote 171 bytes to ecology
[dna] air wrote 133 bytes to ecology
[debug-onto] tick=450 corpus=156778 stage=2 freeze=0
[dna] air wrote 157 bytes to ecology
[dna] air wrote 129 bytes to ecology
[dna] air wrote 73 bytes to ecology
[dna] air wrote 149 bytes to ecology
[dna] air wrote 46 bytes to ecology
[dna] air wrote 49 bytes to ecology
[dna] air wrote 53 bytes to ecology
[dna] air wrote 62 bytes to ecology
[dna] air wrote 43 bytes to ecology
[dna] air wrote 44 bytes to ecology
[dna] air wrote 83 bytes to ecology
[dna] air wrote 69 bytes to ecology
[dna] air wrote 119 bytes to ecology
[dna] air wrote 47 bytes to ecology
[dna] air wrote 126 bytes to ecology
[dna] air wrote 50 bytes to ecology
[dna] air wrote 55 bytes to ecology
[dna] air wrote 48 bytes to ecology
[dna] air wrote 54 bytes to ecology
[dna] air wrote 81 bytes to ecology
[dna] air wrote 54 bytes to ecology
[dna] air wrote 31 bytes to ecology
[dna] air wrote 30 bytes to ecology
[dna] air wrote 90 bytes to ecology
[dna] air wrote 108 bytes to ecology
[dna] air wrote 110 bytes to ecology
[debug-onto] tick=500 corpus=156778 stage=2 freeze=0
[dna] air wrote 51 bytes to ecology
[dna] air wrote 226 bytes to ecology
[dna] air wrote 38 bytes to ecology
[dna] air wrote 31 bytes to ecology
[dna] air wrote 30 bytes to ecology
[dna] air wrote 103 bytes to ecology
[dna] air wrote 53 bytes to ecology
[dna] air wrote 127 bytes to ecology
[dna] air wrote 90 bytes to ecology
[dna] air wrote 153 bytes to ecology
[dna] air wrote 67 bytes to ecology
[dna] air wrote 63 bytes to ecology
[dna] air wrote 25 bytes to ecology
[dna] air wrote 56 bytes to ecology
[dna] air wrote 40 bytes to ecology
[dna] air wrote 52 bytes to ecology
[dna] air wrote 65 bytes to ecology
[dna] air wrote 172 bytes to ecology
[dna] air wrote 101 bytes to ecology
[dna] air wrote 45 bytes to ecology
[dna] air wrote 206 bytes to ecology
[dna] air wrote 57 bytes to ecology
[dna] air wrote 39 bytes to ecology
[dna] air wrote 119 bytes to ecology
[dna] air wrote 37 bytes to ecology
[debug-onto] tick=550 corpus=156778 stage=2 freeze=0
[dna] air wrote 85 bytes to ecology
[dna] air wrote 128 bytes to ecology
[dna] air wrote 107 bytes to ecology
[dna] air wrote 30 bytes to ecology
[dna] air wrote 197 bytes to ecology
[dna] air wrote 63 bytes to ecology
[dna] air wrote 57 bytes to ecology
[dna] air wrote 94 bytes to ecology
[dna] air wrote 75 bytes to ecology
[dna] air wrote 40 bytes to ecology
[dna] air wrote 99 bytes to ecology
[dna] air wrote 65 bytes to ecology
[dna] air wrote 42 bytes to ecology
[dna] air wrote 93 bytes to ecology
[dna] air wrote 47 bytes to ecology
[dna] air wrote 39 bytes to ecology
[dna] air wrote 37 bytes to ecology
[dna] air wrote 135 bytes to ecology
[dna] air wrote 27 bytes to ecology
[dna] air wrote 82 bytes to ecology
[dna] air wrote 85 bytes to ecology
[dna] air wrote 39 bytes to ecology
[dna] air wrote 45 bytes to ecology
[dna] air wrote 128 bytes to ecology
[debug-onto] tick=600 corpus=156778 stage=2 freeze=0
[dna] air wrote 48 bytes to ecology
[dna] air wrote 32 bytes to ecology
[dna] air wrote 138 bytes to ecology
[dna] air wrote 72 bytes to ecology
[dna] air wrote 87 bytes to ecology
[dna] air wrote 48 bytes to ecology
[dna] air wrote 31 bytes to ecology
[dna] air wrote 50 bytes to ecology
[dna] air wrote 20 bytes to ecology
[dna] air wrote 105 bytes to ecology
[dna] air wrote 184 bytes to ecology
[dna] air wrote 67 bytes to ecology
[dna] air wrote 63 bytes to ecology
[dna] air wrote 53 bytes to ecology
[dna] air wrote 88 bytes to ecology
[dna] air wrote 44 bytes to ecology
[dna] air wrote 29 bytes to ecology
[dna] air wrote 27 bytes to ecology
[dna] air wrote 27 bytes to ecology
[dna] air wrote 65 bytes to ecology
[dna] air wrote 89 bytes to ecology
[dna] air wrote 29 bytes to ecology
[dna] air wrote 60 bytes to ecology
[dna] air wrote 51 bytes to ecology
[dna] air wrote 77 bytes to ecology
[dna] air wrote 36 bytes to ecology
[debug-onto] tick=650 corpus=156778 stage=2 freeze=0
[dna] air wrote 108 bytes to ecology
[dna] air wrote 93 bytes to ecology
[dna] air wrote 98 bytes to ecology

[evolution] Organism shutting down gracefully.
