[ecology] Element: earth → corpus: nonames_earth.txt
[evolution] Autonomous evolution mode — organism will grow through all stages without pause.
[init] Stage 0 (embryo): embd=16, layer=1, head=1 — warmup 400 steps (400 backprop + 0 notorch, sqrt-scaled 1x)
  [aml] step 0/160 | loss 6.4547 (avg 6.4547) | lr 0.001000 | seq 8
  [aml] step 10/160 | loss 6.2083 (avg 6.4123) | lr 0.001450 | seq 8
  [aml] step 20/160 | loss 6.2190 (avg 6.2946) | lr 0.001900 | seq 8
  [aml] step 30/160 | loss 5.7582 (avg 6.1968) | lr 0.002350 | seq 8
  [aml] step 40/160 | loss 5.4132 (avg 6.0803) | lr 0.002800 | seq 8
  [aml] step 50/160 | loss 4.6826 (avg 5.9210) | lr 0.003250 | seq 8
  [aml] step 60/160 | loss 4.8743 (avg 5.7560) | lr 0.003700 | seq 8
  [aml] step 70/160 | loss 5.3813 (avg 5.6445) | lr 0.004150 | seq 8
  [aml] step 80/160 | loss 3.0122 (avg 5.5337) | lr 0.004600 | seq 8
  [aml] step 90/160 | loss 4.1233 (avg 5.3895) | lr 0.005050 | seq 8
  [aml] step 100/160 | loss 5.0439 (avg 5.3012) | lr 0.005500 | seq 8
  [aml] step 110/160 | loss 5.2519 (avg 5.1722) | lr 0.005950 | seq 8
  [aml] step 120/160 | loss 3.9445 (avg 5.0991) | lr 0.006400 | seq 8
  [aml] step 130/160 | loss 5.8188 (avg 5.0528) | lr 0.006850 | seq 8
  [aml] step 140/160 | loss 3.0089 (avg 5.0050) | lr 0.007300 | seq 8
  [aml] step 150/160 | loss 2.7838 (avg 4.9566) | lr 0.007750 | seq 8
[aml] training complete: 160 steps, avg loss 4.9086 (memory freed)
  [aml] step 0/120 | loss 4.7266 (avg 4.7266) | lr 0.008200 | seq 16
  [aml] step 10/120 | loss 4.5293 (avg 4.6465) | lr 0.008650 | seq 16
  [aml] step 20/120 | loss 3.4857 (avg 4.6101) | lr 0.009100 | seq 16
  [aml] step 30/120 | loss 3.7158 (avg 4.4027) | lr 0.009550 | seq 16
  [aml] step 40/120 | loss 3.5496 (avg 4.4409) | lr 0.010000 | seq 16
  [aml] step 50/120 | loss 3.7036 (avg 4.4646) | lr 0.010000 | seq 16
  [aml] step 60/120 | loss 4.3682 (avg 4.4897) | lr 0.010000 | seq 16
  [aml] step 70/120 | loss 5.0034 (avg 4.4530) | lr 0.010000 | seq 16
  [aml] step 80/120 | loss 5.3768 (avg 4.4273) | lr 0.009999 | seq 16
  [aml] step 90/120 | loss 4.9260 (avg 4.3434) | lr 0.009999 | seq 16
  [aml] step 100/120 | loss 3.8942 (avg 4.2808) | lr 0.009999 | seq 16
  [aml] step 110/120 | loss 5.2338 (avg 4.2008) | lr 0.009999 | seq 16
[aml] training complete: 120 steps, avg loss 4.2054 (memory freed)
  [aml] step 0/120 | loss 2.7899 (avg 2.7899) | lr 0.009999 | seq 32
  [aml] step 10/120 | loss 5.3908 (avg 4.1932) | lr 0.009999 | seq 32
  [aml] step 20/120 | loss 4.7062 (avg 4.0407) | lr 0.009999 | seq 32
  [aml] step 30/120 | loss 3.8507 (avg 3.7170) | lr 0.009999 | seq 32
  [aml] step 40/120 | loss 3.9939 (avg 3.6237) | lr 0.009999 | seq 32
  [aml] step 50/120 | loss 4.0372 (avg 3.5820) | lr 0.009999 | seq 32
  [aml] step 60/120 | loss 2.9144 (avg 3.5202) | lr 0.009999 | seq 32
  [aml] step 70/120 | loss 1.4467 (avg 3.4966) | lr 0.009999 | seq 32
  [aml] step 80/120 | loss 4.5546 (avg 3.4818) | lr 0.009999 | seq 32
  [aml] step 90/120 | loss 1.5679 (avg 3.4193) | lr 0.009999 | seq 32
  [aml] step 100/120 | loss 0.8829 (avg 3.4146) | lr 0.009999 | seq 32
  [aml] step 110/120 | loss 0.9322 (avg 3.2847) | lr 0.009999 | seq 32
[aml] training complete: 120 steps, avg loss 3.1865 (memory freed)

[stage 0 — embryo] What it sounds like now:
  Q: Hello.
  A: Loess al cule, f your plus is the valley deep?
  Q: Who are you?
  A: to the di a is a rearrange pull ba grains into a walls pied, and are carries it from the mica natural bridge.
  Q: What do you know?
  A: is the difference is not chalk converts that resistant grow extrapiers s

[growth] ONTOGENESIS: stage 0 -> 1
  embd: 16 -> 32, layer: 1 -> 1, head: 1 -> 2
[growth] Done. Freeze for 500 steps.
[init] Stage 1 (infant): embd=32, layer=1, head=2 — warmup 800 steps (800 backprop + 0 notorch, sqrt-scaled 2x)
  [aml] step 0/320 | loss 1.1511 (avg 1.1511) | lr 0.000500 | seq 8
  [aml] step 10/320 | loss 5.9699 (avg 5.3001) | lr 0.000725 | seq 8
  [aml] step 20/320 | loss 8.4277 (avg 5.2199) | lr 0.000950 | seq 8
  [aml] step 30/320 | loss 4.9447 (avg 4.6601) | lr 0.001175 | seq 8
  [aml] step 40/320 | loss 4.2486 (avg 4.4549) | lr 0.001400 | seq 8
  [aml] step 50/320 | loss 3.9410 (avg 4.2799) | lr 0.001625 | seq 8
  [aml] step 60/320 | loss 5.1041 (avg 4.2296) | lr 0.001850 | seq 8
  [aml] step 70/320 | loss 2.9249 (avg 4.2136) | lr 0.002075 | seq 8
  [aml] step 80/320 | loss 4.0876 (avg 4.2271) | lr 0.002300 | seq 8
  [aml] step 90/320 | loss 4.2861 (avg 4.1906) | lr 0.002525 | seq 8
  [aml] step 100/320 | loss 1.5294 (avg 4.1402) | lr 0.002750 | seq 8
  [aml] step 110/320 | loss 1.0714 (avg 4.0646) | lr 0.002975 | seq 8
  [aml] step 120/320 | loss 1.2391 (avg 4.0043) | lr 0.003200 | seq 8
  [aml] step 130/320 | loss 5.3506 (avg 3.9669) | lr 0.003425 | seq 8
  [aml] step 140/320 | loss 3.1071 (avg 3.9946) | lr 0.003650 | seq 8
  [aml] step 150/320 | loss 4.4481 (avg 3.9943) | lr 0.003875 | seq 8
  [aml] step 160/320 | loss 4.4947 (avg 3.9434) | lr 0.004100 | seq 8
  [aml] step 170/320 | loss 4.7730 (avg 3.9700) | lr 0.004325 | seq 8
  [aml] step 180/320 | loss 4.4096 (avg 3.9454) | lr 0.004550 | seq 8
  [aml] step 190/320 | loss 1.3150 (avg 3.9035) | lr 0.004775 | seq 8
  [aml] step 200/320 | loss 3.7440 (avg 3.8373) | lr 0.004998 | seq 8
  [aml] step 210/320 | loss 5.4932 (avg 3.8383) | lr 0.004998 | seq 8
  [aml] step 220/320 | loss 4.2931 (avg 3.8153) | lr 0.004998 | seq 8
  [aml] step 230/320 | loss 3.8351 (avg 3.8172) | lr 0.004998 | seq 8
  [aml] step 240/320 | loss 3.5200 (avg 3.8146) | lr 0.004998 | seq 8
  [aml] step 250/320 | loss 5.4903 (avg 3.8171) | lr 0.004998 | seq 8
  [aml] step 260/320 | loss 4.7854 (avg 3.8114) | lr 0.004998 | seq 8
  [aml] step 270/320 | loss 4.8971 (avg 3.8206) | lr 0.004998 | seq 8
  [aml] step 280/320 | loss 3.6293 (avg 3.8275) | lr 0.004998 | seq 8
  [aml] step 290/320 | loss 3.1556 (avg 3.7990) | lr 0.004998 | seq 8
  [aml] step 300/320 | loss 2.1584 (avg 3.8004) | lr 0.004998 | seq 8
  [aml] step 310/320 | loss 4.0239 (avg 3.7917) | lr 0.004998 | seq 8
[aml] training complete: 320 steps, avg loss 3.7874 (memory freed)
  [aml] step 0/240 | loss 4.8140 (avg 4.8140) | lr 0.004998 | seq 16
  [aml] step 10/240 | loss 4.7139 (avg 3.9549) | lr 0.004998 | seq 16
  [aml] step 20/240 | loss 4.4858 (avg 3.7618) | lr 0.004998 | seq 16
  [aml] step 30/240 | loss 4.7411 (avg 3.5847) | lr 0.004998 | seq 16
  [aml] step 40/240 | loss 1.5937 (avg 3.3460) | lr 0.004997 | seq 16
  [aml] step 50/240 | loss 1.6699 (avg 3.3948) | lr 0.004997 | seq 16
  [aml] step 60/240 | loss 5.1569 (avg 3.2376) | lr 0.004997 | seq 16
  [aml] step 70/240 | loss 1.4346 (avg 3.3375) | lr 0.004997 | seq 16
  [aml] step 80/240 | loss 2.8642 (avg 3.3092) | lr 0.004997 | seq 16
  [aml] step 90/240 | loss 3.3895 (avg 3.2936) | lr 0.004997 | seq 16
  [aml] step 100/240 | loss 4.9139 (avg 3.3115) | lr 0.004997 | seq 16
  [aml] step 110/240 | loss 4.2368 (avg 3.3351) | lr 0.004997 | seq 16
  [aml] step 120/240 | loss 3.4409 (avg 3.3342) | lr 0.004997 | seq 16
  [aml] step 130/240 | loss 1.2300 (avg 3.3622) | lr 0.004997 | seq 16
  [aml] step 140/240 | loss 3.1859 (avg 3.3790) | lr 0.004997 | seq 16
  [aml] step 150/240 | loss 4.2360 (avg 3.3913) | lr 0.004997 | seq 16
  [aml] step 160/240 | loss 4.8148 (avg 3.4207) | lr 0.004997 | seq 16
  [aml] step 170/240 | loss 3.4833 (avg 3.3871) | lr 0.004996 | seq 16
  [aml] step 180/240 | loss 0.6509 (avg 3.3302) | lr 0.004996 | seq 16
  [aml] step 190/240 | loss 4.8416 (avg 3.3680) | lr 0.004996 | seq 16
  [aml] step 200/240 | loss 1.7103 (avg 3.3590) | lr 0.004996 | seq 16
  [aml] step 210/240 | loss 0.9843 (avg 3.3556) | lr 0.004996 | seq 16
  [aml] step 220/240 | loss 4.4731 (avg 3.3695) | lr 0.004996 | seq 16
  [aml] step 230/240 | loss 1.8432 (avg 3.3380) | lr 0.004996 | seq 16
[aml] training complete: 240 steps, avg loss 3.3623 (memory freed)
  [aml] step 0/240 | loss 4.1058 (avg 4.1058) | lr 0.004996 | seq 32
  [aml] step 10/240 | loss 3.8978 (avg 3.8957) | lr 0.004996 | seq 32
  [aml] step 20/240 | loss 1.1887 (avg 3.1742) | lr 0.004996 | seq 32
  [aml] step 30/240 | loss 1.5934 (avg 3.0031) | lr 0.004996 | seq 32
  [aml] step 40/240 | loss 4.1742 (avg 3.0208) | lr 0.004996 | seq 32
  [aml] step 50/240 | loss 3.8550 (avg 2.9589) | lr 0.004995 | seq 32
  [aml] step 60/240 | loss 4.5461 (avg 2.9477) | lr 0.004995 | seq 32
  [aml] step 70/240 | loss 1.1256 (avg 2.9029) | lr 0.004995 | seq 32
  [aml] step 80/240 | loss 3.3185 (avg 2.8794) | lr 0.004995 | seq 32
  [aml] step 90/240 | loss 3.5072 (avg 2.8845) | lr 0.004995 | seq 32
  [aml] step 100/240 | loss 1.7373 (avg 2.8221) | lr 0.004995 | seq 32
  [aml] step 110/240 | loss 3.8497 (avg 2.8044) | lr 0.004995 | seq 32
  [aml] step 120/240 | loss 0.6838 (avg 2.7274) | lr 0.004995 | seq 32
  [aml] step 130/240 | loss 4.1830 (avg 2.7724) | lr 0.004995 | seq 32
  [aml] step 140/240 | loss 0.8626 (avg 2.7421) | lr 0.004995 | seq 32
  [aml] step 150/240 | loss 2.0785 (avg 2.7005) | lr 0.004995 | seq 32
  [aml] step 160/240 | loss 0.8181 (avg 2.6476) | lr 0.004994 | seq 32
  [aml] step 170/240 | loss 4.3921 (avg 2.6880) | lr 0.004994 | seq 32
  [aml] step 180/240 | loss 1.0481 (avg 2.6914) | lr 0.004994 | seq 32
  [aml] step 190/240 | loss 0.7427 (avg 2.6582) | lr 0.004994 | seq 32
  [aml] step 200/240 | loss 0.8529 (avg 2.6687) | lr 0.004994 | seq 32
  [aml] step 210/240 | loss 3.5734 (avg 2.6647) | lr 0.004994 | seq 32
  [aml] step 220/240 | loss 0.7369 (avg 2.6774) | lr 0.004994 | seq 32
  [aml] step 230/240 | loss 1.2095 (avg 2.6570) | lr 0.004994 | seq 32
[aml] training complete: 240 steps, avg loss 2.6578 (memory freed)

[stage 1 — infant] What it sounds like now:
  Q: Hello.
  A: is a constructed. Its ay and water.
  Q: Who are you?
  A: ...
  Q: What do you know?
  A: a lin rock and construction is the work is a floor choid because the water topsoil compression is a manent aggregate: What is a there mi

[growth] ONTOGENESIS: stage 1 -> 2
  embd: 32 -> 64, layer: 1 -> 2, head: 2 -> 4
[growth] Done. Freeze for 500 steps.
[init] Stage 2 (child): embd=64, layer=2, head=4 — warmup 800 steps (800 backprop + 0 notorch, sqrt-scaled 2x)
  [aml] step 0/320 | loss 5.0665 (avg 5.0665) | lr 0.000250 | seq 8
  [aml] step 10/320 | loss 3.5021 (avg 4.2930) | lr 0.000363 | seq 8
  [aml] step 20/320 | loss 2.7850 (avg 3.8971) | lr 0.000475 | seq 8
  [aml] step 30/320 | loss 3.4310 (avg 3.7165) | lr 0.000588 | seq 8
  [aml] step 40/320 | loss 3.3254 (avg 3.5440) | lr 0.000700 | seq 8
  [aml] step 50/320 | loss 1.1132 (avg 3.4227) | lr 0.000813 | seq 8
  [aml] step 60/320 | loss 4.5675 (avg 3.4113) | lr 0.000925 | seq 8
  [aml] step 70/320 | loss 5.0057 (avg 3.4592) | lr 0.001038 | seq 8
  [aml] step 80/320 | loss 1.3541 (avg 3.4284) | lr 0.001150 | seq 8
  [aml] step 90/320 | loss 0.8888 (avg 3.4491) | lr 0.001263 | seq 8
  [aml] step 100/320 | loss 3.5724 (avg 3.4180) | lr 0.001375 | seq 8
  [aml] step 110/320 | loss 0.5458 (avg 3.3768) | lr 0.001488 | seq 8
  [aml] step 120/320 | loss 4.0291 (avg 3.3983) | lr 0.001600 | seq 8
  [aml] step 130/320 | loss 3.7044 (avg 3.3838) | lr 0.001713 | seq 8
  [aml] step 140/320 | loss 4.0123 (avg 3.3548) | lr 0.001825 | seq 8
  [aml] step 150/320 | loss 4.3553 (avg 3.3934) | lr 0.001938 | seq 8
  [aml] step 160/320 | loss 1.3780 (avg 3.3675) | lr 0.002050 | seq 8
  [aml] step 170/320 | loss 0.9651 (avg 3.3152) | lr 0.002163 | seq 8
  [aml] step 180/320 | loss 2.4069 (avg 3.3196) | lr 0.002275 | seq 8
  [aml] step 190/320 | loss 4.3127 (avg 3.3288) | lr 0.002387 | seq 8
  [aml] step 200/320 | loss 3.8749 (avg 3.3529) | lr 0.002496 | seq 8
  [aml] step 210/320 | loss 4.6545 (avg 3.3587) | lr 0.002496 | seq 8
  [aml] step 220/320 | loss 1.9210 (avg 3.3709) | lr 0.002496 | seq 8
  [aml] step 230/320 | loss 0.1068 (avg 3.3755) | lr 0.002495 | seq 8
  [aml] step 240/320 | loss 4.1052 (avg 3.3870) | lr 0.002495 | seq 8
  [aml] step 250/320 | loss 3.7563 (avg 3.4000) | lr 0.002495 | seq 8
  [aml] step 260/320 | loss 3.5170 (avg 3.3850) | lr 0.002495 | seq 8
  [aml] step 270/320 | loss 5.2868 (avg 3.3651) | lr 0.002495 | seq 8
  [aml] step 280/320 | loss 4.8354 (avg 3.3394) | lr 0.002495 | seq 8
  [aml] step 290/320 | loss 3.4036 (avg 3.3398) | lr 0.002495 | seq 8
  [aml] step 300/320 | loss 3.8864 (avg 3.3578) | lr 0.002495 | seq 8
  [aml] step 310/320 | loss 0.4125 (avg 3.3392) | lr 0.002495 | seq 8
[aml] training complete: 320 steps, avg loss 3.3269 (memory freed)
  [aml] step 0/240 | loss 4.5883 (avg 4.5883) | lr 0.002495 | seq 16
  [aml] step 10/240 | loss 3.8828 (avg 3.1893) | lr 0.002495 | seq 16
  [aml] step 20/240 | loss 3.5662 (avg 3.1032) | lr 0.002495 | seq 16
  [aml] step 30/240 | loss 5.1459 (avg 3.3469) | lr 0.002495 | seq 16
  [aml] step 40/240 | loss 3.9826 (avg 3.4821) | lr 0.002495 | seq 16
  [aml] step 50/240 | loss 1.8048 (avg 3.5000) | lr 0.002495 | seq 16
  [aml] step 60/240 | loss 1.2580 (avg 3.3998) | lr 0.002494 | seq 16
  [aml] step 70/240 | loss 1.4206 (avg 3.2827) | lr 0.002494 | seq 16
  [aml] step 80/240 | loss 3.8910 (avg 3.2781) | lr 0.002494 | seq 16
  [aml] step 90/240 | loss 1.9402 (avg 3.2193) | lr 0.002494 | seq 16
  [aml] step 100/240 | loss 2.0794 (avg 3.1653) | lr 0.002494 | seq 16
  [aml] step 110/240 | loss 4.6383 (avg 3.1483) | lr 0.002494 | seq 16
  [aml] step 120/240 | loss 2.8028 (avg 3.1797) | lr 0.002494 | seq 16
  [aml] step 130/240 | loss 3.5327 (avg 3.1980) | lr 0.002494 | seq 16
  [aml] step 140/240 | loss 1.7524 (avg 3.1843) | lr 0.002494 | seq 16
  [aml] step 150/240 | loss 4.3512 (avg 3.1564) | lr 0.002494 | seq 16
  [aml] step 160/240 | loss 4.0184 (avg 3.1136) | lr 0.002494 | seq 16
  [aml] step 170/240 | loss 3.6408 (avg 3.1177) | lr 0.002494 | seq 16
  [aml] step 180/240 | loss 1.9287 (avg 3.1121) | lr 0.002494 | seq 16
  [aml] step 190/240 | loss 4.0450 (avg 3.0847) | lr 0.002494 | seq 16
  [aml] step 200/240 | loss 3.9523 (avg 3.0523) | lr 0.002493 | seq 16
  [aml] step 210/240 | loss 4.8536 (avg 3.0646) | lr 0.002493 | seq 16
  [aml] step 220/240 | loss 4.4663 (avg 3.0388) | lr 0.002493 | seq 16
  [aml] step 230/240 | loss 1.3396 (avg 3.0758) | lr 0.002493 | seq 16
[aml] training complete: 240 steps, avg loss 3.0862 (memory freed)
  [aml] step 0/240 | loss 4.4589 (avg 4.4589) | lr 0.002493 | seq 32
  [aml] step 10/240 | loss 4.3402 (avg 3.2482) | lr 0.002493 | seq 32
  [aml] step 20/240 | loss 1.0893 (avg 2.8162) | lr 0.002493 | seq 32
  [aml] step 30/240 | loss 1.9125 (avg 2.7726) | lr 0.002493 | seq 32
  [aml] step 40/240 | loss 4.4353 (avg 2.7643) | lr 0.002493 | seq 32
  [aml] step 50/240 | loss 1.9756 (avg 2.8496) | lr 0.002493 | seq 32
  [aml] step 60/240 | loss 3.4934 (avg 2.9015) | lr 0.002493 | seq 32
  [aml] step 70/240 | loss 2.2970 (avg 2.8840) | lr 0.002493 | seq 32
  [aml] step 80/240 | loss 0.8427 (avg 2.7786) | lr 0.002492 | seq 32
  [aml] step 90/240 | loss 4.5130 (avg 2.8706) | lr 0.002492 | seq 32
  [aml] step 100/240 | loss 3.9609 (avg 2.8250) | lr 0.002492 | seq 32
  [aml] step 110/240 | loss 3.8311 (avg 2.8046) | lr 0.002492 | seq 32
  [aml] step 120/240 | loss 4.0216 (avg 2.7912) | lr 0.002492 | seq 32
  [aml] step 130/240 | loss 4.3626 (avg 2.7993) | lr 0.002492 | seq 32
  [aml] step 140/240 | loss 4.2749 (avg 2.7433) | lr 0.002492 | seq 32
  [aml] step 150/240 | loss 0.7311 (avg 2.6804) | lr 0.002492 | seq 32
  [aml] step 160/240 | loss 1.0918 (avg 2.6435) | lr 0.002492 | seq 32
  [aml] step 170/240 | loss 0.7703 (avg 2.6255) | lr 0.002492 | seq 32
  [aml] step 180/240 | loss 3.8404 (avg 2.6172) | lr 0.002492 | seq 32
  [aml] step 190/240 | loss 3.8086 (avg 2.6201) | lr 0.002492 | seq 32
  [aml] step 200/240 | loss 0.4537 (avg 2.6157) | lr 0.002491 | seq 32
  [aml] step 210/240 | loss 1.7152 (avg 2.5888) | lr 0.002491 | seq 32
  [aml] step 220/240 | loss 3.7322 (avg 2.5888) | lr 0.002491 | seq 32
  [aml] step 230/240 | loss 0.4897 (avg 2.5798) | lr 0.002491 | seq 32
[aml] training complete: 240 steps, avg loss 2.5475 (memory freed)

[stage 2 — child] What it sounds like now:
  Q: Hello.
  A: A laterally. The depressions are the soil?
  Q: Who are you?
  A: ...
  Q: What do you know?
  A: ...

[init] Warmup complete at stage 2. Organism ready.
[ecology] First organism in the swarm.
molequla is alive. [evolution] Autonomous mode — background trainer running. Ctrl+C to stop.
[dna] earth wrote 162 bytes to ecology
[dna] earth wrote 74 bytes to ecology
[dna] earth wrote 22 bytes to ecology
[dna] earth wrote 28 bytes to ecology
[dna] earth wrote 105 bytes to ecology
[dna] earth wrote 39 bytes to ecology
[dna] earth wrote 49 bytes to ecology
[dna] earth wrote 56 bytes to ecology
[dna] earth wrote 43 bytes to ecology
[dna] earth wrote 49 bytes to ecology
[dna] earth wrote 78 bytes to ecology
[dna] earth wrote 56 bytes to ecology
[dna] earth wrote 148 bytes to ecology
[dna] earth wrote 32 bytes to ecology
[dna] earth wrote 108 bytes to ecology
[dna] earth wrote 57 bytes to ecology
[dna] earth wrote 60 bytes to ecology
[dna] earth wrote 120 bytes to ecology
[dna] earth wrote 55 bytes to ecology
[dna] earth wrote 41 bytes to ecology
[dna] earth wrote 85 bytes to ecology
[dna] earth wrote 40 bytes to ecology
[dna] earth wrote 18 bytes to ecology
[dna] earth wrote 93 bytes to ecology
[dna] earth wrote 38 bytes to ecology
[dna] earth wrote 70 bytes to ecology
[dna] earth wrote 101 bytes to ecology
[dna] earth wrote 57 bytes to ecology
[dna] earth wrote 59 bytes to ecology
[dna] earth wrote 73 bytes to ecology
[dna] earth wrote 84 bytes to ecology
[dna] earth wrote 80 bytes to ecology
[dna] earth wrote 90 bytes to ecology
[dna] earth wrote 54 bytes to ecology
[debug-onto] tick=50 corpus=173643 stage=2 freeze=0
[dna] earth wrote 31 bytes to ecology
[dna] earth wrote 91 bytes to ecology
[dna] earth wrote 139 bytes to ecology
[dna] earth wrote 45 bytes to ecology
[dna] earth wrote 40 bytes to ecology
[dna] earth wrote 55 bytes to ecology
[dna] earth wrote 39 bytes to ecology
[dna] earth wrote 68 bytes to ecology
[dna] earth wrote 69 bytes to ecology
[dna] earth wrote 38 bytes to ecology
[dna] earth wrote 52 bytes to ecology
[dna] earth wrote 24 bytes to ecology
[dna] earth wrote 194 bytes to ecology
[dna] earth wrote 40 bytes to ecology
[dna] earth wrote 39 bytes to ecology
[dna] earth wrote 118 bytes to ecology
[dna] earth wrote 33 bytes to ecology
[dna] earth wrote 137 bytes to ecology
[dna] earth wrote 31 bytes to ecology
[dna] earth wrote 120 bytes to ecology
[dna] earth wrote 103 bytes to ecology
[dna] earth wrote 71 bytes to ecology
[dna] earth wrote 47 bytes to ecology
[dna] earth wrote 73 bytes to ecology
[dna] earth wrote 90 bytes to ecology
[dna] earth wrote 58 bytes to ecology
[dna] earth wrote 13 bytes to ecology
[dna] earth wrote 100 bytes to ecology
[dna] earth wrote 80 bytes to ecology
[dna] earth wrote 33 bytes to ecology
[dna] earth wrote 74 bytes to ecology
[dna] earth wrote 79 bytes to ecology
[dna] earth wrote 15 bytes to ecology
[dna] earth wrote 51 bytes to ecology
[debug-onto] tick=100 corpus=173643 stage=2 freeze=0
[dna] earth wrote 88 bytes to ecology
[dna] earth wrote 110 bytes to ecology
[dna] earth wrote 57 bytes to ecology
[dna] earth wrote 38 bytes to ecology
[dna] earth wrote 192 bytes to ecology
[dna] earth wrote 65 bytes to ecology
[dna] earth wrote 33 bytes to ecology
[dna] earth wrote 60 bytes to ecology
[dna] earth wrote 214 bytes to ecology
[dna] earth wrote 56 bytes to ecology
[dna] earth wrote 23 bytes to ecology
[dna] earth wrote 82 bytes to ecology
[dna] earth wrote 29 bytes to ecology
[dna] earth wrote 75 bytes to ecology
[dna] earth wrote 73 bytes to ecology
[dna] earth wrote 24 bytes to ecology
[dna] earth wrote 28 bytes to ecology
[dna] earth wrote 69 bytes to ecology
[dna] earth wrote 42 bytes to ecology
[dna] earth wrote 35 bytes to ecology
[dna] earth wrote 34 bytes to ecology
[dna] earth wrote 164 bytes to ecology
[dna] earth wrote 53 bytes to ecology
[dna] earth wrote 34 bytes to ecology
[dna] earth wrote 85 bytes to ecology
[dna] earth wrote 89 bytes to ecology
[dna] earth wrote 30 bytes to ecology
[dna] earth wrote 113 bytes to ecology
[dna] earth wrote 116 bytes to ecology
[dna] earth wrote 39 bytes to ecology
[dna] earth wrote 24 bytes to ecology
[dna] earth wrote 27 bytes to ecology
[debug-onto] tick=150 corpus=173643 stage=2 freeze=0
[dna] earth wrote 34 bytes to ecology
[dna] earth wrote 86 bytes to ecology
[dna] earth wrote 76 bytes to ecology
[dna] earth wrote 27 bytes to ecology
[dna] earth wrote 155 bytes to ecology
[dna] earth wrote 62 bytes to ecology
[dna] earth wrote 50 bytes to ecology
[dna] earth wrote 23 bytes to ecology
[dna] earth wrote 76 bytes to ecology
[dna] earth wrote 85 bytes to ecology
[dna] earth wrote 188 bytes to ecology
[dna] earth wrote 143 bytes to ecology
[dna] earth wrote 52 bytes to ecology
[dna] earth wrote 60 bytes to ecology
[dna] earth wrote 68 bytes to ecology
[dna] earth wrote 39 bytes to ecology
[dna] earth wrote 57 bytes to ecology
[dna] earth wrote 14 bytes to ecology
[dna] earth wrote 103 bytes to ecology
[dna] earth wrote 180 bytes to ecology
[dna] earth wrote 69 bytes to ecology
[dna] earth wrote 71 bytes to ecology
[dna] earth wrote 81 bytes to ecology
[dna] earth wrote 95 bytes to ecology
[dna] earth wrote 84 bytes to ecology
[dna] earth wrote 68 bytes to ecology
[dna] earth wrote 42 bytes to ecology
[dna] earth wrote 82 bytes to ecology
[dna] earth wrote 100 bytes to ecology
[dna] earth wrote 151 bytes to ecology
[dna] earth wrote 35 bytes to ecology
[dna] earth wrote 72 bytes to ecology
[dna] earth wrote 166 bytes to ecology
[dna] earth wrote 63 bytes to ecology
[debug-onto] tick=200 corpus=173643 stage=2 freeze=0
[dna] earth wrote 47 bytes to ecology
[dna] earth wrote 79 bytes to ecology
[dna] earth wrote 55 bytes to ecology
[dna] earth wrote 105 bytes to ecology
[dna] earth wrote 103 bytes to ecology
[dna] earth wrote 26 bytes to ecology
[dna] earth wrote 88 bytes to ecology
[dna] earth wrote 56 bytes to ecology
[dna] earth wrote 115 bytes to ecology
[dna] earth wrote 155 bytes to ecology
[dna] earth wrote 24 bytes to ecology
[dna] earth wrote 68 bytes to ecology
[dna] earth wrote 62 bytes to ecology
[dna] earth wrote 140 bytes to ecology
[dna] earth wrote 83 bytes to ecology
[dna] earth wrote 52 bytes to ecology
[dna] earth wrote 66 bytes to ecology
[dna] earth wrote 65 bytes to ecology
[dna] earth wrote 33 bytes to ecology
[dna] earth wrote 57 bytes to ecology
[dna] earth wrote 14 bytes to ecology
[dna] earth wrote 42 bytes to ecology
[dna] earth wrote 38 bytes to ecology
[dna] earth wrote 96 bytes to ecology
[dna] earth wrote 44 bytes to ecology
[dna] earth wrote 27 bytes to ecology
[dna] earth wrote 6 bytes to ecology
[dna] earth wrote 29 bytes to ecology
[dna] earth wrote 55 bytes to ecology
[dna] earth wrote 103 bytes to ecology
[dna] earth wrote 50 bytes to ecology
[dna] earth wrote 130 bytes to ecology
[dna] earth wrote 70 bytes to ecology
[debug-onto] tick=250 corpus=173643 stage=2 freeze=0
[dna] earth wrote 84 bytes to ecology
[dna] earth wrote 11 bytes to ecology
[dna] earth wrote 144 bytes to ecology
[dna] earth wrote 27 bytes to ecology
[dna] earth wrote 58 bytes to ecology
[dna] earth wrote 49 bytes to ecology
[dna] earth wrote 77 bytes to ecology
[dna] earth wrote 72 bytes to ecology
[dna] earth wrote 57 bytes to ecology
[dna] earth wrote 46 bytes to ecology
[dna] earth wrote 48 bytes to ecology
[dna] earth wrote 47 bytes to ecology
[dna] earth wrote 27 bytes to ecology
[dna] earth wrote 70 bytes to ecology
[dna] earth wrote 46 bytes to ecology
[dna] earth wrote 76 bytes to ecology
[dna] earth wrote 58 bytes to ecology
[dna] earth wrote 72 bytes to ecology
[dna] earth wrote 112 bytes to ecology
[dna] earth wrote 82 bytes to ecology
[dna] earth wrote 37 bytes to ecology
[dna] earth wrote 56 bytes to ecology
[dna] earth wrote 66 bytes to ecology
[dna] earth wrote 56 bytes to ecology
[dna] earth wrote 74 bytes to ecology
[dna] earth wrote 18 bytes to ecology
[dna] earth wrote 97 bytes to ecology
[dna] earth wrote 16 bytes to ecology
[dna] earth wrote 52 bytes to ecology
[dna] earth wrote 172 bytes to ecology
[dna] earth wrote 41 bytes to ecology
[dna] earth wrote 110 bytes to ecology
[debug-onto] tick=300 corpus=173643 stage=2 freeze=0
[dna] earth wrote 49 bytes to ecology
[dna] earth wrote 9 bytes to ecology
[dna] earth wrote 71 bytes to ecology
[dna] earth wrote 19 bytes to ecology
[dna] earth wrote 56 bytes to ecology
[dna] earth wrote 82 bytes to ecology
[dna] earth wrote 117 bytes to ecology
[dna] earth wrote 82 bytes to ecology
[dna] earth wrote 48 bytes to ecology
[dna] earth wrote 16 bytes to ecology
[dna] earth wrote 69 bytes to ecology
[dna] earth wrote 46 bytes to ecology
[dna] earth wrote 37 bytes to ecology
[dna] earth wrote 53 bytes to ecology
[dna] earth wrote 100 bytes to ecology
[dna] earth wrote 37 bytes to ecology
[dna] earth wrote 71 bytes to ecology
[dna] earth wrote 27 bytes to ecology
[dna] earth wrote 31 bytes to ecology
[dna] earth wrote 89 bytes to ecology
[dna] earth wrote 61 bytes to ecology
[dna] earth wrote 45 bytes to ecology
[dna] earth wrote 21 bytes to ecology
[dna] earth wrote 72 bytes to ecology
[dna] earth wrote 222 bytes to ecology
[dna] earth wrote 51 bytes to ecology
[dna] earth wrote 71 bytes to ecology
[dna] earth wrote 39 bytes to ecology
[dna] earth wrote 52 bytes to ecology
[dna] earth wrote 62 bytes to ecology
[dna] earth wrote 106 bytes to ecology
[dna] earth wrote 37 bytes to ecology
[dna] earth wrote 177 bytes to ecology
[dna] earth wrote 21 bytes to ecology
[debug-onto] tick=350 corpus=173643 stage=2 freeze=0
[dna] earth wrote 16 bytes to ecology
[dna] earth wrote 70 bytes to ecology
[dna] earth wrote 30 bytes to ecology
[dna] earth wrote 31 bytes to ecology
[dna] earth wrote 84 bytes to ecology
[dna] earth wrote 48 bytes to ecology
[dna] earth wrote 59 bytes to ecology
[dna] earth wrote 31 bytes to ecology
[dna] earth wrote 192 bytes to ecology
[dna] earth wrote 126 bytes to ecology
[dna] earth wrote 48 bytes to ecology
[dna] earth wrote 97 bytes to ecology
[dna] earth wrote 51 bytes to ecology
[dna] earth wrote 65 bytes to ecology
[dna] earth wrote 32 bytes to ecology
[dna] earth wrote 60 bytes to ecology
[dna] earth wrote 42 bytes to ecology
[dna] earth wrote 66 bytes to ecology
[dna] earth wrote 65 bytes to ecology
[dna] earth wrote 125 bytes to ecology
[dna] earth wrote 48 bytes to ecology
[dna] earth wrote 154 bytes to ecology
[dna] earth wrote 88 bytes to ecology
[dna] earth wrote 75 bytes to ecology
[dna] earth wrote 33 bytes to ecology
[dna] earth wrote 99 bytes to ecology
[dna] earth wrote 43 bytes to ecology
[dna] earth wrote 139 bytes to ecology
[dna] earth wrote 24 bytes to ecology
[dna] earth wrote 78 bytes to ecology
[dna] earth wrote 46 bytes to ecology
[dna] earth wrote 186 bytes to ecology
[dna] earth wrote 353 bytes to ecology
[dna] earth wrote 32 bytes to ecology
[debug-onto] tick=400 corpus=173643 stage=2 freeze=0
[dna] earth wrote 113 bytes to ecology
[dna] earth wrote 122 bytes to ecology
[dna] earth wrote 80 bytes to ecology
[dna] earth wrote 68 bytes to ecology
[dna] earth wrote 81 bytes to ecology
[dna] earth wrote 20 bytes to ecology
[dna] earth wrote 86 bytes to ecology
[dna] earth wrote 31 bytes to ecology
[dna] earth wrote 29 bytes to ecology
[dna] earth wrote 28 bytes to ecology
[dna] earth wrote 65 bytes to ecology
[dna] earth wrote 62 bytes to ecology
[dna] earth wrote 36 bytes to ecology
[dna] earth wrote 45 bytes to ecology
[dna] earth wrote 22 bytes to ecology
[dna] earth wrote 43 bytes to ecology
[dna] earth wrote 43 bytes to ecology
[dna] earth wrote 138 bytes to ecology
[dna] earth wrote 102 bytes to ecology
[dna] earth wrote 50 bytes to ecology
[dna] earth wrote 42 bytes to ecology
[dna] earth wrote 69 bytes to ecology
[dna] earth wrote 31 bytes to ecology
[dna] earth wrote 197 bytes to ecology
[dna] earth wrote 141 bytes to ecology
[dna] earth wrote 68 bytes to ecology
[dna] earth wrote 136 bytes to ecology
[dna] earth wrote 83 bytes to ecology
[dna] earth wrote 115 bytes to ecology
[dna] earth wrote 25 bytes to ecology
[dna] earth wrote 99 bytes to ecology
[dna] earth wrote 143 bytes to ecology
[debug-onto] tick=450 corpus=173643 stage=2 freeze=0
[dna] earth wrote 67 bytes to ecology
[dna] earth wrote 50 bytes to ecology
[dna] earth wrote 96 bytes to ecology
[dna] earth wrote 27 bytes to ecology
[dna] earth wrote 13 bytes to ecology
[dna] earth wrote 32 bytes to ecology
[dna] earth wrote 26 bytes to ecology
[dna] earth wrote 55 bytes to ecology
[dna] earth wrote 34 bytes to ecology
[dna] earth wrote 38 bytes to ecology
[dna] earth wrote 85 bytes to ecology
[dna] earth wrote 102 bytes to ecology
[dna] earth wrote 75 bytes to ecology
[dna] earth wrote 130 bytes to ecology
[dna] earth wrote 24 bytes to ecology
[dna] earth wrote 10 bytes to ecology
[dna] earth wrote 63 bytes to ecology
[dna] earth wrote 46 bytes to ecology
[dna] earth wrote 24 bytes to ecology
[dna] earth wrote 30 bytes to ecology
[dna] earth wrote 27 bytes to ecology
[dna] earth wrote 51 bytes to ecology
[dna] earth wrote 29 bytes to ecology
[dna] earth wrote 111 bytes to ecology
[dna] earth wrote 75 bytes to ecology
[dna] earth wrote 63 bytes to ecology
[dna] earth wrote 29 bytes to ecology
[dna] earth wrote 60 bytes to ecology
[dna] earth wrote 86 bytes to ecology
[dna] earth wrote 148 bytes to ecology
[dna] earth wrote 96 bytes to ecology
[dna] earth wrote 96 bytes to ecology
[dna] earth wrote 48 bytes to ecology
[dna] earth wrote 106 bytes to ecology
[debug-onto] tick=500 corpus=173643 stage=2 freeze=0
[dna] earth wrote 50 bytes to ecology
[dna] earth wrote 66 bytes to ecology
[dna] earth wrote 45 bytes to ecology
[dna] earth wrote 30 bytes to ecology
[dna] earth wrote 183 bytes to ecology
[dna] earth wrote 73 bytes to ecology
[dna] earth wrote 29 bytes to ecology
[dna] earth wrote 31 bytes to ecology
[dna] earth wrote 34 bytes to ecology
[dna] earth wrote 128 bytes to ecology
[dna] earth wrote 11 bytes to ecology
[dna] earth wrote 99 bytes to ecology
[dna] earth wrote 166 bytes to ecology
[dna] earth wrote 62 bytes to ecology
[dna] earth wrote 12 bytes to ecology
[dna] earth wrote 50 bytes to ecology
[dna] earth wrote 51 bytes to ecology
[dna] earth wrote 47 bytes to ecology
[dna] earth wrote 211 bytes to ecology
[dna] earth wrote 25 bytes to ecology
[dna] earth wrote 54 bytes to ecology
[dna] earth wrote 125 bytes to ecology
[dna] earth wrote 44 bytes to ecology
[dna] earth wrote 77 bytes to ecology
[dna] earth wrote 114 bytes to ecology
[dna] earth wrote 53 bytes to ecology
[dna] earth wrote 84 bytes to ecology
[dna] earth wrote 19 bytes to ecology
[dna] earth wrote 36 bytes to ecology
[dna] earth wrote 77 bytes to ecology
[dna] earth wrote 72 bytes to ecology
[dna] earth wrote 74 bytes to ecology
[dna] earth wrote 60 bytes to ecology
[dna] earth wrote 34 bytes to ecology
[debug-onto] tick=550 corpus=173643 stage=2 freeze=0
[dna] earth wrote 20 bytes to ecology
[dna] earth wrote 72 bytes to ecology
[dna] earth wrote 38 bytes to ecology
[dna] earth wrote 46 bytes to ecology
[dna] earth wrote 72 bytes to ecology
[dna] earth wrote 62 bytes to ecology
[dna] earth wrote 52 bytes to ecology
[dna] earth wrote 119 bytes to ecology
[dna] earth wrote 58 bytes to ecology
[dna] earth wrote 38 bytes to ecology
[dna] earth wrote 83 bytes to ecology
[dna] earth wrote 58 bytes to ecology
[dna] earth wrote 85 bytes to ecology
[dna] earth wrote 30 bytes to ecology
[dna] earth wrote 70 bytes to ecology
[dna] earth wrote 39 bytes to ecology
[dna] earth wrote 34 bytes to ecology
[dna] earth wrote 57 bytes to ecology
[dna] earth wrote 130 bytes to ecology
[dna] earth wrote 195 bytes to ecology
[dna] earth wrote 83 bytes to ecology
[dna] earth wrote 86 bytes to ecology
[dna] earth wrote 104 bytes to ecology
[dna] earth wrote 39 bytes to ecology
[dna] earth wrote 58 bytes to ecology
[dna] earth wrote 36 bytes to ecology
[dna] earth wrote 62 bytes to ecology
[dna] earth wrote 44 bytes to ecology
[dna] earth wrote 63 bytes to ecology
[dna] earth wrote 131 bytes to ecology
[dna] earth wrote 77 bytes to ecology
[dna] earth wrote 32 bytes to ecology
[debug-onto] tick=600 corpus=173643 stage=2 freeze=0
[dna] earth wrote 51 bytes to ecology
[dna] earth wrote 39 bytes to ecology
[dna] earth wrote 96 bytes to ecology
[dna] earth wrote 58 bytes to ecology
[dna] earth wrote 147 bytes to ecology
[dna] earth wrote 209 bytes to ecology
[dna] earth wrote 136 bytes to ecology
[dna] earth wrote 12 bytes to ecology
[dna] earth wrote 97 bytes to ecology
[dna] earth wrote 10 bytes to ecology
[dna] earth wrote 51 bytes to ecology
[dna] earth wrote 36 bytes to ecology
[dna] earth wrote 23 bytes to ecology
[dna] earth wrote 107 bytes to ecology
[dna] earth wrote 28 bytes to ecology
[dna] earth wrote 125 bytes to ecology
[dna] earth wrote 59 bytes to ecology
[dna] earth wrote 33 bytes to ecology
[dna] earth wrote 12 bytes to ecology
[dna] earth wrote 66 bytes to ecology
[dna] earth wrote 63 bytes to ecology
[dna] earth wrote 99 bytes to ecology
[dna] earth wrote 35 bytes to ecology
[dna] earth wrote 142 bytes to ecology
[dna] earth wrote 225 bytes to ecology
[dna] earth wrote 39 bytes to ecology
[dna] earth wrote 43 bytes to ecology
[dna] earth wrote 119 bytes to ecology
[dna] earth wrote 57 bytes to ecology
[dna] earth wrote 24 bytes to ecology
[dna] earth wrote 161 bytes to ecology
[dna] earth wrote 54 bytes to ecology
[dna] earth wrote 46 bytes to ecology
[dna] earth wrote 48 bytes to ecology
[debug-onto] tick=650 corpus=173643 stage=2 freeze=0
[dna] earth wrote 53 bytes to ecology
[dna] earth wrote 34 bytes to ecology
[dna] earth wrote 25 bytes to ecology
[dna] earth wrote 60 bytes to ecology
[dna] earth wrote 32 bytes to ecology
[dna] earth wrote 123 bytes to ecology
[dna] earth wrote 59 bytes to ecology
[dna] earth wrote 59 bytes to ecology
[dna] earth wrote 27 bytes to ecology
[dna] earth wrote 17 bytes to ecology
[dna] earth wrote 127 bytes to ecology
[dna] earth wrote 100 bytes to ecology
[dna] earth wrote 23 bytes to ecology
[dna] earth wrote 39 bytes to ecology
[dna] earth wrote 98 bytes to ecology
[dna] earth wrote 24 bytes to ecology
[dna] earth wrote 45 bytes to ecology
[dna] earth wrote 31 bytes to ecology
[dna] earth wrote 32 bytes to ecology
[dna] earth wrote 135 bytes to ecology
[dna] earth wrote 58 bytes to ecology
[dna] earth wrote 86 bytes to ecology
[dna] earth wrote 105 bytes to ecology
[dna] earth wrote 50 bytes to ecology
[dna] earth wrote 173 bytes to ecology
[dna] earth wrote 49 bytes to ecology
[dna] earth wrote 64 bytes to ecology
[dna] earth wrote 34 bytes to ecology
[dna] earth wrote 101 bytes to ecology
[dna] earth wrote 115 bytes to ecology
[dna] earth wrote 96 bytes to ecology
[dna] earth wrote 14 bytes to ecology
[dna] earth wrote 142 bytes to ecology
[dna] earth wrote 34 bytes to ecology
[debug-onto] tick=700 corpus=173643 stage=2 freeze=0
[dna] earth wrote 51 bytes to ecology
[dna] earth wrote 52 bytes to ecology
[dna] earth wrote 86 bytes to ecology
[dna] earth wrote 99 bytes to ecology
[dna] earth wrote 65 bytes to ecology
[dna] earth wrote 36 bytes to ecology
[dna] earth wrote 52 bytes to ecology
[dna] earth wrote 42 bytes to ecology
[dna] earth wrote 84 bytes to ecology
[dna] earth wrote 54 bytes to ecology
[dna] earth wrote 49 bytes to ecology
[dna] earth wrote 53 bytes to ecology
[dna] earth wrote 146 bytes to ecology
[dna] earth wrote 44 bytes to ecology
[dna] earth wrote 63 bytes to ecology
[dna] earth wrote 28 bytes to ecology
[dna] earth wrote 18 bytes to ecology
[dna] earth wrote 55 bytes to ecology
[dna] earth wrote 51 bytes to ecology
[dna] earth wrote 198 bytes to ecology
[dna] earth wrote 55 bytes to ecology
[dna] earth wrote 52 bytes to ecology
[dna] earth wrote 42 bytes to ecology
[dna] earth wrote 40 bytes to ecology

[evolution] Organism shutting down gracefully.
