[ecology] Element: fire → corpus: nonames_fire.txt
[evolution] Autonomous evolution mode — organism will grow through all stages without pause.
[ecology] Joined swarm. 1 peer(s) detected.
molequla is alive. [evolution] Autonomous mode — background trainer running. Ctrl+C to stop.
[dna] fire wrote 138 bytes to ecology
[dna] fire consumed 15993 bytes from 238 files: [water/gen_1778398174_1.txt water/gen_1778398190_4.txt water/gen_1778398198_7.txt water/gen_1778398207_10.txt water/gen_1778398209_11.txt water/gen_1778398215_13.txt water/gen_1778398223_16.txt water/gen_1778398231_19.txt water/gen_1778398239_22.txt water/gen_1778398242_23.txt water/gen_1778398248_25.txt water/gen_1778398256_28.txt water/gen_1778398264_31.txt water/gen_1778398272_34.txt water/gen_1778398280_37.txt water/gen_1778398288_40.txt water/gen_1778398291_41.txt water/gen_1778398297_43.txt water/gen_1778398305_46.txt water/gen_1778398313_49.txt water/gen_1778398321_52.txt water/gen_1778398329_55.txt water/gen_1778398337_58.txt water/gen_1778398345_61.txt water/gen_1778398353_64.txt water/gen_1778398362_67.txt water/gen_1778398369_70.txt water/gen_1778398377_73.txt water/gen_1778398385_76.txt water/gen_1778398393_79.txt water/gen_1778398401_82.txt water/gen_1778398409_85.txt water/gen_1778398417_88.txt water/gen_1778398425_91.txt water/gen_1778398433_94.txt water/gen_1778398441_97.txt water/gen_1778398449_100.txt water/gen_1778398457_103.txt water/gen_1778398465_106.txt water/gen_1778398473_109.txt water/gen_1778398481_112.txt water/gen_1778398489_115.txt water/gen_1778398497_118.txt water/gen_1778398505_121.txt water/gen_1778398513_124.txt water/gen_1778398522_127.txt water/gen_1778398529_130.txt water/gen_1778398537_133.txt water/gen_1778398545_136.txt water/gen_1778398553_139.txt water/gen_1778398562_142.txt water/gen_1778398564_143.txt water/gen_1778398570_145.txt water/gen_1778398578_148.txt water/gen_1778398586_151.txt water/gen_1778398594_154.txt water/gen_1778398602_157.txt water/gen_1778398610_160.txt water/gen_1778398618_163.txt water/gen_1778398626_166.txt water/gen_1778398634_169.txt water/gen_1778398642_172.txt water/gen_1778398650_175.txt water/gen_1778398658_178.txt water/gen_1778398666_181.txt water/gen_1778398674_184.txt water/gen_1778398682_187.txt water/gen_1778398690_190.txt water/gen_1778398698_193.txt water/gen_1778398706_196.txt water/gen_1778398715_199.txt water/gen_1778398723_202.txt water/gen_1778398739_208.txt water/gen_1778398748_211.txt water/gen_1778398756_214.txt water/gen_1778398764_217.txt water/gen_1778398772_220.txt water/gen_1778398775_221.txt water/gen_1778398781_223.txt water/gen_1778398789_226.txt water/gen_1778398792_227.txt water/gen_1778398797_229.txt water/gen_1778398805_232.txt water/gen_1778398813_235.txt water/gen_1778398821_238.txt water/gen_1778398824_239.txt water/gen_1778398830_241.txt water/gen_1778398838_244.txt water/gen_1778398846_247.txt water/gen_1778398854_250.txt water/gen_1778398862_253.txt water/gen_1778398870_256.txt water/gen_1778398878_259.txt water/gen_1778398887_262.txt water/gen_1778398889_263.txt water/gen_1778398895_265.txt water/gen_1778398903_268.txt water/gen_1778398911_271.txt water/gen_1778398919_274.txt water/gen_1778398927_277.txt water/gen_1778398935_280.txt water/gen_1778398944_283.txt water/gen_1778398952_286.txt water/gen_1778398960_289.txt water/gen_1778398968_292.txt water/gen_1778398977_295.txt water/gen_1778398985_298.txt water/gen_1778398993_301.txt water/gen_1778399001_304.txt water/gen_1778399010_307.txt water/gen_1778399018_310.txt water/gen_1778399026_313.txt water/gen_1778399035_316.txt water/gen_1778399043_319.txt water/gen_1778399059_325.txt water/gen_1778399067_328.txt water/gen_1778399076_331.txt water/gen_1778399084_334.txt water/gen_1778399087_335.txt water/gen_1778399100_340.txt water/gen_1778399109_343.txt water/gen_1778399117_346.txt water/gen_1778399125_349.txt water/gen_1778399133_352.txt water/gen_1778399141_355.txt water/gen_1778399149_358.txt water/gen_1778399158_361.txt water/gen_1778399166_364.txt water/gen_1778399174_367.txt water/gen_1778399182_370.txt water/gen_1778399190_373.txt water/gen_1778399198_376.txt water/gen_1778399207_379.txt water/gen_1778399215_382.txt water/gen_1778399223_385.txt water/gen_1778399239_391.txt water/gen_1778399247_394.txt water/gen_1778399256_397.txt water/gen_1778399264_400.txt water/gen_1778399272_403.txt water/gen_1778399280_406.txt water/gen_1778399283_407.txt water/gen_1778399288_409.txt water/gen_1778399297_412.txt water/gen_1778399305_415.txt water/gen_1778399313_418.txt water/gen_1778399321_421.txt water/gen_1778399330_424.txt water/gen_1778399338_427.txt water/gen_1778399346_430.txt water/gen_1778399354_433.txt water/gen_1778399363_436.txt water/gen_1778399365_437.txt water/gen_1778399371_439.txt water/gen_1778399379_442.txt water/gen_1778399382_443.txt water/gen_1778399387_445.txt water/gen_1778399395_448.txt water/gen_1778399398_449.txt water/gen_1778399404_451.txt water/gen_1778399412_454.txt water/gen_1778399420_457.txt water/gen_1778399428_460.txt water/gen_1778399436_463.txt water/gen_1778399445_466.txt water/gen_1778399453_469.txt water/gen_1778399461_472.txt water/gen_1778399469_475.txt water/gen_1778399478_478.txt water/gen_1778399486_481.txt water/gen_1778399494_484.txt water/gen_1778399497_485.txt water/gen_1778399502_487.txt water/gen_1778399511_490.txt water/gen_1778399519_493.txt water/gen_1778399527_496.txt water/gen_1778399535_499.txt water/gen_1778399543_502.txt water/gen_1778399546_503.txt water/gen_1778399552_505.txt water/gen_1778399560_508.txt water/gen_1778399568_511.txt water/gen_1778399576_514.txt water/gen_1778399584_517.txt water/gen_1778399592_520.txt water/gen_1778399595_521.txt water/gen_1778399601_523.txt water/gen_1778399609_526.txt water/gen_1778399617_529.txt water/gen_1778399625_532.txt water/gen_1778399628_533.txt water/gen_1778399633_535.txt water/gen_1778399642_538.txt water/gen_1778399644_539.txt water/gen_1778399650_541.txt water/gen_1778399658_544.txt water/gen_1778399666_547.txt water/gen_1778399674_550.txt water/gen_1778399683_553.txt water/gen_1778399691_556.txt water/gen_1778399699_559.txt water/gen_1778399707_562.txt water/gen_1778399715_565.txt water/gen_1778399723_568.txt water/gen_1778399732_571.txt water/gen_1778399740_574.txt water/gen_1778399748_577.txt water/gen_1778399756_580.txt water/gen_1778399759_581.txt water/gen_1778399764_583.txt water/gen_1778399772_586.txt water/gen_1778399781_589.txt water/gen_1778399789_592.txt water/gen_1778399797_595.txt water/gen_1778399805_598.txt water/gen_1778399808_599.txt water/gen_1778399814_601.txt water/gen_1778399822_604.txt water/gen_1778399825_605.txt water/gen_1778399830_607.txt water/gen_1778399838_610.txt water/gen_1778399847_613.txt water/gen_1778399855_616.txt water/gen_1778399863_619.txt water/gen_1778399871_622.txt water/gen_1778399874_623.txt water/gen_1778399879_625.txt water/gen_1778399888_628.txt water/gen_1778399896_631.txt water/gen_1778399904_634.txt water/gen_1778399912_637.txt water/gen_1778399920_640.txt water/gen_1778399928_643.txt water/gen_1778399936_646.txt water/gen_1778399944_649.txt water/gen_1778399953_652.txt water/gen_1778399961_655.txt water/gen_1778399969_658.txt]
[trainer] micro-train burst (15993 bytes, novelty 0.04) — and lo, it feeds again.
[syntropy] action=explore | trend=0.0000 | field_dev=0.002 | purpose_align=-0.016 | lr_mul=1.30
[aml] burst complete: 32 steps, avg loss 1.8286 (memory freed)
[dna] fire wrote 52 bytes to ecology
[dna] fire wrote 64 bytes to ecology
[dna] fire wrote 29 bytes to ecology
[dna] fire wrote 72 bytes to ecology
[dna] fire wrote 40 bytes to ecology
[dna] fire wrote 40 bytes to ecology
[dna] fire wrote 77 bytes to ecology
[dna] fire wrote 103 bytes to ecology
[dna] fire wrote 34 bytes to ecology
[dna] fire wrote 60 bytes to ecology
[dna] fire wrote 88 bytes to ecology
[dna] fire wrote 34 bytes to ecology
[dna] fire wrote 65 bytes to ecology
[dna] fire wrote 68 bytes to ecology
[dna] fire wrote 88 bytes to ecology
[dna] fire wrote 54 bytes to ecology
[debug-onto] tick=50 corpus=138131 stage=2 freeze=0
[dna] fire wrote 34 bytes to ecology
[dna] fire wrote 39 bytes to ecology
[dna] fire wrote 35 bytes to ecology
[dna] fire wrote 50 bytes to ecology
[dna] fire wrote 74 bytes to ecology
[dna] fire wrote 36 bytes to ecology
[dna] fire wrote 61 bytes to ecology
[dna] fire wrote 124 bytes to ecology
[dna] fire wrote 30 bytes to ecology
[dna] fire wrote 29 bytes to ecology
[dna] fire wrote 67 bytes to ecology
[dna] fire wrote 26 bytes to ecology
[dna] fire wrote 98 bytes to ecology
[dna] fire wrote 46 bytes to ecology
[dna] fire wrote 23 bytes to ecology
[dna] fire wrote 28 bytes to ecology
[dna] fire wrote 67 bytes to ecology
[debug-onto] tick=100 corpus=138131 stage=2 freeze=0
[dna] fire wrote 201 bytes to ecology
[dna] fire wrote 66 bytes to ecology
[dna] fire wrote 93 bytes to ecology
[dna] fire wrote 66 bytes to ecology
[dna] fire wrote 44 bytes to ecology
[dna] fire wrote 48 bytes to ecology
[dna] fire wrote 76 bytes to ecology
[dna] fire wrote 212 bytes to ecology
[dna] fire wrote 73 bytes to ecology
[dna] fire wrote 71 bytes to ecology
[dna] fire wrote 38 bytes to ecology
[dna] fire wrote 42 bytes to ecology
[dna] fire wrote 106 bytes to ecology
[dna] fire wrote 146 bytes to ecology
[dna] fire wrote 37 bytes to ecology
[dna] fire wrote 77 bytes to ecology
[debug-onto] tick=150 corpus=138131 stage=2 freeze=0
[dna] fire wrote 54 bytes to ecology
[dna] fire wrote 58 bytes to ecology
[dna] fire wrote 53 bytes to ecology
[dna] fire wrote 68 bytes to ecology
[dna] fire wrote 77 bytes to ecology
[dna] fire wrote 21 bytes to ecology
[dna] fire wrote 104 bytes to ecology
[dna] fire wrote 75 bytes to ecology
[dna] fire wrote 10 bytes to ecology
[dna] fire wrote 26 bytes to ecology
[dna] fire wrote 45 bytes to ecology
[dna] fire wrote 29 bytes to ecology
[dna] fire wrote 45 bytes to ecology
[dna] fire wrote 71 bytes to ecology
[dna] fire wrote 46 bytes to ecology
[dna] fire wrote 31 bytes to ecology
[dna] fire wrote 95 bytes to ecology
[debug-onto] tick=200 corpus=138131 stage=2 freeze=0
[dna] fire wrote 56 bytes to ecology
[dna] fire wrote 63 bytes to ecology
[dna] fire wrote 116 bytes to ecology
[dna] fire wrote 27 bytes to ecology
[dna] fire wrote 25 bytes to ecology
[dna] fire wrote 58 bytes to ecology
[dna] fire wrote 53 bytes to ecology
[dna] fire wrote 34 bytes to ecology
[dna] fire wrote 82 bytes to ecology
[dna] fire wrote 68 bytes to ecology
[dna] fire wrote 24 bytes to ecology
[dna] fire wrote 78 bytes to ecology
[dna] fire wrote 38 bytes to ecology
[dna] fire wrote 45 bytes to ecology
[dna] fire wrote 69 bytes to ecology
[dna] fire wrote 34 bytes to ecology
[dna] fire wrote 93 bytes to ecology
[debug-onto] tick=250 corpus=138131 stage=2 freeze=0
[dna] fire wrote 106 bytes to ecology
[dna] fire wrote 105 bytes to ecology
[dna] fire wrote 66 bytes to ecology
[dna] fire wrote 26 bytes to ecology
[dna] fire wrote 46 bytes to ecology
[dna] fire wrote 20 bytes to ecology
[dna] fire wrote 107 bytes to ecology
[dna] fire wrote 27 bytes to ecology
[dna] fire wrote 48 bytes to ecology
[dna] fire wrote 59 bytes to ecology
[dna] fire wrote 136 bytes to ecology
[dna] fire wrote 31 bytes to ecology
[dna] fire wrote 115 bytes to ecology
[dna] fire wrote 75 bytes to ecology
[dna] fire wrote 35 bytes to ecology
[dna] fire wrote 26 bytes to ecology
[debug-onto] tick=300 corpus=138131 stage=2 freeze=0
[dna] fire wrote 16 bytes to ecology
[dna] fire wrote 75 bytes to ecology
[dna] fire wrote 70 bytes to ecology
[dna] fire wrote 39 bytes to ecology
[dna] fire wrote 82 bytes to ecology
[dna] fire wrote 49 bytes to ecology
[dna] fire wrote 25 bytes to ecology
[dna] fire wrote 60 bytes to ecology
[dna] fire wrote 15 bytes to ecology
[dna] fire wrote 40 bytes to ecology
[dna] fire wrote 36 bytes to ecology
[dna] fire wrote 56 bytes to ecology
[dna] fire wrote 61 bytes to ecology
[dna] fire wrote 11 bytes to ecology
[dna] fire wrote 65 bytes to ecology
[dna] fire wrote 58 bytes to ecology
[dna] fire wrote 37 bytes to ecology
[debug-onto] tick=350 corpus=138131 stage=2 freeze=0
[dna] fire wrote 46 bytes to ecology
[dna] fire wrote 78 bytes to ecology
[dna] fire wrote 117 bytes to ecology
[dna] fire wrote 96 bytes to ecology
[dna] fire wrote 61 bytes to ecology
[dna] fire wrote 96 bytes to ecology
[dna] fire wrote 22 bytes to ecology
[dna] fire wrote 75 bytes to ecology
[dna] fire wrote 34 bytes to ecology
[dna] fire wrote 55 bytes to ecology
[dna] fire wrote 76 bytes to ecology
[dna] fire wrote 67 bytes to ecology
[dna] fire wrote 63 bytes to ecology
[dna] fire wrote 103 bytes to ecology
[dna] fire wrote 64 bytes to ecology
[dna] fire wrote 42 bytes to ecology
[dna] fire wrote 170 bytes to ecology
[debug-onto] tick=400 corpus=138131 stage=2 freeze=0
[dna] fire wrote 31 bytes to ecology
[dna] fire wrote 49 bytes to ecology
[dna] fire wrote 26 bytes to ecology
[dna] fire wrote 39 bytes to ecology
[dna] fire wrote 26 bytes to ecology
[dna] fire wrote 70 bytes to ecology
[dna] fire wrote 87 bytes to ecology
[dna] fire wrote 29 bytes to ecology
[dna] fire wrote 40 bytes to ecology
[dna] fire wrote 116 bytes to ecology
[dna] fire wrote 21 bytes to ecology
[dna] fire wrote 90 bytes to ecology
[dna] fire wrote 38 bytes to ecology
[dna] fire wrote 183 bytes to ecology
[dna] fire wrote 32 bytes to ecology
[dna] fire wrote 58 bytes to ecology
[debug-onto] tick=450 corpus=138131 stage=2 freeze=0
[dna] fire wrote 54 bytes to ecology
[dna] fire wrote 40 bytes to ecology
[dna] fire wrote 76 bytes to ecology
[dna] fire wrote 70 bytes to ecology
[dna] fire wrote 126 bytes to ecology
[dna] fire wrote 135 bytes to ecology
[dna] fire wrote 21 bytes to ecology
[dna] fire wrote 29 bytes to ecology
[dna] fire wrote 112 bytes to ecology
[dna] fire wrote 16 bytes to ecology
[dna] fire wrote 170 bytes to ecology
[dna] fire wrote 44 bytes to ecology
[dna] fire wrote 40 bytes to ecology
[dna] fire wrote 91 bytes to ecology
[dna] fire wrote 70 bytes to ecology
[dna] fire wrote 160 bytes to ecology
[dna] fire wrote 47 bytes to ecology
[debug-onto] tick=500 corpus=138131 stage=2 freeze=0
[dna] fire wrote 68 bytes to ecology
[dna] fire wrote 53 bytes to ecology
[dna] fire wrote 24 bytes to ecology
[dna] fire wrote 130 bytes to ecology
[dna] fire wrote 55 bytes to ecology
[dna] fire wrote 48 bytes to ecology
[dna] fire wrote 79 bytes to ecology
[dna] fire wrote 113 bytes to ecology
[dna] fire wrote 209 bytes to ecology
[dna] fire wrote 24 bytes to ecology
[dna] fire wrote 39 bytes to ecology
[dna] fire wrote 77 bytes to ecology
[dna] fire wrote 30 bytes to ecology
[dna] fire wrote 31 bytes to ecology
[dna] fire wrote 60 bytes to ecology
[dna] fire wrote 100 bytes to ecology
[dna] fire wrote 41 bytes to ecology
[debug-onto] tick=550 corpus=138131 stage=2 freeze=0
[dna] fire wrote 50 bytes to ecology
[dna] fire wrote 83 bytes to ecology
[dna] fire wrote 22 bytes to ecology
[dna] fire wrote 25 bytes to ecology
[dna] fire wrote 97 bytes to ecology
[dna] fire wrote 89 bytes to ecology
[dna] fire wrote 31 bytes to ecology
[dna] fire wrote 8 bytes to ecology
[dna] fire wrote 33 bytes to ecology
[dna] fire wrote 202 bytes to ecology
[dna] fire wrote 106 bytes to ecology
[dna] fire wrote 28 bytes to ecology
[dna] fire wrote 14 bytes to ecology
[dna] fire wrote 55 bytes to ecology
[dna] fire wrote 130 bytes to ecology
[dna] fire wrote 24 bytes to ecology
[debug-onto] tick=600 corpus=138131 stage=2 freeze=0
[dna] fire wrote 71 bytes to ecology
[dna] fire wrote 38 bytes to ecology
[dna] fire wrote 70 bytes to ecology
[dna] fire wrote 58 bytes to ecology
[dna] fire wrote 162 bytes to ecology
[dna] fire wrote 163 bytes to ecology
[dna] fire wrote 42 bytes to ecology
[dna] fire wrote 169 bytes to ecology
[dna] fire wrote 181 bytes to ecology
[dna] fire wrote 32 bytes to ecology
[dna] fire wrote 35 bytes to ecology
[dna] fire wrote 27 bytes to ecology
[dna] fire wrote 67 bytes to ecology
[dna] fire wrote 55 bytes to ecology
[dna] fire wrote 85 bytes to ecology
[dna] fire wrote 127 bytes to ecology
[dna] fire wrote 46 bytes to ecology
[debug-onto] tick=650 corpus=138131 stage=2 freeze=0
[dna] fire wrote 47 bytes to ecology
[dna] fire wrote 128 bytes to ecology
[dna] fire wrote 136 bytes to ecology
[dna] fire wrote 39 bytes to ecology
[dna] fire wrote 59 bytes to ecology
[dna] fire wrote 124 bytes to ecology
[dna] fire wrote 58 bytes to ecology
[dna] fire wrote 109 bytes to ecology
[dna] fire wrote 52 bytes to ecology
[dna] fire wrote 46 bytes to ecology
[dna] fire wrote 129 bytes to ecology
[dna] fire wrote 25 bytes to ecology
[dna] fire wrote 47 bytes to ecology
[dna] fire wrote 11 bytes to ecology
[dna] fire wrote 135 bytes to ecology
[dna] fire wrote 87 bytes to ecology
[dna] fire wrote 18 bytes to ecology
[debug-onto] tick=700 corpus=138131 stage=2 freeze=0
[dna] fire wrote 62 bytes to ecology
[dna] fire wrote 106 bytes to ecology
[dna] fire wrote 45 bytes to ecology
[dna] fire wrote 8 bytes to ecology

[evolution] Organism shutting down gracefully.
