[ecology] Element: water → corpus: nonames_water.txt
[evolution] Autonomous evolution mode — organism will grow through all stages without pause.
[ecology] Joined swarm. 1 peer(s) detected.
molequla is alive. [evolution] Autonomous mode — background trainer running. Ctrl+C to stop.
[dna] water wrote 39 bytes to ecology
[dna] water consumed 23066 bytes from 327 files: [air/gen_1778396373_1.txt air/gen_1778396386_2.txt air/gen_1778396392_4.txt air/gen_1778396400_7.txt air/gen_1778396402_8.txt air/gen_1778396408_10.txt air/gen_1778396416_13.txt air/gen_1778396419_14.txt air/gen_1778396424_16.txt air/gen_1778396432_19.txt air/gen_1778396435_20.txt air/gen_1778396440_22.txt air/gen_1778396448_25.txt air/gen_1778396451_26.txt air/gen_1778396457_28.txt air/gen_1778396465_31.txt air/gen_1778396468_32.txt air/gen_1778396473_34.txt air/gen_1778396481_37.txt air/gen_1778396484_38.txt air/gen_1778396489_40.txt air/gen_1778396497_43.txt air/gen_1778396500_44.txt air/gen_1778396506_46.txt air/gen_1778396514_49.txt air/gen_1778396517_50.txt air/gen_1778396522_52.txt air/gen_1778396530_55.txt air/gen_1778396533_56.txt air/gen_1778396538_58.txt air/gen_1778396546_61.txt air/gen_1778396549_62.txt air/gen_1778396554_64.txt air/gen_1778396563_67.txt air/gen_1778396565_68.txt air/gen_1778396571_70.txt air/gen_1778396579_73.txt air/gen_1778396582_74.txt air/gen_1778396587_76.txt air/gen_1778396595_79.txt air/gen_1778396598_80.txt air/gen_1778396604_82.txt air/gen_1778396612_85.txt air/gen_1778396615_86.txt air/gen_1778396620_88.txt air/gen_1778396628_91.txt air/gen_1778396631_92.txt air/gen_1778396636_94.txt air/gen_1778396644_97.txt air/gen_1778396647_98.txt air/gen_1778396652_100.txt air/gen_1778396661_103.txt air/gen_1778396663_104.txt air/gen_1778396669_106.txt air/gen_1778396677_109.txt air/gen_1778396680_110.txt air/gen_1778396685_112.txt air/gen_1778396693_115.txt air/gen_1778396696_116.txt air/gen_1778396701_118.txt air/gen_1778396710_121.txt air/gen_1778396712_122.txt air/gen_1778396718_124.txt air/gen_1778396726_127.txt air/gen_1778396729_128.txt air/gen_1778396735_130.txt air/gen_1778396743_133.txt air/gen_1778396746_134.txt air/gen_1778396751_136.txt air/gen_1778396759_139.txt air/gen_1778396762_140.txt air/gen_1778396768_142.txt air/gen_1778396776_145.txt air/gen_1778396779_146.txt air/gen_1778396784_148.txt air/gen_1778396792_151.txt air/gen_1778396795_152.txt air/gen_1778396801_154.txt air/gen_1778396809_157.txt air/gen_1778396812_158.txt air/gen_1778396817_160.txt air/gen_1778396825_163.txt air/gen_1778396828_164.txt air/gen_1778396834_166.txt air/gen_1778396842_169.txt air/gen_1778396845_170.txt air/gen_1778396850_172.txt air/gen_1778396858_175.txt air/gen_1778396861_176.txt air/gen_1778396866_178.txt air/gen_1778396875_181.txt air/gen_1778396877_182.txt air/gen_1778396883_184.txt air/gen_1778396891_187.txt air/gen_1778396894_188.txt air/gen_1778396899_190.txt air/gen_1778396910_194.txt air/gen_1778396915_196.txt air/gen_1778396924_199.txt air/gen_1778396932_202.txt air/gen_1778396940_205.txt air/gen_1778396942_206.txt air/gen_1778396948_208.txt air/gen_1778396956_211.txt air/gen_1778396959_212.txt air/gen_1778396964_214.txt air/gen_1778396972_217.txt air/gen_1778396975_218.txt air/gen_1778396980_220.txt air/gen_1778396988_223.txt air/gen_1778396991_224.txt air/gen_1778396996_226.txt air/gen_1778397005_229.txt air/gen_1778397007_230.txt air/gen_1778397013_232.txt air/gen_1778397021_235.txt air/gen_1778397023_236.txt air/gen_1778397029_238.txt air/gen_1778397037_241.txt air/gen_1778397040_242.txt air/gen_1778397045_244.txt air/gen_1778397053_247.txt air/gen_1778397056_248.txt air/gen_1778397061_250.txt air/gen_1778397070_253.txt air/gen_1778397072_254.txt air/gen_1778397078_256.txt air/gen_1778397086_259.txt air/gen_1778397088_260.txt air/gen_1778397094_262.txt air/gen_1778397102_265.txt air/gen_1778397105_266.txt air/gen_1778397110_268.txt air/gen_1778397118_271.txt air/gen_1778397121_272.txt air/gen_1778397126_274.txt air/gen_1778397135_277.txt air/gen_1778397137_278.txt air/gen_1778397143_280.txt air/gen_1778397151_283.txt air/gen_1778397153_284.txt air/gen_1778397159_286.txt air/gen_1778397167_289.txt air/gen_1778397170_290.txt air/gen_1778397175_292.txt air/gen_1778397183_295.txt air/gen_1778397186_296.txt air/gen_1778397191_298.txt air/gen_1778397199_301.txt air/gen_1778397202_302.txt air/gen_1778397208_304.txt air/gen_1778397216_307.txt air/gen_1778397218_308.txt air/gen_1778397224_310.txt air/gen_1778397232_313.txt air/gen_1778397235_314.txt air/gen_1778397240_316.txt air/gen_1778397248_319.txt air/gen_1778397251_320.txt air/gen_1778397256_322.txt air/gen_1778397264_325.txt air/gen_1778397267_326.txt air/gen_1778397273_328.txt air/gen_1778397281_331.txt air/gen_1778397283_332.txt air/gen_1778397289_334.txt air/gen_1778397297_337.txt air/gen_1778397300_338.txt air/gen_1778397305_340.txt air/gen_1778397313_343.txt air/gen_1778397316_344.txt air/gen_1778397321_346.txt air/gen_1778397329_349.txt air/gen_1778397332_350.txt air/gen_1778397338_352.txt air/gen_1778397346_355.txt air/gen_1778397348_356.txt air/gen_1778397354_358.txt air/gen_1778397362_361.txt air/gen_1778397365_362.txt air/gen_1778397370_364.txt air/gen_1778397378_367.txt air/gen_1778397381_368.txt air/gen_1778397387_370.txt air/gen_1778397395_373.txt air/gen_1778397397_374.txt air/gen_1778397403_376.txt air/gen_1778397411_379.txt air/gen_1778397414_380.txt air/gen_1778397419_382.txt air/gen_1778397427_385.txt air/gen_1778397430_386.txt air/gen_1778397435_388.txt air/gen_1778397444_391.txt air/gen_1778397446_392.txt air/gen_1778397452_394.txt air/gen_1778397460_397.txt air/gen_1778397462_398.txt air/gen_1778397468_400.txt air/gen_1778397476_403.txt air/gen_1778397479_404.txt air/gen_1778397484_406.txt air/gen_1778397492_409.txt air/gen_1778397495_410.txt air/gen_1778397500_412.txt air/gen_1778397509_415.txt air/gen_1778397511_416.txt air/gen_1778397517_418.txt air/gen_1778397525_421.txt air/gen_1778397528_422.txt air/gen_1778397533_424.txt air/gen_1778397541_427.txt air/gen_1778397544_428.txt air/gen_1778397549_430.txt air/gen_1778397557_433.txt air/gen_1778397560_434.txt air/gen_1778397566_436.txt air/gen_1778397574_439.txt air/gen_1778397577_440.txt air/gen_1778397582_442.txt air/gen_1778397590_445.txt air/gen_1778397593_446.txt air/gen_1778397599_448.txt air/gen_1778397607_451.txt air/gen_1778397610_452.txt air/gen_1778397615_454.txt air/gen_1778397624_457.txt air/gen_1778397626_458.txt air/gen_1778397632_460.txt air/gen_1778397640_463.txt air/gen_1778397643_464.txt air/gen_1778397648_466.txt air/gen_1778397656_469.txt air/gen_1778397659_470.txt air/gen_1778397665_472.txt air/gen_1778397673_475.txt air/gen_1778397676_476.txt air/gen_1778397681_478.txt air/gen_1778397689_481.txt air/gen_1778397692_482.txt air/gen_1778397697_484.txt air/gen_1778397705_487.txt air/gen_1778397708_488.txt air/gen_1778397714_490.txt air/gen_1778397722_493.txt air/gen_1778397724_494.txt air/gen_1778397730_496.txt air/gen_1778397738_499.txt air/gen_1778397741_500.txt air/gen_1778397746_502.txt air/gen_1778397755_505.txt air/gen_1778397758_506.txt air/gen_1778397763_508.txt air/gen_1778397771_511.txt air/gen_1778397774_512.txt air/gen_1778397780_514.txt air/gen_1778397788_517.txt air/gen_1778397791_518.txt air/gen_1778397796_520.txt air/gen_1778397804_523.txt air/gen_1778397807_524.txt air/gen_1778397813_526.txt air/gen_1778397821_529.txt air/gen_1778397824_530.txt air/gen_1778397829_532.txt air/gen_1778397837_535.txt air/gen_1778397840_536.txt air/gen_1778397846_538.txt air/gen_1778397854_541.txt air/gen_1778397857_542.txt air/gen_1778397862_544.txt air/gen_1778397870_547.txt air/gen_1778397873_548.txt air/gen_1778397878_550.txt air/gen_1778397886_553.txt air/gen_1778397889_554.txt air/gen_1778397895_556.txt air/gen_1778397903_559.txt air/gen_1778397906_560.txt air/gen_1778397911_562.txt air/gen_1778397919_565.txt air/gen_1778397922_566.txt air/gen_1778397928_568.txt air/gen_1778397936_571.txt air/gen_1778397938_572.txt air/gen_1778397944_574.txt air/gen_1778397952_577.txt air/gen_1778397955_578.txt air/gen_1778397960_580.txt air/gen_1778397969_583.txt air/gen_1778397971_584.txt air/gen_1778397977_586.txt air/gen_1778397985_589.txt air/gen_1778397988_590.txt air/gen_1778397993_592.txt air/gen_1778398001_595.txt air/gen_1778398004_596.txt air/gen_1778398009_598.txt air/gen_1778398018_601.txt air/gen_1778398020_602.txt air/gen_1778398026_604.txt air/gen_1778398034_607.txt air/gen_1778398037_608.txt air/gen_1778398042_610.txt air/gen_1778398050_613.txt air/gen_1778398053_614.txt air/gen_1778398058_616.txt air/gen_1778398066_619.txt air/gen_1778398069_620.txt air/gen_1778398075_622.txt air/gen_1778398083_625.txt air/gen_1778398085_626.txt air/gen_1778398091_628.txt air/gen_1778398099_631.txt air/gen_1778398102_632.txt air/gen_1778398107_634.txt air/gen_1778398115_637.txt air/gen_1778398118_638.txt air/gen_1778398123_640.txt air/gen_1778398131_643.txt air/gen_1778398134_644.txt air/gen_1778398139_646.txt air/gen_1778398148_649.txt air/gen_1778398150_650.txt air/gen_1778398156_652.txt air/gen_1778398164_655.txt air/gen_1778398167_656.txt]
[trainer] micro-train burst (23066 bytes, novelty 0.03) — and lo, it feeds again.
[syntropy] action=explore | trend=0.0000 | field_dev=0.045 | purpose_align=-0.149 | lr_mul=1.30
[aml] burst complete: 32 steps, avg loss 1.7022 (memory freed)
[trainer] growing new delta module (total: 2) — new soul appended.
[dna] water wrote 113 bytes to ecology
[dna] water wrote 106 bytes to ecology
[dna] water wrote 43 bytes to ecology
[dna] water wrote 76 bytes to ecology
[dna] water wrote 152 bytes to ecology
[dna] water wrote 101 bytes to ecology
[dna] water wrote 57 bytes to ecology
[dna] water wrote 85 bytes to ecology
[dna] water wrote 44 bytes to ecology
[dna] water wrote 95 bytes to ecology
[dna] water wrote 86 bytes to ecology
[dna] water wrote 44 bytes to ecology
[dna] water wrote 18 bytes to ecology
[dna] water wrote 133 bytes to ecology
[dna] water wrote 166 bytes to ecology
[dna] water wrote 10 bytes to ecology
[dna] water wrote 62 bytes to ecology
[dna] water wrote 98 bytes to ecology
[dna] water wrote 33 bytes to ecology
[debug-onto] tick=50 corpus=149090 stage=2 freeze=0
[dna] water wrote 49 bytes to ecology
[dna] water wrote 25 bytes to ecology
[dna] water wrote 71 bytes to ecology
[dna] water wrote 105 bytes to ecology
[dna] water wrote 52 bytes to ecology
[dna] water wrote 200 bytes to ecology
[dna] water wrote 28 bytes to ecology
[dna] water wrote 14 bytes to ecology
[dna] water wrote 49 bytes to ecology
[dna] water wrote 37 bytes to ecology
[dna] water wrote 44 bytes to ecology
[dna] water wrote 86 bytes to ecology
[dna] water wrote 38 bytes to ecology
[dna] water wrote 37 bytes to ecology
[dna] water wrote 49 bytes to ecology
[dna] water wrote 68 bytes to ecology
[dna] water wrote 114 bytes to ecology
[debug-onto] tick=100 corpus=149090 stage=2 freeze=0
[dna] water wrote 37 bytes to ecology
[dna] water wrote 33 bytes to ecology
[dna] water wrote 35 bytes to ecology
[dna] water wrote 14 bytes to ecology
[dna] water wrote 166 bytes to ecology
[dna] water wrote 109 bytes to ecology
[dna] water wrote 84 bytes to ecology
[dna] water wrote 88 bytes to ecology
[dna] water wrote 45 bytes to ecology
[dna] water wrote 41 bytes to ecology
[dna] water wrote 10 bytes to ecology
[dna] water wrote 12 bytes to ecology
[dna] water wrote 39 bytes to ecology
[dna] water wrote 185 bytes to ecology
[dna] water wrote 37 bytes to ecology
[dna] water wrote 44 bytes to ecology
[dna] water wrote 34 bytes to ecology
[debug-onto] tick=150 corpus=149090 stage=2 freeze=0
[dna] water wrote 40 bytes to ecology
[dna] water wrote 79 bytes to ecology
[dna] water wrote 55 bytes to ecology
[dna] water wrote 55 bytes to ecology
[dna] water wrote 59 bytes to ecology
[dna] water wrote 73 bytes to ecology
[dna] water wrote 44 bytes to ecology
[dna] water wrote 52 bytes to ecology
[dna] water wrote 39 bytes to ecology
[dna] water wrote 52 bytes to ecology
[dna] water wrote 155 bytes to ecology
[dna] water wrote 10 bytes to ecology
[dna] water wrote 65 bytes to ecology
[dna] water wrote 175 bytes to ecology
[dna] water wrote 61 bytes to ecology
[dna] water wrote 39 bytes to ecology
[dna] water wrote 47 bytes to ecology
[debug-onto] tick=200 corpus=149090 stage=2 freeze=0
[dna] water wrote 76 bytes to ecology
[dna] water wrote 9 bytes to ecology
[dna] water wrote 47 bytes to ecology
[dna] water wrote 90 bytes to ecology
[dna] water wrote 68 bytes to ecology
[dna] water wrote 66 bytes to ecology
[dna] water wrote 59 bytes to ecology
[dna] water wrote 77 bytes to ecology
[dna] water wrote 132 bytes to ecology
[dna] water wrote 41 bytes to ecology
[dna] water wrote 47 bytes to ecology
[dna] water wrote 21 bytes to ecology
[dna] water wrote 78 bytes to ecology
[dna] water wrote 56 bytes to ecology
[dna] water wrote 70 bytes to ecology
[dna] water wrote 41 bytes to ecology
[dna] water wrote 65 bytes to ecology
[dna] water wrote 66 bytes to ecology
[dna] water wrote 103 bytes to ecology
[dna] water wrote 26 bytes to ecology
[debug-onto] tick=250 corpus=149090 stage=2 freeze=0
[dna] water wrote 93 bytes to ecology
[dna] water wrote 92 bytes to ecology
[dna] water wrote 93 bytes to ecology
[dna] water wrote 87 bytes to ecology
[dna] water wrote 29 bytes to ecology
[dna] water wrote 30 bytes to ecology
[dna] water wrote 104 bytes to ecology
[dna] water wrote 41 bytes to ecology
[dna] water wrote 26 bytes to ecology
[dna] water wrote 29 bytes to ecology
[dna] water wrote 74 bytes to ecology
[dna] water wrote 105 bytes to ecology
[dna] water wrote 46 bytes to ecology
[dna] water wrote 33 bytes to ecology
[dna] water wrote 45 bytes to ecology
[dna] water wrote 147 bytes to ecology
[dna] water wrote 18 bytes to ecology
[debug-onto] tick=300 corpus=149090 stage=2 freeze=0
[dna] water wrote 44 bytes to ecology
[dna] water wrote 41 bytes to ecology
[dna] water wrote 68 bytes to ecology
[dna] water wrote 93 bytes to ecology
[dna] water wrote 91 bytes to ecology
[dna] water wrote 81 bytes to ecology
[dna] water wrote 43 bytes to ecology
[dna] water wrote 9 bytes to ecology
[dna] water wrote 162 bytes to ecology
[dna] water wrote 39 bytes to ecology
[dna] water wrote 94 bytes to ecology
[dna] water wrote 41 bytes to ecology
[dna] water wrote 119 bytes to ecology
[dna] water wrote 9 bytes to ecology
[dna] water wrote 44 bytes to ecology
[dna] water wrote 68 bytes to ecology
[dna] water wrote 21 bytes to ecology
[dna] water wrote 97 bytes to ecology
[debug-onto] tick=350 corpus=149090 stage=2 freeze=0
[dna] water wrote 23 bytes to ecology
[dna] water wrote 99 bytes to ecology
[dna] water wrote 75 bytes to ecology
[dna] water wrote 39 bytes to ecology
[dna] water wrote 108 bytes to ecology
[dna] water wrote 25 bytes to ecology
[dna] water wrote 89 bytes to ecology
[dna] water wrote 75 bytes to ecology
[dna] water wrote 58 bytes to ecology
[dna] water wrote 57 bytes to ecology
[dna] water wrote 20 bytes to ecology
[dna] water wrote 27 bytes to ecology
[dna] water wrote 9 bytes to ecology
[dna] water wrote 57 bytes to ecology
[dna] water wrote 38 bytes to ecology
[dna] water wrote 56 bytes to ecology
[dna] water wrote 40 bytes to ecology
[debug-onto] tick=400 corpus=149090 stage=2 freeze=0
[dna] water wrote 49 bytes to ecology
[dna] water wrote 56 bytes to ecology
[dna] water wrote 61 bytes to ecology
[dna] water wrote 59 bytes to ecology
[dna] water wrote 90 bytes to ecology
[dna] water wrote 24 bytes to ecology
[dna] water wrote 75 bytes to ecology
[dna] water wrote 49 bytes to ecology
[dna] water wrote 96 bytes to ecology
[dna] water wrote 87 bytes to ecology
[dna] water wrote 91 bytes to ecology
[dna] water wrote 66 bytes to ecology
[dna] water wrote 55 bytes to ecology
[dna] water wrote 24 bytes to ecology
[dna] water wrote 102 bytes to ecology
[dna] water wrote 32 bytes to ecology
[dna] water wrote 18 bytes to ecology
[dna] water wrote 67 bytes to ecology
[dna] water wrote 32 bytes to ecology
[dna] water wrote 224 bytes to ecology
[debug-onto] tick=450 corpus=149090 stage=2 freeze=0
[dna] water wrote 46 bytes to ecology
[dna] water wrote 38 bytes to ecology
[dna] water wrote 107 bytes to ecology
[dna] water wrote 82 bytes to ecology
[dna] water wrote 37 bytes to ecology
[dna] water wrote 52 bytes to ecology
[dna] water wrote 49 bytes to ecology
[dna] water wrote 32 bytes to ecology
[dna] water wrote 56 bytes to ecology
[dna] water wrote 70 bytes to ecology
[dna] water wrote 148 bytes to ecology
[dna] water wrote 126 bytes to ecology
[dna] water wrote 155 bytes to ecology
[dna] water wrote 69 bytes to ecology
[dna] water wrote 112 bytes to ecology
[dna] water wrote 52 bytes to ecology
[dna] water wrote 17 bytes to ecology
[dna] water wrote 128 bytes to ecology
[debug-onto] tick=500 corpus=149090 stage=2 freeze=0
[dna] water wrote 29 bytes to ecology
[dna] water wrote 113 bytes to ecology
[dna] water wrote 31 bytes to ecology
[dna] water wrote 99 bytes to ecology
[dna] water wrote 40 bytes to ecology
[dna] water wrote 31 bytes to ecology
[dna] water wrote 165 bytes to ecology
[dna] water wrote 66 bytes to ecology
[dna] water wrote 211 bytes to ecology
[dna] water wrote 25 bytes to ecology
[dna] water wrote 49 bytes to ecology
[dna] water wrote 40 bytes to ecology
[dna] water wrote 83 bytes to ecology
[dna] water wrote 125 bytes to ecology
[dna] water wrote 48 bytes to ecology
[dna] water wrote 96 bytes to ecology
[dna] water wrote 155 bytes to ecology
[dna] water wrote 51 bytes to ecology
[dna] water wrote 49 bytes to ecology
[dna] water wrote 94 bytes to ecology
[dna] water wrote 90 bytes to ecology
[debug-onto] tick=550 corpus=149090 stage=2 freeze=0
[dna] water wrote 60 bytes to ecology
[dna] water wrote 72 bytes to ecology
[dna] water wrote 85 bytes to ecology
[dna] water wrote 39 bytes to ecology
[dna] water wrote 59 bytes to ecology
[dna] water wrote 54 bytes to ecology
[dna] water wrote 70 bytes to ecology
[dna] water wrote 71 bytes to ecology
[dna] water wrote 122 bytes to ecology
[dna] water wrote 82 bytes to ecology
[dna] water wrote 15 bytes to ecology
[dna] water wrote 38 bytes to ecology
[dna] water wrote 14 bytes to ecology
[dna] water wrote 132 bytes to ecology
[dna] water wrote 81 bytes to ecology
[dna] water wrote 28 bytes to ecology
[dna] water wrote 115 bytes to ecology
[dna] water wrote 65 bytes to ecology
[debug-onto] tick=600 corpus=149090 stage=2 freeze=0
[dna] water wrote 75 bytes to ecology
[dna] water wrote 36 bytes to ecology
[dna] water wrote 109 bytes to ecology
[dna] water wrote 46 bytes to ecology
[dna] water wrote 104 bytes to ecology
[dna] water wrote 22 bytes to ecology
[dna] water wrote 58 bytes to ecology
[dna] water wrote 83 bytes to ecology
[dna] water wrote 76 bytes to ecology
[dna] water wrote 52 bytes to ecology
[dna] water wrote 54 bytes to ecology
[dna] water wrote 35 bytes to ecology
[dna] water wrote 72 bytes to ecology
[dna] water wrote 22 bytes to ecology
[dna] water wrote 51 bytes to ecology
[dna] water wrote 29 bytes to ecology
[dna] water wrote 12 bytes to ecology
[dna] water wrote 122 bytes to ecology
[dna] water wrote 42 bytes to ecology
[debug-onto] tick=650 corpus=149090 stage=2 freeze=0
[dna] water wrote 57 bytes to ecology
[dna] water wrote 33 bytes to ecology
[dna] water wrote 85 bytes to ecology

[evolution] Organism shutting down gracefully.
