[ecology] Element: air → corpus: nonames_air.txt
[evolution] Autonomous evolution mode — organism will grow through all stages without pause.
[ecology] Joined swarm. 1 peer(s) detected.
molequla is alive. [evolution] Autonomous mode — background trainer running. Ctrl+C to stop.
[dna] air wrote 69 bytes to ecology
[dna] air consumed 30930 bytes from 445 files: [earth/gen_1775973114_1.txt earth/gen_1775973117_2.txt earth/gen_1775973122_4.txt earth/gen_1775973127_6.txt earth/gen_1775973130_7.txt earth/gen_1775973133_8.txt earth/gen_1775973138_10.txt earth/gen_1775973143_12.txt earth/gen_1775973145_13.txt earth/gen_1775973148_14.txt earth/gen_1775973153_16.txt earth/gen_1775973158_18.txt earth/gen_1775973161_19.txt earth/gen_1775973163_20.txt earth/gen_1775973168_22.txt earth/gen_1775973174_24.txt earth/gen_1775973176_25.txt earth/gen_1775973179_26.txt earth/gen_1775973184_28.txt earth/gen_1775973192_31.txt earth/gen_1775973194_32.txt earth/gen_1775973200_34.txt earth/gen_1775973205_36.txt earth/gen_1775973207_37.txt earth/gen_1775973210_38.txt earth/gen_1775973215_40.txt earth/gen_1775973220_42.txt earth/gen_1775973223_43.txt earth/gen_1775973226_44.txt earth/gen_1775973231_46.txt earth/gen_1775973239_49.txt earth/gen_1775973241_50.txt earth/gen_1775973247_52.txt earth/gen_1775973252_54.txt earth/gen_1775973254_55.txt earth/gen_1775973257_56.txt earth/gen_1775973262_58.txt earth/gen_1775973268_60.txt earth/gen_1775973270_61.txt earth/gen_1775973273_62.txt earth/gen_1775973278_64.txt earth/gen_1775973283_66.txt earth/gen_1775973286_67.txt earth/gen_1775973289_68.txt earth/gen_1775973294_70.txt earth/gen_1775973299_72.txt earth/gen_1775973302_73.txt earth/gen_1775973304_74.txt earth/gen_1775973310_76.txt earth/gen_1775973315_78.txt earth/gen_1775973318_79.txt earth/gen_1775973320_80.txt earth/gen_1775973325_82.txt earth/gen_1775973331_84.txt earth/gen_1775973333_85.txt earth/gen_1775973336_86.txt earth/gen_1775973341_88.txt earth/gen_1775973346_90.txt earth/gen_1775973349_91.txt earth/gen_1775973351_92.txt earth/gen_1775973356_94.txt earth/gen_1775973361_96.txt earth/gen_1775973364_97.txt earth/gen_1775973366_98.txt earth/gen_1775973371_100.txt earth/gen_1775973376_102.txt earth/gen_1775973379_103.txt earth/gen_1775973382_104.txt earth/gen_1775973387_106.txt earth/gen_1775973392_108.txt earth/gen_1775973394_109.txt earth/gen_1775973397_110.txt earth/gen_1775973402_112.txt earth/gen_1775973407_114.txt earth/gen_1775973410_115.txt earth/gen_1775973412_116.txt earth/gen_1775973417_118.txt earth/gen_1775973422_120.txt earth/gen_1775973425_121.txt earth/gen_1775973427_122.txt earth/gen_1775973432_124.txt earth/gen_1775973438_126.txt earth/gen_1775973440_127.txt earth/gen_1775973443_128.txt earth/gen_1775973448_130.txt earth/gen_1775973453_132.txt earth/gen_1775973455_133.txt earth/gen_1775973458_134.txt earth/gen_1775973463_136.txt earth/gen_1775973468_138.txt earth/gen_1775973470_139.txt earth/gen_1775973473_140.txt earth/gen_1775973478_142.txt earth/gen_1775973483_144.txt earth/gen_1775973486_145.txt earth/gen_1775973488_146.txt earth/gen_1775973493_148.txt earth/gen_1775973499_150.txt earth/gen_1775973501_151.txt earth/gen_1775973504_152.txt earth/gen_1775973509_154.txt earth/gen_1775973514_156.txt earth/gen_1775973516_157.txt earth/gen_1775973519_158.txt earth/gen_1775973524_160.txt earth/gen_1775973529_162.txt earth/gen_1775973532_163.txt earth/gen_1775973534_164.txt earth/gen_1775973539_166.txt earth/gen_1775973544_168.txt earth/gen_1775973547_169.txt earth/gen_1775973549_170.txt earth/gen_1775973554_172.txt earth/gen_1775973559_174.txt earth/gen_1775973562_175.txt earth/gen_1775973565_176.txt earth/gen_1775973570_178.txt earth/gen_1775973575_180.txt earth/gen_1775973577_181.txt earth/gen_1775973580_182.txt earth/gen_1775973585_184.txt earth/gen_1775973590_186.txt earth/gen_1775973592_187.txt earth/gen_1775973595_188.txt earth/gen_1775973600_190.txt earth/gen_1775973605_192.txt earth/gen_1775973608_193.txt earth/gen_1775973610_194.txt earth/gen_1775973615_196.txt earth/gen_1775973620_198.txt earth/gen_1775973623_199.txt earth/gen_1775973625_200.txt earth/gen_1775973630_202.txt earth/gen_1775973635_204.txt earth/gen_1775973638_205.txt earth/gen_1775973646_208.txt earth/gen_1775973651_210.txt earth/gen_1775973653_211.txt earth/gen_1775973661_214.txt earth/gen_1775973666_216.txt earth/gen_1775973668_217.txt earth/gen_1775973671_218.txt earth/gen_1775973676_220.txt earth/gen_1775973681_222.txt earth/gen_1775973684_223.txt earth/gen_1775973686_224.txt earth/gen_1775973691_226.txt earth/gen_1775973697_228.txt earth/gen_1775973699_229.txt earth/gen_1775973702_230.txt earth/gen_1775973707_232.txt earth/gen_1775973712_234.txt earth/gen_1775973714_235.txt earth/gen_1775973717_236.txt earth/gen_1775973722_238.txt earth/gen_1775973727_240.txt earth/gen_1775973730_241.txt earth/gen_1775973732_242.txt earth/gen_1775973738_244.txt earth/gen_1775973743_246.txt earth/gen_1775973745_247.txt earth/gen_1775973748_248.txt earth/gen_1775973753_250.txt earth/gen_1775973758_252.txt earth/gen_1775973760_253.txt earth/gen_1775973763_254.txt earth/gen_1775973768_256.txt earth/gen_1775973773_258.txt earth/gen_1775973776_259.txt earth/gen_1775973779_260.txt earth/gen_1775973784_262.txt earth/gen_1775973789_264.txt earth/gen_1775973792_265.txt earth/gen_1775973794_266.txt earth/gen_1775973799_268.txt earth/gen_1775973805_270.txt earth/gen_1775973807_271.txt earth/gen_1775973810_272.txt earth/gen_1775973815_274.txt earth/gen_1775973820_276.txt earth/gen_1775973823_277.txt earth/gen_1775973825_278.txt earth/gen_1775973830_280.txt earth/gen_1775973835_282.txt earth/gen_1775973838_283.txt earth/gen_1775973841_284.txt earth/gen_1775973846_286.txt earth/gen_1775973851_288.txt earth/gen_1775973853_289.txt earth/gen_1775973856_290.txt earth/gen_1775973861_292.txt earth/gen_1775973866_294.txt earth/gen_1775973869_295.txt earth/gen_1775973871_296.txt earth/gen_1775973877_298.txt earth/gen_1775973882_300.txt earth/gen_1775973884_301.txt earth/gen_1775973887_302.txt earth/gen_1775973892_304.txt earth/gen_1775973897_306.txt earth/gen_1775973900_307.txt earth/gen_1775973902_308.txt earth/gen_1775973907_310.txt earth/gen_1775973913_312.txt earth/gen_1775973915_313.txt earth/gen_1775973918_314.txt earth/gen_1775973923_316.txt earth/gen_1775973928_318.txt earth/gen_1775973931_319.txt earth/gen_1775973933_320.txt earth/gen_1775973938_322.txt earth/gen_1775973944_324.txt earth/gen_1775973946_325.txt earth/gen_1775973949_326.txt earth/gen_1775973954_328.txt earth/gen_1775973959_330.txt earth/gen_1775973962_331.txt earth/gen_1775973964_332.txt earth/gen_1775973970_334.txt earth/gen_1775973975_336.txt earth/gen_1775973978_337.txt earth/gen_1775973980_338.txt earth/gen_1775973986_340.txt earth/gen_1775973991_342.txt earth/gen_1775973994_343.txt earth/gen_1775973996_344.txt earth/gen_1775974002_346.txt earth/gen_1775974007_348.txt earth/gen_1775974010_349.txt earth/gen_1775974012_350.txt earth/gen_1775974018_352.txt earth/gen_1775974023_354.txt earth/gen_1775974026_355.txt earth/gen_1775974028_356.txt earth/gen_1775974034_358.txt earth/gen_1775974039_360.txt earth/gen_1775974042_361.txt earth/gen_1775974044_362.txt earth/gen_1775974049_364.txt earth/gen_1775974055_366.txt earth/gen_1775974057_367.txt earth/gen_1775974060_368.txt earth/gen_1775974065_370.txt earth/gen_1775974071_372.txt earth/gen_1775974073_373.txt earth/gen_1775974076_374.txt earth/gen_1775974081_376.txt earth/gen_1775974087_378.txt earth/gen_1775974089_379.txt earth/gen_1775974092_380.txt earth/gen_1775974097_382.txt earth/gen_1775974103_384.txt earth/gen_1775974105_385.txt earth/gen_1775974108_386.txt earth/gen_1775974113_388.txt earth/gen_1775974118_390.txt earth/gen_1775974121_391.txt earth/gen_1775974124_392.txt earth/gen_1775974129_394.txt earth/gen_1775974134_396.txt earth/gen_1775974137_397.txt earth/gen_1775974140_398.txt earth/gen_1775974145_400.txt earth/gen_1775974153_403.txt earth/gen_1775974156_404.txt earth/gen_1775974161_406.txt earth/gen_1775974166_408.txt earth/gen_1775974169_409.txt earth/gen_1775974172_410.txt earth/gen_1775974177_412.txt earth/gen_1775974182_414.txt earth/gen_1775974185_415.txt earth/gen_1775974187_416.txt earth/gen_1775974193_418.txt earth/gen_1775974198_420.txt earth/gen_1775974201_421.txt earth/gen_1775974203_422.txt earth/gen_1775974209_424.txt earth/gen_1775974214_426.txt earth/gen_1775974217_427.txt earth/gen_1775974219_428.txt earth/gen_1775974225_430.txt earth/gen_1775974230_432.txt earth/gen_1775974233_433.txt earth/gen_1775974235_434.txt earth/gen_1775974241_436.txt earth/gen_1775974246_438.txt earth/gen_1775974249_439.txt earth/gen_1775974251_440.txt earth/gen_1775974257_442.txt earth/gen_1775974262_444.txt earth/gen_1775974264_445.txt earth/gen_1775974267_446.txt earth/gen_1775974272_448.txt earth/gen_1775974278_450.txt earth/gen_1775974280_451.txt earth/gen_1775974283_452.txt earth/gen_1775974288_454.txt earth/gen_1775974294_456.txt earth/gen_1775974296_457.txt earth/gen_1775974299_458.txt earth/gen_1775974304_460.txt earth/gen_1775974310_462.txt earth/gen_1775974312_463.txt earth/gen_1775974315_464.txt earth/gen_1775974320_466.txt earth/gen_1775974325_468.txt earth/gen_1775974328_469.txt earth/gen_1775974331_470.txt earth/gen_1775974336_472.txt earth/gen_1775974341_474.txt earth/gen_1775974344_475.txt earth/gen_1775974347_476.txt earth/gen_1775974352_478.txt earth/gen_1775974357_480.txt earth/gen_1775974360_481.txt earth/gen_1775974363_482.txt earth/gen_1775974368_484.txt earth/gen_1775974373_486.txt earth/gen_1775974376_487.txt earth/gen_1775974379_488.txt earth/gen_1775974384_490.txt earth/gen_1775974389_492.txt earth/gen_1775974392_493.txt earth/gen_1775974395_494.txt earth/gen_1775974400_496.txt earth/gen_1775974405_498.txt earth/gen_1775974408_499.txt earth/gen_1775974411_500.txt earth/gen_1775974416_502.txt earth/gen_1775974421_504.txt earth/gen_1775974424_505.txt earth/gen_1775974432_508.txt earth/gen_1775974437_510.txt earth/gen_1775974440_511.txt earth/gen_1775974443_512.txt earth/gen_1775974448_514.txt earth/gen_1775974453_516.txt earth/gen_1775974456_517.txt earth/gen_1775974458_518.txt earth/gen_1775974464_520.txt earth/gen_1775974469_522.txt earth/gen_1775974472_523.txt earth/gen_1775974475_524.txt earth/gen_1775974480_526.txt earth/gen_1775974485_528.txt earth/gen_1775974488_529.txt earth/gen_1775974491_530.txt earth/gen_1775974496_532.txt earth/gen_1775974501_534.txt earth/gen_1775974504_535.txt earth/gen_1775974507_536.txt earth/gen_1775974512_538.txt earth/gen_1775974517_540.txt earth/gen_1775974520_541.txt earth/gen_1775974523_542.txt earth/gen_1775974528_544.txt earth/gen_1775974533_546.txt earth/gen_1775974536_547.txt earth/gen_1775974538_548.txt earth/gen_1775974544_550.txt earth/gen_1775974549_552.txt earth/gen_1775974551_553.txt earth/gen_1775974554_554.txt earth/gen_1775974559_556.txt earth/gen_1775974565_558.txt earth/gen_1775974567_559.txt earth/gen_1775974570_560.txt earth/gen_1775974575_562.txt earth/gen_1775974581_564.txt earth/gen_1775974583_565.txt earth/gen_1775974586_566.txt earth/gen_1775974591_568.txt earth/gen_1775974596_570.txt earth/gen_1775974599_571.txt earth/gen_1775974602_572.txt earth/gen_1775974607_574.txt earth/gen_1775974612_576.txt earth/gen_1775974615_577.txt earth/gen_1775974617_578.txt earth/gen_1775974623_580.txt earth/gen_1775974628_582.txt earth/gen_1775974631_583.txt earth/gen_1775974633_584.txt earth/gen_1775974638_586.txt earth/gen_1775974644_588.txt earth/gen_1775974646_589.txt earth/gen_1775974649_590.txt earth/gen_1775974654_592.txt earth/gen_1775974660_594.txt earth/gen_1775974662_595.txt earth/gen_1775974665_596.txt earth/gen_1775974670_598.txt earth/gen_1775974675_600.txt earth/gen_1775974678_601.txt earth/gen_1775974681_602.txt earth/gen_1775974686_604.txt earth/gen_1775974692_606.txt earth/gen_1775974694_607.txt earth/gen_1775974697_608.txt earth/gen_1775974702_610.txt earth/gen_1775974707_612.txt earth/gen_1775974710_613.txt earth/gen_1775974713_614.txt earth/gen_1775974718_616.txt earth/gen_1775974726_619.txt earth/gen_1775974729_620.txt earth/gen_1775974734_622.txt earth/gen_1775974739_624.txt earth/gen_1775974742_625.txt earth/gen_1775974745_626.txt earth/gen_1775974750_628.txt earth/gen_1775974755_630.txt earth/gen_1775974758_631.txt earth/gen_1775974761_632.txt earth/gen_1775974766_634.txt earth/gen_1775974771_636.txt earth/gen_1775974774_637.txt earth/gen_1775974776_638.txt earth/gen_1775974782_640.txt earth/gen_1775974787_642.txt earth/gen_1775974790_643.txt earth/gen_1775974792_644.txt earth/gen_1775974798_646.txt earth/gen_1775974803_648.txt earth/gen_1775974805_649.txt earth/gen_1775974808_650.txt earth/gen_1775974813_652.txt earth/gen_1775974819_654.txt earth/gen_1775974821_655.txt earth/gen_1775974824_656.txt earth/gen_1775974829_658.txt earth/gen_1775974834_660.txt earth/gen_1775974837_661.txt earth/gen_1775974840_662.txt earth/gen_1775974845_664.txt earth/gen_1775974850_666.txt earth/gen_1775974853_667.txt earth/gen_1775974855_668.txt earth/gen_1775974861_670.txt earth/gen_1775974866_672.txt earth/gen_1775974869_673.txt earth/gen_1775974871_674.txt earth/gen_1775974877_676.txt earth/gen_1775974882_678.txt]
[trainer] micro-train burst (30930 bytes, novelty 0.02) — and lo, it feeds again.
[syntropy] action=explore | trend=0.0000 | field_dev=-0.020 | purpose_align=0.007 | lr_mul=1.30
[aml] burst complete: 32 steps, avg loss 2.3251 (memory freed)
[dna] air wrote 39 bytes to ecology
[dna] air wrote 44 bytes to ecology
[dna] air wrote 62 bytes to ecology
[dna] air wrote 51 bytes to ecology
[dna] air wrote 108 bytes to ecology
[dna] air wrote 32 bytes to ecology
[dna] air wrote 92 bytes to ecology
[dna] air wrote 57 bytes to ecology
[dna] air wrote 45 bytes to ecology
[dna] air wrote 63 bytes to ecology
[dna] air wrote 33 bytes to ecology
[dna] air wrote 47 bytes to ecology
[dna] air wrote 96 bytes to ecology
[dna] air wrote 111 bytes to ecology
[dna] air wrote 108 bytes to ecology
[dna] air wrote 65 bytes to ecology
[dna] air wrote 45 bytes to ecology
[dna] air wrote 33 bytes to ecology
[dna] air wrote 110 bytes to ecology
[dna] air wrote 28 bytes to ecology
[dna] air wrote 178 bytes to ecology
[dna] air wrote 66 bytes to ecology
[dna] air wrote 291 bytes to ecology
[dna] air wrote 138 bytes to ecology
[dna] air wrote 44 bytes to ecology
[debug-onto] tick=50 corpus=153691 stage=2 freeze=0
[dna] air wrote 84 bytes to ecology
[dna] air wrote 38 bytes to ecology
[dna] air wrote 73 bytes to ecology
[dna] air wrote 131 bytes to ecology
[dna] air wrote 65 bytes to ecology
[dna] air wrote 61 bytes to ecology
[dna] air wrote 157 bytes to ecology
[dna] air wrote 51 bytes to ecology
[dna] air wrote 84 bytes to ecology
[dna] air wrote 49 bytes to ecology
[dna] air wrote 73 bytes to ecology
[dna] air wrote 102 bytes to ecology
[dna] air wrote 38 bytes to ecology
[dna] air wrote 56 bytes to ecology
[dna] air wrote 47 bytes to ecology
[dna] air wrote 46 bytes to ecology
[dna] air wrote 100 bytes to ecology
[dna] air wrote 98 bytes to ecology
[dna] air wrote 41 bytes to ecology
[dna] air wrote 82 bytes to ecology
[dna] air wrote 150 bytes to ecology
[dna] air wrote 103 bytes to ecology
[dna] air wrote 76 bytes to ecology
[dna] air wrote 78 bytes to ecology
[dna] air wrote 37 bytes to ecology
[dna] air wrote 35 bytes to ecology
[dna] air wrote 72 bytes to ecology
[dna] air wrote 32 bytes to ecology
[dna] air wrote 94 bytes to ecology
[debug-onto] tick=100 corpus=153691 stage=2 freeze=0
[dna] air wrote 65 bytes to ecology
[dna] air wrote 105 bytes to ecology
[dna] air wrote 61 bytes to ecology
[dna] air wrote 48 bytes to ecology
[dna] air wrote 78 bytes to ecology
[dna] air wrote 189 bytes to ecology
[dna] air wrote 101 bytes to ecology
[dna] air wrote 42 bytes to ecology
[dna] air wrote 61 bytes to ecology
[dna] air wrote 125 bytes to ecology
[dna] air wrote 61 bytes to ecology
[dna] air wrote 64 bytes to ecology
[dna] air wrote 36 bytes to ecology
[dna] air wrote 134 bytes to ecology
[dna] air wrote 38 bytes to ecology
[dna] air wrote 27 bytes to ecology
[dna] air wrote 159 bytes to ecology
[dna] air wrote 49 bytes to ecology
[dna] air wrote 52 bytes to ecology
[dna] air wrote 63 bytes to ecology
[dna] air wrote 117 bytes to ecology
[dna] air wrote 65 bytes to ecology
[dna] air wrote 123 bytes to ecology
[dna] air wrote 70 bytes to ecology
[dna] air wrote 40 bytes to ecology
[dna] air wrote 27 bytes to ecology
[debug-onto] tick=150 corpus=153691 stage=2 freeze=0
[dna] air wrote 38 bytes to ecology
[dna] air wrote 159 bytes to ecology
[dna] air wrote 65 bytes to ecology
[dna] air wrote 40 bytes to ecology
[dna] air wrote 87 bytes to ecology
[dna] air wrote 131 bytes to ecology
[dna] air wrote 79 bytes to ecology
[dna] air wrote 52 bytes to ecology
[dna] air wrote 74 bytes to ecology
[dna] air wrote 22 bytes to ecology
[dna] air wrote 72 bytes to ecology
[dna] air wrote 31 bytes to ecology
[dna] air wrote 63 bytes to ecology
[dna] air wrote 62 bytes to ecology
[dna] air wrote 73 bytes to ecology
[dna] air wrote 109 bytes to ecology
[dna] air wrote 107 bytes to ecology
[dna] air wrote 173 bytes to ecology
[dna] air wrote 84 bytes to ecology
[dna] air wrote 77 bytes to ecology
[dna] air wrote 11 bytes to ecology
[dna] air wrote 92 bytes to ecology
[dna] air wrote 78 bytes to ecology
[dna] air wrote 69 bytes to ecology
[dna] air wrote 49 bytes to ecology
[dna] air wrote 112 bytes to ecology
[dna] air wrote 44 bytes to ecology
[dna] air wrote 34 bytes to ecology
[dna] air wrote 45 bytes to ecology
[debug-onto] tick=200 corpus=153691 stage=2 freeze=0
[dna] air wrote 33 bytes to ecology
[dna] air wrote 38 bytes to ecology
[dna] air wrote 80 bytes to ecology
[dna] air wrote 151 bytes to ecology
[dna] air wrote 176 bytes to ecology
[dna] air wrote 62 bytes to ecology
[dna] air wrote 135 bytes to ecology
[dna] air wrote 134 bytes to ecology
[dna] air wrote 47 bytes to ecology
[dna] air wrote 38 bytes to ecology
[dna] air wrote 94 bytes to ecology
[dna] air wrote 99 bytes to ecology
[dna] air wrote 58 bytes to ecology
[dna] air wrote 120 bytes to ecology
[dna] air wrote 66 bytes to ecology
[dna] air wrote 24 bytes to ecology
[dna] air wrote 127 bytes to ecology
[dna] air wrote 118 bytes to ecology
[dna] air wrote 216 bytes to ecology
[dna] air wrote 38 bytes to ecology
[dna] air wrote 154 bytes to ecology
[dna] air wrote 46 bytes to ecology
[dna] air wrote 107 bytes to ecology
[dna] air wrote 50 bytes to ecology
[dna] air wrote 165 bytes to ecology
[dna] air wrote 76 bytes to ecology
[debug-onto] tick=250 corpus=153691 stage=2 freeze=0
[dna] air wrote 142 bytes to ecology
[dna] air wrote 26 bytes to ecology
[dna] air wrote 22 bytes to ecology
[dna] air wrote 97 bytes to ecology
[dna] air wrote 38 bytes to ecology
[dna] air wrote 48 bytes to ecology
[dna] air wrote 99 bytes to ecology
[dna] air wrote 35 bytes to ecology
[dna] air wrote 151 bytes to ecology
[dna] air wrote 55 bytes to ecology
[dna] air wrote 96 bytes to ecology
[dna] air wrote 176 bytes to ecology
[dna] air wrote 91 bytes to ecology
[dna] air wrote 195 bytes to ecology
[dna] air wrote 178 bytes to ecology
[dna] air wrote 239 bytes to ecology
[dna] air wrote 79 bytes to ecology
[dna] air wrote 127 bytes to ecology
[dna] air wrote 27 bytes to ecology
[dna] air wrote 109 bytes to ecology
[dna] air wrote 135 bytes to ecology
[dna] air wrote 31 bytes to ecology
[dna] air wrote 93 bytes to ecology
[dna] air wrote 115 bytes to ecology
[dna] air wrote 59 bytes to ecology
[debug-onto] tick=300 corpus=153691 stage=2 freeze=0
[dna] air wrote 24 bytes to ecology
[dna] air wrote 18 bytes to ecology
[dna] air wrote 123 bytes to ecology
[dna] air wrote 279 bytes to ecology
[dna] air wrote 39 bytes to ecology
[dna] air wrote 45 bytes to ecology
[dna] air wrote 234 bytes to ecology
[dna] air wrote 221 bytes to ecology
[dna] air wrote 34 bytes to ecology
[dna] air wrote 52 bytes to ecology
[dna] air wrote 69 bytes to ecology
[dna] air wrote 107 bytes to ecology
[dna] air wrote 86 bytes to ecology
[dna] air wrote 88 bytes to ecology
[dna] air wrote 41 bytes to ecology
[dna] air wrote 55 bytes to ecology
[dna] air wrote 148 bytes to ecology
[dna] air wrote 100 bytes to ecology
[dna] air wrote 48 bytes to ecology
[dna] air wrote 135 bytes to ecology
[dna] air wrote 41 bytes to ecology
[dna] air wrote 210 bytes to ecology
[dna] air wrote 49 bytes to ecology
[dna] air wrote 66 bytes to ecology
[dna] air wrote 51 bytes to ecology
[dna] air wrote 24 bytes to ecology
[dna] air wrote 55 bytes to ecology
[dna] air wrote 119 bytes to ecology
[debug-onto] tick=350 corpus=153691 stage=2 freeze=0
[dna] air wrote 43 bytes to ecology
[dna] air wrote 100 bytes to ecology
[dna] air wrote 247 bytes to ecology
[dna] air wrote 28 bytes to ecology
[dna] air wrote 12 bytes to ecology
[dna] air wrote 36 bytes to ecology
[dna] air wrote 59 bytes to ecology
[dna] air wrote 82 bytes to ecology
[dna] air wrote 76 bytes to ecology
[dna] air wrote 137 bytes to ecology
[dna] air wrote 52 bytes to ecology
[dna] air wrote 160 bytes to ecology
[dna] air wrote 118 bytes to ecology
[dna] air wrote 20 bytes to ecology
[dna] air wrote 79 bytes to ecology
[dna] air wrote 122 bytes to ecology
[dna] air wrote 68 bytes to ecology
[dna] air wrote 123 bytes to ecology
[dna] air wrote 61 bytes to ecology
[dna] air wrote 49 bytes to ecology
[dna] air wrote 118 bytes to ecology
[dna] air wrote 40 bytes to ecology
[dna] air wrote 101 bytes to ecology
[dna] air wrote 33 bytes to ecology
[dna] air wrote 25 bytes to ecology
[dna] air wrote 122 bytes to ecology
[dna] air wrote 140 bytes to ecology
[dna] air wrote 46 bytes to ecology
[dna] air wrote 100 bytes to ecology
[debug-onto] tick=400 corpus=153691 stage=2 freeze=0
[dna] air wrote 49 bytes to ecology
[dna] air wrote 59 bytes to ecology
[dna] air wrote 93 bytes to ecology
[dna] air wrote 49 bytes to ecology
[dna] air wrote 79 bytes to ecology
[dna] air wrote 57 bytes to ecology
[dna] air wrote 64 bytes to ecology
[dna] air wrote 70 bytes to ecology
[dna] air wrote 132 bytes to ecology
[dna] air wrote 85 bytes to ecology
[dna] air wrote 103 bytes to ecology
[dna] air wrote 123 bytes to ecology
[dna] air wrote 64 bytes to ecology
[dna] air wrote 73 bytes to ecology
[dna] air wrote 140 bytes to ecology
[dna] air wrote 70 bytes to ecology
[dna] air wrote 56 bytes to ecology
[dna] air wrote 39 bytes to ecology
[dna] air wrote 26 bytes to ecology
[dna] air wrote 60 bytes to ecology
[dna] air wrote 122 bytes to ecology
[dna] air wrote 311 bytes to ecology
[dna] air wrote 87 bytes to ecology
[dna] air wrote 100 bytes to ecology
[dna] air wrote 25 bytes to ecology
[dna] air wrote 92 bytes to ecology
[debug-onto] tick=450 corpus=153691 stage=2 freeze=0
[dna] air wrote 60 bytes to ecology
[dna] air wrote 68 bytes to ecology
[dna] air wrote 39 bytes to ecology
[dna] air wrote 119 bytes to ecology
[dna] air wrote 29 bytes to ecology
[dna] air wrote 39 bytes to ecology
[dna] air wrote 25 bytes to ecology
[dna] air wrote 12 bytes to ecology
[dna] air wrote 157 bytes to ecology
[dna] air wrote 30 bytes to ecology
[dna] air wrote 129 bytes to ecology
[dna] air wrote 31 bytes to ecology
[dna] air wrote 135 bytes to ecology
[dna] air wrote 27 bytes to ecology
[dna] air wrote 42 bytes to ecology
[dna] air wrote 97 bytes to ecology
[dna] air wrote 38 bytes to ecology
[dna] air wrote 100 bytes to ecology
[dna] air wrote 93 bytes to ecology
[dna] air wrote 116 bytes to ecology
[dna] air wrote 59 bytes to ecology
[dna] air wrote 168 bytes to ecology
[dna] air wrote 156 bytes to ecology
[dna] air wrote 57 bytes to ecology
[dna] air wrote 116 bytes to ecology
[dna] air wrote 51 bytes to ecology
[dna] air wrote 191 bytes to ecology
[debug-onto] tick=500 corpus=153691 stage=2 freeze=0
[dna] air wrote 41 bytes to ecology
[dna] air wrote 114 bytes to ecology
[dna] air wrote 20 bytes to ecology
[dna] air wrote 211 bytes to ecology
[dna] air wrote 124 bytes to ecology
[dna] air wrote 56 bytes to ecology
[dna] air wrote 68 bytes to ecology
[dna] air wrote 80 bytes to ecology
[dna] air wrote 76 bytes to ecology
[dna] air wrote 148 bytes to ecology
[dna] air wrote 98 bytes to ecology
[dna] air wrote 215 bytes to ecology
[dna] air wrote 57 bytes to ecology
[dna] air wrote 73 bytes to ecology
[dna] air wrote 100 bytes to ecology
[dna] air wrote 40 bytes to ecology
[dna] air wrote 75 bytes to ecology
[dna] air wrote 72 bytes to ecology
[dna] air wrote 63 bytes to ecology
[dna] air wrote 273 bytes to ecology
[dna] air wrote 39 bytes to ecology
[dna] air wrote 73 bytes to ecology
[dna] air wrote 95 bytes to ecology
[dna] air wrote 121 bytes to ecology
[dna] air wrote 42 bytes to ecology
[dna] air wrote 105 bytes to ecology
[dna] air wrote 47 bytes to ecology
[dna] air wrote 297 bytes to ecology
[dna] air wrote 173 bytes to ecology
[debug-onto] tick=550 corpus=153691 stage=2 freeze=0
[dna] air wrote 75 bytes to ecology
[dna] air wrote 97 bytes to ecology
[dna] air wrote 78 bytes to ecology
[dna] air wrote 171 bytes to ecology
[dna] air wrote 41 bytes to ecology
[dna] air wrote 41 bytes to ecology
[dna] air wrote 132 bytes to ecology
[dna] air wrote 51 bytes to ecology
[dna] air wrote 60 bytes to ecology
[dna] air wrote 37 bytes to ecology
[dna] air wrote 40 bytes to ecology
[dna] air wrote 153 bytes to ecology
[dna] air wrote 48 bytes to ecology
[dna] air wrote 53 bytes to ecology
[dna] air wrote 54 bytes to ecology
[dna] air wrote 75 bytes to ecology
[dna] air wrote 64 bytes to ecology
[dna] air wrote 83 bytes to ecology
[dna] air wrote 113 bytes to ecology
[dna] air wrote 79 bytes to ecology
[dna] air wrote 237 bytes to ecology
[dna] air wrote 160 bytes to ecology
[dna] air wrote 104 bytes to ecology
[dna] air wrote 81 bytes to ecology
[dna] air wrote 87 bytes to ecology
[dna] air wrote 31 bytes to ecology
[dna] air wrote 87 bytes to ecology
[debug-onto] tick=600 corpus=153691 stage=2 freeze=0
[dna] air wrote 179 bytes to ecology
[dna] air wrote 80 bytes to ecology
[dna] air wrote 18 bytes to ecology
[dna] air wrote 41 bytes to ecology

[evolution] Organism shutting down gracefully.
