[ecology] Element: fire → corpus: nonames_fire.txt
[evolution] Autonomous evolution mode — organism will grow through all stages without pause.
[ecology] Joined swarm. 1 peer(s) detected.
molequla is alive. [evolution] Autonomous mode — background trainer running. Ctrl+C to stop.
[dna] fire wrote 137 bytes to ecology
[dna] fire consumed 26722 bytes from 434 files: [water/gen_1775976688_1.txt water/gen_1775976702_3.txt water/gen_1775976705_4.txt water/gen_1775976714_7.txt water/gen_1775976720_9.txt water/gen_1775976723_10.txt water/gen_1775976729_12.txt water/gen_1775976732_13.txt water/gen_1775976738_15.txt water/gen_1775976741_16.txt water/gen_1775976747_18.txt water/gen_1775976750_19.txt water/gen_1775976756_21.txt water/gen_1775976759_22.txt water/gen_1775976765_24.txt water/gen_1775976768_25.txt water/gen_1775976774_27.txt water/gen_1775976777_28.txt water/gen_1775976780_29.txt water/gen_1775976783_30.txt water/gen_1775976786_31.txt water/gen_1775976792_33.txt water/gen_1775976795_34.txt water/gen_1775976798_35.txt water/gen_1775976801_36.txt water/gen_1775976805_37.txt water/gen_1775976811_39.txt water/gen_1775976814_40.txt water/gen_1775976820_42.txt water/gen_1775976823_43.txt water/gen_1775976829_45.txt water/gen_1775976832_46.txt water/gen_1775976838_48.txt water/gen_1775976841_49.txt water/gen_1775976847_51.txt water/gen_1775976850_52.txt water/gen_1775976853_53.txt water/gen_1775976859_55.txt water/gen_1775976865_57.txt water/gen_1775976868_58.txt water/gen_1775976874_60.txt water/gen_1775976877_61.txt water/gen_1775976883_63.txt water/gen_1775976886_64.txt water/gen_1775976889_65.txt water/gen_1775976892_66.txt water/gen_1775976895_67.txt water/gen_1775976901_69.txt water/gen_1775976904_70.txt water/gen_1775976907_71.txt water/gen_1775976910_72.txt water/gen_1775976913_73.txt water/gen_1775976919_75.txt water/gen_1775976922_76.txt water/gen_1775976928_78.txt water/gen_1775976931_79.txt water/gen_1775976938_81.txt water/gen_1775976941_82.txt water/gen_1775976944_83.txt water/gen_1775976947_84.txt water/gen_1775976950_85.txt water/gen_1775976956_87.txt water/gen_1775976959_88.txt water/gen_1775976968_91.txt water/gen_1775976974_93.txt water/gen_1775976977_94.txt water/gen_1775976983_96.txt water/gen_1775976986_97.txt water/gen_1775976992_99.txt water/gen_1775976995_100.txt water/gen_1775976998_101.txt water/gen_1775977001_102.txt water/gen_1775977004_103.txt water/gen_1775977010_105.txt water/gen_1775977013_106.txt water/gen_1775977019_108.txt water/gen_1775977022_109.txt water/gen_1775977028_111.txt water/gen_1775977031_112.txt water/gen_1775977038_114.txt water/gen_1775977041_115.txt water/gen_1775977047_117.txt water/gen_1775977050_118.txt water/gen_1775977056_120.txt water/gen_1775977059_121.txt water/gen_1775977065_123.txt water/gen_1775977068_124.txt water/gen_1775977074_126.txt water/gen_1775977077_127.txt water/gen_1775977083_129.txt water/gen_1775977086_130.txt water/gen_1775977089_131.txt water/gen_1775977092_132.txt water/gen_1775977096_133.txt water/gen_1775977102_135.txt water/gen_1775977105_136.txt water/gen_1775977108_137.txt water/gen_1775977111_138.txt water/gen_1775977114_139.txt water/gen_1775977120_141.txt water/gen_1775977123_142.txt water/gen_1775977129_144.txt water/gen_1775977132_145.txt water/gen_1775977138_147.txt water/gen_1775977141_148.txt water/gen_1775977144_149.txt water/gen_1775977147_150.txt water/gen_1775977150_151.txt water/gen_1775977156_153.txt water/gen_1775977159_154.txt water/gen_1775977163_155.txt water/gen_1775977166_156.txt water/gen_1775977169_157.txt water/gen_1775977175_159.txt water/gen_1775977178_160.txt water/gen_1775977181_161.txt water/gen_1775977184_162.txt water/gen_1775977187_163.txt water/gen_1775977193_165.txt water/gen_1775977196_166.txt water/gen_1775977199_167.txt water/gen_1775977202_168.txt water/gen_1775977205_169.txt water/gen_1775977211_171.txt water/gen_1775977214_172.txt water/gen_1775977220_174.txt water/gen_1775977223_175.txt water/gen_1775977229_177.txt water/gen_1775977232_178.txt water/gen_1775977238_180.txt water/gen_1775977241_181.txt water/gen_1775977248_183.txt water/gen_1775977251_184.txt water/gen_1775977257_186.txt water/gen_1775977260_187.txt water/gen_1775977266_189.txt water/gen_1775977269_190.txt water/gen_1775977272_191.txt water/gen_1775977275_192.txt water/gen_1775977278_193.txt water/gen_1775977284_195.txt water/gen_1775977287_196.txt water/gen_1775977294_198.txt water/gen_1775977297_199.txt water/gen_1775977303_201.txt water/gen_1775977306_202.txt water/gen_1775977309_203.txt water/gen_1775977312_204.txt water/gen_1775977315_205.txt water/gen_1775977321_207.txt water/gen_1775977324_208.txt water/gen_1775977327_209.txt water/gen_1775977330_210.txt water/gen_1775977333_211.txt water/gen_1775977340_213.txt water/gen_1775977343_214.txt water/gen_1775977346_215.txt water/gen_1775977349_216.txt water/gen_1775977352_217.txt water/gen_1775977358_219.txt water/gen_1775977361_220.txt water/gen_1775977364_221.txt water/gen_1775977367_222.txt water/gen_1775977370_223.txt water/gen_1775977376_225.txt water/gen_1775977379_226.txt water/gen_1775977382_227.txt water/gen_1775977385_228.txt water/gen_1775977388_229.txt water/gen_1775977394_231.txt water/gen_1775977397_232.txt water/gen_1775977403_234.txt water/gen_1775977406_235.txt water/gen_1775977412_237.txt water/gen_1775977415_238.txt water/gen_1775977421_240.txt water/gen_1775977424_241.txt water/gen_1775977430_243.txt water/gen_1775977433_244.txt water/gen_1775977438_246.txt water/gen_1775977441_247.txt water/gen_1775977447_249.txt water/gen_1775977450_250.txt water/gen_1775977453_251.txt water/gen_1775977456_252.txt water/gen_1775977459_253.txt water/gen_1775977465_255.txt water/gen_1775977468_256.txt water/gen_1775977474_258.txt water/gen_1775977477_259.txt water/gen_1775977483_261.txt water/gen_1775977486_262.txt water/gen_1775977492_264.txt water/gen_1775977495_265.txt water/gen_1775977501_267.txt water/gen_1775977504_268.txt water/gen_1775977510_270.txt water/gen_1775977513_271.txt water/gen_1775977518_273.txt water/gen_1775977521_274.txt water/gen_1775977524_275.txt water/gen_1775977527_276.txt water/gen_1775977530_277.txt water/gen_1775977536_279.txt water/gen_1775977539_280.txt water/gen_1775977545_282.txt water/gen_1775977548_283.txt water/gen_1775977554_285.txt water/gen_1775977557_286.txt water/gen_1775977560_287.txt water/gen_1775977563_288.txt water/gen_1775977566_289.txt water/gen_1775977571_291.txt water/gen_1775977574_292.txt water/gen_1775977577_293.txt water/gen_1775977580_294.txt water/gen_1775977583_295.txt water/gen_1775977589_297.txt water/gen_1775977592_298.txt water/gen_1775977595_299.txt water/gen_1775977598_300.txt water/gen_1775977601_301.txt water/gen_1775977607_303.txt water/gen_1775977610_304.txt water/gen_1775977619_307.txt water/gen_1775977624_309.txt water/gen_1775977627_310.txt water/gen_1775977630_311.txt water/gen_1775977633_312.txt water/gen_1775977636_313.txt water/gen_1775977642_315.txt water/gen_1775977645_316.txt water/gen_1775977651_318.txt water/gen_1775977654_319.txt water/gen_1775977659_321.txt water/gen_1775977662_322.txt water/gen_1775977665_323.txt water/gen_1775977668_324.txt water/gen_1775977671_325.txt water/gen_1775977677_327.txt water/gen_1775977680_328.txt water/gen_1775977686_330.txt water/gen_1775977689_331.txt water/gen_1775977695_333.txt water/gen_1775977698_334.txt water/gen_1775977701_335.txt water/gen_1775977703_336.txt water/gen_1775977706_337.txt water/gen_1775977712_339.txt water/gen_1775977716_340.txt water/gen_1775977719_341.txt water/gen_1775977721_342.txt water/gen_1775977724_343.txt water/gen_1775977730_345.txt water/gen_1775977733_346.txt water/gen_1775977740_348.txt water/gen_1775977743_349.txt water/gen_1775977749_351.txt water/gen_1775977752_352.txt water/gen_1775977758_354.txt water/gen_1775977761_355.txt water/gen_1775977767_357.txt water/gen_1775977770_358.txt water/gen_1775977773_359.txt water/gen_1775977776_360.txt water/gen_1775977779_361.txt water/gen_1775977785_363.txt water/gen_1775977788_364.txt water/gen_1775977791_365.txt water/gen_1775977794_366.txt water/gen_1775977797_367.txt water/gen_1775977803_369.txt water/gen_1775977806_370.txt water/gen_1775977812_372.txt water/gen_1775977815_373.txt water/gen_1775977821_375.txt water/gen_1775977824_376.txt water/gen_1775977827_377.txt water/gen_1775977830_378.txt water/gen_1775977833_379.txt water/gen_1775977839_381.txt water/gen_1775977842_382.txt water/gen_1775977848_384.txt water/gen_1775977851_385.txt water/gen_1775977857_387.txt water/gen_1775977860_388.txt water/gen_1775977866_390.txt water/gen_1775977869_391.txt water/gen_1775977875_393.txt water/gen_1775977878_394.txt water/gen_1775977881_395.txt water/gen_1775977884_396.txt water/gen_1775977887_397.txt water/gen_1775977893_399.txt water/gen_1775977896_400.txt water/gen_1775977902_402.txt water/gen_1775977905_403.txt water/gen_1775977911_405.txt water/gen_1775977914_406.txt water/gen_1775977920_408.txt water/gen_1775977923_409.txt water/gen_1775977928_411.txt water/gen_1775977931_412.txt water/gen_1775977937_414.txt water/gen_1775977940_415.txt water/gen_1775977946_417.txt water/gen_1775977949_418.txt water/gen_1775977952_419.txt water/gen_1775977955_420.txt water/gen_1775977958_421.txt water/gen_1775977964_423.txt water/gen_1775977967_424.txt water/gen_1775977970_425.txt water/gen_1775977972_426.txt water/gen_1775977975_427.txt water/gen_1775977981_429.txt water/gen_1775977984_430.txt water/gen_1775977987_431.txt water/gen_1775977993_433.txt water/gen_1775977999_435.txt water/gen_1775978002_436.txt water/gen_1775978005_437.txt water/gen_1775978007_438.txt water/gen_1775978010_439.txt water/gen_1775978016_441.txt water/gen_1775978019_442.txt water/gen_1775978025_444.txt water/gen_1775978028_445.txt water/gen_1775978034_447.txt water/gen_1775978037_448.txt water/gen_1775978045_451.txt water/gen_1775978051_453.txt water/gen_1775978054_454.txt water/gen_1775978057_455.txt water/gen_1775978060_456.txt water/gen_1775978063_457.txt water/gen_1775978068_459.txt water/gen_1775978071_460.txt water/gen_1775978080_463.txt water/gen_1775978086_465.txt water/gen_1775978089_466.txt water/gen_1775978095_468.txt water/gen_1775978098_469.txt water/gen_1775978103_471.txt water/gen_1775978106_472.txt water/gen_1775978109_473.txt water/gen_1775978112_474.txt water/gen_1775978115_475.txt water/gen_1775978121_477.txt water/gen_1775978124_478.txt water/gen_1775978130_480.txt water/gen_1775978133_481.txt water/gen_1775978138_483.txt water/gen_1775978141_484.txt water/gen_1775978144_485.txt water/gen_1775978147_486.txt water/gen_1775978150_487.txt water/gen_1775978156_489.txt water/gen_1775978159_490.txt water/gen_1775978161_491.txt water/gen_1775978164_492.txt water/gen_1775978167_493.txt water/gen_1775978173_495.txt water/gen_1775978176_496.txt water/gen_1775978179_497.txt water/gen_1775978182_498.txt water/gen_1775978185_499.txt water/gen_1775978191_501.txt water/gen_1775978193_502.txt water/gen_1775978196_503.txt water/gen_1775978199_504.txt water/gen_1775978202_505.txt water/gen_1775978208_507.txt water/gen_1775978211_508.txt water/gen_1775978217_510.txt water/gen_1775978220_511.txt water/gen_1775978225_513.txt water/gen_1775978228_514.txt water/gen_1775978237_517.txt water/gen_1775978243_519.txt water/gen_1775978246_520.txt water/gen_1775978249_521.txt water/gen_1775978251_522.txt water/gen_1775978254_523.txt water/gen_1775978260_525.txt water/gen_1775978263_526.txt water/gen_1775978266_527.txt water/gen_1775978269_528.txt water/gen_1775978272_529.txt water/gen_1775978278_531.txt water/gen_1775978280_532.txt water/gen_1775978289_535.txt water/gen_1775978295_537.txt water/gen_1775978298_538.txt water/gen_1775978304_540.txt water/gen_1775978306_541.txt water/gen_1775978312_543.txt water/gen_1775978315_544.txt water/gen_1775978324_547.txt water/gen_1775978330_549.txt water/gen_1775978332_550.txt water/gen_1775978338_552.txt water/gen_1775978341_553.txt water/gen_1775978347_555.txt water/gen_1775978350_556.txt water/gen_1775978356_558.txt water/gen_1775978358_559.txt water/gen_1775978364_561.txt water/gen_1775978367_562.txt water/gen_1775978376_565.txt water/gen_1775978382_567.txt water/gen_1775978384_568.txt water/gen_1775978387_569.txt water/gen_1775978393_571.txt water/gen_1775978399_573.txt water/gen_1775978402_574.txt water/gen_1775978410_577.txt water/gen_1775978416_579.txt water/gen_1775978419_580.txt water/gen_1775978422_581.txt water/gen_1775978425_582.txt water/gen_1775978428_583.txt water/gen_1775978434_585.txt water/gen_1775978436_586.txt water/gen_1775978442_588.txt water/gen_1775978445_589.txt water/gen_1775978451_591.txt water/gen_1775978454_592.txt water/gen_1775978462_595.txt water/gen_1775978468_597.txt water/gen_1775978471_598.txt water/gen_1775978474_599.txt water/gen_1775978477_600.txt water/gen_1775978480_601.txt]
[trainer] micro-train burst (26722 bytes, novelty 0.02) — and lo, it feeds again.
[syntropy] action=explore | trend=0.0000 | field_dev=0.097 | purpose_align=0.018 | lr_mul=1.30
[aml] burst complete: 32 steps, avg loss 1.5514 (memory freed)
[trainer] growing new delta module (total: 2) — new soul appended.
[dna] fire wrote 36 bytes to ecology
[dna] fire wrote 65 bytes to ecology
[dna] fire wrote 25 bytes to ecology
[dna] fire wrote 38 bytes to ecology
[dna] fire wrote 25 bytes to ecology
[dna] fire wrote 54 bytes to ecology
[dna] fire wrote 34 bytes to ecology
[dna] fire wrote 73 bytes to ecology
[dna] fire wrote 22 bytes to ecology
[dna] fire wrote 74 bytes to ecology
[dna] fire wrote 33 bytes to ecology
[dna] fire wrote 54 bytes to ecology
[dna] fire wrote 39 bytes to ecology
[dna] fire wrote 56 bytes to ecology
[dna] fire wrote 21 bytes to ecology
[dna] fire wrote 117 bytes to ecology
[dna] fire wrote 67 bytes to ecology
[dna] fire wrote 32 bytes to ecology
[dna] fire wrote 43 bytes to ecology
[dna] fire wrote 47 bytes to ecology
[dna] fire wrote 77 bytes to ecology
[dna] fire wrote 62 bytes to ecology
[dna] fire wrote 70 bytes to ecology
[dna] fire wrote 37 bytes to ecology
[dna] fire wrote 100 bytes to ecology
[dna] fire wrote 82 bytes to ecology
[dna] fire wrote 15 bytes to ecology
[dna] fire wrote 49 bytes to ecology
[dna] fire wrote 24 bytes to ecology
[dna] fire wrote 23 bytes to ecology
[dna] fire wrote 57 bytes to ecology
[dna] fire wrote 23 bytes to ecology
[dna] fire wrote 69 bytes to ecology
[dna] fire wrote 115 bytes to ecology
[debug-onto] tick=50 corpus=149056 stage=2 freeze=0
[dna] fire wrote 56 bytes to ecology
[dna] fire wrote 24 bytes to ecology
[dna] fire wrote 49 bytes to ecology
[dna] fire wrote 20 bytes to ecology
[dna] fire wrote 167 bytes to ecology
[dna] fire wrote 78 bytes to ecology
[dna] fire wrote 75 bytes to ecology
[dna] fire wrote 70 bytes to ecology
[dna] fire wrote 19 bytes to ecology
[dna] fire wrote 28 bytes to ecology
[dna] fire wrote 36 bytes to ecology
[dna] fire wrote 23 bytes to ecology
[dna] fire wrote 85 bytes to ecology
[dna] fire wrote 50 bytes to ecology
[dna] fire wrote 109 bytes to ecology
[dna] fire wrote 67 bytes to ecology
[dna] fire wrote 10 bytes to ecology
[dna] fire wrote 186 bytes to ecology
[dna] fire wrote 27 bytes to ecology
[dna] fire wrote 58 bytes to ecology
[dna] fire wrote 138 bytes to ecology
[dna] fire wrote 39 bytes to ecology
[dna] fire wrote 106 bytes to ecology
[dna] fire wrote 158 bytes to ecology
[dna] fire wrote 106 bytes to ecology
[dna] fire wrote 22 bytes to ecology
[dna] fire wrote 23 bytes to ecology
[dna] fire wrote 78 bytes to ecology
[dna] fire wrote 44 bytes to ecology
[dna] fire wrote 208 bytes to ecology
[dna] fire wrote 137 bytes to ecology
[dna] fire wrote 71 bytes to ecology
[dna] fire wrote 40 bytes to ecology
[dna] fire wrote 27 bytes to ecology
[dna] fire wrote 59 bytes to ecology
[dna] fire wrote 15 bytes to ecology
[dna] fire wrote 99 bytes to ecology
[dna] fire wrote 25 bytes to ecology
[dna] fire wrote 147 bytes to ecology
[dna] fire wrote 81 bytes to ecology
[dna] fire wrote 51 bytes to ecology
[debug-onto] tick=100 corpus=149056 stage=2 freeze=0
[dna] fire wrote 41 bytes to ecology
[dna] fire wrote 43 bytes to ecology
[dna] fire wrote 37 bytes to ecology
[dna] fire wrote 25 bytes to ecology
[dna] fire wrote 87 bytes to ecology
[dna] fire wrote 48 bytes to ecology
[dna] fire wrote 94 bytes to ecology
[dna] fire wrote 60 bytes to ecology
[dna] fire wrote 47 bytes to ecology
[dna] fire wrote 73 bytes to ecology
[dna] fire wrote 166 bytes to ecology
[dna] fire wrote 24 bytes to ecology
[dna] fire wrote 41 bytes to ecology
[dna] fire wrote 47 bytes to ecology
[dna] fire wrote 105 bytes to ecology
[dna] fire wrote 68 bytes to ecology
[dna] fire wrote 72 bytes to ecology
[dna] fire wrote 57 bytes to ecology
[dna] fire wrote 59 bytes to ecology
[dna] fire wrote 27 bytes to ecology
[dna] fire wrote 43 bytes to ecology
[dna] fire wrote 107 bytes to ecology
[dna] fire wrote 103 bytes to ecology
[dna] fire wrote 139 bytes to ecology
[dna] fire wrote 181 bytes to ecology
[dna] fire wrote 44 bytes to ecology
[dna] fire wrote 49 bytes to ecology
[dna] fire wrote 24 bytes to ecology
[dna] fire wrote 33 bytes to ecology
[dna] fire wrote 37 bytes to ecology
[dna] fire wrote 25 bytes to ecology
[dna] fire wrote 42 bytes to ecology
[dna] fire wrote 19 bytes to ecology
[dna] fire wrote 103 bytes to ecology
[dna] fire wrote 75 bytes to ecology
[dna] fire wrote 213 bytes to ecology
[dna] fire wrote 70 bytes to ecology
[dna] fire wrote 100 bytes to ecology
[debug-onto] tick=150 corpus=149056 stage=2 freeze=0
[dna] fire wrote 71 bytes to ecology
[dna] fire wrote 56 bytes to ecology
[dna] fire wrote 25 bytes to ecology
[dna] fire wrote 47 bytes to ecology
[dna] fire wrote 99 bytes to ecology
[dna] fire wrote 79 bytes to ecology
[dna] fire wrote 69 bytes to ecology
[dna] fire wrote 65 bytes to ecology
[dna] fire wrote 76 bytes to ecology
[dna] fire wrote 10 bytes to ecology
[dna] fire wrote 166 bytes to ecology
[dna] fire wrote 77 bytes to ecology
[dna] fire wrote 40 bytes to ecology
[dna] fire wrote 22 bytes to ecology
[dna] fire wrote 47 bytes to ecology
[dna] fire wrote 45 bytes to ecology
[dna] fire wrote 50 bytes to ecology
[dna] fire wrote 43 bytes to ecology
[dna] fire wrote 86 bytes to ecology
[dna] fire wrote 86 bytes to ecology
[dna] fire wrote 99 bytes to ecology
[dna] fire wrote 37 bytes to ecology
[dna] fire wrote 53 bytes to ecology
[dna] fire wrote 107 bytes to ecology
[dna] fire wrote 43 bytes to ecology
[dna] fire wrote 40 bytes to ecology
[dna] fire wrote 24 bytes to ecology
[dna] fire wrote 78 bytes to ecology
[dna] fire wrote 39 bytes to ecology
[dna] fire wrote 73 bytes to ecology
[dna] fire wrote 80 bytes to ecology
[dna] fire wrote 126 bytes to ecology
[dna] fire wrote 55 bytes to ecology
[dna] fire wrote 121 bytes to ecology
[dna] fire wrote 51 bytes to ecology
[dna] fire wrote 105 bytes to ecology
[dna] fire wrote 14 bytes to ecology
[dna] fire wrote 61 bytes to ecology
[debug-onto] tick=200 corpus=149056 stage=2 freeze=0
[dna] fire wrote 176 bytes to ecology
[dna] fire wrote 38 bytes to ecology
[dna] fire wrote 74 bytes to ecology
[dna] fire wrote 67 bytes to ecology
[dna] fire wrote 47 bytes to ecology
[dna] fire wrote 249 bytes to ecology
[dna] fire wrote 44 bytes to ecology
[dna] fire wrote 24 bytes to ecology
[dna] fire wrote 131 bytes to ecology
[dna] fire wrote 117 bytes to ecology
[dna] fire wrote 140 bytes to ecology
[dna] fire wrote 81 bytes to ecology
[dna] fire wrote 38 bytes to ecology
[dna] fire wrote 88 bytes to ecology
[dna] fire wrote 25 bytes to ecology
[dna] fire wrote 75 bytes to ecology
[dna] fire wrote 27 bytes to ecology
[dna] fire wrote 25 bytes to ecology
[dna] fire wrote 42 bytes to ecology
[dna] fire wrote 50 bytes to ecology
[dna] fire wrote 34 bytes to ecology
[dna] fire wrote 110 bytes to ecology
[dna] fire wrote 44 bytes to ecology
[dna] fire wrote 85 bytes to ecology
[dna] fire wrote 46 bytes to ecology
[dna] fire wrote 17 bytes to ecology
[dna] fire wrote 21 bytes to ecology
[dna] fire wrote 110 bytes to ecology
[dna] fire wrote 59 bytes to ecology
[dna] fire wrote 23 bytes to ecology
[dna] fire wrote 58 bytes to ecology
[dna] fire wrote 34 bytes to ecology
[dna] fire wrote 22 bytes to ecology
[dna] fire wrote 16 bytes to ecology
[dna] fire wrote 150 bytes to ecology
[dna] fire wrote 24 bytes to ecology
[dna] fire wrote 11 bytes to ecology
[dna] fire wrote 44 bytes to ecology
[dna] fire wrote 33 bytes to ecology
[dna] fire wrote 46 bytes to ecology
[debug-onto] tick=250 corpus=149056 stage=2 freeze=0
[dna] fire wrote 5 bytes to ecology
[dna] fire wrote 68 bytes to ecology
[dna] fire wrote 94 bytes to ecology
[dna] fire wrote 38 bytes to ecology
[dna] fire wrote 62 bytes to ecology
[dna] fire wrote 75 bytes to ecology
[dna] fire wrote 39 bytes to ecology
[dna] fire wrote 67 bytes to ecology
[dna] fire wrote 55 bytes to ecology
[dna] fire wrote 33 bytes to ecology
[dna] fire wrote 137 bytes to ecology
[dna] fire wrote 70 bytes to ecology
[dna] fire wrote 17 bytes to ecology
[dna] fire wrote 10 bytes to ecology
[dna] fire wrote 107 bytes to ecology
[dna] fire wrote 28 bytes to ecology
[dna] fire wrote 26 bytes to ecology
[dna] fire wrote 31 bytes to ecology
[dna] fire wrote 63 bytes to ecology
[dna] fire wrote 134 bytes to ecology
[dna] fire wrote 108 bytes to ecology
[dna] fire wrote 75 bytes to ecology
[dna] fire wrote 117 bytes to ecology
[dna] fire wrote 47 bytes to ecology
[dna] fire wrote 48 bytes to ecology
[dna] fire wrote 56 bytes to ecology
[dna] fire wrote 43 bytes to ecology
[dna] fire wrote 170 bytes to ecology
[dna] fire wrote 66 bytes to ecology
[dna] fire wrote 98 bytes to ecology
[dna] fire wrote 46 bytes to ecology
[dna] fire wrote 40 bytes to ecology
[dna] fire wrote 82 bytes to ecology
[dna] fire wrote 9 bytes to ecology
[dna] fire wrote 153 bytes to ecology
[dna] fire wrote 70 bytes to ecology
[dna] fire wrote 58 bytes to ecology
[debug-onto] tick=300 corpus=149056 stage=2 freeze=0
[dna] fire wrote 157 bytes to ecology
[dna] fire wrote 165 bytes to ecology
[dna] fire wrote 65 bytes to ecology
[dna] fire wrote 67 bytes to ecology
[dna] fire wrote 177 bytes to ecology
[dna] fire wrote 61 bytes to ecology
[dna] fire wrote 85 bytes to ecology
[dna] fire wrote 216 bytes to ecology
[dna] fire wrote 60 bytes to ecology
[dna] fire wrote 143 bytes to ecology
[dna] fire wrote 28 bytes to ecology
[dna] fire wrote 84 bytes to ecology
[dna] fire wrote 72 bytes to ecology
[dna] fire wrote 30 bytes to ecology
[dna] fire wrote 60 bytes to ecology
[dna] fire wrote 90 bytes to ecology
[dna] fire wrote 25 bytes to ecology
[dna] fire wrote 77 bytes to ecology
[dna] fire wrote 118 bytes to ecology
[dna] fire wrote 30 bytes to ecology
[dna] fire wrote 41 bytes to ecology
[dna] fire wrote 42 bytes to ecology
[dna] fire wrote 24 bytes to ecology
[dna] fire wrote 44 bytes to ecology
[dna] fire wrote 19 bytes to ecology
[dna] fire wrote 20 bytes to ecology
[dna] fire wrote 24 bytes to ecology
[dna] fire wrote 75 bytes to ecology
[dna] fire wrote 167 bytes to ecology
[dna] fire wrote 70 bytes to ecology
[dna] fire wrote 118 bytes to ecology
[dna] fire wrote 97 bytes to ecology
[dna] fire wrote 55 bytes to ecology
[dna] fire wrote 140 bytes to ecology
[dna] fire wrote 89 bytes to ecology
[dna] fire wrote 30 bytes to ecology
[dna] fire wrote 30 bytes to ecology
[debug-onto] tick=350 corpus=149056 stage=2 freeze=0
[dna] fire wrote 124 bytes to ecology
[dna] fire wrote 56 bytes to ecology
[dna] fire wrote 29 bytes to ecology
[dna] fire wrote 96 bytes to ecology
[dna] fire wrote 68 bytes to ecology
[dna] fire wrote 31 bytes to ecology
[dna] fire wrote 106 bytes to ecology
[dna] fire wrote 157 bytes to ecology
[dna] fire wrote 65 bytes to ecology
[dna] fire wrote 40 bytes to ecology
[dna] fire wrote 56 bytes to ecology
[dna] fire wrote 5 bytes to ecology
[dna] fire wrote 41 bytes to ecology
[dna] fire wrote 67 bytes to ecology
[dna] fire wrote 69 bytes to ecology
[dna] fire wrote 111 bytes to ecology
[dna] fire wrote 324 bytes to ecology
[dna] fire wrote 99 bytes to ecology
[dna] fire wrote 29 bytes to ecology
[dna] fire wrote 114 bytes to ecology
[dna] fire wrote 44 bytes to ecology
[dna] fire wrote 12 bytes to ecology
[dna] fire wrote 81 bytes to ecology
[dna] fire wrote 14 bytes to ecology
[dna] fire wrote 22 bytes to ecology
[dna] fire wrote 44 bytes to ecology
[dna] fire wrote 33 bytes to ecology
[dna] fire wrote 44 bytes to ecology
[dna] fire wrote 134 bytes to ecology
[dna] fire wrote 51 bytes to ecology
[dna] fire wrote 23 bytes to ecology
[dna] fire wrote 83 bytes to ecology
[dna] fire wrote 117 bytes to ecology
[dna] fire wrote 163 bytes to ecology
[dna] fire wrote 40 bytes to ecology
[dna] fire wrote 62 bytes to ecology
[dna] fire wrote 123 bytes to ecology
[dna] fire wrote 71 bytes to ecology
[debug-onto] tick=400 corpus=149056 stage=2 freeze=0
[dna] fire wrote 18 bytes to ecology
[dna] fire wrote 29 bytes to ecology
[dna] fire wrote 55 bytes to ecology
[dna] fire wrote 97 bytes to ecology
[dna] fire wrote 130 bytes to ecology
[dna] fire wrote 94 bytes to ecology
[dna] fire wrote 49 bytes to ecology
[dna] fire wrote 17 bytes to ecology
[dna] fire wrote 26 bytes to ecology
[dna] fire wrote 46 bytes to ecology
[dna] fire wrote 44 bytes to ecology
[dna] fire wrote 28 bytes to ecology
[dna] fire wrote 47 bytes to ecology
[dna] fire wrote 52 bytes to ecology
[dna] fire wrote 101 bytes to ecology
[dna] fire wrote 26 bytes to ecology
[dna] fire wrote 42 bytes to ecology
[dna] fire wrote 31 bytes to ecology
[dna] fire wrote 60 bytes to ecology
[dna] fire wrote 51 bytes to ecology
[dna] fire wrote 55 bytes to ecology
[dna] fire wrote 48 bytes to ecology
[dna] fire wrote 20 bytes to ecology
[dna] fire wrote 65 bytes to ecology
[dna] fire wrote 65 bytes to ecology
[dna] fire wrote 56 bytes to ecology
[dna] fire wrote 42 bytes to ecology
[dna] fire wrote 32 bytes to ecology
[dna] fire wrote 112 bytes to ecology
[dna] fire wrote 34 bytes to ecology
[dna] fire wrote 88 bytes to ecology
[dna] fire wrote 31 bytes to ecology
[dna] fire wrote 27 bytes to ecology
[dna] fire wrote 52 bytes to ecology
[dna] fire wrote 91 bytes to ecology
[dna] fire wrote 47 bytes to ecology
[dna] fire wrote 50 bytes to ecology
[dna] fire wrote 81 bytes to ecology
[debug-onto] tick=450 corpus=149056 stage=2 freeze=0
[dna] fire wrote 19 bytes to ecology
[dna] fire wrote 27 bytes to ecology
[dna] fire wrote 46 bytes to ecology
[dna] fire wrote 115 bytes to ecology
[dna] fire wrote 32 bytes to ecology
[dna] fire wrote 48 bytes to ecology
[dna] fire wrote 81 bytes to ecology
[dna] fire wrote 51 bytes to ecology
[dna] fire wrote 87 bytes to ecology
[dna] fire wrote 118 bytes to ecology
[dna] fire wrote 23 bytes to ecology
[dna] fire wrote 72 bytes to ecology
[dna] fire wrote 52 bytes to ecology
[dna] fire wrote 33 bytes to ecology
[dna] fire wrote 129 bytes to ecology
[dna] fire wrote 189 bytes to ecology
[dna] fire wrote 17 bytes to ecology
[dna] fire wrote 28 bytes to ecology
[dna] fire wrote 102 bytes to ecology
[dna] fire wrote 149 bytes to ecology
[dna] fire wrote 41 bytes to ecology
[dna] fire wrote 58 bytes to ecology
[dna] fire wrote 90 bytes to ecology
[dna] fire wrote 94 bytes to ecology
[dna] fire wrote 39 bytes to ecology
[dna] fire wrote 5 bytes to ecology
[dna] fire wrote 19 bytes to ecology
[dna] fire wrote 73 bytes to ecology
[dna] fire wrote 118 bytes to ecology
[dna] fire wrote 63 bytes to ecology
[dna] fire wrote 27 bytes to ecology
[dna] fire wrote 64 bytes to ecology
[dna] fire wrote 91 bytes to ecology
[dna] fire wrote 83 bytes to ecology
[dna] fire wrote 124 bytes to ecology
[dna] fire wrote 74 bytes to ecology
[dna] fire wrote 111 bytes to ecology
[debug-onto] tick=500 corpus=149056 stage=2 freeze=0
[dna] fire wrote 31 bytes to ecology
[dna] fire wrote 38 bytes to ecology
[dna] fire wrote 107 bytes to ecology
[dna] fire wrote 17 bytes to ecology
[dna] fire wrote 61 bytes to ecology
[dna] fire wrote 27 bytes to ecology
[dna] fire wrote 100 bytes to ecology
[dna] fire wrote 31 bytes to ecology
[dna] fire wrote 44 bytes to ecology
[dna] fire wrote 76 bytes to ecology
[dna] fire wrote 71 bytes to ecology
[dna] fire wrote 72 bytes to ecology
[dna] fire wrote 79 bytes to ecology
[dna] fire wrote 37 bytes to ecology
[dna] fire wrote 21 bytes to ecology
[dna] fire wrote 67 bytes to ecology
[dna] fire wrote 39 bytes to ecology
[dna] fire wrote 85 bytes to ecology
[dna] fire wrote 67 bytes to ecology
[dna] fire wrote 39 bytes to ecology
[dna] fire wrote 60 bytes to ecology
[dna] fire wrote 18 bytes to ecology
[dna] fire wrote 21 bytes to ecology
[dna] fire wrote 159 bytes to ecology
[dna] fire wrote 29 bytes to ecology
[dna] fire wrote 56 bytes to ecology
[dna] fire wrote 192 bytes to ecology
[dna] fire wrote 166 bytes to ecology
[dna] fire wrote 122 bytes to ecology
[dna] fire wrote 42 bytes to ecology
[dna] fire wrote 86 bytes to ecology
[dna] fire wrote 116 bytes to ecology
[dna] fire wrote 78 bytes to ecology
[dna] fire wrote 21 bytes to ecology
[dna] fire wrote 27 bytes to ecology
[dna] fire wrote 71 bytes to ecology
[dna] fire wrote 116 bytes to ecology
[dna] fire wrote 61 bytes to ecology
[debug-onto] tick=550 corpus=149056 stage=2 freeze=0
[dna] fire wrote 91 bytes to ecology
[dna] fire wrote 35 bytes to ecology
[dna] fire wrote 66 bytes to ecology
[dna] fire wrote 31 bytes to ecology
[dna] fire wrote 36 bytes to ecology
[dna] fire wrote 119 bytes to ecology
[dna] fire wrote 101 bytes to ecology
[dna] fire wrote 89 bytes to ecology
[dna] fire wrote 118 bytes to ecology
[dna] fire wrote 77 bytes to ecology
[dna] fire wrote 88 bytes to ecology
[dna] fire wrote 265 bytes to ecology
[dna] fire wrote 198 bytes to ecology
[dna] fire wrote 171 bytes to ecology
[dna] fire wrote 42 bytes to ecology
[dna] fire wrote 108 bytes to ecology
[dna] fire wrote 54 bytes to ecology
[dna] fire wrote 36 bytes to ecology
[dna] fire wrote 49 bytes to ecology
[dna] fire wrote 44 bytes to ecology
[dna] fire wrote 111 bytes to ecology
[dna] fire wrote 118 bytes to ecology
[dna] fire wrote 33 bytes to ecology
[dna] fire wrote 39 bytes to ecology
[dna] fire wrote 131 bytes to ecology
[dna] fire wrote 86 bytes to ecology
[dna] fire wrote 84 bytes to ecology
[dna] fire wrote 120 bytes to ecology
[dna] fire wrote 51 bytes to ecology
[dna] fire wrote 46 bytes to ecology
[dna] fire wrote 27 bytes to ecology
[dna] fire wrote 88 bytes to ecology
[dna] fire wrote 79 bytes to ecology
[dna] fire wrote 36 bytes to ecology
[dna] fire wrote 39 bytes to ecology
[dna] fire wrote 23 bytes to ecology
[dna] fire wrote 45 bytes to ecology
[dna] fire wrote 73 bytes to ecology
[dna] fire wrote 70 bytes to ecology
[dna] fire wrote 200 bytes to ecology
[debug-onto] tick=600 corpus=149056 stage=2 freeze=0
[dna] fire wrote 168 bytes to ecology
[dna] fire wrote 62 bytes to ecology
[dna] fire wrote 105 bytes to ecology
[dna] fire wrote 107 bytes to ecology
[dna] fire wrote 135 bytes to ecology
[dna] fire wrote 58 bytes to ecology
[dna] fire wrote 89 bytes to ecology
[dna] fire wrote 26 bytes to ecology
[dna] fire wrote 72 bytes to ecology
[dna] fire wrote 115 bytes to ecology
[dna] fire wrote 127 bytes to ecology
[dna] fire wrote 31 bytes to ecology
[dna] fire wrote 55 bytes to ecology
[dna] fire wrote 23 bytes to ecology
[dna] fire wrote 59 bytes to ecology
[dna] fire wrote 52 bytes to ecology
[dna] fire wrote 29 bytes to ecology
[dna] fire wrote 219 bytes to ecology
[dna] fire wrote 76 bytes to ecology
[dna] fire wrote 102 bytes to ecology
[dna] fire wrote 48 bytes to ecology
[dna] fire wrote 24 bytes to ecology
[dna] fire wrote 52 bytes to ecology
[dna] fire wrote 23 bytes to ecology
[dna] fire wrote 41 bytes to ecology
[dna] fire wrote 64 bytes to ecology
[dna] fire wrote 78 bytes to ecology
[dna] fire wrote 73 bytes to ecology
[dna] fire wrote 113 bytes to ecology
[dna] fire wrote 73 bytes to ecology
[dna] fire wrote 33 bytes to ecology
[dna] fire wrote 197 bytes to ecology

[evolution] Organism shutting down gracefully.
