[ecology] Element: water → corpus: nonames_water.txt
[evolution] Autonomous evolution mode — organism will grow through all stages without pause.
[ecology] Joined swarm. 1 peer(s) detected.
molequla is alive. [evolution] Autonomous mode — background trainer running. Ctrl+C to stop.
[dna] water wrote 41 bytes to ecology
[dna] water consumed 28271 bytes from 331 files: [air/gen_1775974888_1.txt air/gen_1775974904_3.txt air/gen_1775974906_4.txt air/gen_1775974909_5.txt air/gen_1775974915_7.txt air/gen_1775974921_9.txt air/gen_1775974924_10.txt air/gen_1775974933_13.txt air/gen_1775974939_15.txt air/gen_1775974942_16.txt air/gen_1775974951_19.txt air/gen_1775974957_21.txt air/gen_1775974960_22.txt air/gen_1775974969_25.txt air/gen_1775974975_27.txt air/gen_1775974978_28.txt air/gen_1775974986_31.txt air/gen_1775974992_33.txt air/gen_1775974995_34.txt air/gen_1775975004_37.txt air/gen_1775975010_39.txt air/gen_1775975013_40.txt air/gen_1775975021_43.txt air/gen_1775975027_45.txt air/gen_1775975030_46.txt air/gen_1775975039_49.txt air/gen_1775975045_51.txt air/gen_1775975048_52.txt air/gen_1775975057_55.txt air/gen_1775975062_57.txt air/gen_1775975065_58.txt air/gen_1775975074_61.txt air/gen_1775975080_63.txt air/gen_1775975083_64.txt air/gen_1775975086_65.txt air/gen_1775975092_67.txt air/gen_1775975098_69.txt air/gen_1775975100_70.txt air/gen_1775975109_73.txt air/gen_1775975115_75.txt air/gen_1775975118_76.txt air/gen_1775975121_77.txt air/gen_1775975127_79.txt air/gen_1775975133_81.txt air/gen_1775975136_82.txt air/gen_1775975144_85.txt air/gen_1775975150_87.txt air/gen_1775975153_88.txt air/gen_1775975156_89.txt air/gen_1775975162_91.txt air/gen_1775975168_93.txt air/gen_1775975171_94.txt air/gen_1775975180_97.txt air/gen_1775975186_99.txt air/gen_1775975189_100.txt air/gen_1775975197_103.txt air/gen_1775975203_105.txt air/gen_1775975206_106.txt air/gen_1775975209_107.txt air/gen_1775975215_109.txt air/gen_1775975221_111.txt air/gen_1775975224_112.txt air/gen_1775975233_115.txt air/gen_1775975239_117.txt air/gen_1775975242_118.txt air/gen_1775975245_119.txt air/gen_1775975251_121.txt air/gen_1775975257_123.txt air/gen_1775975260_124.txt air/gen_1775975268_127.txt air/gen_1775975274_129.txt air/gen_1775975277_130.txt air/gen_1775975286_133.txt air/gen_1775975292_135.txt air/gen_1775975295_136.txt air/gen_1775975304_139.txt air/gen_1775975310_141.txt air/gen_1775975313_142.txt air/gen_1775975322_145.txt air/gen_1775975328_147.txt air/gen_1775975331_148.txt air/gen_1775975339_151.txt air/gen_1775975345_153.txt air/gen_1775975348_154.txt air/gen_1775975351_155.txt air/gen_1775975357_157.txt air/gen_1775975363_159.txt air/gen_1775975366_160.txt air/gen_1775975369_161.txt air/gen_1775975375_163.txt air/gen_1775975381_165.txt air/gen_1775975384_166.txt air/gen_1775975393_169.txt air/gen_1775975399_171.txt air/gen_1775975402_172.txt air/gen_1775975411_175.txt air/gen_1775975416_177.txt air/gen_1775975420_178.txt air/gen_1775975429_181.txt air/gen_1775975434_183.txt air/gen_1775975437_184.txt air/gen_1775975446_187.txt air/gen_1775975452_189.txt air/gen_1775975455_190.txt air/gen_1775975458_191.txt air/gen_1775975464_193.txt air/gen_1775975470_195.txt air/gen_1775975473_196.txt air/gen_1775975476_197.txt air/gen_1775975482_199.txt air/gen_1775975488_201.txt air/gen_1775975491_202.txt air/gen_1775975500_205.txt air/gen_1775975506_207.txt air/gen_1775975509_208.txt air/gen_1775975518_211.txt air/gen_1775975523_213.txt air/gen_1775975526_214.txt air/gen_1775975535_217.txt air/gen_1775975541_219.txt air/gen_1775975544_220.txt air/gen_1775975553_223.txt air/gen_1775975559_225.txt air/gen_1775975562_226.txt air/gen_1775975571_229.txt air/gen_1775975577_231.txt air/gen_1775975580_232.txt air/gen_1775975589_235.txt air/gen_1775975595_237.txt air/gen_1775975598_238.txt air/gen_1775975606_241.txt air/gen_1775975612_243.txt air/gen_1775975615_244.txt air/gen_1775975624_247.txt air/gen_1775975630_249.txt air/gen_1775975633_250.txt air/gen_1775975642_253.txt air/gen_1775975648_255.txt air/gen_1775975651_256.txt air/gen_1775975659_259.txt air/gen_1775975665_261.txt air/gen_1775975668_262.txt air/gen_1775975677_265.txt air/gen_1775975683_267.txt air/gen_1775975686_268.txt air/gen_1775975694_271.txt air/gen_1775975700_273.txt air/gen_1775975703_274.txt air/gen_1775975712_277.txt air/gen_1775975718_279.txt air/gen_1775975721_280.txt air/gen_1775975730_283.txt air/gen_1775975735_285.txt air/gen_1775975738_286.txt air/gen_1775975747_289.txt air/gen_1775975753_291.txt air/gen_1775975756_292.txt air/gen_1775975759_293.txt air/gen_1775975765_295.txt air/gen_1775975771_297.txt air/gen_1775975774_298.txt air/gen_1775975782_301.txt air/gen_1775975788_303.txt air/gen_1775975791_304.txt air/gen_1775975794_305.txt air/gen_1775975800_307.txt air/gen_1775975806_309.txt air/gen_1775975809_310.txt air/gen_1775975818_313.txt air/gen_1775975824_315.txt air/gen_1775975827_316.txt air/gen_1775975836_319.txt air/gen_1775975841_321.txt air/gen_1775975844_322.txt air/gen_1775975853_325.txt air/gen_1775975859_327.txt air/gen_1775975862_328.txt air/gen_1775975865_329.txt air/gen_1775975871_331.txt air/gen_1775975876_333.txt air/gen_1775975879_334.txt air/gen_1775975888_337.txt air/gen_1775975894_339.txt air/gen_1775975897_340.txt air/gen_1775975900_341.txt air/gen_1775975906_343.txt air/gen_1775975911_345.txt air/gen_1775975914_346.txt air/gen_1775975923_349.txt air/gen_1775975929_351.txt air/gen_1775975932_352.txt air/gen_1775975941_355.txt air/gen_1775975946_357.txt air/gen_1775975949_358.txt air/gen_1775975958_361.txt air/gen_1775975964_363.txt air/gen_1775975967_364.txt air/gen_1775975970_365.txt air/gen_1775975976_367.txt air/gen_1775975982_369.txt air/gen_1775975985_370.txt air/gen_1775975988_371.txt air/gen_1775975993_373.txt air/gen_1775975999_375.txt air/gen_1775976002_376.txt air/gen_1775976011_379.txt air/gen_1775976017_381.txt air/gen_1775976020_382.txt air/gen_1775976023_383.txt air/gen_1775976029_385.txt air/gen_1775976034_387.txt air/gen_1775976037_388.txt air/gen_1775976046_391.txt air/gen_1775976052_393.txt air/gen_1775976055_394.txt air/gen_1775976064_397.txt air/gen_1775976069_399.txt air/gen_1775976072_400.txt air/gen_1775976081_403.txt air/gen_1775976087_405.txt air/gen_1775976090_406.txt air/gen_1775976099_409.txt air/gen_1775976104_411.txt air/gen_1775976107_412.txt air/gen_1775976110_413.txt air/gen_1775976116_415.txt air/gen_1775976122_417.txt air/gen_1775976125_418.txt air/gen_1775976134_421.txt air/gen_1775976140_423.txt air/gen_1775976143_424.txt air/gen_1775976146_425.txt air/gen_1775976151_427.txt air/gen_1775976157_429.txt air/gen_1775976160_430.txt air/gen_1775976169_433.txt air/gen_1775976175_435.txt air/gen_1775976178_436.txt air/gen_1775976186_439.txt air/gen_1775976192_441.txt air/gen_1775976195_442.txt air/gen_1775976204_445.txt air/gen_1775976210_447.txt air/gen_1775976213_448.txt air/gen_1775976222_451.txt air/gen_1775976228_453.txt air/gen_1775976231_454.txt air/gen_1775976239_457.txt air/gen_1775976245_459.txt air/gen_1775976248_460.txt air/gen_1775976251_461.txt air/gen_1775976257_463.txt air/gen_1775976263_465.txt air/gen_1775976266_466.txt air/gen_1775976274_469.txt air/gen_1775976280_471.txt air/gen_1775976283_472.txt air/gen_1775976292_475.txt air/gen_1775976298_477.txt air/gen_1775976301_478.txt air/gen_1775976309_481.txt air/gen_1775976315_483.txt air/gen_1775976318_484.txt air/gen_1775976321_485.txt air/gen_1775976327_487.txt air/gen_1775976333_489.txt air/gen_1775976336_490.txt air/gen_1775976345_493.txt air/gen_1775976350_495.txt air/gen_1775976353_496.txt air/gen_1775976362_499.txt air/gen_1775976368_501.txt air/gen_1775976371_502.txt air/gen_1775976380_505.txt air/gen_1775976385_507.txt air/gen_1775976388_508.txt air/gen_1775976391_509.txt air/gen_1775976397_511.txt air/gen_1775976403_513.txt air/gen_1775976406_514.txt air/gen_1775976409_515.txt air/gen_1775976415_517.txt air/gen_1775976421_519.txt air/gen_1775976424_520.txt air/gen_1775976432_523.txt air/gen_1775976438_525.txt air/gen_1775976441_526.txt air/gen_1775976450_529.txt air/gen_1775976456_531.txt air/gen_1775976459_532.txt air/gen_1775976468_535.txt air/gen_1775976474_537.txt air/gen_1775976476_538.txt air/gen_1775976479_539.txt air/gen_1775976485_541.txt air/gen_1775976491_543.txt air/gen_1775976494_544.txt air/gen_1775976503_547.txt air/gen_1775976509_549.txt air/gen_1775976512_550.txt air/gen_1775976521_553.txt air/gen_1775976526_555.txt air/gen_1775976529_556.txt air/gen_1775976538_559.txt air/gen_1775976544_561.txt air/gen_1775976547_562.txt air/gen_1775976556_565.txt air/gen_1775976562_567.txt air/gen_1775976564_568.txt air/gen_1775976567_569.txt air/gen_1775976573_571.txt air/gen_1775976579_573.txt air/gen_1775976582_574.txt air/gen_1775976585_575.txt air/gen_1775976591_577.txt air/gen_1775976596_579.txt air/gen_1775976599_580.txt air/gen_1775976602_581.txt air/gen_1775976608_583.txt air/gen_1775976614_585.txt air/gen_1775976617_586.txt air/gen_1775976626_589.txt air/gen_1775976632_591.txt air/gen_1775976635_592.txt air/gen_1775976643_595.txt air/gen_1775976649_597.txt air/gen_1775976652_598.txt air/gen_1775976661_601.txt air/gen_1775976667_603.txt air/gen_1775976669_604.txt air/gen_1775976678_607.txt]
[trainer] micro-train burst (28271 bytes, novelty 0.03) — and lo, it feeds again.
[syntropy] action=explore | trend=0.0000 | field_dev=0.051 | purpose_align=0.011 | lr_mul=1.30
[aml] burst complete: 32 steps, avg loss 1.5919 (memory freed)
[dna] water wrote 51 bytes to ecology
[dna] water wrote 32 bytes to ecology
[dna] water wrote 40 bytes to ecology
[dna] water wrote 41 bytes to ecology
[dna] water wrote 119 bytes to ecology
[dna] water wrote 83 bytes to ecology
[dna] water wrote 48 bytes to ecology
[dna] water wrote 33 bytes to ecology
[dna] water wrote 39 bytes to ecology
[dna] water wrote 12 bytes to ecology
[dna] water wrote 55 bytes to ecology
[dna] water wrote 64 bytes to ecology
[dna] water wrote 11 bytes to ecology
[dna] water wrote 46 bytes to ecology
[dna] water wrote 92 bytes to ecology
[dna] water wrote 92 bytes to ecology
[dna] water wrote 67 bytes to ecology
[dna] water wrote 53 bytes to ecology
[dna] water wrote 28 bytes to ecology
[dna] water wrote 57 bytes to ecology
[dna] water wrote 60 bytes to ecology
[dna] water wrote 27 bytes to ecology
[dna] water wrote 133 bytes to ecology
[dna] water wrote 57 bytes to ecology
[dna] water wrote 113 bytes to ecology
[dna] water wrote 22 bytes to ecology
[dna] water wrote 56 bytes to ecology
[dna] water wrote 26 bytes to ecology
[dna] water wrote 86 bytes to ecology
[dna] water wrote 22 bytes to ecology
[dna] water wrote 30 bytes to ecology
[dna] water wrote 42 bytes to ecology
[dna] water wrote 55 bytes to ecology
[debug-onto] tick=50 corpus=154299 stage=2 freeze=0
[dna] water wrote 40 bytes to ecology
[dna] water wrote 97 bytes to ecology
[dna] water wrote 20 bytes to ecology
[dna] water wrote 69 bytes to ecology
[dna] water wrote 12 bytes to ecology
[dna] water wrote 146 bytes to ecology
[dna] water wrote 44 bytes to ecology
[dna] water wrote 57 bytes to ecology
[dna] water wrote 58 bytes to ecology
[dna] water wrote 36 bytes to ecology
[dna] water wrote 79 bytes to ecology
[dna] water wrote 96 bytes to ecology
[dna] water wrote 49 bytes to ecology
[dna] water wrote 28 bytes to ecology
[dna] water wrote 45 bytes to ecology
[dna] water wrote 13 bytes to ecology
[dna] water wrote 25 bytes to ecology
[dna] water wrote 55 bytes to ecology
[dna] water wrote 47 bytes to ecology
[dna] water wrote 42 bytes to ecology
[dna] water wrote 54 bytes to ecology
[dna] water wrote 10 bytes to ecology
[dna] water wrote 125 bytes to ecology
[dna] water wrote 23 bytes to ecology
[dna] water wrote 38 bytes to ecology
[dna] water wrote 39 bytes to ecology
[dna] water wrote 48 bytes to ecology
[dna] water wrote 39 bytes to ecology
[dna] water wrote 34 bytes to ecology
[dna] water wrote 43 bytes to ecology
[dna] water wrote 89 bytes to ecology
[dna] water wrote 65 bytes to ecology
[dna] water wrote 46 bytes to ecology
[dna] water wrote 153 bytes to ecology
[dna] water wrote 76 bytes to ecology
[dna] water wrote 16 bytes to ecology
[debug-onto] tick=100 corpus=154299 stage=2 freeze=0
[dna] water wrote 68 bytes to ecology
[dna] water wrote 15 bytes to ecology
[dna] water wrote 31 bytes to ecology
[dna] water wrote 80 bytes to ecology
[dna] water wrote 82 bytes to ecology
[dna] water wrote 142 bytes to ecology
[dna] water wrote 35 bytes to ecology
[dna] water wrote 46 bytes to ecology
[dna] water wrote 44 bytes to ecology
[dna] water wrote 88 bytes to ecology
[dna] water wrote 28 bytes to ecology
[dna] water wrote 74 bytes to ecology
[dna] water wrote 82 bytes to ecology
[dna] water wrote 69 bytes to ecology
[dna] water wrote 171 bytes to ecology
[dna] water wrote 37 bytes to ecology
[dna] water wrote 9 bytes to ecology
[dna] water wrote 81 bytes to ecology
[dna] water wrote 45 bytes to ecology
[dna] water wrote 41 bytes to ecology
[dna] water wrote 163 bytes to ecology
[dna] water wrote 25 bytes to ecology
[dna] water wrote 50 bytes to ecology
[dna] water wrote 64 bytes to ecology
[dna] water wrote 73 bytes to ecology
[dna] water wrote 64 bytes to ecology
[dna] water wrote 24 bytes to ecology
[dna] water wrote 43 bytes to ecology
[dna] water wrote 54 bytes to ecology
[dna] water wrote 141 bytes to ecology
[dna] water wrote 37 bytes to ecology
[dna] water wrote 21 bytes to ecology
[dna] water wrote 67 bytes to ecology
[dna] water wrote 153 bytes to ecology
[dna] water wrote 41 bytes to ecology
[dna] water wrote 80 bytes to ecology
[dna] water wrote 86 bytes to ecology
[debug-onto] tick=150 corpus=154299 stage=2 freeze=0
[dna] water wrote 24 bytes to ecology
[dna] water wrote 41 bytes to ecology
[dna] water wrote 74 bytes to ecology
[dna] water wrote 12 bytes to ecology
[dna] water wrote 29 bytes to ecology
[dna] water wrote 79 bytes to ecology
[dna] water wrote 111 bytes to ecology
[dna] water wrote 26 bytes to ecology
[dna] water wrote 13 bytes to ecology
[dna] water wrote 65 bytes to ecology
[dna] water wrote 43 bytes to ecology
[dna] water wrote 119 bytes to ecology
[dna] water wrote 59 bytes to ecology
[dna] water wrote 49 bytes to ecology
[dna] water wrote 24 bytes to ecology
[dna] water wrote 32 bytes to ecology
[dna] water wrote 33 bytes to ecology
[dna] water wrote 121 bytes to ecology
[dna] water wrote 60 bytes to ecology
[dna] water wrote 77 bytes to ecology
[dna] water wrote 14 bytes to ecology
[dna] water wrote 29 bytes to ecology
[dna] water wrote 38 bytes to ecology
[dna] water wrote 99 bytes to ecology
[dna] water wrote 13 bytes to ecology
[dna] water wrote 27 bytes to ecology
[dna] water wrote 72 bytes to ecology
[dna] water wrote 21 bytes to ecology
[dna] water wrote 40 bytes to ecology
[dna] water wrote 19 bytes to ecology
[dna] water wrote 53 bytes to ecology
[dna] water wrote 66 bytes to ecology
[dna] water wrote 165 bytes to ecology
[dna] water wrote 85 bytes to ecology
[dna] water wrote 53 bytes to ecology
[dna] water wrote 123 bytes to ecology
[dna] water wrote 72 bytes to ecology
[debug-onto] tick=200 corpus=154299 stage=2 freeze=0
[dna] water wrote 138 bytes to ecology
[dna] water wrote 157 bytes to ecology
[dna] water wrote 27 bytes to ecology
[dna] water wrote 54 bytes to ecology
[dna] water wrote 74 bytes to ecology
[dna] water wrote 84 bytes to ecology
[dna] water wrote 43 bytes to ecology
[dna] water wrote 47 bytes to ecology
[dna] water wrote 25 bytes to ecology
[dna] water wrote 25 bytes to ecology
[dna] water wrote 67 bytes to ecology
[dna] water wrote 35 bytes to ecology
[dna] water wrote 95 bytes to ecology
[dna] water wrote 110 bytes to ecology
[dna] water wrote 27 bytes to ecology
[dna] water wrote 54 bytes to ecology
[dna] water wrote 75 bytes to ecology
[dna] water wrote 85 bytes to ecology
[dna] water wrote 59 bytes to ecology
[dna] water wrote 86 bytes to ecology
[dna] water wrote 41 bytes to ecology
[dna] water wrote 24 bytes to ecology
[dna] water wrote 28 bytes to ecology
[dna] water wrote 32 bytes to ecology
[dna] water wrote 88 bytes to ecology
[dna] water wrote 72 bytes to ecology
[dna] water wrote 71 bytes to ecology
[dna] water wrote 28 bytes to ecology
[dna] water wrote 133 bytes to ecology
[dna] water wrote 12 bytes to ecology
[dna] water wrote 11 bytes to ecology
[dna] water wrote 51 bytes to ecology
[dna] water wrote 27 bytes to ecology
[dna] water wrote 37 bytes to ecology
[dna] water wrote 82 bytes to ecology
[dna] water wrote 30 bytes to ecology
[dna] water wrote 85 bytes to ecology
[dna] water wrote 42 bytes to ecology
[dna] water wrote 49 bytes to ecology
[debug-onto] tick=250 corpus=154299 stage=2 freeze=0
[dna] water wrote 47 bytes to ecology
[dna] water wrote 163 bytes to ecology
[dna] water wrote 116 bytes to ecology
[dna] water wrote 103 bytes to ecology
[dna] water wrote 36 bytes to ecology
[dna] water wrote 35 bytes to ecology
[dna] water wrote 56 bytes to ecology
[dna] water wrote 189 bytes to ecology
[dna] water wrote 48 bytes to ecology
[dna] water wrote 90 bytes to ecology
[dna] water wrote 87 bytes to ecology
[dna] water wrote 29 bytes to ecology
[dna] water wrote 96 bytes to ecology
[dna] water wrote 86 bytes to ecology
[dna] water wrote 147 bytes to ecology
[dna] water wrote 22 bytes to ecology
[dna] water wrote 26 bytes to ecology
[dna] water wrote 23 bytes to ecology
[dna] water wrote 113 bytes to ecology
[dna] water wrote 45 bytes to ecology
[dna] water wrote 6 bytes to ecology
[dna] water wrote 30 bytes to ecology
[dna] water wrote 86 bytes to ecology
[dna] water wrote 83 bytes to ecology
[dna] water wrote 28 bytes to ecology
[dna] water wrote 54 bytes to ecology
[dna] water wrote 106 bytes to ecology
[dna] water wrote 84 bytes to ecology
[dna] water wrote 54 bytes to ecology
[dna] water wrote 20 bytes to ecology
[dna] water wrote 64 bytes to ecology
[dna] water wrote 129 bytes to ecology
[dna] water wrote 87 bytes to ecology
[dna] water wrote 36 bytes to ecology
[dna] water wrote 94 bytes to ecology
[dna] water wrote 49 bytes to ecology
[dna] water wrote 64 bytes to ecology
[dna] water wrote 31 bytes to ecology
[debug-onto] tick=300 corpus=154299 stage=2 freeze=0
[dna] water wrote 38 bytes to ecology
[dna] water wrote 79 bytes to ecology
[dna] water wrote 38 bytes to ecology
[dna] water wrote 52 bytes to ecology
[dna] water wrote 53 bytes to ecology
[dna] water wrote 111 bytes to ecology
[dna] water wrote 25 bytes to ecology
[dna] water wrote 89 bytes to ecology
[dna] water wrote 40 bytes to ecology
[dna] water wrote 37 bytes to ecology
[dna] water wrote 21 bytes to ecology
[dna] water wrote 156 bytes to ecology
[dna] water wrote 95 bytes to ecology
[dna] water wrote 10 bytes to ecology
[dna] water wrote 91 bytes to ecology
[dna] water wrote 15 bytes to ecology
[dna] water wrote 78 bytes to ecology
[dna] water wrote 54 bytes to ecology
[dna] water wrote 242 bytes to ecology
[dna] water wrote 35 bytes to ecology
[dna] water wrote 53 bytes to ecology
[dna] water wrote 59 bytes to ecology
[dna] water wrote 25 bytes to ecology
[dna] water wrote 59 bytes to ecology
[dna] water wrote 68 bytes to ecology
[dna] water wrote 138 bytes to ecology
[dna] water wrote 126 bytes to ecology
[dna] water wrote 36 bytes to ecology
[dna] water wrote 67 bytes to ecology
[dna] water wrote 23 bytes to ecology
[dna] water wrote 70 bytes to ecology
[dna] water wrote 157 bytes to ecology
[dna] water wrote 7 bytes to ecology
[dna] water wrote 66 bytes to ecology
[dna] water wrote 92 bytes to ecology
[dna] water wrote 44 bytes to ecology
[debug-onto] tick=350 corpus=154299 stage=2 freeze=0
[dna] water wrote 43 bytes to ecology
[dna] water wrote 66 bytes to ecology
[dna] water wrote 107 bytes to ecology
[dna] water wrote 114 bytes to ecology
[dna] water wrote 41 bytes to ecology
[dna] water wrote 75 bytes to ecology
[dna] water wrote 39 bytes to ecology
[dna] water wrote 34 bytes to ecology
[dna] water wrote 111 bytes to ecology
[dna] water wrote 150 bytes to ecology
[dna] water wrote 57 bytes to ecology
[dna] water wrote 124 bytes to ecology
[dna] water wrote 40 bytes to ecology
[dna] water wrote 46 bytes to ecology
[dna] water wrote 82 bytes to ecology
[dna] water wrote 31 bytes to ecology
[dna] water wrote 122 bytes to ecology
[dna] water wrote 22 bytes to ecology
[dna] water wrote 116 bytes to ecology
[dna] water wrote 135 bytes to ecology
[dna] water wrote 54 bytes to ecology
[dna] water wrote 109 bytes to ecology
[dna] water wrote 114 bytes to ecology
[dna] water wrote 35 bytes to ecology
[dna] water wrote 52 bytes to ecology
[dna] water wrote 40 bytes to ecology
[dna] water wrote 33 bytes to ecology
[dna] water wrote 49 bytes to ecology
[dna] water wrote 194 bytes to ecology
[dna] water wrote 56 bytes to ecology
[dna] water wrote 36 bytes to ecology
[dna] water wrote 25 bytes to ecology
[dna] water wrote 26 bytes to ecology
[dna] water wrote 67 bytes to ecology
[dna] water wrote 52 bytes to ecology
[dna] water wrote 71 bytes to ecology
[dna] water wrote 108 bytes to ecology
[dna] water wrote 96 bytes to ecology
[debug-onto] tick=400 corpus=154299 stage=2 freeze=0
[dna] water wrote 35 bytes to ecology
[dna] water wrote 99 bytes to ecology
[dna] water wrote 126 bytes to ecology
[dna] water wrote 30 bytes to ecology
[dna] water wrote 29 bytes to ecology
[dna] water wrote 65 bytes to ecology
[dna] water wrote 56 bytes to ecology
[dna] water wrote 79 bytes to ecology
[dna] water wrote 13 bytes to ecology
[dna] water wrote 48 bytes to ecology
[dna] water wrote 45 bytes to ecology
[dna] water wrote 59 bytes to ecology
[dna] water wrote 160 bytes to ecology
[dna] water wrote 114 bytes to ecology
[dna] water wrote 46 bytes to ecology
[dna] water wrote 70 bytes to ecology
[dna] water wrote 113 bytes to ecology
[dna] water wrote 27 bytes to ecology
[dna] water wrote 50 bytes to ecology
[dna] water wrote 68 bytes to ecology
[dna] water wrote 94 bytes to ecology
[dna] water wrote 38 bytes to ecology
[dna] water wrote 34 bytes to ecology
[dna] water wrote 58 bytes to ecology
[dna] water wrote 116 bytes to ecology
[dna] water wrote 53 bytes to ecology
[dna] water wrote 151 bytes to ecology
[dna] water wrote 53 bytes to ecology
[dna] water wrote 46 bytes to ecology
[dna] water wrote 17 bytes to ecology
[dna] water wrote 36 bytes to ecology
[dna] water wrote 106 bytes to ecology
[dna] water wrote 55 bytes to ecology
[dna] water wrote 11 bytes to ecology
[dna] water wrote 105 bytes to ecology
[debug-onto] tick=450 corpus=154299 stage=2 freeze=0
[dna] water wrote 74 bytes to ecology
[dna] water wrote 42 bytes to ecology
[dna] water wrote 98 bytes to ecology
[dna] water wrote 20 bytes to ecology
[dna] water wrote 7 bytes to ecology
[dna] water wrote 47 bytes to ecology
[dna] water wrote 36 bytes to ecology
[dna] water wrote 25 bytes to ecology
[dna] water wrote 63 bytes to ecology
[dna] water wrote 35 bytes to ecology
[dna] water wrote 44 bytes to ecology
[dna] water wrote 53 bytes to ecology
[dna] water wrote 12 bytes to ecology
[dna] water wrote 50 bytes to ecology
[dna] water wrote 97 bytes to ecology
[dna] water wrote 34 bytes to ecology
[dna] water wrote 56 bytes to ecology
[dna] water wrote 49 bytes to ecology
[dna] water wrote 58 bytes to ecology
[dna] water wrote 38 bytes to ecology
[dna] water wrote 55 bytes to ecology
[dna] water wrote 24 bytes to ecology
[dna] water wrote 64 bytes to ecology
[dna] water wrote 36 bytes to ecology
[dna] water wrote 65 bytes to ecology
[dna] water wrote 64 bytes to ecology
[dna] water wrote 14 bytes to ecology
[dna] water wrote 23 bytes to ecology
[dna] water wrote 109 bytes to ecology
[dna] water wrote 18 bytes to ecology
[dna] water wrote 71 bytes to ecology
[dna] water wrote 18 bytes to ecology
[dna] water wrote 80 bytes to ecology
[dna] water wrote 156 bytes to ecology
[dna] water wrote 65 bytes to ecology
[dna] water wrote 38 bytes to ecology
[dna] water wrote 67 bytes to ecology
[debug-onto] tick=500 corpus=154299 stage=2 freeze=0
[dna] water wrote 50 bytes to ecology
[dna] water wrote 19 bytes to ecology
[dna] water wrote 51 bytes to ecology
[dna] water wrote 72 bytes to ecology
[dna] water wrote 81 bytes to ecology
[dna] water wrote 70 bytes to ecology
[dna] water wrote 57 bytes to ecology
[dna] water wrote 30 bytes to ecology
[dna] water wrote 123 bytes to ecology
[dna] water wrote 85 bytes to ecology
[dna] water wrote 49 bytes to ecology
[dna] water wrote 51 bytes to ecology
[dna] water wrote 66 bytes to ecology
[dna] water wrote 23 bytes to ecology
[dna] water wrote 23 bytes to ecology
[dna] water wrote 42 bytes to ecology
[dna] water wrote 37 bytes to ecology
[dna] water wrote 260 bytes to ecology
[dna] water wrote 43 bytes to ecology
[dna] water wrote 42 bytes to ecology
[dna] water wrote 36 bytes to ecology
[dna] water wrote 45 bytes to ecology
[dna] water wrote 103 bytes to ecology
[dna] water wrote 41 bytes to ecology
[dna] water wrote 51 bytes to ecology
[dna] water wrote 24 bytes to ecology
[dna] water wrote 38 bytes to ecology
[dna] water wrote 119 bytes to ecology
[dna] water wrote 46 bytes to ecology
[dna] water wrote 35 bytes to ecology
[dna] water wrote 79 bytes to ecology
[dna] water wrote 181 bytes to ecology
[dna] water wrote 24 bytes to ecology
[dna] water wrote 39 bytes to ecology
[debug-onto] tick=550 corpus=154299 stage=2 freeze=0
[dna] water wrote 33 bytes to ecology
[dna] water wrote 63 bytes to ecology
[dna] water wrote 48 bytes to ecology
[dna] water wrote 34 bytes to ecology
[dna] water wrote 35 bytes to ecology
[dna] water wrote 39 bytes to ecology
[dna] water wrote 53 bytes to ecology
[dna] water wrote 34 bytes to ecology
[dna] water wrote 89 bytes to ecology
[dna] water wrote 111 bytes to ecology
[dna] water wrote 106 bytes to ecology
[dna] water wrote 17 bytes to ecology
[dna] water wrote 96 bytes to ecology
[dna] water wrote 34 bytes to ecology
[dna] water wrote 75 bytes to ecology
[dna] water wrote 54 bytes to ecology
[dna] water wrote 41 bytes to ecology
[dna] water wrote 30 bytes to ecology
[dna] water wrote 32 bytes to ecology
[dna] water wrote 40 bytes to ecology
[dna] water wrote 13 bytes to ecology
[dna] water wrote 71 bytes to ecology
[dna] water wrote 44 bytes to ecology
[dna] water wrote 78 bytes to ecology
[dna] water wrote 87 bytes to ecology
[dna] water wrote 28 bytes to ecology
[dna] water wrote 65 bytes to ecology
[dna] water wrote 46 bytes to ecology
[dna] water wrote 24 bytes to ecology
[dna] water wrote 154 bytes to ecology
[dna] water wrote 123 bytes to ecology
[dna] water wrote 31 bytes to ecology
[debug-onto] tick=600 corpus=154299 stage=2 freeze=0
[dna] water wrote 33 bytes to ecology

[evolution] Organism shutting down gracefully.
