[ecology] Element: air → corpus: nonames_air.txt
[evolution] Autonomous evolution mode — organism will grow through all stages without pause.
[ecology] Joined swarm. 1 peer(s) detected.
molequla is alive. [evolution] Autonomous mode — background trainer running. Ctrl+C to stop.
[dna] air wrote 47 bytes to ecology
[dna] air consumed 18872 bytes from 226 files: [earth/gen_1776751191_1.txt earth/gen_1776751199_4.txt earth/gen_1776751207_7.txt earth/gen_1776751215_10.txt earth/gen_1776751223_13.txt earth/gen_1776751231_16.txt earth/gen_1776751239_19.txt earth/gen_1776751247_22.txt earth/gen_1776751254_25.txt earth/gen_1776751262_28.txt earth/gen_1776751270_31.txt earth/gen_1776751278_34.txt earth/gen_1776751286_37.txt earth/gen_1776751294_40.txt earth/gen_1776751302_43.txt earth/gen_1776751310_46.txt earth/gen_1776751317_49.txt earth/gen_1776751325_52.txt earth/gen_1776751333_55.txt earth/gen_1776751341_58.txt earth/gen_1776751348_61.txt earth/gen_1776751356_64.txt earth/gen_1776751364_67.txt earth/gen_1776751372_70.txt earth/gen_1776751379_73.txt earth/gen_1776751387_76.txt earth/gen_1776751395_79.txt earth/gen_1776751403_82.txt earth/gen_1776751411_85.txt earth/gen_1776751419_88.txt earth/gen_1776751427_91.txt earth/gen_1776751434_94.txt earth/gen_1776751442_97.txt earth/gen_1776751450_100.txt earth/gen_1776751458_103.txt earth/gen_1776751466_106.txt earth/gen_1776751474_109.txt earth/gen_1776751482_112.txt earth/gen_1776751490_115.txt earth/gen_1776751498_118.txt earth/gen_1776751505_121.txt earth/gen_1776751513_124.txt earth/gen_1776751521_127.txt earth/gen_1776751529_130.txt earth/gen_1776751537_133.txt earth/gen_1776751545_136.txt earth/gen_1776751553_139.txt earth/gen_1776751560_142.txt earth/gen_1776751568_145.txt earth/gen_1776751576_148.txt earth/gen_1776751584_151.txt earth/gen_1776751592_154.txt earth/gen_1776751600_157.txt earth/gen_1776751607_160.txt earth/gen_1776751615_163.txt earth/gen_1776751623_166.txt earth/gen_1776751631_169.txt earth/gen_1776751639_172.txt earth/gen_1776751647_175.txt earth/gen_1776751655_178.txt earth/gen_1776751663_181.txt earth/gen_1776751671_184.txt earth/gen_1776751678_187.txt earth/gen_1776751686_190.txt earth/gen_1776751694_193.txt earth/gen_1776751702_196.txt earth/gen_1776751710_199.txt earth/gen_1776751718_202.txt earth/gen_1776751725_205.txt earth/gen_1776751733_208.txt earth/gen_1776751741_211.txt earth/gen_1776751749_214.txt earth/gen_1776751757_217.txt earth/gen_1776751765_220.txt earth/gen_1776751772_223.txt earth/gen_1776751780_226.txt earth/gen_1776751788_229.txt earth/gen_1776751796_232.txt earth/gen_1776751803_235.txt earth/gen_1776751811_238.txt earth/gen_1776751819_241.txt earth/gen_1776751827_244.txt earth/gen_1776751835_247.txt earth/gen_1776751842_250.txt earth/gen_1776751850_253.txt earth/gen_1776751858_256.txt earth/gen_1776751865_259.txt earth/gen_1776751873_262.txt earth/gen_1776751881_265.txt earth/gen_1776751889_268.txt earth/gen_1776751897_271.txt earth/gen_1776751904_274.txt earth/gen_1776751912_277.txt earth/gen_1776751920_280.txt earth/gen_1776751928_283.txt earth/gen_1776751936_286.txt earth/gen_1776751943_289.txt earth/gen_1776751951_292.txt earth/gen_1776751959_295.txt earth/gen_1776751967_298.txt earth/gen_1776751975_301.txt earth/gen_1776751983_304.txt earth/gen_1776751991_307.txt earth/gen_1776751999_310.txt earth/gen_1776752007_313.txt earth/gen_1776752015_316.txt earth/gen_1776752023_319.txt earth/gen_1776752031_322.txt earth/gen_1776752039_325.txt earth/gen_1776752046_328.txt earth/gen_1776752054_331.txt earth/gen_1776752062_334.txt earth/gen_1776752070_337.txt earth/gen_1776752077_340.txt earth/gen_1776752085_343.txt earth/gen_1776752093_346.txt earth/gen_1776752101_349.txt earth/gen_1776752109_352.txt earth/gen_1776752116_355.txt earth/gen_1776752124_358.txt earth/gen_1776752132_361.txt earth/gen_1776752140_364.txt earth/gen_1776752148_367.txt earth/gen_1776752156_370.txt earth/gen_1776752164_373.txt earth/gen_1776752172_376.txt earth/gen_1776752180_379.txt earth/gen_1776752187_382.txt earth/gen_1776752195_385.txt earth/gen_1776752203_388.txt earth/gen_1776752211_391.txt earth/gen_1776752219_394.txt earth/gen_1776752227_397.txt earth/gen_1776752235_400.txt earth/gen_1776752243_403.txt earth/gen_1776752250_406.txt earth/gen_1776752258_409.txt earth/gen_1776752266_412.txt earth/gen_1776752274_415.txt earth/gen_1776752282_418.txt earth/gen_1776752290_421.txt earth/gen_1776752297_424.txt earth/gen_1776752305_427.txt earth/gen_1776752313_430.txt earth/gen_1776752321_433.txt earth/gen_1776752328_436.txt earth/gen_1776752336_439.txt earth/gen_1776752344_442.txt earth/gen_1776752352_445.txt earth/gen_1776752360_448.txt earth/gen_1776752367_451.txt earth/gen_1776752375_454.txt earth/gen_1776752383_457.txt earth/gen_1776752390_460.txt earth/gen_1776752398_463.txt earth/gen_1776752406_466.txt earth/gen_1776752414_469.txt earth/gen_1776752421_472.txt earth/gen_1776752429_475.txt earth/gen_1776752436_478.txt earth/gen_1776752444_481.txt earth/gen_1776752452_484.txt earth/gen_1776752459_487.txt earth/gen_1776752467_490.txt earth/gen_1776752475_493.txt earth/gen_1776752482_496.txt earth/gen_1776752490_499.txt earth/gen_1776752498_502.txt earth/gen_1776752505_505.txt earth/gen_1776752513_508.txt earth/gen_1776752521_511.txt earth/gen_1776752528_514.txt earth/gen_1776752536_517.txt earth/gen_1776752544_520.txt earth/gen_1776752551_523.txt earth/gen_1776752559_526.txt earth/gen_1776752567_529.txt earth/gen_1776752574_532.txt earth/gen_1776752582_535.txt earth/gen_1776752589_538.txt earth/gen_1776752597_541.txt earth/gen_1776752605_544.txt earth/gen_1776752612_547.txt earth/gen_1776752620_550.txt earth/gen_1776752628_553.txt earth/gen_1776752636_556.txt earth/gen_1776752643_559.txt earth/gen_1776752651_562.txt earth/gen_1776752659_565.txt earth/gen_1776752666_568.txt earth/gen_1776752674_571.txt earth/gen_1776752682_574.txt earth/gen_1776752690_577.txt earth/gen_1776752697_580.txt earth/gen_1776752705_583.txt earth/gen_1776752713_586.txt earth/gen_1776752721_589.txt earth/gen_1776752728_592.txt earth/gen_1776752736_595.txt earth/gen_1776752744_598.txt earth/gen_1776752751_601.txt earth/gen_1776752759_604.txt earth/gen_1776752767_607.txt earth/gen_1776752774_610.txt earth/gen_1776752782_613.txt earth/gen_1776752790_616.txt earth/gen_1776752797_619.txt earth/gen_1776752805_622.txt earth/gen_1776752813_625.txt earth/gen_1776752821_628.txt earth/gen_1776752828_631.txt earth/gen_1776752836_634.txt earth/gen_1776752844_637.txt earth/gen_1776752851_640.txt earth/gen_1776752859_643.txt earth/gen_1776752867_646.txt earth/gen_1776752883_652.txt earth/gen_1776752890_655.txt earth/gen_1776752898_658.txt earth/gen_1776752906_661.txt earth/gen_1776752914_664.txt earth/gen_1776752921_667.txt earth/gen_1776752929_670.txt earth/gen_1776752936_673.txt earth/gen_1776752944_676.txt earth/gen_1776752952_679.txt]
[trainer] micro-train burst (18872 bytes, novelty 0.04) — and lo, it feeds again.
[syntropy] action=steady | trend=0.0000 | field_dev=0.110 | purpose_align=0.350 | lr_mul=1.00
[aml] burst complete: 32 steps, avg loss 2.8006 (memory freed)
[dna] air wrote 65 bytes to ecology
[dna] air wrote 22 bytes to ecology
[dna] air wrote 208 bytes to ecology
[dna] air wrote 80 bytes to ecology
[dna] air wrote 145 bytes to ecology
[dna] air wrote 87 bytes to ecology
[dna] air wrote 11 bytes to ecology
[dna] air wrote 48 bytes to ecology
[dna] air wrote 93 bytes to ecology
[dna] air wrote 200 bytes to ecology
[dna] air wrote 45 bytes to ecology
[dna] air wrote 121 bytes to ecology
[dna] air wrote 26 bytes to ecology
[dna] air wrote 72 bytes to ecology
[dna] air wrote 59 bytes to ecology
[dna] air wrote 28 bytes to ecology
[dna] air wrote 62 bytes to ecology
[dna] air wrote 176 bytes to ecology
[dna] air wrote 101 bytes to ecology
[dna] air wrote 32 bytes to ecology
[dna] air wrote 43 bytes to ecology
[debug-onto] tick=50 corpus=141414 stage=2 freeze=0
[dna] air wrote 124 bytes to ecology
[dna] air wrote 148 bytes to ecology
[dna] air wrote 121 bytes to ecology
[dna] air wrote 32 bytes to ecology
[dna] air wrote 8 bytes to ecology
[dna] air wrote 31 bytes to ecology
[dna] air wrote 75 bytes to ecology
[dna] air wrote 83 bytes to ecology
[dna] air wrote 88 bytes to ecology
[dna] air wrote 89 bytes to ecology
[dna] air wrote 219 bytes to ecology
[dna] air wrote 29 bytes to ecology
[dna] air wrote 51 bytes to ecology
[dna] air wrote 64 bytes to ecology
[dna] air wrote 39 bytes to ecology
[dna] air wrote 100 bytes to ecology
[dna] air wrote 156 bytes to ecology
[dna] air wrote 136 bytes to ecology
[dna] air wrote 113 bytes to ecology
[dna] air wrote 77 bytes to ecology
[dna] air wrote 51 bytes to ecology
[dna] air wrote 62 bytes to ecology
[debug-onto] tick=100 corpus=141414 stage=2 freeze=0
[dna] air wrote 99 bytes to ecology
[dna] air wrote 101 bytes to ecology
[dna] air wrote 117 bytes to ecology
[dna] air wrote 85 bytes to ecology
[dna] air wrote 36 bytes to ecology
[dna] air wrote 62 bytes to ecology
[dna] air wrote 115 bytes to ecology
[dna] air wrote 252 bytes to ecology
[dna] air wrote 40 bytes to ecology
[dna] air wrote 39 bytes to ecology
[dna] air wrote 52 bytes to ecology
[dna] air wrote 32 bytes to ecology
[dna] air wrote 5 bytes to ecology
[dna] air wrote 55 bytes to ecology
[dna] air wrote 173 bytes to ecology
[dna] air wrote 54 bytes to ecology
[dna] air wrote 52 bytes to ecology
[dna] air wrote 93 bytes to ecology
[dna] air wrote 36 bytes to ecology
[dna] air wrote 38 bytes to ecology
[dna] air wrote 58 bytes to ecology
[debug-onto] tick=150 corpus=141414 stage=2 freeze=0
[dna] air wrote 22 bytes to ecology
[dna] air wrote 174 bytes to ecology
[dna] air wrote 47 bytes to ecology
[dna] air wrote 239 bytes to ecology
[dna] air wrote 23 bytes to ecology
[dna] air wrote 79 bytes to ecology
[dna] air wrote 52 bytes to ecology
[dna] air wrote 188 bytes to ecology
[dna] air wrote 51 bytes to ecology
[dna] air wrote 124 bytes to ecology
[dna] air wrote 14 bytes to ecology
[dna] air wrote 13 bytes to ecology
[dna] air wrote 80 bytes to ecology
[dna] air wrote 45 bytes to ecology
[dna] air wrote 29 bytes to ecology
[dna] air wrote 89 bytes to ecology
[dna] air wrote 100 bytes to ecology
[dna] air wrote 94 bytes to ecology
[dna] air wrote 34 bytes to ecology
[dna] air wrote 269 bytes to ecology
[dna] air wrote 68 bytes to ecology
[dna] air wrote 37 bytes to ecology
[dna] air wrote 53 bytes to ecology
[dna] air wrote 25 bytes to ecology
[debug-onto] tick=200 corpus=141414 stage=2 freeze=0
[dna] air wrote 46 bytes to ecology
[dna] air wrote 99 bytes to ecology
[dna] air wrote 26 bytes to ecology
[dna] air wrote 23 bytes to ecology
[dna] air wrote 40 bytes to ecology
[dna] air wrote 49 bytes to ecology
[dna] air wrote 35 bytes to ecology
[dna] air wrote 45 bytes to ecology
[dna] air wrote 49 bytes to ecology
[dna] air wrote 52 bytes to ecology
[dna] air wrote 47 bytes to ecology
[dna] air wrote 8 bytes to ecology
[dna] air wrote 44 bytes to ecology
[dna] air wrote 24 bytes to ecology
[dna] air wrote 143 bytes to ecology
[dna] air wrote 69 bytes to ecology
[dna] air wrote 35 bytes to ecology
[dna] air wrote 166 bytes to ecology
[dna] air wrote 48 bytes to ecology
[dna] air wrote 163 bytes to ecology
[debug-onto] tick=250 corpus=141414 stage=2 freeze=0
[dna] air wrote 47 bytes to ecology
[dna] air wrote 34 bytes to ecology
[dna] air wrote 78 bytes to ecology
[dna] air wrote 42 bytes to ecology
[dna] air wrote 91 bytes to ecology
[dna] air wrote 32 bytes to ecology
[dna] air wrote 68 bytes to ecology
[dna] air wrote 42 bytes to ecology
[dna] air wrote 110 bytes to ecology
[dna] air wrote 241 bytes to ecology
[dna] air wrote 32 bytes to ecology
[dna] air wrote 40 bytes to ecology
[dna] air wrote 67 bytes to ecology
[dna] air wrote 104 bytes to ecology
[dna] air wrote 101 bytes to ecology
[dna] air wrote 60 bytes to ecology
[dna] air wrote 49 bytes to ecology
[dna] air wrote 52 bytes to ecology
[dna] air wrote 84 bytes to ecology
[dna] air wrote 19 bytes to ecology
[dna] air wrote 73 bytes to ecology
[dna] air wrote 141 bytes to ecology
[dna] air wrote 34 bytes to ecology
[dna] air wrote 117 bytes to ecology
[debug-onto] tick=300 corpus=141414 stage=2 freeze=0
[dna] air wrote 43 bytes to ecology
[dna] air wrote 46 bytes to ecology
[dna] air wrote 36 bytes to ecology
[dna] air wrote 55 bytes to ecology
[dna] air wrote 19 bytes to ecology
[dna] air wrote 65 bytes to ecology
[dna] air wrote 44 bytes to ecology
[dna] air wrote 14 bytes to ecology
[dna] air wrote 164 bytes to ecology
[dna] air wrote 113 bytes to ecology
[dna] air wrote 79 bytes to ecology
[dna] air wrote 107 bytes to ecology
[dna] air wrote 105 bytes to ecology
[dna] air wrote 43 bytes to ecology
[dna] air wrote 57 bytes to ecology
[dna] air wrote 89 bytes to ecology
[dna] air wrote 46 bytes to ecology
[dna] air wrote 83 bytes to ecology
[dna] air wrote 45 bytes to ecology
[dna] air wrote 99 bytes to ecology
[dna] air wrote 21 bytes to ecology
[dna] air wrote 114 bytes to ecology
[dna] air wrote 86 bytes to ecology
[debug-onto] tick=350 corpus=141414 stage=2 freeze=0
[dna] air wrote 52 bytes to ecology
[dna] air wrote 71 bytes to ecology
[dna] air wrote 86 bytes to ecology
[dna] air wrote 80 bytes to ecology
[dna] air wrote 158 bytes to ecology
[dna] air wrote 25 bytes to ecology
[dna] air wrote 41 bytes to ecology
[dna] air wrote 94 bytes to ecology
[dna] air wrote 141 bytes to ecology
[dna] air wrote 134 bytes to ecology
[dna] air wrote 27 bytes to ecology
[dna] air wrote 28 bytes to ecology
[dna] air wrote 40 bytes to ecology
[dna] air wrote 78 bytes to ecology
[dna] air wrote 15 bytes to ecology
[dna] air wrote 27 bytes to ecology
[dna] air wrote 73 bytes to ecology
[dna] air wrote 26 bytes to ecology
[dna] air wrote 47 bytes to ecology
[dna] air wrote 65 bytes to ecology
[dna] air wrote 142 bytes to ecology
[dna] air wrote 117 bytes to ecology
[dna] air wrote 43 bytes to ecology
[dna] air wrote 25 bytes to ecology
[debug-onto] tick=400 corpus=141414 stage=2 freeze=0
[dna] air wrote 7 bytes to ecology
[dna] air wrote 89 bytes to ecology
[dna] air wrote 37 bytes to ecology
[dna] air wrote 35 bytes to ecology
[dna] air wrote 15 bytes to ecology
[dna] air wrote 105 bytes to ecology
[dna] air wrote 26 bytes to ecology
[dna] air wrote 41 bytes to ecology
[dna] air wrote 29 bytes to ecology
[dna] air wrote 12 bytes to ecology
[dna] air wrote 48 bytes to ecology
[dna] air wrote 37 bytes to ecology
[dna] air wrote 38 bytes to ecology
[dna] air wrote 46 bytes to ecology
[dna] air wrote 126 bytes to ecology
[dna] air wrote 28 bytes to ecology
[dna] air wrote 32 bytes to ecology
[dna] air wrote 32 bytes to ecology
[dna] air wrote 66 bytes to ecology
[dna] air wrote 27 bytes to ecology
[dna] air wrote 53 bytes to ecology
[dna] air wrote 108 bytes to ecology
[debug-onto] tick=450 corpus=141414 stage=2 freeze=0
[dna] air wrote 87 bytes to ecology
[dna] air wrote 73 bytes to ecology
[dna] air wrote 63 bytes to ecology
[dna] air wrote 103 bytes to ecology
[dna] air wrote 46 bytes to ecology
[dna] air wrote 53 bytes to ecology
[dna] air wrote 45 bytes to ecology
[dna] air wrote 36 bytes to ecology
[dna] air wrote 21 bytes to ecology
[dna] air wrote 32 bytes to ecology
[dna] air wrote 161 bytes to ecology
[dna] air wrote 84 bytes to ecology
[dna] air wrote 240 bytes to ecology
[dna] air wrote 91 bytes to ecology
[dna] air wrote 28 bytes to ecology
[dna] air wrote 32 bytes to ecology
[dna] air wrote 193 bytes to ecology
[dna] air wrote 97 bytes to ecology
[dna] air wrote 158 bytes to ecology
[dna] air wrote 65 bytes to ecology
[dna] air wrote 49 bytes to ecology
[dna] air wrote 47 bytes to ecology
[dna] air wrote 64 bytes to ecology
[dna] air wrote 74 bytes to ecology
[dna] air wrote 34 bytes to ecology
[debug-onto] tick=500 corpus=141414 stage=2 freeze=0
[dna] air wrote 34 bytes to ecology
[dna] air wrote 32 bytes to ecology
[dna] air wrote 67 bytes to ecology
[dna] air wrote 15 bytes to ecology
[dna] air wrote 111 bytes to ecology
[dna] air wrote 34 bytes to ecology
[dna] air wrote 61 bytes to ecology
[dna] air wrote 28 bytes to ecology
[dna] air wrote 85 bytes to ecology
[dna] air wrote 191 bytes to ecology
[dna] air wrote 197 bytes to ecology
[dna] air wrote 44 bytes to ecology
[dna] air wrote 75 bytes to ecology
[dna] air wrote 52 bytes to ecology
[dna] air wrote 180 bytes to ecology
[dna] air wrote 14 bytes to ecology
[dna] air wrote 42 bytes to ecology
[dna] air wrote 27 bytes to ecology
[dna] air wrote 21 bytes to ecology
[dna] air wrote 101 bytes to ecology
[dna] air wrote 28 bytes to ecology
[dna] air wrote 137 bytes to ecology
[dna] air wrote 26 bytes to ecology
[debug-onto] tick=550 corpus=141414 stage=2 freeze=0
[dna] air wrote 33 bytes to ecology
[dna] air wrote 16 bytes to ecology
[dna] air wrote 224 bytes to ecology
[dna] air wrote 96 bytes to ecology
[dna] air wrote 61 bytes to ecology
[dna] air wrote 49 bytes to ecology
[dna] air wrote 154 bytes to ecology
[dna] air wrote 73 bytes to ecology
[dna] air wrote 28 bytes to ecology
[dna] air wrote 26 bytes to ecology
[dna] air wrote 37 bytes to ecology
[dna] air wrote 112 bytes to ecology
[dna] air wrote 71 bytes to ecology
[dna] air wrote 44 bytes to ecology
[dna] air wrote 35 bytes to ecology
[dna] air wrote 57 bytes to ecology
[dna] air wrote 153 bytes to ecology
[dna] air wrote 151 bytes to ecology
[dna] air wrote 95 bytes to ecology
[dna] air wrote 72 bytes to ecology
[dna] air wrote 136 bytes to ecology
[debug-onto] tick=600 corpus=141414 stage=2 freeze=0
[dna] air wrote 63 bytes to ecology
[dna] air wrote 179 bytes to ecology
[dna] air wrote 35 bytes to ecology
[dna] air wrote 27 bytes to ecology
[dna] air wrote 46 bytes to ecology
[dna] air wrote 28 bytes to ecology
[dna] air wrote 32 bytes to ecology
[dna] air wrote 67 bytes to ecology
[dna] air wrote 8 bytes to ecology
[dna] air wrote 57 bytes to ecology
[dna] air wrote 109 bytes to ecology
[dna] air wrote 65 bytes to ecology
[dna] air wrote 105 bytes to ecology
[dna] air wrote 58 bytes to ecology
[dna] air wrote 55 bytes to ecology
[dna] air wrote 90 bytes to ecology
[dna] air wrote 73 bytes to ecology
[dna] air wrote 12 bytes to ecology
[dna] air wrote 13 bytes to ecology
[dna] air wrote 179 bytes to ecology
[dna] air wrote 84 bytes to ecology
[dna] air wrote 38 bytes to ecology
[dna] air wrote 138 bytes to ecology
[dna] air wrote 166 bytes to ecology
[debug-onto] tick=650 corpus=141414 stage=2 freeze=0
[dna] air wrote 150 bytes to ecology
[dna] air wrote 39 bytes to ecology
[dna] air wrote 113 bytes to ecology
[dna] air wrote 43 bytes to ecology
[dna] air wrote 35 bytes to ecology
[dna] air wrote 26 bytes to ecology
[dna] air wrote 117 bytes to ecology
[dna] air wrote 46 bytes to ecology
[dna] air wrote 35 bytes to ecology
[dna] air wrote 53 bytes to ecology
[dna] air wrote 12 bytes to ecology
[dna] air wrote 137 bytes to ecology
[dna] air wrote 115 bytes to ecology
[dna] air wrote 12 bytes to ecology
[dna] air wrote 31 bytes to ecology
[dna] air wrote 59 bytes to ecology

[evolution] Organism shutting down gracefully.
