[ecology] Element: earth → corpus: nonames_earth.txt
[evolution] Autonomous evolution mode — organism will grow through all stages without pause.
[init] Stage 0 (embryo): embd=16, layer=1, head=1 — warmup 400 steps (400 backprop + 0 notorch, sqrt-scaled 1x)
  [aml] step 0/160 | loss 6.5629 (avg 6.5629) | lr 0.001000 | seq 8
  [aml] step 10/160 | loss 6.1691 (avg 6.4700) | lr 0.001450 | seq 8
  [aml] step 20/160 | loss 6.2169 (avg 6.3202) | lr 0.001900 | seq 8
  [aml] step 30/160 | loss 5.7437 (avg 6.2054) | lr 0.002350 | seq 8
  [aml] step 40/160 | loss 5.4315 (avg 6.0941) | lr 0.002800 | seq 8
  [aml] step 50/160 | loss 4.6841 (avg 5.9323) | lr 0.003250 | seq 8
  [aml] step 60/160 | loss 4.9119 (avg 5.7663) | lr 0.003700 | seq 8
  [aml] step 70/160 | loss 5.3865 (avg 5.6604) | lr 0.004150 | seq 8
  [aml] step 80/160 | loss 3.0062 (avg 5.5374) | lr 0.004600 | seq 8
  [aml] step 90/160 | loss 4.3512 (avg 5.3985) | lr 0.005050 | seq 8
  [aml] step 100/160 | loss 4.7057 (avg 5.3074) | lr 0.005500 | seq 8
  [aml] step 110/160 | loss 5.1998 (avg 5.1727) | lr 0.005950 | seq 8
  [aml] step 120/160 | loss 4.2636 (avg 5.1097) | lr 0.006400 | seq 8
  [aml] step 130/160 | loss 4.2234 (avg 5.0593) | lr 0.006850 | seq 8
  [aml] step 140/160 | loss 2.9581 (avg 5.0120) | lr 0.007300 | seq 8
  [aml] step 150/160 | loss 2.7436 (avg 4.9843) | lr 0.007750 | seq 8
[aml] training complete: 160 steps, avg loss 4.9403 (memory freed)
  [aml] step 0/120 | loss 4.6031 (avg 4.6031) | lr 0.008200 | seq 16
  [aml] step 10/120 | loss 4.3915 (avg 4.4961) | lr 0.008650 | seq 16
  [aml] step 20/120 | loss 3.4260 (avg 4.5046) | lr 0.009100 | seq 16
  [aml] step 30/120 | loss 3.5720 (avg 4.2940) | lr 0.009550 | seq 16
  [aml] step 40/120 | loss 3.2375 (avg 4.3374) | lr 0.010000 | seq 16
  [aml] step 50/120 | loss 3.1456 (avg 4.3440) | lr 0.010000 | seq 16
  [aml] step 60/120 | loss 4.1826 (avg 4.3470) | lr 0.010000 | seq 16
  [aml] step 70/120 | loss 4.2100 (avg 4.2828) | lr 0.010000 | seq 16
  [aml] step 80/120 | loss 4.9623 (avg 4.2395) | lr 0.009999 | seq 16
  [aml] step 90/120 | loss 4.7493 (avg 4.1390) | lr 0.009999 | seq 16
  [aml] step 100/120 | loss 4.6116 (avg 4.0907) | lr 0.009999 | seq 16
  [aml] step 110/120 | loss 5.4514 (avg 4.0197) | lr 0.009999 | seq 16
[aml] training complete: 120 steps, avg loss 4.0259 (memory freed)
  [aml] step 0/120 | loss 2.4793 (avg 2.4793) | lr 0.009999 | seq 32
  [aml] step 10/120 | loss 4.7815 (avg 3.9155) | lr 0.009999 | seq 32
  [aml] step 20/120 | loss 4.3792 (avg 3.7968) | lr 0.009999 | seq 32
  [aml] step 30/120 | loss 3.7303 (avg 3.5210) | lr 0.009999 | seq 32
  [aml] step 40/120 | loss 3.9350 (avg 3.4618) | lr 0.009999 | seq 32
  [aml] step 50/120 | loss 3.8641 (avg 3.4288) | lr 0.009999 | seq 32
  [aml] step 60/120 | loss 2.9789 (avg 3.3717) | lr 0.009999 | seq 32
  [aml] step 70/120 | loss 1.4205 (avg 3.3410) | lr 0.009999 | seq 32
  [aml] step 80/120 | loss 4.5462 (avg 3.3361) | lr 0.009999 | seq 32
  [aml] step 90/120 | loss 1.5190 (avg 3.2811) | lr 0.009999 | seq 32
  [aml] step 100/120 | loss 0.7947 (avg 3.2877) | lr 0.009999 | seq 32
  [aml] step 110/120 | loss 0.9347 (avg 3.1655) | lr 0.009999 | seq 32
[aml] training complete: 120 steps, avg loss 3.0665 (memory freed)

[stage 0 — embryo] What it sounds like now:
  Q: Hello.
  A: M the s are not across layers.
  Q: Who are you?
  A: ...
  Q: What do you know?
  A: ??

[growth] ONTOGENESIS: stage 0 -> 1
  embd: 16 -> 32, layer: 1 -> 1, head: 1 -> 2
[growth] Done. Freeze for 500 steps.
[init] Stage 1 (infant): embd=32, layer=1, head=2 — warmup 800 steps (800 backprop + 0 notorch, sqrt-scaled 2x)
  [aml] step 0/320 | loss 5.6184 (avg 5.6184) | lr 0.000500 | seq 8
  [aml] step 10/320 | loss 2.5465 (avg 4.7968) | lr 0.000725 | seq 8
  [aml] step 20/320 | loss 4.6490 (avg 4.4983) | lr 0.000950 | seq 8
  [aml] step 30/320 | loss 5.3247 (avg 4.4710) | lr 0.001175 | seq 8
  [aml] step 40/320 | loss 0.3469 (avg 4.1791) | lr 0.001400 | seq 8
  [aml] step 50/320 | loss 2.2146 (avg 3.9140) | lr 0.001625 | seq 8
  [aml] step 60/320 | loss 3.4375 (avg 3.9740) | lr 0.001850 | seq 8
  [aml] step 70/320 | loss 2.9574 (avg 3.9436) | lr 0.002075 | seq 8
  [aml] step 80/320 | loss 3.1795 (avg 3.9692) | lr 0.002300 | seq 8
  [aml] step 90/320 | loss 4.6356 (avg 4.0543) | lr 0.002525 | seq 8
  [aml] step 100/320 | loss 3.2196 (avg 4.0779) | lr 0.002750 | seq 8
  [aml] step 110/320 | loss 4.7795 (avg 4.0884) | lr 0.002975 | seq 8
  [aml] step 120/320 | loss 0.5804 (avg 4.0315) | lr 0.003200 | seq 8
  [aml] step 130/320 | loss 3.8763 (avg 4.0123) | lr 0.003425 | seq 8
  [aml] step 140/320 | loss 3.5491 (avg 3.9739) | lr 0.003650 | seq 8
  [aml] step 150/320 | loss 2.6231 (avg 3.9633) | lr 0.003875 | seq 8
  [aml] step 160/320 | loss 3.2593 (avg 3.9888) | lr 0.004100 | seq 8
  [aml] step 170/320 | loss 5.1251 (avg 3.9957) | lr 0.004325 | seq 8
  [aml] step 180/320 | loss 3.9158 (avg 3.9811) | lr 0.004550 | seq 8
  [aml] step 190/320 | loss 4.1556 (avg 3.9809) | lr 0.004775 | seq 8
  [aml] step 200/320 | loss 2.8227 (avg 3.9586) | lr 0.004998 | seq 8
  [aml] step 210/320 | loss 4.1060 (avg 3.9417) | lr 0.004998 | seq 8
  [aml] step 220/320 | loss 2.5158 (avg 3.8989) | lr 0.004998 | seq 8
  [aml] step 230/320 | loss 4.8259 (avg 3.9236) | lr 0.004998 | seq 8
  [aml] step 240/320 | loss 5.7971 (avg 3.9152) | lr 0.004998 | seq 8
  [aml] step 250/320 | loss 3.5398 (avg 3.8815) | lr 0.004998 | seq 8
  [aml] step 260/320 | loss 4.9742 (avg 3.8932) | lr 0.004998 | seq 8
  [aml] step 270/320 | loss 5.2471 (avg 3.8746) | lr 0.004998 | seq 8
  [aml] step 280/320 | loss 5.4117 (avg 3.8533) | lr 0.004998 | seq 8
  [aml] step 290/320 | loss 2.3831 (avg 3.8047) | lr 0.004998 | seq 8
  [aml] step 300/320 | loss 4.2368 (avg 3.8036) | lr 0.004998 | seq 8
  [aml] step 310/320 | loss 3.0145 (avg 3.7966) | lr 0.004998 | seq 8
[aml] training complete: 320 steps, avg loss 3.7837 (memory freed)
  [aml] step 0/240 | loss 4.1720 (avg 4.1720) | lr 0.004998 | seq 16
  [aml] step 10/240 | loss 3.3989 (avg 3.8105) | lr 0.004998 | seq 16
  [aml] step 20/240 | loss 2.4988 (avg 3.8386) | lr 0.004998 | seq 16
  [aml] step 30/240 | loss 4.8302 (avg 3.7261) | lr 0.004998 | seq 16
  [aml] step 40/240 | loss 1.4919 (avg 3.5999) | lr 0.004997 | seq 16
  [aml] step 50/240 | loss 3.4652 (avg 3.6435) | lr 0.004997 | seq 16
  [aml] step 60/240 | loss 3.1000 (avg 3.5801) | lr 0.004997 | seq 16
  [aml] step 70/240 | loss 4.3320 (avg 3.5329) | lr 0.004997 | seq 16
  [aml] step 80/240 | loss 3.9711 (avg 3.4453) | lr 0.004997 | seq 16
  [aml] step 90/240 | loss 5.2393 (avg 3.4122) | lr 0.004997 | seq 16
  [aml] step 100/240 | loss 3.3793 (avg 3.3693) | lr 0.004997 | seq 16
  [aml] step 110/240 | loss 4.2839 (avg 3.3611) | lr 0.004997 | seq 16
  [aml] step 120/240 | loss 4.0791 (avg 3.3410) | lr 0.004997 | seq 16
  [aml] step 130/240 | loss 2.3410 (avg 3.3001) | lr 0.004997 | seq 16
  [aml] step 140/240 | loss 2.1752 (avg 3.2579) | lr 0.004997 | seq 16
  [aml] step 150/240 | loss 2.2448 (avg 3.2552) | lr 0.004997 | seq 16
  [aml] step 160/240 | loss 2.8441 (avg 3.1980) | lr 0.004997 | seq 16
  [aml] step 170/240 | loss 4.6963 (avg 3.2361) | lr 0.004996 | seq 16
  [aml] step 180/240 | loss 1.7203 (avg 3.2158) | lr 0.004996 | seq 16
  [aml] step 190/240 | loss 3.8593 (avg 3.2145) | lr 0.004996 | seq 16
  [aml] step 200/240 | loss 1.6532 (avg 3.2056) | lr 0.004996 | seq 16
  [aml] step 210/240 | loss 4.1601 (avg 3.2173) | lr 0.004996 | seq 16
  [aml] step 220/240 | loss 3.3083 (avg 3.2289) | lr 0.004996 | seq 16
  [aml] step 230/240 | loss 4.9752 (avg 3.2516) | lr 0.004996 | seq 16
[aml] training complete: 240 steps, avg loss 3.2551 (memory freed)
  [aml] step 0/240 | loss 1.4262 (avg 1.4262) | lr 0.004996 | seq 32
  [aml] step 10/240 | loss 1.9162 (avg 2.9896) | lr 0.004996 | seq 32
  [aml] step 20/240 | loss 4.6457 (avg 3.2280) | lr 0.004996 | seq 32
  [aml] step 30/240 | loss 4.0269 (avg 3.2508) | lr 0.004996 | seq 32
  [aml] step 40/240 | loss 4.2765 (avg 3.0302) | lr 0.004996 | seq 32
  [aml] step 50/240 | loss 1.1986 (avg 2.8554) | lr 0.004995 | seq 32
  [aml] step 60/240 | loss 1.0243 (avg 2.9703) | lr 0.004995 | seq 32
  [aml] step 70/240 | loss 1.5588 (avg 3.0124) | lr 0.004995 | seq 32
  [aml] step 80/240 | loss 1.2406 (avg 3.0423) | lr 0.004995 | seq 32
  [aml] step 90/240 | loss 4.1714 (avg 3.0349) | lr 0.004995 | seq 32
  [aml] step 100/240 | loss 3.7415 (avg 2.9599) | lr 0.004995 | seq 32
  [aml] step 110/240 | loss 1.5193 (avg 2.9908) | lr 0.004995 | seq 32
  [aml] step 120/240 | loss 4.1624 (avg 2.9811) | lr 0.004995 | seq 32
  [aml] step 130/240 | loss 4.5281 (avg 3.0309) | lr 0.004995 | seq 32
  [aml] step 140/240 | loss 3.7650 (avg 2.9969) | lr 0.004995 | seq 32
  [aml] step 150/240 | loss 0.5407 (avg 2.9535) | lr 0.004995 | seq 32
  [aml] step 160/240 | loss 3.6521 (avg 2.9329) | lr 0.004994 | seq 32
  [aml] step 170/240 | loss 0.3465 (avg 2.9145) | lr 0.004994 | seq 32
  [aml] step 180/240 | loss 4.2143 (avg 2.9007) | lr 0.004994 | seq 32
  [aml] step 190/240 | loss 1.3010 (avg 2.8940) | lr 0.004994 | seq 32
  [aml] step 200/240 | loss 3.5594 (avg 2.8700) | lr 0.004994 | seq 32
  [aml] step 210/240 | loss 4.5324 (avg 2.8686) | lr 0.004994 | seq 32
  [aml] step 220/240 | loss 0.6342 (avg 2.8497) | lr 0.004994 | seq 32
  [aml] step 230/240 | loss 0.6038 (avg 2.8277) | lr 0.004994 | seq 32
[aml] training complete: 240 steps, avg loss 2.8044 (memory freed)

[stage 1 — infant] What it sounds like now:
  Q: Hello.
  A: is a crust stream flows repose soil's a fine parent from the full base it does not because it does not characterized mes giving and a rivers slip of the waterion is the sea structure to the surfaceditions.
  Q: Who are you?
  A: ...
  Q: What do you know?
  A: is a current me things from the water rules.

[growth] ONTOGENESIS: stage 1 -> 2
  embd: 32 -> 64, layer: 1 -> 2, head: 2 -> 4
[growth] Done. Freeze for 500 steps.
[init] Stage 2 (child): embd=64, layer=2, head=4 — warmup 800 steps (800 backprop + 0 notorch, sqrt-scaled 2x)
  [aml] step 0/320 | loss 5.1369 (avg 5.1369) | lr 0.000250 | seq 8
  [aml] step 10/320 | loss 0.4663 (avg 3.1250) | lr 0.000363 | seq 8
  [aml] step 20/320 | loss 1.2055 (avg 3.5754) | lr 0.000475 | seq 8
  [aml] step 30/320 | loss 2.7321 (avg 3.5390) | lr 0.000588 | seq 8
  [aml] step 40/320 | loss 5.1953 (avg 3.6765) | lr 0.000700 | seq 8
  [aml] step 50/320 | loss 3.9135 (avg 3.5047) | lr 0.000813 | seq 8
  [aml] step 60/320 | loss 2.2116 (avg 3.4673) | lr 0.000925 | seq 8
  [aml] step 70/320 | loss 4.5577 (avg 3.4325) | lr 0.001038 | seq 8
  [aml] step 80/320 | loss 4.0960 (avg 3.4273) | lr 0.001150 | seq 8
  [aml] step 90/320 | loss 3.8968 (avg 3.3536) | lr 0.001263 | seq 8
  [aml] step 100/320 | loss 3.5401 (avg 3.3698) | lr 0.001375 | seq 8
  [aml] step 110/320 | loss 3.5299 (avg 3.3899) | lr 0.001488 | seq 8
  [aml] step 120/320 | loss 0.8081 (avg 3.3515) | lr 0.001600 | seq 8
  [aml] step 130/320 | loss 1.4976 (avg 3.3187) | lr 0.001713 | seq 8
  [aml] step 140/320 | loss 4.4843 (avg 3.3176) | lr 0.001825 | seq 8
  [aml] step 150/320 | loss 3.7145 (avg 3.3041) | lr 0.001938 | seq 8
  [aml] step 160/320 | loss 2.4942 (avg 3.3230) | lr 0.002050 | seq 8
  [aml] step 170/320 | loss 2.2576 (avg 3.3569) | lr 0.002163 | seq 8
  [aml] step 180/320 | loss 2.3940 (avg 3.3425) | lr 0.002275 | seq 8
  [aml] step 190/320 | loss 4.8136 (avg 3.3275) | lr 0.002387 | seq 8
  [aml] step 200/320 | loss 0.3799 (avg 3.3408) | lr 0.002496 | seq 8
  [aml] step 210/320 | loss 2.4344 (avg 3.3378) | lr 0.002496 | seq 8
  [aml] step 220/320 | loss 1.2841 (avg 3.3341) | lr 0.002496 | seq 8
  [aml] step 230/320 | loss 1.9176 (avg 3.3279) | lr 0.002495 | seq 8
  [aml] step 240/320 | loss 2.2581 (avg 3.3351) | lr 0.002495 | seq 8
  [aml] step 250/320 | loss 3.3334 (avg 3.3156) | lr 0.002495 | seq 8
  [aml] step 260/320 | loss 1.5298 (avg 3.2899) | lr 0.002495 | seq 8
  [aml] step 270/320 | loss 0.8390 (avg 3.2870) | lr 0.002495 | seq 8
  [aml] step 280/320 | loss 5.3192 (avg 3.3249) | lr 0.002495 | seq 8
  [aml] step 290/320 | loss 4.3361 (avg 3.3454) | lr 0.002495 | seq 8
  [aml] step 300/320 | loss 4.1848 (avg 3.3323) | lr 0.002495 | seq 8
  [aml] step 310/320 | loss 2.1490 (avg 3.3201) | lr 0.002495 | seq 8
[aml] training complete: 320 steps, avg loss 3.3363 (memory freed)
  [aml] step 0/240 | loss 2.4094 (avg 2.4094) | lr 0.002495 | seq 16
  [aml] step 10/240 | loss 4.6298 (avg 3.5721) | lr 0.002495 | seq 16
  [aml] step 20/240 | loss 1.8229 (avg 2.5896) | lr 0.002495 | seq 16
  [aml] step 30/240 | loss 2.7915 (avg 2.7916) | lr 0.002495 | seq 16
  [aml] step 40/240 | loss 4.7837 (avg 3.1221) | lr 0.002495 | seq 16
  [aml] step 50/240 | loss 2.1195 (avg 3.0818) | lr 0.002495 | seq 16
  [aml] step 60/240 | loss 2.9880 (avg 3.0357) | lr 0.002494 | seq 16
  [aml] step 70/240 | loss 1.1147 (avg 3.0826) | lr 0.002494 | seq 16
  [aml] step 80/240 | loss 1.5880 (avg 3.0474) | lr 0.002494 | seq 16
  [aml] step 90/240 | loss 2.0363 (avg 3.0904) | lr 0.002494 | seq 16
  [aml] step 100/240 | loss 5.0620 (avg 3.1681) | lr 0.002494 | seq 16
  [aml] step 110/240 | loss 4.6169 (avg 3.2065) | lr 0.002494 | seq 16
  [aml] step 120/240 | loss 4.2720 (avg 3.2466) | lr 0.002494 | seq 16
  [aml] step 130/240 | loss 4.1653 (avg 3.1818) | lr 0.002494 | seq 16
  [aml] step 140/240 | loss 1.8296 (avg 3.1301) | lr 0.002494 | seq 16
  [aml] step 150/240 | loss 2.1385 (avg 3.1475) | lr 0.002494 | seq 16
  [aml] step 160/240 | loss 2.0682 (avg 3.1011) | lr 0.002494 | seq 16
  [aml] step 170/240 | loss 1.6451 (avg 3.0630) | lr 0.002494 | seq 16
  [aml] step 180/240 | loss 3.6686 (avg 3.0643) | lr 0.002494 | seq 16
  [aml] step 190/240 | loss 4.6647 (avg 3.0909) | lr 0.002494 | seq 16
  [aml] step 200/240 | loss 1.3726 (avg 3.0834) | lr 0.002493 | seq 16
  [aml] step 210/240 | loss 1.6409 (avg 3.0723) | lr 0.002493 | seq 16
  [aml] step 220/240 | loss 4.0417 (avg 3.0720) | lr 0.002493 | seq 16
  [aml] step 230/240 | loss 1.6336 (avg 3.0315) | lr 0.002493 | seq 16
[aml] training complete: 240 steps, avg loss 3.0637 (memory freed)
  [aml] step 0/240 | loss 1.6136 (avg 1.6136) | lr 0.002493 | seq 32
  [aml] step 10/240 | loss 0.4389 (avg 2.0647) | lr 0.002493 | seq 32
  [aml] step 20/240 | loss 2.3127 (avg 2.0884) | lr 0.002493 | seq 32
  [aml] step 30/240 | loss 4.0359 (avg 2.2801) | lr 0.002493 | seq 32
  [aml] step 40/240 | loss 4.1899 (avg 2.3818) | lr 0.002493 | seq 32
  [aml] step 50/240 | loss 4.7208 (avg 2.3491) | lr 0.002493 | seq 32
  [aml] step 60/240 | loss 4.3108 (avg 2.4436) | lr 0.002493 | seq 32
  [aml] step 70/240 | loss 3.9644 (avg 2.4721) | lr 0.002493 | seq 32
  [aml] step 80/240 | loss 4.8095 (avg 2.5642) | lr 0.002492 | seq 32
  [aml] step 90/240 | loss 4.6029 (avg 2.6139) | lr 0.002492 | seq 32
  [aml] step 100/240 | loss 4.2127 (avg 2.5721) | lr 0.002492 | seq 32
  [aml] step 110/240 | loss 2.2476 (avg 2.5865) | lr 0.002492 | seq 32
  [aml] step 120/240 | loss 4.1829 (avg 2.6071) | lr 0.002492 | seq 32
  [aml] step 130/240 | loss 4.6137 (avg 2.6429) | lr 0.002492 | seq 32
  [aml] step 140/240 | loss 0.9222 (avg 2.6485) | lr 0.002492 | seq 32
  [aml] step 150/240 | loss 1.3928 (avg 2.6398) | lr 0.002492 | seq 32
  [aml] step 160/240 | loss 1.4947 (avg 2.6111) | lr 0.002492 | seq 32
  [aml] step 170/240 | loss 0.6107 (avg 2.6494) | lr 0.002492 | seq 32
  [aml] step 180/240 | loss 1.5248 (avg 2.6461) | lr 0.002492 | seq 32
  [aml] step 190/240 | loss 4.0383 (avg 2.6415) | lr 0.002492 | seq 32
  [aml] step 200/240 | loss 0.9922 (avg 2.6285) | lr 0.002491 | seq 32
  [aml] step 210/240 | loss 0.8038 (avg 2.6319) | lr 0.002491 | seq 32
  [aml] step 220/240 | loss 3.9337 (avg 2.6146) | lr 0.002491 | seq 32
  [aml] step 230/240 | loss 1.2618 (avg 2.5810) | lr 0.002491 | seq 32
[aml] training complete: 240 steps, avg loss 2.5473 (memory freed)

[stage 2 — child] What it sounds like now:
  Q: Hello.
  A: The provides a river that cliff face.
  Q: Who are you?
  A: ...
  Q: What do you know?
  A: ...

[init] Warmup complete at stage 2. Organism ready.
[ecology] First organism in the swarm.
molequla is alive. [evolution] Autonomous mode — background trainer running. Ctrl+C to stop.
[dna] earth wrote 103 bytes to ecology
[dna] earth wrote 52 bytes to ecology
[dna] earth wrote 75 bytes to ecology
[dna] earth wrote 194 bytes to ecology
[dna] earth wrote 25 bytes to ecology
[dna] earth wrote 150 bytes to ecology
[dna] earth wrote 175 bytes to ecology
[dna] earth wrote 34 bytes to ecology
[dna] earth wrote 100 bytes to ecology
[dna] earth wrote 82 bytes to ecology
[dna] earth wrote 19 bytes to ecology
[dna] earth wrote 33 bytes to ecology
[dna] earth wrote 59 bytes to ecology
[dna] earth wrote 64 bytes to ecology
[dna] earth wrote 63 bytes to ecology
[dna] earth wrote 47 bytes to ecology
[dna] earth wrote 27 bytes to ecology
[debug-onto] tick=50 corpus=173643 stage=2 freeze=0
[dna] earth wrote 151 bytes to ecology
[dna] earth wrote 141 bytes to ecology
[dna] earth wrote 32 bytes to ecology
[dna] earth wrote 61 bytes to ecology
[dna] earth wrote 124 bytes to ecology
[dna] earth wrote 318 bytes to ecology
[dna] earth wrote 72 bytes to ecology
[dna] earth wrote 32 bytes to ecology
[dna] earth wrote 96 bytes to ecology
[dna] earth wrote 89 bytes to ecology
[dna] earth wrote 216 bytes to ecology
[dna] earth wrote 84 bytes to ecology
[dna] earth wrote 89 bytes to ecology
[dna] earth wrote 18 bytes to ecology
[dna] earth wrote 33 bytes to ecology
[dna] earth wrote 18 bytes to ecology
[dna] earth wrote 116 bytes to ecology
[debug-onto] tick=100 corpus=173643 stage=2 freeze=0
[dna] earth wrote 74 bytes to ecology
[dna] earth wrote 65 bytes to ecology
[dna] earth wrote 175 bytes to ecology
[dna] earth wrote 113 bytes to ecology
[dna] earth wrote 252 bytes to ecology
[dna] earth wrote 25 bytes to ecology
[dna] earth wrote 102 bytes to ecology
[dna] earth wrote 13 bytes to ecology
[dna] earth wrote 105 bytes to ecology
[dna] earth wrote 56 bytes to ecology
[dna] earth wrote 72 bytes to ecology
[dna] earth wrote 64 bytes to ecology
[dna] earth wrote 44 bytes to ecology
[dna] earth wrote 22 bytes to ecology
[dna] earth wrote 142 bytes to ecology
[dna] earth wrote 48 bytes to ecology
[debug-onto] tick=150 corpus=173643 stage=2 freeze=0
[dna] earth wrote 55 bytes to ecology
[dna] earth wrote 36 bytes to ecology
[dna] earth wrote 32 bytes to ecology
[dna] earth wrote 36 bytes to ecology
[dna] earth wrote 45 bytes to ecology
[dna] earth wrote 75 bytes to ecology
[dna] earth wrote 73 bytes to ecology
[dna] earth wrote 40 bytes to ecology
[dna] earth wrote 76 bytes to ecology
[dna] earth wrote 165 bytes to ecology
[dna] earth wrote 92 bytes to ecology
[dna] earth wrote 125 bytes to ecology
[dna] earth wrote 84 bytes to ecology
[dna] earth wrote 37 bytes to ecology
[dna] earth wrote 103 bytes to ecology
[dna] earth wrote 109 bytes to ecology
[dna] earth wrote 86 bytes to ecology
[debug-onto] tick=200 corpus=173643 stage=2 freeze=0
[dna] earth wrote 20 bytes to ecology
[dna] earth wrote 55 bytes to ecology
[dna] earth wrote 82 bytes to ecology
[dna] earth wrote 50 bytes to ecology
[dna] earth wrote 60 bytes to ecology
[dna] earth wrote 110 bytes to ecology
[dna] earth wrote 30 bytes to ecology
[dna] earth wrote 100 bytes to ecology
[dna] earth wrote 225 bytes to ecology
[dna] earth wrote 99 bytes to ecology
[dna] earth wrote 40 bytes to ecology
[dna] earth wrote 11 bytes to ecology
[dna] earth wrote 93 bytes to ecology
[dna] earth wrote 62 bytes to ecology
[dna] earth wrote 89 bytes to ecology
[dna] earth wrote 64 bytes to ecology
[dna] earth wrote 60 bytes to ecology
[debug-onto] tick=250 corpus=173643 stage=2 freeze=0
[dna] earth wrote 58 bytes to ecology
[dna] earth wrote 50 bytes to ecology
[dna] earth wrote 63 bytes to ecology
[dna] earth wrote 142 bytes to ecology
[dna] earth wrote 196 bytes to ecology
[dna] earth wrote 36 bytes to ecology
[dna] earth wrote 84 bytes to ecology
[dna] earth wrote 20 bytes to ecology
[dna] earth wrote 102 bytes to ecology
[dna] earth wrote 61 bytes to ecology
[dna] earth wrote 227 bytes to ecology
[dna] earth wrote 202 bytes to ecology
[dna] earth wrote 168 bytes to ecology
[dna] earth wrote 47 bytes to ecology
[dna] earth wrote 35 bytes to ecology
[dna] earth wrote 265 bytes to ecology
[debug-onto] tick=300 corpus=173643 stage=2 freeze=0
[dna] earth wrote 65 bytes to ecology
[dna] earth wrote 41 bytes to ecology
[dna] earth wrote 215 bytes to ecology
[dna] earth wrote 177 bytes to ecology
[dna] earth wrote 45 bytes to ecology
[dna] earth wrote 78 bytes to ecology
[dna] earth wrote 71 bytes to ecology
[dna] earth wrote 45 bytes to ecology
[dna] earth wrote 174 bytes to ecology
[dna] earth wrote 62 bytes to ecology
[dna] earth wrote 33 bytes to ecology
[dna] earth wrote 47 bytes to ecology
[dna] earth wrote 65 bytes to ecology
[dna] earth wrote 79 bytes to ecology
[dna] earth wrote 252 bytes to ecology
[dna] earth wrote 104 bytes to ecology
[dna] earth wrote 72 bytes to ecology
[debug-onto] tick=350 corpus=173643 stage=2 freeze=0
[dna] earth wrote 56 bytes to ecology
[dna] earth wrote 34 bytes to ecology
[dna] earth wrote 45 bytes to ecology
[dna] earth wrote 75 bytes to ecology
[dna] earth wrote 68 bytes to ecology
[dna] earth wrote 42 bytes to ecology
[dna] earth wrote 56 bytes to ecology
[dna] earth wrote 27 bytes to ecology
[dna] earth wrote 86 bytes to ecology
[dna] earth wrote 169 bytes to ecology
[dna] earth wrote 108 bytes to ecology
[dna] earth wrote 57 bytes to ecology
[dna] earth wrote 88 bytes to ecology
[dna] earth wrote 45 bytes to ecology
[dna] earth wrote 26 bytes to ecology
[dna] earth wrote 81 bytes to ecology
[dna] earth wrote 93 bytes to ecology
[debug-onto] tick=400 corpus=173643 stage=2 freeze=0
[dna] earth wrote 88 bytes to ecology
[dna] earth wrote 131 bytes to ecology
[dna] earth wrote 143 bytes to ecology
[dna] earth wrote 107 bytes to ecology
[dna] earth wrote 119 bytes to ecology
[dna] earth wrote 131 bytes to ecology
[dna] earth wrote 65 bytes to ecology
[dna] earth wrote 202 bytes to ecology
[dna] earth wrote 87 bytes to ecology
[dna] earth wrote 320 bytes to ecology
[dna] earth wrote 35 bytes to ecology
[dna] earth wrote 77 bytes to ecology
[dna] earth wrote 64 bytes to ecology
[dna] earth wrote 115 bytes to ecology
[dna] earth wrote 31 bytes to ecology
[dna] earth wrote 22 bytes to ecology
[debug-onto] tick=450 corpus=173643 stage=2 freeze=0
[dna] earth wrote 101 bytes to ecology
[dna] earth wrote 30 bytes to ecology
[dna] earth wrote 96 bytes to ecology
[dna] earth wrote 150 bytes to ecology
[dna] earth wrote 80 bytes to ecology
[dna] earth wrote 42 bytes to ecology
[dna] earth wrote 64 bytes to ecology
[dna] earth wrote 21 bytes to ecology
[dna] earth wrote 31 bytes to ecology
[dna] earth wrote 87 bytes to ecology
[dna] earth wrote 67 bytes to ecology
[dna] earth wrote 128 bytes to ecology
[dna] earth wrote 96 bytes to ecology
[dna] earth wrote 182 bytes to ecology
[dna] earth wrote 39 bytes to ecology
[dna] earth wrote 34 bytes to ecology
[dna] earth wrote 34 bytes to ecology
[debug-onto] tick=500 corpus=173643 stage=2 freeze=0
[dna] earth wrote 63 bytes to ecology
[dna] earth wrote 82 bytes to ecology
[dna] earth wrote 18 bytes to ecology
[dna] earth wrote 119 bytes to ecology
[dna] earth wrote 52 bytes to ecology
[dna] earth wrote 106 bytes to ecology
[dna] earth wrote 20 bytes to ecology
[dna] earth wrote 112 bytes to ecology
[dna] earth wrote 29 bytes to ecology
[dna] earth wrote 67 bytes to ecology
[dna] earth wrote 52 bytes to ecology
[dna] earth wrote 63 bytes to ecology
[dna] earth wrote 62 bytes to ecology
[dna] earth wrote 62 bytes to ecology
[dna] earth wrote 71 bytes to ecology
[dna] earth wrote 41 bytes to ecology
[dna] earth wrote 61 bytes to ecology
[debug-onto] tick=550 corpus=173643 stage=2 freeze=0
[dna] earth wrote 87 bytes to ecology
[dna] earth wrote 80 bytes to ecology
[dna] earth wrote 49 bytes to ecology
[dna] earth wrote 64 bytes to ecology
[dna] earth wrote 97 bytes to ecology
[dna] earth wrote 12 bytes to ecology
[dna] earth wrote 17 bytes to ecology
[dna] earth wrote 36 bytes to ecology
[dna] earth wrote 47 bytes to ecology
[dna] earth wrote 146 bytes to ecology
[dna] earth wrote 110 bytes to ecology
[dna] earth wrote 38 bytes to ecology
[dna] earth wrote 60 bytes to ecology
[dna] earth wrote 107 bytes to ecology
[dna] earth wrote 257 bytes to ecology
[dna] earth wrote 87 bytes to ecology
[debug-onto] tick=600 corpus=173643 stage=2 freeze=0
[dna] earth wrote 99 bytes to ecology
[dna] earth wrote 80 bytes to ecology
[dna] earth wrote 134 bytes to ecology
[dna] earth wrote 43 bytes to ecology
[dna] earth wrote 31 bytes to ecology
[dna] earth wrote 51 bytes to ecology
[dna] earth wrote 91 bytes to ecology
[dna] earth wrote 83 bytes to ecology
[dna] earth wrote 106 bytes to ecology
[dna] earth wrote 109 bytes to ecology
[dna] earth wrote 43 bytes to ecology
[dna] earth wrote 35 bytes to ecology
[dna] earth wrote 88 bytes to ecology
[dna] earth wrote 80 bytes to ecology
[dna] earth wrote 153 bytes to ecology
[dna] earth wrote 29 bytes to ecology
[dna] earth wrote 9 bytes to ecology
[debug-onto] tick=650 corpus=173643 stage=2 freeze=0
[dna] earth wrote 103 bytes to ecology
[dna] earth wrote 123 bytes to ecology
[dna] earth wrote 26 bytes to ecology
[dna] earth wrote 74 bytes to ecology
[dna] earth wrote 229 bytes to ecology
[dna] earth wrote 43 bytes to ecology
[dna] earth wrote 31 bytes to ecology
[dna] earth wrote 71 bytes to ecology
[dna] earth wrote 22 bytes to ecology
[dna] earth wrote 82 bytes to ecology

[evolution] Organism shutting down gracefully.
