[ecology] Element: fire → corpus: nonames_fire.txt
[evolution] Autonomous evolution mode — organism will grow through all stages without pause.
[ecology] Joined swarm. 1 peer(s) detected.
molequla is alive. [evolution] Autonomous mode — background trainer running. Ctrl+C to stop.
[dna] fire wrote 74 bytes to ecology
[dna] fire consumed 25906 bytes from 413 files: [water/gen_1776754764_1.txt water/gen_1776754781_4.txt water/gen_1776754784_5.txt water/gen_1776754787_6.txt water/gen_1776754790_7.txt water/gen_1776754799_10.txt water/gen_1776754802_11.txt water/gen_1776754805_12.txt water/gen_1776754808_13.txt water/gen_1776754817_16.txt water/gen_1776754819_17.txt water/gen_1776754822_18.txt water/gen_1776754825_19.txt water/gen_1776754831_21.txt water/gen_1776754834_22.txt water/gen_1776754837_23.txt water/gen_1776754840_24.txt water/gen_1776754843_25.txt water/gen_1776754852_28.txt water/gen_1776754855_29.txt water/gen_1776754858_30.txt water/gen_1776754861_31.txt water/gen_1776754870_34.txt water/gen_1776754873_35.txt water/gen_1776754876_36.txt water/gen_1776754879_37.txt water/gen_1776754888_40.txt water/gen_1776754891_41.txt water/gen_1776754894_42.txt water/gen_1776754897_43.txt water/gen_1776754906_46.txt water/gen_1776754909_47.txt water/gen_1776754912_48.txt water/gen_1776754915_49.txt water/gen_1776754924_52.txt water/gen_1776754927_53.txt water/gen_1776754930_54.txt water/gen_1776754933_55.txt water/gen_1776754942_58.txt water/gen_1776754945_59.txt water/gen_1776754948_60.txt water/gen_1776754950_61.txt water/gen_1776754959_64.txt water/gen_1776754962_65.txt water/gen_1776754965_66.txt water/gen_1776754968_67.txt water/gen_1776754977_70.txt water/gen_1776754980_71.txt water/gen_1776754983_72.txt water/gen_1776754986_73.txt water/gen_1776754995_76.txt water/gen_1776755001_78.txt water/gen_1776755004_79.txt water/gen_1776755013_82.txt water/gen_1776755016_83.txt water/gen_1776755019_84.txt water/gen_1776755022_85.txt water/gen_1776755031_88.txt water/gen_1776755034_89.txt water/gen_1776755037_90.txt water/gen_1776755040_91.txt water/gen_1776755049_94.txt water/gen_1776755052_95.txt water/gen_1776755055_96.txt water/gen_1776755058_97.txt water/gen_1776755061_98.txt water/gen_1776755067_100.txt water/gen_1776755070_101.txt water/gen_1776755073_102.txt water/gen_1776755075_103.txt water/gen_1776755084_106.txt water/gen_1776755087_107.txt water/gen_1776755090_108.txt water/gen_1776755093_109.txt water/gen_1776755096_110.txt water/gen_1776755102_112.txt water/gen_1776755105_113.txt water/gen_1776755108_114.txt water/gen_1776755111_115.txt water/gen_1776755120_118.txt water/gen_1776755123_119.txt water/gen_1776755126_120.txt water/gen_1776755132_122.txt water/gen_1776755138_124.txt water/gen_1776755141_125.txt water/gen_1776755144_126.txt water/gen_1776755147_127.txt water/gen_1776755156_130.txt water/gen_1776755159_131.txt water/gen_1776755162_132.txt water/gen_1776755165_133.txt water/gen_1776755168_134.txt water/gen_1776755171_135.txt water/gen_1776755174_136.txt water/gen_1776755177_137.txt water/gen_1776755180_138.txt water/gen_1776755183_139.txt water/gen_1776755192_142.txt water/gen_1776755195_143.txt water/gen_1776755198_144.txt water/gen_1776755201_145.txt water/gen_1776755210_148.txt water/gen_1776755213_149.txt water/gen_1776755216_150.txt water/gen_1776755219_151.txt water/gen_1776755227_154.txt water/gen_1776755230_155.txt water/gen_1776755233_156.txt water/gen_1776755236_157.txt water/gen_1776755245_160.txt water/gen_1776755248_161.txt water/gen_1776755251_162.txt water/gen_1776755254_163.txt water/gen_1776755263_166.txt water/gen_1776755266_167.txt water/gen_1776755269_168.txt water/gen_1776755272_169.txt water/gen_1776755281_172.txt water/gen_1776755284_173.txt water/gen_1776755287_174.txt water/gen_1776755290_175.txt water/gen_1776755299_178.txt water/gen_1776755302_179.txt water/gen_1776755305_180.txt water/gen_1776755308_181.txt water/gen_1776755317_184.txt water/gen_1776755320_185.txt water/gen_1776755323_186.txt water/gen_1776755325_187.txt water/gen_1776755334_190.txt water/gen_1776755337_191.txt water/gen_1776755340_192.txt water/gen_1776755343_193.txt water/gen_1776755352_196.txt water/gen_1776755355_197.txt water/gen_1776755358_198.txt water/gen_1776755361_199.txt water/gen_1776755369_202.txt water/gen_1776755372_203.txt water/gen_1776755378_205.txt water/gen_1776755387_208.txt water/gen_1776755390_209.txt water/gen_1776755392_210.txt water/gen_1776755395_211.txt water/gen_1776755404_214.txt water/gen_1776755407_215.txt water/gen_1776755410_216.txt water/gen_1776755413_217.txt water/gen_1776755416_218.txt water/gen_1776755421_220.txt water/gen_1776755424_221.txt water/gen_1776755427_222.txt water/gen_1776755430_223.txt water/gen_1776755439_226.txt water/gen_1776755442_227.txt water/gen_1776755445_228.txt water/gen_1776755448_229.txt water/gen_1776755457_232.txt water/gen_1776755460_233.txt water/gen_1776755463_234.txt water/gen_1776755466_235.txt water/gen_1776755469_236.txt water/gen_1776755475_238.txt water/gen_1776755481_240.txt water/gen_1776755484_241.txt water/gen_1776755487_242.txt water/gen_1776755493_244.txt water/gen_1776755496_245.txt water/gen_1776755499_246.txt water/gen_1776755502_247.txt water/gen_1776755511_250.txt water/gen_1776755514_251.txt water/gen_1776755517_252.txt water/gen_1776755520_253.txt water/gen_1776755529_256.txt water/gen_1776755532_257.txt water/gen_1776755535_258.txt water/gen_1776755538_259.txt water/gen_1776755547_262.txt water/gen_1776755549_263.txt water/gen_1776755552_264.txt water/gen_1776755555_265.txt water/gen_1776755564_268.txt water/gen_1776755567_269.txt water/gen_1776755570_270.txt water/gen_1776755573_271.txt water/gen_1776755582_274.txt water/gen_1776755585_275.txt water/gen_1776755588_276.txt water/gen_1776755591_277.txt water/gen_1776755600_280.txt water/gen_1776755603_281.txt water/gen_1776755606_282.txt water/gen_1776755609_283.txt water/gen_1776755618_286.txt water/gen_1776755621_287.txt water/gen_1776755624_288.txt water/gen_1776755627_289.txt water/gen_1776755636_292.txt water/gen_1776755639_293.txt water/gen_1776755642_294.txt water/gen_1776755645_295.txt water/gen_1776755648_296.txt water/gen_1776755654_298.txt water/gen_1776755657_299.txt water/gen_1776755660_300.txt water/gen_1776755663_301.txt water/gen_1776755666_302.txt water/gen_1776755672_304.txt water/gen_1776755675_305.txt water/gen_1776755678_306.txt water/gen_1776755681_307.txt water/gen_1776755690_310.txt water/gen_1776755693_311.txt water/gen_1776755696_312.txt water/gen_1776755699_313.txt water/gen_1776755708_316.txt water/gen_1776755711_317.txt water/gen_1776755714_318.txt water/gen_1776755717_319.txt water/gen_1776755726_322.txt water/gen_1776755729_323.txt water/gen_1776755732_324.txt water/gen_1776755735_325.txt water/gen_1776755738_326.txt water/gen_1776755744_328.txt water/gen_1776755747_329.txt water/gen_1776755750_330.txt water/gen_1776755753_331.txt water/gen_1776755756_332.txt water/gen_1776755762_334.txt water/gen_1776755765_335.txt water/gen_1776755768_336.txt water/gen_1776755771_337.txt water/gen_1776755780_340.txt water/gen_1776755783_341.txt water/gen_1776755786_342.txt water/gen_1776755789_343.txt water/gen_1776755795_345.txt water/gen_1776755798_346.txt water/gen_1776755803_348.txt water/gen_1776755806_349.txt water/gen_1776755815_352.txt water/gen_1776755818_353.txt water/gen_1776755821_354.txt water/gen_1776755824_355.txt water/gen_1776755833_358.txt water/gen_1776755836_359.txt water/gen_1776755839_360.txt water/gen_1776755842_361.txt water/gen_1776755847_363.txt water/gen_1776755850_364.txt water/gen_1776755853_365.txt water/gen_1776755856_366.txt water/gen_1776755859_367.txt water/gen_1776755868_370.txt water/gen_1776755871_371.txt water/gen_1776755874_372.txt water/gen_1776755877_373.txt water/gen_1776755886_376.txt water/gen_1776755889_377.txt water/gen_1776755892_378.txt water/gen_1776755895_379.txt water/gen_1776755904_382.txt water/gen_1776755907_383.txt water/gen_1776755910_384.txt water/gen_1776755913_385.txt water/gen_1776755922_388.txt water/gen_1776755928_390.txt water/gen_1776755931_391.txt water/gen_1776755940_394.txt water/gen_1776755943_395.txt water/gen_1776755945_396.txt water/gen_1776755948_397.txt water/gen_1776755957_400.txt water/gen_1776755960_401.txt water/gen_1776755963_402.txt water/gen_1776755966_403.txt water/gen_1776755974_406.txt water/gen_1776755977_407.txt water/gen_1776755980_408.txt water/gen_1776755983_409.txt water/gen_1776755992_412.txt water/gen_1776755995_413.txt water/gen_1776755998_414.txt water/gen_1776756001_415.txt water/gen_1776756009_418.txt water/gen_1776756012_419.txt water/gen_1776756015_420.txt water/gen_1776756018_421.txt water/gen_1776756027_424.txt water/gen_1776756030_425.txt water/gen_1776756033_426.txt water/gen_1776756036_427.txt water/gen_1776756044_430.txt water/gen_1776756047_431.txt water/gen_1776756050_432.txt water/gen_1776756053_433.txt water/gen_1776756062_436.txt water/gen_1776756065_437.txt water/gen_1776756068_438.txt water/gen_1776756071_439.txt water/gen_1776756074_440.txt water/gen_1776756080_442.txt water/gen_1776756083_443.txt water/gen_1776756086_444.txt water/gen_1776756089_445.txt water/gen_1776756098_448.txt water/gen_1776756101_449.txt water/gen_1776756104_450.txt water/gen_1776756107_451.txt water/gen_1776756116_454.txt water/gen_1776756119_455.txt water/gen_1776756122_456.txt water/gen_1776756125_457.txt water/gen_1776756134_460.txt water/gen_1776756137_461.txt water/gen_1776756140_462.txt water/gen_1776756143_463.txt water/gen_1776756152_466.txt water/gen_1776756155_467.txt water/gen_1776756158_468.txt water/gen_1776756161_469.txt water/gen_1776756170_472.txt water/gen_1776756173_473.txt water/gen_1776756176_474.txt water/gen_1776756179_475.txt water/gen_1776756188_478.txt water/gen_1776756191_479.txt water/gen_1776756194_480.txt water/gen_1776756197_481.txt water/gen_1776756206_484.txt water/gen_1776756209_485.txt water/gen_1776756212_486.txt water/gen_1776756215_487.txt water/gen_1776756224_490.txt water/gen_1776756227_491.txt water/gen_1776756230_492.txt water/gen_1776756233_493.txt water/gen_1776756242_496.txt water/gen_1776756245_497.txt water/gen_1776756248_498.txt water/gen_1776756251_499.txt water/gen_1776756260_502.txt water/gen_1776756263_503.txt water/gen_1776756266_504.txt water/gen_1776756269_505.txt water/gen_1776756278_508.txt water/gen_1776756281_509.txt water/gen_1776756284_510.txt water/gen_1776756287_511.txt water/gen_1776756296_514.txt water/gen_1776756299_515.txt water/gen_1776756302_516.txt water/gen_1776756305_517.txt water/gen_1776756314_520.txt water/gen_1776756317_521.txt water/gen_1776756320_522.txt water/gen_1776756323_523.txt water/gen_1776756331_526.txt water/gen_1776756334_527.txt water/gen_1776756337_528.txt water/gen_1776756340_529.txt water/gen_1776756343_530.txt water/gen_1776756349_532.txt water/gen_1776756352_533.txt water/gen_1776756355_534.txt water/gen_1776756358_535.txt water/gen_1776756367_538.txt water/gen_1776756370_539.txt water/gen_1776756373_540.txt water/gen_1776756376_541.txt water/gen_1776756385_544.txt water/gen_1776756388_545.txt water/gen_1776756391_546.txt water/gen_1776756394_547.txt water/gen_1776756397_548.txt water/gen_1776756403_550.txt water/gen_1776756406_551.txt water/gen_1776756409_552.txt water/gen_1776756413_553.txt water/gen_1776756416_554.txt water/gen_1776756422_556.txt water/gen_1776756425_557.txt water/gen_1776756428_558.txt water/gen_1776756431_559.txt water/gen_1776756440_562.txt water/gen_1776756443_563.txt water/gen_1776756446_564.txt water/gen_1776756449_565.txt water/gen_1776756458_568.txt water/gen_1776756461_569.txt water/gen_1776756467_571.txt water/gen_1776756476_574.txt water/gen_1776756479_575.txt water/gen_1776756482_576.txt water/gen_1776756485_577.txt water/gen_1776756494_580.txt water/gen_1776756497_581.txt water/gen_1776756500_582.txt water/gen_1776756503_583.txt water/gen_1776756513_586.txt water/gen_1776756516_587.txt water/gen_1776756519_588.txt water/gen_1776756522_589.txt water/gen_1776756531_592.txt water/gen_1776756534_593.txt water/gen_1776756537_594.txt water/gen_1776756540_595.txt water/gen_1776756549_598.txt water/gen_1776756552_599.txt water/gen_1776756555_600.txt water/gen_1776756558_601.txt]
[trainer] micro-train burst (25906 bytes, novelty 0.03) — and lo, it feeds again.
[syntropy] action=explore | trend=0.0000 | field_dev=0.007 | purpose_align=0.338 | lr_mul=1.30
[aml] burst complete: 32 steps, avg loss 1.6624 (memory freed)
[dna] fire wrote 89 bytes to ecology
[dna] fire wrote 51 bytes to ecology
[dna] fire wrote 69 bytes to ecology
[dna] fire wrote 13 bytes to ecology
[dna] fire wrote 61 bytes to ecology
[dna] fire wrote 30 bytes to ecology
[dna] fire wrote 35 bytes to ecology
[dna] fire wrote 79 bytes to ecology
[dna] fire wrote 45 bytes to ecology
[dna] fire wrote 126 bytes to ecology
[dna] fire wrote 100 bytes to ecology
[dna] fire wrote 98 bytes to ecology
[dna] fire wrote 26 bytes to ecology
[dna] fire wrote 45 bytes to ecology
[dna] fire wrote 27 bytes to ecology
[dna] fire wrote 32 bytes to ecology
[dna] fire wrote 65 bytes to ecology
[dna] fire wrote 41 bytes to ecology
[dna] fire wrote 32 bytes to ecology
[dna] fire wrote 119 bytes to ecology
[dna] fire wrote 8 bytes to ecology
[dna] fire wrote 40 bytes to ecology
[dna] fire wrote 23 bytes to ecology
[dna] fire wrote 28 bytes to ecology
[dna] fire wrote 173 bytes to ecology
[dna] fire wrote 100 bytes to ecology
[dna] fire wrote 8 bytes to ecology
[dna] fire wrote 18 bytes to ecology
[dna] fire wrote 50 bytes to ecology
[dna] fire wrote 32 bytes to ecology
[dna] fire wrote 134 bytes to ecology
[dna] fire wrote 54 bytes to ecology
[dna] fire wrote 96 bytes to ecology
[dna] fire wrote 37 bytes to ecology
[dna] fire wrote 37 bytes to ecology
[dna] fire wrote 57 bytes to ecology
[dna] fire wrote 41 bytes to ecology
[dna] fire wrote 35 bytes to ecology
[dna] fire wrote 168 bytes to ecology
[debug-onto] tick=50 corpus=148219 stage=2 freeze=0
[dna] fire wrote 35 bytes to ecology
[dna] fire wrote 28 bytes to ecology
[dna] fire wrote 19 bytes to ecology
[dna] fire wrote 46 bytes to ecology
[dna] fire wrote 57 bytes to ecology
[dna] fire wrote 73 bytes to ecology
[dna] fire wrote 47 bytes to ecology
[dna] fire wrote 80 bytes to ecology
[dna] fire wrote 39 bytes to ecology
[dna] fire wrote 49 bytes to ecology
[dna] fire wrote 166 bytes to ecology
[dna] fire wrote 38 bytes to ecology
[dna] fire wrote 42 bytes to ecology
[dna] fire wrote 56 bytes to ecology
[dna] fire wrote 35 bytes to ecology
[dna] fire wrote 72 bytes to ecology
[dna] fire wrote 18 bytes to ecology
[dna] fire wrote 102 bytes to ecology
[dna] fire wrote 29 bytes to ecology
[dna] fire wrote 39 bytes to ecology
[dna] fire wrote 90 bytes to ecology
[dna] fire wrote 39 bytes to ecology
[dna] fire wrote 166 bytes to ecology
[dna] fire wrote 67 bytes to ecology
[dna] fire wrote 36 bytes to ecology
[dna] fire wrote 37 bytes to ecology
[dna] fire wrote 26 bytes to ecology
[dna] fire wrote 36 bytes to ecology
[dna] fire wrote 29 bytes to ecology
[dna] fire wrote 54 bytes to ecology
[dna] fire wrote 48 bytes to ecology
[dna] fire wrote 32 bytes to ecology
[dna] fire wrote 77 bytes to ecology
[dna] fire wrote 42 bytes to ecology
[dna] fire wrote 75 bytes to ecology
[dna] fire wrote 52 bytes to ecology
[dna] fire wrote 56 bytes to ecology
[dna] fire wrote 21 bytes to ecology
[dna] fire wrote 36 bytes to ecology
[debug-onto] tick=100 corpus=148219 stage=2 freeze=0
[dna] fire wrote 126 bytes to ecology
[dna] fire wrote 119 bytes to ecology
[dna] fire wrote 30 bytes to ecology
[dna] fire wrote 32 bytes to ecology
[dna] fire wrote 29 bytes to ecology
[dna] fire wrote 13 bytes to ecology
[dna] fire wrote 34 bytes to ecology
[dna] fire wrote 28 bytes to ecology
[dna] fire wrote 31 bytes to ecology
[dna] fire wrote 9 bytes to ecology
[dna] fire wrote 18 bytes to ecology
[dna] fire wrote 44 bytes to ecology
[dna] fire wrote 109 bytes to ecology
[dna] fire wrote 37 bytes to ecology
[dna] fire wrote 165 bytes to ecology
[dna] fire wrote 17 bytes to ecology
[dna] fire wrote 27 bytes to ecology
[dna] fire wrote 45 bytes to ecology
[dna] fire wrote 132 bytes to ecology
[dna] fire wrote 43 bytes to ecology
[dna] fire wrote 108 bytes to ecology
[dna] fire wrote 32 bytes to ecology
[dna] fire wrote 51 bytes to ecology
[dna] fire wrote 167 bytes to ecology
[dna] fire wrote 56 bytes to ecology
[dna] fire wrote 90 bytes to ecology
[dna] fire wrote 29 bytes to ecology
[dna] fire wrote 16 bytes to ecology
[dna] fire wrote 14 bytes to ecology
[dna] fire wrote 19 bytes to ecology
[dna] fire wrote 40 bytes to ecology
[dna] fire wrote 71 bytes to ecology
[dna] fire wrote 14 bytes to ecology
[dna] fire wrote 61 bytes to ecology
[dna] fire wrote 27 bytes to ecology
[dna] fire wrote 99 bytes to ecology
[dna] fire wrote 67 bytes to ecology
[debug-onto] tick=150 corpus=148219 stage=2 freeze=0
[dna] fire wrote 90 bytes to ecology
[dna] fire wrote 67 bytes to ecology
[dna] fire wrote 118 bytes to ecology
[dna] fire wrote 63 bytes to ecology
[dna] fire wrote 14 bytes to ecology
[dna] fire wrote 84 bytes to ecology
[dna] fire wrote 28 bytes to ecology
[dna] fire wrote 37 bytes to ecology
[dna] fire wrote 25 bytes to ecology
[dna] fire wrote 8 bytes to ecology
[dna] fire wrote 49 bytes to ecology
[dna] fire wrote 63 bytes to ecology
[dna] fire wrote 30 bytes to ecology
[dna] fire wrote 66 bytes to ecology
[dna] fire wrote 32 bytes to ecology
[dna] fire wrote 9 bytes to ecology
[dna] fire wrote 75 bytes to ecology
[dna] fire wrote 66 bytes to ecology
[dna] fire wrote 20 bytes to ecology
[dna] fire wrote 108 bytes to ecology
[dna] fire wrote 60 bytes to ecology
[dna] fire wrote 44 bytes to ecology
[dna] fire wrote 37 bytes to ecology
[dna] fire wrote 48 bytes to ecology
[dna] fire wrote 138 bytes to ecology
[dna] fire wrote 24 bytes to ecology
[dna] fire wrote 40 bytes to ecology
[dna] fire wrote 121 bytes to ecology
[dna] fire wrote 43 bytes to ecology
[dna] fire wrote 34 bytes to ecology
[dna] fire wrote 33 bytes to ecology
[dna] fire wrote 132 bytes to ecology
[dna] fire wrote 47 bytes to ecology
[dna] fire wrote 18 bytes to ecology
[dna] fire wrote 51 bytes to ecology
[dna] fire wrote 85 bytes to ecology
[dna] fire wrote 36 bytes to ecology
[dna] fire wrote 19 bytes to ecology
[dna] fire wrote 31 bytes to ecology
[dna] fire wrote 16 bytes to ecology
[debug-onto] tick=200 corpus=148219 stage=2 freeze=0
[dna] fire wrote 18 bytes to ecology
[dna] fire wrote 23 bytes to ecology
[dna] fire wrote 19 bytes to ecology
[dna] fire wrote 128 bytes to ecology
[dna] fire wrote 122 bytes to ecology
[dna] fire wrote 16 bytes to ecology
[dna] fire wrote 22 bytes to ecology
[dna] fire wrote 51 bytes to ecology
[dna] fire wrote 54 bytes to ecology
[dna] fire wrote 57 bytes to ecology
[dna] fire wrote 35 bytes to ecology
[dna] fire wrote 58 bytes to ecology
[dna] fire wrote 31 bytes to ecology
[dna] fire wrote 60 bytes to ecology
[dna] fire wrote 22 bytes to ecology
[dna] fire wrote 32 bytes to ecology
[dna] fire wrote 46 bytes to ecology
[dna] fire wrote 77 bytes to ecology
[dna] fire wrote 35 bytes to ecology
[dna] fire wrote 32 bytes to ecology
[dna] fire wrote 33 bytes to ecology
[dna] fire wrote 88 bytes to ecology
[dna] fire wrote 132 bytes to ecology
[dna] fire wrote 197 bytes to ecology
[dna] fire wrote 31 bytes to ecology
[dna] fire wrote 30 bytes to ecology
[dna] fire wrote 64 bytes to ecology
[dna] fire wrote 114 bytes to ecology
[dna] fire wrote 61 bytes to ecology
[dna] fire wrote 33 bytes to ecology
[dna] fire wrote 64 bytes to ecology
[dna] fire wrote 54 bytes to ecology
[dna] fire wrote 67 bytes to ecology
[dna] fire wrote 54 bytes to ecology
[dna] fire wrote 53 bytes to ecology
[dna] fire wrote 26 bytes to ecology
[debug-onto] tick=250 corpus=148219 stage=2 freeze=0
[dna] fire wrote 12 bytes to ecology
[dna] fire wrote 67 bytes to ecology
[dna] fire wrote 88 bytes to ecology
[dna] fire wrote 43 bytes to ecology
[dna] fire wrote 44 bytes to ecology
[dna] fire wrote 59 bytes to ecology
[dna] fire wrote 14 bytes to ecology
[dna] fire wrote 31 bytes to ecology
[dna] fire wrote 71 bytes to ecology
[dna] fire wrote 32 bytes to ecology
[dna] fire wrote 55 bytes to ecology
[dna] fire wrote 7 bytes to ecology
[dna] fire wrote 150 bytes to ecology
[dna] fire wrote 62 bytes to ecology
[dna] fire wrote 32 bytes to ecology
[dna] fire wrote 60 bytes to ecology
[dna] fire wrote 29 bytes to ecology
[dna] fire wrote 67 bytes to ecology
[dna] fire wrote 32 bytes to ecology
[dna] fire wrote 114 bytes to ecology
[dna] fire wrote 13 bytes to ecology
[dna] fire wrote 158 bytes to ecology
[dna] fire wrote 142 bytes to ecology
[dna] fire wrote 46 bytes to ecology
[dna] fire wrote 135 bytes to ecology
[dna] fire wrote 10 bytes to ecology
[dna] fire wrote 7 bytes to ecology
[dna] fire wrote 177 bytes to ecology
[dna] fire wrote 36 bytes to ecology
[dna] fire wrote 30 bytes to ecology
[dna] fire wrote 39 bytes to ecology
[dna] fire wrote 26 bytes to ecology
[dna] fire wrote 31 bytes to ecology
[dna] fire wrote 53 bytes to ecology
[dna] fire wrote 31 bytes to ecology
[dna] fire wrote 17 bytes to ecology
[dna] fire wrote 45 bytes to ecology
[dna] fire wrote 63 bytes to ecology
[dna] fire wrote 54 bytes to ecology
[dna] fire wrote 61 bytes to ecology
[dna] fire wrote 25 bytes to ecology
[debug-onto] tick=300 corpus=148219 stage=2 freeze=0
[dna] fire wrote 73 bytes to ecology
[dna] fire wrote 72 bytes to ecology
[dna] fire wrote 32 bytes to ecology
[dna] fire wrote 49 bytes to ecology
[dna] fire wrote 36 bytes to ecology
[dna] fire wrote 33 bytes to ecology
[dna] fire wrote 51 bytes to ecology
[dna] fire wrote 46 bytes to ecology
[dna] fire wrote 15 bytes to ecology
[dna] fire wrote 16 bytes to ecology
[dna] fire wrote 36 bytes to ecology
[dna] fire wrote 137 bytes to ecology
[dna] fire wrote 69 bytes to ecology
[dna] fire wrote 6 bytes to ecology
[dna] fire wrote 41 bytes to ecology
[dna] fire wrote 9 bytes to ecology
[dna] fire wrote 23 bytes to ecology
[dna] fire wrote 217 bytes to ecology
[dna] fire wrote 32 bytes to ecology
[dna] fire wrote 24 bytes to ecology
[dna] fire wrote 40 bytes to ecology
[dna] fire wrote 36 bytes to ecology
[dna] fire wrote 46 bytes to ecology
[dna] fire wrote 75 bytes to ecology
[dna] fire wrote 83 bytes to ecology
[dna] fire wrote 92 bytes to ecology
[dna] fire wrote 36 bytes to ecology
[dna] fire wrote 33 bytes to ecology
[dna] fire wrote 214 bytes to ecology
[dna] fire wrote 43 bytes to ecology
[dna] fire wrote 210 bytes to ecology
[dna] fire wrote 43 bytes to ecology
[dna] fire wrote 92 bytes to ecology
[dna] fire wrote 31 bytes to ecology
[dna] fire wrote 81 bytes to ecology
[dna] fire wrote 65 bytes to ecology
[dna] fire wrote 48 bytes to ecology
[dna] fire wrote 133 bytes to ecology
[dna] fire wrote 69 bytes to ecology
[debug-onto] tick=350 corpus=148219 stage=2 freeze=0
[dna] fire wrote 45 bytes to ecology
[dna] fire wrote 45 bytes to ecology
[dna] fire wrote 59 bytes to ecology
[dna] fire wrote 73 bytes to ecology
[dna] fire wrote 44 bytes to ecology
[dna] fire wrote 111 bytes to ecology
[dna] fire wrote 48 bytes to ecology
[dna] fire wrote 68 bytes to ecology
[dna] fire wrote 37 bytes to ecology
[dna] fire wrote 65 bytes to ecology
[dna] fire wrote 27 bytes to ecology
[dna] fire wrote 45 bytes to ecology
[dna] fire wrote 46 bytes to ecology
[dna] fire wrote 30 bytes to ecology
[dna] fire wrote 65 bytes to ecology
[dna] fire wrote 27 bytes to ecology
[dna] fire wrote 179 bytes to ecology
[dna] fire wrote 46 bytes to ecology
[dna] fire wrote 22 bytes to ecology
[dna] fire wrote 36 bytes to ecology
[dna] fire wrote 48 bytes to ecology
[dna] fire wrote 38 bytes to ecology
[dna] fire wrote 82 bytes to ecology
[dna] fire wrote 52 bytes to ecology
[dna] fire wrote 43 bytes to ecology
[dna] fire wrote 70 bytes to ecology
[dna] fire wrote 17 bytes to ecology
[dna] fire wrote 37 bytes to ecology
[dna] fire wrote 26 bytes to ecology
[dna] fire wrote 14 bytes to ecology
[dna] fire wrote 12 bytes to ecology
[dna] fire wrote 46 bytes to ecology
[dna] fire wrote 40 bytes to ecology
[dna] fire wrote 157 bytes to ecology
[dna] fire wrote 65 bytes to ecology
[dna] fire wrote 34 bytes to ecology
[dna] fire wrote 47 bytes to ecology
[dna] fire wrote 113 bytes to ecology
[debug-onto] tick=400 corpus=148219 stage=2 freeze=0
[dna] fire wrote 81 bytes to ecology
[dna] fire wrote 57 bytes to ecology
[dna] fire wrote 81 bytes to ecology
[dna] fire wrote 61 bytes to ecology
[dna] fire wrote 40 bytes to ecology
[dna] fire wrote 19 bytes to ecology
[dna] fire wrote 51 bytes to ecology
[dna] fire wrote 200 bytes to ecology
[dna] fire wrote 15 bytes to ecology
[dna] fire wrote 68 bytes to ecology
[dna] fire wrote 65 bytes to ecology
[dna] fire wrote 19 bytes to ecology
[dna] fire wrote 32 bytes to ecology
[dna] fire wrote 35 bytes to ecology
[dna] fire wrote 79 bytes to ecology
[dna] fire wrote 28 bytes to ecology
[dna] fire wrote 139 bytes to ecology
[dna] fire wrote 19 bytes to ecology
[dna] fire wrote 15 bytes to ecology
[dna] fire wrote 11 bytes to ecology
[dna] fire wrote 60 bytes to ecology
[dna] fire wrote 60 bytes to ecology
[dna] fire wrote 38 bytes to ecology
[dna] fire wrote 34 bytes to ecology
[dna] fire wrote 14 bytes to ecology
[dna] fire wrote 90 bytes to ecology
[dna] fire wrote 57 bytes to ecology
[dna] fire wrote 34 bytes to ecology
[dna] fire wrote 29 bytes to ecology
[dna] fire wrote 91 bytes to ecology
[dna] fire wrote 42 bytes to ecology
[dna] fire wrote 149 bytes to ecology
[dna] fire wrote 76 bytes to ecology
[dna] fire wrote 49 bytes to ecology
[dna] fire wrote 9 bytes to ecology
[dna] fire wrote 108 bytes to ecology
[dna] fire wrote 117 bytes to ecology
[dna] fire wrote 46 bytes to ecology
[dna] fire wrote 30 bytes to ecology
[dna] fire wrote 48 bytes to ecology
[debug-onto] tick=450 corpus=148219 stage=2 freeze=0
[dna] fire wrote 87 bytes to ecology
[dna] fire wrote 79 bytes to ecology
[dna] fire wrote 127 bytes to ecology
[dna] fire wrote 44 bytes to ecology
[dna] fire wrote 12 bytes to ecology
[dna] fire wrote 89 bytes to ecology
[dna] fire wrote 55 bytes to ecology
[dna] fire wrote 24 bytes to ecology
[dna] fire wrote 67 bytes to ecology
[dna] fire wrote 205 bytes to ecology
[dna] fire wrote 47 bytes to ecology
[dna] fire wrote 24 bytes to ecology
[dna] fire wrote 49 bytes to ecology
[dna] fire wrote 50 bytes to ecology
[dna] fire wrote 63 bytes to ecology
[dna] fire wrote 51 bytes to ecology
[dna] fire wrote 9 bytes to ecology
[dna] fire wrote 32 bytes to ecology
[dna] fire wrote 71 bytes to ecology
[dna] fire wrote 20 bytes to ecology
[dna] fire wrote 113 bytes to ecology
[dna] fire wrote 65 bytes to ecology
[dna] fire wrote 61 bytes to ecology
[dna] fire wrote 39 bytes to ecology
[dna] fire wrote 74 bytes to ecology
[dna] fire wrote 49 bytes to ecology
[dna] fire wrote 32 bytes to ecology
[dna] fire wrote 37 bytes to ecology
[dna] fire wrote 109 bytes to ecology
[dna] fire wrote 12 bytes to ecology
[dna] fire wrote 40 bytes to ecology
[dna] fire wrote 62 bytes to ecology
[dna] fire wrote 26 bytes to ecology
[dna] fire wrote 14 bytes to ecology
[dna] fire wrote 34 bytes to ecology
[dna] fire wrote 65 bytes to ecology
[dna] fire wrote 21 bytes to ecology
[dna] fire wrote 45 bytes to ecology
[dna] fire wrote 72 bytes to ecology
[dna] fire wrote 191 bytes to ecology
[dna] fire wrote 88 bytes to ecology
[dna] fire wrote 46 bytes to ecology
[debug-onto] tick=500 corpus=148219 stage=2 freeze=0
[dna] fire wrote 86 bytes to ecology
[dna] fire wrote 37 bytes to ecology
[dna] fire wrote 58 bytes to ecology
[dna] fire wrote 56 bytes to ecology
[dna] fire wrote 20 bytes to ecology
[dna] fire wrote 60 bytes to ecology
[dna] fire wrote 127 bytes to ecology
[dna] fire wrote 28 bytes to ecology
[dna] fire wrote 70 bytes to ecology
[dna] fire wrote 60 bytes to ecology
[dna] fire wrote 71 bytes to ecology
[dna] fire wrote 21 bytes to ecology
[dna] fire wrote 33 bytes to ecology
[dna] fire wrote 19 bytes to ecology
[dna] fire wrote 123 bytes to ecology
[dna] fire wrote 168 bytes to ecology
[dna] fire wrote 106 bytes to ecology
[dna] fire wrote 52 bytes to ecology
[dna] fire wrote 34 bytes to ecology
[dna] fire wrote 26 bytes to ecology
[dna] fire wrote 52 bytes to ecology
[dna] fire wrote 17 bytes to ecology
[dna] fire wrote 114 bytes to ecology
[dna] fire wrote 44 bytes to ecology
[dna] fire wrote 9 bytes to ecology
[dna] fire wrote 42 bytes to ecology
[dna] fire wrote 21 bytes to ecology
[dna] fire wrote 65 bytes to ecology
[dna] fire wrote 62 bytes to ecology
[dna] fire wrote 33 bytes to ecology
[dna] fire wrote 109 bytes to ecology
[dna] fire wrote 41 bytes to ecology
[dna] fire wrote 64 bytes to ecology
[dna] fire wrote 13 bytes to ecology
[dna] fire wrote 105 bytes to ecology
[dna] fire wrote 105 bytes to ecology
[dna] fire wrote 47 bytes to ecology
[dna] fire wrote 125 bytes to ecology
[dna] fire wrote 19 bytes to ecology
[dna] fire wrote 32 bytes to ecology
[debug-onto] tick=550 corpus=148219 stage=2 freeze=0
[dna] fire wrote 89 bytes to ecology
[dna] fire wrote 76 bytes to ecology
[dna] fire wrote 217 bytes to ecology
[dna] fire wrote 22 bytes to ecology
[dna] fire wrote 75 bytes to ecology
[dna] fire wrote 101 bytes to ecology
[dna] fire wrote 66 bytes to ecology
[dna] fire wrote 40 bytes to ecology
[dna] fire wrote 5 bytes to ecology
[dna] fire wrote 96 bytes to ecology
[dna] fire wrote 56 bytes to ecology
[dna] fire wrote 51 bytes to ecology
[dna] fire wrote 74 bytes to ecology
[dna] fire wrote 67 bytes to ecology
[dna] fire wrote 73 bytes to ecology
[dna] fire wrote 33 bytes to ecology
[dna] fire wrote 35 bytes to ecology
[dna] fire wrote 65 bytes to ecology
[dna] fire wrote 27 bytes to ecology
[dna] fire wrote 79 bytes to ecology
[dna] fire wrote 106 bytes to ecology
[dna] fire wrote 82 bytes to ecology
[dna] fire wrote 38 bytes to ecology
[dna] fire wrote 42 bytes to ecology
[dna] fire wrote 5 bytes to ecology
[dna] fire wrote 29 bytes to ecology
[dna] fire wrote 35 bytes to ecology
[dna] fire wrote 56 bytes to ecology
[dna] fire wrote 140 bytes to ecology
[dna] fire wrote 107 bytes to ecology
[dna] fire wrote 82 bytes to ecology
[dna] fire wrote 32 bytes to ecology
[dna] fire wrote 157 bytes to ecology
[dna] fire wrote 50 bytes to ecology
[dna] fire wrote 65 bytes to ecology
[dna] fire wrote 46 bytes to ecology
[dna] fire wrote 37 bytes to ecology
[debug-onto] tick=600 corpus=148219 stage=2 freeze=0
[dna] fire wrote 36 bytes to ecology
[dna] fire wrote 70 bytes to ecology
[dna] fire wrote 107 bytes to ecology
[dna] fire wrote 63 bytes to ecology
[dna] fire wrote 92 bytes to ecology
[dna] fire wrote 48 bytes to ecology
[dna] fire wrote 24 bytes to ecology
[dna] fire wrote 24 bytes to ecology
[dna] fire wrote 91 bytes to ecology
[dna] fire wrote 48 bytes to ecology
[dna] fire wrote 14 bytes to ecology

[evolution] Organism shutting down gracefully.
