[ecology] Element: water → corpus: nonames_water.txt
[evolution] Autonomous evolution mode — organism will grow through all stages without pause.
[ecology] Joined swarm. 1 peer(s) detected.
molequla is alive. [evolution] Autonomous mode — background trainer running. Ctrl+C to stop.
[dna] water wrote 40 bytes to ecology
[dna] water consumed 22439 bytes from 306 files: [air/gen_1776752963_1.txt air/gen_1776752974_2.txt air/gen_1776752979_4.txt air/gen_1776752987_7.txt air/gen_1776752990_8.txt air/gen_1776752995_10.txt air/gen_1776753003_13.txt air/gen_1776753011_16.txt air/gen_1776753018_19.txt air/gen_1776753021_20.txt air/gen_1776753026_22.txt air/gen_1776753034_25.txt air/gen_1776753042_28.txt air/gen_1776753050_31.txt air/gen_1776753053_32.txt air/gen_1776753058_34.txt air/gen_1776753066_37.txt air/gen_1776753073_40.txt air/gen_1776753081_43.txt air/gen_1776753084_44.txt air/gen_1776753089_46.txt air/gen_1776753097_49.txt air/gen_1776753104_52.txt air/gen_1776753112_55.txt air/gen_1776753120_58.txt air/gen_1776753128_61.txt air/gen_1776753135_64.txt air/gen_1776753143_67.txt air/gen_1776753151_70.txt air/gen_1776753159_73.txt air/gen_1776753161_74.txt air/gen_1776753167_76.txt air/gen_1776753174_79.txt air/gen_1776753182_82.txt air/gen_1776753190_85.txt air/gen_1776753193_86.txt air/gen_1776753198_88.txt air/gen_1776753206_91.txt air/gen_1776753208_92.txt air/gen_1776753214_94.txt air/gen_1776753221_97.txt air/gen_1776753224_98.txt air/gen_1776753229_100.txt air/gen_1776753237_103.txt air/gen_1776753240_104.txt air/gen_1776753245_106.txt air/gen_1776753253_109.txt air/gen_1776753255_110.txt air/gen_1776753260_112.txt air/gen_1776753268_115.txt air/gen_1776753276_118.txt air/gen_1776753284_121.txt air/gen_1776753287_122.txt air/gen_1776753292_124.txt air/gen_1776753300_127.txt air/gen_1776753308_130.txt air/gen_1776753316_133.txt air/gen_1776753324_136.txt air/gen_1776753332_139.txt air/gen_1776753334_140.txt air/gen_1776753340_142.txt air/gen_1776753347_145.txt air/gen_1776753355_148.txt air/gen_1776753363_151.txt air/gen_1776753366_152.txt air/gen_1776753371_154.txt air/gen_1776753379_157.txt air/gen_1776753381_158.txt air/gen_1776753387_160.txt air/gen_1776753394_163.txt air/gen_1776753402_166.txt air/gen_1776753410_169.txt air/gen_1776753418_172.txt air/gen_1776753425_175.txt air/gen_1776753428_176.txt air/gen_1776753433_178.txt air/gen_1776753441_181.txt air/gen_1776753443_182.txt air/gen_1776753449_184.txt air/gen_1776753457_187.txt air/gen_1776753459_188.txt air/gen_1776753464_190.txt air/gen_1776753472_193.txt air/gen_1776753475_194.txt air/gen_1776753480_196.txt air/gen_1776753488_199.txt air/gen_1776753491_200.txt air/gen_1776753496_202.txt air/gen_1776753504_205.txt air/gen_1776753511_208.txt air/gen_1776753519_211.txt air/gen_1776753527_214.txt air/gen_1776753534_217.txt air/gen_1776753542_220.txt air/gen_1776753550_223.txt air/gen_1776753552_224.txt air/gen_1776753558_226.txt air/gen_1776753565_229.txt air/gen_1776753573_232.txt air/gen_1776753581_235.txt air/gen_1776753589_238.txt air/gen_1776753596_241.txt air/gen_1776753599_242.txt air/gen_1776753604_244.txt air/gen_1776753612_247.txt air/gen_1776753620_250.txt air/gen_1776753628_253.txt air/gen_1776753630_254.txt air/gen_1776753636_256.txt air/gen_1776753643_259.txt air/gen_1776753646_260.txt air/gen_1776753651_262.txt air/gen_1776753659_265.txt air/gen_1776753662_266.txt air/gen_1776753667_268.txt air/gen_1776753675_271.txt air/gen_1776753678_272.txt air/gen_1776753683_274.txt air/gen_1776753691_277.txt air/gen_1776753693_278.txt air/gen_1776753698_280.txt air/gen_1776753706_283.txt air/gen_1776753709_284.txt air/gen_1776753714_286.txt air/gen_1776753722_289.txt air/gen_1776753724_290.txt air/gen_1776753729_292.txt air/gen_1776753737_295.txt air/gen_1776753740_296.txt air/gen_1776753745_298.txt air/gen_1776753753_301.txt air/gen_1776753755_302.txt air/gen_1776753761_304.txt air/gen_1776753768_307.txt air/gen_1776753771_308.txt air/gen_1776753776_310.txt air/gen_1776753784_313.txt air/gen_1776753786_314.txt air/gen_1776753792_316.txt air/gen_1776753799_319.txt air/gen_1776753807_322.txt air/gen_1776753815_325.txt air/gen_1776753818_326.txt air/gen_1776753823_328.txt air/gen_1776753831_331.txt air/gen_1776753833_332.txt air/gen_1776753839_334.txt air/gen_1776753846_337.txt air/gen_1776753854_340.txt air/gen_1776753862_343.txt air/gen_1776753865_344.txt air/gen_1776753870_346.txt air/gen_1776753878_349.txt air/gen_1776753886_352.txt air/gen_1776753894_355.txt air/gen_1776753897_356.txt air/gen_1776753902_358.txt air/gen_1776753910_361.txt air/gen_1776753913_362.txt air/gen_1776753918_364.txt air/gen_1776753926_367.txt air/gen_1776753928_368.txt air/gen_1776753934_370.txt air/gen_1776753941_373.txt air/gen_1776753944_374.txt air/gen_1776753949_376.txt air/gen_1776753957_379.txt air/gen_1776753960_380.txt air/gen_1776753965_382.txt air/gen_1776753973_385.txt air/gen_1776753975_386.txt air/gen_1776753981_388.txt air/gen_1776753988_391.txt air/gen_1776753991_392.txt air/gen_1776753996_394.txt air/gen_1776754005_397.txt air/gen_1776754013_400.txt air/gen_1776754023_404.txt air/gen_1776754029_406.txt air/gen_1776754037_409.txt air/gen_1776754039_410.txt air/gen_1776754044_412.txt air/gen_1776754052_415.txt air/gen_1776754060_418.txt air/gen_1776754068_421.txt air/gen_1776754070_422.txt air/gen_1776754076_424.txt air/gen_1776754083_427.txt air/gen_1776754091_430.txt air/gen_1776754099_433.txt air/gen_1776754102_434.txt air/gen_1776754107_436.txt air/gen_1776754115_439.txt air/gen_1776754118_440.txt air/gen_1776754123_442.txt air/gen_1776754131_445.txt air/gen_1776754134_446.txt air/gen_1776754139_448.txt air/gen_1776754147_451.txt air/gen_1776754150_452.txt air/gen_1776754155_454.txt air/gen_1776754163_457.txt air/gen_1776754171_460.txt air/gen_1776754179_463.txt air/gen_1776754181_464.txt air/gen_1776754187_466.txt air/gen_1776754195_469.txt air/gen_1776754197_470.txt air/gen_1776754202_472.txt air/gen_1776754210_475.txt air/gen_1776754213_476.txt air/gen_1776754219_478.txt air/gen_1776754226_481.txt air/gen_1776754229_482.txt air/gen_1776754234_484.txt air/gen_1776754242_487.txt air/gen_1776754245_488.txt air/gen_1776754250_490.txt air/gen_1776754258_493.txt air/gen_1776754261_494.txt air/gen_1776754266_496.txt air/gen_1776754274_499.txt air/gen_1776754277_500.txt air/gen_1776754282_502.txt air/gen_1776754290_505.txt air/gen_1776754292_506.txt air/gen_1776754297_508.txt air/gen_1776754305_511.txt air/gen_1776754308_512.txt air/gen_1776754313_514.txt air/gen_1776754321_517.txt air/gen_1776754324_518.txt air/gen_1776754329_520.txt air/gen_1776754337_523.txt air/gen_1776754345_526.txt air/gen_1776754353_529.txt air/gen_1776754355_530.txt air/gen_1776754361_532.txt air/gen_1776754368_535.txt air/gen_1776754371_536.txt air/gen_1776754376_538.txt air/gen_1776754384_541.txt air/gen_1776754391_544.txt air/gen_1776754399_547.txt air/gen_1776754402_548.txt air/gen_1776754407_550.txt air/gen_1776754415_553.txt air/gen_1776754417_554.txt air/gen_1776754422_556.txt air/gen_1776754430_559.txt air/gen_1776754438_562.txt air/gen_1776754446_565.txt air/gen_1776754448_566.txt air/gen_1776754453_568.txt air/gen_1776754461_571.txt air/gen_1776754469_574.txt air/gen_1776754476_577.txt air/gen_1776754484_580.txt air/gen_1776754492_583.txt air/gen_1776754495_584.txt air/gen_1776754500_586.txt air/gen_1776754508_589.txt air/gen_1776754510_590.txt air/gen_1776754516_592.txt air/gen_1776754524_595.txt air/gen_1776754526_596.txt air/gen_1776754532_598.txt air/gen_1776754540_601.txt air/gen_1776754542_602.txt air/gen_1776754547_604.txt air/gen_1776754555_607.txt air/gen_1776754558_608.txt air/gen_1776754563_610.txt air/gen_1776754570_613.txt air/gen_1776754573_614.txt air/gen_1776754586_619.txt air/gen_1776754588_620.txt air/gen_1776754593_622.txt air/gen_1776754601_625.txt air/gen_1776754604_626.txt air/gen_1776754609_628.txt air/gen_1776754616_631.txt air/gen_1776754624_634.txt air/gen_1776754632_637.txt air/gen_1776754635_638.txt air/gen_1776754640_640.txt air/gen_1776754648_643.txt air/gen_1776754650_644.txt air/gen_1776754655_646.txt air/gen_1776754663_649.txt air/gen_1776754671_652.txt air/gen_1776754678_655.txt air/gen_1776754681_656.txt air/gen_1776754686_658.txt air/gen_1776754694_661.txt air/gen_1776754696_662.txt air/gen_1776754702_664.txt air/gen_1776754709_667.txt air/gen_1776754717_670.txt air/gen_1776754725_673.txt air/gen_1776754727_674.txt air/gen_1776754732_676.txt air/gen_1776754740_679.txt air/gen_1776754743_680.txt air/gen_1776754748_682.txt air/gen_1776754755_685.txt]
[trainer] micro-train burst (22439 bytes, novelty 0.03) — and lo, it feeds again.
[syntropy] action=explore | trend=0.0000 | field_dev=-0.041 | purpose_align=0.333 | lr_mul=1.30
[aml] burst complete: 32 steps, avg loss 1.8088 (memory freed)
[dna] water wrote 106 bytes to ecology
[dna] water wrote 31 bytes to ecology
[dna] water wrote 35 bytes to ecology
[dna] water wrote 50 bytes to ecology
[dna] water wrote 75 bytes to ecology
[dna] water wrote 77 bytes to ecology
[dna] water wrote 57 bytes to ecology
[dna] water wrote 50 bytes to ecology
[dna] water wrote 39 bytes to ecology
[dna] water wrote 50 bytes to ecology
[dna] water wrote 46 bytes to ecology
[dna] water wrote 79 bytes to ecology
[dna] water wrote 79 bytes to ecology
[dna] water wrote 50 bytes to ecology
[dna] water wrote 30 bytes to ecology
[dna] water wrote 29 bytes to ecology
[dna] water wrote 83 bytes to ecology
[dna] water wrote 75 bytes to ecology
[dna] water wrote 29 bytes to ecology
[dna] water wrote 98 bytes to ecology
[dna] water wrote 59 bytes to ecology
[dna] water wrote 40 bytes to ecology
[dna] water wrote 30 bytes to ecology
[dna] water wrote 143 bytes to ecology
[dna] water wrote 86 bytes to ecology
[dna] water wrote 107 bytes to ecology
[dna] water wrote 39 bytes to ecology
[dna] water wrote 38 bytes to ecology
[dna] water wrote 73 bytes to ecology
[dna] water wrote 57 bytes to ecology
[dna] water wrote 31 bytes to ecology
[dna] water wrote 113 bytes to ecology
[dna] water wrote 49 bytes to ecology
[debug-onto] tick=50 corpus=148442 stage=2 freeze=0
[dna] water wrote 48 bytes to ecology
[dna] water wrote 138 bytes to ecology
[dna] water wrote 48 bytes to ecology
[dna] water wrote 140 bytes to ecology
[dna] water wrote 121 bytes to ecology
[dna] water wrote 38 bytes to ecology
[dna] water wrote 42 bytes to ecology
[dna] water wrote 37 bytes to ecology
[dna] water wrote 66 bytes to ecology
[dna] water wrote 50 bytes to ecology
[dna] water wrote 39 bytes to ecology
[dna] water wrote 40 bytes to ecology
[dna] water wrote 10 bytes to ecology
[dna] water wrote 36 bytes to ecology
[dna] water wrote 57 bytes to ecology
[dna] water wrote 45 bytes to ecology
[dna] water wrote 107 bytes to ecology
[dna] water wrote 40 bytes to ecology
[dna] water wrote 46 bytes to ecology
[dna] water wrote 35 bytes to ecology
[dna] water wrote 94 bytes to ecology
[dna] water wrote 31 bytes to ecology
[dna] water wrote 50 bytes to ecology
[dna] water wrote 47 bytes to ecology
[dna] water wrote 123 bytes to ecology
[dna] water wrote 60 bytes to ecology
[dna] water wrote 123 bytes to ecology
[dna] water wrote 36 bytes to ecology
[dna] water wrote 116 bytes to ecology
[dna] water wrote 176 bytes to ecology
[dna] water wrote 25 bytes to ecology
[dna] water wrote 36 bytes to ecology
[dna] water wrote 9 bytes to ecology
[dna] water wrote 75 bytes to ecology
[debug-onto] tick=100 corpus=148442 stage=2 freeze=0
[dna] water wrote 53 bytes to ecology
[dna] water wrote 91 bytes to ecology
[dna] water wrote 28 bytes to ecology
[dna] water wrote 59 bytes to ecology
[dna] water wrote 29 bytes to ecology
[dna] water wrote 136 bytes to ecology
[dna] water wrote 56 bytes to ecology
[dna] water wrote 80 bytes to ecology
[dna] water wrote 35 bytes to ecology
[dna] water wrote 25 bytes to ecology
[dna] water wrote 62 bytes to ecology
[dna] water wrote 49 bytes to ecology
[dna] water wrote 32 bytes to ecology
[dna] water wrote 34 bytes to ecology
[dna] water wrote 55 bytes to ecology
[dna] water wrote 8 bytes to ecology
[dna] water wrote 196 bytes to ecology
[dna] water wrote 43 bytes to ecology
[dna] water wrote 43 bytes to ecology
[dna] water wrote 67 bytes to ecology
[dna] water wrote 115 bytes to ecology
[dna] water wrote 176 bytes to ecology
[dna] water wrote 33 bytes to ecology
[dna] water wrote 110 bytes to ecology
[dna] water wrote 69 bytes to ecology
[dna] water wrote 133 bytes to ecology
[dna] water wrote 32 bytes to ecology
[dna] water wrote 11 bytes to ecology
[dna] water wrote 27 bytes to ecology
[dna] water wrote 79 bytes to ecology
[dna] water wrote 32 bytes to ecology
[dna] water wrote 71 bytes to ecology
[dna] water wrote 34 bytes to ecology
[dna] water wrote 51 bytes to ecology
[dna] water wrote 115 bytes to ecology
[dna] water wrote 38 bytes to ecology
[dna] water wrote 25 bytes to ecology
[dna] water wrote 91 bytes to ecology
[debug-onto] tick=150 corpus=148442 stage=2 freeze=0
[dna] water wrote 150 bytes to ecology
[dna] water wrote 33 bytes to ecology
[dna] water wrote 50 bytes to ecology
[dna] water wrote 30 bytes to ecology
[dna] water wrote 134 bytes to ecology
[dna] water wrote 103 bytes to ecology
[dna] water wrote 46 bytes to ecology
[dna] water wrote 78 bytes to ecology
[dna] water wrote 64 bytes to ecology
[dna] water wrote 88 bytes to ecology
[dna] water wrote 51 bytes to ecology
[dna] water wrote 30 bytes to ecology
[dna] water wrote 17 bytes to ecology
[dna] water wrote 85 bytes to ecology
[dna] water wrote 21 bytes to ecology
[dna] water wrote 65 bytes to ecology
[dna] water wrote 51 bytes to ecology
[dna] water wrote 22 bytes to ecology
[dna] water wrote 175 bytes to ecology
[dna] water wrote 57 bytes to ecology
[dna] water wrote 50 bytes to ecology
[dna] water wrote 32 bytes to ecology
[dna] water wrote 28 bytes to ecology
[dna] water wrote 20 bytes to ecology
[dna] water wrote 35 bytes to ecology
[dna] water wrote 25 bytes to ecology
[dna] water wrote 41 bytes to ecology
[dna] water wrote 52 bytes to ecology
[dna] water wrote 51 bytes to ecology
[dna] water wrote 67 bytes to ecology
[dna] water wrote 51 bytes to ecology
[dna] water wrote 79 bytes to ecology
[dna] water wrote 17 bytes to ecology
[debug-onto] tick=200 corpus=148442 stage=2 freeze=0
[dna] water wrote 36 bytes to ecology
[dna] water wrote 66 bytes to ecology
[dna] water wrote 38 bytes to ecology
[dna] water wrote 86 bytes to ecology
[dna] water wrote 81 bytes to ecology
[dna] water wrote 15 bytes to ecology
[dna] water wrote 26 bytes to ecology
[dna] water wrote 14 bytes to ecology
[dna] water wrote 69 bytes to ecology
[dna] water wrote 53 bytes to ecology
[dna] water wrote 61 bytes to ecology
[dna] water wrote 109 bytes to ecology
[dna] water wrote 33 bytes to ecology
[dna] water wrote 244 bytes to ecology
[dna] water wrote 53 bytes to ecology
[dna] water wrote 147 bytes to ecology
[dna] water wrote 113 bytes to ecology
[dna] water wrote 100 bytes to ecology
[dna] water wrote 66 bytes to ecology
[dna] water wrote 43 bytes to ecology
[dna] water wrote 69 bytes to ecology
[dna] water wrote 18 bytes to ecology
[dna] water wrote 59 bytes to ecology
[dna] water wrote 67 bytes to ecology
[dna] water wrote 84 bytes to ecology
[dna] water wrote 40 bytes to ecology
[dna] water wrote 22 bytes to ecology
[dna] water wrote 114 bytes to ecology
[dna] water wrote 116 bytes to ecology
[dna] water wrote 106 bytes to ecology
[dna] water wrote 77 bytes to ecology
[dna] water wrote 78 bytes to ecology
[dna] water wrote 102 bytes to ecology
[dna] water wrote 72 bytes to ecology
[debug-onto] tick=250 corpus=148442 stage=2 freeze=0
[dna] water wrote 22 bytes to ecology
[dna] water wrote 36 bytes to ecology
[dna] water wrote 13 bytes to ecology
[dna] water wrote 38 bytes to ecology
[dna] water wrote 120 bytes to ecology
[dna] water wrote 78 bytes to ecology
[dna] water wrote 35 bytes to ecology
[dna] water wrote 84 bytes to ecology
[dna] water wrote 69 bytes to ecology
[dna] water wrote 86 bytes to ecology
[dna] water wrote 38 bytes to ecology
[dna] water wrote 73 bytes to ecology
[dna] water wrote 67 bytes to ecology
[dna] water wrote 123 bytes to ecology
[dna] water wrote 82 bytes to ecology
[dna] water wrote 94 bytes to ecology
[dna] water wrote 30 bytes to ecology
[dna] water wrote 49 bytes to ecology
[dna] water wrote 45 bytes to ecology
[dna] water wrote 61 bytes to ecology
[dna] water wrote 199 bytes to ecology
[dna] water wrote 36 bytes to ecology
[dna] water wrote 41 bytes to ecology
[dna] water wrote 68 bytes to ecology
[dna] water wrote 51 bytes to ecology
[dna] water wrote 88 bytes to ecology
[dna] water wrote 51 bytes to ecology
[dna] water wrote 29 bytes to ecology
[dna] water wrote 14 bytes to ecology
[dna] water wrote 87 bytes to ecology
[dna] water wrote 48 bytes to ecology
[dna] water wrote 57 bytes to ecology
[dna] water wrote 47 bytes to ecology
[dna] water wrote 65 bytes to ecology
[dna] water wrote 41 bytes to ecology
[debug-onto] tick=300 corpus=148442 stage=2 freeze=0
[dna] water wrote 79 bytes to ecology
[dna] water wrote 82 bytes to ecology
[dna] water wrote 51 bytes to ecology
[dna] water wrote 77 bytes to ecology
[dna] water wrote 46 bytes to ecology
[dna] water wrote 46 bytes to ecology
[dna] water wrote 56 bytes to ecology
[dna] water wrote 49 bytes to ecology
[dna] water wrote 33 bytes to ecology
[dna] water wrote 63 bytes to ecology
[dna] water wrote 69 bytes to ecology
[dna] water wrote 43 bytes to ecology
[dna] water wrote 42 bytes to ecology
[dna] water wrote 46 bytes to ecology
[dna] water wrote 64 bytes to ecology
[dna] water wrote 35 bytes to ecology
[dna] water wrote 34 bytes to ecology
[dna] water wrote 14 bytes to ecology
[dna] water wrote 150 bytes to ecology
[dna] water wrote 29 bytes to ecology
[dna] water wrote 19 bytes to ecology
[dna] water wrote 51 bytes to ecology
[dna] water wrote 55 bytes to ecology
[dna] water wrote 152 bytes to ecology
[dna] water wrote 71 bytes to ecology
[dna] water wrote 67 bytes to ecology
[dna] water wrote 116 bytes to ecology
[dna] water wrote 44 bytes to ecology
[dna] water wrote 128 bytes to ecology
[dna] water wrote 29 bytes to ecology
[dna] water wrote 77 bytes to ecology
[dna] water wrote 80 bytes to ecology
[dna] water wrote 123 bytes to ecology
[dna] water wrote 107 bytes to ecology
[dna] water wrote 8 bytes to ecology
[dna] water wrote 47 bytes to ecology
[dna] water wrote 34 bytes to ecology
[debug-onto] tick=350 corpus=148442 stage=2 freeze=0
[dna] water wrote 76 bytes to ecology
[dna] water wrote 34 bytes to ecology
[dna] water wrote 29 bytes to ecology
[dna] water wrote 38 bytes to ecology
[dna] water wrote 53 bytes to ecology
[dna] water wrote 25 bytes to ecology
[dna] water wrote 37 bytes to ecology
[dna] water wrote 71 bytes to ecology
[dna] water wrote 29 bytes to ecology
[dna] water wrote 36 bytes to ecology
[dna] water wrote 50 bytes to ecology
[dna] water wrote 39 bytes to ecology
[dna] water wrote 170 bytes to ecology
[dna] water wrote 38 bytes to ecology
[dna] water wrote 104 bytes to ecology
[dna] water wrote 70 bytes to ecology
[dna] water wrote 101 bytes to ecology
[dna] water wrote 99 bytes to ecology
[dna] water wrote 43 bytes to ecology
[dna] water wrote 39 bytes to ecology
[dna] water wrote 138 bytes to ecology
[dna] water wrote 41 bytes to ecology
[dna] water wrote 36 bytes to ecology
[dna] water wrote 53 bytes to ecology
[dna] water wrote 124 bytes to ecology
[dna] water wrote 44 bytes to ecology
[dna] water wrote 34 bytes to ecology
[dna] water wrote 63 bytes to ecology
[dna] water wrote 63 bytes to ecology
[dna] water wrote 31 bytes to ecology
[dna] water wrote 50 bytes to ecology
[dna] water wrote 60 bytes to ecology
[dna] water wrote 36 bytes to ecology
[debug-onto] tick=400 corpus=148442 stage=2 freeze=0
[dna] water wrote 52 bytes to ecology
[dna] water wrote 34 bytes to ecology
[dna] water wrote 25 bytes to ecology
[dna] water wrote 52 bytes to ecology
[dna] water wrote 77 bytes to ecology
[dna] water wrote 80 bytes to ecology
[dna] water wrote 30 bytes to ecology
[dna] water wrote 119 bytes to ecology
[dna] water wrote 65 bytes to ecology
[dna] water wrote 52 bytes to ecology
[dna] water wrote 41 bytes to ecology
[dna] water wrote 30 bytes to ecology
[dna] water wrote 31 bytes to ecology
[dna] water wrote 22 bytes to ecology
[dna] water wrote 29 bytes to ecology
[dna] water wrote 25 bytes to ecology
[dna] water wrote 38 bytes to ecology
[dna] water wrote 63 bytes to ecology
[dna] water wrote 62 bytes to ecology
[dna] water wrote 28 bytes to ecology
[dna] water wrote 44 bytes to ecology
[dna] water wrote 67 bytes to ecology
[dna] water wrote 43 bytes to ecology
[dna] water wrote 53 bytes to ecology
[dna] water wrote 31 bytes to ecology
[dna] water wrote 161 bytes to ecology
[dna] water wrote 71 bytes to ecology
[dna] water wrote 60 bytes to ecology
[dna] water wrote 33 bytes to ecology
[dna] water wrote 91 bytes to ecology
[dna] water wrote 41 bytes to ecology
[dna] water wrote 83 bytes to ecology
[dna] water wrote 115 bytes to ecology
[dna] water wrote 46 bytes to ecology
[dna] water wrote 75 bytes to ecology
[debug-onto] tick=450 corpus=148442 stage=2 freeze=0
[dna] water wrote 69 bytes to ecology
[dna] water wrote 75 bytes to ecology
[dna] water wrote 84 bytes to ecology
[dna] water wrote 93 bytes to ecology
[dna] water wrote 112 bytes to ecology
[dna] water wrote 34 bytes to ecology
[dna] water wrote 117 bytes to ecology
[dna] water wrote 15 bytes to ecology
[dna] water wrote 28 bytes to ecology
[dna] water wrote 46 bytes to ecology
[dna] water wrote 75 bytes to ecology
[dna] water wrote 47 bytes to ecology
[dna] water wrote 37 bytes to ecology
[dna] water wrote 87 bytes to ecology
[dna] water wrote 88 bytes to ecology
[dna] water wrote 34 bytes to ecology
[dna] water wrote 102 bytes to ecology
[dna] water wrote 43 bytes to ecology
[dna] water wrote 107 bytes to ecology
[dna] water wrote 50 bytes to ecology
[dna] water wrote 103 bytes to ecology
[dna] water wrote 72 bytes to ecology
[dna] water wrote 19 bytes to ecology
[dna] water wrote 43 bytes to ecology
[dna] water wrote 146 bytes to ecology
[dna] water wrote 69 bytes to ecology
[dna] water wrote 94 bytes to ecology
[dna] water wrote 66 bytes to ecology
[dna] water wrote 148 bytes to ecology
[dna] water wrote 90 bytes to ecology
[dna] water wrote 55 bytes to ecology
[dna] water wrote 62 bytes to ecology
[dna] water wrote 34 bytes to ecology
[debug-onto] tick=500 corpus=148442 stage=2 freeze=0
[dna] water wrote 27 bytes to ecology
[dna] water wrote 46 bytes to ecology
[dna] water wrote 72 bytes to ecology
[dna] water wrote 142 bytes to ecology
[dna] water wrote 35 bytes to ecology
[dna] water wrote 25 bytes to ecology
[dna] water wrote 40 bytes to ecology
[dna] water wrote 36 bytes to ecology
[dna] water wrote 40 bytes to ecology
[dna] water wrote 29 bytes to ecology
[dna] water wrote 40 bytes to ecology
[dna] water wrote 132 bytes to ecology
[dna] water wrote 45 bytes to ecology
[dna] water wrote 29 bytes to ecology
[dna] water wrote 105 bytes to ecology
[dna] water wrote 37 bytes to ecology
[dna] water wrote 31 bytes to ecology
[dna] water wrote 77 bytes to ecology
[dna] water wrote 41 bytes to ecology
[dna] water wrote 119 bytes to ecology
[dna] water wrote 24 bytes to ecology
[dna] water wrote 86 bytes to ecology
[dna] water wrote 18 bytes to ecology
[dna] water wrote 65 bytes to ecology
[dna] water wrote 96 bytes to ecology
[dna] water wrote 21 bytes to ecology
[dna] water wrote 28 bytes to ecology
[dna] water wrote 83 bytes to ecology
[dna] water wrote 55 bytes to ecology
[dna] water wrote 35 bytes to ecology
[dna] water wrote 47 bytes to ecology
[dna] water wrote 45 bytes to ecology
[dna] water wrote 62 bytes to ecology
[dna] water wrote 60 bytes to ecology
[dna] water wrote 36 bytes to ecology
[debug-onto] tick=550 corpus=148442 stage=2 freeze=0
[dna] water wrote 142 bytes to ecology
[dna] water wrote 106 bytes to ecology
[dna] water wrote 65 bytes to ecology
[dna] water wrote 108 bytes to ecology
[dna] water wrote 49 bytes to ecology
[dna] water wrote 65 bytes to ecology
[dna] water wrote 11 bytes to ecology
[dna] water wrote 166 bytes to ecology
[dna] water wrote 56 bytes to ecology
[dna] water wrote 41 bytes to ecology
[dna] water wrote 60 bytes to ecology
[dna] water wrote 38 bytes to ecology
[dna] water wrote 31 bytes to ecology
[dna] water wrote 91 bytes to ecology
[dna] water wrote 76 bytes to ecology
[dna] water wrote 49 bytes to ecology
[dna] water wrote 65 bytes to ecology
[dna] water wrote 44 bytes to ecology
[dna] water wrote 38 bytes to ecology
[dna] water wrote 54 bytes to ecology
[dna] water wrote 72 bytes to ecology
[dna] water wrote 48 bytes to ecology
[dna] water wrote 36 bytes to ecology
[dna] water wrote 57 bytes to ecology
[dna] water wrote 100 bytes to ecology
[dna] water wrote 54 bytes to ecology
[dna] water wrote 55 bytes to ecology
[dna] water wrote 23 bytes to ecology
[dna] water wrote 54 bytes to ecology
[dna] water wrote 13 bytes to ecology
[dna] water wrote 104 bytes to ecology
[dna] water wrote 49 bytes to ecology
[dna] water wrote 30 bytes to ecology
[dna] water wrote 45 bytes to ecology
[debug-onto] tick=600 corpus=148442 stage=2 freeze=0
[dna] water wrote 124 bytes to ecology

[evolution] Organism shutting down gracefully.
