[ecology] Element: air → corpus: nonames_air.txt
[evolution] Autonomous evolution mode — organism will grow through all stages without pause.
[ecology] Joined swarm. 1 peer(s) detected.
molequla is alive. [evolution] Autonomous mode — background trainer running. Ctrl+C to stop.
[dna] air wrote 43 bytes to ecology
[dna] air consumed 30877 bytes from 348 files: [earth/gen_1775540708_1.txt earth/gen_1775540717_4.txt earth/gen_1775540722_6.txt earth/gen_1775540725_7.txt earth/gen_1775540733_10.txt earth/gen_1775540738_12.txt earth/gen_1775540741_13.txt earth/gen_1775540749_16.txt earth/gen_1775540752_17.txt earth/gen_1775540755_18.txt earth/gen_1775540758_19.txt earth/gen_1775540766_22.txt earth/gen_1775540771_24.txt earth/gen_1775540774_25.txt earth/gen_1775540782_28.txt earth/gen_1775540785_29.txt earth/gen_1775540788_30.txt earth/gen_1775540790_31.txt earth/gen_1775540798_34.txt earth/gen_1775540801_35.txt earth/gen_1775540804_36.txt earth/gen_1775540807_37.txt earth/gen_1775540815_40.txt earth/gen_1775540818_41.txt earth/gen_1775540820_42.txt earth/gen_1775540823_43.txt earth/gen_1775540831_46.txt earth/gen_1775540834_47.txt earth/gen_1775540839_49.txt earth/gen_1775540848_52.txt earth/gen_1775540853_54.txt earth/gen_1775540856_55.txt earth/gen_1775540864_58.txt earth/gen_1775540869_60.txt earth/gen_1775540872_61.txt earth/gen_1775540880_64.txt earth/gen_1775540883_65.txt earth/gen_1775540889_67.txt earth/gen_1775540897_70.txt earth/gen_1775540905_73.txt earth/gen_1775540913_76.txt earth/gen_1775540916_77.txt earth/gen_1775540918_78.txt earth/gen_1775540921_79.txt earth/gen_1775540929_82.txt earth/gen_1775540932_83.txt earth/gen_1775540935_84.txt earth/gen_1775540938_85.txt earth/gen_1775540946_88.txt earth/gen_1775540951_90.txt earth/gen_1775540954_91.txt earth/gen_1775540962_94.txt earth/gen_1775540965_95.txt earth/gen_1775540970_97.txt earth/gen_1775540978_100.txt earth/gen_1775540984_102.txt earth/gen_1775540986_103.txt earth/gen_1775540995_106.txt earth/gen_1775541000_108.txt earth/gen_1775541003_109.txt earth/gen_1775541011_112.txt earth/gen_1775541017_114.txt earth/gen_1775541019_115.txt earth/gen_1775541028_118.txt earth/gen_1775541036_121.txt earth/gen_1775541044_124.txt earth/gen_1775541050_126.txt earth/gen_1775541053_127.txt earth/gen_1775541061_130.txt earth/gen_1775541064_131.txt earth/gen_1775541067_132.txt earth/gen_1775541069_133.txt earth/gen_1775541078_136.txt earth/gen_1775541083_138.txt earth/gen_1775541086_139.txt earth/gen_1775541094_142.txt earth/gen_1775541100_144.txt earth/gen_1775541102_145.txt earth/gen_1775541111_148.txt earth/gen_1775541114_149.txt earth/gen_1775541116_150.txt earth/gen_1775541119_151.txt earth/gen_1775541127_154.txt earth/gen_1775541133_156.txt earth/gen_1775541136_157.txt earth/gen_1775541144_160.txt earth/gen_1775541147_161.txt earth/gen_1775541152_163.txt earth/gen_1775541161_166.txt earth/gen_1775541163_167.txt earth/gen_1775541166_168.txt earth/gen_1775541169_169.txt earth/gen_1775541177_172.txt earth/gen_1775541183_174.txt earth/gen_1775541186_175.txt earth/gen_1775541194_178.txt earth/gen_1775541199_180.txt earth/gen_1775541202_181.txt earth/gen_1775541210_184.txt earth/gen_1775541216_186.txt earth/gen_1775541219_187.txt earth/gen_1775541227_190.txt earth/gen_1775541232_192.txt earth/gen_1775541235_193.txt earth/gen_1775541243_196.txt earth/gen_1775541249_198.txt earth/gen_1775541252_199.txt earth/gen_1775541260_202.txt earth/gen_1775541263_203.txt earth/gen_1775541268_205.txt earth/gen_1775541276_208.txt earth/gen_1775541279_209.txt earth/gen_1775541282_210.txt earth/gen_1775541284_211.txt earth/gen_1775541293_214.txt earth/gen_1775541301_217.txt earth/gen_1775541309_220.txt earth/gen_1775541312_221.txt earth/gen_1775541315_222.txt earth/gen_1775541317_223.txt earth/gen_1775541326_226.txt earth/gen_1775541328_227.txt earth/gen_1775541331_228.txt earth/gen_1775541334_229.txt earth/gen_1775541342_232.txt earth/gen_1775541350_235.txt earth/gen_1775541358_238.txt earth/gen_1775541361_239.txt earth/gen_1775541366_241.txt earth/gen_1775541374_244.txt earth/gen_1775541377_245.txt earth/gen_1775541383_247.txt earth/gen_1775541391_250.txt earth/gen_1775541393_251.txt earth/gen_1775541396_252.txt earth/gen_1775541399_253.txt earth/gen_1775541407_256.txt earth/gen_1775541415_259.txt earth/gen_1775541423_262.txt earth/gen_1775541426_263.txt earth/gen_1775541429_264.txt earth/gen_1775541431_265.txt earth/gen_1775541440_268.txt earth/gen_1775541442_269.txt earth/gen_1775541445_270.txt earth/gen_1775541448_271.txt earth/gen_1775541456_274.txt earth/gen_1775541458_275.txt earth/gen_1775541464_277.txt earth/gen_1775541472_280.txt earth/gen_1775541475_281.txt earth/gen_1775541477_282.txt earth/gen_1775541480_283.txt earth/gen_1775541488_286.txt earth/gen_1775541491_287.txt earth/gen_1775541496_289.txt earth/gen_1775541504_292.txt earth/gen_1775541510_294.txt earth/gen_1775541512_295.txt earth/gen_1775541520_298.txt earth/gen_1775541523_299.txt earth/gen_1775541526_300.txt earth/gen_1775541528_301.txt earth/gen_1775541536_304.txt earth/gen_1775541539_305.txt earth/gen_1775541542_306.txt earth/gen_1775541544_307.txt earth/gen_1775541552_310.txt earth/gen_1775541555_311.txt earth/gen_1775541560_313.txt earth/gen_1775541568_316.txt earth/gen_1775541574_318.txt earth/gen_1775541576_319.txt earth/gen_1775541584_322.txt earth/gen_1775541590_324.txt earth/gen_1775541592_325.txt earth/gen_1775541601_328.txt earth/gen_1775541606_330.txt earth/gen_1775541609_331.txt earth/gen_1775541617_334.txt earth/gen_1775541619_335.txt earth/gen_1775541625_337.txt earth/gen_1775541633_340.txt earth/gen_1775541635_341.txt earth/gen_1775541638_342.txt earth/gen_1775541641_343.txt earth/gen_1775541649_346.txt earth/gen_1775541651_347.txt earth/gen_1775541657_349.txt earth/gen_1775541665_352.txt earth/gen_1775541668_353.txt earth/gen_1775541670_354.txt earth/gen_1775541673_355.txt earth/gen_1775541681_358.txt earth/gen_1775541689_361.txt earth/gen_1775541697_364.txt earth/gen_1775541700_365.txt earth/gen_1775541706_367.txt earth/gen_1775541714_370.txt earth/gen_1775541717_371.txt earth/gen_1775541719_372.txt earth/gen_1775541722_373.txt earth/gen_1775541730_376.txt earth/gen_1775541733_377.txt earth/gen_1775541736_378.txt earth/gen_1775541738_379.txt earth/gen_1775541747_382.txt earth/gen_1775541749_383.txt earth/gen_1775541755_385.txt earth/gen_1775541763_388.txt earth/gen_1775541771_391.txt earth/gen_1775541779_394.txt earth/gen_1775541782_395.txt earth/gen_1775541785_396.txt earth/gen_1775541787_397.txt earth/gen_1775541796_400.txt earth/gen_1775541799_401.txt earth/gen_1775541801_402.txt earth/gen_1775541804_403.txt earth/gen_1775541812_406.txt earth/gen_1775541815_407.txt earth/gen_1775541818_408.txt earth/gen_1775541820_409.txt earth/gen_1775541829_412.txt earth/gen_1775541834_414.txt earth/gen_1775541837_415.txt earth/gen_1775541845_418.txt earth/gen_1775541848_419.txt earth/gen_1775541853_421.txt earth/gen_1775541861_424.txt earth/gen_1775541867_426.txt earth/gen_1775541870_427.txt earth/gen_1775541878_430.txt earth/gen_1775541880_431.txt earth/gen_1775541886_433.txt earth/gen_1775541894_436.txt earth/gen_1775541897_437.txt earth/gen_1775541902_439.txt earth/gen_1775541910_442.txt earth/gen_1775541913_443.txt earth/gen_1775541915_444.txt earth/gen_1775541918_445.txt earth/gen_1775541926_448.txt earth/gen_1775541932_450.txt earth/gen_1775541934_451.txt earth/gen_1775541942_454.txt earth/gen_1775541951_457.txt earth/gen_1775541959_460.txt earth/gen_1775541961_461.txt earth/gen_1775541964_462.txt earth/gen_1775541967_463.txt earth/gen_1775541975_466.txt earth/gen_1775541978_467.txt earth/gen_1775541981_468.txt earth/gen_1775541983_469.txt earth/gen_1775541991_472.txt earth/gen_1775541999_475.txt earth/gen_1775542008_478.txt earth/gen_1775542010_479.txt earth/gen_1775542016_481.txt earth/gen_1775542024_484.txt earth/gen_1775542027_485.txt earth/gen_1775542029_486.txt earth/gen_1775542032_487.txt earth/gen_1775542040_490.txt earth/gen_1775542043_491.txt earth/gen_1775542046_492.txt earth/gen_1775542049_493.txt earth/gen_1775542057_496.txt earth/gen_1775542060_497.txt earth/gen_1775542063_498.txt earth/gen_1775542066_499.txt earth/gen_1775542074_502.txt earth/gen_1775542082_505.txt earth/gen_1775542091_508.txt earth/gen_1775542096_510.txt earth/gen_1775542099_511.txt earth/gen_1775542107_514.txt earth/gen_1775542115_517.txt earth/gen_1775542124_520.txt earth/gen_1775542129_522.txt earth/gen_1775542132_523.txt earth/gen_1775542140_526.txt earth/gen_1775542146_528.txt earth/gen_1775542148_529.txt earth/gen_1775542157_532.txt earth/gen_1775542165_535.txt earth/gen_1775542173_538.txt earth/gen_1775542176_539.txt earth/gen_1775542178_540.txt earth/gen_1775542181_541.txt earth/gen_1775542189_544.txt earth/gen_1775542192_545.txt earth/gen_1775542195_546.txt earth/gen_1775542198_547.txt earth/gen_1775542206_550.txt earth/gen_1775542211_552.txt earth/gen_1775542214_553.txt earth/gen_1775542222_556.txt earth/gen_1775542225_557.txt earth/gen_1775542231_559.txt earth/gen_1775542239_562.txt earth/gen_1775542244_564.txt earth/gen_1775542247_565.txt earth/gen_1775542255_568.txt earth/gen_1775542258_569.txt earth/gen_1775542263_571.txt earth/gen_1775542272_574.txt earth/gen_1775542274_575.txt earth/gen_1775542280_577.txt earth/gen_1775542288_580.txt earth/gen_1775542291_581.txt earth/gen_1775542296_583.txt earth/gen_1775542304_586.txt earth/gen_1775542307_587.txt earth/gen_1775542309_588.txt earth/gen_1775542312_589.txt earth/gen_1775542320_592.txt earth/gen_1775542323_593.txt earth/gen_1775542328_595.txt earth/gen_1775542336_598.txt earth/gen_1775542339_599.txt earth/gen_1775542342_600.txt earth/gen_1775542344_601.txt earth/gen_1775542353_604.txt earth/gen_1775542358_606.txt earth/gen_1775542361_607.txt earth/gen_1775542369_610.txt earth/gen_1775542371_611.txt earth/gen_1775542377_613.txt earth/gen_1775542385_616.txt earth/gen_1775542387_617.txt earth/gen_1775542393_619.txt earth/gen_1775542401_622.txt earth/gen_1775542406_624.txt earth/gen_1775542409_625.txt earth/gen_1775542417_628.txt earth/gen_1775542420_629.txt earth/gen_1775542425_631.txt earth/gen_1775542433_634.txt earth/gen_1775542441_637.txt earth/gen_1775542449_640.txt earth/gen_1775542455_642.txt earth/gen_1775542458_643.txt earth/gen_1775542466_646.txt earth/gen_1775542469_647.txt earth/gen_1775542471_648.txt earth/gen_1775542474_649.txt]
[trainer] micro-train burst (30877 bytes, novelty 0.02) — and lo, it feeds again.
[syntropy] action=explore | trend=0.0000 | field_dev=-0.036 | purpose_align=0.180 | lr_mul=1.30
[aml] burst complete: 32 steps, avg loss 2.6814 (memory freed)
[dna] air wrote 15 bytes to ecology
[dna] air wrote 110 bytes to ecology
[dna] air wrote 39 bytes to ecology
[dna] air wrote 76 bytes to ecology
[dna] air wrote 52 bytes to ecology
[dna] air wrote 33 bytes to ecology
[dna] air wrote 45 bytes to ecology
[dna] air wrote 35 bytes to ecology
[dna] air wrote 57 bytes to ecology
[dna] air wrote 44 bytes to ecology
[dna] air wrote 26 bytes to ecology
[dna] air wrote 45 bytes to ecology
[dna] air wrote 139 bytes to ecology
[dna] air wrote 49 bytes to ecology
[dna] air wrote 84 bytes to ecology
[dna] air wrote 274 bytes to ecology
[dna] air wrote 26 bytes to ecology
[dna] air wrote 235 bytes to ecology
[dna] air wrote 61 bytes to ecology
[dna] air wrote 126 bytes to ecology
[dna] air wrote 46 bytes to ecology
[dna] air wrote 24 bytes to ecology
[dna] air wrote 130 bytes to ecology
[dna] air wrote 38 bytes to ecology
[debug-onto] tick=50 corpus=153541 stage=2 freeze=0
[dna] air wrote 61 bytes to ecology
[dna] air wrote 36 bytes to ecology
[dna] air wrote 110 bytes to ecology
[dna] air wrote 42 bytes to ecology
[dna] air wrote 154 bytes to ecology
[dna] air wrote 38 bytes to ecology
[dna] air wrote 87 bytes to ecology
[dna] air wrote 44 bytes to ecology
[dna] air wrote 268 bytes to ecology
[dna] air wrote 78 bytes to ecology
[dna] air wrote 86 bytes to ecology
[dna] air wrote 56 bytes to ecology
[dna] air wrote 63 bytes to ecology
[dna] air wrote 84 bytes to ecology
[dna] air wrote 47 bytes to ecology
[dna] air wrote 49 bytes to ecology
[dna] air wrote 56 bytes to ecology
[dna] air wrote 47 bytes to ecology
[dna] air wrote 110 bytes to ecology
[dna] air wrote 99 bytes to ecology
[dna] air wrote 12 bytes to ecology
[dna] air wrote 40 bytes to ecology
[dna] air wrote 63 bytes to ecology
[dna] air wrote 26 bytes to ecology
[dna] air wrote 27 bytes to ecology
[dna] air wrote 95 bytes to ecology
[debug-onto] tick=100 corpus=153541 stage=2 freeze=0
[dna] air wrote 82 bytes to ecology
[dna] air wrote 33 bytes to ecology
[dna] air wrote 75 bytes to ecology
[dna] air wrote 32 bytes to ecology
[dna] air wrote 196 bytes to ecology
[dna] air wrote 65 bytes to ecology
[dna] air wrote 18 bytes to ecology
[dna] air wrote 106 bytes to ecology
[dna] air wrote 31 bytes to ecology
[dna] air wrote 32 bytes to ecology
[dna] air wrote 36 bytes to ecology
[dna] air wrote 117 bytes to ecology
[dna] air wrote 338 bytes to ecology
[dna] air wrote 23 bytes to ecology
[dna] air wrote 193 bytes to ecology
[dna] air wrote 47 bytes to ecology
[dna] air wrote 85 bytes to ecology
[dna] air wrote 68 bytes to ecology
[dna] air wrote 105 bytes to ecology
[dna] air wrote 124 bytes to ecology
[dna] air wrote 80 bytes to ecology
[dna] air wrote 151 bytes to ecology
[dna] air wrote 105 bytes to ecology
[dna] air wrote 50 bytes to ecology
[dna] air wrote 51 bytes to ecology
[dna] air wrote 63 bytes to ecology
[debug-onto] tick=150 corpus=153541 stage=2 freeze=0
[dna] air wrote 65 bytes to ecology
[dna] air wrote 70 bytes to ecology
[dna] air wrote 119 bytes to ecology
[dna] air wrote 17 bytes to ecology
[dna] air wrote 214 bytes to ecology
[dna] air wrote 94 bytes to ecology
[dna] air wrote 39 bytes to ecology
[dna] air wrote 110 bytes to ecology
[dna] air wrote 27 bytes to ecology
[dna] air wrote 23 bytes to ecology
[dna] air wrote 136 bytes to ecology
[dna] air wrote 168 bytes to ecology
[dna] air wrote 65 bytes to ecology
[dna] air wrote 68 bytes to ecology
[dna] air wrote 50 bytes to ecology
[dna] air wrote 16 bytes to ecology
[dna] air wrote 27 bytes to ecology
[dna] air wrote 213 bytes to ecology
[dna] air wrote 92 bytes to ecology
[dna] air wrote 205 bytes to ecology
[dna] air wrote 62 bytes to ecology
[dna] air wrote 74 bytes to ecology
[dna] air wrote 34 bytes to ecology
[dna] air wrote 31 bytes to ecology
[dna] air wrote 100 bytes to ecology
[debug-onto] tick=200 corpus=153541 stage=2 freeze=0
[dna] air wrote 118 bytes to ecology
[dna] air wrote 75 bytes to ecology
[dna] air wrote 43 bytes to ecology
[dna] air wrote 90 bytes to ecology
[dna] air wrote 109 bytes to ecology
[dna] air wrote 89 bytes to ecology
[dna] air wrote 72 bytes to ecology
[dna] air wrote 60 bytes to ecology
[dna] air wrote 54 bytes to ecology
[dna] air wrote 58 bytes to ecology
[dna] air wrote 75 bytes to ecology
[dna] air wrote 91 bytes to ecology
[dna] air wrote 48 bytes to ecology
[dna] air wrote 105 bytes to ecology
[dna] air wrote 88 bytes to ecology
[dna] air wrote 13 bytes to ecology
[dna] air wrote 76 bytes to ecology
[dna] air wrote 111 bytes to ecology
[dna] air wrote 46 bytes to ecology
[dna] air wrote 25 bytes to ecology
[dna] air wrote 40 bytes to ecology
[dna] air wrote 35 bytes to ecology
[dna] air wrote 67 bytes to ecology
[dna] air wrote 96 bytes to ecology
[dna] air wrote 80 bytes to ecology
[dna] air wrote 57 bytes to ecology
[dna] air wrote 52 bytes to ecology
[debug-onto] tick=250 corpus=153541 stage=2 freeze=0
[dna] air wrote 65 bytes to ecology
[dna] air wrote 80 bytes to ecology
[dna] air wrote 23 bytes to ecology
[dna] air wrote 62 bytes to ecology
[dna] air wrote 45 bytes to ecology
[dna] air wrote 71 bytes to ecology
[dna] air wrote 36 bytes to ecology
[dna] air wrote 79 bytes to ecology
[dna] air wrote 82 bytes to ecology
[dna] air wrote 57 bytes to ecology
[dna] air wrote 59 bytes to ecology
[dna] air wrote 121 bytes to ecology
[dna] air wrote 18 bytes to ecology
[dna] air wrote 117 bytes to ecology
[dna] air wrote 91 bytes to ecology
[dna] air wrote 54 bytes to ecology
[dna] air wrote 138 bytes to ecology
[dna] air wrote 58 bytes to ecology
[dna] air wrote 74 bytes to ecology
[dna] air wrote 65 bytes to ecology
[dna] air wrote 38 bytes to ecology
[dna] air wrote 51 bytes to ecology
[dna] air wrote 203 bytes to ecology
[dna] air wrote 66 bytes to ecology
[dna] air wrote 169 bytes to ecology
[debug-onto] tick=300 corpus=153541 stage=2 freeze=0
[dna] air wrote 188 bytes to ecology
[dna] air wrote 61 bytes to ecology
[dna] air wrote 260 bytes to ecology
[dna] air wrote 53 bytes to ecology
[dna] air wrote 33 bytes to ecology
[dna] air wrote 124 bytes to ecology
[dna] air wrote 61 bytes to ecology
[dna] air wrote 41 bytes to ecology
[dna] air wrote 47 bytes to ecology
[dna] air wrote 74 bytes to ecology
[dna] air wrote 26 bytes to ecology
[dna] air wrote 54 bytes to ecology
[dna] air wrote 47 bytes to ecology
[dna] air wrote 36 bytes to ecology
[dna] air wrote 25 bytes to ecology
[dna] air wrote 117 bytes to ecology
[dna] air wrote 45 bytes to ecology
[dna] air wrote 171 bytes to ecology
[dna] air wrote 102 bytes to ecology
[dna] air wrote 51 bytes to ecology
[dna] air wrote 101 bytes to ecology
[dna] air wrote 22 bytes to ecology
[dna] air wrote 111 bytes to ecology
[dna] air wrote 23 bytes to ecology
[dna] air wrote 98 bytes to ecology
[debug-onto] tick=350 corpus=153541 stage=2 freeze=0
[dna] air wrote 32 bytes to ecology
[dna] air wrote 216 bytes to ecology
[dna] air wrote 101 bytes to ecology
[dna] air wrote 60 bytes to ecology
[dna] air wrote 33 bytes to ecology
[dna] air wrote 54 bytes to ecology
[dna] air wrote 34 bytes to ecology
[dna] air wrote 187 bytes to ecology
[dna] air wrote 37 bytes to ecology
[dna] air wrote 77 bytes to ecology
[dna] air wrote 28 bytes to ecology
[dna] air wrote 85 bytes to ecology
[dna] air wrote 91 bytes to ecology
[dna] air wrote 38 bytes to ecology
[dna] air wrote 25 bytes to ecology
[dna] air wrote 45 bytes to ecology
[dna] air wrote 40 bytes to ecology
[dna] air wrote 72 bytes to ecology
[dna] air wrote 91 bytes to ecology
[dna] air wrote 31 bytes to ecology
[dna] air wrote 60 bytes to ecology
[dna] air wrote 186 bytes to ecology
[dna] air wrote 46 bytes to ecology
[dna] air wrote 58 bytes to ecology
[dna] air wrote 93 bytes to ecology
[debug-onto] tick=400 corpus=153541 stage=2 freeze=0
[dna] air wrote 30 bytes to ecology
[dna] air wrote 31 bytes to ecology
[dna] air wrote 37 bytes to ecology
[dna] air wrote 156 bytes to ecology
[dna] air wrote 103 bytes to ecology
[dna] air wrote 70 bytes to ecology
[dna] air wrote 39 bytes to ecology
[dna] air wrote 22 bytes to ecology
[dna] air wrote 164 bytes to ecology
[dna] air wrote 67 bytes to ecology
[dna] air wrote 23 bytes to ecology
[dna] air wrote 32 bytes to ecology
[dna] air wrote 56 bytes to ecology
[dna] air wrote 112 bytes to ecology
[dna] air wrote 16 bytes to ecology
[dna] air wrote 84 bytes to ecology
[dna] air wrote 170 bytes to ecology
[dna] air wrote 86 bytes to ecology
[dna] air wrote 26 bytes to ecology
[dna] air wrote 64 bytes to ecology
[dna] air wrote 36 bytes to ecology
[dna] air wrote 55 bytes to ecology
[dna] air wrote 79 bytes to ecology
[dna] air wrote 40 bytes to ecology
[dna] air wrote 19 bytes to ecology
[dna] air wrote 62 bytes to ecology
[dna] air wrote 40 bytes to ecology
[dna] air wrote 22 bytes to ecology
[debug-onto] tick=450 corpus=153541 stage=2 freeze=0
[dna] air wrote 92 bytes to ecology
[dna] air wrote 126 bytes to ecology
[dna] air wrote 157 bytes to ecology
[dna] air wrote 64 bytes to ecology
[dna] air wrote 39 bytes to ecology
[dna] air wrote 96 bytes to ecology
[dna] air wrote 48 bytes to ecology
[dna] air wrote 33 bytes to ecology
[dna] air wrote 36 bytes to ecology
[dna] air wrote 230 bytes to ecology
[dna] air wrote 82 bytes to ecology
[dna] air wrote 22 bytes to ecology
[dna] air wrote 32 bytes to ecology
[dna] air wrote 187 bytes to ecology
[dna] air wrote 61 bytes to ecology
[dna] air wrote 99 bytes to ecology
[dna] air wrote 91 bytes to ecology
[dna] air wrote 45 bytes to ecology
[dna] air wrote 117 bytes to ecology
[dna] air wrote 49 bytes to ecology
[dna] air wrote 9 bytes to ecology
[dna] air wrote 29 bytes to ecology
[dna] air wrote 67 bytes to ecology
[dna] air wrote 62 bytes to ecology
[dna] air wrote 55 bytes to ecology
[debug-onto] tick=500 corpus=153541 stage=2 freeze=0
[dna] air wrote 152 bytes to ecology
[dna] air wrote 18 bytes to ecology
[dna] air wrote 49 bytes to ecology
[dna] air wrote 50 bytes to ecology
[dna] air wrote 36 bytes to ecology
[dna] air wrote 14 bytes to ecology
[dna] air wrote 90 bytes to ecology
[dna] air wrote 128 bytes to ecology
[dna] air wrote 135 bytes to ecology
[dna] air wrote 24 bytes to ecology
[dna] air wrote 78 bytes to ecology
[dna] air wrote 179 bytes to ecology
[dna] air wrote 68 bytes to ecology
[dna] air wrote 24 bytes to ecology
[dna] air wrote 64 bytes to ecology
[dna] air wrote 148 bytes to ecology
[dna] air wrote 129 bytes to ecology
[dna] air wrote 85 bytes to ecology
[dna] air wrote 50 bytes to ecology
[dna] air wrote 109 bytes to ecology
[dna] air wrote 81 bytes to ecology
[dna] air wrote 132 bytes to ecology
[dna] air wrote 24 bytes to ecology
[dna] air wrote 70 bytes to ecology
[dna] air wrote 44 bytes to ecology
[debug-onto] tick=550 corpus=153541 stage=2 freeze=0
[dna] air wrote 39 bytes to ecology
[dna] air wrote 96 bytes to ecology
[dna] air wrote 34 bytes to ecology
[dna] air wrote 34 bytes to ecology
[dna] air wrote 60 bytes to ecology
[dna] air wrote 35 bytes to ecology
[dna] air wrote 227 bytes to ecology
[dna] air wrote 77 bytes to ecology
[dna] air wrote 55 bytes to ecology
[dna] air wrote 106 bytes to ecology
[dna] air wrote 31 bytes to ecology
[dna] air wrote 60 bytes to ecology
[dna] air wrote 61 bytes to ecology
[dna] air wrote 77 bytes to ecology
[dna] air wrote 104 bytes to ecology
[dna] air wrote 52 bytes to ecology
[dna] air wrote 149 bytes to ecology
[dna] air wrote 97 bytes to ecology
[dna] air wrote 95 bytes to ecology
[dna] air wrote 77 bytes to ecology
[dna] air wrote 68 bytes to ecology
[dna] air wrote 79 bytes to ecology
[dna] air wrote 56 bytes to ecology
[dna] air wrote 98 bytes to ecology
[dna] air wrote 95 bytes to ecology

[evolution] Organism shutting down gracefully.
