[ecology] Element: earth → corpus: nonames_earth.txt
[evolution] Autonomous evolution mode — organism will grow through all stages without pause.
[init] Stage 0 (embryo): embd=16, layer=1, head=1 — warmup 400 steps (400 backprop + 0 notorch, sqrt-scaled 1x)
  [aml] step 0/160 | loss 6.5452 (avg 6.5452) | lr 0.001000 | seq 8
  [aml] step 10/160 | loss 6.1792 (avg 6.4178) | lr 0.001450 | seq 8
  [aml] step 20/160 | loss 6.2959 (avg 6.2904) | lr 0.001900 | seq 8
  [aml] step 30/160 | loss 5.7148 (avg 6.1996) | lr 0.002350 | seq 8
  [aml] step 40/160 | loss 5.4362 (avg 6.0816) | lr 0.002800 | seq 8
  [aml] step 50/160 | loss 4.6676 (avg 5.9240) | lr 0.003250 | seq 8
  [aml] step 60/160 | loss 4.8582 (avg 5.7592) | lr 0.003700 | seq 8
  [aml] step 70/160 | loss 5.2670 (avg 5.6420) | lr 0.004150 | seq 8
  [aml] step 80/160 | loss 3.0024 (avg 5.5229) | lr 0.004600 | seq 8
  [aml] step 90/160 | loss 4.2114 (avg 5.3804) | lr 0.005050 | seq 8
  [aml] step 100/160 | loss 4.9868 (avg 5.3002) | lr 0.005500 | seq 8
  [aml] step 110/160 | loss 5.2257 (avg 5.1661) | lr 0.005950 | seq 8
  [aml] step 120/160 | loss 3.8119 (avg 5.0945) | lr 0.006400 | seq 8
  [aml] step 130/160 | loss 4.4142 (avg 5.0381) | lr 0.006850 | seq 8
  [aml] step 140/160 | loss 2.9374 (avg 4.9906) | lr 0.007300 | seq 8
  [aml] step 150/160 | loss 2.5654 (avg 4.9403) | lr 0.007750 | seq 8
[aml] training complete: 160 steps, avg loss 4.8943 (memory freed)
  [aml] step 0/120 | loss 4.6662 (avg 4.6662) | lr 0.008200 | seq 16
  [aml] step 10/120 | loss 4.3698 (avg 4.4087) | lr 0.008650 | seq 16
  [aml] step 20/120 | loss 3.5085 (avg 4.4066) | lr 0.009100 | seq 16
  [aml] step 30/120 | loss 3.3433 (avg 4.1470) | lr 0.009550 | seq 16
  [aml] step 40/120 | loss 3.4799 (avg 4.1291) | lr 0.010000 | seq 16
  [aml] step 50/120 | loss 2.9310 (avg 4.0924) | lr 0.010000 | seq 16
  [aml] step 60/120 | loss 4.4514 (avg 4.1050) | lr 0.010000 | seq 16
  [aml] step 70/120 | loss 4.5031 (avg 4.0390) | lr 0.010000 | seq 16
  [aml] step 80/120 | loss 5.0434 (avg 3.9991) | lr 0.009999 | seq 16
  [aml] step 90/120 | loss 4.2260 (avg 3.8958) | lr 0.009999 | seq 16
  [aml] step 100/120 | loss 3.7802 (avg 3.8370) | lr 0.009999 | seq 16
  [aml] step 110/120 | loss 4.9782 (avg 3.7692) | lr 0.009999 | seq 16
[aml] training complete: 120 steps, avg loss 3.7893 (memory freed)
  [aml] step 0/120 | loss 2.4451 (avg 2.4451) | lr 0.009999 | seq 32
  [aml] step 10/120 | loss 4.7655 (avg 3.7660) | lr 0.009999 | seq 32
  [aml] step 20/120 | loss 4.4329 (avg 3.6840) | lr 0.009999 | seq 32
  [aml] step 30/120 | loss 3.7627 (avg 3.4226) | lr 0.009999 | seq 32
  [aml] step 40/120 | loss 4.0372 (avg 3.3780) | lr 0.009999 | seq 32
  [aml] step 50/120 | loss 3.9133 (avg 3.3536) | lr 0.009999 | seq 32
  [aml] step 60/120 | loss 2.7216 (avg 3.3040) | lr 0.009999 | seq 32
  [aml] step 70/120 | loss 1.3934 (avg 3.2900) | lr 0.009999 | seq 32
  [aml] step 80/120 | loss 4.4995 (avg 3.2875) | lr 0.009999 | seq 32
  [aml] step 90/120 | loss 1.5788 (avg 3.2452) | lr 0.009999 | seq 32
  [aml] step 100/120 | loss 0.8103 (avg 3.2537) | lr 0.009999 | seq 32
  [aml] step 110/120 | loss 0.9095 (avg 3.1314) | lr 0.009999 | seq 32
[aml] training complete: 120 steps, avg loss 3.0430 (memory freed)

[stage 0 — embryo] What it sounds like now:
  Q: Hello.
  A: : What is a slighter has found h bones its entire erod?
  Q: Who are you?
  A: it specif you see. They are commute at the lesson of matter, and evilization bluff?
  Q: What do you know?
  A: is the most venting the mica natural bridge.

[growth] ONTOGENESIS: stage 0 -> 1
  embd: 16 -> 32, layer: 1 -> 1, head: 1 -> 2
[growth] Done. Freeze for 500 steps.
[init] Stage 1 (infant): embd=32, layer=1, head=2 — warmup 800 steps (800 backprop + 0 notorch, sqrt-scaled 2x)
  [aml] step 0/320 | loss 5.0032 (avg 5.0032) | lr 0.000500 | seq 8
  [aml] step 10/320 | loss 2.8497 (avg 4.5275) | lr 0.000725 | seq 8
  [aml] step 20/320 | loss 3.5128 (avg 4.5113) | lr 0.000950 | seq 8
  [aml] step 30/320 | loss 4.8338 (avg 4.6355) | lr 0.001175 | seq 8
  [aml] step 40/320 | loss 5.0497 (avg 4.5974) | lr 0.001400 | seq 8
  [aml] step 50/320 | loss 1.4748 (avg 4.4520) | lr 0.001625 | seq 8
  [aml] step 60/320 | loss 2.5394 (avg 4.3904) | lr 0.001850 | seq 8
  [aml] step 70/320 | loss 2.7523 (avg 4.2804) | lr 0.002075 | seq 8
  [aml] step 80/320 | loss 3.2587 (avg 4.1829) | lr 0.002300 | seq 8
  [aml] step 90/320 | loss 5.2906 (avg 4.1556) | lr 0.002525 | seq 8
  [aml] step 100/320 | loss 5.5243 (avg 4.1139) | lr 0.002750 | seq 8
  [aml] step 110/320 | loss 3.8061 (avg 4.1220) | lr 0.002975 | seq 8
  [aml] step 120/320 | loss 5.4534 (avg 4.0931) | lr 0.003200 | seq 8
  [aml] step 130/320 | loss 4.5353 (avg 4.0785) | lr 0.003425 | seq 8
  [aml] step 140/320 | loss 3.0683 (avg 4.0505) | lr 0.003650 | seq 8
  [aml] step 150/320 | loss 3.8697 (avg 3.9709) | lr 0.003875 | seq 8
  [aml] step 160/320 | loss 2.6757 (avg 3.9155) | lr 0.004100 | seq 8
  [aml] step 170/320 | loss 3.7098 (avg 3.9174) | lr 0.004325 | seq 8
  [aml] step 180/320 | loss 0.7419 (avg 3.9000) | lr 0.004550 | seq 8
  [aml] step 190/320 | loss 1.6877 (avg 3.8783) | lr 0.004775 | seq 8
  [aml] step 200/320 | loss 2.3941 (avg 3.8833) | lr 0.004998 | seq 8
  [aml] step 210/320 | loss 4.8646 (avg 3.8525) | lr 0.004998 | seq 8
  [aml] step 220/320 | loss 0.6211 (avg 3.8518) | lr 0.004998 | seq 8
  [aml] step 230/320 | loss 3.8366 (avg 3.8006) | lr 0.004998 | seq 8
  [aml] step 240/320 | loss 1.8412 (avg 3.7807) | lr 0.004998 | seq 8
  [aml] step 250/320 | loss 2.5253 (avg 3.7619) | lr 0.004998 | seq 8
  [aml] step 260/320 | loss 3.9774 (avg 3.7560) | lr 0.004998 | seq 8
  [aml] step 270/320 | loss 3.6641 (avg 3.7507) | lr 0.004998 | seq 8
  [aml] step 280/320 | loss 3.6099 (avg 3.7570) | lr 0.004998 | seq 8
  [aml] step 290/320 | loss 2.7552 (avg 3.7358) | lr 0.004998 | seq 8
  [aml] step 300/320 | loss 3.3842 (avg 3.7464) | lr 0.004998 | seq 8
  [aml] step 310/320 | loss 4.4312 (avg 3.7541) | lr 0.004998 | seq 8
[aml] training complete: 320 steps, avg loss 3.7209 (memory freed)
  [aml] step 0/240 | loss 4.5749 (avg 4.5749) | lr 0.004998 | seq 16
  [aml] step 10/240 | loss 3.9235 (avg 3.5544) | lr 0.004998 | seq 16
  [aml] step 20/240 | loss 4.1724 (avg 3.3957) | lr 0.004998 | seq 16
  [aml] step 30/240 | loss 4.8054 (avg 3.2562) | lr 0.004998 | seq 16
  [aml] step 40/240 | loss 4.0909 (avg 3.1831) | lr 0.004997 | seq 16
  [aml] step 50/240 | loss 2.8482 (avg 3.2521) | lr 0.004997 | seq 16
  [aml] step 60/240 | loss 4.0220 (avg 3.2531) | lr 0.004997 | seq 16
  [aml] step 70/240 | loss 4.3008 (avg 3.2163) | lr 0.004997 | seq 16
  [aml] step 80/240 | loss 3.8118 (avg 3.1558) | lr 0.004997 | seq 16
  [aml] step 90/240 | loss 4.6634 (avg 3.1735) | lr 0.004997 | seq 16
  [aml] step 100/240 | loss 1.1013 (avg 3.0695) | lr 0.004997 | seq 16
  [aml] step 110/240 | loss 1.4778 (avg 3.1521) | lr 0.004997 | seq 16
  [aml] step 120/240 | loss 4.9390 (avg 3.1286) | lr 0.004997 | seq 16
  [aml] step 130/240 | loss 1.9474 (avg 3.1219) | lr 0.004997 | seq 16
  [aml] step 140/240 | loss 4.6177 (avg 3.1270) | lr 0.004997 | seq 16
  [aml] step 150/240 | loss 4.5461 (avg 3.1524) | lr 0.004997 | seq 16
  [aml] step 160/240 | loss 0.8145 (avg 3.1612) | lr 0.004997 | seq 16
  [aml] step 170/240 | loss 2.0781 (avg 3.1986) | lr 0.004996 | seq 16
  [aml] step 180/240 | loss 3.4007 (avg 3.2038) | lr 0.004996 | seq 16
  [aml] step 190/240 | loss 1.6172 (avg 3.2086) | lr 0.004996 | seq 16
  [aml] step 200/240 | loss 4.4202 (avg 3.2419) | lr 0.004996 | seq 16
  [aml] step 210/240 | loss 4.6754 (avg 3.2378) | lr 0.004996 | seq 16
  [aml] step 220/240 | loss 3.0008 (avg 3.2139) | lr 0.004996 | seq 16
  [aml] step 230/240 | loss 4.3473 (avg 3.2312) | lr 0.004996 | seq 16
[aml] training complete: 240 steps, avg loss 3.2416 (memory freed)
  [aml] step 0/240 | loss 1.7412 (avg 1.7412) | lr 0.004996 | seq 32
  [aml] step 10/240 | loss 3.9377 (avg 2.9175) | lr 0.004996 | seq 32
  [aml] step 20/240 | loss 4.8700 (avg 3.2719) | lr 0.004996 | seq 32
  [aml] step 30/240 | loss 4.2520 (avg 3.0056) | lr 0.004996 | seq 32
  [aml] step 40/240 | loss 1.3565 (avg 3.0363) | lr 0.004996 | seq 32
  [aml] step 50/240 | loss 4.5393 (avg 3.0717) | lr 0.004995 | seq 32
  [aml] step 60/240 | loss 0.6749 (avg 3.1227) | lr 0.004995 | seq 32
  [aml] step 70/240 | loss 4.4464 (avg 3.0579) | lr 0.004995 | seq 32
  [aml] step 80/240 | loss 4.2071 (avg 2.9830) | lr 0.004995 | seq 32
  [aml] step 90/240 | loss 0.5111 (avg 2.9451) | lr 0.004995 | seq 32
  [aml] step 100/240 | loss 4.1134 (avg 2.9504) | lr 0.004995 | seq 32
  [aml] step 110/240 | loss 4.3532 (avg 2.9368) | lr 0.004995 | seq 32
  [aml] step 120/240 | loss 4.0490 (avg 2.9002) | lr 0.004995 | seq 32
  [aml] step 130/240 | loss 4.0483 (avg 2.8808) | lr 0.004995 | seq 32
  [aml] step 140/240 | loss 2.4249 (avg 2.8693) | lr 0.004995 | seq 32
  [aml] step 150/240 | loss 1.3251 (avg 2.8193) | lr 0.004995 | seq 32
  [aml] step 160/240 | loss 0.6925 (avg 2.7997) | lr 0.004994 | seq 32
  [aml] step 170/240 | loss 3.7794 (avg 2.7612) | lr 0.004994 | seq 32
  [aml] step 180/240 | loss 4.5038 (avg 2.7912) | lr 0.004994 | seq 32
  [aml] step 190/240 | loss 1.3824 (avg 2.7495) | lr 0.004994 | seq 32
  [aml] step 200/240 | loss 3.5340 (avg 2.7264) | lr 0.004994 | seq 32
  [aml] step 210/240 | loss 3.7910 (avg 2.6837) | lr 0.004994 | seq 32
  [aml] step 220/240 | loss 4.1044 (avg 2.7121) | lr 0.004994 | seq 32
  [aml] step 230/240 | loss 1.5148 (avg 2.7004) | lr 0.004994 | seq 32
[aml] training complete: 240 steps, avg loss 2.6779 (memory freed)

[stage 1 — infant] What it sounds like now:
  Q: Hello.
  A: : A respiration consolid rock lateral structure crack?
  Q: Who are you?
  A: ...
  Q: What do you know?
  A: ...

[growth] ONTOGENESIS: stage 1 -> 2
  embd: 32 -> 64, layer: 1 -> 2, head: 2 -> 4
[growth] Done. Freeze for 500 steps.
[init] Stage 2 (child): embd=64, layer=2, head=4 — warmup 800 steps (800 backprop + 0 notorch, sqrt-scaled 2x)
  [aml] step 0/320 | loss 2.4245 (avg 2.4245) | lr 0.000250 | seq 8
  [aml] step 10/320 | loss 4.7864 (avg 3.3467) | lr 0.000363 | seq 8
  [aml] step 20/320 | loss 1.6805 (avg 3.6181) | lr 0.000475 | seq 8
  [aml] step 30/320 | loss 0.8714 (avg 3.4179) | lr 0.000588 | seq 8
  [aml] step 40/320 | loss 3.0233 (avg 3.5073) | lr 0.000700 | seq 8
  [aml] step 50/320 | loss 3.3855 (avg 3.4465) | lr 0.000813 | seq 8
  [aml] step 60/320 | loss 0.1863 (avg 3.5182) | lr 0.000925 | seq 8
  [aml] step 70/320 | loss 0.1420 (avg 3.5244) | lr 0.001038 | seq 8
  [aml] step 80/320 | loss 4.2275 (avg 3.5706) | lr 0.001150 | seq 8
  [aml] step 90/320 | loss 5.3982 (avg 3.4983) | lr 0.001263 | seq 8
  [aml] step 100/320 | loss 4.2655 (avg 3.3849) | lr 0.001375 | seq 8
  [aml] step 110/320 | loss 3.5532 (avg 3.4031) | lr 0.001488 | seq 8
  [aml] step 120/320 | loss 3.9161 (avg 3.3985) | lr 0.001600 | seq 8
  [aml] step 130/320 | loss 1.8398 (avg 3.3930) | lr 0.001713 | seq 8
  [aml] step 140/320 | loss 0.2936 (avg 3.3631) | lr 0.001825 | seq 8
  [aml] step 150/320 | loss 4.0651 (avg 3.3439) | lr 0.001938 | seq 8
  [aml] step 160/320 | loss 4.3537 (avg 3.3042) | lr 0.002050 | seq 8
  [aml] step 170/320 | loss 4.7005 (avg 3.3214) | lr 0.002163 | seq 8
  [aml] step 180/320 | loss 2.0085 (avg 3.3394) | lr 0.002275 | seq 8
  [aml] step 190/320 | loss 3.4467 (avg 3.3726) | lr 0.002387 | seq 8
  [aml] step 200/320 | loss 3.3600 (avg 3.3363) | lr 0.002496 | seq 8
  [aml] step 210/320 | loss 1.0427 (avg 3.3256) | lr 0.002496 | seq 8
  [aml] step 220/320 | loss 5.1739 (avg 3.3300) | lr 0.002496 | seq 8
  [aml] step 230/320 | loss 4.8162 (avg 3.3276) | lr 0.002495 | seq 8
  [aml] step 240/320 | loss 1.5782 (avg 3.3047) | lr 0.002495 | seq 8
  [aml] step 250/320 | loss 0.3438 (avg 3.3246) | lr 0.002495 | seq 8
  [aml] step 260/320 | loss 4.5635 (avg 3.3244) | lr 0.002495 | seq 8
  [aml] step 270/320 | loss 0.1962 (avg 3.2956) | lr 0.002495 | seq 8
  [aml] step 280/320 | loss 4.2406 (avg 3.2914) | lr 0.002495 | seq 8
  [aml] step 290/320 | loss 6.1521 (avg 3.2969) | lr 0.002495 | seq 8
  [aml] step 300/320 | loss 2.4792 (avg 3.3156) | lr 0.002495 | seq 8
  [aml] step 310/320 | loss 2.0434 (avg 3.3112) | lr 0.002495 | seq 8
[aml] training complete: 320 steps, avg loss 3.3295 (memory freed)
  [aml] step 0/240 | loss 1.6076 (avg 1.6076) | lr 0.002495 | seq 16
  [aml] step 10/240 | loss 4.6476 (avg 3.6595) | lr 0.002495 | seq 16
  [aml] step 20/240 | loss 4.6544 (avg 3.6430) | lr 0.002495 | seq 16
  [aml] step 30/240 | loss 3.7541 (avg 3.6705) | lr 0.002495 | seq 16
  [aml] step 40/240 | loss 2.8156 (avg 3.5823) | lr 0.002495 | seq 16
  [aml] step 50/240 | loss 2.6776 (avg 3.5635) | lr 0.002495 | seq 16
  [aml] step 60/240 | loss 4.5223 (avg 3.5293) | lr 0.002494 | seq 16
  [aml] step 70/240 | loss 1.4594 (avg 3.2985) | lr 0.002494 | seq 16
  [aml] step 80/240 | loss 3.9844 (avg 3.2726) | lr 0.002494 | seq 16
  [aml] step 90/240 | loss 3.0996 (avg 3.3144) | lr 0.002494 | seq 16
  [aml] step 100/240 | loss 1.8348 (avg 3.3073) | lr 0.002494 | seq 16
  [aml] step 110/240 | loss 3.5937 (avg 3.2484) | lr 0.002494 | seq 16
  [aml] step 120/240 | loss 4.8413 (avg 3.2701) | lr 0.002494 | seq 16
  [aml] step 130/240 | loss 3.4737 (avg 3.2299) | lr 0.002494 | seq 16
  [aml] step 140/240 | loss 4.3880 (avg 3.2348) | lr 0.002494 | seq 16
  [aml] step 150/240 | loss 4.2073 (avg 3.2613) | lr 0.002494 | seq 16
  [aml] step 160/240 | loss 3.9998 (avg 3.2816) | lr 0.002494 | seq 16
  [aml] step 170/240 | loss 3.5334 (avg 3.2959) | lr 0.002494 | seq 16
  [aml] step 180/240 | loss 1.4342 (avg 3.2436) | lr 0.002494 | seq 16
  [aml] step 190/240 | loss 4.2596 (avg 3.2117) | lr 0.002494 | seq 16
  [aml] step 200/240 | loss 3.5324 (avg 3.2222) | lr 0.002493 | seq 16
  [aml] step 210/240 | loss 3.1661 (avg 3.1845) | lr 0.002493 | seq 16
  [aml] step 220/240 | loss 3.7707 (avg 3.1536) | lr 0.002493 | seq 16
  [aml] step 230/240 | loss 1.0594 (avg 3.1404) | lr 0.002493 | seq 16
[aml] training complete: 240 steps, avg loss 3.1649 (memory freed)
  [aml] step 0/240 | loss 0.9012 (avg 0.9012) | lr 0.002493 | seq 32
  [aml] step 10/240 | loss 1.8200 (avg 2.6067) | lr 0.002493 | seq 32
  [aml] step 20/240 | loss 2.1568 (avg 2.5935) | lr 0.002493 | seq 32
  [aml] step 30/240 | loss 2.1664 (avg 2.3502) | lr 0.002493 | seq 32
  [aml] step 40/240 | loss 0.4908 (avg 2.3420) | lr 0.002493 | seq 32
  [aml] step 50/240 | loss 0.5763 (avg 2.2003) | lr 0.002493 | seq 32
  [aml] step 60/240 | loss 0.8847 (avg 2.3431) | lr 0.002493 | seq 32
  [aml] step 70/240 | loss 0.7621 (avg 2.3311) | lr 0.002493 | seq 32
  [aml] step 80/240 | loss 0.6189 (avg 2.3149) | lr 0.002492 | seq 32
  [aml] step 90/240 | loss 0.6629 (avg 2.2937) | lr 0.002492 | seq 32
  [aml] step 100/240 | loss 3.9904 (avg 2.3236) | lr 0.002492 | seq 32
  [aml] step 110/240 | loss 0.8991 (avg 2.3315) | lr 0.002492 | seq 32
  [aml] step 120/240 | loss 3.8957 (avg 2.3614) | lr 0.002492 | seq 32
  [aml] step 130/240 | loss 0.5224 (avg 2.3931) | lr 0.002492 | seq 32
  [aml] step 140/240 | loss 4.0844 (avg 2.4453) | lr 0.002492 | seq 32
  [aml] step 150/240 | loss 4.1936 (avg 2.4836) | lr 0.002492 | seq 32
  [aml] step 160/240 | loss 1.0465 (avg 2.4657) | lr 0.002492 | seq 32
  [aml] step 170/240 | loss 1.9367 (avg 2.4725) | lr 0.002492 | seq 32
  [aml] step 180/240 | loss 4.0770 (avg 2.4813) | lr 0.002492 | seq 32
  [aml] step 190/240 | loss 1.8148 (avg 2.5111) | lr 0.002492 | seq 32
  [aml] step 200/240 | loss 3.4746 (avg 2.5346) | lr 0.002491 | seq 32
  [aml] step 210/240 | loss 2.3558 (avg 2.5400) | lr 0.002491 | seq 32
  [aml] step 220/240 | loss 0.7044 (avg 2.5102) | lr 0.002491 | seq 32
  [aml] step 230/240 | loss 4.4441 (avg 2.5536) | lr 0.002491 | seq 32
[aml] training complete: 240 steps, avg loss 2.5365 (memory freed)

[stage 2 — child] What it sounds like now:
  Q: Hello.
  A: The gently slop and relicity in a go no the lesson of the fan-shaped m re space it curred be tenden cliff carbon direction that has rel.
  Q: Who are you?
  A: ...
  Q: What do you know?
  A: ...

[init] Warmup complete at stage 2. Organism ready.
[ecology] First organism in the swarm.
molequla is alive. [evolution] Autonomous mode — background trainer running. Ctrl+C to stop.
[dna] earth wrote 46 bytes to ecology
[dna] earth wrote 33 bytes to ecology
[dna] earth wrote 30 bytes to ecology
[dna] earth wrote 119 bytes to ecology
[dna] earth wrote 83 bytes to ecology
[dna] earth wrote 42 bytes to ecology
[dna] earth wrote 30 bytes to ecology
[dna] earth wrote 205 bytes to ecology
[dna] earth wrote 137 bytes to ecology
[dna] earth wrote 33 bytes to ecology
[dna] earth wrote 89 bytes to ecology
[dna] earth wrote 86 bytes to ecology
[dna] earth wrote 53 bytes to ecology
[dna] earth wrote 90 bytes to ecology
[dna] earth wrote 93 bytes to ecology
[dna] earth wrote 81 bytes to ecology
[dna] earth wrote 41 bytes to ecology
[dna] earth wrote 34 bytes to ecology
[dna] earth wrote 145 bytes to ecology
[dna] earth wrote 134 bytes to ecology
[dna] earth wrote 5 bytes to ecology
[dna] earth wrote 93 bytes to ecology
[dna] earth wrote 19 bytes to ecology
[dna] earth wrote 98 bytes to ecology
[dna] earth wrote 163 bytes to ecology
[dna] earth wrote 108 bytes to ecology
[dna] earth wrote 68 bytes to ecology
[dna] earth wrote 37 bytes to ecology
[dna] earth wrote 29 bytes to ecology
[debug-onto] tick=50 corpus=173643 stage=2 freeze=0
[dna] earth wrote 118 bytes to ecology
[dna] earth wrote 33 bytes to ecology
[dna] earth wrote 37 bytes to ecology
[dna] earth wrote 159 bytes to ecology
[dna] earth wrote 103 bytes to ecology
[dna] earth wrote 89 bytes to ecology
[dna] earth wrote 166 bytes to ecology
[dna] earth wrote 29 bytes to ecology
[dna] earth wrote 30 bytes to ecology
[dna] earth wrote 43 bytes to ecology
[dna] earth wrote 61 bytes to ecology
[dna] earth wrote 239 bytes to ecology
[dna] earth wrote 183 bytes to ecology
[dna] earth wrote 10 bytes to ecology
[dna] earth wrote 192 bytes to ecology
[dna] earth wrote 173 bytes to ecology
[dna] earth wrote 30 bytes to ecology
[dna] earth wrote 103 bytes to ecology
[dna] earth wrote 41 bytes to ecology
[dna] earth wrote 99 bytes to ecology
[dna] earth wrote 52 bytes to ecology
[dna] earth wrote 140 bytes to ecology
[dna] earth wrote 74 bytes to ecology
[dna] earth wrote 37 bytes to ecology
[dna] earth wrote 46 bytes to ecology
[dna] earth wrote 79 bytes to ecology
[debug-onto] tick=100 corpus=173643 stage=2 freeze=0
[dna] earth wrote 154 bytes to ecology
[dna] earth wrote 27 bytes to ecology
[dna] earth wrote 36 bytes to ecology
[dna] earth wrote 194 bytes to ecology
[dna] earth wrote 128 bytes to ecology
[dna] earth wrote 101 bytes to ecology
[dna] earth wrote 43 bytes to ecology
[dna] earth wrote 51 bytes to ecology
[dna] earth wrote 116 bytes to ecology
[dna] earth wrote 68 bytes to ecology
[dna] earth wrote 37 bytes to ecology
[dna] earth wrote 220 bytes to ecology
[dna] earth wrote 26 bytes to ecology
[dna] earth wrote 79 bytes to ecology
[dna] earth wrote 78 bytes to ecology
[dna] earth wrote 34 bytes to ecology
[dna] earth wrote 71 bytes to ecology
[dna] earth wrote 48 bytes to ecology
[dna] earth wrote 98 bytes to ecology
[dna] earth wrote 129 bytes to ecology
[dna] earth wrote 49 bytes to ecology
[dna] earth wrote 82 bytes to ecology
[dna] earth wrote 14 bytes to ecology
[dna] earth wrote 110 bytes to ecology
[dna] earth wrote 104 bytes to ecology
[dna] earth wrote 146 bytes to ecology
[debug-onto] tick=150 corpus=173643 stage=2 freeze=0
[dna] earth wrote 50 bytes to ecology
[dna] earth wrote 170 bytes to ecology
[dna] earth wrote 30 bytes to ecology
[dna] earth wrote 34 bytes to ecology
[dna] earth wrote 171 bytes to ecology
[dna] earth wrote 25 bytes to ecology
[dna] earth wrote 56 bytes to ecology
[dna] earth wrote 62 bytes to ecology
[dna] earth wrote 172 bytes to ecology
[dna] earth wrote 50 bytes to ecology
[dna] earth wrote 71 bytes to ecology
[dna] earth wrote 148 bytes to ecology
[dna] earth wrote 136 bytes to ecology
[dna] earth wrote 87 bytes to ecology
[dna] earth wrote 105 bytes to ecology
[dna] earth wrote 56 bytes to ecology
[dna] earth wrote 201 bytes to ecology
[dna] earth wrote 32 bytes to ecology
[dna] earth wrote 91 bytes to ecology
[dna] earth wrote 105 bytes to ecology
[dna] earth wrote 38 bytes to ecology
[dna] earth wrote 119 bytes to ecology
[dna] earth wrote 212 bytes to ecology
[dna] earth wrote 23 bytes to ecology
[dna] earth wrote 23 bytes to ecology
[dna] earth wrote 147 bytes to ecology
[debug-onto] tick=200 corpus=173643 stage=2 freeze=0
[dna] earth wrote 49 bytes to ecology
[dna] earth wrote 31 bytes to ecology
[dna] earth wrote 161 bytes to ecology
[dna] earth wrote 112 bytes to ecology
[dna] earth wrote 62 bytes to ecology
[dna] earth wrote 128 bytes to ecology
[dna] earth wrote 36 bytes to ecology
[dna] earth wrote 36 bytes to ecology
[dna] earth wrote 77 bytes to ecology
[dna] earth wrote 213 bytes to ecology
[dna] earth wrote 140 bytes to ecology
[dna] earth wrote 280 bytes to ecology
[dna] earth wrote 41 bytes to ecology
[dna] earth wrote 29 bytes to ecology
[dna] earth wrote 112 bytes to ecology
[dna] earth wrote 27 bytes to ecology
[dna] earth wrote 47 bytes to ecology
[dna] earth wrote 26 bytes to ecology
[dna] earth wrote 135 bytes to ecology
[dna] earth wrote 198 bytes to ecology
[dna] earth wrote 39 bytes to ecology
[dna] earth wrote 80 bytes to ecology
[dna] earth wrote 27 bytes to ecology
[dna] earth wrote 83 bytes to ecology
[dna] earth wrote 40 bytes to ecology
[dna] earth wrote 139 bytes to ecology
[debug-onto] tick=250 corpus=173643 stage=2 freeze=0
[dna] earth wrote 67 bytes to ecology
[dna] earth wrote 5 bytes to ecology
[dna] earth wrote 141 bytes to ecology
[dna] earth wrote 163 bytes to ecology
[dna] earth wrote 115 bytes to ecology
[dna] earth wrote 73 bytes to ecology
[dna] earth wrote 240 bytes to ecology
[dna] earth wrote 24 bytes to ecology
[dna] earth wrote 332 bytes to ecology
[dna] earth wrote 85 bytes to ecology
[dna] earth wrote 59 bytes to ecology
[dna] earth wrote 60 bytes to ecology
[dna] earth wrote 13 bytes to ecology
[dna] earth wrote 86 bytes to ecology
[dna] earth wrote 44 bytes to ecology
[dna] earth wrote 72 bytes to ecology
[dna] earth wrote 77 bytes to ecology
[dna] earth wrote 252 bytes to ecology
[dna] earth wrote 57 bytes to ecology
[dna] earth wrote 325 bytes to ecology
[dna] earth wrote 114 bytes to ecology
[dna] earth wrote 52 bytes to ecology
[dna] earth wrote 104 bytes to ecology
[dna] earth wrote 98 bytes to ecology
[dna] earth wrote 11 bytes to ecology
[dna] earth wrote 103 bytes to ecology
[dna] earth wrote 91 bytes to ecology
[dna] earth wrote 181 bytes to ecology
[dna] earth wrote 78 bytes to ecology
[debug-onto] tick=300 corpus=173643 stage=2 freeze=0
[dna] earth wrote 29 bytes to ecology
[dna] earth wrote 75 bytes to ecology
[dna] earth wrote 15 bytes to ecology
[dna] earth wrote 34 bytes to ecology
[dna] earth wrote 37 bytes to ecology
[dna] earth wrote 107 bytes to ecology
[dna] earth wrote 63 bytes to ecology
[dna] earth wrote 43 bytes to ecology
[dna] earth wrote 171 bytes to ecology
[dna] earth wrote 107 bytes to ecology
[dna] earth wrote 18 bytes to ecology
[dna] earth wrote 33 bytes to ecology
[dna] earth wrote 78 bytes to ecology
[dna] earth wrote 32 bytes to ecology
[dna] earth wrote 132 bytes to ecology
[dna] earth wrote 31 bytes to ecology
[dna] earth wrote 29 bytes to ecology
[dna] earth wrote 38 bytes to ecology
[dna] earth wrote 24 bytes to ecology
[dna] earth wrote 84 bytes to ecology
[dna] earth wrote 79 bytes to ecology
[dna] earth wrote 169 bytes to ecology
[dna] earth wrote 112 bytes to ecology
[dna] earth wrote 149 bytes to ecology
[dna] earth wrote 47 bytes to ecology
[dna] earth wrote 34 bytes to ecology
[dna] earth wrote 107 bytes to ecology
[debug-onto] tick=350 corpus=173643 stage=2 freeze=0
[dna] earth wrote 85 bytes to ecology
[dna] earth wrote 125 bytes to ecology
[dna] earth wrote 26 bytes to ecology
[dna] earth wrote 41 bytes to ecology
[dna] earth wrote 138 bytes to ecology
[dna] earth wrote 104 bytes to ecology
[dna] earth wrote 32 bytes to ecology
[dna] earth wrote 144 bytes to ecology
[dna] earth wrote 64 bytes to ecology
[dna] earth wrote 79 bytes to ecology
[dna] earth wrote 17 bytes to ecology
[dna] earth wrote 50 bytes to ecology
[dna] earth wrote 47 bytes to ecology
[dna] earth wrote 76 bytes to ecology
[dna] earth wrote 35 bytes to ecology
[dna] earth wrote 17 bytes to ecology
[dna] earth wrote 45 bytes to ecology
[dna] earth wrote 150 bytes to ecology
[dna] earth wrote 70 bytes to ecology
[dna] earth wrote 71 bytes to ecology
[dna] earth wrote 63 bytes to ecology
[dna] earth wrote 29 bytes to ecology
[dna] earth wrote 56 bytes to ecology
[dna] earth wrote 127 bytes to ecology
[dna] earth wrote 34 bytes to ecology
[dna] earth wrote 31 bytes to ecology
[dna] earth wrote 139 bytes to ecology
[debug-onto] tick=400 corpus=173643 stage=2 freeze=0
[dna] earth wrote 211 bytes to ecology
[dna] earth wrote 98 bytes to ecology
[dna] earth wrote 138 bytes to ecology
[dna] earth wrote 74 bytes to ecology
[dna] earth wrote 25 bytes to ecology
[dna] earth wrote 55 bytes to ecology
[dna] earth wrote 90 bytes to ecology
[dna] earth wrote 26 bytes to ecology
[dna] earth wrote 35 bytes to ecology
[dna] earth wrote 129 bytes to ecology
[dna] earth wrote 154 bytes to ecology
[dna] earth wrote 129 bytes to ecology
[dna] earth wrote 51 bytes to ecology
[dna] earth wrote 34 bytes to ecology
[dna] earth wrote 63 bytes to ecology
[dna] earth wrote 53 bytes to ecology
[dna] earth wrote 244 bytes to ecology
[dna] earth wrote 165 bytes to ecology
[dna] earth wrote 43 bytes to ecology
[dna] earth wrote 46 bytes to ecology
[dna] earth wrote 223 bytes to ecology
[dna] earth wrote 32 bytes to ecology
[dna] earth wrote 70 bytes to ecology
[dna] earth wrote 106 bytes to ecology
[dna] earth wrote 28 bytes to ecology
[dna] earth wrote 107 bytes to ecology
[dna] earth wrote 70 bytes to ecology
[dna] earth wrote 82 bytes to ecology
[debug-onto] tick=450 corpus=173643 stage=2 freeze=0
[dna] earth wrote 113 bytes to ecology
[dna] earth wrote 33 bytes to ecology
[dna] earth wrote 157 bytes to ecology
[dna] earth wrote 97 bytes to ecology
[dna] earth wrote 207 bytes to ecology
[dna] earth wrote 52 bytes to ecology
[dna] earth wrote 132 bytes to ecology
[dna] earth wrote 129 bytes to ecology
[dna] earth wrote 107 bytes to ecology
[dna] earth wrote 39 bytes to ecology
[dna] earth wrote 62 bytes to ecology
[dna] earth wrote 71 bytes to ecology
[dna] earth wrote 48 bytes to ecology
[dna] earth wrote 189 bytes to ecology
[dna] earth wrote 57 bytes to ecology
[dna] earth wrote 72 bytes to ecology
[dna] earth wrote 96 bytes to ecology
[dna] earth wrote 169 bytes to ecology
[dna] earth wrote 103 bytes to ecology
[dna] earth wrote 99 bytes to ecology
[dna] earth wrote 82 bytes to ecology
[dna] earth wrote 168 bytes to ecology
[dna] earth wrote 12 bytes to ecology
[dna] earth wrote 195 bytes to ecology
[dna] earth wrote 145 bytes to ecology
[dna] earth wrote 115 bytes to ecology
[dna] earth wrote 142 bytes to ecology
[dna] earth wrote 277 bytes to ecology
[debug-onto] tick=500 corpus=173643 stage=2 freeze=0
[dna] earth wrote 29 bytes to ecology
[dna] earth wrote 20 bytes to ecology
[dna] earth wrote 30 bytes to ecology
[dna] earth wrote 48 bytes to ecology
[dna] earth wrote 123 bytes to ecology
[dna] earth wrote 43 bytes to ecology
[dna] earth wrote 247 bytes to ecology
[dna] earth wrote 127 bytes to ecology
[dna] earth wrote 113 bytes to ecology
[dna] earth wrote 105 bytes to ecology
[dna] earth wrote 80 bytes to ecology
[dna] earth wrote 33 bytes to ecology
[dna] earth wrote 13 bytes to ecology
[dna] earth wrote 39 bytes to ecology
[dna] earth wrote 72 bytes to ecology
[dna] earth wrote 148 bytes to ecology
[dna] earth wrote 43 bytes to ecology
[dna] earth wrote 84 bytes to ecology
[dna] earth wrote 60 bytes to ecology
[dna] earth wrote 39 bytes to ecology
[dna] earth wrote 135 bytes to ecology
[dna] earth wrote 50 bytes to ecology
[dna] earth wrote 97 bytes to ecology
[dna] earth wrote 45 bytes to ecology
[debug-onto] tick=550 corpus=173643 stage=2 freeze=0
[dna] earth wrote 38 bytes to ecology
[dna] earth wrote 15 bytes to ecology
[dna] earth wrote 55 bytes to ecology
[dna] earth wrote 125 bytes to ecology
[dna] earth wrote 37 bytes to ecology
[dna] earth wrote 108 bytes to ecology
[dna] earth wrote 56 bytes to ecology
[dna] earth wrote 122 bytes to ecology
[dna] earth wrote 93 bytes to ecology
[dna] earth wrote 11 bytes to ecology
[dna] earth wrote 90 bytes to ecology
[dna] earth wrote 77 bytes to ecology
[dna] earth wrote 181 bytes to ecology
[dna] earth wrote 33 bytes to ecology
[dna] earth wrote 72 bytes to ecology
[dna] earth wrote 287 bytes to ecology
[dna] earth wrote 74 bytes to ecology
[dna] earth wrote 42 bytes to ecology
[dna] earth wrote 130 bytes to ecology
[dna] earth wrote 49 bytes to ecology
[dna] earth wrote 85 bytes to ecology
[dna] earth wrote 55 bytes to ecology
[dna] earth wrote 172 bytes to ecology
[dna] earth wrote 18 bytes to ecology
[dna] earth wrote 63 bytes to ecology
[dna] earth wrote 111 bytes to ecology
[dna] earth wrote 249 bytes to ecology
[debug-onto] tick=600 corpus=173643 stage=2 freeze=0
[dna] earth wrote 75 bytes to ecology
[dna] earth wrote 81 bytes to ecology
[dna] earth wrote 56 bytes to ecology
[dna] earth wrote 69 bytes to ecology
[dna] earth wrote 54 bytes to ecology
[dna] earth wrote 53 bytes to ecology
[dna] earth wrote 86 bytes to ecology
[dna] earth wrote 59 bytes to ecology
[dna] earth wrote 26 bytes to ecology
[dna] earth wrote 132 bytes to ecology
[dna] earth wrote 68 bytes to ecology
[dna] earth wrote 65 bytes to ecology
[dna] earth wrote 105 bytes to ecology
[dna] earth wrote 54 bytes to ecology
[dna] earth wrote 173 bytes to ecology
[dna] earth wrote 81 bytes to ecology
[dna] earth wrote 170 bytes to ecology
[dna] earth wrote 200 bytes to ecology
[dna] earth wrote 80 bytes to ecology
[dna] earth wrote 223 bytes to ecology
[dna] earth wrote 160 bytes to ecology
[dna] earth wrote 52 bytes to ecology
[dna] earth wrote 82 bytes to ecology
[dna] earth wrote 53 bytes to ecology
[dna] earth wrote 111 bytes to ecology

[evolution] Organism shutting down gracefully.
