[ecology] Element: fire → corpus: nonames_fire.txt
[evolution] Autonomous evolution mode — organism will grow through all stages without pause.
[ecology] Joined swarm. 1 peer(s) detected.
molequla is alive. [evolution] Autonomous mode — background trainer running. Ctrl+C to stop.
[dna] fire wrote 43 bytes to ecology
[dna] fire consumed 35744 bytes from 564 files: [water/gen_1775544280_1.txt water/gen_1775544290_2.txt water/gen_1775544293_3.txt water/gen_1775544297_4.txt water/gen_1775544300_5.txt water/gen_1775544303_6.txt water/gen_1775544306_7.txt water/gen_1775544309_8.txt water/gen_1775544312_9.txt water/gen_1775544315_10.txt water/gen_1775544318_11.txt water/gen_1775544321_12.txt water/gen_1775544324_13.txt water/gen_1775544328_14.txt water/gen_1775544331_15.txt water/gen_1775544334_16.txt water/gen_1775544337_17.txt water/gen_1775544340_18.txt water/gen_1775544343_19.txt water/gen_1775544346_20.txt water/gen_1775544350_21.txt water/gen_1775544353_22.txt water/gen_1775544356_23.txt water/gen_1775544359_24.txt water/gen_1775544362_25.txt water/gen_1775544365_26.txt water/gen_1775544368_27.txt water/gen_1775544371_28.txt water/gen_1775544374_29.txt water/gen_1775544378_30.txt water/gen_1775544381_31.txt water/gen_1775544387_33.txt water/gen_1775544390_34.txt water/gen_1775544393_35.txt water/gen_1775544396_36.txt water/gen_1775544399_37.txt water/gen_1775544402_38.txt water/gen_1775544405_39.txt water/gen_1775544409_40.txt water/gen_1775544412_41.txt water/gen_1775544415_42.txt water/gen_1775544418_43.txt water/gen_1775544421_44.txt water/gen_1775544424_45.txt water/gen_1775544427_46.txt water/gen_1775544430_47.txt water/gen_1775544434_48.txt water/gen_1775544437_49.txt water/gen_1775544440_50.txt water/gen_1775544443_51.txt water/gen_1775544446_52.txt water/gen_1775544449_53.txt water/gen_1775544452_54.txt water/gen_1775544455_55.txt water/gen_1775544461_57.txt water/gen_1775544465_58.txt water/gen_1775544468_59.txt water/gen_1775544471_60.txt water/gen_1775544474_61.txt water/gen_1775544476_62.txt water/gen_1775544479_63.txt water/gen_1775544482_64.txt water/gen_1775544485_65.txt water/gen_1775544488_66.txt water/gen_1775544491_67.txt water/gen_1775544494_68.txt water/gen_1775544497_69.txt water/gen_1775544500_70.txt water/gen_1775544503_71.txt water/gen_1775544506_72.txt water/gen_1775544509_73.txt water/gen_1775544512_74.txt water/gen_1775544515_75.txt water/gen_1775544519_76.txt water/gen_1775544522_77.txt water/gen_1775544525_78.txt water/gen_1775544527_79.txt water/gen_1775544530_80.txt water/gen_1775544534_81.txt water/gen_1775544536_82.txt water/gen_1775544539_83.txt water/gen_1775544542_84.txt water/gen_1775544545_85.txt water/gen_1775544548_86.txt water/gen_1775544551_87.txt water/gen_1775544554_88.txt water/gen_1775544557_89.txt water/gen_1775544560_90.txt water/gen_1775544563_91.txt water/gen_1775544566_92.txt water/gen_1775544569_93.txt water/gen_1775544572_94.txt water/gen_1775544575_95.txt water/gen_1775544578_96.txt water/gen_1775544581_97.txt water/gen_1775544584_98.txt water/gen_1775544587_99.txt water/gen_1775544590_100.txt water/gen_1775544592_101.txt water/gen_1775544595_102.txt water/gen_1775544598_103.txt water/gen_1775544604_105.txt water/gen_1775544607_106.txt water/gen_1775544610_107.txt water/gen_1775544613_108.txt water/gen_1775544616_109.txt water/gen_1775544619_110.txt water/gen_1775544622_111.txt water/gen_1775544625_112.txt water/gen_1775544628_113.txt water/gen_1775544631_114.txt water/gen_1775544634_115.txt water/gen_1775544637_116.txt water/gen_1775544640_117.txt water/gen_1775544643_118.txt water/gen_1775544646_119.txt water/gen_1775544649_120.txt water/gen_1775544652_121.txt water/gen_1775544655_122.txt water/gen_1775544658_123.txt water/gen_1775544661_124.txt water/gen_1775544664_125.txt water/gen_1775544667_126.txt water/gen_1775544670_127.txt water/gen_1775544673_128.txt water/gen_1775544676_129.txt water/gen_1775544679_130.txt water/gen_1775544683_131.txt water/gen_1775544686_132.txt water/gen_1775544689_133.txt water/gen_1775544692_134.txt water/gen_1775544695_135.txt water/gen_1775544698_136.txt water/gen_1775544701_137.txt water/gen_1775544704_138.txt water/gen_1775544706_139.txt water/gen_1775544712_141.txt water/gen_1775544715_142.txt water/gen_1775544718_143.txt water/gen_1775544721_144.txt water/gen_1775544724_145.txt water/gen_1775544730_147.txt water/gen_1775544733_148.txt water/gen_1775544736_149.txt water/gen_1775544739_150.txt water/gen_1775544742_151.txt water/gen_1775544745_152.txt water/gen_1775544748_153.txt water/gen_1775544751_154.txt water/gen_1775544754_155.txt water/gen_1775544757_156.txt water/gen_1775544760_157.txt water/gen_1775544763_158.txt water/gen_1775544766_159.txt water/gen_1775544769_160.txt water/gen_1775544772_161.txt water/gen_1775544774_162.txt water/gen_1775544777_163.txt water/gen_1775544780_164.txt water/gen_1775544783_165.txt water/gen_1775544786_166.txt water/gen_1775544789_167.txt water/gen_1775544792_168.txt water/gen_1775544795_169.txt water/gen_1775544798_170.txt water/gen_1775544801_171.txt water/gen_1775544804_172.txt water/gen_1775544807_173.txt water/gen_1775544810_174.txt water/gen_1775544813_175.txt water/gen_1775544815_176.txt water/gen_1775544818_177.txt water/gen_1775544821_178.txt water/gen_1775544824_179.txt water/gen_1775544827_180.txt water/gen_1775544830_181.txt water/gen_1775544836_183.txt water/gen_1775544839_184.txt water/gen_1775544843_185.txt water/gen_1775544846_186.txt water/gen_1775544849_187.txt water/gen_1775544852_188.txt water/gen_1775544855_189.txt water/gen_1775544858_190.txt water/gen_1775544861_191.txt water/gen_1775544864_192.txt water/gen_1775544867_193.txt water/gen_1775544870_194.txt water/gen_1775544874_195.txt water/gen_1775544877_196.txt water/gen_1775544880_197.txt water/gen_1775544883_198.txt water/gen_1775544886_199.txt water/gen_1775544889_200.txt water/gen_1775544892_201.txt water/gen_1775544895_202.txt water/gen_1775544898_203.txt water/gen_1775544901_204.txt water/gen_1775544905_205.txt water/gen_1775544908_206.txt water/gen_1775544911_207.txt water/gen_1775544914_208.txt water/gen_1775544917_209.txt water/gen_1775544920_210.txt water/gen_1775544923_211.txt water/gen_1775544926_212.txt water/gen_1775544929_213.txt water/gen_1775544932_214.txt water/gen_1775544935_215.txt water/gen_1775544938_216.txt water/gen_1775544941_217.txt water/gen_1775544944_218.txt water/gen_1775544947_219.txt water/gen_1775544950_220.txt water/gen_1775544953_221.txt water/gen_1775544956_222.txt water/gen_1775544959_223.txt water/gen_1775544962_224.txt water/gen_1775544965_225.txt water/gen_1775544968_226.txt water/gen_1775544971_227.txt water/gen_1775544974_228.txt water/gen_1775544977_229.txt water/gen_1775544980_230.txt water/gen_1775544983_231.txt water/gen_1775544986_232.txt water/gen_1775544989_233.txt water/gen_1775544992_234.txt water/gen_1775544995_235.txt water/gen_1775545001_237.txt water/gen_1775545004_238.txt water/gen_1775545007_239.txt water/gen_1775545010_240.txt water/gen_1775545013_241.txt water/gen_1775545016_242.txt water/gen_1775545019_243.txt water/gen_1775545022_244.txt water/gen_1775545025_245.txt water/gen_1775545028_246.txt water/gen_1775545031_247.txt water/gen_1775545034_248.txt water/gen_1775545037_249.txt water/gen_1775545041_250.txt water/gen_1775545044_251.txt water/gen_1775545047_252.txt water/gen_1775545050_253.txt water/gen_1775545053_254.txt water/gen_1775545056_255.txt water/gen_1775545059_256.txt water/gen_1775545062_257.txt water/gen_1775545065_258.txt water/gen_1775545068_259.txt water/gen_1775545071_260.txt water/gen_1775545074_261.txt water/gen_1775545077_262.txt water/gen_1775545080_263.txt water/gen_1775545083_264.txt water/gen_1775545086_265.txt water/gen_1775545090_266.txt water/gen_1775545093_267.txt water/gen_1775545096_268.txt water/gen_1775545099_269.txt water/gen_1775545102_270.txt water/gen_1775545105_271.txt water/gen_1775545108_272.txt water/gen_1775545111_273.txt water/gen_1775545114_274.txt water/gen_1775545117_275.txt water/gen_1775545120_276.txt water/gen_1775545124_277.txt water/gen_1775545127_278.txt water/gen_1775545130_279.txt water/gen_1775545133_280.txt water/gen_1775545136_281.txt water/gen_1775545139_282.txt water/gen_1775545142_283.txt water/gen_1775545145_284.txt water/gen_1775545148_285.txt water/gen_1775545151_286.txt water/gen_1775545154_287.txt water/gen_1775545157_288.txt water/gen_1775545161_289.txt water/gen_1775545164_290.txt water/gen_1775545167_291.txt water/gen_1775545170_292.txt water/gen_1775545173_293.txt water/gen_1775545176_294.txt water/gen_1775545179_295.txt water/gen_1775545182_296.txt water/gen_1775545185_297.txt water/gen_1775545188_298.txt water/gen_1775545191_299.txt water/gen_1775545194_300.txt water/gen_1775545197_301.txt water/gen_1775545200_302.txt water/gen_1775545203_303.txt water/gen_1775545206_304.txt water/gen_1775545209_305.txt water/gen_1775545212_306.txt water/gen_1775545215_307.txt water/gen_1775545219_308.txt water/gen_1775545222_309.txt water/gen_1775545225_310.txt water/gen_1775545228_311.txt water/gen_1775545231_312.txt water/gen_1775545234_313.txt water/gen_1775545237_314.txt water/gen_1775545240_315.txt water/gen_1775545243_316.txt water/gen_1775545246_317.txt water/gen_1775545249_318.txt water/gen_1775545252_319.txt water/gen_1775545255_320.txt water/gen_1775545258_321.txt water/gen_1775545262_322.txt water/gen_1775545265_323.txt water/gen_1775545268_324.txt water/gen_1775545271_325.txt water/gen_1775545274_326.txt water/gen_1775545277_327.txt water/gen_1775545280_328.txt water/gen_1775545283_329.txt water/gen_1775545286_330.txt water/gen_1775545290_331.txt water/gen_1775545293_332.txt water/gen_1775545296_333.txt water/gen_1775545299_334.txt water/gen_1775545302_335.txt water/gen_1775545305_336.txt water/gen_1775545309_337.txt water/gen_1775545315_339.txt water/gen_1775545318_340.txt water/gen_1775545321_341.txt water/gen_1775545324_342.txt water/gen_1775545327_343.txt water/gen_1775545331_344.txt water/gen_1775545334_345.txt water/gen_1775545337_346.txt water/gen_1775545340_347.txt water/gen_1775545343_348.txt water/gen_1775545346_349.txt water/gen_1775545349_350.txt water/gen_1775545353_351.txt water/gen_1775545356_352.txt water/gen_1775545359_353.txt water/gen_1775545362_354.txt water/gen_1775545365_355.txt water/gen_1775545368_356.txt water/gen_1775545372_357.txt water/gen_1775545375_358.txt water/gen_1775545378_359.txt water/gen_1775545381_360.txt water/gen_1775545384_361.txt water/gen_1775545390_363.txt water/gen_1775545394_364.txt water/gen_1775545397_365.txt water/gen_1775545400_366.txt water/gen_1775545403_367.txt water/gen_1775545409_369.txt water/gen_1775545412_370.txt water/gen_1775545415_371.txt water/gen_1775545419_372.txt water/gen_1775545422_373.txt water/gen_1775545425_374.txt water/gen_1775545428_375.txt water/gen_1775545431_376.txt water/gen_1775545434_377.txt water/gen_1775545437_378.txt water/gen_1775545440_379.txt water/gen_1775545447_381.txt water/gen_1775545450_382.txt water/gen_1775545453_383.txt water/gen_1775545456_384.txt water/gen_1775545459_385.txt water/gen_1775545462_386.txt water/gen_1775545465_387.txt water/gen_1775545468_388.txt water/gen_1775545471_389.txt water/gen_1775545474_390.txt water/gen_1775545478_391.txt water/gen_1775545481_392.txt water/gen_1775545484_393.txt water/gen_1775545487_394.txt water/gen_1775545490_395.txt water/gen_1775545493_396.txt water/gen_1775545496_397.txt water/gen_1775545499_398.txt water/gen_1775545503_399.txt water/gen_1775545506_400.txt water/gen_1775545509_401.txt water/gen_1775545512_402.txt water/gen_1775545515_403.txt water/gen_1775545518_404.txt water/gen_1775545521_405.txt water/gen_1775545525_406.txt water/gen_1775545528_407.txt water/gen_1775545531_408.txt water/gen_1775545534_409.txt water/gen_1775545537_410.txt water/gen_1775545540_411.txt water/gen_1775545543_412.txt water/gen_1775545547_413.txt water/gen_1775545550_414.txt water/gen_1775545553_415.txt water/gen_1775545559_417.txt water/gen_1775545562_418.txt water/gen_1775545566_419.txt water/gen_1775545569_420.txt water/gen_1775545572_421.txt water/gen_1775545575_422.txt water/gen_1775545578_423.txt water/gen_1775545582_424.txt water/gen_1775545585_425.txt water/gen_1775545588_426.txt water/gen_1775545591_427.txt water/gen_1775545594_428.txt water/gen_1775545597_429.txt water/gen_1775545600_430.txt water/gen_1775545604_431.txt water/gen_1775545607_432.txt water/gen_1775545610_433.txt water/gen_1775545616_435.txt water/gen_1775545619_436.txt water/gen_1775545623_437.txt water/gen_1775545626_438.txt water/gen_1775545629_439.txt water/gen_1775545635_441.txt water/gen_1775545638_442.txt water/gen_1775545641_443.txt water/gen_1775545645_444.txt water/gen_1775545648_445.txt water/gen_1775545651_446.txt water/gen_1775545654_447.txt water/gen_1775545657_448.txt water/gen_1775545660_449.txt water/gen_1775545664_450.txt water/gen_1775545667_451.txt water/gen_1775545670_452.txt water/gen_1775545673_453.txt water/gen_1775545676_454.txt water/gen_1775545679_455.txt water/gen_1775545682_456.txt water/gen_1775545685_457.txt water/gen_1775545689_458.txt water/gen_1775545692_459.txt water/gen_1775545695_460.txt water/gen_1775545698_461.txt water/gen_1775545701_462.txt water/gen_1775545704_463.txt water/gen_1775545707_464.txt water/gen_1775545710_465.txt water/gen_1775545713_466.txt water/gen_1775545716_467.txt water/gen_1775545719_468.txt water/gen_1775545723_469.txt water/gen_1775545726_470.txt water/gen_1775545729_471.txt water/gen_1775545732_472.txt water/gen_1775545735_473.txt water/gen_1775545738_474.txt water/gen_1775545741_475.txt water/gen_1775545745_476.txt water/gen_1775545748_477.txt water/gen_1775545751_478.txt water/gen_1775545754_479.txt water/gen_1775545757_480.txt water/gen_1775545760_481.txt water/gen_1775545764_482.txt water/gen_1775545767_483.txt water/gen_1775545770_484.txt water/gen_1775545773_485.txt water/gen_1775545776_486.txt water/gen_1775545780_487.txt water/gen_1775545783_488.txt water/gen_1775545786_489.txt water/gen_1775545789_490.txt water/gen_1775545792_491.txt water/gen_1775545795_492.txt water/gen_1775545798_493.txt water/gen_1775545802_494.txt water/gen_1775545805_495.txt water/gen_1775545808_496.txt water/gen_1775545811_497.txt water/gen_1775545814_498.txt water/gen_1775545817_499.txt water/gen_1775545820_500.txt water/gen_1775545823_501.txt water/gen_1775545826_502.txt water/gen_1775545829_503.txt water/gen_1775545832_504.txt water/gen_1775545836_505.txt water/gen_1775545842_507.txt water/gen_1775545845_508.txt water/gen_1775545848_509.txt water/gen_1775545851_510.txt water/gen_1775545854_511.txt water/gen_1775545857_512.txt water/gen_1775545860_513.txt water/gen_1775545863_514.txt water/gen_1775545866_515.txt water/gen_1775545869_516.txt water/gen_1775545872_517.txt water/gen_1775545878_519.txt water/gen_1775545881_520.txt water/gen_1775545884_521.txt water/gen_1775545887_522.txt water/gen_1775545891_523.txt water/gen_1775545897_525.txt water/gen_1775545900_526.txt water/gen_1775545903_527.txt water/gen_1775545906_528.txt water/gen_1775545909_529.txt water/gen_1775545912_530.txt water/gen_1775545915_531.txt water/gen_1775545919_532.txt water/gen_1775545922_533.txt water/gen_1775545925_534.txt water/gen_1775545928_535.txt water/gen_1775545932_536.txt water/gen_1775545935_537.txt water/gen_1775545938_538.txt water/gen_1775545941_539.txt water/gen_1775545944_540.txt water/gen_1775545947_541.txt water/gen_1775545951_542.txt water/gen_1775545954_543.txt water/gen_1775545957_544.txt water/gen_1775545960_545.txt water/gen_1775545963_546.txt water/gen_1775545966_547.txt water/gen_1775545972_549.txt water/gen_1775545975_550.txt water/gen_1775545978_551.txt water/gen_1775545982_552.txt water/gen_1775545985_553.txt water/gen_1775545988_554.txt water/gen_1775545991_555.txt water/gen_1775545994_556.txt water/gen_1775545997_557.txt water/gen_1775546000_558.txt water/gen_1775546003_559.txt water/gen_1775546006_560.txt water/gen_1775546009_561.txt water/gen_1775546012_562.txt water/gen_1775546015_563.txt water/gen_1775546018_564.txt water/gen_1775546021_565.txt water/gen_1775546024_566.txt water/gen_1775546027_567.txt water/gen_1775546030_568.txt water/gen_1775546033_569.txt water/gen_1775546036_570.txt water/gen_1775546039_571.txt water/gen_1775546043_572.txt water/gen_1775546046_573.txt water/gen_1775546049_574.txt water/gen_1775546052_575.txt water/gen_1775546055_576.txt water/gen_1775546058_577.txt water/gen_1775546061_578.txt water/gen_1775546064_579.txt water/gen_1775546067_580.txt water/gen_1775546070_581.txt water/gen_1775546073_582.txt]
[trainer] micro-train burst (35744 bytes, novelty 0.02) — and lo, it feeds again.
[syntropy] action=explore | trend=0.0000 | field_dev=-0.037 | purpose_align=0.206 | lr_mul=1.30
[aml] burst complete: 32 steps, avg loss 1.2292 (memory freed)
[dna] fire wrote 23 bytes to ecology
[dna] fire wrote 87 bytes to ecology
[dna] fire wrote 14 bytes to ecology
[dna] fire wrote 184 bytes to ecology
[dna] fire wrote 141 bytes to ecology
[dna] fire wrote 15 bytes to ecology
[dna] fire wrote 73 bytes to ecology
[dna] fire wrote 7 bytes to ecology
[dna] fire wrote 37 bytes to ecology
[dna] fire wrote 59 bytes to ecology
[dna] fire wrote 52 bytes to ecology
[dna] fire wrote 23 bytes to ecology
[dna] fire wrote 116 bytes to ecology
[dna] fire wrote 23 bytes to ecology
[dna] fire wrote 20 bytes to ecology
[dna] fire wrote 32 bytes to ecology
[dna] fire wrote 35 bytes to ecology
[dna] fire wrote 5 bytes to ecology
[dna] fire wrote 55 bytes to ecology
[dna] fire wrote 11 bytes to ecology
[dna] fire wrote 27 bytes to ecology
[dna] fire wrote 90 bytes to ecology
[dna] fire wrote 27 bytes to ecology
[dna] fire wrote 25 bytes to ecology
[debug-onto] tick=50 corpus=158208 stage=2 freeze=0
[dna] fire wrote 90 bytes to ecology
[dna] fire wrote 25 bytes to ecology
[dna] fire wrote 28 bytes to ecology
[dna] fire wrote 35 bytes to ecology
[dna] fire wrote 165 bytes to ecology
[dna] fire wrote 154 bytes to ecology
[dna] fire wrote 111 bytes to ecology
[dna] fire wrote 27 bytes to ecology
[dna] fire wrote 42 bytes to ecology
[dna] fire wrote 140 bytes to ecology
[dna] fire wrote 44 bytes to ecology
[dna] fire wrote 72 bytes to ecology
[dna] fire wrote 27 bytes to ecology
[dna] fire wrote 46 bytes to ecology
[dna] fire wrote 50 bytes to ecology
[dna] fire wrote 59 bytes to ecology
[dna] fire wrote 94 bytes to ecology
[dna] fire wrote 58 bytes to ecology
[dna] fire wrote 31 bytes to ecology
[dna] fire wrote 34 bytes to ecology
[dna] fire wrote 23 bytes to ecology
[dna] fire wrote 39 bytes to ecology
[dna] fire wrote 45 bytes to ecology
[dna] fire wrote 61 bytes to ecology
[debug-onto] tick=100 corpus=158208 stage=2 freeze=0
[dna] fire wrote 92 bytes to ecology
[dna] fire wrote 43 bytes to ecology
[dna] fire wrote 43 bytes to ecology
[dna] fire wrote 35 bytes to ecology
[dna] fire wrote 40 bytes to ecology
[dna] fire wrote 81 bytes to ecology
[dna] fire wrote 26 bytes to ecology
[dna] fire wrote 13 bytes to ecology
[dna] fire wrote 71 bytes to ecology
[dna] fire wrote 118 bytes to ecology
[dna] fire wrote 67 bytes to ecology
[dna] fire wrote 79 bytes to ecology
[dna] fire wrote 59 bytes to ecology
[dna] fire wrote 35 bytes to ecology
[dna] fire wrote 60 bytes to ecology
[dna] fire wrote 14 bytes to ecology
[dna] fire wrote 20 bytes to ecology
[dna] fire wrote 102 bytes to ecology
[dna] fire wrote 122 bytes to ecology
[dna] fire wrote 18 bytes to ecology
[dna] fire wrote 22 bytes to ecology
[dna] fire wrote 52 bytes to ecology
[debug-onto] tick=150 corpus=158208 stage=2 freeze=0
[dna] fire wrote 14 bytes to ecology
[dna] fire wrote 49 bytes to ecology
[dna] fire wrote 120 bytes to ecology
[dna] fire wrote 7 bytes to ecology
[dna] fire wrote 54 bytes to ecology
[dna] fire wrote 29 bytes to ecology
[dna] fire wrote 56 bytes to ecology
[dna] fire wrote 72 bytes to ecology
[dna] fire wrote 30 bytes to ecology
[dna] fire wrote 81 bytes to ecology
[dna] fire wrote 70 bytes to ecology
[dna] fire wrote 13 bytes to ecology
[dna] fire wrote 130 bytes to ecology
[dna] fire wrote 38 bytes to ecology
[dna] fire wrote 18 bytes to ecology
[dna] fire wrote 203 bytes to ecology
[dna] fire wrote 21 bytes to ecology
[dna] fire wrote 84 bytes to ecology
[dna] fire wrote 138 bytes to ecology
[dna] fire wrote 89 bytes to ecology
[dna] fire wrote 14 bytes to ecology
[dna] fire wrote 69 bytes to ecology
[dna] fire wrote 68 bytes to ecology
[debug-onto] tick=200 corpus=158208 stage=2 freeze=0
[dna] fire wrote 28 bytes to ecology
[dna] fire wrote 15 bytes to ecology
[dna] fire wrote 109 bytes to ecology
[dna] fire wrote 58 bytes to ecology
[dna] fire wrote 22 bytes to ecology
[dna] fire wrote 74 bytes to ecology
[dna] fire wrote 96 bytes to ecology
[dna] fire wrote 6 bytes to ecology
[dna] fire wrote 8 bytes to ecology
[dna] fire wrote 40 bytes to ecology
[dna] fire wrote 148 bytes to ecology
[dna] fire wrote 87 bytes to ecology
[dna] fire wrote 29 bytes to ecology
[dna] fire wrote 22 bytes to ecology
[dna] fire wrote 11 bytes to ecology
[dna] fire wrote 101 bytes to ecology
[dna] fire wrote 31 bytes to ecology
[dna] fire wrote 16 bytes to ecology
[dna] fire wrote 88 bytes to ecology
[dna] fire wrote 25 bytes to ecology
[dna] fire wrote 26 bytes to ecology
[dna] fire wrote 38 bytes to ecology
[dna] fire wrote 90 bytes to ecology
[dna] fire wrote 28 bytes to ecology
[debug-onto] tick=250 corpus=158208 stage=2 freeze=0
[dna] fire wrote 139 bytes to ecology
[dna] fire wrote 20 bytes to ecology
[dna] fire wrote 28 bytes to ecology
[dna] fire wrote 113 bytes to ecology
[dna] fire wrote 24 bytes to ecology
[dna] fire wrote 93 bytes to ecology
[dna] fire wrote 38 bytes to ecology
[dna] fire wrote 10 bytes to ecology
[dna] fire wrote 29 bytes to ecology
[dna] fire wrote 121 bytes to ecology
[dna] fire wrote 44 bytes to ecology
[dna] fire wrote 88 bytes to ecology
[dna] fire wrote 34 bytes to ecology
[dna] fire wrote 61 bytes to ecology
[dna] fire wrote 63 bytes to ecology
[dna] fire wrote 30 bytes to ecology
[dna] fire wrote 23 bytes to ecology
[dna] fire wrote 8 bytes to ecology
[dna] fire wrote 31 bytes to ecology
[dna] fire wrote 49 bytes to ecology
[dna] fire wrote 18 bytes to ecology
[dna] fire wrote 69 bytes to ecology
[dna] fire wrote 72 bytes to ecology
[debug-onto] tick=300 corpus=158208 stage=2 freeze=0
[dna] fire wrote 67 bytes to ecology
[dna] fire wrote 24 bytes to ecology
[dna] fire wrote 157 bytes to ecology
[dna] fire wrote 46 bytes to ecology
[dna] fire wrote 21 bytes to ecology
[dna] fire wrote 17 bytes to ecology
[dna] fire wrote 30 bytes to ecology
[dna] fire wrote 54 bytes to ecology
[dna] fire wrote 83 bytes to ecology
[dna] fire wrote 12 bytes to ecology
[dna] fire wrote 68 bytes to ecology
[dna] fire wrote 124 bytes to ecology
[dna] fire wrote 39 bytes to ecology
[dna] fire wrote 9 bytes to ecology
[dna] fire wrote 47 bytes to ecology
[dna] fire wrote 25 bytes to ecology
[dna] fire wrote 43 bytes to ecology
[dna] fire wrote 62 bytes to ecology
[dna] fire wrote 21 bytes to ecology
[dna] fire wrote 36 bytes to ecology
[dna] fire wrote 21 bytes to ecology
[dna] fire wrote 26 bytes to ecology
[dna] fire wrote 24 bytes to ecology
[debug-onto] tick=350 corpus=158208 stage=2 freeze=0
[dna] fire wrote 47 bytes to ecology
[dna] fire wrote 8 bytes to ecology
[dna] fire wrote 23 bytes to ecology
[dna] fire wrote 21 bytes to ecology
[dna] fire wrote 27 bytes to ecology
[dna] fire wrote 8 bytes to ecology
[dna] fire wrote 32 bytes to ecology
[dna] fire wrote 32 bytes to ecology
[dna] fire wrote 63 bytes to ecology
[dna] fire wrote 72 bytes to ecology
[dna] fire wrote 40 bytes to ecology
[dna] fire wrote 29 bytes to ecology
[dna] fire wrote 37 bytes to ecology
[dna] fire wrote 40 bytes to ecology
[dna] fire wrote 42 bytes to ecology
[dna] fire wrote 40 bytes to ecology
[dna] fire wrote 61 bytes to ecology
[dna] fire wrote 51 bytes to ecology
[dna] fire wrote 67 bytes to ecology
[dna] fire wrote 78 bytes to ecology
[dna] fire wrote 15 bytes to ecology
[dna] fire wrote 12 bytes to ecology
[dna] fire wrote 22 bytes to ecology
[dna] fire wrote 135 bytes to ecology
[debug-onto] tick=400 corpus=158208 stage=2 freeze=0
[dna] fire wrote 31 bytes to ecology
[dna] fire wrote 14 bytes to ecology
[dna] fire wrote 23 bytes to ecology
[dna] fire wrote 65 bytes to ecology
[dna] fire wrote 109 bytes to ecology
[dna] fire wrote 58 bytes to ecology
[dna] fire wrote 18 bytes to ecology
[dna] fire wrote 6 bytes to ecology
[dna] fire wrote 51 bytes to ecology
[dna] fire wrote 31 bytes to ecology
[dna] fire wrote 68 bytes to ecology
[dna] fire wrote 51 bytes to ecology
[dna] fire wrote 29 bytes to ecology
[dna] fire wrote 46 bytes to ecology
[dna] fire wrote 22 bytes to ecology
[dna] fire wrote 57 bytes to ecology
[dna] fire wrote 72 bytes to ecology
[dna] fire wrote 173 bytes to ecology
[dna] fire wrote 32 bytes to ecology
[dna] fire wrote 78 bytes to ecology
[dna] fire wrote 99 bytes to ecology
[dna] fire wrote 88 bytes to ecology
[debug-onto] tick=450 corpus=158208 stage=2 freeze=0
[dna] fire wrote 13 bytes to ecology
[dna] fire wrote 33 bytes to ecology
[dna] fire wrote 85 bytes to ecology
[dna] fire wrote 18 bytes to ecology
[dna] fire wrote 112 bytes to ecology
[dna] fire wrote 48 bytes to ecology
[dna] fire wrote 11 bytes to ecology
[dna] fire wrote 17 bytes to ecology
[dna] fire wrote 58 bytes to ecology
[dna] fire wrote 54 bytes to ecology
[dna] fire wrote 51 bytes to ecology
[dna] fire wrote 62 bytes to ecology
[dna] fire wrote 63 bytes to ecology
[dna] fire wrote 137 bytes to ecology
[dna] fire wrote 43 bytes to ecology
[dna] fire wrote 9 bytes to ecology
[dna] fire wrote 101 bytes to ecology
[dna] fire wrote 69 bytes to ecology
[dna] fire wrote 38 bytes to ecology
[dna] fire wrote 25 bytes to ecology
[dna] fire wrote 62 bytes to ecology
[dna] fire wrote 39 bytes to ecology
[dna] fire wrote 62 bytes to ecology
[dna] fire wrote 87 bytes to ecology
[dna] fire wrote 52 bytes to ecology
[debug-onto] tick=500 corpus=158208 stage=2 freeze=0
[dna] fire wrote 44 bytes to ecology
[dna] fire wrote 40 bytes to ecology
[dna] fire wrote 17 bytes to ecology
[dna] fire wrote 36 bytes to ecology
[dna] fire wrote 19 bytes to ecology
[dna] fire wrote 28 bytes to ecology
[dna] fire wrote 38 bytes to ecology
[dna] fire wrote 125 bytes to ecology
[dna] fire wrote 104 bytes to ecology
[dna] fire wrote 117 bytes to ecology
[dna] fire wrote 184 bytes to ecology
[dna] fire wrote 117 bytes to ecology
[dna] fire wrote 145 bytes to ecology
[dna] fire wrote 41 bytes to ecology
[dna] fire wrote 10 bytes to ecology
[dna] fire wrote 169 bytes to ecology
[dna] fire wrote 34 bytes to ecology
[dna] fire wrote 43 bytes to ecology
[dna] fire wrote 53 bytes to ecology
[dna] fire wrote 74 bytes to ecology
[dna] fire wrote 9 bytes to ecology
[dna] fire wrote 30 bytes to ecology
[dna] fire wrote 92 bytes to ecology
[dna] fire wrote 17 bytes to ecology
[debug-onto] tick=550 corpus=158208 stage=2 freeze=0
[dna] fire wrote 232 bytes to ecology

[evolution] Organism shutting down gracefully.
