[ecology] Element: water → corpus: nonames_water.txt
[evolution] Autonomous evolution mode — organism will grow through all stages without pause.
[ecology] Joined swarm. 1 peer(s) detected.
molequla is alive. [evolution] Autonomous mode — background trainer running. Ctrl+C to stop.
[dna] water wrote 49 bytes to ecology
[dna] water consumed 23353 bytes from 307 files: [air/gen_1775542480_1.txt air/gen_1775542499_4.txt air/gen_1775542505_6.txt air/gen_1775542508_7.txt air/gen_1775542517_10.txt air/gen_1775542523_12.txt air/gen_1775542526_13.txt air/gen_1775542535_16.txt air/gen_1775542544_19.txt air/gen_1775542553_22.txt air/gen_1775542556_23.txt air/gen_1775542559_24.txt air/gen_1775542562_25.txt air/gen_1775542572_28.txt air/gen_1775542578_30.txt air/gen_1775542581_31.txt air/gen_1775542590_34.txt air/gen_1775542596_36.txt air/gen_1775542599_37.txt air/gen_1775542608_40.txt air/gen_1775542614_42.txt air/gen_1775542617_43.txt air/gen_1775542626_46.txt air/gen_1775542632_48.txt air/gen_1775542635_49.txt air/gen_1775542644_52.txt air/gen_1775542650_54.txt air/gen_1775542653_55.txt air/gen_1775542662_58.txt air/gen_1775542668_60.txt air/gen_1775542671_61.txt air/gen_1775542680_64.txt air/gen_1775542683_65.txt air/gen_1775542686_66.txt air/gen_1775542689_67.txt air/gen_1775542698_70.txt air/gen_1775542704_72.txt air/gen_1775542706_73.txt air/gen_1775542715_76.txt air/gen_1775542721_78.txt air/gen_1775542724_79.txt air/gen_1775542733_82.txt air/gen_1775542739_84.txt air/gen_1775542742_85.txt air/gen_1775542751_88.txt air/gen_1775542757_90.txt air/gen_1775542759_91.txt air/gen_1775542768_94.txt air/gen_1775542774_96.txt air/gen_1775542777_97.txt air/gen_1775542786_100.txt air/gen_1775542792_102.txt air/gen_1775542795_103.txt air/gen_1775542804_106.txt air/gen_1775542810_108.txt air/gen_1775542813_109.txt air/gen_1775542822_112.txt air/gen_1775542828_114.txt air/gen_1775542831_115.txt air/gen_1775542840_118.txt air/gen_1775542846_120.txt air/gen_1775542849_121.txt air/gen_1775542858_124.txt air/gen_1775542861_125.txt air/gen_1775542864_126.txt air/gen_1775542867_127.txt air/gen_1775542876_130.txt air/gen_1775542882_132.txt air/gen_1775542885_133.txt air/gen_1775542894_136.txt air/gen_1775542900_138.txt air/gen_1775542903_139.txt air/gen_1775542912_142.txt air/gen_1775542918_144.txt air/gen_1775542921_145.txt air/gen_1775542930_148.txt air/gen_1775542936_150.txt air/gen_1775542939_151.txt air/gen_1775542948_154.txt air/gen_1775542954_156.txt air/gen_1775542957_157.txt air/gen_1775542966_160.txt air/gen_1775542972_162.txt air/gen_1775542975_163.txt air/gen_1775542984_166.txt air/gen_1775542990_168.txt air/gen_1775542993_169.txt air/gen_1775543002_172.txt air/gen_1775543008_174.txt air/gen_1775543011_175.txt air/gen_1775543020_178.txt air/gen_1775543026_180.txt air/gen_1775543029_181.txt air/gen_1775543038_184.txt air/gen_1775543044_186.txt air/gen_1775543047_187.txt air/gen_1775543056_190.txt air/gen_1775543062_192.txt air/gen_1775543065_193.txt air/gen_1775543074_196.txt air/gen_1775543080_198.txt air/gen_1775543083_199.txt air/gen_1775543092_202.txt air/gen_1775543098_204.txt air/gen_1775543101_205.txt air/gen_1775543110_208.txt air/gen_1775543113_209.txt air/gen_1775543116_210.txt air/gen_1775543119_211.txt air/gen_1775543128_214.txt air/gen_1775543134_216.txt air/gen_1775543137_217.txt air/gen_1775543146_220.txt air/gen_1775543152_222.txt air/gen_1775543155_223.txt air/gen_1775543163_226.txt air/gen_1775543169_228.txt air/gen_1775543172_229.txt air/gen_1775543181_232.txt air/gen_1775543187_234.txt air/gen_1775543190_235.txt air/gen_1775543199_238.txt air/gen_1775543205_240.txt air/gen_1775543208_241.txt air/gen_1775543217_244.txt air/gen_1775543220_245.txt air/gen_1775543223_246.txt air/gen_1775543226_247.txt air/gen_1775543235_250.txt air/gen_1775543241_252.txt air/gen_1775543244_253.txt air/gen_1775543253_256.txt air/gen_1775543259_258.txt air/gen_1775543262_259.txt air/gen_1775543271_262.txt air/gen_1775543277_264.txt air/gen_1775543280_265.txt air/gen_1775543289_268.txt air/gen_1775543295_270.txt air/gen_1775543298_271.txt air/gen_1775543307_274.txt air/gen_1775543313_276.txt air/gen_1775543316_277.txt air/gen_1775543325_280.txt air/gen_1775543328_281.txt air/gen_1775543331_282.txt air/gen_1775543334_283.txt air/gen_1775543342_286.txt air/gen_1775543348_288.txt air/gen_1775543351_289.txt air/gen_1775543360_292.txt air/gen_1775543366_294.txt air/gen_1775543369_295.txt air/gen_1775543378_298.txt air/gen_1775543387_301.txt air/gen_1775543396_304.txt air/gen_1775543402_306.txt air/gen_1775543405_307.txt air/gen_1775543414_310.txt air/gen_1775543420_312.txt air/gen_1775543423_313.txt air/gen_1775543431_316.txt air/gen_1775543437_318.txt air/gen_1775543440_319.txt air/gen_1775543449_322.txt air/gen_1775543455_324.txt air/gen_1775543458_325.txt air/gen_1775543467_328.txt air/gen_1775543473_330.txt air/gen_1775543476_331.txt air/gen_1775543484_334.txt air/gen_1775543490_336.txt air/gen_1775543493_337.txt air/gen_1775543502_340.txt air/gen_1775543508_342.txt air/gen_1775543511_343.txt air/gen_1775543520_346.txt air/gen_1775543526_348.txt air/gen_1775543529_349.txt air/gen_1775543538_352.txt air/gen_1775543544_354.txt air/gen_1775543547_355.txt air/gen_1775543555_358.txt air/gen_1775543564_361.txt air/gen_1775543573_364.txt air/gen_1775543579_366.txt air/gen_1775543582_367.txt air/gen_1775543591_370.txt air/gen_1775543597_372.txt air/gen_1775543600_373.txt air/gen_1775543609_376.txt air/gen_1775543615_378.txt air/gen_1775543618_379.txt air/gen_1775543627_382.txt air/gen_1775543630_383.txt air/gen_1775543633_384.txt air/gen_1775543636_385.txt air/gen_1775543645_388.txt air/gen_1775543651_390.txt air/gen_1775543654_391.txt air/gen_1775543663_394.txt air/gen_1775543669_396.txt air/gen_1775543672_397.txt air/gen_1775543681_400.txt air/gen_1775543684_401.txt air/gen_1775543687_402.txt air/gen_1775543690_403.txt air/gen_1775543699_406.txt air/gen_1775543705_408.txt air/gen_1775543708_409.txt air/gen_1775543717_412.txt air/gen_1775543723_414.txt air/gen_1775543726_415.txt air/gen_1775543735_418.txt air/gen_1775543741_420.txt air/gen_1775543744_421.txt air/gen_1775543753_424.txt air/gen_1775543756_425.txt air/gen_1775543759_426.txt air/gen_1775543762_427.txt air/gen_1775543771_430.txt air/gen_1775543774_431.txt air/gen_1775543777_432.txt air/gen_1775543780_433.txt air/gen_1775543789_436.txt air/gen_1775543795_438.txt air/gen_1775543798_439.txt air/gen_1775543807_442.txt air/gen_1775543813_444.txt air/gen_1775543816_445.txt air/gen_1775543825_448.txt air/gen_1775543831_450.txt air/gen_1775543834_451.txt air/gen_1775543843_454.txt air/gen_1775543849_456.txt air/gen_1775543852_457.txt air/gen_1775543861_460.txt air/gen_1775543867_462.txt air/gen_1775543870_463.txt air/gen_1775543879_466.txt air/gen_1775543885_468.txt air/gen_1775543888_469.txt air/gen_1775543897_472.txt air/gen_1775543903_474.txt air/gen_1775543906_475.txt air/gen_1775543915_478.txt air/gen_1775543921_480.txt air/gen_1775543924_481.txt air/gen_1775543933_484.txt air/gen_1775543939_486.txt air/gen_1775543942_487.txt air/gen_1775543951_490.txt air/gen_1775543957_492.txt air/gen_1775543960_493.txt air/gen_1775543969_496.txt air/gen_1775543975_498.txt air/gen_1775543978_499.txt air/gen_1775543987_502.txt air/gen_1775543993_504.txt air/gen_1775543996_505.txt air/gen_1775544005_508.txt air/gen_1775544011_510.txt air/gen_1775544014_511.txt air/gen_1775544023_514.txt air/gen_1775544029_516.txt air/gen_1775544032_517.txt air/gen_1775544041_520.txt air/gen_1775544048_522.txt air/gen_1775544051_523.txt air/gen_1775544060_526.txt air/gen_1775544066_528.txt air/gen_1775544069_529.txt air/gen_1775544078_532.txt air/gen_1775544084_534.txt air/gen_1775544086_535.txt air/gen_1775544095_538.txt air/gen_1775544101_540.txt air/gen_1775544104_541.txt air/gen_1775544113_544.txt air/gen_1775544119_546.txt air/gen_1775544122_547.txt air/gen_1775544131_550.txt air/gen_1775544134_551.txt air/gen_1775544137_552.txt air/gen_1775544140_553.txt air/gen_1775544149_556.txt air/gen_1775544155_558.txt air/gen_1775544158_559.txt air/gen_1775544167_562.txt air/gen_1775544173_564.txt air/gen_1775544176_565.txt air/gen_1775544185_568.txt air/gen_1775544191_570.txt air/gen_1775544194_571.txt air/gen_1775544203_574.txt air/gen_1775544212_577.txt air/gen_1775544221_580.txt air/gen_1775544224_581.txt air/gen_1775544227_582.txt air/gen_1775544230_583.txt air/gen_1775544239_586.txt air/gen_1775544245_588.txt air/gen_1775544248_589.txt air/gen_1775544257_592.txt air/gen_1775544263_594.txt air/gen_1775544266_595.txt air/gen_1775544275_598.txt]
[trainer] micro-train burst (23353 bytes, novelty 0.03) — and lo, it feeds again.
[syntropy] action=explore | trend=0.0000 | field_dev=0.040 | purpose_align=0.187 | lr_mul=1.30
[aml] burst complete: 32 steps, avg loss 1.8035 (memory freed)
[dna] water wrote 30 bytes to ecology
[dna] water wrote 15 bytes to ecology
[dna] water wrote 318 bytes to ecology
[dna] water wrote 31 bytes to ecology
[dna] water wrote 93 bytes to ecology
[dna] water wrote 83 bytes to ecology
[dna] water wrote 64 bytes to ecology
[dna] water wrote 89 bytes to ecology
[dna] water wrote 40 bytes to ecology
[dna] water wrote 182 bytes to ecology
[dna] water wrote 54 bytes to ecology
[dna] water wrote 61 bytes to ecology
[dna] water wrote 50 bytes to ecology
[dna] water wrote 110 bytes to ecology
[dna] water wrote 63 bytes to ecology
[dna] water wrote 138 bytes to ecology
[dna] water wrote 26 bytes to ecology
[dna] water wrote 56 bytes to ecology
[dna] water wrote 129 bytes to ecology
[dna] water wrote 33 bytes to ecology
[dna] water wrote 34 bytes to ecology
[dna] water wrote 64 bytes to ecology
[dna] water wrote 71 bytes to ecology
[dna] water wrote 58 bytes to ecology
[dna] water wrote 37 bytes to ecology
[dna] water wrote 72 bytes to ecology
[dna] water wrote 43 bytes to ecology
[dna] water wrote 78 bytes to ecology
[dna] water wrote 108 bytes to ecology
[dna] water wrote 68 bytes to ecology
[dna] water wrote 11 bytes to ecology
[dna] water wrote 32 bytes to ecology
[dna] water wrote 112 bytes to ecology
[dna] water wrote 50 bytes to ecology
[dna] water wrote 86 bytes to ecology
[dna] water wrote 176 bytes to ecology
[dna] water wrote 40 bytes to ecology
[dna] water wrote 60 bytes to ecology
[dna] water wrote 37 bytes to ecology
[dna] water wrote 67 bytes to ecology
[dna] water wrote 80 bytes to ecology
[dna] water wrote 81 bytes to ecology
[dna] water wrote 50 bytes to ecology
[dna] water wrote 54 bytes to ecology
[dna] water wrote 202 bytes to ecology
[dna] water wrote 46 bytes to ecology
[dna] water wrote 96 bytes to ecology
[dna] water wrote 17 bytes to ecology
[debug-onto] tick=50 corpus=149357 stage=2 freeze=0
[dna] water wrote 30 bytes to ecology
[dna] water wrote 53 bytes to ecology
[dna] water wrote 30 bytes to ecology
[dna] water wrote 81 bytes to ecology
[dna] water wrote 220 bytes to ecology
[dna] water wrote 61 bytes to ecology
[dna] water wrote 114 bytes to ecology
[dna] water wrote 24 bytes to ecology
[dna] water wrote 30 bytes to ecology
[dna] water wrote 35 bytes to ecology
[dna] water wrote 96 bytes to ecology
[dna] water wrote 63 bytes to ecology
[dna] water wrote 30 bytes to ecology
[dna] water wrote 49 bytes to ecology
[dna] water wrote 35 bytes to ecology
[dna] water wrote 35 bytes to ecology
[dna] water wrote 20 bytes to ecology
[dna] water wrote 58 bytes to ecology
[dna] water wrote 92 bytes to ecology
[dna] water wrote 122 bytes to ecology
[dna] water wrote 65 bytes to ecology
[dna] water wrote 132 bytes to ecology
[dna] water wrote 102 bytes to ecology
[dna] water wrote 57 bytes to ecology
[dna] water wrote 92 bytes to ecology
[dna] water wrote 22 bytes to ecology
[dna] water wrote 65 bytes to ecology
[dna] water wrote 14 bytes to ecology
[dna] water wrote 15 bytes to ecology
[dna] water wrote 64 bytes to ecology
[dna] water wrote 30 bytes to ecology
[dna] water wrote 28 bytes to ecology
[dna] water wrote 46 bytes to ecology
[dna] water wrote 158 bytes to ecology
[dna] water wrote 137 bytes to ecology
[dna] water wrote 87 bytes to ecology
[dna] water wrote 62 bytes to ecology
[dna] water wrote 74 bytes to ecology
[dna] water wrote 31 bytes to ecology
[dna] water wrote 29 bytes to ecology
[dna] water wrote 17 bytes to ecology
[dna] water wrote 103 bytes to ecology
[dna] water wrote 30 bytes to ecology
[dna] water wrote 34 bytes to ecology
[dna] water wrote 228 bytes to ecology
[dna] water wrote 58 bytes to ecology
[dna] water wrote 41 bytes to ecology
[dna] water wrote 95 bytes to ecology
[dna] water wrote 33 bytes to ecology
[debug-onto] tick=100 corpus=149357 stage=2 freeze=0
[dna] water wrote 60 bytes to ecology
[dna] water wrote 73 bytes to ecology
[dna] water wrote 56 bytes to ecology
[dna] water wrote 144 bytes to ecology
[dna] water wrote 27 bytes to ecology
[dna] water wrote 68 bytes to ecology
[dna] water wrote 22 bytes to ecology
[dna] water wrote 38 bytes to ecology
[dna] water wrote 110 bytes to ecology
[dna] water wrote 34 bytes to ecology
[dna] water wrote 39 bytes to ecology
[dna] water wrote 57 bytes to ecology
[dna] water wrote 45 bytes to ecology
[dna] water wrote 27 bytes to ecology
[dna] water wrote 21 bytes to ecology
[dna] water wrote 63 bytes to ecology
[dna] water wrote 70 bytes to ecology
[dna] water wrote 51 bytes to ecology
[dna] water wrote 51 bytes to ecology
[dna] water wrote 63 bytes to ecology
[dna] water wrote 39 bytes to ecology
[dna] water wrote 59 bytes to ecology
[dna] water wrote 25 bytes to ecology
[dna] water wrote 68 bytes to ecology
[dna] water wrote 114 bytes to ecology
[dna] water wrote 46 bytes to ecology
[dna] water wrote 8 bytes to ecology
[dna] water wrote 102 bytes to ecology
[dna] water wrote 116 bytes to ecology
[dna] water wrote 47 bytes to ecology
[dna] water wrote 38 bytes to ecology
[dna] water wrote 25 bytes to ecology
[dna] water wrote 86 bytes to ecology
[dna] water wrote 35 bytes to ecology
[dna] water wrote 66 bytes to ecology
[dna] water wrote 40 bytes to ecology
[dna] water wrote 43 bytes to ecology
[dna] water wrote 33 bytes to ecology
[dna] water wrote 44 bytes to ecology
[dna] water wrote 24 bytes to ecology
[dna] water wrote 42 bytes to ecology
[dna] water wrote 23 bytes to ecology
[dna] water wrote 39 bytes to ecology
[dna] water wrote 93 bytes to ecology
[dna] water wrote 114 bytes to ecology
[dna] water wrote 41 bytes to ecology
[dna] water wrote 40 bytes to ecology
[debug-onto] tick=150 corpus=149357 stage=2 freeze=0
[dna] water wrote 73 bytes to ecology
[dna] water wrote 34 bytes to ecology
[dna] water wrote 38 bytes to ecology
[dna] water wrote 95 bytes to ecology
[dna] water wrote 44 bytes to ecology
[dna] water wrote 75 bytes to ecology
[dna] water wrote 52 bytes to ecology
[dna] water wrote 61 bytes to ecology
[dna] water wrote 19 bytes to ecology
[dna] water wrote 27 bytes to ecology
[dna] water wrote 60 bytes to ecology
[dna] water wrote 30 bytes to ecology
[dna] water wrote 39 bytes to ecology
[dna] water wrote 23 bytes to ecology
[dna] water wrote 59 bytes to ecology
[dna] water wrote 29 bytes to ecology
[dna] water wrote 126 bytes to ecology
[dna] water wrote 61 bytes to ecology
[dna] water wrote 62 bytes to ecology
[dna] water wrote 27 bytes to ecology
[dna] water wrote 96 bytes to ecology
[dna] water wrote 97 bytes to ecology
[dna] water wrote 46 bytes to ecology
[dna] water wrote 118 bytes to ecology
[dna] water wrote 86 bytes to ecology
[dna] water wrote 103 bytes to ecology
[dna] water wrote 22 bytes to ecology
[dna] water wrote 156 bytes to ecology
[dna] water wrote 49 bytes to ecology
[dna] water wrote 29 bytes to ecology
[dna] water wrote 50 bytes to ecology
[dna] water wrote 26 bytes to ecology
[dna] water wrote 138 bytes to ecology
[dna] water wrote 127 bytes to ecology
[dna] water wrote 60 bytes to ecology
[dna] water wrote 62 bytes to ecology
[dna] water wrote 16 bytes to ecology
[dna] water wrote 45 bytes to ecology
[dna] water wrote 27 bytes to ecology
[dna] water wrote 40 bytes to ecology
[dna] water wrote 56 bytes to ecology
[dna] water wrote 169 bytes to ecology
[dna] water wrote 51 bytes to ecology
[dna] water wrote 24 bytes to ecology
[dna] water wrote 31 bytes to ecology
[dna] water wrote 57 bytes to ecology
[dna] water wrote 170 bytes to ecology
[dna] water wrote 46 bytes to ecology
[dna] water wrote 117 bytes to ecology
[debug-onto] tick=200 corpus=149357 stage=2 freeze=0
[dna] water wrote 21 bytes to ecology
[dna] water wrote 29 bytes to ecology
[dna] water wrote 75 bytes to ecology
[dna] water wrote 36 bytes to ecology
[dna] water wrote 100 bytes to ecology
[dna] water wrote 85 bytes to ecology
[dna] water wrote 42 bytes to ecology
[dna] water wrote 75 bytes to ecology
[dna] water wrote 62 bytes to ecology
[dna] water wrote 40 bytes to ecology
[dna] water wrote 63 bytes to ecology
[dna] water wrote 36 bytes to ecology
[dna] water wrote 20 bytes to ecology
[dna] water wrote 23 bytes to ecology
[dna] water wrote 133 bytes to ecology
[dna] water wrote 99 bytes to ecology
[dna] water wrote 42 bytes to ecology
[dna] water wrote 38 bytes to ecology
[dna] water wrote 65 bytes to ecology
[dna] water wrote 65 bytes to ecology
[dna] water wrote 56 bytes to ecology
[dna] water wrote 49 bytes to ecology
[dna] water wrote 29 bytes to ecology
[dna] water wrote 36 bytes to ecology
[dna] water wrote 34 bytes to ecology
[dna] water wrote 136 bytes to ecology
[dna] water wrote 53 bytes to ecology
[dna] water wrote 25 bytes to ecology
[dna] water wrote 34 bytes to ecology
[dna] water wrote 36 bytes to ecology
[dna] water wrote 49 bytes to ecology
[dna] water wrote 103 bytes to ecology
[dna] water wrote 30 bytes to ecology
[dna] water wrote 27 bytes to ecology
[dna] water wrote 63 bytes to ecology
[dna] water wrote 72 bytes to ecology
[dna] water wrote 86 bytes to ecology
[dna] water wrote 32 bytes to ecology
[dna] water wrote 63 bytes to ecology
[dna] water wrote 24 bytes to ecology
[dna] water wrote 48 bytes to ecology
[dna] water wrote 65 bytes to ecology
[dna] water wrote 92 bytes to ecology
[dna] water wrote 128 bytes to ecology
[dna] water wrote 44 bytes to ecology
[dna] water wrote 51 bytes to ecology
[dna] water wrote 13 bytes to ecology
[dna] water wrote 45 bytes to ecology
[dna] water wrote 36 bytes to ecology
[debug-onto] tick=250 corpus=149357 stage=2 freeze=0
[dna] water wrote 46 bytes to ecology
[dna] water wrote 61 bytes to ecology
[dna] water wrote 49 bytes to ecology
[dna] water wrote 21 bytes to ecology
[dna] water wrote 42 bytes to ecology
[dna] water wrote 105 bytes to ecology
[dna] water wrote 43 bytes to ecology
[dna] water wrote 48 bytes to ecology
[dna] water wrote 133 bytes to ecology
[dna] water wrote 25 bytes to ecology
[dna] water wrote 133 bytes to ecology
[dna] water wrote 56 bytes to ecology
[dna] water wrote 45 bytes to ecology
[dna] water wrote 47 bytes to ecology
[dna] water wrote 31 bytes to ecology
[dna] water wrote 51 bytes to ecology
[dna] water wrote 23 bytes to ecology
[dna] water wrote 89 bytes to ecology
[dna] water wrote 32 bytes to ecology
[dna] water wrote 24 bytes to ecology
[dna] water wrote 212 bytes to ecology
[dna] water wrote 19 bytes to ecology
[dna] water wrote 113 bytes to ecology
[dna] water wrote 196 bytes to ecology
[dna] water wrote 17 bytes to ecology
[dna] water wrote 64 bytes to ecology
[dna] water wrote 104 bytes to ecology
[dna] water wrote 66 bytes to ecology
[dna] water wrote 87 bytes to ecology
[dna] water wrote 53 bytes to ecology
[dna] water wrote 73 bytes to ecology
[dna] water wrote 57 bytes to ecology
[dna] water wrote 55 bytes to ecology
[dna] water wrote 48 bytes to ecology
[dna] water wrote 45 bytes to ecology
[dna] water wrote 17 bytes to ecology
[dna] water wrote 82 bytes to ecology
[dna] water wrote 51 bytes to ecology
[dna] water wrote 40 bytes to ecology
[dna] water wrote 55 bytes to ecology
[dna] water wrote 108 bytes to ecology
[dna] water wrote 131 bytes to ecology
[dna] water wrote 23 bytes to ecology
[dna] water wrote 72 bytes to ecology
[dna] water wrote 96 bytes to ecology
[dna] water wrote 178 bytes to ecology
[dna] water wrote 94 bytes to ecology
[dna] water wrote 30 bytes to ecology
[dna] water wrote 43 bytes to ecology
[dna] water wrote 27 bytes to ecology
[debug-onto] tick=300 corpus=149357 stage=2 freeze=0
[dna] water wrote 63 bytes to ecology
[dna] water wrote 77 bytes to ecology
[dna] water wrote 33 bytes to ecology
[dna] water wrote 89 bytes to ecology
[dna] water wrote 54 bytes to ecology
[dna] water wrote 173 bytes to ecology
[dna] water wrote 40 bytes to ecology
[dna] water wrote 23 bytes to ecology
[dna] water wrote 27 bytes to ecology
[dna] water wrote 28 bytes to ecology
[dna] water wrote 51 bytes to ecology
[dna] water wrote 43 bytes to ecology
[dna] water wrote 30 bytes to ecology
[dna] water wrote 21 bytes to ecology
[dna] water wrote 94 bytes to ecology
[dna] water wrote 47 bytes to ecology
[dna] water wrote 74 bytes to ecology
[dna] water wrote 104 bytes to ecology
[dna] water wrote 28 bytes to ecology
[dna] water wrote 20 bytes to ecology
[dna] water wrote 30 bytes to ecology
[dna] water wrote 45 bytes to ecology
[dna] water wrote 50 bytes to ecology
[dna] water wrote 128 bytes to ecology
[dna] water wrote 113 bytes to ecology
[dna] water wrote 47 bytes to ecology
[dna] water wrote 44 bytes to ecology
[dna] water wrote 101 bytes to ecology
[dna] water wrote 22 bytes to ecology
[dna] water wrote 50 bytes to ecology
[dna] water wrote 33 bytes to ecology
[dna] water wrote 16 bytes to ecology
[dna] water wrote 35 bytes to ecology
[dna] water wrote 196 bytes to ecology
[dna] water wrote 71 bytes to ecology
[dna] water wrote 36 bytes to ecology
[dna] water wrote 67 bytes to ecology
[dna] water wrote 41 bytes to ecology
[dna] water wrote 53 bytes to ecology
[dna] water wrote 89 bytes to ecology
[dna] water wrote 64 bytes to ecology
[dna] water wrote 84 bytes to ecology
[dna] water wrote 58 bytes to ecology
[dna] water wrote 45 bytes to ecology
[dna] water wrote 31 bytes to ecology
[dna] water wrote 48 bytes to ecology
[dna] water wrote 127 bytes to ecology
[dna] water wrote 138 bytes to ecology
[dna] water wrote 34 bytes to ecology
[debug-onto] tick=350 corpus=149357 stage=2 freeze=0
[dna] water wrote 26 bytes to ecology
[dna] water wrote 152 bytes to ecology
[dna] water wrote 19 bytes to ecology
[dna] water wrote 71 bytes to ecology
[dna] water wrote 37 bytes to ecology
[dna] water wrote 14 bytes to ecology
[dna] water wrote 80 bytes to ecology
[dna] water wrote 36 bytes to ecology
[dna] water wrote 104 bytes to ecology
[dna] water wrote 27 bytes to ecology
[dna] water wrote 31 bytes to ecology
[dna] water wrote 23 bytes to ecology
[dna] water wrote 60 bytes to ecology
[dna] water wrote 56 bytes to ecology
[dna] water wrote 62 bytes to ecology
[dna] water wrote 25 bytes to ecology
[dna] water wrote 81 bytes to ecology
[dna] water wrote 43 bytes to ecology
[dna] water wrote 48 bytes to ecology
[dna] water wrote 49 bytes to ecology
[dna] water wrote 10 bytes to ecology
[dna] water wrote 22 bytes to ecology
[dna] water wrote 37 bytes to ecology
[dna] water wrote 32 bytes to ecology
[dna] water wrote 28 bytes to ecology
[dna] water wrote 21 bytes to ecology
[dna] water wrote 61 bytes to ecology
[dna] water wrote 13 bytes to ecology
[dna] water wrote 19 bytes to ecology
[dna] water wrote 40 bytes to ecology
[dna] water wrote 42 bytes to ecology
[dna] water wrote 78 bytes to ecology
[dna] water wrote 53 bytes to ecology
[dna] water wrote 43 bytes to ecology
[dna] water wrote 69 bytes to ecology
[dna] water wrote 47 bytes to ecology
[dna] water wrote 97 bytes to ecology
[dna] water wrote 87 bytes to ecology
[dna] water wrote 70 bytes to ecology
[dna] water wrote 36 bytes to ecology
[dna] water wrote 33 bytes to ecology
[dna] water wrote 64 bytes to ecology
[dna] water wrote 200 bytes to ecology
[dna] water wrote 24 bytes to ecology
[dna] water wrote 55 bytes to ecology
[dna] water wrote 80 bytes to ecology
[dna] water wrote 74 bytes to ecology
[debug-onto] tick=400 corpus=149357 stage=2 freeze=0
[dna] water wrote 121 bytes to ecology
[dna] water wrote 87 bytes to ecology
[dna] water wrote 90 bytes to ecology
[dna] water wrote 10 bytes to ecology
[dna] water wrote 75 bytes to ecology
[dna] water wrote 40 bytes to ecology
[dna] water wrote 56 bytes to ecology
[dna] water wrote 33 bytes to ecology
[dna] water wrote 39 bytes to ecology
[dna] water wrote 33 bytes to ecology
[dna] water wrote 27 bytes to ecology
[dna] water wrote 103 bytes to ecology
[dna] water wrote 175 bytes to ecology
[dna] water wrote 175 bytes to ecology
[dna] water wrote 28 bytes to ecology
[dna] water wrote 123 bytes to ecology
[dna] water wrote 72 bytes to ecology
[dna] water wrote 119 bytes to ecology
[dna] water wrote 98 bytes to ecology
[dna] water wrote 97 bytes to ecology
[dna] water wrote 15 bytes to ecology
[dna] water wrote 33 bytes to ecology
[dna] water wrote 74 bytes to ecology
[dna] water wrote 79 bytes to ecology
[dna] water wrote 22 bytes to ecology
[dna] water wrote 70 bytes to ecology
[dna] water wrote 124 bytes to ecology
[dna] water wrote 25 bytes to ecology
[dna] water wrote 30 bytes to ecology
[dna] water wrote 54 bytes to ecology
[dna] water wrote 37 bytes to ecology
[dna] water wrote 75 bytes to ecology
[dna] water wrote 64 bytes to ecology
[dna] water wrote 30 bytes to ecology
[dna] water wrote 30 bytes to ecology
[dna] water wrote 81 bytes to ecology
[dna] water wrote 147 bytes to ecology
[dna] water wrote 37 bytes to ecology
[dna] water wrote 68 bytes to ecology
[dna] water wrote 12 bytes to ecology
[dna] water wrote 53 bytes to ecology
[dna] water wrote 157 bytes to ecology
[dna] water wrote 53 bytes to ecology
[dna] water wrote 15 bytes to ecology
[dna] water wrote 143 bytes to ecology
[dna] water wrote 24 bytes to ecology
[dna] water wrote 69 bytes to ecology
[debug-onto] tick=450 corpus=149357 stage=2 freeze=0
[dna] water wrote 39 bytes to ecology
[dna] water wrote 41 bytes to ecology
[dna] water wrote 27 bytes to ecology
[dna] water wrote 37 bytes to ecology
[dna] water wrote 68 bytes to ecology
[dna] water wrote 51 bytes to ecology
[dna] water wrote 77 bytes to ecology
[dna] water wrote 72 bytes to ecology
[dna] water wrote 81 bytes to ecology
[dna] water wrote 33 bytes to ecology
[dna] water wrote 101 bytes to ecology
[dna] water wrote 17 bytes to ecology
[dna] water wrote 38 bytes to ecology
[dna] water wrote 49 bytes to ecology
[dna] water wrote 60 bytes to ecology
[dna] water wrote 59 bytes to ecology
[dna] water wrote 9 bytes to ecology
[dna] water wrote 50 bytes to ecology
[dna] water wrote 37 bytes to ecology
[dna] water wrote 26 bytes to ecology
[dna] water wrote 54 bytes to ecology
[dna] water wrote 58 bytes to ecology
[dna] water wrote 49 bytes to ecology
[dna] water wrote 48 bytes to ecology
[dna] water wrote 36 bytes to ecology
[dna] water wrote 118 bytes to ecology
[dna] water wrote 112 bytes to ecology
[dna] water wrote 49 bytes to ecology
[dna] water wrote 185 bytes to ecology
[dna] water wrote 46 bytes to ecology
[dna] water wrote 123 bytes to ecology
[dna] water wrote 12 bytes to ecology
[dna] water wrote 15 bytes to ecology
[dna] water wrote 42 bytes to ecology
[dna] water wrote 37 bytes to ecology
[dna] water wrote 123 bytes to ecology
[dna] water wrote 66 bytes to ecology
[dna] water wrote 92 bytes to ecology
[dna] water wrote 55 bytes to ecology
[dna] water wrote 68 bytes to ecology
[dna] water wrote 18 bytes to ecology
[dna] water wrote 205 bytes to ecology
[dna] water wrote 97 bytes to ecology
[dna] water wrote 18 bytes to ecology
[dna] water wrote 12 bytes to ecology
[dna] water wrote 78 bytes to ecology
[dna] water wrote 11 bytes to ecology
[dna] water wrote 88 bytes to ecology
[dna] water wrote 31 bytes to ecology
[dna] water wrote 87 bytes to ecology
[debug-onto] tick=500 corpus=149357 stage=2 freeze=0
[dna] water wrote 49 bytes to ecology
[dna] water wrote 112 bytes to ecology
[dna] water wrote 126 bytes to ecology
[dna] water wrote 35 bytes to ecology
[dna] water wrote 40 bytes to ecology
[dna] water wrote 84 bytes to ecology
[dna] water wrote 21 bytes to ecology
[dna] water wrote 45 bytes to ecology
[dna] water wrote 18 bytes to ecology
[dna] water wrote 50 bytes to ecology
[dna] water wrote 32 bytes to ecology
[dna] water wrote 32 bytes to ecology
[dna] water wrote 89 bytes to ecology
[dna] water wrote 85 bytes to ecology
[dna] water wrote 142 bytes to ecology
[dna] water wrote 79 bytes to ecology
[dna] water wrote 63 bytes to ecology
[dna] water wrote 106 bytes to ecology
[dna] water wrote 58 bytes to ecology
[dna] water wrote 51 bytes to ecology
[dna] water wrote 171 bytes to ecology
[dna] water wrote 96 bytes to ecology
[dna] water wrote 49 bytes to ecology
[dna] water wrote 52 bytes to ecology
[dna] water wrote 132 bytes to ecology
[dna] water wrote 46 bytes to ecology
[dna] water wrote 60 bytes to ecology
[dna] water wrote 43 bytes to ecology
[dna] water wrote 56 bytes to ecology
[dna] water wrote 55 bytes to ecology
[dna] water wrote 100 bytes to ecology
[dna] water wrote 50 bytes to ecology
[dna] water wrote 84 bytes to ecology
[dna] water wrote 135 bytes to ecology
[dna] water wrote 53 bytes to ecology
[dna] water wrote 25 bytes to ecology
[dna] water wrote 106 bytes to ecology
[dna] water wrote 90 bytes to ecology
[dna] water wrote 128 bytes to ecology
[dna] water wrote 85 bytes to ecology
[dna] water wrote 77 bytes to ecology
[dna] water wrote 68 bytes to ecology
[dna] water wrote 61 bytes to ecology
[dna] water wrote 43 bytes to ecology
[dna] water wrote 39 bytes to ecology
[dna] water wrote 49 bytes to ecology
[debug-onto] tick=550 corpus=149357 stage=2 freeze=0
[dna] water wrote 31 bytes to ecology
[dna] water wrote 27 bytes to ecology
[dna] water wrote 25 bytes to ecology
[dna] water wrote 18 bytes to ecology
[dna] water wrote 30 bytes to ecology
[dna] water wrote 88 bytes to ecology
[dna] water wrote 45 bytes to ecology
[dna] water wrote 183 bytes to ecology
[dna] water wrote 26 bytes to ecology
[dna] water wrote 194 bytes to ecology
[dna] water wrote 41 bytes to ecology
[dna] water wrote 61 bytes to ecology
[dna] water wrote 117 bytes to ecology
[dna] water wrote 85 bytes to ecology
[dna] water wrote 26 bytes to ecology
[dna] water wrote 62 bytes to ecology
[dna] water wrote 120 bytes to ecology
[dna] water wrote 49 bytes to ecology
[dna] water wrote 46 bytes to ecology
[dna] water wrote 91 bytes to ecology
[dna] water wrote 34 bytes to ecology
[dna] water wrote 154 bytes to ecology
[dna] water wrote 13 bytes to ecology
[dna] water wrote 47 bytes to ecology
[dna] water wrote 71 bytes to ecology
[dna] water wrote 59 bytes to ecology
[dna] water wrote 86 bytes to ecology
[dna] water wrote 14 bytes to ecology
[dna] water wrote 75 bytes to ecology
[dna] water wrote 24 bytes to ecology
[dna] water wrote 106 bytes to ecology
[dna] water wrote 49 bytes to ecology

[evolution] Organism shutting down gracefully.
