[ecology] Element: air → corpus: nonames_air.txt
[evolution] Autonomous evolution mode — organism will grow through all stages without pause.
[ecology] Joined swarm. 1 peer(s) detected.
molequla is alive. [evolution] Autonomous mode — background trainer running. Ctrl+C to stop.
[dna] air wrote 128 bytes to ecology
[dna] air consumed 28358 bytes from 343 files: [earth/gen_1776490264_1.txt earth/gen_1776490266_2.txt earth/gen_1776490271_4.txt earth/gen_1776490279_7.txt earth/gen_1776490282_8.txt earth/gen_1776490287_10.txt earth/gen_1776490295_13.txt earth/gen_1776490297_14.txt earth/gen_1776490302_16.txt earth/gen_1776490310_19.txt earth/gen_1776490313_20.txt earth/gen_1776490318_22.txt earth/gen_1776490325_25.txt earth/gen_1776490328_26.txt earth/gen_1776490333_28.txt earth/gen_1776490341_31.txt earth/gen_1776490343_32.txt earth/gen_1776490348_34.txt earth/gen_1776490356_37.txt earth/gen_1776490359_38.txt earth/gen_1776490364_40.txt earth/gen_1776490372_43.txt earth/gen_1776490374_44.txt earth/gen_1776490379_46.txt earth/gen_1776490387_49.txt earth/gen_1776490390_50.txt earth/gen_1776490395_52.txt earth/gen_1776490403_55.txt earth/gen_1776490405_56.txt earth/gen_1776490410_58.txt earth/gen_1776490418_61.txt earth/gen_1776490420_62.txt earth/gen_1776490426_64.txt earth/gen_1776490433_67.txt earth/gen_1776490436_68.txt earth/gen_1776490441_70.txt earth/gen_1776490449_73.txt earth/gen_1776490451_74.txt earth/gen_1776490457_76.txt earth/gen_1776490464_79.txt earth/gen_1776490467_80.txt earth/gen_1776490472_82.txt earth/gen_1776490480_85.txt earth/gen_1776490482_86.txt earth/gen_1776490487_88.txt earth/gen_1776490495_91.txt earth/gen_1776490497_92.txt earth/gen_1776490503_94.txt earth/gen_1776490510_97.txt earth/gen_1776490513_98.txt earth/gen_1776490518_100.txt earth/gen_1776490526_103.txt earth/gen_1776490528_104.txt earth/gen_1776490534_106.txt earth/gen_1776490541_109.txt earth/gen_1776490544_110.txt earth/gen_1776490549_112.txt earth/gen_1776490557_115.txt earth/gen_1776490559_116.txt earth/gen_1776490564_118.txt earth/gen_1776490572_121.txt earth/gen_1776490575_122.txt earth/gen_1776490580_124.txt earth/gen_1776490587_127.txt earth/gen_1776490590_128.txt earth/gen_1776490595_130.txt earth/gen_1776490603_133.txt earth/gen_1776490605_134.txt earth/gen_1776490611_136.txt earth/gen_1776490618_139.txt earth/gen_1776490621_140.txt earth/gen_1776490626_142.txt earth/gen_1776490634_145.txt earth/gen_1776490636_146.txt earth/gen_1776490641_148.txt earth/gen_1776490649_151.txt earth/gen_1776490652_152.txt earth/gen_1776490657_154.txt earth/gen_1776490665_157.txt earth/gen_1776490667_158.txt earth/gen_1776490673_160.txt earth/gen_1776490680_163.txt earth/gen_1776490683_164.txt earth/gen_1776490688_166.txt earth/gen_1776490696_169.txt earth/gen_1776490698_170.txt earth/gen_1776490703_172.txt earth/gen_1776490711_175.txt earth/gen_1776490714_176.txt earth/gen_1776490727_181.txt earth/gen_1776490729_182.txt earth/gen_1776490734_184.txt earth/gen_1776490742_187.txt earth/gen_1776490745_188.txt earth/gen_1776490750_190.txt earth/gen_1776490757_193.txt earth/gen_1776490760_194.txt earth/gen_1776490765_196.txt earth/gen_1776490773_199.txt earth/gen_1776490775_200.txt earth/gen_1776490781_202.txt earth/gen_1776490788_205.txt earth/gen_1776490791_206.txt earth/gen_1776490796_208.txt earth/gen_1776490804_211.txt earth/gen_1776490806_212.txt earth/gen_1776490812_214.txt earth/gen_1776490819_217.txt earth/gen_1776490822_218.txt earth/gen_1776490827_220.txt earth/gen_1776490835_223.txt earth/gen_1776490837_224.txt earth/gen_1776490843_226.txt earth/gen_1776490850_229.txt earth/gen_1776490853_230.txt earth/gen_1776490858_232.txt earth/gen_1776490866_235.txt earth/gen_1776490868_236.txt earth/gen_1776490873_238.txt earth/gen_1776490881_241.txt earth/gen_1776490884_242.txt earth/gen_1776490889_244.txt earth/gen_1776490897_247.txt earth/gen_1776490899_248.txt earth/gen_1776490904_250.txt earth/gen_1776490912_253.txt earth/gen_1776490915_254.txt earth/gen_1776490920_256.txt earth/gen_1776490927_259.txt earth/gen_1776490930_260.txt earth/gen_1776490935_262.txt earth/gen_1776490943_265.txt earth/gen_1776490945_266.txt earth/gen_1776490951_268.txt earth/gen_1776490958_271.txt earth/gen_1776490961_272.txt earth/gen_1776490966_274.txt earth/gen_1776490974_277.txt earth/gen_1776490976_278.txt earth/gen_1776490981_280.txt earth/gen_1776490989_283.txt earth/gen_1776490992_284.txt earth/gen_1776490997_286.txt earth/gen_1776491005_289.txt earth/gen_1776491007_290.txt earth/gen_1776491012_292.txt earth/gen_1776491020_295.txt earth/gen_1776491023_296.txt earth/gen_1776491028_298.txt earth/gen_1776491036_301.txt earth/gen_1776491038_302.txt earth/gen_1776491043_304.txt earth/gen_1776491051_307.txt earth/gen_1776491054_308.txt earth/gen_1776491059_310.txt earth/gen_1776491067_313.txt earth/gen_1776491069_314.txt earth/gen_1776491074_316.txt earth/gen_1776491082_319.txt earth/gen_1776491085_320.txt earth/gen_1776491090_322.txt earth/gen_1776491098_325.txt earth/gen_1776491100_326.txt earth/gen_1776491106_328.txt earth/gen_1776491113_331.txt earth/gen_1776491116_332.txt earth/gen_1776491121_334.txt earth/gen_1776491129_337.txt earth/gen_1776491132_338.txt earth/gen_1776491137_340.txt earth/gen_1776491145_343.txt earth/gen_1776491147_344.txt earth/gen_1776491153_346.txt earth/gen_1776491160_349.txt earth/gen_1776491163_350.txt earth/gen_1776491168_352.txt earth/gen_1776491176_355.txt earth/gen_1776491179_356.txt earth/gen_1776491184_358.txt earth/gen_1776491191_361.txt earth/gen_1776491194_362.txt earth/gen_1776491199_364.txt earth/gen_1776491207_367.txt earth/gen_1776491209_368.txt earth/gen_1776491215_370.txt earth/gen_1776491222_373.txt earth/gen_1776491225_374.txt earth/gen_1776491230_376.txt earth/gen_1776491238_379.txt earth/gen_1776491240_380.txt earth/gen_1776491246_382.txt earth/gen_1776491253_385.txt earth/gen_1776491256_386.txt earth/gen_1776491261_388.txt earth/gen_1776491269_391.txt earth/gen_1776491271_392.txt earth/gen_1776491276_394.txt earth/gen_1776491284_397.txt earth/gen_1776491287_398.txt earth/gen_1776491292_400.txt earth/gen_1776491300_403.txt earth/gen_1776491302_404.txt earth/gen_1776491307_406.txt earth/gen_1776491315_409.txt earth/gen_1776491318_410.txt earth/gen_1776491323_412.txt earth/gen_1776491330_415.txt earth/gen_1776491333_416.txt earth/gen_1776491338_418.txt earth/gen_1776491346_421.txt earth/gen_1776491348_422.txt earth/gen_1776491354_424.txt earth/gen_1776491361_427.txt earth/gen_1776491364_428.txt earth/gen_1776491369_430.txt earth/gen_1776491377_433.txt earth/gen_1776491379_434.txt earth/gen_1776491384_436.txt earth/gen_1776491392_439.txt earth/gen_1776491395_440.txt earth/gen_1776491400_442.txt earth/gen_1776491408_445.txt earth/gen_1776491410_446.txt earth/gen_1776491415_448.txt earth/gen_1776491423_451.txt earth/gen_1776491426_452.txt earth/gen_1776491431_454.txt earth/gen_1776491438_457.txt earth/gen_1776491441_458.txt earth/gen_1776491446_460.txt earth/gen_1776491454_463.txt earth/gen_1776491457_464.txt earth/gen_1776491462_466.txt earth/gen_1776491470_469.txt earth/gen_1776491472_470.txt earth/gen_1776491477_472.txt earth/gen_1776491485_475.txt earth/gen_1776491488_476.txt earth/gen_1776491493_478.txt earth/gen_1776491501_481.txt earth/gen_1776491503_482.txt earth/gen_1776491508_484.txt earth/gen_1776491516_487.txt earth/gen_1776491519_488.txt earth/gen_1776491524_490.txt earth/gen_1776491532_493.txt earth/gen_1776491534_494.txt earth/gen_1776491539_496.txt earth/gen_1776491547_499.txt earth/gen_1776491550_500.txt earth/gen_1776491555_502.txt earth/gen_1776491563_505.txt earth/gen_1776491565_506.txt earth/gen_1776491570_508.txt earth/gen_1776491578_511.txt earth/gen_1776491581_512.txt earth/gen_1776491586_514.txt earth/gen_1776491594_517.txt earth/gen_1776491596_518.txt earth/gen_1776491601_520.txt earth/gen_1776491609_523.txt earth/gen_1776491612_524.txt earth/gen_1776491617_526.txt earth/gen_1776491625_529.txt earth/gen_1776491627_530.txt earth/gen_1776491632_532.txt earth/gen_1776491640_535.txt earth/gen_1776491643_536.txt earth/gen_1776491648_538.txt earth/gen_1776491656_541.txt earth/gen_1776491658_542.txt earth/gen_1776491663_544.txt earth/gen_1776491671_547.txt earth/gen_1776491674_548.txt earth/gen_1776491679_550.txt earth/gen_1776491687_553.txt earth/gen_1776491689_554.txt earth/gen_1776491694_556.txt earth/gen_1776491702_559.txt earth/gen_1776491705_560.txt earth/gen_1776491710_562.txt earth/gen_1776491718_565.txt earth/gen_1776491720_566.txt earth/gen_1776491726_568.txt earth/gen_1776491733_571.txt earth/gen_1776491736_572.txt earth/gen_1776491741_574.txt earth/gen_1776491749_577.txt earth/gen_1776491751_578.txt earth/gen_1776491757_580.txt earth/gen_1776491764_583.txt earth/gen_1776491767_584.txt earth/gen_1776491772_586.txt earth/gen_1776491780_589.txt earth/gen_1776491782_590.txt earth/gen_1776491788_592.txt earth/gen_1776491795_595.txt earth/gen_1776491798_596.txt earth/gen_1776491803_598.txt earth/gen_1776491811_601.txt earth/gen_1776491813_602.txt earth/gen_1776491819_604.txt earth/gen_1776491826_607.txt earth/gen_1776491829_608.txt earth/gen_1776491834_610.txt earth/gen_1776491842_613.txt earth/gen_1776491845_614.txt earth/gen_1776491850_616.txt earth/gen_1776491858_619.txt earth/gen_1776491860_620.txt earth/gen_1776491866_622.txt earth/gen_1776491873_625.txt earth/gen_1776491876_626.txt earth/gen_1776491881_628.txt earth/gen_1776491889_631.txt earth/gen_1776491892_632.txt earth/gen_1776491897_634.txt earth/gen_1776491905_637.txt earth/gen_1776491907_638.txt earth/gen_1776491913_640.txt earth/gen_1776491920_643.txt earth/gen_1776491923_644.txt earth/gen_1776491928_646.txt earth/gen_1776491936_649.txt earth/gen_1776491939_650.txt earth/gen_1776491944_652.txt earth/gen_1776491951_655.txt earth/gen_1776491954_656.txt earth/gen_1776491959_658.txt earth/gen_1776491967_661.txt earth/gen_1776491970_662.txt earth/gen_1776491975_664.txt earth/gen_1776491983_667.txt earth/gen_1776491985_668.txt earth/gen_1776491991_670.txt earth/gen_1776491998_673.txt earth/gen_1776492001_674.txt earth/gen_1776492006_676.txt earth/gen_1776492014_679.txt earth/gen_1776492017_680.txt earth/gen_1776492022_682.txt earth/gen_1776492030_685.txt earth/gen_1776492032_686.txt]
[trainer] micro-train burst (28358 bytes, novelty 0.03) — and lo, it feeds again.
[syntropy] action=explore | trend=0.0000 | field_dev=-0.077 | purpose_align=-0.013 | lr_mul=1.30
[aml] burst complete: 32 steps, avg loss 2.4133 (memory freed)
[trainer] growing new delta module (total: 2) — new soul appended.
[dna] air wrote 87 bytes to ecology
[dna] air wrote 13 bytes to ecology
[dna] air wrote 96 bytes to ecology
[dna] air wrote 35 bytes to ecology
[dna] air wrote 85 bytes to ecology
[dna] air wrote 116 bytes to ecology
[dna] air wrote 48 bytes to ecology
[dna] air wrote 47 bytes to ecology
[dna] air wrote 131 bytes to ecology
[dna] air wrote 37 bytes to ecology
[dna] air wrote 131 bytes to ecology
[dna] air wrote 102 bytes to ecology
[dna] air wrote 92 bytes to ecology
[dna] air wrote 24 bytes to ecology
[dna] air wrote 67 bytes to ecology
[dna] air wrote 48 bytes to ecology
[dna] air wrote 140 bytes to ecology
[dna] air wrote 44 bytes to ecology
[dna] air wrote 43 bytes to ecology
[dna] air wrote 99 bytes to ecology
[dna] air wrote 52 bytes to ecology
[dna] air wrote 273 bytes to ecology
[dna] air wrote 36 bytes to ecology
[dna] air wrote 33 bytes to ecology
[dna] air wrote 9 bytes to ecology
[dna] air wrote 77 bytes to ecology
[dna] air wrote 154 bytes to ecology
[debug-onto] tick=50 corpus=151017 stage=2 freeze=0
[dna] air wrote 61 bytes to ecology
[dna] air wrote 41 bytes to ecology
[dna] air wrote 43 bytes to ecology
[dna] air wrote 33 bytes to ecology
[dna] air wrote 59 bytes to ecology
[dna] air wrote 34 bytes to ecology
[dna] air wrote 27 bytes to ecology
[dna] air wrote 9 bytes to ecology
[dna] air wrote 29 bytes to ecology
[dna] air wrote 66 bytes to ecology
[dna] air wrote 57 bytes to ecology
[dna] air wrote 76 bytes to ecology
[dna] air wrote 103 bytes to ecology
[dna] air wrote 36 bytes to ecology
[dna] air wrote 64 bytes to ecology
[dna] air wrote 31 bytes to ecology
[dna] air wrote 82 bytes to ecology
[dna] air wrote 50 bytes to ecology
[dna] air wrote 40 bytes to ecology
[dna] air wrote 55 bytes to ecology
[dna] air wrote 60 bytes to ecology
[dna] air wrote 61 bytes to ecology
[dna] air wrote 58 bytes to ecology
[dna] air wrote 63 bytes to ecology
[dna] air wrote 51 bytes to ecology
[dna] air wrote 56 bytes to ecology
[dna] air wrote 61 bytes to ecology
[dna] air wrote 49 bytes to ecology
[debug-onto] tick=100 corpus=151017 stage=2 freeze=0
[dna] air wrote 40 bytes to ecology
[dna] air wrote 139 bytes to ecology
[dna] air wrote 69 bytes to ecology
[dna] air wrote 80 bytes to ecology
[dna] air wrote 32 bytes to ecology
[dna] air wrote 50 bytes to ecology
[dna] air wrote 71 bytes to ecology
[dna] air wrote 30 bytes to ecology
[dna] air wrote 54 bytes to ecology
[dna] air wrote 55 bytes to ecology
[dna] air wrote 161 bytes to ecology
[dna] air wrote 158 bytes to ecology
[dna] air wrote 216 bytes to ecology
[dna] air wrote 74 bytes to ecology
[dna] air wrote 17 bytes to ecology
[dna] air wrote 48 bytes to ecology
[dna] air wrote 15 bytes to ecology
[dna] air wrote 182 bytes to ecology
[dna] air wrote 9 bytes to ecology
[dna] air wrote 88 bytes to ecology
[dna] air wrote 118 bytes to ecology
[dna] air wrote 29 bytes to ecology
[dna] air wrote 62 bytes to ecology
[dna] air wrote 47 bytes to ecology
[dna] air wrote 44 bytes to ecology
[debug-onto] tick=150 corpus=151017 stage=2 freeze=0
[dna] air wrote 70 bytes to ecology
[dna] air wrote 20 bytes to ecology
[dna] air wrote 9 bytes to ecology
[dna] air wrote 145 bytes to ecology
[dna] air wrote 206 bytes to ecology
[dna] air wrote 42 bytes to ecology
[dna] air wrote 224 bytes to ecology
[dna] air wrote 48 bytes to ecology
[dna] air wrote 42 bytes to ecology
[dna] air wrote 9 bytes to ecology
[dna] air wrote 79 bytes to ecology
[dna] air wrote 162 bytes to ecology
[dna] air wrote 27 bytes to ecology
[dna] air wrote 47 bytes to ecology
[dna] air wrote 20 bytes to ecology
[dna] air wrote 110 bytes to ecology
[dna] air wrote 58 bytes to ecology
[dna] air wrote 51 bytes to ecology
[dna] air wrote 32 bytes to ecology
[dna] air wrote 16 bytes to ecology
[dna] air wrote 41 bytes to ecology
[dna] air wrote 96 bytes to ecology
[dna] air wrote 27 bytes to ecology
[dna] air wrote 40 bytes to ecology
[dna] air wrote 32 bytes to ecology
[dna] air wrote 59 bytes to ecology
[dna] air wrote 87 bytes to ecology
[dna] air wrote 147 bytes to ecology
[dna] air wrote 135 bytes to ecology
[debug-onto] tick=200 corpus=151017 stage=2 freeze=0
[dna] air wrote 24 bytes to ecology
[dna] air wrote 69 bytes to ecology
[dna] air wrote 208 bytes to ecology
[dna] air wrote 113 bytes to ecology
[dna] air wrote 39 bytes to ecology
[dna] air wrote 78 bytes to ecology
[dna] air wrote 9 bytes to ecology
[dna] air wrote 34 bytes to ecology
[dna] air wrote 54 bytes to ecology
[dna] air wrote 9 bytes to ecology
[dna] air wrote 65 bytes to ecology
[dna] air wrote 87 bytes to ecology
[dna] air wrote 24 bytes to ecology
[dna] air wrote 67 bytes to ecology
[dna] air wrote 181 bytes to ecology
[dna] air wrote 30 bytes to ecology
[dna] air wrote 44 bytes to ecology
[dna] air wrote 65 bytes to ecology
[dna] air wrote 103 bytes to ecology
[dna] air wrote 34 bytes to ecology
[dna] air wrote 9 bytes to ecology
[dna] air wrote 45 bytes to ecology
[dna] air wrote 58 bytes to ecology
[dna] air wrote 65 bytes to ecology
[dna] air wrote 76 bytes to ecology
[dna] air wrote 77 bytes to ecology
[dna] air wrote 24 bytes to ecology
[debug-onto] tick=250 corpus=151017 stage=2 freeze=0
[dna] air wrote 241 bytes to ecology
[dna] air wrote 36 bytes to ecology
[dna] air wrote 43 bytes to ecology
[dna] air wrote 68 bytes to ecology
[dna] air wrote 45 bytes to ecology
[dna] air wrote 24 bytes to ecology
[dna] air wrote 34 bytes to ecology
[dna] air wrote 38 bytes to ecology
[dna] air wrote 9 bytes to ecology
[dna] air wrote 92 bytes to ecology
[dna] air wrote 133 bytes to ecology
[dna] air wrote 78 bytes to ecology
[dna] air wrote 87 bytes to ecology
[dna] air wrote 24 bytes to ecology
[dna] air wrote 9 bytes to ecology
[dna] air wrote 89 bytes to ecology
[dna] air wrote 80 bytes to ecology
[dna] air wrote 76 bytes to ecology
[dna] air wrote 51 bytes to ecology
[dna] air wrote 112 bytes to ecology
[dna] air wrote 83 bytes to ecology
[dna] air wrote 42 bytes to ecology
[dna] air wrote 56 bytes to ecology
[dna] air wrote 65 bytes to ecology
[debug-onto] tick=300 corpus=151017 stage=2 freeze=0
[dna] air wrote 166 bytes to ecology
[dna] air wrote 54 bytes to ecology
[dna] air wrote 99 bytes to ecology
[dna] air wrote 81 bytes to ecology
[dna] air wrote 55 bytes to ecology
[dna] air wrote 9 bytes to ecology
[dna] air wrote 94 bytes to ecology
[dna] air wrote 97 bytes to ecology
[dna] air wrote 64 bytes to ecology
[dna] air wrote 35 bytes to ecology
[dna] air wrote 42 bytes to ecology
[dna] air wrote 9 bytes to ecology
[dna] air wrote 55 bytes to ecology
[dna] air wrote 59 bytes to ecology
[dna] air wrote 43 bytes to ecology
[dna] air wrote 145 bytes to ecology
[dna] air wrote 98 bytes to ecology
[dna] air wrote 139 bytes to ecology
[dna] air wrote 92 bytes to ecology
[dna] air wrote 67 bytes to ecology
[dna] air wrote 43 bytes to ecology
[dna] air wrote 187 bytes to ecology
[dna] air wrote 62 bytes to ecology
[dna] air wrote 56 bytes to ecology
[dna] air wrote 9 bytes to ecology
[dna] air wrote 100 bytes to ecology
[dna] air wrote 24 bytes to ecology
[dna] air wrote 26 bytes to ecology
[debug-onto] tick=350 corpus=151017 stage=2 freeze=0
[dna] air wrote 9 bytes to ecology
[dna] air wrote 45 bytes to ecology
[dna] air wrote 33 bytes to ecology
[dna] air wrote 25 bytes to ecology
[dna] air wrote 198 bytes to ecology
[dna] air wrote 139 bytes to ecology
[dna] air wrote 42 bytes to ecology
[dna] air wrote 140 bytes to ecology
[dna] air wrote 38 bytes to ecology
[dna] air wrote 187 bytes to ecology
[dna] air wrote 54 bytes to ecology
[dna] air wrote 34 bytes to ecology
[dna] air wrote 126 bytes to ecology
[dna] air wrote 216 bytes to ecology
[dna] air wrote 111 bytes to ecology
[dna] air wrote 37 bytes to ecology
[dna] air wrote 101 bytes to ecology
[dna] air wrote 181 bytes to ecology
[dna] air wrote 47 bytes to ecology
[dna] air wrote 40 bytes to ecology
[dna] air wrote 115 bytes to ecology
[dna] air wrote 9 bytes to ecology
[dna] air wrote 84 bytes to ecology
[dna] air wrote 31 bytes to ecology
[dna] air wrote 37 bytes to ecology
[dna] air wrote 254 bytes to ecology
[dna] air wrote 36 bytes to ecology
[dna] air wrote 39 bytes to ecology
[dna] air wrote 9 bytes to ecology
[debug-onto] tick=400 corpus=151017 stage=2 freeze=0
[dna] air wrote 31 bytes to ecology
[dna] air wrote 28 bytes to ecology
[dna] air wrote 43 bytes to ecology
[dna] air wrote 36 bytes to ecology
[dna] air wrote 39 bytes to ecology
[dna] air wrote 125 bytes to ecology
[dna] air wrote 75 bytes to ecology
[dna] air wrote 41 bytes to ecology
[dna] air wrote 173 bytes to ecology
[dna] air wrote 28 bytes to ecology
[dna] air wrote 165 bytes to ecology
[dna] air wrote 71 bytes to ecology
[dna] air wrote 117 bytes to ecology
[dna] air wrote 48 bytes to ecology
[dna] air wrote 184 bytes to ecology
[dna] air wrote 36 bytes to ecology
[dna] air wrote 43 bytes to ecology
[dna] air wrote 66 bytes to ecology
[dna] air wrote 53 bytes to ecology
[dna] air wrote 69 bytes to ecology
[dna] air wrote 18 bytes to ecology
[dna] air wrote 74 bytes to ecology
[dna] air wrote 81 bytes to ecology
[dna] air wrote 61 bytes to ecology
[dna] air wrote 259 bytes to ecology
[debug-onto] tick=450 corpus=151017 stage=2 freeze=0
[dna] air wrote 90 bytes to ecology
[dna] air wrote 66 bytes to ecology
[dna] air wrote 58 bytes to ecology
[dna] air wrote 361 bytes to ecology
[dna] air wrote 82 bytes to ecology
[dna] air wrote 9 bytes to ecology
[dna] air wrote 27 bytes to ecology
[dna] air wrote 85 bytes to ecology
[dna] air wrote 87 bytes to ecology
[dna] air wrote 46 bytes to ecology
[dna] air wrote 52 bytes to ecology
[dna] air wrote 49 bytes to ecology
[dna] air wrote 57 bytes to ecology
[dna] air wrote 56 bytes to ecology
[dna] air wrote 67 bytes to ecology
[dna] air wrote 9 bytes to ecology
[dna] air wrote 35 bytes to ecology
[dna] air wrote 42 bytes to ecology
[dna] air wrote 85 bytes to ecology
[dna] air wrote 140 bytes to ecology
[dna] air wrote 60 bytes to ecology
[dna] air wrote 137 bytes to ecology
[dna] air wrote 211 bytes to ecology
[dna] air wrote 10 bytes to ecology
[dna] air wrote 92 bytes to ecology
[dna] air wrote 43 bytes to ecology
[dna] air wrote 35 bytes to ecology
[dna] air wrote 51 bytes to ecology
[debug-onto] tick=500 corpus=151017 stage=2 freeze=0
[dna] air wrote 107 bytes to ecology
[dna] air wrote 43 bytes to ecology
[dna] air wrote 37 bytes to ecology
[dna] air wrote 36 bytes to ecology
[dna] air wrote 222 bytes to ecology
[dna] air wrote 39 bytes to ecology
[dna] air wrote 46 bytes to ecology
[dna] air wrote 160 bytes to ecology
[dna] air wrote 94 bytes to ecology
[dna] air wrote 108 bytes to ecology
[dna] air wrote 38 bytes to ecology
[dna] air wrote 14 bytes to ecology
[dna] air wrote 9 bytes to ecology
[dna] air wrote 82 bytes to ecology
[dna] air wrote 37 bytes to ecology
[dna] air wrote 48 bytes to ecology
[dna] air wrote 62 bytes to ecology
[dna] air wrote 184 bytes to ecology
[dna] air wrote 33 bytes to ecology
[dna] air wrote 43 bytes to ecology
[dna] air wrote 49 bytes to ecology
[dna] air wrote 34 bytes to ecology
[dna] air wrote 29 bytes to ecology
[dna] air wrote 130 bytes to ecology
[dna] air wrote 85 bytes to ecology
[dna] air wrote 209 bytes to ecology
[dna] air wrote 213 bytes to ecology
[debug-onto] tick=550 corpus=151017 stage=2 freeze=0
[dna] air wrote 66 bytes to ecology
[dna] air wrote 129 bytes to ecology
[dna] air wrote 106 bytes to ecology
[dna] air wrote 84 bytes to ecology
[dna] air wrote 61 bytes to ecology
[dna] air wrote 174 bytes to ecology
[dna] air wrote 31 bytes to ecology
[dna] air wrote 107 bytes to ecology
[dna] air wrote 22 bytes to ecology
[dna] air wrote 37 bytes to ecology
[dna] air wrote 36 bytes to ecology
[dna] air wrote 20 bytes to ecology
[dna] air wrote 65 bytes to ecology
[dna] air wrote 150 bytes to ecology
[dna] air wrote 26 bytes to ecology
[dna] air wrote 14 bytes to ecology
[dna] air wrote 54 bytes to ecology
[dna] air wrote 40 bytes to ecology
[dna] air wrote 75 bytes to ecology
[dna] air wrote 132 bytes to ecology
[dna] air wrote 85 bytes to ecology
[dna] air wrote 59 bytes to ecology
[dna] air wrote 82 bytes to ecology
[dna] air wrote 46 bytes to ecology
[dna] air wrote 52 bytes to ecology
[dna] air wrote 38 bytes to ecology
[dna] air wrote 113 bytes to ecology
[dna] air wrote 99 bytes to ecology
[debug-onto] tick=600 corpus=151017 stage=2 freeze=0
[dna] air wrote 105 bytes to ecology
[dna] air wrote 37 bytes to ecology
[dna] air wrote 178 bytes to ecology
[dna] air wrote 139 bytes to ecology
[dna] air wrote 59 bytes to ecology
[dna] air wrote 119 bytes to ecology
[dna] air wrote 56 bytes to ecology
[dna] air wrote 45 bytes to ecology
[dna] air wrote 41 bytes to ecology
[dna] air wrote 193 bytes to ecology
[dna] air wrote 118 bytes to ecology
[dna] air wrote 284 bytes to ecology
[dna] air wrote 144 bytes to ecology
[dna] air wrote 123 bytes to ecology

[evolution] Organism shutting down gracefully.
