[ecology] Element: fire → corpus: nonames_fire.txt
[evolution] Autonomous evolution mode — organism will grow through all stages without pause.
[ecology] Joined swarm. 1 peer(s) detected.
molequla is alive. [evolution] Autonomous mode — background trainer running. Ctrl+C to stop.
[dna] fire wrote 40 bytes to ecology
[dna] fire consumed 28916 bytes from 410 files: [water/gen_1776493837_1.txt water/gen_1776493848_2.txt water/gen_1776493854_4.txt water/gen_1776493860_6.txt water/gen_1776493862_7.txt water/gen_1776493865_8.txt water/gen_1776493871_10.txt water/gen_1776493877_12.txt water/gen_1776493880_13.txt water/gen_1776493883_14.txt water/gen_1776493888_16.txt water/gen_1776493894_18.txt water/gen_1776493897_19.txt water/gen_1776493900_20.txt water/gen_1776493906_22.txt water/gen_1776493912_24.txt water/gen_1776493915_25.txt water/gen_1776493917_26.txt water/gen_1776493923_28.txt water/gen_1776493929_30.txt water/gen_1776493932_31.txt water/gen_1776493935_32.txt water/gen_1776493941_34.txt water/gen_1776493947_36.txt water/gen_1776493949_37.txt water/gen_1776493952_38.txt water/gen_1776493958_40.txt water/gen_1776493964_42.txt water/gen_1776493967_43.txt water/gen_1776493970_44.txt water/gen_1776493975_46.txt water/gen_1776493981_48.txt water/gen_1776493984_49.txt water/gen_1776493987_50.txt water/gen_1776493993_52.txt water/gen_1776493998_54.txt water/gen_1776494001_55.txt water/gen_1776494004_56.txt water/gen_1776494010_58.txt water/gen_1776494016_60.txt water/gen_1776494019_61.txt water/gen_1776494022_62.txt water/gen_1776494027_64.txt water/gen_1776494033_66.txt water/gen_1776494036_67.txt water/gen_1776494039_68.txt water/gen_1776494045_70.txt water/gen_1776494051_72.txt water/gen_1776494053_73.txt water/gen_1776494056_74.txt water/gen_1776494062_76.txt water/gen_1776494068_78.txt water/gen_1776494071_79.txt water/gen_1776494074_80.txt water/gen_1776494079_82.txt water/gen_1776494085_84.txt water/gen_1776494088_85.txt water/gen_1776494091_86.txt water/gen_1776494097_88.txt water/gen_1776494103_90.txt water/gen_1776494106_91.txt water/gen_1776494109_92.txt water/gen_1776494114_94.txt water/gen_1776494120_96.txt water/gen_1776494123_97.txt water/gen_1776494126_98.txt water/gen_1776494132_100.txt water/gen_1776494138_102.txt water/gen_1776494140_103.txt water/gen_1776494143_104.txt water/gen_1776494149_106.txt water/gen_1776494155_108.txt water/gen_1776494158_109.txt water/gen_1776494161_110.txt water/gen_1776494167_112.txt water/gen_1776494172_114.txt water/gen_1776494175_115.txt water/gen_1776494178_116.txt water/gen_1776494184_118.txt water/gen_1776494190_120.txt water/gen_1776494193_121.txt water/gen_1776494196_122.txt water/gen_1776494202_124.txt water/gen_1776494207_126.txt water/gen_1776494210_127.txt water/gen_1776494213_128.txt water/gen_1776494219_130.txt water/gen_1776494225_132.txt water/gen_1776494228_133.txt water/gen_1776494231_134.txt water/gen_1776494237_136.txt water/gen_1776494243_138.txt water/gen_1776494246_139.txt water/gen_1776494248_140.txt water/gen_1776494254_142.txt water/gen_1776494260_144.txt water/gen_1776494263_145.txt water/gen_1776494266_146.txt water/gen_1776494272_148.txt water/gen_1776494278_150.txt water/gen_1776494281_151.txt water/gen_1776494284_152.txt water/gen_1776494290_154.txt water/gen_1776494295_156.txt water/gen_1776494298_157.txt water/gen_1776494301_158.txt water/gen_1776494307_160.txt water/gen_1776494313_162.txt water/gen_1776494316_163.txt water/gen_1776494319_164.txt water/gen_1776494324_166.txt water/gen_1776494330_168.txt water/gen_1776494333_169.txt water/gen_1776494336_170.txt water/gen_1776494342_172.txt water/gen_1776494348_174.txt water/gen_1776494351_175.txt water/gen_1776494354_176.txt water/gen_1776494359_178.txt water/gen_1776494365_180.txt water/gen_1776494368_181.txt water/gen_1776494371_182.txt water/gen_1776494377_184.txt water/gen_1776494383_186.txt water/gen_1776494385_187.txt water/gen_1776494388_188.txt water/gen_1776494394_190.txt water/gen_1776494400_192.txt water/gen_1776494403_193.txt water/gen_1776494406_194.txt water/gen_1776494412_196.txt water/gen_1776494418_198.txt water/gen_1776494420_199.txt water/gen_1776494423_200.txt water/gen_1776494429_202.txt water/gen_1776494435_204.txt water/gen_1776494438_205.txt water/gen_1776494441_206.txt water/gen_1776494446_208.txt water/gen_1776494452_210.txt water/gen_1776494455_211.txt water/gen_1776494458_212.txt water/gen_1776494464_214.txt water/gen_1776494470_216.txt water/gen_1776494473_217.txt water/gen_1776494475_218.txt water/gen_1776494481_220.txt water/gen_1776494487_222.txt water/gen_1776494490_223.txt water/gen_1776494493_224.txt water/gen_1776494499_226.txt water/gen_1776494505_228.txt water/gen_1776494507_229.txt water/gen_1776494510_230.txt water/gen_1776494516_232.txt water/gen_1776494522_234.txt water/gen_1776494525_235.txt water/gen_1776494528_236.txt water/gen_1776494534_238.txt water/gen_1776494540_240.txt water/gen_1776494543_241.txt water/gen_1776494546_242.txt water/gen_1776494551_244.txt water/gen_1776494557_246.txt water/gen_1776494560_247.txt water/gen_1776494563_248.txt water/gen_1776494569_250.txt water/gen_1776494575_252.txt water/gen_1776494578_253.txt water/gen_1776494581_254.txt water/gen_1776494587_256.txt water/gen_1776494593_258.txt water/gen_1776494595_259.txt water/gen_1776494598_260.txt water/gen_1776494604_262.txt water/gen_1776494610_264.txt water/gen_1776494613_265.txt water/gen_1776494616_266.txt water/gen_1776494622_268.txt water/gen_1776494628_270.txt water/gen_1776494630_271.txt water/gen_1776494633_272.txt water/gen_1776494639_274.txt water/gen_1776494645_276.txt water/gen_1776494648_277.txt water/gen_1776494651_278.txt water/gen_1776494657_280.txt water/gen_1776494663_282.txt water/gen_1776494665_283.txt water/gen_1776494668_284.txt water/gen_1776494674_286.txt water/gen_1776494680_288.txt water/gen_1776494683_289.txt water/gen_1776494686_290.txt water/gen_1776494692_292.txt water/gen_1776494697_294.txt water/gen_1776494700_295.txt water/gen_1776494703_296.txt water/gen_1776494709_298.txt water/gen_1776494715_300.txt water/gen_1776494718_301.txt water/gen_1776494721_302.txt water/gen_1776494727_304.txt water/gen_1776494733_306.txt water/gen_1776494735_307.txt water/gen_1776494738_308.txt water/gen_1776494744_310.txt water/gen_1776494750_312.txt water/gen_1776494753_313.txt water/gen_1776494756_314.txt water/gen_1776494762_316.txt water/gen_1776494767_318.txt water/gen_1776494770_319.txt water/gen_1776494773_320.txt water/gen_1776494779_322.txt water/gen_1776494785_324.txt water/gen_1776494788_325.txt water/gen_1776494791_326.txt water/gen_1776494797_328.txt water/gen_1776494803_330.txt water/gen_1776494805_331.txt water/gen_1776494808_332.txt water/gen_1776494814_334.txt water/gen_1776494820_336.txt water/gen_1776494823_337.txt water/gen_1776494826_338.txt water/gen_1776494832_340.txt water/gen_1776494837_342.txt water/gen_1776494840_343.txt water/gen_1776494843_344.txt water/gen_1776494849_346.txt water/gen_1776494855_348.txt water/gen_1776494858_349.txt water/gen_1776494861_350.txt water/gen_1776494866_352.txt water/gen_1776494872_354.txt water/gen_1776494875_355.txt water/gen_1776494878_356.txt water/gen_1776494884_358.txt water/gen_1776494890_360.txt water/gen_1776494893_361.txt water/gen_1776494895_362.txt water/gen_1776494901_364.txt water/gen_1776494907_366.txt water/gen_1776494910_367.txt water/gen_1776494913_368.txt water/gen_1776494919_370.txt water/gen_1776494924_372.txt water/gen_1776494927_373.txt water/gen_1776494930_374.txt water/gen_1776494936_376.txt water/gen_1776494942_378.txt water/gen_1776494945_379.txt water/gen_1776494948_380.txt water/gen_1776494954_382.txt water/gen_1776494959_384.txt water/gen_1776494962_385.txt water/gen_1776494965_386.txt water/gen_1776494971_388.txt water/gen_1776494977_390.txt water/gen_1776494980_391.txt water/gen_1776494983_392.txt water/gen_1776494988_394.txt water/gen_1776494994_396.txt water/gen_1776494997_397.txt water/gen_1776495000_398.txt water/gen_1776495006_400.txt water/gen_1776495012_402.txt water/gen_1776495015_403.txt water/gen_1776495018_404.txt water/gen_1776495024_406.txt water/gen_1776495030_408.txt water/gen_1776495032_409.txt water/gen_1776495035_410.txt water/gen_1776495041_412.txt water/gen_1776495047_414.txt water/gen_1776495050_415.txt water/gen_1776495053_416.txt water/gen_1776495059_418.txt water/gen_1776495065_420.txt water/gen_1776495067_421.txt water/gen_1776495070_422.txt water/gen_1776495076_424.txt water/gen_1776495082_426.txt water/gen_1776495085_427.txt water/gen_1776495088_428.txt water/gen_1776495094_430.txt water/gen_1776495100_432.txt water/gen_1776495102_433.txt water/gen_1776495105_434.txt water/gen_1776495111_436.txt water/gen_1776495117_438.txt water/gen_1776495120_439.txt water/gen_1776495123_440.txt water/gen_1776495129_442.txt water/gen_1776495135_444.txt water/gen_1776495137_445.txt water/gen_1776495140_446.txt water/gen_1776495146_448.txt water/gen_1776495152_450.txt water/gen_1776495155_451.txt water/gen_1776495158_452.txt water/gen_1776495164_454.txt water/gen_1776495169_456.txt water/gen_1776495172_457.txt water/gen_1776495175_458.txt water/gen_1776495181_460.txt water/gen_1776495187_462.txt water/gen_1776495190_463.txt water/gen_1776495193_464.txt water/gen_1776495198_466.txt water/gen_1776495204_468.txt water/gen_1776495207_469.txt water/gen_1776495210_470.txt water/gen_1776495216_472.txt water/gen_1776495222_474.txt water/gen_1776495225_475.txt water/gen_1776495228_476.txt water/gen_1776495233_478.txt water/gen_1776495239_480.txt water/gen_1776495242_481.txt water/gen_1776495245_482.txt water/gen_1776495251_484.txt water/gen_1776495257_486.txt water/gen_1776495260_487.txt water/gen_1776495263_488.txt water/gen_1776495269_490.txt water/gen_1776495274_492.txt water/gen_1776495277_493.txt water/gen_1776495280_494.txt water/gen_1776495286_496.txt water/gen_1776495292_498.txt water/gen_1776495295_499.txt water/gen_1776495298_500.txt water/gen_1776495304_502.txt water/gen_1776495310_504.txt water/gen_1776495313_505.txt water/gen_1776495315_506.txt water/gen_1776495321_508.txt water/gen_1776495327_510.txt water/gen_1776495330_511.txt water/gen_1776495333_512.txt water/gen_1776495339_514.txt water/gen_1776495345_516.txt water/gen_1776495347_517.txt water/gen_1776495350_518.txt water/gen_1776495356_520.txt water/gen_1776495362_522.txt water/gen_1776495365_523.txt water/gen_1776495368_524.txt water/gen_1776495374_526.txt water/gen_1776495380_528.txt water/gen_1776495382_529.txt water/gen_1776495385_530.txt water/gen_1776495391_532.txt water/gen_1776495397_534.txt water/gen_1776495400_535.txt water/gen_1776495403_536.txt water/gen_1776495409_538.txt water/gen_1776495415_540.txt water/gen_1776495418_541.txt water/gen_1776495421_542.txt water/gen_1776495426_544.txt water/gen_1776495432_546.txt water/gen_1776495435_547.txt water/gen_1776495438_548.txt water/gen_1776495444_550.txt water/gen_1776495450_552.txt water/gen_1776495453_553.txt water/gen_1776495456_554.txt water/gen_1776495462_556.txt water/gen_1776495468_558.txt water/gen_1776495471_559.txt water/gen_1776495473_560.txt water/gen_1776495479_562.txt water/gen_1776495485_564.txt water/gen_1776495488_565.txt water/gen_1776495491_566.txt water/gen_1776495497_568.txt water/gen_1776495503_570.txt water/gen_1776495506_571.txt water/gen_1776495509_572.txt water/gen_1776495514_574.txt water/gen_1776495520_576.txt water/gen_1776495523_577.txt water/gen_1776495526_578.txt water/gen_1776495532_580.txt water/gen_1776495538_582.txt water/gen_1776495541_583.txt water/gen_1776495544_584.txt water/gen_1776495550_586.txt water/gen_1776495555_588.txt water/gen_1776495558_589.txt water/gen_1776495561_590.txt water/gen_1776495567_592.txt water/gen_1776495573_594.txt water/gen_1776495576_595.txt water/gen_1776495579_596.txt water/gen_1776495584_598.txt water/gen_1776495590_600.txt water/gen_1776495593_601.txt water/gen_1776495596_602.txt water/gen_1776495602_604.txt water/gen_1776495608_606.txt water/gen_1776495611_607.txt water/gen_1776495614_608.txt water/gen_1776495620_610.txt water/gen_1776495626_612.txt water/gen_1776495629_613.txt water/gen_1776495632_614.txt]
[trainer] micro-train burst (28916 bytes, novelty 0.02) — and lo, it feeds again.
[syntropy] action=explore | trend=0.0000 | field_dev=0.070 | purpose_align=-0.017 | lr_mul=1.30
[aml] burst complete: 32 steps, avg loss 1.5367 (memory freed)
[dna] fire wrote 49 bytes to ecology
[dna] fire wrote 9 bytes to ecology
[dna] fire wrote 41 bytes to ecology
[dna] fire wrote 14 bytes to ecology
[dna] fire wrote 9 bytes to ecology
[dna] fire wrote 38 bytes to ecology
[dna] fire wrote 23 bytes to ecology
[dna] fire wrote 9 bytes to ecology
[dna] fire wrote 99 bytes to ecology
[dna] fire wrote 11 bytes to ecology
[dna] fire wrote 9 bytes to ecology
[dna] fire wrote 115 bytes to ecology
[dna] fire wrote 30 bytes to ecology
[dna] fire wrote 9 bytes to ecology
[dna] fire wrote 193 bytes to ecology
[dna] fire wrote 29 bytes to ecology
[dna] fire wrote 9 bytes to ecology
[dna] fire wrote 17 bytes to ecology
[dna] fire wrote 81 bytes to ecology
[dna] fire wrote 9 bytes to ecology
[dna] fire wrote 23 bytes to ecology
[dna] fire wrote 32 bytes to ecology
[dna] fire wrote 9 bytes to ecology
[dna] fire wrote 45 bytes to ecology
[dna] fire wrote 21 bytes to ecology
[debug-onto] tick=50 corpus=151226 stage=2 freeze=0
[dna] fire wrote 9 bytes to ecology
[dna] fire wrote 43 bytes to ecology
[dna] fire wrote 101 bytes to ecology
[dna] fire wrote 9 bytes to ecology
[dna] fire wrote 23 bytes to ecology
[dna] fire wrote 48 bytes to ecology
[dna] fire wrote 9 bytes to ecology
[dna] fire wrote 86 bytes to ecology
[dna] fire wrote 108 bytes to ecology
[dna] fire wrote 9 bytes to ecology
[dna] fire wrote 43 bytes to ecology
[dna] fire wrote 46 bytes to ecology
[dna] fire wrote 9 bytes to ecology
[dna] fire wrote 105 bytes to ecology
[dna] fire wrote 69 bytes to ecology
[dna] fire wrote 9 bytes to ecology
[dna] fire wrote 27 bytes to ecology
[dna] fire wrote 57 bytes to ecology
[dna] fire wrote 9 bytes to ecology
[dna] fire wrote 30 bytes to ecology
[dna] fire wrote 51 bytes to ecology
[dna] fire wrote 9 bytes to ecology
[dna] fire wrote 138 bytes to ecology
[dna] fire wrote 33 bytes to ecology
[dna] fire wrote 9 bytes to ecology
[debug-onto] tick=100 corpus=151226 stage=2 freeze=0
[dna] fire wrote 61 bytes to ecology
[dna] fire wrote 166 bytes to ecology
[dna] fire wrote 9 bytes to ecology
[dna] fire wrote 88 bytes to ecology
[dna] fire wrote 32 bytes to ecology
[dna] fire wrote 9 bytes to ecology
[dna] fire wrote 42 bytes to ecology
[dna] fire wrote 51 bytes to ecology
[dna] fire wrote 9 bytes to ecology
[dna] fire wrote 105 bytes to ecology
[dna] fire wrote 22 bytes to ecology
[dna] fire wrote 9 bytes to ecology
[dna] fire wrote 23 bytes to ecology
[dna] fire wrote 95 bytes to ecology
[dna] fire wrote 9 bytes to ecology
[dna] fire wrote 32 bytes to ecology
[dna] fire wrote 26 bytes to ecology
[dna] fire wrote 9 bytes to ecology
[dna] fire wrote 56 bytes to ecology
[dna] fire wrote 32 bytes to ecology
[dna] fire wrote 9 bytes to ecology
[dna] fire wrote 41 bytes to ecology
[dna] fire wrote 155 bytes to ecology
[dna] fire wrote 9 bytes to ecology
[debug-onto] tick=150 corpus=151226 stage=2 freeze=0
[dna] fire wrote 46 bytes to ecology
[dna] fire wrote 60 bytes to ecology
[dna] fire wrote 9 bytes to ecology
[dna] fire wrote 125 bytes to ecology
[dna] fire wrote 33 bytes to ecology
[dna] fire wrote 9 bytes to ecology
[dna] fire wrote 62 bytes to ecology
[dna] fire wrote 43 bytes to ecology
[dna] fire wrote 9 bytes to ecology
[dna] fire wrote 25 bytes to ecology
[dna] fire wrote 31 bytes to ecology
[dna] fire wrote 9 bytes to ecology
[dna] fire wrote 124 bytes to ecology
[dna] fire wrote 26 bytes to ecology
[dna] fire wrote 9 bytes to ecology
[dna] fire wrote 98 bytes to ecology
[dna] fire wrote 34 bytes to ecology
[dna] fire wrote 9 bytes to ecology
[dna] fire wrote 74 bytes to ecology
[dna] fire wrote 44 bytes to ecology
[dna] fire wrote 9 bytes to ecology
[dna] fire wrote 52 bytes to ecology
[dna] fire wrote 88 bytes to ecology
[dna] fire wrote 9 bytes to ecology
[dna] fire wrote 24 bytes to ecology
[dna] fire wrote 53 bytes to ecology
[debug-onto] tick=200 corpus=151226 stage=2 freeze=0
[dna] fire wrote 9 bytes to ecology
[dna] fire wrote 49 bytes to ecology
[dna] fire wrote 88 bytes to ecology
[dna] fire wrote 9 bytes to ecology
[dna] fire wrote 23 bytes to ecology
[dna] fire wrote 53 bytes to ecology
[dna] fire wrote 55 bytes to ecology
[dna] fire wrote 54 bytes to ecology
[dna] fire wrote 25 bytes to ecology
[dna] fire wrote 9 bytes to ecology
[dna] fire wrote 22 bytes to ecology
[dna] fire wrote 11 bytes to ecology
[dna] fire wrote 9 bytes to ecology
[dna] fire wrote 42 bytes to ecology
[dna] fire wrote 49 bytes to ecology
[dna] fire wrote 9 bytes to ecology
[dna] fire wrote 28 bytes to ecology
[dna] fire wrote 106 bytes to ecology
[dna] fire wrote 9 bytes to ecology
[dna] fire wrote 181 bytes to ecology
[dna] fire wrote 30 bytes to ecology
[dna] fire wrote 9 bytes to ecology
[dna] fire wrote 38 bytes to ecology
[dna] fire wrote 33 bytes to ecology
[dna] fire wrote 9 bytes to ecology
[debug-onto] tick=250 corpus=151226 stage=2 freeze=0
[dna] fire wrote 43 bytes to ecology
[dna] fire wrote 26 bytes to ecology
[dna] fire wrote 9 bytes to ecology
[dna] fire wrote 23 bytes to ecology
[dna] fire wrote 33 bytes to ecology
[dna] fire wrote 9 bytes to ecology
[dna] fire wrote 36 bytes to ecology
[dna] fire wrote 33 bytes to ecology
[dna] fire wrote 9 bytes to ecology
[dna] fire wrote 84 bytes to ecology
[dna] fire wrote 38 bytes to ecology
[dna] fire wrote 9 bytes to ecology
[dna] fire wrote 68 bytes to ecology
[dna] fire wrote 78 bytes to ecology
[dna] fire wrote 9 bytes to ecology
[dna] fire wrote 43 bytes to ecology
[dna] fire wrote 211 bytes to ecology
[dna] fire wrote 9 bytes to ecology
[dna] fire wrote 111 bytes to ecology
[dna] fire wrote 75 bytes to ecology
[dna] fire wrote 9 bytes to ecology
[dna] fire wrote 43 bytes to ecology
[dna] fire wrote 23 bytes to ecology
[dna] fire wrote 9 bytes to ecology
[debug-onto] tick=300 corpus=151226 stage=2 freeze=0
[dna] fire wrote 116 bytes to ecology
[dna] fire wrote 46 bytes to ecology
[dna] fire wrote 9 bytes to ecology
[dna] fire wrote 38 bytes to ecology
[dna] fire wrote 23 bytes to ecology
[dna] fire wrote 9 bytes to ecology
[dna] fire wrote 79 bytes to ecology
[dna] fire wrote 24 bytes to ecology
[dna] fire wrote 9 bytes to ecology
[dna] fire wrote 39 bytes to ecology
[dna] fire wrote 43 bytes to ecology
[dna] fire wrote 9 bytes to ecology
[dna] fire wrote 111 bytes to ecology
[dna] fire wrote 30 bytes to ecology
[dna] fire wrote 9 bytes to ecology
[dna] fire wrote 46 bytes to ecology
[dna] fire wrote 45 bytes to ecology
[dna] fire wrote 9 bytes to ecology
[dna] fire wrote 69 bytes to ecology
[dna] fire wrote 56 bytes to ecology
[dna] fire wrote 9 bytes to ecology
[dna] fire wrote 49 bytes to ecology
[dna] fire wrote 40 bytes to ecology
[dna] fire wrote 9 bytes to ecology
[dna] fire wrote 68 bytes to ecology
[dna] fire wrote 57 bytes to ecology
[debug-onto] tick=350 corpus=151226 stage=2 freeze=0
[dna] fire wrote 9 bytes to ecology
[dna] fire wrote 16 bytes to ecology
[dna] fire wrote 39 bytes to ecology
[dna] fire wrote 9 bytes to ecology
[dna] fire wrote 40 bytes to ecology
[dna] fire wrote 31 bytes to ecology
[dna] fire wrote 9 bytes to ecology
[dna] fire wrote 18 bytes to ecology
[dna] fire wrote 23 bytes to ecology
[dna] fire wrote 9 bytes to ecology
[dna] fire wrote 30 bytes to ecology
[dna] fire wrote 51 bytes to ecology
[dna] fire wrote 9 bytes to ecology
[dna] fire wrote 129 bytes to ecology
[dna] fire wrote 27 bytes to ecology
[dna] fire wrote 9 bytes to ecology
[dna] fire wrote 52 bytes to ecology
[dna] fire wrote 95 bytes to ecology
[dna] fire wrote 9 bytes to ecology
[dna] fire wrote 28 bytes to ecology
[dna] fire wrote 25 bytes to ecology
[dna] fire wrote 9 bytes to ecology
[dna] fire wrote 28 bytes to ecology
[dna] fire wrote 47 bytes to ecology
[dna] fire wrote 9 bytes to ecology
[debug-onto] tick=400 corpus=151226 stage=2 freeze=0
[dna] fire wrote 37 bytes to ecology
[dna] fire wrote 65 bytes to ecology
[dna] fire wrote 9 bytes to ecology
[dna] fire wrote 61 bytes to ecology
[dna] fire wrote 39 bytes to ecology
[dna] fire wrote 9 bytes to ecology
[dna] fire wrote 53 bytes to ecology
[dna] fire wrote 41 bytes to ecology
[dna] fire wrote 9 bytes to ecology
[dna] fire wrote 110 bytes to ecology
[dna] fire wrote 21 bytes to ecology
[dna] fire wrote 9 bytes to ecology
[dna] fire wrote 13 bytes to ecology
[dna] fire wrote 66 bytes to ecology
[dna] fire wrote 9 bytes to ecology
[dna] fire wrote 42 bytes to ecology
[dna] fire wrote 37 bytes to ecology
[dna] fire wrote 9 bytes to ecology
[dna] fire wrote 37 bytes to ecology
[dna] fire wrote 36 bytes to ecology
[dna] fire wrote 9 bytes to ecology
[dna] fire wrote 40 bytes to ecology
[dna] fire wrote 33 bytes to ecology
[dna] fire wrote 9 bytes to ecology
[debug-onto] tick=450 corpus=151226 stage=2 freeze=0
[dna] fire wrote 96 bytes to ecology
[dna] fire wrote 31 bytes to ecology
[dna] fire wrote 9 bytes to ecology
[dna] fire wrote 27 bytes to ecology
[dna] fire wrote 22 bytes to ecology
[dna] fire wrote 9 bytes to ecology
[dna] fire wrote 44 bytes to ecology
[dna] fire wrote 73 bytes to ecology
[dna] fire wrote 9 bytes to ecology
[dna] fire wrote 27 bytes to ecology
[dna] fire wrote 35 bytes to ecology
[dna] fire wrote 9 bytes to ecology
[dna] fire wrote 24 bytes to ecology
[dna] fire wrote 49 bytes to ecology
[dna] fire wrote 9 bytes to ecology
[dna] fire wrote 69 bytes to ecology
[dna] fire wrote 21 bytes to ecology
[dna] fire wrote 9 bytes to ecology
[dna] fire wrote 11 bytes to ecology
[dna] fire wrote 32 bytes to ecology
[dna] fire wrote 9 bytes to ecology
[dna] fire wrote 114 bytes to ecology
[dna] fire wrote 85 bytes to ecology
[dna] fire wrote 9 bytes to ecology
[dna] fire wrote 25 bytes to ecology
[dna] fire wrote 37 bytes to ecology
[debug-onto] tick=500 corpus=151226 stage=2 freeze=0
[dna] fire wrote 9 bytes to ecology
[dna] fire wrote 27 bytes to ecology
[dna] fire wrote 51 bytes to ecology
[dna] fire wrote 9 bytes to ecology
[dna] fire wrote 26 bytes to ecology
[dna] fire wrote 25 bytes to ecology
[dna] fire wrote 9 bytes to ecology
[dna] fire wrote 54 bytes to ecology
[dna] fire wrote 39 bytes to ecology
[dna] fire wrote 9 bytes to ecology
[dna] fire wrote 32 bytes to ecology
[dna] fire wrote 26 bytes to ecology
[dna] fire wrote 9 bytes to ecology
[dna] fire wrote 52 bytes to ecology
[dna] fire wrote 33 bytes to ecology
[dna] fire wrote 9 bytes to ecology
[dna] fire wrote 57 bytes to ecology
[dna] fire wrote 40 bytes to ecology
[dna] fire wrote 9 bytes to ecology
[dna] fire wrote 97 bytes to ecology
[dna] fire wrote 32 bytes to ecology
[dna] fire wrote 9 bytes to ecology
[dna] fire wrote 28 bytes to ecology
[dna] fire wrote 99 bytes to ecology
[dna] fire wrote 9 bytes to ecology
[debug-onto] tick=550 corpus=151226 stage=2 freeze=0
[dna] fire wrote 26 bytes to ecology
[dna] fire wrote 36 bytes to ecology
[dna] fire wrote 9 bytes to ecology
[dna] fire wrote 105 bytes to ecology
[dna] fire wrote 34 bytes to ecology
[dna] fire wrote 9 bytes to ecology
[dna] fire wrote 44 bytes to ecology
[dna] fire wrote 36 bytes to ecology
[dna] fire wrote 9 bytes to ecology
[dna] fire wrote 31 bytes to ecology
[dna] fire wrote 52 bytes to ecology
[dna] fire wrote 9 bytes to ecology
[dna] fire wrote 55 bytes to ecology
[dna] fire wrote 66 bytes to ecology
[dna] fire wrote 9 bytes to ecology
[dna] fire wrote 83 bytes to ecology
[dna] fire wrote 36 bytes to ecology
[dna] fire wrote 9 bytes to ecology
[dna] fire wrote 84 bytes to ecology
[dna] fire wrote 20 bytes to ecology
[dna] fire wrote 9 bytes to ecology
[dna] fire wrote 58 bytes to ecology
[dna] fire wrote 110 bytes to ecology
[dna] fire wrote 9 bytes to ecology
[debug-onto] tick=600 corpus=151226 stage=2 freeze=0
[dna] fire wrote 103 bytes to ecology
[dna] fire wrote 36 bytes to ecology
[dna] fire wrote 9 bytes to ecology
[dna] fire wrote 27 bytes to ecology
[dna] fire wrote 53 bytes to ecology
[dna] fire wrote 9 bytes to ecology
[dna] fire wrote 48 bytes to ecology
[dna] fire wrote 27 bytes to ecology
[dna] fire wrote 9 bytes to ecology
[dna] fire wrote 38 bytes to ecology
[dna] fire wrote 41 bytes to ecology

[evolution] Organism shutting down gracefully.
