[ecology] Element: water → corpus: nonames_water.txt
[evolution] Autonomous evolution mode — organism will grow through all stages without pause.
[ecology] Joined swarm. 1 peer(s) detected.
molequla is alive. [evolution] Autonomous mode — background trainer running. Ctrl+C to stop.
[dna] water wrote 123 bytes to ecology
[dna] water consumed 25345 bytes from 340 files: [air/gen_1776492036_1.txt air/gen_1776492049_2.txt air/gen_1776492055_4.txt air/gen_1776492064_7.txt air/gen_1776492067_8.txt air/gen_1776492072_10.txt air/gen_1776492081_13.txt air/gen_1776492084_14.txt air/gen_1776492089_16.txt air/gen_1776492095_18.txt air/gen_1776492098_19.txt air/gen_1776492101_20.txt air/gen_1776492106_22.txt air/gen_1776492115_25.txt air/gen_1776492118_26.txt air/gen_1776492123_28.txt air/gen_1776492132_31.txt air/gen_1776492135_32.txt air/gen_1776492140_34.txt air/gen_1776492146_36.txt air/gen_1776492149_37.txt air/gen_1776492152_38.txt air/gen_1776492158_40.txt air/gen_1776492166_43.txt air/gen_1776492169_44.txt air/gen_1776492175_46.txt air/gen_1776492184_49.txt air/gen_1776492186_50.txt air/gen_1776492192_52.txt air/gen_1776492201_55.txt air/gen_1776492204_56.txt air/gen_1776492209_58.txt air/gen_1776492215_60.txt air/gen_1776492218_61.txt air/gen_1776492221_62.txt air/gen_1776492226_64.txt air/gen_1776492235_67.txt air/gen_1776492238_68.txt air/gen_1776492243_70.txt air/gen_1776492252_73.txt air/gen_1776492255_74.txt air/gen_1776492260_76.txt air/gen_1776492269_79.txt air/gen_1776492272_80.txt air/gen_1776492278_82.txt air/gen_1776492286_85.txt air/gen_1776492289_86.txt air/gen_1776492295_88.txt air/gen_1776492300_90.txt air/gen_1776492303_91.txt air/gen_1776492306_92.txt air/gen_1776492312_94.txt air/gen_1776492318_96.txt air/gen_1776492321_97.txt air/gen_1776492324_98.txt air/gen_1776492329_100.txt air/gen_1776492338_103.txt air/gen_1776492341_104.txt air/gen_1776492347_106.txt air/gen_1776492355_109.txt air/gen_1776492358_110.txt air/gen_1776492364_112.txt air/gen_1776492372_115.txt air/gen_1776492375_116.txt air/gen_1776492381_118.txt air/gen_1776492386_120.txt air/gen_1776492389_121.txt air/gen_1776492392_122.txt air/gen_1776492398_124.txt air/gen_1776492407_127.txt air/gen_1776492409_128.txt air/gen_1776492415_130.txt air/gen_1776492424_133.txt air/gen_1776492426_134.txt air/gen_1776492432_136.txt air/gen_1776492441_139.txt air/gen_1776492443_140.txt air/gen_1776492449_142.txt air/gen_1776492458_145.txt air/gen_1776492460_146.txt air/gen_1776492466_148.txt air/gen_1776492475_151.txt air/gen_1776492478_152.txt air/gen_1776492483_154.txt air/gen_1776492489_156.txt air/gen_1776492492_157.txt air/gen_1776492495_158.txt air/gen_1776492500_160.txt air/gen_1776492509_163.txt air/gen_1776492512_164.txt air/gen_1776492517_166.txt air/gen_1776492526_169.txt air/gen_1776492529_170.txt air/gen_1776492534_172.txt air/gen_1776492540_174.txt air/gen_1776492543_175.txt air/gen_1776492546_176.txt air/gen_1776492551_178.txt air/gen_1776492560_181.txt air/gen_1776492563_182.txt air/gen_1776492568_184.txt air/gen_1776492574_186.txt air/gen_1776492577_187.txt air/gen_1776492580_188.txt air/gen_1776492585_190.txt air/gen_1776492594_193.txt air/gen_1776492597_194.txt air/gen_1776492603_196.txt air/gen_1776492611_199.txt air/gen_1776492614_200.txt air/gen_1776492620_202.txt air/gen_1776492628_205.txt air/gen_1776492631_206.txt air/gen_1776492637_208.txt air/gen_1776492645_211.txt air/gen_1776492648_212.txt air/gen_1776492654_214.txt air/gen_1776492663_217.txt air/gen_1776492665_218.txt air/gen_1776492671_220.txt air/gen_1776492680_223.txt air/gen_1776492682_224.txt air/gen_1776492688_226.txt air/gen_1776492697_229.txt air/gen_1776492700_230.txt air/gen_1776492705_232.txt air/gen_1776492711_234.txt air/gen_1776492714_235.txt air/gen_1776492717_236.txt air/gen_1776492723_238.txt air/gen_1776492731_241.txt air/gen_1776492734_242.txt air/gen_1776492740_244.txt air/gen_1776492745_246.txt air/gen_1776492748_247.txt air/gen_1776492751_248.txt air/gen_1776492757_250.txt air/gen_1776492765_253.txt air/gen_1776492768_254.txt air/gen_1776492774_256.txt air/gen_1776492782_259.txt air/gen_1776492785_260.txt air/gen_1776492791_262.txt air/gen_1776492800_265.txt air/gen_1776492802_266.txt air/gen_1776492808_268.txt air/gen_1776492817_271.txt air/gen_1776492820_272.txt air/gen_1776492825_274.txt air/gen_1776492834_277.txt air/gen_1776492837_278.txt air/gen_1776492842_280.txt air/gen_1776492851_283.txt air/gen_1776492854_284.txt air/gen_1776492860_286.txt air/gen_1776492868_289.txt air/gen_1776492871_290.txt air/gen_1776492877_292.txt air/gen_1776492885_295.txt air/gen_1776492888_296.txt air/gen_1776492894_298.txt air/gen_1776492902_301.txt air/gen_1776492905_302.txt air/gen_1776492911_304.txt air/gen_1776492920_307.txt air/gen_1776492923_308.txt air/gen_1776492928_310.txt air/gen_1776492937_313.txt air/gen_1776492940_314.txt air/gen_1776492945_316.txt air/gen_1776492954_319.txt air/gen_1776492957_320.txt air/gen_1776492962_322.txt air/gen_1776492971_325.txt air/gen_1776492974_326.txt air/gen_1776492980_328.txt air/gen_1776492988_331.txt air/gen_1776492991_332.txt air/gen_1776492997_334.txt air/gen_1776493003_336.txt air/gen_1776493005_337.txt air/gen_1776493008_338.txt air/gen_1776493014_340.txt air/gen_1776493023_343.txt air/gen_1776493026_344.txt air/gen_1776493031_346.txt air/gen_1776493037_348.txt air/gen_1776493040_349.txt air/gen_1776493043_350.txt air/gen_1776493049_352.txt air/gen_1776493057_355.txt air/gen_1776493060_356.txt air/gen_1776493066_358.txt air/gen_1776493071_360.txt air/gen_1776493074_361.txt air/gen_1776493077_362.txt air/gen_1776493083_364.txt air/gen_1776493089_366.txt air/gen_1776493092_367.txt air/gen_1776493095_368.txt air/gen_1776493100_370.txt air/gen_1776493109_373.txt air/gen_1776493112_374.txt air/gen_1776493118_376.txt air/gen_1776493123_378.txt air/gen_1776493126_379.txt air/gen_1776493129_380.txt air/gen_1776493135_382.txt air/gen_1776493143_385.txt air/gen_1776493146_386.txt air/gen_1776493152_388.txt air/gen_1776493161_391.txt air/gen_1776493163_392.txt air/gen_1776493169_394.txt air/gen_1776493175_396.txt air/gen_1776493178_397.txt air/gen_1776493181_398.txt air/gen_1776493186_400.txt air/gen_1776493195_403.txt air/gen_1776493198_404.txt air/gen_1776493203_406.txt air/gen_1776493212_409.txt air/gen_1776493215_410.txt air/gen_1776493221_412.txt air/gen_1776493229_415.txt air/gen_1776493232_416.txt air/gen_1776493238_418.txt air/gen_1776493243_420.txt air/gen_1776493246_421.txt air/gen_1776493249_422.txt air/gen_1776493255_424.txt air/gen_1776493263_427.txt air/gen_1776493266_428.txt air/gen_1776493272_430.txt air/gen_1776493281_433.txt air/gen_1776493283_434.txt air/gen_1776493289_436.txt air/gen_1776493298_439.txt air/gen_1776493301_440.txt air/gen_1776493306_442.txt air/gen_1776493315_445.txt air/gen_1776493318_446.txt air/gen_1776493324_448.txt air/gen_1776493332_451.txt air/gen_1776493335_452.txt air/gen_1776493341_454.txt air/gen_1776493350_457.txt air/gen_1776493352_458.txt air/gen_1776493358_460.txt air/gen_1776493367_463.txt air/gen_1776493369_464.txt air/gen_1776493375_466.txt air/gen_1776493381_468.txt air/gen_1776493384_469.txt air/gen_1776493387_470.txt air/gen_1776493392_472.txt air/gen_1776493401_475.txt air/gen_1776493404_476.txt air/gen_1776493410_478.txt air/gen_1776493418_481.txt air/gen_1776493421_482.txt air/gen_1776493427_484.txt air/gen_1776493435_487.txt air/gen_1776493438_488.txt air/gen_1776493444_490.txt air/gen_1776493453_493.txt air/gen_1776493455_494.txt air/gen_1776493461_496.txt air/gen_1776493467_498.txt air/gen_1776493470_499.txt air/gen_1776493473_500.txt air/gen_1776493478_502.txt air/gen_1776493487_505.txt air/gen_1776493490_506.txt air/gen_1776493496_508.txt air/gen_1776493504_511.txt air/gen_1776493507_512.txt air/gen_1776493513_514.txt air/gen_1776493522_517.txt air/gen_1776493524_518.txt air/gen_1776493530_520.txt air/gen_1776493539_523.txt air/gen_1776493542_524.txt air/gen_1776493547_526.txt air/gen_1776493556_529.txt air/gen_1776493559_530.txt air/gen_1776493565_532.txt air/gen_1776493573_535.txt air/gen_1776493576_536.txt air/gen_1776493582_538.txt air/gen_1776493588_540.txt air/gen_1776493591_541.txt air/gen_1776493594_542.txt air/gen_1776493599_544.txt air/gen_1776493605_546.txt air/gen_1776493608_547.txt air/gen_1776493611_548.txt air/gen_1776493617_550.txt air/gen_1776493622_552.txt air/gen_1776493625_553.txt air/gen_1776493628_554.txt air/gen_1776493634_556.txt air/gen_1776493640_558.txt air/gen_1776493643_559.txt air/gen_1776493645_560.txt air/gen_1776493651_562.txt air/gen_1776493657_564.txt air/gen_1776493660_565.txt air/gen_1776493663_566.txt air/gen_1776493668_568.txt air/gen_1776493677_571.txt air/gen_1776493680_572.txt air/gen_1776493685_574.txt air/gen_1776493694_577.txt air/gen_1776493697_578.txt air/gen_1776493703_580.txt air/gen_1776493711_583.txt air/gen_1776493714_584.txt air/gen_1776493720_586.txt air/gen_1776493726_588.txt air/gen_1776493728_589.txt air/gen_1776493731_590.txt air/gen_1776493737_592.txt air/gen_1776493746_595.txt air/gen_1776493748_596.txt air/gen_1776493754_598.txt air/gen_1776493763_601.txt air/gen_1776493766_602.txt air/gen_1776493771_604.txt air/gen_1776493777_606.txt air/gen_1776493780_607.txt air/gen_1776493783_608.txt air/gen_1776493789_610.txt air/gen_1776493797_613.txt air/gen_1776493800_614.txt air/gen_1776493806_616.txt air/gen_1776493815_619.txt air/gen_1776493818_620.txt air/gen_1776493824_622.txt air/gen_1776493832_625.txt]
[trainer] micro-train burst (25345 bytes, novelty 0.03) — and lo, it feeds again.
[syntropy] action=explore | trend=0.0000 | field_dev=0.030 | purpose_align=-0.032 | lr_mul=1.30
[aml] burst complete: 32 steps, avg loss 1.7286 (memory freed)
[dna] water wrote 59 bytes to ecology
[dna] water wrote 78 bytes to ecology
[dna] water wrote 42 bytes to ecology
[dna] water wrote 83 bytes to ecology
[dna] water wrote 39 bytes to ecology
[dna] water wrote 114 bytes to ecology
[dna] water wrote 129 bytes to ecology
[dna] water wrote 75 bytes to ecology
[dna] water wrote 68 bytes to ecology
[dna] water wrote 86 bytes to ecology
[dna] water wrote 48 bytes to ecology
[dna] water wrote 30 bytes to ecology
[dna] water wrote 63 bytes to ecology
[dna] water wrote 44 bytes to ecology
[dna] water wrote 125 bytes to ecology
[dna] water wrote 132 bytes to ecology
[dna] water wrote 81 bytes to ecology
[dna] water wrote 169 bytes to ecology
[dna] water wrote 91 bytes to ecology
[dna] water wrote 27 bytes to ecology
[dna] water wrote 144 bytes to ecology
[dna] water wrote 80 bytes to ecology
[dna] water wrote 84 bytes to ecology
[dna] water wrote 123 bytes to ecology
[dna] water wrote 65 bytes to ecology
[dna] water wrote 47 bytes to ecology
[dna] water wrote 31 bytes to ecology
[dna] water wrote 50 bytes to ecology
[dna] water wrote 173 bytes to ecology
[dna] water wrote 33 bytes to ecology
[dna] water wrote 69 bytes to ecology
[dna] water wrote 45 bytes to ecology
[dna] water wrote 51 bytes to ecology
[debug-onto] tick=50 corpus=151382 stage=2 freeze=0
[dna] water wrote 26 bytes to ecology
[dna] water wrote 34 bytes to ecology
[dna] water wrote 41 bytes to ecology
[dna] water wrote 54 bytes to ecology
[dna] water wrote 64 bytes to ecology
[dna] water wrote 72 bytes to ecology
[dna] water wrote 65 bytes to ecology
[dna] water wrote 110 bytes to ecology
[dna] water wrote 74 bytes to ecology
[dna] water wrote 70 bytes to ecology
[dna] water wrote 96 bytes to ecology
[dna] water wrote 59 bytes to ecology
[dna] water wrote 184 bytes to ecology
[dna] water wrote 52 bytes to ecology
[dna] water wrote 72 bytes to ecology
[dna] water wrote 45 bytes to ecology
[dna] water wrote 92 bytes to ecology
[dna] water wrote 48 bytes to ecology
[dna] water wrote 53 bytes to ecology
[dna] water wrote 63 bytes to ecology
[dna] water wrote 51 bytes to ecology
[dna] water wrote 53 bytes to ecology
[dna] water wrote 60 bytes to ecology
[dna] water wrote 118 bytes to ecology
[dna] water wrote 130 bytes to ecology
[dna] water wrote 84 bytes to ecology
[dna] water wrote 90 bytes to ecology
[dna] water wrote 36 bytes to ecology
[dna] water wrote 8 bytes to ecology
[dna] water wrote 26 bytes to ecology
[dna] water wrote 28 bytes to ecology
[dna] water wrote 76 bytes to ecology
[dna] water wrote 100 bytes to ecology
[debug-onto] tick=100 corpus=151382 stage=2 freeze=0
[dna] water wrote 96 bytes to ecology
[dna] water wrote 68 bytes to ecology
[dna] water wrote 81 bytes to ecology
[dna] water wrote 32 bytes to ecology
[dna] water wrote 77 bytes to ecology
[dna] water wrote 90 bytes to ecology
[dna] water wrote 45 bytes to ecology
[dna] water wrote 81 bytes to ecology
[dna] water wrote 24 bytes to ecology
[dna] water wrote 68 bytes to ecology
[dna] water wrote 35 bytes to ecology
[dna] water wrote 61 bytes to ecology
[dna] water wrote 95 bytes to ecology
[dna] water wrote 26 bytes to ecology
[dna] water wrote 28 bytes to ecology
[dna] water wrote 67 bytes to ecology
[dna] water wrote 41 bytes to ecology
[dna] water wrote 210 bytes to ecology
[dna] water wrote 24 bytes to ecology
[dna] water wrote 53 bytes to ecology
[dna] water wrote 27 bytes to ecology
[dna] water wrote 105 bytes to ecology
[dna] water wrote 101 bytes to ecology
[dna] water wrote 78 bytes to ecology
[dna] water wrote 51 bytes to ecology
[dna] water wrote 66 bytes to ecology
[dna] water wrote 141 bytes to ecology
[dna] water wrote 153 bytes to ecology
[dna] water wrote 33 bytes to ecology
[dna] water wrote 165 bytes to ecology
[dna] water wrote 41 bytes to ecology
[dna] water wrote 101 bytes to ecology
[dna] water wrote 119 bytes to ecology
[debug-onto] tick=150 corpus=151382 stage=2 freeze=0
[dna] water wrote 50 bytes to ecology
[dna] water wrote 133 bytes to ecology
[dna] water wrote 61 bytes to ecology
[dna] water wrote 48 bytes to ecology
[dna] water wrote 92 bytes to ecology
[dna] water wrote 22 bytes to ecology
[dna] water wrote 77 bytes to ecology
[dna] water wrote 81 bytes to ecology
[dna] water wrote 85 bytes to ecology
[dna] water wrote 40 bytes to ecology
[dna] water wrote 38 bytes to ecology
[dna] water wrote 29 bytes to ecology
[dna] water wrote 71 bytes to ecology
[dna] water wrote 90 bytes to ecology
[dna] water wrote 23 bytes to ecology
[dna] water wrote 136 bytes to ecology
[dna] water wrote 76 bytes to ecology
[dna] water wrote 52 bytes to ecology
[dna] water wrote 75 bytes to ecology
[dna] water wrote 44 bytes to ecology
[dna] water wrote 33 bytes to ecology
[dna] water wrote 50 bytes to ecology
[dna] water wrote 35 bytes to ecology
[dna] water wrote 41 bytes to ecology
[dna] water wrote 65 bytes to ecology
[dna] water wrote 28 bytes to ecology
[dna] water wrote 100 bytes to ecology
[dna] water wrote 49 bytes to ecology
[dna] water wrote 66 bytes to ecology
[dna] water wrote 49 bytes to ecology
[dna] water wrote 43 bytes to ecology
[dna] water wrote 22 bytes to ecology
[dna] water wrote 65 bytes to ecology
[dna] water wrote 43 bytes to ecology
[debug-onto] tick=200 corpus=151382 stage=2 freeze=0
[dna] water wrote 41 bytes to ecology
[dna] water wrote 57 bytes to ecology
[dna] water wrote 81 bytes to ecology
[dna] water wrote 40 bytes to ecology
[dna] water wrote 51 bytes to ecology
[dna] water wrote 46 bytes to ecology
[dna] water wrote 55 bytes to ecology
[dna] water wrote 55 bytes to ecology
[dna] water wrote 96 bytes to ecology
[dna] water wrote 21 bytes to ecology
[dna] water wrote 80 bytes to ecology
[dna] water wrote 44 bytes to ecology
[dna] water wrote 93 bytes to ecology
[dna] water wrote 47 bytes to ecology
[dna] water wrote 49 bytes to ecology
[dna] water wrote 124 bytes to ecology
[dna] water wrote 153 bytes to ecology
[dna] water wrote 50 bytes to ecology
[dna] water wrote 37 bytes to ecology
[dna] water wrote 82 bytes to ecology
[dna] water wrote 73 bytes to ecology
[dna] water wrote 86 bytes to ecology
[dna] water wrote 67 bytes to ecology
[dna] water wrote 148 bytes to ecology
[dna] water wrote 60 bytes to ecology
[dna] water wrote 36 bytes to ecology
[dna] water wrote 56 bytes to ecology
[dna] water wrote 29 bytes to ecology
[dna] water wrote 70 bytes to ecology
[dna] water wrote 238 bytes to ecology
[dna] water wrote 41 bytes to ecology
[dna] water wrote 74 bytes to ecology
[dna] water wrote 52 bytes to ecology
[debug-onto] tick=250 corpus=151382 stage=2 freeze=0
[dna] water wrote 140 bytes to ecology
[dna] water wrote 18 bytes to ecology
[dna] water wrote 37 bytes to ecology
[dna] water wrote 77 bytes to ecology
[dna] water wrote 81 bytes to ecology
[dna] water wrote 145 bytes to ecology
[dna] water wrote 33 bytes to ecology
[dna] water wrote 55 bytes to ecology
[dna] water wrote 43 bytes to ecology
[dna] water wrote 82 bytes to ecology
[dna] water wrote 30 bytes to ecology
[dna] water wrote 194 bytes to ecology
[dna] water wrote 72 bytes to ecology
[dna] water wrote 39 bytes to ecology
[dna] water wrote 32 bytes to ecology
[dna] water wrote 46 bytes to ecology
[dna] water wrote 32 bytes to ecology
[dna] water wrote 51 bytes to ecology
[dna] water wrote 67 bytes to ecology
[dna] water wrote 37 bytes to ecology
[dna] water wrote 42 bytes to ecology
[dna] water wrote 48 bytes to ecology
[dna] water wrote 132 bytes to ecology
[dna] water wrote 21 bytes to ecology
[dna] water wrote 28 bytes to ecology
[dna] water wrote 91 bytes to ecology
[dna] water wrote 33 bytes to ecology
[dna] water wrote 47 bytes to ecology
[dna] water wrote 68 bytes to ecology
[dna] water wrote 77 bytes to ecology
[dna] water wrote 36 bytes to ecology
[dna] water wrote 56 bytes to ecology
[dna] water wrote 32 bytes to ecology
[debug-onto] tick=300 corpus=151382 stage=2 freeze=0
[dna] water wrote 61 bytes to ecology
[dna] water wrote 102 bytes to ecology
[dna] water wrote 36 bytes to ecology
[dna] water wrote 58 bytes to ecology
[dna] water wrote 68 bytes to ecology
[dna] water wrote 43 bytes to ecology
[dna] water wrote 71 bytes to ecology
[dna] water wrote 38 bytes to ecology
[dna] water wrote 108 bytes to ecology
[dna] water wrote 62 bytes to ecology
[dna] water wrote 28 bytes to ecology
[dna] water wrote 59 bytes to ecology
[dna] water wrote 69 bytes to ecology
[dna] water wrote 39 bytes to ecology
[dna] water wrote 133 bytes to ecology
[dna] water wrote 51 bytes to ecology
[dna] water wrote 79 bytes to ecology
[dna] water wrote 120 bytes to ecology
[dna] water wrote 77 bytes to ecology
[dna] water wrote 92 bytes to ecology
[dna] water wrote 90 bytes to ecology
[dna] water wrote 18 bytes to ecology
[dna] water wrote 146 bytes to ecology
[dna] water wrote 18 bytes to ecology
[dna] water wrote 26 bytes to ecology
[dna] water wrote 51 bytes to ecology
[dna] water wrote 65 bytes to ecology
[dna] water wrote 47 bytes to ecology
[dna] water wrote 35 bytes to ecology
[dna] water wrote 33 bytes to ecology
[dna] water wrote 34 bytes to ecology
[dna] water wrote 34 bytes to ecology
[dna] water wrote 27 bytes to ecology
[dna] water wrote 50 bytes to ecology
[debug-onto] tick=350 corpus=151382 stage=2 freeze=0
[dna] water wrote 29 bytes to ecology
[dna] water wrote 42 bytes to ecology
[dna] water wrote 95 bytes to ecology
[dna] water wrote 83 bytes to ecology
[dna] water wrote 244 bytes to ecology
[dna] water wrote 75 bytes to ecology
[dna] water wrote 155 bytes to ecology
[dna] water wrote 24 bytes to ecology
[dna] water wrote 27 bytes to ecology
[dna] water wrote 56 bytes to ecology
[dna] water wrote 42 bytes to ecology
[dna] water wrote 32 bytes to ecology
[dna] water wrote 130 bytes to ecology
[dna] water wrote 85 bytes to ecology
[dna] water wrote 72 bytes to ecology
[dna] water wrote 94 bytes to ecology
[dna] water wrote 17 bytes to ecology
[dna] water wrote 108 bytes to ecology
[dna] water wrote 156 bytes to ecology
[dna] water wrote 31 bytes to ecology
[dna] water wrote 147 bytes to ecology
[dna] water wrote 86 bytes to ecology
[dna] water wrote 33 bytes to ecology
[dna] water wrote 51 bytes to ecology
[dna] water wrote 71 bytes to ecology
[dna] water wrote 139 bytes to ecology
[dna] water wrote 98 bytes to ecology
[dna] water wrote 103 bytes to ecology
[dna] water wrote 52 bytes to ecology
[dna] water wrote 130 bytes to ecology
[dna] water wrote 92 bytes to ecology
[dna] water wrote 58 bytes to ecology
[dna] water wrote 31 bytes to ecology
[debug-onto] tick=400 corpus=151382 stage=2 freeze=0
[dna] water wrote 59 bytes to ecology
[dna] water wrote 47 bytes to ecology
[dna] water wrote 184 bytes to ecology
[dna] water wrote 30 bytes to ecology
[dna] water wrote 90 bytes to ecology
[dna] water wrote 86 bytes to ecology
[dna] water wrote 117 bytes to ecology
[dna] water wrote 70 bytes to ecology
[dna] water wrote 49 bytes to ecology
[dna] water wrote 121 bytes to ecology
[dna] water wrote 34 bytes to ecology
[dna] water wrote 31 bytes to ecology
[dna] water wrote 98 bytes to ecology
[dna] water wrote 29 bytes to ecology
[dna] water wrote 127 bytes to ecology
[dna] water wrote 194 bytes to ecology
[dna] water wrote 71 bytes to ecology
[dna] water wrote 41 bytes to ecology
[dna] water wrote 42 bytes to ecology
[dna] water wrote 93 bytes to ecology
[dna] water wrote 70 bytes to ecology
[dna] water wrote 62 bytes to ecology
[dna] water wrote 98 bytes to ecology
[dna] water wrote 86 bytes to ecology
[dna] water wrote 50 bytes to ecology
[dna] water wrote 92 bytes to ecology
[dna] water wrote 63 bytes to ecology
[dna] water wrote 40 bytes to ecology
[dna] water wrote 85 bytes to ecology
[dna] water wrote 120 bytes to ecology
[dna] water wrote 42 bytes to ecology
[dna] water wrote 166 bytes to ecology
[dna] water wrote 24 bytes to ecology
[debug-onto] tick=450 corpus=151382 stage=2 freeze=0
[dna] water wrote 36 bytes to ecology
[dna] water wrote 90 bytes to ecology
[dna] water wrote 31 bytes to ecology
[dna] water wrote 67 bytes to ecology
[dna] water wrote 34 bytes to ecology
[dna] water wrote 71 bytes to ecology
[dna] water wrote 32 bytes to ecology
[dna] water wrote 90 bytes to ecology
[dna] water wrote 62 bytes to ecology
[dna] water wrote 186 bytes to ecology
[dna] water wrote 26 bytes to ecology
[dna] water wrote 51 bytes to ecology
[dna] water wrote 69 bytes to ecology
[dna] water wrote 217 bytes to ecology
[dna] water wrote 52 bytes to ecology
[dna] water wrote 119 bytes to ecology
[dna] water wrote 103 bytes to ecology
[dna] water wrote 132 bytes to ecology
[dna] water wrote 69 bytes to ecology
[dna] water wrote 42 bytes to ecology
[dna] water wrote 84 bytes to ecology
[dna] water wrote 271 bytes to ecology
[dna] water wrote 31 bytes to ecology
[dna] water wrote 18 bytes to ecology
[dna] water wrote 43 bytes to ecology
[dna] water wrote 89 bytes to ecology
[dna] water wrote 26 bytes to ecology
[dna] water wrote 56 bytes to ecology
[dna] water wrote 33 bytes to ecology
[dna] water wrote 36 bytes to ecology
[dna] water wrote 44 bytes to ecology
[dna] water wrote 27 bytes to ecology
[dna] water wrote 28 bytes to ecology
[dna] water wrote 25 bytes to ecology
[debug-onto] tick=500 corpus=151382 stage=2 freeze=0
[dna] water wrote 52 bytes to ecology
[dna] water wrote 25 bytes to ecology
[dna] water wrote 162 bytes to ecology
[dna] water wrote 24 bytes to ecology
[dna] water wrote 54 bytes to ecology
[dna] water wrote 56 bytes to ecology
[dna] water wrote 89 bytes to ecology
[dna] water wrote 139 bytes to ecology
[dna] water wrote 35 bytes to ecology
[dna] water wrote 77 bytes to ecology
[dna] water wrote 50 bytes to ecology
[dna] water wrote 64 bytes to ecology
[dna] water wrote 37 bytes to ecology
[dna] water wrote 39 bytes to ecology
[dna] water wrote 131 bytes to ecology
[dna] water wrote 28 bytes to ecology
[dna] water wrote 29 bytes to ecology
[dna] water wrote 132 bytes to ecology
[dna] water wrote 41 bytes to ecology
[dna] water wrote 52 bytes to ecology
[dna] water wrote 54 bytes to ecology
[dna] water wrote 51 bytes to ecology
[dna] water wrote 95 bytes to ecology
[dna] water wrote 106 bytes to ecology
[dna] water wrote 83 bytes to ecology
[dna] water wrote 37 bytes to ecology
[dna] water wrote 126 bytes to ecology
[dna] water wrote 35 bytes to ecology
[dna] water wrote 57 bytes to ecology
[dna] water wrote 33 bytes to ecology
[dna] water wrote 32 bytes to ecology
[dna] water wrote 48 bytes to ecology
[dna] water wrote 121 bytes to ecology
[debug-onto] tick=550 corpus=151382 stage=2 freeze=0
[dna] water wrote 51 bytes to ecology
[dna] water wrote 98 bytes to ecology
[dna] water wrote 204 bytes to ecology
[dna] water wrote 111 bytes to ecology
[dna] water wrote 45 bytes to ecology
[dna] water wrote 45 bytes to ecology
[dna] water wrote 48 bytes to ecology
[dna] water wrote 106 bytes to ecology
[dna] water wrote 83 bytes to ecology
[dna] water wrote 79 bytes to ecology
[dna] water wrote 32 bytes to ecology
[dna] water wrote 61 bytes to ecology
[dna] water wrote 106 bytes to ecology
[dna] water wrote 34 bytes to ecology
[dna] water wrote 54 bytes to ecology
[dna] water wrote 42 bytes to ecology
[dna] water wrote 128 bytes to ecology
[dna] water wrote 70 bytes to ecology
[dna] water wrote 74 bytes to ecology
[dna] water wrote 117 bytes to ecology
[dna] water wrote 45 bytes to ecology
[dna] water wrote 34 bytes to ecology
[dna] water wrote 49 bytes to ecology
[dna] water wrote 93 bytes to ecology
[dna] water wrote 44 bytes to ecology
[dna] water wrote 47 bytes to ecology
[dna] water wrote 99 bytes to ecology
[dna] water wrote 94 bytes to ecology
[dna] water wrote 42 bytes to ecology
[dna] water wrote 56 bytes to ecology
[dna] water wrote 52 bytes to ecology
[dna] water wrote 96 bytes to ecology
[dna] water wrote 39 bytes to ecology
[debug-onto] tick=600 corpus=151382 stage=2 freeze=0
[dna] water wrote 51 bytes to ecology
[dna] water wrote 61 bytes to ecology
[dna] water wrote 73 bytes to ecology
[dna] water wrote 119 bytes to ecology
[dna] water wrote 60 bytes to ecology
[dna] water wrote 196 bytes to ecology
[dna] water wrote 47 bytes to ecology
[dna] water wrote 76 bytes to ecology
[dna] water wrote 90 bytes to ecology
[dna] water wrote 30 bytes to ecology

[evolution] Organism shutting down gracefully.
