[ecology] Element: air → corpus: nonames_air.txt
[evolution] Autonomous evolution mode — organism will grow through all stages without pause.
[ecology] Joined swarm. 1 peer(s) detected.
molequla is alive. [evolution] Autonomous mode — background trainer running. Ctrl+C to stop.
[dna] air wrote 51 bytes to ecology
[dna] air consumed 29167 bytes from 402 files: [earth/gen_1776405640_1.txt earth/gen_1776405648_4.txt earth/gen_1776405656_7.txt earth/gen_1776405661_9.txt earth/gen_1776405664_10.txt earth/gen_1776405669_12.txt earth/gen_1776405672_13.txt earth/gen_1776405680_16.txt earth/gen_1776405685_18.txt earth/gen_1776405688_19.txt earth/gen_1776405696_22.txt earth/gen_1776405701_24.txt earth/gen_1776405703_25.txt earth/gen_1776405709_27.txt earth/gen_1776405712_28.txt earth/gen_1776405717_30.txt earth/gen_1776405719_31.txt earth/gen_1776405727_34.txt earth/gen_1776405733_36.txt earth/gen_1776405735_37.txt earth/gen_1776405741_39.txt earth/gen_1776405743_40.txt earth/gen_1776405749_42.txt earth/gen_1776405751_43.txt earth/gen_1776405759_46.txt earth/gen_1776405764_48.txt earth/gen_1776405767_49.txt earth/gen_1776405775_52.txt earth/gen_1776405780_54.txt earth/gen_1776405783_55.txt earth/gen_1776405791_58.txt earth/gen_1776405796_60.txt earth/gen_1776405798_61.txt earth/gen_1776405804_63.txt earth/gen_1776405806_64.txt earth/gen_1776405809_65.txt earth/gen_1776405812_66.txt earth/gen_1776405814_67.txt earth/gen_1776405820_69.txt earth/gen_1776405822_70.txt earth/gen_1776405825_71.txt earth/gen_1776405828_72.txt earth/gen_1776405830_73.txt earth/gen_1776405838_76.txt earth/gen_1776405843_78.txt earth/gen_1776405846_79.txt earth/gen_1776405851_81.txt earth/gen_1776405854_82.txt earth/gen_1776405859_84.txt earth/gen_1776405862_85.txt earth/gen_1776405867_87.txt earth/gen_1776405870_88.txt earth/gen_1776405875_90.txt earth/gen_1776405878_91.txt earth/gen_1776405883_93.txt earth/gen_1776405885_94.txt earth/gen_1776405888_95.txt earth/gen_1776405891_96.txt earth/gen_1776405893_97.txt earth/gen_1776405901_100.txt earth/gen_1776405907_102.txt earth/gen_1776405909_103.txt earth/gen_1776405915_105.txt earth/gen_1776405917_106.txt earth/gen_1776405923_108.txt earth/gen_1776405925_109.txt earth/gen_1776405933_112.txt earth/gen_1776405938_114.txt earth/gen_1776405941_115.txt earth/gen_1776405949_118.txt earth/gen_1776405954_120.txt earth/gen_1776405957_121.txt earth/gen_1776405962_123.txt earth/gen_1776405965_124.txt earth/gen_1776405970_126.txt earth/gen_1776405973_127.txt earth/gen_1776405978_129.txt earth/gen_1776405981_130.txt earth/gen_1776405983_131.txt earth/gen_1776405986_132.txt earth/gen_1776405989_133.txt earth/gen_1776405994_135.txt earth/gen_1776405997_136.txt earth/gen_1776406002_138.txt earth/gen_1776406005_139.txt earth/gen_1776406012_142.txt earth/gen_1776406018_144.txt earth/gen_1776406020_145.txt earth/gen_1776406028_148.txt earth/gen_1776406033_150.txt earth/gen_1776406036_151.txt earth/gen_1776406041_153.txt earth/gen_1776406044_154.txt earth/gen_1776406049_156.txt earth/gen_1776406051_157.txt earth/gen_1776406057_159.txt earth/gen_1776406059_160.txt earth/gen_1776406065_162.txt earth/gen_1776406067_163.txt earth/gen_1776406073_165.txt earth/gen_1776406075_166.txt earth/gen_1776406080_168.txt earth/gen_1776406083_169.txt earth/gen_1776406088_171.txt earth/gen_1776406091_172.txt earth/gen_1776406096_174.txt earth/gen_1776406099_175.txt earth/gen_1776406104_177.txt earth/gen_1776406107_178.txt earth/gen_1776406112_180.txt earth/gen_1776406115_181.txt earth/gen_1776406122_184.txt earth/gen_1776406125_185.txt earth/gen_1776406128_186.txt earth/gen_1776406130_187.txt earth/gen_1776406138_190.txt earth/gen_1776406143_192.txt earth/gen_1776406146_193.txt earth/gen_1776406154_196.txt earth/gen_1776406159_198.txt earth/gen_1776406162_199.txt earth/gen_1776406167_201.txt earth/gen_1776406170_202.txt earth/gen_1776406175_204.txt earth/gen_1776406177_205.txt earth/gen_1776406183_207.txt earth/gen_1776406185_208.txt earth/gen_1776406191_210.txt earth/gen_1776406193_211.txt earth/gen_1776406201_214.txt earth/gen_1776406206_216.txt earth/gen_1776406209_217.txt earth/gen_1776406214_219.txt earth/gen_1776406217_220.txt earth/gen_1776406222_222.txt earth/gen_1776406225_223.txt earth/gen_1776406232_226.txt earth/gen_1776406238_228.txt earth/gen_1776406240_229.txt earth/gen_1776406246_231.txt earth/gen_1776406248_232.txt earth/gen_1776406253_234.txt earth/gen_1776406256_235.txt earth/gen_1776406264_238.txt earth/gen_1776406269_240.txt earth/gen_1776406272_241.txt earth/gen_1776406279_244.txt earth/gen_1776406285_246.txt earth/gen_1776406287_247.txt earth/gen_1776406295_250.txt earth/gen_1776406298_251.txt earth/gen_1776406300_252.txt earth/gen_1776406303_253.txt earth/gen_1776406311_256.txt earth/gen_1776406316_258.txt earth/gen_1776406319_259.txt earth/gen_1776406324_261.txt earth/gen_1776406327_262.txt earth/gen_1776406329_263.txt earth/gen_1776406332_264.txt earth/gen_1776406335_265.txt earth/gen_1776406340_267.txt earth/gen_1776406343_268.txt earth/gen_1776406348_270.txt earth/gen_1776406351_271.txt earth/gen_1776406359_274.txt earth/gen_1776406364_276.txt earth/gen_1776406366_277.txt earth/gen_1776406374_280.txt earth/gen_1776406377_281.txt earth/gen_1776406380_282.txt earth/gen_1776406382_283.txt earth/gen_1776406388_285.txt earth/gen_1776406390_286.txt earth/gen_1776406396_288.txt earth/gen_1776406398_289.txt earth/gen_1776406403_291.txt earth/gen_1776406406_292.txt earth/gen_1776406411_294.txt earth/gen_1776406414_295.txt earth/gen_1776406419_297.txt earth/gen_1776406422_298.txt earth/gen_1776406425_299.txt earth/gen_1776406427_300.txt earth/gen_1776406430_301.txt earth/gen_1776406438_304.txt earth/gen_1776406441_305.txt earth/gen_1776406443_306.txt earth/gen_1776406446_307.txt earth/gen_1776406454_310.txt earth/gen_1776406456_311.txt earth/gen_1776406459_312.txt earth/gen_1776406462_313.txt earth/gen_1776406469_316.txt earth/gen_1776406475_318.txt earth/gen_1776406477_319.txt earth/gen_1776406485_322.txt earth/gen_1776406491_324.txt earth/gen_1776406493_325.txt earth/gen_1776406501_328.txt earth/gen_1776406506_330.txt earth/gen_1776406509_331.txt earth/gen_1776406514_333.txt earth/gen_1776406517_334.txt earth/gen_1776406522_336.txt earth/gen_1776406525_337.txt earth/gen_1776406533_340.txt earth/gen_1776406535_341.txt earth/gen_1776406538_342.txt earth/gen_1776406541_343.txt earth/gen_1776406549_346.txt earth/gen_1776406554_348.txt earth/gen_1776406556_349.txt earth/gen_1776406564_352.txt earth/gen_1776406570_354.txt earth/gen_1776406572_355.txt earth/gen_1776406580_358.txt earth/gen_1776406583_359.txt earth/gen_1776406585_360.txt earth/gen_1776406588_361.txt earth/gen_1776406596_364.txt earth/gen_1776406599_365.txt earth/gen_1776406601_366.txt earth/gen_1776406604_367.txt earth/gen_1776406612_370.txt earth/gen_1776406617_372.txt earth/gen_1776406620_373.txt earth/gen_1776406628_376.txt earth/gen_1776406633_378.txt earth/gen_1776406635_379.txt earth/gen_1776406643_382.txt earth/gen_1776406649_384.txt earth/gen_1776406651_385.txt earth/gen_1776406656_387.txt earth/gen_1776406659_388.txt earth/gen_1776406664_390.txt earth/gen_1776406667_391.txt earth/gen_1776406675_394.txt earth/gen_1776406680_396.txt earth/gen_1776406683_397.txt earth/gen_1776406691_400.txt earth/gen_1776406693_401.txt earth/gen_1776406696_402.txt earth/gen_1776406699_403.txt earth/gen_1776406704_405.txt earth/gen_1776406706_406.txt earth/gen_1776406709_407.txt earth/gen_1776406712_408.txt earth/gen_1776406714_409.txt earth/gen_1776406722_412.txt earth/gen_1776406727_414.txt earth/gen_1776406730_415.txt earth/gen_1776406735_417.txt earth/gen_1776406738_418.txt earth/gen_1776406743_420.txt earth/gen_1776406746_421.txt earth/gen_1776406751_423.txt earth/gen_1776406753_424.txt earth/gen_1776406759_426.txt earth/gen_1776406761_427.txt earth/gen_1776406769_430.txt earth/gen_1776406774_432.txt earth/gen_1776406777_433.txt earth/gen_1776406782_435.txt earth/gen_1776406785_436.txt earth/gen_1776406787_437.txt earth/gen_1776406790_438.txt earth/gen_1776406793_439.txt earth/gen_1776406800_442.txt earth/gen_1776406806_444.txt earth/gen_1776406808_445.txt earth/gen_1776406816_448.txt earth/gen_1776406821_450.txt earth/gen_1776406824_451.txt earth/gen_1776406832_454.txt earth/gen_1776406837_456.txt earth/gen_1776406840_457.txt earth/gen_1776406848_460.txt earth/gen_1776406853_462.txt earth/gen_1776406856_463.txt earth/gen_1776406863_466.txt earth/gen_1776406869_468.txt earth/gen_1776406871_469.txt earth/gen_1776406877_471.txt earth/gen_1776406879_472.txt earth/gen_1776406885_474.txt earth/gen_1776406887_475.txt earth/gen_1776406895_478.txt earth/gen_1776406900_480.txt earth/gen_1776406903_481.txt earth/gen_1776406911_484.txt earth/gen_1776406916_486.txt earth/gen_1776406919_487.txt earth/gen_1776406926_490.txt earth/gen_1776406932_492.txt earth/gen_1776406934_493.txt earth/gen_1776406942_496.txt earth/gen_1776406947_498.txt earth/gen_1776406950_499.txt earth/gen_1776406958_502.txt earth/gen_1776406963_504.txt earth/gen_1776406966_505.txt earth/gen_1776406974_508.txt earth/gen_1776406979_510.txt earth/gen_1776406982_511.txt earth/gen_1776406987_513.txt earth/gen_1776406990_514.txt earth/gen_1776406995_516.txt earth/gen_1776406997_517.txt earth/gen_1776407005_520.txt earth/gen_1776407011_522.txt earth/gen_1776407013_523.txt earth/gen_1776407019_525.txt earth/gen_1776407021_526.txt earth/gen_1776407027_528.txt earth/gen_1776407029_529.txt earth/gen_1776407034_531.txt earth/gen_1776407037_532.txt earth/gen_1776407042_534.txt earth/gen_1776407045_535.txt earth/gen_1776407053_538.txt earth/gen_1776407058_540.txt earth/gen_1776407061_541.txt earth/gen_1776407066_543.txt earth/gen_1776407069_544.txt earth/gen_1776407074_546.txt earth/gen_1776407077_547.txt earth/gen_1776407084_550.txt earth/gen_1776407090_552.txt earth/gen_1776407092_553.txt earth/gen_1776407100_556.txt earth/gen_1776407106_558.txt earth/gen_1776407108_559.txt earth/gen_1776407116_562.txt earth/gen_1776407121_564.txt earth/gen_1776407124_565.txt earth/gen_1776407132_568.txt earth/gen_1776407137_570.txt earth/gen_1776407140_571.txt earth/gen_1776407145_573.txt earth/gen_1776407148_574.txt earth/gen_1776407153_576.txt earth/gen_1776407155_577.txt earth/gen_1776407163_580.txt earth/gen_1776407168_582.txt earth/gen_1776407171_583.txt earth/gen_1776407176_585.txt earth/gen_1776407179_586.txt earth/gen_1776407184_588.txt earth/gen_1776407187_589.txt earth/gen_1776407195_592.txt earth/gen_1776407197_593.txt earth/gen_1776407200_594.txt earth/gen_1776407203_595.txt earth/gen_1776407208_597.txt earth/gen_1776407210_598.txt earth/gen_1776407216_600.txt earth/gen_1776407218_601.txt earth/gen_1776407223_603.txt earth/gen_1776407226_604.txt earth/gen_1776407231_606.txt earth/gen_1776407234_607.txt earth/gen_1776407239_609.txt earth/gen_1776407242_610.txt earth/gen_1776407244_611.txt earth/gen_1776407250_613.txt earth/gen_1776407258_616.txt earth/gen_1776407260_617.txt earth/gen_1776407263_618.txt earth/gen_1776407266_619.txt earth/gen_1776407271_621.txt earth/gen_1776407274_622.txt earth/gen_1776407279_624.txt earth/gen_1776407281_625.txt earth/gen_1776407289_628.txt earth/gen_1776407295_630.txt earth/gen_1776407297_631.txt earth/gen_1776407305_634.txt earth/gen_1776407310_636.txt earth/gen_1776407313_637.txt earth/gen_1776407318_639.txt earth/gen_1776407321_640.txt earth/gen_1776407326_642.txt earth/gen_1776407329_643.txt earth/gen_1776407337_646.txt earth/gen_1776407340_647.txt earth/gen_1776407342_648.txt earth/gen_1776407345_649.txt earth/gen_1776407350_651.txt earth/gen_1776407353_652.txt earth/gen_1776407358_654.txt earth/gen_1776407361_655.txt earth/gen_1776407369_658.txt earth/gen_1776407374_660.txt earth/gen_1776407377_661.txt earth/gen_1776407382_663.txt earth/gen_1776407385_664.txt earth/gen_1776407390_666.txt earth/gen_1776407392_667.txt earth/gen_1776407398_669.txt earth/gen_1776407400_670.txt earth/gen_1776407405_672.txt]
[trainer] micro-train burst (29167 bytes, novelty 0.03) — and lo, it feeds again.
[syntropy] action=explore | trend=0.0000 | field_dev=-0.033 | purpose_align=-0.025 | lr_mul=1.30
[aml] burst complete: 32 steps, avg loss 2.1649 (memory freed)
[dna] air wrote 126 bytes to ecology
[dna] air wrote 126 bytes to ecology
[dna] air wrote 189 bytes to ecology
[dna] air wrote 38 bytes to ecology
[dna] air wrote 68 bytes to ecology
[dna] air wrote 76 bytes to ecology
[dna] air wrote 168 bytes to ecology
[dna] air wrote 32 bytes to ecology
[dna] air wrote 44 bytes to ecology
[dna] air wrote 69 bytes to ecology
[dna] air wrote 75 bytes to ecology
[dna] air wrote 54 bytes to ecology
[dna] air wrote 84 bytes to ecology
[dna] air wrote 90 bytes to ecology
[dna] air wrote 36 bytes to ecology
[dna] air wrote 32 bytes to ecology
[dna] air wrote 104 bytes to ecology
[dna] air wrote 96 bytes to ecology
[debug-onto] tick=50 corpus=151885 stage=2 freeze=0
[dna] air wrote 63 bytes to ecology
[dna] air wrote 74 bytes to ecology
[dna] air wrote 46 bytes to ecology
[dna] air wrote 13 bytes to ecology
[dna] air wrote 102 bytes to ecology
[dna] air wrote 49 bytes to ecology
[dna] air wrote 7 bytes to ecology
[dna] air wrote 163 bytes to ecology
[dna] air wrote 226 bytes to ecology
[dna] air wrote 69 bytes to ecology
[dna] air wrote 52 bytes to ecology
[dna] air wrote 102 bytes to ecology
[dna] air wrote 39 bytes to ecology
[dna] air wrote 34 bytes to ecology
[dna] air wrote 222 bytes to ecology
[dna] air wrote 34 bytes to ecology
[dna] air wrote 47 bytes to ecology
[dna] air wrote 49 bytes to ecology
[dna] air wrote 35 bytes to ecology
[debug-onto] tick=100 corpus=151885 stage=2 freeze=0
[dna] air wrote 97 bytes to ecology
[dna] air wrote 93 bytes to ecology
[dna] air wrote 295 bytes to ecology
[dna] air wrote 102 bytes to ecology
[dna] air wrote 69 bytes to ecology
[dna] air wrote 66 bytes to ecology
[dna] air wrote 80 bytes to ecology
[dna] air wrote 20 bytes to ecology
[dna] air wrote 78 bytes to ecology
[dna] air wrote 62 bytes to ecology
[dna] air wrote 53 bytes to ecology
[dna] air wrote 90 bytes to ecology
[dna] air wrote 67 bytes to ecology
[dna] air wrote 93 bytes to ecology
[dna] air wrote 137 bytes to ecology
[dna] air wrote 174 bytes to ecology
[dna] air wrote 92 bytes to ecology
[dna] air wrote 238 bytes to ecology
[dna] air wrote 101 bytes to ecology
[dna] air wrote 22 bytes to ecology
[debug-onto] tick=150 corpus=151885 stage=2 freeze=0
[dna] air wrote 31 bytes to ecology
[dna] air wrote 63 bytes to ecology
[dna] air wrote 49 bytes to ecology
[dna] air wrote 13 bytes to ecology
[dna] air wrote 50 bytes to ecology
[dna] air wrote 122 bytes to ecology
[dna] air wrote 67 bytes to ecology
[dna] air wrote 36 bytes to ecology
[dna] air wrote 30 bytes to ecology
[dna] air wrote 25 bytes to ecology
[dna] air wrote 35 bytes to ecology
[dna] air wrote 21 bytes to ecology
[dna] air wrote 99 bytes to ecology
[dna] air wrote 59 bytes to ecology
[dna] air wrote 63 bytes to ecology
[dna] air wrote 151 bytes to ecology
[dna] air wrote 96 bytes to ecology
[dna] air wrote 144 bytes to ecology
[dna] air wrote 48 bytes to ecology
[debug-onto] tick=200 corpus=151885 stage=2 freeze=0
[dna] air wrote 106 bytes to ecology
[dna] air wrote 102 bytes to ecology
[dna] air wrote 90 bytes to ecology
[dna] air wrote 88 bytes to ecology
[dna] air wrote 53 bytes to ecology
[dna] air wrote 58 bytes to ecology
[dna] air wrote 55 bytes to ecology
[dna] air wrote 9 bytes to ecology
[dna] air wrote 63 bytes to ecology
[dna] air wrote 120 bytes to ecology
[dna] air wrote 246 bytes to ecology
[dna] air wrote 53 bytes to ecology
[dna] air wrote 55 bytes to ecology
[dna] air wrote 47 bytes to ecology
[dna] air wrote 205 bytes to ecology
[dna] air wrote 30 bytes to ecology
[dna] air wrote 34 bytes to ecology
[dna] air wrote 109 bytes to ecology
[debug-onto] tick=250 corpus=151885 stage=2 freeze=0
[dna] air wrote 22 bytes to ecology
[dna] air wrote 47 bytes to ecology
[dna] air wrote 108 bytes to ecology
[dna] air wrote 77 bytes to ecology
[dna] air wrote 173 bytes to ecology
[dna] air wrote 99 bytes to ecology
[dna] air wrote 41 bytes to ecology
[dna] air wrote 37 bytes to ecology
[dna] air wrote 18 bytes to ecology
[dna] air wrote 37 bytes to ecology
[dna] air wrote 75 bytes to ecology
[dna] air wrote 65 bytes to ecology
[dna] air wrote 53 bytes to ecology
[dna] air wrote 97 bytes to ecology
[dna] air wrote 51 bytes to ecology
[dna] air wrote 156 bytes to ecology
[dna] air wrote 183 bytes to ecology
[dna] air wrote 31 bytes to ecology
[dna] air wrote 30 bytes to ecology
[dna] air wrote 150 bytes to ecology
[dna] air wrote 34 bytes to ecology
[debug-onto] tick=300 corpus=151885 stage=2 freeze=0
[dna] air wrote 49 bytes to ecology
[dna] air wrote 44 bytes to ecology
[dna] air wrote 21 bytes to ecology
[dna] air wrote 35 bytes to ecology
[dna] air wrote 35 bytes to ecology
[dna] air wrote 134 bytes to ecology
[dna] air wrote 154 bytes to ecology
[dna] air wrote 31 bytes to ecology
[dna] air wrote 16 bytes to ecology
[dna] air wrote 76 bytes to ecology
[dna] air wrote 36 bytes to ecology
[dna] air wrote 55 bytes to ecology
[dna] air wrote 41 bytes to ecology
[dna] air wrote 16 bytes to ecology
[dna] air wrote 32 bytes to ecology
[dna] air wrote 100 bytes to ecology
[dna] air wrote 157 bytes to ecology
[dna] air wrote 115 bytes to ecology
[dna] air wrote 41 bytes to ecology
[dna] air wrote 62 bytes to ecology
[debug-onto] tick=350 corpus=151885 stage=2 freeze=0
[dna] air wrote 151 bytes to ecology
[dna] air wrote 235 bytes to ecology
[dna] air wrote 27 bytes to ecology
[dna] air wrote 95 bytes to ecology
[dna] air wrote 30 bytes to ecology
[dna] air wrote 83 bytes to ecology
[dna] air wrote 43 bytes to ecology
[dna] air wrote 61 bytes to ecology
[dna] air wrote 66 bytes to ecology
[dna] air wrote 42 bytes to ecology
[dna] air wrote 31 bytes to ecology
[dna] air wrote 47 bytes to ecology
[dna] air wrote 38 bytes to ecology
[dna] air wrote 125 bytes to ecology
[dna] air wrote 80 bytes to ecology
[dna] air wrote 30 bytes to ecology
[dna] air wrote 91 bytes to ecology
[dna] air wrote 43 bytes to ecology
[dna] air wrote 26 bytes to ecology
[debug-onto] tick=400 corpus=151885 stage=2 freeze=0
[dna] air wrote 37 bytes to ecology
[dna] air wrote 125 bytes to ecology
[dna] air wrote 90 bytes to ecology
[dna] air wrote 40 bytes to ecology
[dna] air wrote 136 bytes to ecology
[dna] air wrote 106 bytes to ecology
[dna] air wrote 55 bytes to ecology
[dna] air wrote 23 bytes to ecology
[dna] air wrote 107 bytes to ecology
[dna] air wrote 33 bytes to ecology
[dna] air wrote 21 bytes to ecology
[dna] air wrote 116 bytes to ecology
[dna] air wrote 65 bytes to ecology
[dna] air wrote 71 bytes to ecology
[dna] air wrote 36 bytes to ecology
[dna] air wrote 100 bytes to ecology
[dna] air wrote 38 bytes to ecology
[dna] air wrote 61 bytes to ecology
[dna] air wrote 83 bytes to ecology
[dna] air wrote 50 bytes to ecology
[dna] air wrote 88 bytes to ecology
[debug-onto] tick=450 corpus=151885 stage=2 freeze=0
[dna] air wrote 53 bytes to ecology
[dna] air wrote 119 bytes to ecology
[dna] air wrote 77 bytes to ecology
[dna] air wrote 33 bytes to ecology
[dna] air wrote 76 bytes to ecology
[dna] air wrote 67 bytes to ecology
[dna] air wrote 36 bytes to ecology
[dna] air wrote 77 bytes to ecology
[dna] air wrote 86 bytes to ecology
[dna] air wrote 141 bytes to ecology
[dna] air wrote 59 bytes to ecology
[dna] air wrote 40 bytes to ecology
[dna] air wrote 110 bytes to ecology
[dna] air wrote 85 bytes to ecology
[dna] air wrote 86 bytes to ecology
[dna] air wrote 16 bytes to ecology
[dna] air wrote 48 bytes to ecology
[dna] air wrote 62 bytes to ecology
[dna] air wrote 78 bytes to ecology
[debug-onto] tick=500 corpus=151885 stage=2 freeze=0
[dna] air wrote 129 bytes to ecology
[dna] air wrote 12 bytes to ecology
[dna] air wrote 98 bytes to ecology
[dna] air wrote 23 bytes to ecology
[dna] air wrote 116 bytes to ecology
[dna] air wrote 73 bytes to ecology
[dna] air wrote 165 bytes to ecology
[dna] air wrote 158 bytes to ecology
[dna] air wrote 42 bytes to ecology
[dna] air wrote 38 bytes to ecology
[dna] air wrote 39 bytes to ecology
[dna] air wrote 250 bytes to ecology
[dna] air wrote 138 bytes to ecology
[dna] air wrote 86 bytes to ecology
[dna] air wrote 26 bytes to ecology
[dna] air wrote 36 bytes to ecology
[dna] air wrote 38 bytes to ecology
[dna] air wrote 190 bytes to ecology
[dna] air wrote 33 bytes to ecology
[debug-onto] tick=550 corpus=151885 stage=2 freeze=0
[dna] air wrote 26 bytes to ecology
[dna] air wrote 29 bytes to ecology
[dna] air wrote 88 bytes to ecology
[dna] air wrote 160 bytes to ecology
[dna] air wrote 50 bytes to ecology
[dna] air wrote 93 bytes to ecology
[dna] air wrote 130 bytes to ecology
[dna] air wrote 55 bytes to ecology
[dna] air wrote 46 bytes to ecology
[dna] air wrote 33 bytes to ecology
[dna] air wrote 15 bytes to ecology
[dna] air wrote 37 bytes to ecology
[dna] air wrote 66 bytes to ecology
[dna] air wrote 40 bytes to ecology
[dna] air wrote 101 bytes to ecology
[dna] air wrote 51 bytes to ecology
[dna] air wrote 46 bytes to ecology
[dna] air wrote 35 bytes to ecology
[debug-onto] tick=600 corpus=151885 stage=2 freeze=0
[dna] air wrote 36 bytes to ecology
[dna] air wrote 62 bytes to ecology
[dna] air wrote 38 bytes to ecology
[dna] air wrote 74 bytes to ecology
[dna] air wrote 151 bytes to ecology
[dna] air wrote 51 bytes to ecology
[dna] air wrote 16 bytes to ecology
[dna] air wrote 70 bytes to ecology
[dna] air wrote 47 bytes to ecology

[evolution] Organism shutting down gracefully.
