[ecology] Element: earth → corpus: nonames_earth.txt
[evolution] Autonomous evolution mode — organism will grow through all stages without pause.
[init] Stage 0 (embryo): embd=16, layer=1, head=1 — warmup 400 steps (400 backprop + 0 notorch, sqrt-scaled 1x)
  [aml] step 0/160 | loss 6.7582 (avg 6.7582) | lr 0.001000 | seq 8
  [aml] step 10/160 | loss 6.2038 (avg 6.4624) | lr 0.001450 | seq 8
  [aml] step 20/160 | loss 6.2018 (avg 6.3044) | lr 0.001900 | seq 8
  [aml] step 30/160 | loss 5.7681 (avg 6.1933) | lr 0.002350 | seq 8
  [aml] step 40/160 | loss 5.4076 (avg 6.0745) | lr 0.002800 | seq 8
  [aml] step 50/160 | loss 4.6571 (avg 5.9233) | lr 0.003250 | seq 8
  [aml] step 60/160 | loss 4.8815 (avg 5.7624) | lr 0.003700 | seq 8
  [aml] step 70/160 | loss 5.3653 (avg 5.6465) | lr 0.004150 | seq 8
  [aml] step 80/160 | loss 2.9945 (avg 5.5374) | lr 0.004600 | seq 8
  [aml] step 90/160 | loss 4.1348 (avg 5.3896) | lr 0.005050 | seq 8
  [aml] step 100/160 | loss 5.0492 (avg 5.3001) | lr 0.005500 | seq 8
  [aml] step 110/160 | loss 5.3393 (avg 5.1720) | lr 0.005950 | seq 8
  [aml] step 120/160 | loss 3.9954 (avg 5.0978) | lr 0.006400 | seq 8
  [aml] step 130/160 | loss 5.8446 (avg 5.0524) | lr 0.006850 | seq 8
  [aml] step 140/160 | loss 3.0477 (avg 5.0160) | lr 0.007300 | seq 8
  [aml] step 150/160 | loss 2.7875 (avg 4.9697) | lr 0.007750 | seq 8
[aml] training complete: 160 steps, avg loss 4.9294 (memory freed)
  [aml] step 0/120 | loss 4.8835 (avg 4.8835) | lr 0.008200 | seq 16
  [aml] step 10/120 | loss 4.3243 (avg 4.5386) | lr 0.008650 | seq 16
  [aml] step 20/120 | loss 3.4395 (avg 4.5017) | lr 0.009100 | seq 16
  [aml] step 30/120 | loss 3.4477 (avg 4.2978) | lr 0.009550 | seq 16
  [aml] step 40/120 | loss 3.2381 (avg 4.3329) | lr 0.010000 | seq 16
  [aml] step 50/120 | loss 3.0890 (avg 4.3134) | lr 0.010000 | seq 16
  [aml] step 60/120 | loss 4.2346 (avg 4.3114) | lr 0.010000 | seq 16
  [aml] step 70/120 | loss 4.5877 (avg 4.2424) | lr 0.010000 | seq 16
  [aml] step 80/120 | loss 5.0296 (avg 4.1952) | lr 0.009999 | seq 16
  [aml] step 90/120 | loss 4.7933 (avg 4.0999) | lr 0.009999 | seq 16
  [aml] step 100/120 | loss 3.7945 (avg 4.0360) | lr 0.009999 | seq 16
  [aml] step 110/120 | loss 5.2793 (avg 3.9585) | lr 0.009999 | seq 16
[aml] training complete: 120 steps, avg loss 3.9665 (memory freed)
  [aml] step 0/120 | loss 3.2290 (avg 3.2290) | lr 0.009999 | seq 32
  [aml] step 10/120 | loss 5.3193 (avg 4.1530) | lr 0.009999 | seq 32
  [aml] step 20/120 | loss 4.4801 (avg 4.0196) | lr 0.009999 | seq 32
  [aml] step 30/120 | loss 4.1909 (avg 3.7054) | lr 0.009999 | seq 32
  [aml] step 40/120 | loss 3.8966 (avg 3.6319) | lr 0.009999 | seq 32
  [aml] step 50/120 | loss 4.0592 (avg 3.5701) | lr 0.009999 | seq 32
  [aml] step 60/120 | loss 2.8628 (avg 3.4962) | lr 0.009999 | seq 32
  [aml] step 70/120 | loss 1.3857 (avg 3.4617) | lr 0.009999 | seq 32
  [aml] step 80/120 | loss 4.5903 (avg 3.4476) | lr 0.009999 | seq 32
  [aml] step 90/120 | loss 1.5806 (avg 3.3934) | lr 0.009999 | seq 32
  [aml] step 100/120 | loss 0.9190 (avg 3.3987) | lr 0.009999 | seq 32
  [aml] step 110/120 | loss 0.9979 (avg 3.2687) | lr 0.009999 | seq 32
[aml] training complete: 120 steps, avg loss 3.1658 (memory freed)

[stage 0 — embryo] What it sounds like now:
  Q: Hello.
  A: :::::::::
  Q: Who are you?
  A: ...
  Q: What do you know?
  A: ing on common sedimentary to roots twice as the lesson of sediment and the to flowing mountain?

[growth] ONTOGENESIS: stage 0 -> 1
  embd: 16 -> 32, layer: 1 -> 1, head: 1 -> 2
[growth] Done. Freeze for 500 steps.
[init] Stage 1 (infant): embd=32, layer=1, head=2 — warmup 800 steps (800 backprop + 0 notorch, sqrt-scaled 2x)
  [aml] step 0/320 | loss 4.8476 (avg 4.8476) | lr 0.000500 | seq 8
  [aml] step 10/320 | loss 1.3555 (avg 4.2821) | lr 0.000725 | seq 8
  [aml] step 20/320 | loss 2.1719 (avg 4.0158) | lr 0.000950 | seq 8
  [aml] step 30/320 | loss 4.6196 (avg 4.4846) | lr 0.001175 | seq 8
  [aml] step 40/320 | loss 4.8286 (avg 4.3713) | lr 0.001400 | seq 8
  [aml] step 50/320 | loss 5.4311 (avg 4.4052) | lr 0.001625 | seq 8
  [aml] step 60/320 | loss 0.8961 (avg 4.3947) | lr 0.001850 | seq 8
  [aml] step 70/320 | loss 4.9230 (avg 4.4321) | lr 0.002075 | seq 8
  [aml] step 80/320 | loss 9.1008 (avg 4.4883) | lr 0.002300 | seq 8
  [aml] step 90/320 | loss 4.3762 (avg 4.3823) | lr 0.002525 | seq 8
  [aml] step 100/320 | loss 5.9451 (avg 4.3487) | lr 0.002750 | seq 8
  [aml] step 110/320 | loss 3.7797 (avg 4.2991) | lr 0.002975 | seq 8
  [aml] step 120/320 | loss 4.9088 (avg 4.2771) | lr 0.003200 | seq 8
  [aml] step 130/320 | loss 3.0132 (avg 4.2620) | lr 0.003425 | seq 8
  [aml] step 140/320 | loss 3.7791 (avg 4.2656) | lr 0.003650 | seq 8
  [aml] step 150/320 | loss 4.1305 (avg 4.2276) | lr 0.003875 | seq 8
  [aml] step 160/320 | loss 1.3752 (avg 4.1879) | lr 0.004100 | seq 8
  [aml] step 170/320 | loss 0.9686 (avg 4.1435) | lr 0.004325 | seq 8
  [aml] step 180/320 | loss 1.2602 (avg 4.0899) | lr 0.004550 | seq 8
  [aml] step 190/320 | loss 4.8204 (avg 4.0563) | lr 0.004775 | seq 8
  [aml] step 200/320 | loss 3.0566 (avg 4.0660) | lr 0.004998 | seq 8
  [aml] step 210/320 | loss 4.1529 (avg 4.0608) | lr 0.004998 | seq 8
  [aml] step 220/320 | loss 4.6439 (avg 4.0244) | lr 0.004998 | seq 8
  [aml] step 230/320 | loss 4.6264 (avg 4.0339) | lr 0.004998 | seq 8
  [aml] step 240/320 | loss 4.5888 (avg 4.0128) | lr 0.004998 | seq 8
  [aml] step 250/320 | loss 1.3892 (avg 3.9734) | lr 0.004998 | seq 8
  [aml] step 260/320 | loss 3.3924 (avg 3.9211) | lr 0.004998 | seq 8
  [aml] step 270/320 | loss 5.1456 (avg 3.9185) | lr 0.004998 | seq 8
  [aml] step 280/320 | loss 4.1850 (avg 3.8991) | lr 0.004998 | seq 8
  [aml] step 290/320 | loss 4.1679 (avg 3.8917) | lr 0.004998 | seq 8
  [aml] step 300/320 | loss 3.4580 (avg 3.8838) | lr 0.004998 | seq 8
  [aml] step 310/320 | loss 5.3961 (avg 3.8830) | lr 0.004998 | seq 8
[aml] training complete: 320 steps, avg loss 3.8687 (memory freed)
  [aml] step 0/240 | loss 4.4305 (avg 4.4305) | lr 0.004998 | seq 16
  [aml] step 10/240 | loss 3.6444 (avg 3.9111) | lr 0.004998 | seq 16
  [aml] step 20/240 | loss 4.2180 (avg 3.8289) | lr 0.004998 | seq 16
  [aml] step 30/240 | loss 5.2351 (avg 3.5675) | lr 0.004998 | seq 16
  [aml] step 40/240 | loss 2.0676 (avg 3.5183) | lr 0.004997 | seq 16
  [aml] step 50/240 | loss 1.9247 (avg 3.4615) | lr 0.004997 | seq 16
  [aml] step 60/240 | loss 4.8627 (avg 3.3782) | lr 0.004997 | seq 16
  [aml] step 70/240 | loss 5.7113 (avg 3.3758) | lr 0.004997 | seq 16
  [aml] step 80/240 | loss 2.5291 (avg 3.3568) | lr 0.004997 | seq 16
  [aml] step 90/240 | loss 2.5098 (avg 3.3454) | lr 0.004997 | seq 16
  [aml] step 100/240 | loss 1.3450 (avg 3.3013) | lr 0.004997 | seq 16
  [aml] step 110/240 | loss 4.6118 (avg 3.2540) | lr 0.004997 | seq 16
  [aml] step 120/240 | loss 0.9638 (avg 3.2340) | lr 0.004997 | seq 16
  [aml] step 130/240 | loss 3.9876 (avg 3.1919) | lr 0.004997 | seq 16
  [aml] step 140/240 | loss 4.1841 (avg 3.2357) | lr 0.004997 | seq 16
  [aml] step 150/240 | loss 2.3294 (avg 3.2091) | lr 0.004997 | seq 16
  [aml] step 160/240 | loss 4.5652 (avg 3.2186) | lr 0.004997 | seq 16
  [aml] step 170/240 | loss 4.9568 (avg 3.2442) | lr 0.004996 | seq 16
  [aml] step 180/240 | loss 3.5943 (avg 3.2527) | lr 0.004996 | seq 16
  [aml] step 190/240 | loss 4.8405 (avg 3.2537) | lr 0.004996 | seq 16
  [aml] step 200/240 | loss 2.1639 (avg 3.2565) | lr 0.004996 | seq 16
  [aml] step 210/240 | loss 3.5583 (avg 3.2720) | lr 0.004996 | seq 16
  [aml] step 220/240 | loss 3.3966 (avg 3.2856) | lr 0.004996 | seq 16
  [aml] step 230/240 | loss 3.6716 (avg 3.3115) | lr 0.004996 | seq 16
[aml] training complete: 240 steps, avg loss 3.2844 (memory freed)
  [aml] step 0/240 | loss 1.4853 (avg 1.4853) | lr 0.004996 | seq 32
  [aml] step 10/240 | loss 1.4605 (avg 2.1475) | lr 0.004996 | seq 32
  [aml] step 20/240 | loss 1.3965 (avg 2.8419) | lr 0.004996 | seq 32
  [aml] step 30/240 | loss 4.4212 (avg 3.1269) | lr 0.004996 | seq 32
  [aml] step 40/240 | loss 0.7285 (avg 3.1043) | lr 0.004996 | seq 32
  [aml] step 50/240 | loss 4.6755 (avg 3.1788) | lr 0.004995 | seq 32
  [aml] step 60/240 | loss 4.1036 (avg 3.0538) | lr 0.004995 | seq 32
  [aml] step 70/240 | loss 4.0613 (avg 3.0967) | lr 0.004995 | seq 32
  [aml] step 80/240 | loss 3.7688 (avg 3.0602) | lr 0.004995 | seq 32
  [aml] step 90/240 | loss 3.8468 (avg 3.1264) | lr 0.004995 | seq 32
  [aml] step 100/240 | loss 1.1447 (avg 3.0426) | lr 0.004995 | seq 32
  [aml] step 110/240 | loss 1.5317 (avg 2.9901) | lr 0.004995 | seq 32
  [aml] step 120/240 | loss 4.0733 (avg 2.9960) | lr 0.004995 | seq 32
  [aml] step 130/240 | loss 3.8266 (avg 2.9677) | lr 0.004995 | seq 32
  [aml] step 140/240 | loss 4.2986 (avg 2.9540) | lr 0.004995 | seq 32
  [aml] step 150/240 | loss 1.0243 (avg 2.9244) | lr 0.004995 | seq 32
  [aml] step 160/240 | loss 3.3353 (avg 2.9085) | lr 0.004994 | seq 32
  [aml] step 170/240 | loss 3.5942 (avg 2.9090) | lr 0.004994 | seq 32
  [aml] step 180/240 | loss 1.8417 (avg 2.8739) | lr 0.004994 | seq 32
  [aml] step 190/240 | loss 4.4386 (avg 2.8629) | lr 0.004994 | seq 32
  [aml] step 200/240 | loss 0.7154 (avg 2.8143) | lr 0.004994 | seq 32
  [aml] step 210/240 | loss 4.2446 (avg 2.8334) | lr 0.004994 | seq 32
  [aml] step 220/240 | loss 0.8597 (avg 2.8096) | lr 0.004994 | seq 32
  [aml] step 230/240 | loss 2.0396 (avg 2.7793) | lr 0.004994 | seq 32
[aml] training complete: 240 steps, avg loss 2.7507 (memory freed)

[stage 1 — infant] What it sounds like now:
  Q: Hello.
  A: Lapilli function? of rock.
  Q: Who are you?
  A: The ground through limestone s to forms what is the pening — the rock.
  Q: What do you know?
  A: a magneis the in the slocation record for agos of a rock, and so — efficient seasonry stone walls, and containing — a slowly, level.

[growth] ONTOGENESIS: stage 1 -> 2
  embd: 32 -> 64, layer: 1 -> 2, head: 2 -> 4
[growth] Done. Freeze for 500 steps.
[init] Stage 2 (child): embd=64, layer=2, head=4 — warmup 800 steps (800 backprop + 0 notorch, sqrt-scaled 2x)
  [aml] step 0/320 | loss 0.6594 (avg 0.6594) | lr 0.000250 | seq 8
  [aml] step 10/320 | loss 2.6731 (avg 3.7518) | lr 0.000363 | seq 8
  [aml] step 20/320 | loss 2.6577 (avg 3.7754) | lr 0.000475 | seq 8
  [aml] step 30/320 | loss 4.9491 (avg 3.8546) | lr 0.000588 | seq 8
  [aml] step 40/320 | loss 4.0487 (avg 3.7264) | lr 0.000700 | seq 8
  [aml] step 50/320 | loss 2.4499 (avg 3.6520) | lr 0.000813 | seq 8
  [aml] step 60/320 | loss 4.8730 (avg 3.6175) | lr 0.000925 | seq 8
  [aml] step 70/320 | loss 4.6220 (avg 3.5973) | lr 0.001038 | seq 8
  [aml] step 80/320 | loss 3.4703 (avg 3.4966) | lr 0.001150 | seq 8
  [aml] step 90/320 | loss 3.3357 (avg 3.4968) | lr 0.001263 | seq 8
  [aml] step 100/320 | loss 3.4671 (avg 3.5188) | lr 0.001375 | seq 8
  [aml] step 110/320 | loss 0.8144 (avg 3.4916) | lr 0.001488 | seq 8
  [aml] step 120/320 | loss 1.7877 (avg 3.4627) | lr 0.001600 | seq 8
  [aml] step 130/320 | loss 4.4325 (avg 3.4460) | lr 0.001713 | seq 8
  [aml] step 140/320 | loss 4.0602 (avg 3.4271) | lr 0.001825 | seq 8
  [aml] step 150/320 | loss 3.4365 (avg 3.4447) | lr 0.001938 | seq 8
  [aml] step 160/320 | loss 2.4333 (avg 3.4692) | lr 0.002050 | seq 8
  [aml] step 170/320 | loss 2.4428 (avg 3.4351) | lr 0.002163 | seq 8
  [aml] step 180/320 | loss 4.7181 (avg 3.4131) | lr 0.002275 | seq 8
  [aml] step 190/320 | loss 0.1196 (avg 3.4135) | lr 0.002387 | seq 8
  [aml] step 200/320 | loss 2.7287 (avg 3.4069) | lr 0.002496 | seq 8
  [aml] step 210/320 | loss 1.1092 (avg 3.3904) | lr 0.002496 | seq 8
  [aml] step 220/320 | loss 1.8487 (avg 3.3818) | lr 0.002496 | seq 8
  [aml] step 230/320 | loss 2.2967 (avg 3.3913) | lr 0.002495 | seq 8
  [aml] step 240/320 | loss 3.3042 (avg 3.3604) | lr 0.002495 | seq 8
  [aml] step 250/320 | loss 1.4937 (avg 3.3414) | lr 0.002495 | seq 8
  [aml] step 260/320 | loss 0.7483 (avg 3.3356) | lr 0.002495 | seq 8
  [aml] step 270/320 | loss 5.2880 (avg 3.3704) | lr 0.002495 | seq 8
  [aml] step 280/320 | loss 4.2972 (avg 3.3743) | lr 0.002495 | seq 8
  [aml] step 290/320 | loss 6.0563 (avg 3.3638) | lr 0.002495 | seq 8
  [aml] step 300/320 | loss 1.6263 (avg 3.3583) | lr 0.002495 | seq 8
  [aml] step 310/320 | loss 1.0954 (avg 3.3574) | lr 0.002495 | seq 8
[aml] training complete: 320 steps, avg loss 3.3184 (memory freed)
  [aml] step 0/240 | loss 2.8825 (avg 2.8825) | lr 0.002495 | seq 16
  [aml] step 10/240 | loss 4.0783 (avg 1.9471) | lr 0.002495 | seq 16
  [aml] step 20/240 | loss 4.0027 (avg 2.7032) | lr 0.002495 | seq 16
  [aml] step 30/240 | loss 3.8192 (avg 3.2042) | lr 0.002495 | seq 16
  [aml] step 40/240 | loss 2.2726 (avg 3.1547) | lr 0.002495 | seq 16
  [aml] step 50/240 | loss 1.5822 (avg 3.0825) | lr 0.002495 | seq 16
  [aml] step 60/240 | loss 2.5490 (avg 3.1406) | lr 0.002494 | seq 16
  [aml] step 70/240 | loss 4.0916 (avg 3.1139) | lr 0.002494 | seq 16
  [aml] step 80/240 | loss 4.1463 (avg 3.1540) | lr 0.002494 | seq 16
  [aml] step 90/240 | loss 5.0788 (avg 3.2473) | lr 0.002494 | seq 16
  [aml] step 100/240 | loss 4.0399 (avg 3.2796) | lr 0.002494 | seq 16
  [aml] step 110/240 | loss 1.1119 (avg 3.2917) | lr 0.002494 | seq 16
  [aml] step 120/240 | loss 1.5703 (avg 3.2279) | lr 0.002494 | seq 16
  [aml] step 130/240 | loss 4.2314 (avg 3.1944) | lr 0.002494 | seq 16
  [aml] step 140/240 | loss 2.6263 (avg 3.2033) | lr 0.002494 | seq 16
  [aml] step 150/240 | loss 5.0488 (avg 3.1721) | lr 0.002494 | seq 16
  [aml] step 160/240 | loss 1.8754 (avg 3.1123) | lr 0.002494 | seq 16
  [aml] step 170/240 | loss 1.9379 (avg 3.1152) | lr 0.002494 | seq 16
  [aml] step 180/240 | loss 1.8365 (avg 3.1417) | lr 0.002494 | seq 16
  [aml] step 190/240 | loss 2.1156 (avg 3.1310) | lr 0.002494 | seq 16
  [aml] step 200/240 | loss 2.2911 (avg 3.1163) | lr 0.002493 | seq 16
  [aml] step 210/240 | loss 0.9426 (avg 3.1037) | lr 0.002493 | seq 16
  [aml] step 220/240 | loss 4.2916 (avg 3.0763) | lr 0.002493 | seq 16
  [aml] step 230/240 | loss 1.3310 (avg 3.0976) | lr 0.002493 | seq 16
[aml] training complete: 240 steps, avg loss 3.0752 (memory freed)
  [aml] step 0/240 | loss 4.3863 (avg 4.3863) | lr 0.002493 | seq 32
  [aml] step 10/240 | loss 4.6597 (avg 2.3433) | lr 0.002493 | seq 32
  [aml] step 20/240 | loss 1.9115 (avg 2.3792) | lr 0.002493 | seq 32
  [aml] step 30/240 | loss 4.1156 (avg 2.5662) | lr 0.002493 | seq 32
  [aml] step 40/240 | loss 0.8245 (avg 2.4068) | lr 0.002493 | seq 32
  [aml] step 50/240 | loss 1.4271 (avg 2.5386) | lr 0.002493 | seq 32
  [aml] step 60/240 | loss 4.2187 (avg 2.5993) | lr 0.002493 | seq 32
  [aml] step 70/240 | loss 4.1053 (avg 2.6746) | lr 0.002493 | seq 32
  [aml] step 80/240 | loss 3.9078 (avg 2.7230) | lr 0.002492 | seq 32
  [aml] step 90/240 | loss 4.7188 (avg 2.6790) | lr 0.002492 | seq 32
  [aml] step 100/240 | loss 3.8476 (avg 2.6842) | lr 0.002492 | seq 32
  [aml] step 110/240 | loss 3.7439 (avg 2.6982) | lr 0.002492 | seq 32
  [aml] step 120/240 | loss 4.1781 (avg 2.7413) | lr 0.002492 | seq 32
  [aml] step 130/240 | loss 4.2382 (avg 2.7446) | lr 0.002492 | seq 32
  [aml] step 140/240 | loss 4.3851 (avg 2.7325) | lr 0.002492 | seq 32
  [aml] step 150/240 | loss 1.7905 (avg 2.6805) | lr 0.002492 | seq 32
  [aml] step 160/240 | loss 0.7528 (avg 2.7107) | lr 0.002492 | seq 32
  [aml] step 170/240 | loss 4.3132 (avg 2.7263) | lr 0.002492 | seq 32
  [aml] step 180/240 | loss 0.9764 (avg 2.6982) | lr 0.002492 | seq 32
  [aml] step 190/240 | loss 3.7228 (avg 2.6969) | lr 0.002492 | seq 32
  [aml] step 200/240 | loss 0.4155 (avg 2.6836) | lr 0.002491 | seq 32
  [aml] step 210/240 | loss 0.9733 (avg 2.6663) | lr 0.002491 | seq 32
  [aml] step 220/240 | loss 0.9710 (avg 2.6291) | lr 0.002491 | seq 32
  [aml] step 230/240 | loss 1.2314 (avg 2.5922) | lr 0.002491 | seq 32
[aml] training complete: 240 steps, avg loss 2.5942 (memory freed)

[stage 2 — child] What it sounds like now:
  Q: Hello.
  A: Flattaching bling skilled valley you in a pened by the weight, a material accommodered in a measurement of the making at centimeters acent of a river erupting polish?
  Q: Who are you?
  A: is not degrees its on the for to filled depth of a floor the earth softer crust that form when sand proof rock blocks and ped b?
  Q: What do you know?
  A: a stability is a near-vertical serpentine?

[init] Warmup complete at stage 2. Organism ready.
[ecology] First organism in the swarm.
molequla is alive. [evolution] Autonomous mode — background trainer running. Ctrl+C to stop.
[dna] earth wrote 130 bytes to ecology
[dna] earth wrote 32 bytes to ecology
[dna] earth wrote 69 bytes to ecology
[dna] earth wrote 64 bytes to ecology
[dna] earth wrote 34 bytes to ecology
[dna] earth wrote 184 bytes to ecology
[dna] earth wrote 49 bytes to ecology
[dna] earth wrote 56 bytes to ecology
[dna] earth wrote 118 bytes to ecology
[dna] earth wrote 36 bytes to ecology
[dna] earth wrote 28 bytes to ecology
[dna] earth wrote 42 bytes to ecology
[dna] earth wrote 97 bytes to ecology
[dna] earth wrote 92 bytes to ecology
[dna] earth wrote 124 bytes to ecology
[dna] earth wrote 91 bytes to ecology
[dna] earth wrote 55 bytes to ecology
[dna] earth wrote 107 bytes to ecology
[dna] earth wrote 114 bytes to ecology
[dna] earth wrote 32 bytes to ecology
[dna] earth wrote 120 bytes to ecology
[dna] earth wrote 141 bytes to ecology
[dna] earth wrote 49 bytes to ecology
[dna] earth wrote 48 bytes to ecology
[dna] earth wrote 66 bytes to ecology
[dna] earth wrote 69 bytes to ecology
[dna] earth wrote 29 bytes to ecology
[debug-onto] tick=50 corpus=173643 stage=2 freeze=0
[dna] earth wrote 35 bytes to ecology
[dna] earth wrote 35 bytes to ecology
[dna] earth wrote 109 bytes to ecology
[dna] earth wrote 56 bytes to ecology
[dna] earth wrote 85 bytes to ecology
[dna] earth wrote 27 bytes to ecology
[dna] earth wrote 19 bytes to ecology
[dna] earth wrote 80 bytes to ecology
[dna] earth wrote 177 bytes to ecology
[dna] earth wrote 90 bytes to ecology
[dna] earth wrote 211 bytes to ecology
[dna] earth wrote 45 bytes to ecology
[dna] earth wrote 70 bytes to ecology
[dna] earth wrote 10 bytes to ecology
[dna] earth wrote 167 bytes to ecology
[dna] earth wrote 96 bytes to ecology
[dna] earth wrote 31 bytes to ecology
[dna] earth wrote 9 bytes to ecology
[dna] earth wrote 34 bytes to ecology
[dna] earth wrote 49 bytes to ecology
[dna] earth wrote 198 bytes to ecology
[dna] earth wrote 59 bytes to ecology
[dna] earth wrote 21 bytes to ecology
[dna] earth wrote 23 bytes to ecology
[dna] earth wrote 18 bytes to ecology
[dna] earth wrote 44 bytes to ecology
[dna] earth wrote 53 bytes to ecology
[dna] earth wrote 71 bytes to ecology
[dna] earth wrote 11 bytes to ecology
[dna] earth wrote 48 bytes to ecology
[dna] earth wrote 55 bytes to ecology
[dna] earth wrote 94 bytes to ecology
[dna] earth wrote 104 bytes to ecology
[debug-onto] tick=100 corpus=173643 stage=2 freeze=0
[dna] earth wrote 40 bytes to ecology
[dna] earth wrote 27 bytes to ecology
[dna] earth wrote 58 bytes to ecology
[dna] earth wrote 29 bytes to ecology
[dna] earth wrote 87 bytes to ecology
[dna] earth wrote 26 bytes to ecology
[dna] earth wrote 98 bytes to ecology
[dna] earth wrote 53 bytes to ecology
[dna] earth wrote 97 bytes to ecology
[dna] earth wrote 46 bytes to ecology
[dna] earth wrote 42 bytes to ecology
[dna] earth wrote 85 bytes to ecology
[dna] earth wrote 24 bytes to ecology
[dna] earth wrote 49 bytes to ecology
[dna] earth wrote 24 bytes to ecology
[dna] earth wrote 29 bytes to ecology
[dna] earth wrote 251 bytes to ecology
[dna] earth wrote 114 bytes to ecology
[dna] earth wrote 40 bytes to ecology
[dna] earth wrote 223 bytes to ecology
[dna] earth wrote 37 bytes to ecology
[dna] earth wrote 20 bytes to ecology
[dna] earth wrote 188 bytes to ecology
[dna] earth wrote 32 bytes to ecology
[dna] earth wrote 150 bytes to ecology
[dna] earth wrote 63 bytes to ecology
[dna] earth wrote 59 bytes to ecology
[dna] earth wrote 98 bytes to ecology
[dna] earth wrote 27 bytes to ecology
[dna] earth wrote 67 bytes to ecology
[debug-onto] tick=150 corpus=173643 stage=2 freeze=0
[dna] earth wrote 77 bytes to ecology
[dna] earth wrote 141 bytes to ecology
[dna] earth wrote 10 bytes to ecology
[dna] earth wrote 23 bytes to ecology
[dna] earth wrote 44 bytes to ecology
[dna] earth wrote 183 bytes to ecology
[dna] earth wrote 45 bytes to ecology
[dna] earth wrote 30 bytes to ecology
[dna] earth wrote 154 bytes to ecology
[dna] earth wrote 64 bytes to ecology
[dna] earth wrote 61 bytes to ecology
[dna] earth wrote 86 bytes to ecology
[dna] earth wrote 75 bytes to ecology
[dna] earth wrote 141 bytes to ecology
[dna] earth wrote 56 bytes to ecology
[dna] earth wrote 74 bytes to ecology
[dna] earth wrote 61 bytes to ecology
[dna] earth wrote 27 bytes to ecology
[dna] earth wrote 30 bytes to ecology
[dna] earth wrote 42 bytes to ecology
[dna] earth wrote 152 bytes to ecology
[dna] earth wrote 159 bytes to ecology
[dna] earth wrote 53 bytes to ecology
[dna] earth wrote 63 bytes to ecology
[dna] earth wrote 48 bytes to ecology
[dna] earth wrote 46 bytes to ecology
[dna] earth wrote 59 bytes to ecology
[dna] earth wrote 8 bytes to ecology
[dna] earth wrote 38 bytes to ecology
[dna] earth wrote 70 bytes to ecology
[dna] earth wrote 65 bytes to ecology
[debug-onto] tick=200 corpus=173643 stage=2 freeze=0
[dna] earth wrote 30 bytes to ecology
[dna] earth wrote 101 bytes to ecology
[dna] earth wrote 174 bytes to ecology
[dna] earth wrote 94 bytes to ecology
[dna] earth wrote 61 bytes to ecology
[dna] earth wrote 59 bytes to ecology
[dna] earth wrote 45 bytes to ecology
[dna] earth wrote 97 bytes to ecology
[dna] earth wrote 35 bytes to ecology
[dna] earth wrote 93 bytes to ecology
[dna] earth wrote 93 bytes to ecology
[dna] earth wrote 27 bytes to ecology
[dna] earth wrote 64 bytes to ecology
[dna] earth wrote 37 bytes to ecology
[dna] earth wrote 143 bytes to ecology
[dna] earth wrote 77 bytes to ecology
[dna] earth wrote 94 bytes to ecology
[dna] earth wrote 39 bytes to ecology
[dna] earth wrote 163 bytes to ecology
[dna] earth wrote 72 bytes to ecology
[dna] earth wrote 53 bytes to ecology
[dna] earth wrote 79 bytes to ecology
[dna] earth wrote 29 bytes to ecology
[dna] earth wrote 89 bytes to ecology
[dna] earth wrote 43 bytes to ecology
[dna] earth wrote 50 bytes to ecology
[dna] earth wrote 25 bytes to ecology
[dna] earth wrote 20 bytes to ecology
[dna] earth wrote 91 bytes to ecology
[debug-onto] tick=250 corpus=173643 stage=2 freeze=0
[dna] earth wrote 13 bytes to ecology
[dna] earth wrote 18 bytes to ecology
[dna] earth wrote 135 bytes to ecology
[dna] earth wrote 87 bytes to ecology
[dna] earth wrote 89 bytes to ecology
[dna] earth wrote 113 bytes to ecology
[dna] earth wrote 55 bytes to ecology
[dna] earth wrote 120 bytes to ecology
[dna] earth wrote 88 bytes to ecology
[dna] earth wrote 83 bytes to ecology
[dna] earth wrote 28 bytes to ecology
[dna] earth wrote 123 bytes to ecology
[dna] earth wrote 137 bytes to ecology
[dna] earth wrote 24 bytes to ecology
[dna] earth wrote 119 bytes to ecology
[dna] earth wrote 64 bytes to ecology
[dna] earth wrote 39 bytes to ecology
[dna] earth wrote 165 bytes to ecology
[dna] earth wrote 103 bytes to ecology
[dna] earth wrote 65 bytes to ecology
[dna] earth wrote 12 bytes to ecology
[dna] earth wrote 95 bytes to ecology
[dna] earth wrote 50 bytes to ecology
[dna] earth wrote 232 bytes to ecology
[dna] earth wrote 100 bytes to ecology
[dna] earth wrote 65 bytes to ecology
[dna] earth wrote 172 bytes to ecology
[dna] earth wrote 35 bytes to ecology
[dna] earth wrote 61 bytes to ecology
[dna] earth wrote 93 bytes to ecology
[dna] earth wrote 117 bytes to ecology
[dna] earth wrote 101 bytes to ecology
[dna] earth wrote 71 bytes to ecology
[dna] earth wrote 62 bytes to ecology
[debug-onto] tick=300 corpus=173643 stage=2 freeze=0
[dna] earth wrote 40 bytes to ecology
[dna] earth wrote 67 bytes to ecology
[dna] earth wrote 40 bytes to ecology
[dna] earth wrote 46 bytes to ecology
[dna] earth wrote 185 bytes to ecology
[dna] earth wrote 32 bytes to ecology
[dna] earth wrote 6 bytes to ecology
[dna] earth wrote 33 bytes to ecology
[dna] earth wrote 196 bytes to ecology
[dna] earth wrote 30 bytes to ecology
[dna] earth wrote 68 bytes to ecology
[dna] earth wrote 95 bytes to ecology
[dna] earth wrote 31 bytes to ecology
[dna] earth wrote 122 bytes to ecology
[dna] earth wrote 203 bytes to ecology
[dna] earth wrote 131 bytes to ecology
[dna] earth wrote 100 bytes to ecology
[dna] earth wrote 108 bytes to ecology
[dna] earth wrote 49 bytes to ecology
[dna] earth wrote 33 bytes to ecology
[dna] earth wrote 53 bytes to ecology
[dna] earth wrote 32 bytes to ecology
[dna] earth wrote 67 bytes to ecology
[dna] earth wrote 27 bytes to ecology
[dna] earth wrote 235 bytes to ecology
[dna] earth wrote 55 bytes to ecology
[dna] earth wrote 34 bytes to ecology
[dna] earth wrote 74 bytes to ecology
[dna] earth wrote 128 bytes to ecology
[debug-onto] tick=350 corpus=173643 stage=2 freeze=0
[dna] earth wrote 67 bytes to ecology
[dna] earth wrote 55 bytes to ecology
[dna] earth wrote 68 bytes to ecology
[dna] earth wrote 69 bytes to ecology
[dna] earth wrote 149 bytes to ecology
[dna] earth wrote 37 bytes to ecology
[dna] earth wrote 125 bytes to ecology
[dna] earth wrote 97 bytes to ecology
[dna] earth wrote 66 bytes to ecology
[dna] earth wrote 87 bytes to ecology
[dna] earth wrote 42 bytes to ecology
[dna] earth wrote 69 bytes to ecology
[dna] earth wrote 39 bytes to ecology
[dna] earth wrote 82 bytes to ecology
[dna] earth wrote 108 bytes to ecology
[dna] earth wrote 186 bytes to ecology
[dna] earth wrote 36 bytes to ecology
[dna] earth wrote 63 bytes to ecology
[dna] earth wrote 72 bytes to ecology
[dna] earth wrote 30 bytes to ecology
[dna] earth wrote 29 bytes to ecology
[dna] earth wrote 72 bytes to ecology
[dna] earth wrote 52 bytes to ecology
[dna] earth wrote 114 bytes to ecology
[dna] earth wrote 62 bytes to ecology
[dna] earth wrote 127 bytes to ecology
[dna] earth wrote 89 bytes to ecology
[dna] earth wrote 85 bytes to ecology
[debug-onto] tick=400 corpus=173643 stage=2 freeze=0
[dna] earth wrote 79 bytes to ecology
[dna] earth wrote 75 bytes to ecology
[dna] earth wrote 71 bytes to ecology
[dna] earth wrote 80 bytes to ecology
[dna] earth wrote 58 bytes to ecology
[dna] earth wrote 21 bytes to ecology
[dna] earth wrote 29 bytes to ecology
[dna] earth wrote 91 bytes to ecology
[dna] earth wrote 50 bytes to ecology
[dna] earth wrote 28 bytes to ecology
[dna] earth wrote 37 bytes to ecology
[dna] earth wrote 25 bytes to ecology
[dna] earth wrote 35 bytes to ecology
[dna] earth wrote 69 bytes to ecology
[dna] earth wrote 82 bytes to ecology
[dna] earth wrote 35 bytes to ecology
[dna] earth wrote 36 bytes to ecology
[dna] earth wrote 22 bytes to ecology
[dna] earth wrote 81 bytes to ecology
[dna] earth wrote 46 bytes to ecology
[dna] earth wrote 39 bytes to ecology
[dna] earth wrote 109 bytes to ecology
[dna] earth wrote 189 bytes to ecology
[dna] earth wrote 49 bytes to ecology
[dna] earth wrote 120 bytes to ecology
[dna] earth wrote 38 bytes to ecology
[dna] earth wrote 96 bytes to ecology
[dna] earth wrote 41 bytes to ecology
[dna] earth wrote 28 bytes to ecology
[dna] earth wrote 46 bytes to ecology
[dna] earth wrote 112 bytes to ecology
[dna] earth wrote 152 bytes to ecology
[debug-onto] tick=450 corpus=173643 stage=2 freeze=0
[dna] earth wrote 96 bytes to ecology
[dna] earth wrote 42 bytes to ecology
[dna] earth wrote 29 bytes to ecology
[dna] earth wrote 138 bytes to ecology
[dna] earth wrote 76 bytes to ecology
[dna] earth wrote 205 bytes to ecology
[dna] earth wrote 59 bytes to ecology
[dna] earth wrote 26 bytes to ecology
[dna] earth wrote 54 bytes to ecology
[dna] earth wrote 52 bytes to ecology
[dna] earth wrote 43 bytes to ecology
[dna] earth wrote 90 bytes to ecology
[dna] earth wrote 98 bytes to ecology
[dna] earth wrote 117 bytes to ecology
[dna] earth wrote 29 bytes to ecology
[dna] earth wrote 81 bytes to ecology
[dna] earth wrote 54 bytes to ecology
[dna] earth wrote 33 bytes to ecology
[dna] earth wrote 21 bytes to ecology
[dna] earth wrote 39 bytes to ecology
[dna] earth wrote 34 bytes to ecology
[dna] earth wrote 67 bytes to ecology
[dna] earth wrote 84 bytes to ecology
[dna] earth wrote 43 bytes to ecology
[dna] earth wrote 19 bytes to ecology
[dna] earth wrote 49 bytes to ecology
[debug-onto] tick=500 corpus=173643 stage=2 freeze=0
[dna] earth wrote 65 bytes to ecology
[dna] earth wrote 28 bytes to ecology
[dna] earth wrote 49 bytes to ecology
[dna] earth wrote 80 bytes to ecology
[dna] earth wrote 110 bytes to ecology
[dna] earth wrote 58 bytes to ecology
[dna] earth wrote 148 bytes to ecology
[dna] earth wrote 63 bytes to ecology
[dna] earth wrote 113 bytes to ecology
[dna] earth wrote 29 bytes to ecology
[dna] earth wrote 131 bytes to ecology
[dna] earth wrote 61 bytes to ecology
[dna] earth wrote 33 bytes to ecology
[dna] earth wrote 254 bytes to ecology
[dna] earth wrote 58 bytes to ecology
[dna] earth wrote 62 bytes to ecology
[dna] earth wrote 48 bytes to ecology
[dna] earth wrote 108 bytes to ecology
[dna] earth wrote 158 bytes to ecology
[dna] earth wrote 110 bytes to ecology
[dna] earth wrote 27 bytes to ecology
[dna] earth wrote 131 bytes to ecology
[dna] earth wrote 44 bytes to ecology
[dna] earth wrote 38 bytes to ecology
[dna] earth wrote 50 bytes to ecology
[dna] earth wrote 34 bytes to ecology
[dna] earth wrote 196 bytes to ecology
[dna] earth wrote 55 bytes to ecology
[dna] earth wrote 43 bytes to ecology
[debug-onto] tick=550 corpus=173643 stage=2 freeze=0
[dna] earth wrote 30 bytes to ecology
[dna] earth wrote 40 bytes to ecology
[dna] earth wrote 44 bytes to ecology
[dna] earth wrote 76 bytes to ecology
[dna] earth wrote 44 bytes to ecology
[dna] earth wrote 57 bytes to ecology
[dna] earth wrote 89 bytes to ecology
[dna] earth wrote 100 bytes to ecology
[dna] earth wrote 67 bytes to ecology
[dna] earth wrote 129 bytes to ecology
[dna] earth wrote 79 bytes to ecology
[dna] earth wrote 145 bytes to ecology
[dna] earth wrote 24 bytes to ecology
[dna] earth wrote 5 bytes to ecology
[dna] earth wrote 35 bytes to ecology
[dna] earth wrote 46 bytes to ecology
[dna] earth wrote 51 bytes to ecology
[dna] earth wrote 36 bytes to ecology
[dna] earth wrote 49 bytes to ecology
[dna] earth wrote 96 bytes to ecology
[dna] earth wrote 155 bytes to ecology
[dna] earth wrote 37 bytes to ecology
[dna] earth wrote 33 bytes to ecology
[dna] earth wrote 11 bytes to ecology
[dna] earth wrote 55 bytes to ecology
[dna] earth wrote 125 bytes to ecology
[dna] earth wrote 81 bytes to ecology
[dna] earth wrote 78 bytes to ecology
[dna] earth wrote 82 bytes to ecology
[debug-onto] tick=600 corpus=173643 stage=2 freeze=0
[dna] earth wrote 57 bytes to ecology
[dna] earth wrote 33 bytes to ecology
[dna] earth wrote 45 bytes to ecology
[dna] earth wrote 70 bytes to ecology
[dna] earth wrote 33 bytes to ecology
[dna] earth wrote 45 bytes to ecology
[dna] earth wrote 73 bytes to ecology
[dna] earth wrote 64 bytes to ecology
[dna] earth wrote 78 bytes to ecology
[dna] earth wrote 124 bytes to ecology
[dna] earth wrote 13 bytes to ecology
[dna] earth wrote 44 bytes to ecology
[dna] earth wrote 74 bytes to ecology
[dna] earth wrote 53 bytes to ecology
[dna] earth wrote 22 bytes to ecology
[dna] earth wrote 80 bytes to ecology
[dna] earth wrote 23 bytes to ecology
[dna] earth wrote 84 bytes to ecology
[dna] earth wrote 43 bytes to ecology
[dna] earth wrote 99 bytes to ecology
[dna] earth wrote 72 bytes to ecology
[dna] earth wrote 109 bytes to ecology
[dna] earth wrote 6 bytes to ecology
[dna] earth wrote 99 bytes to ecology
[dna] earth wrote 69 bytes to ecology
[dna] earth wrote 79 bytes to ecology
[dna] earth wrote 123 bytes to ecology
[dna] earth wrote 44 bytes to ecology
[dna] earth wrote 161 bytes to ecology
[dna] earth wrote 110 bytes to ecology
[dna] earth wrote 98 bytes to ecology
[debug-onto] tick=650 corpus=173643 stage=2 freeze=0
[dna] earth wrote 77 bytes to ecology
[dna] earth wrote 95 bytes to ecology
[dna] earth wrote 25 bytes to ecology
[dna] earth wrote 29 bytes to ecology
[dna] earth wrote 52 bytes to ecology
[dna] earth wrote 53 bytes to ecology
[dna] earth wrote 62 bytes to ecology
[dna] earth wrote 191 bytes to ecology
[dna] earth wrote 42 bytes to ecology
[dna] earth wrote 18 bytes to ecology
[dna] earth wrote 76 bytes to ecology
[dna] earth wrote 48 bytes to ecology
[dna] earth wrote 25 bytes to ecology
[dna] earth wrote 31 bytes to ecology

[evolution] Organism shutting down gracefully.
