[ecology] Element: water → corpus: nonames_water.txt
[evolution] Autonomous evolution mode — organism will grow through all stages without pause.
[ecology] Joined swarm. 1 peer(s) detected.
molequla is alive. [evolution] Autonomous mode — background trainer running. Ctrl+C to stop.
[dna] water wrote 14 bytes to ecology
[dna] water consumed 18082 bytes from 241 files: [air/gen_1776407412_1.txt air/gen_1776407431_4.txt air/gen_1776407440_7.txt air/gen_1776407448_10.txt air/gen_1776407457_13.txt air/gen_1776407465_16.txt air/gen_1776407468_17.txt air/gen_1776407474_19.txt air/gen_1776407483_22.txt air/gen_1776407491_25.txt air/gen_1776407500_28.txt air/gen_1776407509_31.txt air/gen_1776407517_34.txt air/gen_1776407526_37.txt air/gen_1776407534_40.txt air/gen_1776407543_43.txt air/gen_1776407552_46.txt air/gen_1776407555_47.txt air/gen_1776407560_49.txt air/gen_1776407569_52.txt air/gen_1776407578_55.txt air/gen_1776407587_58.txt air/gen_1776407589_59.txt air/gen_1776407595_61.txt air/gen_1776407604_64.txt air/gen_1776407607_65.txt air/gen_1776407613_67.txt air/gen_1776407621_70.txt air/gen_1776407630_73.txt air/gen_1776407639_76.txt air/gen_1776407647_79.txt air/gen_1776407656_82.txt air/gen_1776407664_85.txt air/gen_1776407673_88.txt air/gen_1776407682_91.txt air/gen_1776407690_94.txt air/gen_1776407699_97.txt air/gen_1776407707_100.txt air/gen_1776407716_103.txt air/gen_1776407725_106.txt air/gen_1776407728_107.txt air/gen_1776407733_109.txt air/gen_1776407742_112.txt air/gen_1776407751_115.txt air/gen_1776407759_118.txt air/gen_1776407762_119.txt air/gen_1776407768_121.txt air/gen_1776407776_124.txt air/gen_1776407779_125.txt air/gen_1776407785_127.txt air/gen_1776407794_130.txt air/gen_1776407802_133.txt air/gen_1776407811_136.txt air/gen_1776407820_139.txt air/gen_1776407828_142.txt air/gen_1776407837_145.txt air/gen_1776407845_148.txt air/gen_1776407848_149.txt air/gen_1776407854_151.txt air/gen_1776407863_154.txt air/gen_1776407871_157.txt air/gen_1776407880_160.txt air/gen_1776407883_161.txt air/gen_1776407888_163.txt air/gen_1776407897_166.txt air/gen_1776407906_169.txt air/gen_1776407914_172.txt air/gen_1776407923_175.txt air/gen_1776407931_178.txt air/gen_1776407934_179.txt air/gen_1776407940_181.txt air/gen_1776407948_184.txt air/gen_1776407957_187.txt air/gen_1776407966_190.txt air/gen_1776407975_193.txt air/gen_1776407983_196.txt air/gen_1776407992_199.txt air/gen_1776408000_202.txt air/gen_1776408009_205.txt air/gen_1776408017_208.txt air/gen_1776408026_211.txt air/gen_1776408035_214.txt air/gen_1776408043_217.txt air/gen_1776408052_220.txt air/gen_1776408060_223.txt air/gen_1776408069_226.txt air/gen_1776408077_229.txt air/gen_1776408086_232.txt air/gen_1776408095_235.txt air/gen_1776408103_238.txt air/gen_1776408112_241.txt air/gen_1776408121_244.txt air/gen_1776408123_245.txt air/gen_1776408129_247.txt air/gen_1776408138_250.txt air/gen_1776408141_251.txt air/gen_1776408146_253.txt air/gen_1776408155_256.txt air/gen_1776408158_257.txt air/gen_1776408164_259.txt air/gen_1776408172_262.txt air/gen_1776408181_265.txt air/gen_1776408189_268.txt air/gen_1776408192_269.txt air/gen_1776408198_271.txt air/gen_1776408207_274.txt air/gen_1776408215_277.txt air/gen_1776408224_280.txt air/gen_1776408227_281.txt air/gen_1776408233_283.txt air/gen_1776408241_286.txt air/gen_1776408250_289.txt air/gen_1776408259_292.txt air/gen_1776408262_293.txt air/gen_1776408267_295.txt air/gen_1776408276_298.txt air/gen_1776408284_301.txt air/gen_1776408293_304.txt air/gen_1776408302_307.txt air/gen_1776408310_310.txt air/gen_1776408313_311.txt air/gen_1776408319_313.txt air/gen_1776408328_316.txt air/gen_1776408330_317.txt air/gen_1776408336_319.txt air/gen_1776408345_322.txt air/gen_1776408348_323.txt air/gen_1776408353_325.txt air/gen_1776408362_328.txt air/gen_1776408371_331.txt air/gen_1776408379_334.txt air/gen_1776408388_337.txt air/gen_1776408396_340.txt air/gen_1776408405_343.txt air/gen_1776408414_346.txt air/gen_1776408422_349.txt air/gen_1776408431_352.txt air/gen_1776408440_355.txt air/gen_1776408448_358.txt air/gen_1776408457_361.txt air/gen_1776408466_364.txt air/gen_1776408474_367.txt air/gen_1776408483_370.txt air/gen_1776408486_371.txt air/gen_1776408491_373.txt air/gen_1776408500_376.txt air/gen_1776408509_379.txt air/gen_1776408517_382.txt air/gen_1776408520_383.txt air/gen_1776408526_385.txt air/gen_1776408534_388.txt air/gen_1776408543_391.txt air/gen_1776408552_394.txt air/gen_1776408560_397.txt air/gen_1776408569_400.txt air/gen_1776408572_401.txt air/gen_1776408577_403.txt air/gen_1776408586_406.txt air/gen_1776408595_409.txt air/gen_1776408603_412.txt air/gen_1776408612_415.txt air/gen_1776408621_418.txt air/gen_1776408623_419.txt air/gen_1776408629_421.txt air/gen_1776408638_424.txt air/gen_1776408641_425.txt air/gen_1776408647_427.txt air/gen_1776408655_430.txt air/gen_1776408664_433.txt air/gen_1776408673_436.txt air/gen_1776408681_439.txt air/gen_1776408690_442.txt air/gen_1776408693_443.txt air/gen_1776408698_445.txt air/gen_1776408707_448.txt air/gen_1776408710_449.txt air/gen_1776408716_451.txt air/gen_1776408724_454.txt air/gen_1776408733_457.txt air/gen_1776408742_460.txt air/gen_1776408750_463.txt air/gen_1776408759_466.txt air/gen_1776408768_469.txt air/gen_1776408776_472.txt air/gen_1776408785_475.txt air/gen_1776408793_478.txt air/gen_1776408796_479.txt air/gen_1776408802_481.txt air/gen_1776408811_484.txt air/gen_1776408819_487.txt air/gen_1776408828_490.txt air/gen_1776408831_491.txt air/gen_1776408836_493.txt air/gen_1776408845_496.txt air/gen_1776408854_499.txt air/gen_1776408862_502.txt air/gen_1776408865_503.txt air/gen_1776408871_505.txt air/gen_1776408880_508.txt air/gen_1776408888_511.txt air/gen_1776408897_514.txt air/gen_1776408906_517.txt air/gen_1776408914_520.txt air/gen_1776408923_523.txt air/gen_1776408932_526.txt air/gen_1776408940_529.txt air/gen_1776408949_532.txt air/gen_1776408958_535.txt air/gen_1776408967_538.txt air/gen_1776408969_539.txt air/gen_1776408975_541.txt air/gen_1776408984_544.txt air/gen_1776408993_547.txt air/gen_1776409001_550.txt air/gen_1776409004_551.txt air/gen_1776409010_553.txt air/gen_1776409018_556.txt air/gen_1776409021_557.txt air/gen_1776409027_559.txt air/gen_1776409036_562.txt air/gen_1776409044_565.txt air/gen_1776409053_568.txt air/gen_1776409062_571.txt air/gen_1776409070_574.txt air/gen_1776409079_577.txt air/gen_1776409087_580.txt air/gen_1776409096_583.txt air/gen_1776409104_586.txt air/gen_1776409113_589.txt air/gen_1776409122_592.txt air/gen_1776409130_595.txt air/gen_1776409139_598.txt air/gen_1776409147_601.txt air/gen_1776409156_604.txt air/gen_1776409165_607.txt air/gen_1776409173_610.txt air/gen_1776409182_613.txt air/gen_1776409191_616.txt air/gen_1776409193_617.txt air/gen_1776409199_619.txt air/gen_1776409208_622.txt]
[trainer] micro-train burst (18082 bytes, novelty 0.04) — and lo, it feeds again.
[syntropy] action=explore | trend=0.0000 | field_dev=-0.008 | purpose_align=-0.016 | lr_mul=1.30
[aml] burst complete: 32 steps, avg loss 1.9398 (memory freed)
[dna] water wrote 11 bytes to ecology
[dna] water wrote 168 bytes to ecology
[dna] water wrote 57 bytes to ecology
[dna] water wrote 42 bytes to ecology
[dna] water wrote 18 bytes to ecology
[dna] water wrote 133 bytes to ecology
[dna] water wrote 36 bytes to ecology
[dna] water wrote 32 bytes to ecology
[dna] water wrote 107 bytes to ecology
[dna] water wrote 38 bytes to ecology
[dna] water wrote 124 bytes to ecology
[dna] water wrote 78 bytes to ecology
[dna] water wrote 120 bytes to ecology
[dna] water wrote 208 bytes to ecology
[dna] water wrote 62 bytes to ecology
[dna] water wrote 66 bytes to ecology
[dna] water wrote 59 bytes to ecology
[dna] water wrote 28 bytes to ecology
[dna] water wrote 93 bytes to ecology
[dna] water wrote 43 bytes to ecology
[dna] water wrote 150 bytes to ecology
[dna] water wrote 5 bytes to ecology
[dna] water wrote 31 bytes to ecology
[dna] water wrote 8 bytes to ecology
[dna] water wrote 39 bytes to ecology
[debug-onto] tick=50 corpus=144020 stage=2 freeze=0
[dna] water wrote 54 bytes to ecology
[dna] water wrote 60 bytes to ecology
[dna] water wrote 49 bytes to ecology
[dna] water wrote 82 bytes to ecology
[dna] water wrote 15 bytes to ecology
[dna] water wrote 71 bytes to ecology
[dna] water wrote 95 bytes to ecology
[dna] water wrote 58 bytes to ecology
[dna] water wrote 146 bytes to ecology
[dna] water wrote 87 bytes to ecology
[dna] water wrote 30 bytes to ecology
[dna] water wrote 14 bytes to ecology
[dna] water wrote 30 bytes to ecology
[dna] water wrote 60 bytes to ecology
[dna] water wrote 133 bytes to ecology
[dna] water wrote 35 bytes to ecology
[dna] water wrote 118 bytes to ecology
[dna] water wrote 127 bytes to ecology
[dna] water wrote 36 bytes to ecology
[dna] water wrote 82 bytes to ecology
[dna] water wrote 38 bytes to ecology
[dna] water wrote 72 bytes to ecology
[dna] water wrote 70 bytes to ecology
[dna] water wrote 70 bytes to ecology
[dna] water wrote 28 bytes to ecology
[dna] water wrote 125 bytes to ecology
[debug-onto] tick=100 corpus=144020 stage=2 freeze=0
[dna] water wrote 107 bytes to ecology
[dna] water wrote 131 bytes to ecology
[dna] water wrote 40 bytes to ecology
[dna] water wrote 23 bytes to ecology
[dna] water wrote 54 bytes to ecology
[dna] water wrote 28 bytes to ecology
[dna] water wrote 54 bytes to ecology
[dna] water wrote 51 bytes to ecology
[dna] water wrote 21 bytes to ecology
[dna] water wrote 56 bytes to ecology
[dna] water wrote 56 bytes to ecology
[dna] water wrote 59 bytes to ecology
[dna] water wrote 32 bytes to ecology
[dna] water wrote 13 bytes to ecology
[dna] water wrote 31 bytes to ecology
[dna] water wrote 36 bytes to ecology
[dna] water wrote 48 bytes to ecology
[dna] water wrote 26 bytes to ecology
[dna] water wrote 18 bytes to ecology
[dna] water wrote 70 bytes to ecology
[dna] water wrote 242 bytes to ecology
[dna] water wrote 74 bytes to ecology
[dna] water wrote 58 bytes to ecology
[dna] water wrote 35 bytes to ecology
[dna] water wrote 64 bytes to ecology
[debug-onto] tick=150 corpus=144020 stage=2 freeze=0
[dna] water wrote 89 bytes to ecology
[dna] water wrote 80 bytes to ecology
[dna] water wrote 24 bytes to ecology
[dna] water wrote 58 bytes to ecology
[dna] water wrote 55 bytes to ecology
[dna] water wrote 32 bytes to ecology
[dna] water wrote 17 bytes to ecology
[dna] water wrote 72 bytes to ecology
[dna] water wrote 104 bytes to ecology
[dna] water wrote 20 bytes to ecology
[dna] water wrote 43 bytes to ecology
[dna] water wrote 37 bytes to ecology
[dna] water wrote 141 bytes to ecology
[dna] water wrote 91 bytes to ecology
[dna] water wrote 46 bytes to ecology
[dna] water wrote 63 bytes to ecology
[dna] water wrote 82 bytes to ecology
[dna] water wrote 35 bytes to ecology
[dna] water wrote 76 bytes to ecology
[dna] water wrote 85 bytes to ecology
[dna] water wrote 47 bytes to ecology
[dna] water wrote 73 bytes to ecology
[dna] water wrote 8 bytes to ecology
[dna] water wrote 87 bytes to ecology
[dna] water wrote 38 bytes to ecology
[dna] water wrote 77 bytes to ecology
[debug-onto] tick=200 corpus=144020 stage=2 freeze=0
[dna] water wrote 225 bytes to ecology
[dna] water wrote 62 bytes to ecology
[dna] water wrote 19 bytes to ecology
[dna] water wrote 32 bytes to ecology
[dna] water wrote 48 bytes to ecology
[dna] water wrote 18 bytes to ecology
[dna] water wrote 43 bytes to ecology
[dna] water wrote 57 bytes to ecology
[dna] water wrote 31 bytes to ecology
[dna] water wrote 70 bytes to ecology
[dna] water wrote 24 bytes to ecology
[dna] water wrote 90 bytes to ecology
[dna] water wrote 26 bytes to ecology
[dna] water wrote 32 bytes to ecology
[dna] water wrote 35 bytes to ecology
[dna] water wrote 49 bytes to ecology
[dna] water wrote 21 bytes to ecology
[dna] water wrote 11 bytes to ecology
[dna] water wrote 129 bytes to ecology
[dna] water wrote 48 bytes to ecology
[dna] water wrote 39 bytes to ecology
[dna] water wrote 35 bytes to ecology
[dna] water wrote 83 bytes to ecology
[debug-onto] tick=250 corpus=144020 stage=2 freeze=0
[dna] water wrote 41 bytes to ecology
[dna] water wrote 32 bytes to ecology
[dna] water wrote 19 bytes to ecology
[dna] water wrote 72 bytes to ecology
[dna] water wrote 146 bytes to ecology
[dna] water wrote 63 bytes to ecology
[dna] water wrote 92 bytes to ecology
[dna] water wrote 36 bytes to ecology
[dna] water wrote 40 bytes to ecology
[dna] water wrote 59 bytes to ecology
[dna] water wrote 38 bytes to ecology
[dna] water wrote 35 bytes to ecology
[dna] water wrote 43 bytes to ecology
[dna] water wrote 85 bytes to ecology
[dna] water wrote 57 bytes to ecology
[dna] water wrote 40 bytes to ecology
[dna] water wrote 145 bytes to ecology
[dna] water wrote 69 bytes to ecology
[dna] water wrote 150 bytes to ecology
[dna] water wrote 9 bytes to ecology
[dna] water wrote 64 bytes to ecology
[dna] water wrote 72 bytes to ecology
[dna] water wrote 83 bytes to ecology
[dna] water wrote 8 bytes to ecology
[dna] water wrote 27 bytes to ecology
[debug-onto] tick=300 corpus=144020 stage=2 freeze=0
[dna] water wrote 14 bytes to ecology
[dna] water wrote 85 bytes to ecology
[dna] water wrote 98 bytes to ecology
[dna] water wrote 48 bytes to ecology
[dna] water wrote 24 bytes to ecology
[dna] water wrote 79 bytes to ecology
[dna] water wrote 25 bytes to ecology
[dna] water wrote 54 bytes to ecology
[dna] water wrote 32 bytes to ecology
[dna] water wrote 33 bytes to ecology
[dna] water wrote 147 bytes to ecology
[dna] water wrote 7 bytes to ecology
[dna] water wrote 76 bytes to ecology
[dna] water wrote 68 bytes to ecology
[dna] water wrote 111 bytes to ecology
[dna] water wrote 42 bytes to ecology
[dna] water wrote 42 bytes to ecology
[dna] water wrote 70 bytes to ecology
[dna] water wrote 40 bytes to ecology
[dna] water wrote 42 bytes to ecology
[dna] water wrote 38 bytes to ecology
[dna] water wrote 44 bytes to ecology
[dna] water wrote 27 bytes to ecology
[dna] water wrote 33 bytes to ecology
[debug-onto] tick=350 corpus=144020 stage=2 freeze=0
[dna] water wrote 83 bytes to ecology
[dna] water wrote 86 bytes to ecology
[dna] water wrote 26 bytes to ecology
[dna] water wrote 91 bytes to ecology
[dna] water wrote 26 bytes to ecology
[dna] water wrote 48 bytes to ecology
[dna] water wrote 104 bytes to ecology
[dna] water wrote 43 bytes to ecology
[dna] water wrote 59 bytes to ecology
[dna] water wrote 51 bytes to ecology
[dna] water wrote 282 bytes to ecology
[dna] water wrote 69 bytes to ecology
[dna] water wrote 147 bytes to ecology
[dna] water wrote 54 bytes to ecology
[dna] water wrote 11 bytes to ecology
[dna] water wrote 37 bytes to ecology
[dna] water wrote 85 bytes to ecology
[dna] water wrote 33 bytes to ecology
[dna] water wrote 68 bytes to ecology
[dna] water wrote 61 bytes to ecology
[dna] water wrote 48 bytes to ecology
[dna] water wrote 40 bytes to ecology
[dna] water wrote 68 bytes to ecology
[dna] water wrote 69 bytes to ecology
[debug-onto] tick=400 corpus=144020 stage=2 freeze=0
[dna] water wrote 58 bytes to ecology
[dna] water wrote 76 bytes to ecology
[dna] water wrote 51 bytes to ecology
[dna] water wrote 71 bytes to ecology
[dna] water wrote 35 bytes to ecology
[dna] water wrote 114 bytes to ecology
[dna] water wrote 169 bytes to ecology
[dna] water wrote 43 bytes to ecology
[dna] water wrote 48 bytes to ecology
[dna] water wrote 52 bytes to ecology
[dna] water wrote 97 bytes to ecology
[dna] water wrote 99 bytes to ecology
[dna] water wrote 22 bytes to ecology
[dna] water wrote 97 bytes to ecology
[dna] water wrote 34 bytes to ecology
[dna] water wrote 44 bytes to ecology
[dna] water wrote 73 bytes to ecology
[dna] water wrote 58 bytes to ecology
[dna] water wrote 77 bytes to ecology
[dna] water wrote 66 bytes to ecology
[dna] water wrote 14 bytes to ecology
[dna] water wrote 90 bytes to ecology
[dna] water wrote 26 bytes to ecology
[dna] water wrote 67 bytes to ecology
[dna] water wrote 48 bytes to ecology
[debug-onto] tick=450 corpus=144020 stage=2 freeze=0
[dna] water wrote 152 bytes to ecology
[dna] water wrote 49 bytes to ecology
[dna] water wrote 47 bytes to ecology
[dna] water wrote 69 bytes to ecology
[dna] water wrote 45 bytes to ecology
[dna] water wrote 62 bytes to ecology
[dna] water wrote 73 bytes to ecology
[dna] water wrote 83 bytes to ecology
[dna] water wrote 132 bytes to ecology
[dna] water wrote 41 bytes to ecology
[dna] water wrote 86 bytes to ecology
[dna] water wrote 25 bytes to ecology
[dna] water wrote 45 bytes to ecology
[dna] water wrote 100 bytes to ecology
[dna] water wrote 28 bytes to ecology
[dna] water wrote 28 bytes to ecology
[dna] water wrote 116 bytes to ecology
[dna] water wrote 43 bytes to ecology
[dna] water wrote 12 bytes to ecology
[dna] water wrote 16 bytes to ecology
[dna] water wrote 80 bytes to ecology
[dna] water wrote 212 bytes to ecology
[dna] water wrote 57 bytes to ecology
[dna] water wrote 42 bytes to ecology
[dna] water wrote 35 bytes to ecology
[debug-onto] tick=500 corpus=144020 stage=2 freeze=0
[dna] water wrote 82 bytes to ecology
[dna] water wrote 68 bytes to ecology
[dna] water wrote 38 bytes to ecology
[dna] water wrote 79 bytes to ecology
[dna] water wrote 110 bytes to ecology
[dna] water wrote 72 bytes to ecology
[dna] water wrote 10 bytes to ecology
[dna] water wrote 15 bytes to ecology
[dna] water wrote 16 bytes to ecology
[dna] water wrote 48 bytes to ecology
[dna] water wrote 44 bytes to ecology
[dna] water wrote 102 bytes to ecology
[dna] water wrote 44 bytes to ecology
[dna] water wrote 95 bytes to ecology
[dna] water wrote 82 bytes to ecology
[dna] water wrote 54 bytes to ecology
[dna] water wrote 87 bytes to ecology
[dna] water wrote 149 bytes to ecology
[dna] water wrote 20 bytes to ecology
[dna] water wrote 44 bytes to ecology
[dna] water wrote 27 bytes to ecology
[dna] water wrote 83 bytes to ecology
[dna] water wrote 50 bytes to ecology
[dna] water wrote 32 bytes to ecology
[debug-onto] tick=550 corpus=144020 stage=2 freeze=0
[dna] water wrote 98 bytes to ecology
[dna] water wrote 27 bytes to ecology
[dna] water wrote 46 bytes to ecology
[dna] water wrote 60 bytes to ecology
[dna] water wrote 138 bytes to ecology
[dna] water wrote 52 bytes to ecology
[dna] water wrote 202 bytes to ecology
[dna] water wrote 73 bytes to ecology
[dna] water wrote 67 bytes to ecology
[dna] water wrote 92 bytes to ecology
[dna] water wrote 37 bytes to ecology
[dna] water wrote 28 bytes to ecology
[dna] water wrote 33 bytes to ecology
[dna] water wrote 51 bytes to ecology
[dna] water wrote 162 bytes to ecology
[dna] water wrote 33 bytes to ecology
[dna] water wrote 91 bytes to ecology
[dna] water wrote 52 bytes to ecology
[dna] water wrote 31 bytes to ecology
[dna] water wrote 90 bytes to ecology
[dna] water wrote 61 bytes to ecology
[dna] water wrote 57 bytes to ecology
[dna] water wrote 27 bytes to ecology
[dna] water wrote 60 bytes to ecology
[dna] water wrote 48 bytes to ecology
[debug-onto] tick=600 corpus=144020 stage=2 freeze=0
[dna] water wrote 50 bytes to ecology
[dna] water wrote 33 bytes to ecology
[dna] water wrote 260 bytes to ecology
[dna] water wrote 135 bytes to ecology
[dna] water wrote 41 bytes to ecology
[dna] water wrote 105 bytes to ecology
[dna] water wrote 102 bytes to ecology
[dna] water wrote 39 bytes to ecology
[dna] water wrote 64 bytes to ecology
[dna] water wrote 105 bytes to ecology
[dna] water wrote 77 bytes to ecology
[dna] water wrote 53 bytes to ecology
[dna] water wrote 31 bytes to ecology
[dna] water wrote 106 bytes to ecology

[evolution] Organism shutting down gracefully.
