[ecology] Element: air → corpus: nonames_air.txt
[evolution] Autonomous evolution mode — organism will grow through all stages without pause.
[ecology] Joined swarm. 1 peer(s) detected.
molequla is alive. [evolution] Autonomous mode — background trainer running. Ctrl+C to stop.
[dna] air wrote 38 bytes to ecology
[dna] air consumed 20861 bytes from 266 files: [earth/gen_1777010688_1.txt earth/gen_1777010693_3.txt earth/gen_1777010696_4.txt earth/gen_1777010704_7.txt earth/gen_1777010712_10.txt earth/gen_1777010719_13.txt earth/gen_1777010727_16.txt earth/gen_1777010735_19.txt earth/gen_1777010743_22.txt earth/gen_1777010751_25.txt earth/gen_1777010758_28.txt earth/gen_1777010766_31.txt earth/gen_1777010774_34.txt earth/gen_1777010782_37.txt earth/gen_1777010787_39.txt earth/gen_1777010790_40.txt earth/gen_1777010798_43.txt earth/gen_1777010803_45.txt earth/gen_1777010805_46.txt earth/gen_1777010813_49.txt earth/gen_1777010821_52.txt earth/gen_1777010829_55.txt earth/gen_1777010837_58.txt earth/gen_1777010845_61.txt earth/gen_1777010853_64.txt earth/gen_1777010861_67.txt earth/gen_1777010869_70.txt earth/gen_1777010876_73.txt earth/gen_1777010884_76.txt earth/gen_1777010892_79.txt earth/gen_1777010900_82.txt earth/gen_1777010908_85.txt earth/gen_1777010913_87.txt earth/gen_1777010916_88.txt earth/gen_1777010924_91.txt earth/gen_1777010931_94.txt earth/gen_1777010939_97.txt earth/gen_1777010955_103.txt earth/gen_1777010963_106.txt earth/gen_1777010971_109.txt earth/gen_1777010979_112.txt earth/gen_1777010986_115.txt earth/gen_1777010994_118.txt earth/gen_1777011002_121.txt earth/gen_1777011010_124.txt earth/gen_1777011018_127.txt earth/gen_1777011020_128.txt earth/gen_1777011026_130.txt earth/gen_1777011033_133.txt earth/gen_1777011041_136.txt earth/gen_1777011049_139.txt earth/gen_1777011057_142.txt earth/gen_1777011065_145.txt earth/gen_1777011072_148.txt earth/gen_1777011080_151.txt earth/gen_1777011088_154.txt earth/gen_1777011096_157.txt earth/gen_1777011104_160.txt earth/gen_1777011112_163.txt earth/gen_1777011119_166.txt earth/gen_1777011127_169.txt earth/gen_1777011135_172.txt earth/gen_1777011143_175.txt earth/gen_1777011146_176.txt earth/gen_1777011151_178.txt earth/gen_1777011154_179.txt earth/gen_1777011159_181.txt earth/gen_1777011167_184.txt earth/gen_1777011175_187.txt earth/gen_1777011182_190.txt earth/gen_1777011190_193.txt earth/gen_1777011198_196.txt earth/gen_1777011204_198.txt earth/gen_1777011206_199.txt earth/gen_1777011222_205.txt earth/gen_1777011230_208.txt earth/gen_1777011238_211.txt earth/gen_1777011246_214.txt earth/gen_1777011254_217.txt earth/gen_1777011259_219.txt earth/gen_1777011262_220.txt earth/gen_1777011270_223.txt earth/gen_1777011275_225.txt earth/gen_1777011278_226.txt earth/gen_1777011283_228.txt earth/gen_1777011285_229.txt earth/gen_1777011293_232.txt earth/gen_1777011301_235.txt earth/gen_1777011309_238.txt earth/gen_1777011314_240.txt earth/gen_1777011317_241.txt earth/gen_1777011325_244.txt earth/gen_1777011333_247.txt earth/gen_1777011341_250.txt earth/gen_1777011349_253.txt earth/gen_1777011356_256.txt earth/gen_1777011364_259.txt earth/gen_1777011372_262.txt earth/gen_1777011380_265.txt earth/gen_1777011388_268.txt earth/gen_1777011396_271.txt earth/gen_1777011403_274.txt earth/gen_1777011411_277.txt earth/gen_1777011419_280.txt earth/gen_1777011427_283.txt earth/gen_1777011432_285.txt earth/gen_1777011435_286.txt earth/gen_1777011443_289.txt earth/gen_1777011448_291.txt earth/gen_1777011450_292.txt earth/gen_1777011458_295.txt earth/gen_1777011463_297.txt earth/gen_1777011466_298.txt earth/gen_1777011474_301.txt earth/gen_1777011482_304.txt earth/gen_1777011490_307.txt earth/gen_1777011497_310.txt earth/gen_1777011510_315.txt earth/gen_1777011513_316.txt earth/gen_1777011518_318.txt earth/gen_1777011521_319.txt earth/gen_1777011529_322.txt earth/gen_1777011536_325.txt earth/gen_1777011544_328.txt earth/gen_1777011552_331.txt earth/gen_1777011557_333.txt earth/gen_1777011560_334.txt earth/gen_1777011568_337.txt earth/gen_1777011576_340.txt earth/gen_1777011583_343.txt earth/gen_1777011591_346.txt earth/gen_1777011599_349.txt earth/gen_1777011607_352.txt earth/gen_1777011615_355.txt earth/gen_1777011623_358.txt earth/gen_1777011631_361.txt earth/gen_1777011636_363.txt earth/gen_1777011639_364.txt earth/gen_1777011641_365.txt earth/gen_1777011647_367.txt earth/gen_1777011655_370.txt earth/gen_1777011663_373.txt earth/gen_1777011670_376.txt earth/gen_1777011678_379.txt earth/gen_1777011686_382.txt earth/gen_1777011694_385.txt earth/gen_1777011702_388.txt earth/gen_1777011710_391.txt earth/gen_1777011718_394.txt earth/gen_1777011726_397.txt earth/gen_1777011734_400.txt earth/gen_1777011739_402.txt earth/gen_1777011741_403.txt earth/gen_1777011749_406.txt earth/gen_1777011757_409.txt earth/gen_1777011765_412.txt earth/gen_1777011773_415.txt earth/gen_1777011781_418.txt earth/gen_1777011786_420.txt earth/gen_1777011789_421.txt earth/gen_1777011796_424.txt earth/gen_1777011802_426.txt earth/gen_1777011804_427.txt earth/gen_1777011810_429.txt earth/gen_1777011812_430.txt earth/gen_1777011820_433.txt earth/gen_1777011828_436.txt earth/gen_1777011833_438.txt earth/gen_1777011836_439.txt earth/gen_1777011844_442.txt earth/gen_1777011851_445.txt earth/gen_1777011859_448.txt earth/gen_1777011864_450.txt earth/gen_1777011867_451.txt earth/gen_1777011875_454.txt earth/gen_1777011883_457.txt earth/gen_1777011888_459.txt earth/gen_1777011891_460.txt earth/gen_1777011898_463.txt earth/gen_1777011906_466.txt earth/gen_1777011922_472.txt earth/gen_1777011930_475.txt earth/gen_1777011938_478.txt earth/gen_1777011945_481.txt earth/gen_1777011953_484.txt earth/gen_1777011959_486.txt earth/gen_1777011961_487.txt earth/gen_1777011969_490.txt earth/gen_1777011977_493.txt earth/gen_1777011982_495.txt earth/gen_1777011985_496.txt earth/gen_1777011993_499.txt earth/gen_1777012000_502.txt earth/gen_1777012008_505.txt earth/gen_1777012016_508.txt earth/gen_1777012021_510.txt earth/gen_1777012024_511.txt earth/gen_1777012032_514.txt earth/gen_1777012040_517.txt earth/gen_1777012048_520.txt earth/gen_1777012056_523.txt earth/gen_1777012061_525.txt earth/gen_1777012063_526.txt earth/gen_1777012071_529.txt earth/gen_1777012079_532.txt earth/gen_1777012087_535.txt earth/gen_1777012095_538.txt earth/gen_1777012103_541.txt earth/gen_1777012110_544.txt earth/gen_1777012118_547.txt earth/gen_1777012126_550.txt earth/gen_1777012134_553.txt earth/gen_1777012142_556.txt earth/gen_1777012149_559.txt earth/gen_1777012157_562.txt earth/gen_1777012165_565.txt earth/gen_1777012173_568.txt earth/gen_1777012178_570.txt earth/gen_1777012180_571.txt earth/gen_1777012188_574.txt earth/gen_1777012196_577.txt earth/gen_1777012204_580.txt earth/gen_1777012209_582.txt earth/gen_1777012212_583.txt earth/gen_1777012219_586.txt earth/gen_1777012227_589.txt earth/gen_1777012235_592.txt earth/gen_1777012243_595.txt earth/gen_1777012251_598.txt earth/gen_1777012259_601.txt earth/gen_1777012264_603.txt earth/gen_1777012266_604.txt earth/gen_1777012272_606.txt earth/gen_1777012274_607.txt earth/gen_1777012282_610.txt earth/gen_1777012290_613.txt earth/gen_1777012298_616.txt earth/gen_1777012305_619.txt earth/gen_1777012311_621.txt earth/gen_1777012313_622.txt earth/gen_1777012321_625.txt earth/gen_1777012329_628.txt earth/gen_1777012337_631.txt earth/gen_1777012345_634.txt earth/gen_1777012353_637.txt earth/gen_1777012355_638.txt earth/gen_1777012361_640.txt earth/gen_1777012369_643.txt earth/gen_1777012376_646.txt earth/gen_1777012382_648.txt earth/gen_1777012384_649.txt earth/gen_1777012387_650.txt earth/gen_1777012390_651.txt earth/gen_1777012392_652.txt earth/gen_1777012400_655.txt earth/gen_1777012408_658.txt earth/gen_1777012416_661.txt earth/gen_1777012418_662.txt earth/gen_1777012421_663.txt earth/gen_1777012424_664.txt earth/gen_1777012429_666.txt earth/gen_1777012431_667.txt earth/gen_1777012439_670.txt earth/gen_1777012447_673.txt earth/gen_1777012452_675.txt earth/gen_1777012455_676.txt]
[trainer] micro-train burst (20861 bytes, novelty 0.04) — and lo, it feeds again.
[syntropy] action=explore | trend=0.0000 | field_dev=0.004 | purpose_align=0.040 | lr_mul=1.30
[aml] burst complete: 32 steps, avg loss 2.4035 (memory freed)
[dna] air wrote 53 bytes to ecology
[dna] air wrote 38 bytes to ecology
[dna] air wrote 15 bytes to ecology
[dna] air wrote 45 bytes to ecology
[dna] air wrote 186 bytes to ecology
[dna] air wrote 45 bytes to ecology
[dna] air wrote 26 bytes to ecology
[dna] air wrote 49 bytes to ecology
[dna] air wrote 22 bytes to ecology
[dna] air wrote 29 bytes to ecology
[dna] air wrote 59 bytes to ecology
[dna] air wrote 57 bytes to ecology
[dna] air wrote 38 bytes to ecology
[dna] air wrote 153 bytes to ecology
[dna] air wrote 45 bytes to ecology
[dna] air wrote 99 bytes to ecology
[dna] air wrote 33 bytes to ecology
[dna] air wrote 106 bytes to ecology
[dna] air wrote 37 bytes to ecology
[dna] air wrote 136 bytes to ecology
[debug-onto] tick=50 corpus=143443 stage=2 freeze=0
[dna] air wrote 124 bytes to ecology
[dna] air wrote 61 bytes to ecology
[dna] air wrote 63 bytes to ecology
[dna] air wrote 106 bytes to ecology
[dna] air wrote 111 bytes to ecology
[dna] air wrote 46 bytes to ecology
[dna] air wrote 55 bytes to ecology
[dna] air wrote 127 bytes to ecology
[dna] air wrote 7 bytes to ecology
[dna] air wrote 16 bytes to ecology
[dna] air wrote 70 bytes to ecology
[dna] air wrote 159 bytes to ecology
[dna] air wrote 56 bytes to ecology
[dna] air wrote 47 bytes to ecology
[dna] air wrote 19 bytes to ecology
[dna] air wrote 44 bytes to ecology
[dna] air wrote 20 bytes to ecology
[dna] air wrote 36 bytes to ecology
[dna] air wrote 84 bytes to ecology
[debug-onto] tick=100 corpus=143443 stage=2 freeze=0
[dna] air wrote 105 bytes to ecology
[dna] air wrote 80 bytes to ecology
[dna] air wrote 45 bytes to ecology
[dna] air wrote 103 bytes to ecology
[dna] air wrote 55 bytes to ecology
[dna] air wrote 15 bytes to ecology
[dna] air wrote 42 bytes to ecology
[dna] air wrote 36 bytes to ecology
[dna] air wrote 18 bytes to ecology
[dna] air wrote 49 bytes to ecology
[dna] air wrote 26 bytes to ecology
[dna] air wrote 95 bytes to ecology
[dna] air wrote 84 bytes to ecology
[dna] air wrote 146 bytes to ecology
[dna] air wrote 37 bytes to ecology
[dna] air wrote 61 bytes to ecology
[dna] air wrote 165 bytes to ecology
[debug-onto] tick=150 corpus=143443 stage=2 freeze=0
[dna] air wrote 83 bytes to ecology
[dna] air wrote 28 bytes to ecology
[dna] air wrote 25 bytes to ecology
[dna] air wrote 45 bytes to ecology
[dna] air wrote 68 bytes to ecology
[dna] air wrote 99 bytes to ecology
[dna] air wrote 36 bytes to ecology
[dna] air wrote 48 bytes to ecology
[dna] air wrote 85 bytes to ecology
[dna] air wrote 172 bytes to ecology
[dna] air wrote 38 bytes to ecology
[dna] air wrote 96 bytes to ecology
[dna] air wrote 115 bytes to ecology
[dna] air wrote 38 bytes to ecology
[dna] air wrote 56 bytes to ecology
[dna] air wrote 38 bytes to ecology
[dna] air wrote 24 bytes to ecology
[dna] air wrote 88 bytes to ecology
[dna] air wrote 88 bytes to ecology
[debug-onto] tick=200 corpus=143443 stage=2 freeze=0
[dna] air wrote 66 bytes to ecology
[dna] air wrote 73 bytes to ecology
[dna] air wrote 19 bytes to ecology
[dna] air wrote 51 bytes to ecology
[dna] air wrote 68 bytes to ecology
[dna] air wrote 26 bytes to ecology
[dna] air wrote 95 bytes to ecology
[dna] air wrote 6 bytes to ecology
[dna] air wrote 87 bytes to ecology
[dna] air wrote 54 bytes to ecology
[dna] air wrote 90 bytes to ecology
[dna] air wrote 153 bytes to ecology
[dna] air wrote 9 bytes to ecology
[dna] air wrote 32 bytes to ecology
[dna] air wrote 179 bytes to ecology
[dna] air wrote 65 bytes to ecology
[dna] air wrote 81 bytes to ecology
[dna] air wrote 45 bytes to ecology
[dna] air wrote 130 bytes to ecology
[debug-onto] tick=250 corpus=143443 stage=2 freeze=0
[dna] air wrote 82 bytes to ecology
[dna] air wrote 48 bytes to ecology
[dna] air wrote 71 bytes to ecology
[dna] air wrote 114 bytes to ecology
[dna] air wrote 32 bytes to ecology
[dna] air wrote 83 bytes to ecology
[dna] air wrote 61 bytes to ecology
[dna] air wrote 21 bytes to ecology
[dna] air wrote 105 bytes to ecology
[dna] air wrote 63 bytes to ecology
[dna] air wrote 16 bytes to ecology
[dna] air wrote 28 bytes to ecology
[dna] air wrote 173 bytes to ecology
[dna] air wrote 23 bytes to ecology
[dna] air wrote 68 bytes to ecology
[dna] air wrote 117 bytes to ecology
[dna] air wrote 32 bytes to ecology
[dna] air wrote 49 bytes to ecology
[dna] air wrote 155 bytes to ecology
[dna] air wrote 39 bytes to ecology
[dna] air wrote 168 bytes to ecology
[debug-onto] tick=300 corpus=143443 stage=2 freeze=0
[dna] air wrote 49 bytes to ecology
[dna] air wrote 34 bytes to ecology
[dna] air wrote 94 bytes to ecology
[dna] air wrote 35 bytes to ecology
[dna] air wrote 108 bytes to ecology
[dna] air wrote 46 bytes to ecology
[dna] air wrote 57 bytes to ecology
[dna] air wrote 47 bytes to ecology
[dna] air wrote 32 bytes to ecology
[dna] air wrote 22 bytes to ecology
[dna] air wrote 85 bytes to ecology
[dna] air wrote 57 bytes to ecology
[dna] air wrote 42 bytes to ecology
[dna] air wrote 147 bytes to ecology
[dna] air wrote 55 bytes to ecology
[dna] air wrote 114 bytes to ecology
[dna] air wrote 57 bytes to ecology
[dna] air wrote 79 bytes to ecology
[dna] air wrote 43 bytes to ecology
[dna] air wrote 196 bytes to ecology
[dna] air wrote 120 bytes to ecology
[dna] air wrote 14 bytes to ecology
[debug-onto] tick=350 corpus=143443 stage=2 freeze=0
[dna] air wrote 49 bytes to ecology
[dna] air wrote 120 bytes to ecology
[dna] air wrote 35 bytes to ecology
[dna] air wrote 126 bytes to ecology
[dna] air wrote 57 bytes to ecology
[dna] air wrote 48 bytes to ecology
[dna] air wrote 69 bytes to ecology
[dna] air wrote 102 bytes to ecology
[dna] air wrote 97 bytes to ecology
[dna] air wrote 27 bytes to ecology
[dna] air wrote 117 bytes to ecology
[dna] air wrote 50 bytes to ecology
[dna] air wrote 123 bytes to ecology
[dna] air wrote 20 bytes to ecology
[dna] air wrote 113 bytes to ecology
[dna] air wrote 34 bytes to ecology
[dna] air wrote 208 bytes to ecology
[dna] air wrote 111 bytes to ecology
[debug-onto] tick=400 corpus=143443 stage=2 freeze=0
[dna] air wrote 35 bytes to ecology
[dna] air wrote 33 bytes to ecology
[dna] air wrote 16 bytes to ecology
[dna] air wrote 71 bytes to ecology
[dna] air wrote 55 bytes to ecology
[dna] air wrote 79 bytes to ecology
[dna] air wrote 40 bytes to ecology
[dna] air wrote 68 bytes to ecology
[dna] air wrote 113 bytes to ecology
[dna] air wrote 30 bytes to ecology
[dna] air wrote 35 bytes to ecology
[dna] air wrote 46 bytes to ecology
[dna] air wrote 139 bytes to ecology
[dna] air wrote 43 bytes to ecology
[dna] air wrote 18 bytes to ecology
[dna] air wrote 41 bytes to ecology
[dna] air wrote 182 bytes to ecology
[debug-onto] tick=450 corpus=143443 stage=2 freeze=0
[dna] air wrote 46 bytes to ecology
[dna] air wrote 37 bytes to ecology
[dna] air wrote 29 bytes to ecology
[dna] air wrote 178 bytes to ecology
[dna] air wrote 69 bytes to ecology
[dna] air wrote 100 bytes to ecology
[dna] air wrote 37 bytes to ecology
[dna] air wrote 36 bytes to ecology
[dna] air wrote 68 bytes to ecology
[dna] air wrote 70 bytes to ecology
[dna] air wrote 23 bytes to ecology
[dna] air wrote 50 bytes to ecology
[dna] air wrote 93 bytes to ecology
[dna] air wrote 112 bytes to ecology
[dna] air wrote 105 bytes to ecology
[dna] air wrote 75 bytes to ecology
[dna] air wrote 134 bytes to ecology
[dna] air wrote 62 bytes to ecology
[debug-onto] tick=500 corpus=143443 stage=2 freeze=0
[dna] air wrote 78 bytes to ecology
[dna] air wrote 103 bytes to ecology
[dna] air wrote 121 bytes to ecology
[dna] air wrote 81 bytes to ecology
[dna] air wrote 23 bytes to ecology
[dna] air wrote 35 bytes to ecology
[dna] air wrote 118 bytes to ecology
[dna] air wrote 24 bytes to ecology
[dna] air wrote 62 bytes to ecology
[dna] air wrote 44 bytes to ecology
[dna] air wrote 31 bytes to ecology
[dna] air wrote 84 bytes to ecology
[dna] air wrote 69 bytes to ecology
[dna] air wrote 17 bytes to ecology
[dna] air wrote 131 bytes to ecology
[dna] air wrote 45 bytes to ecology
[dna] air wrote 59 bytes to ecology
[dna] air wrote 45 bytes to ecology
[dna] air wrote 98 bytes to ecology
[dna] air wrote 60 bytes to ecology
[dna] air wrote 67 bytes to ecology
[debug-onto] tick=550 corpus=143443 stage=2 freeze=0
[dna] air wrote 54 bytes to ecology
[dna] air wrote 78 bytes to ecology
[dna] air wrote 127 bytes to ecology
[dna] air wrote 65 bytes to ecology
[dna] air wrote 82 bytes to ecology
[dna] air wrote 34 bytes to ecology
[dna] air wrote 85 bytes to ecology
[dna] air wrote 20 bytes to ecology
[dna] air wrote 48 bytes to ecology
[dna] air wrote 33 bytes to ecology
[dna] air wrote 35 bytes to ecology
[dna] air wrote 34 bytes to ecology
[dna] air wrote 56 bytes to ecology
[dna] air wrote 29 bytes to ecology
[dna] air wrote 62 bytes to ecology
[dna] air wrote 50 bytes to ecology
[dna] air wrote 122 bytes to ecology
[dna] air wrote 43 bytes to ecology
[dna] air wrote 40 bytes to ecology
[dna] air wrote 86 bytes to ecology
[dna] air wrote 5 bytes to ecology
[debug-onto] tick=600 corpus=143443 stage=2 freeze=0
[dna] air wrote 17 bytes to ecology
[dna] air wrote 138 bytes to ecology
[dna] air wrote 193 bytes to ecology
[dna] air wrote 37 bytes to ecology
[dna] air wrote 284 bytes to ecology
[dna] air wrote 108 bytes to ecology
[dna] air wrote 67 bytes to ecology
[dna] air wrote 44 bytes to ecology
[dna] air wrote 162 bytes to ecology
[dna] air wrote 94 bytes to ecology
[dna] air wrote 25 bytes to ecology
[dna] air wrote 85 bytes to ecology
[dna] air wrote 59 bytes to ecology
[dna] air wrote 66 bytes to ecology
[dna] air wrote 44 bytes to ecology
[dna] air wrote 97 bytes to ecology
[dna] air wrote 35 bytes to ecology
[dna] air wrote 11 bytes to ecology
[dna] air wrote 54 bytes to ecology
[dna] air wrote 71 bytes to ecology
[dna] air wrote 119 bytes to ecology
[debug-onto] tick=650 corpus=143443 stage=2 freeze=0
[dna] air wrote 166 bytes to ecology
[dna] air wrote 80 bytes to ecology

[evolution] Organism shutting down gracefully.
