[ecology] Element: earth → corpus: nonames_earth.txt
[evolution] Autonomous evolution mode — organism will grow through all stages without pause.
[init] Stage 0 (embryo): embd=16, layer=1, head=1 — warmup 400 steps (400 backprop + 0 notorch, sqrt-scaled 1x)
  [aml] step 0/160 | loss 6.5223 (avg 6.5223) | lr 0.001000 | seq 8
  [aml] step 10/160 | loss 6.1858 (avg 6.4511) | lr 0.001450 | seq 8
  [aml] step 20/160 | loss 6.2360 (avg 6.3113) | lr 0.001900 | seq 8
  [aml] step 30/160 | loss 5.7568 (avg 6.2179) | lr 0.002350 | seq 8
  [aml] step 40/160 | loss 5.4590 (avg 6.1007) | lr 0.002800 | seq 8
  [aml] step 50/160 | loss 4.6566 (avg 5.9390) | lr 0.003250 | seq 8
  [aml] step 60/160 | loss 4.9082 (avg 5.7735) | lr 0.003700 | seq 8
  [aml] step 70/160 | loss 5.4390 (avg 5.6584) | lr 0.004150 | seq 8
  [aml] step 80/160 | loss 2.9649 (avg 5.5385) | lr 0.004600 | seq 8
  [aml] step 90/160 | loss 4.1804 (avg 5.3929) | lr 0.005050 | seq 8
  [aml] step 100/160 | loss 5.0087 (avg 5.3047) | lr 0.005500 | seq 8
  [aml] step 110/160 | loss 5.2218 (avg 5.1743) | lr 0.005950 | seq 8
  [aml] step 120/160 | loss 3.9269 (avg 5.0999) | lr 0.006400 | seq 8
  [aml] step 130/160 | loss 4.4189 (avg 5.0476) | lr 0.006850 | seq 8
  [aml] step 140/160 | loss 2.9987 (avg 5.0129) | lr 0.007300 | seq 8
  [aml] step 150/160 | loss 2.7694 (avg 4.9699) | lr 0.007750 | seq 8
[aml] training complete: 160 steps, avg loss 4.9307 (memory freed)
  [aml] step 0/120 | loss 4.8612 (avg 4.8612) | lr 0.008200 | seq 16
  [aml] step 10/120 | loss 4.4201 (avg 4.4494) | lr 0.008650 | seq 16
  [aml] step 20/120 | loss 3.4775 (avg 4.4517) | lr 0.009100 | seq 16
  [aml] step 30/120 | loss 3.5876 (avg 4.2599) | lr 0.009550 | seq 16
  [aml] step 40/120 | loss 3.2093 (avg 4.2852) | lr 0.010000 | seq 16
  [aml] step 50/120 | loss 2.9853 (avg 4.2974) | lr 0.010000 | seq 16
  [aml] step 60/120 | loss 4.3134 (avg 4.3248) | lr 0.010000 | seq 16
  [aml] step 70/120 | loss 4.3590 (avg 4.2667) | lr 0.010000 | seq 16
  [aml] step 80/120 | loss 4.7129 (avg 4.2249) | lr 0.009999 | seq 16
  [aml] step 90/120 | loss 4.5386 (avg 4.1501) | lr 0.009999 | seq 16
  [aml] step 100/120 | loss 4.3352 (avg 4.1011) | lr 0.009999 | seq 16
  [aml] step 110/120 | loss 5.1828 (avg 4.0211) | lr 0.009999 | seq 16
[aml] training complete: 120 steps, avg loss 4.0392 (memory freed)
  [aml] step 0/120 | loss 3.7497 (avg 3.7497) | lr 0.009999 | seq 32
  [aml] step 10/120 | loss 5.0008 (avg 4.2357) | lr 0.009999 | seq 32
  [aml] step 20/120 | loss 4.6324 (avg 4.0773) | lr 0.009999 | seq 32
  [aml] step 30/120 | loss 3.9231 (avg 3.7530) | lr 0.009999 | seq 32
  [aml] step 40/120 | loss 3.9473 (avg 3.6380) | lr 0.009999 | seq 32
  [aml] step 50/120 | loss 4.0966 (avg 3.5700) | lr 0.009999 | seq 32
  [aml] step 60/120 | loss 2.7780 (avg 3.4985) | lr 0.009999 | seq 32
  [aml] step 70/120 | loss 1.3975 (avg 3.4637) | lr 0.009999 | seq 32
  [aml] step 80/120 | loss 4.5564 (avg 3.4470) | lr 0.009999 | seq 32
  [aml] step 90/120 | loss 1.5601 (avg 3.3904) | lr 0.009999 | seq 32
  [aml] step 100/120 | loss 0.8230 (avg 3.3916) | lr 0.009999 | seq 32
  [aml] step 110/120 | loss 0.8818 (avg 3.2618) | lr 0.009999 | seq 32
[aml] training complete: 120 steps, avg loss 3.1635 (memory freed)

[stage 0 — embryo] What it sounds like now:
  Q: Hello.
  A: The distinction is not altered condition.
  Q: Who are you?
  A: is the water truth isis the b, formed when are shows, opened.
  Q: What do you know?
  A: the water to concrete the condary terrain simplest what is a lake from erosion is a treat the means core minerals — they record seasonry cannot by which is a lake?

[growth] ONTOGENESIS: stage 0 -> 1
  embd: 16 -> 32, layer: 1 -> 1, head: 1 -> 2
[growth] Done. Freeze for 500 steps.
[init] Stage 1 (infant): embd=32, layer=1, head=2 — warmup 800 steps (800 backprop + 0 notorch, sqrt-scaled 2x)
  [aml] step 0/320 | loss 4.7422 (avg 4.7422) | lr 0.000500 | seq 8
  [aml] step 10/320 | loss 4.3223 (avg 5.4204) | lr 0.000725 | seq 8
  [aml] step 20/320 | loss 5.5527 (avg 4.9836) | lr 0.000950 | seq 8
  [aml] step 30/320 | loss 3.3040 (avg 4.9222) | lr 0.001175 | seq 8
  [aml] step 40/320 | loss 2.1645 (avg 4.7115) | lr 0.001400 | seq 8
  [aml] step 50/320 | loss 2.9596 (avg 4.6049) | lr 0.001625 | seq 8
  [aml] step 60/320 | loss 2.5537 (avg 4.5352) | lr 0.001850 | seq 8
  [aml] step 70/320 | loss 5.5593 (avg 4.4926) | lr 0.002075 | seq 8
  [aml] step 80/320 | loss 3.0525 (avg 4.4407) | lr 0.002300 | seq 8
  [aml] step 90/320 | loss 4.3986 (avg 4.3933) | lr 0.002525 | seq 8
  [aml] step 100/320 | loss 4.2103 (avg 4.3660) | lr 0.002750 | seq 8
  [aml] step 110/320 | loss 2.3571 (avg 4.3109) | lr 0.002975 | seq 8
  [aml] step 120/320 | loss 1.4520 (avg 4.2093) | lr 0.003200 | seq 8
  [aml] step 130/320 | loss 0.9606 (avg 4.1308) | lr 0.003425 | seq 8
  [aml] step 140/320 | loss 4.5537 (avg 4.1519) | lr 0.003650 | seq 8
  [aml] step 150/320 | loss 5.3233 (avg 4.1346) | lr 0.003875 | seq 8
  [aml] step 160/320 | loss 5.6503 (avg 4.0993) | lr 0.004100 | seq 8
  [aml] step 170/320 | loss 4.1940 (avg 4.1003) | lr 0.004325 | seq 8
  [aml] step 180/320 | loss 5.1952 (avg 4.0638) | lr 0.004550 | seq 8
  [aml] step 190/320 | loss 4.1365 (avg 4.0331) | lr 0.004775 | seq 8
  [aml] step 200/320 | loss 1.8395 (avg 3.9687) | lr 0.004998 | seq 8
  [aml] step 210/320 | loss 0.5571 (avg 3.9469) | lr 0.004998 | seq 8
  [aml] step 220/320 | loss 4.3920 (avg 3.9312) | lr 0.004998 | seq 8
  [aml] step 230/320 | loss 3.5772 (avg 3.9096) | lr 0.004998 | seq 8
  [aml] step 240/320 | loss 3.1303 (avg 3.9063) | lr 0.004998 | seq 8
  [aml] step 250/320 | loss 2.4618 (avg 3.8961) | lr 0.004998 | seq 8
  [aml] step 260/320 | loss 4.1640 (avg 3.8837) | lr 0.004998 | seq 8
  [aml] step 270/320 | loss 4.3897 (avg 3.8890) | lr 0.004998 | seq 8
  [aml] step 280/320 | loss 2.9213 (avg 3.8980) | lr 0.004998 | seq 8
  [aml] step 290/320 | loss 2.0251 (avg 3.8566) | lr 0.004998 | seq 8
  [aml] step 300/320 | loss 3.2640 (avg 3.8617) | lr 0.004998 | seq 8
  [aml] step 310/320 | loss 3.3569 (avg 3.8485) | lr 0.004998 | seq 8
[aml] training complete: 320 steps, avg loss 3.8364 (memory freed)
  [aml] step 0/240 | loss 2.1763 (avg 2.1763) | lr 0.004998 | seq 16
  [aml] step 10/240 | loss 2.3867 (avg 3.5472) | lr 0.004998 | seq 16
  [aml] step 20/240 | loss 1.6005 (avg 3.3796) | lr 0.004998 | seq 16
  [aml] step 30/240 | loss 1.2189 (avg 3.2358) | lr 0.004998 | seq 16
  [aml] step 40/240 | loss 2.5628 (avg 3.1854) | lr 0.004997 | seq 16
  [aml] step 50/240 | loss 5.1624 (avg 3.2949) | lr 0.004997 | seq 16
  [aml] step 60/240 | loss 4.1252 (avg 3.1453) | lr 0.004997 | seq 16
  [aml] step 70/240 | loss 4.4025 (avg 3.2759) | lr 0.004997 | seq 16
  [aml] step 80/240 | loss 2.0630 (avg 3.2177) | lr 0.004997 | seq 16
  [aml] step 90/240 | loss 1.3999 (avg 3.2251) | lr 0.004997 | seq 16
  [aml] step 100/240 | loss 1.0042 (avg 3.2148) | lr 0.004997 | seq 16
  [aml] step 110/240 | loss 2.1458 (avg 3.2608) | lr 0.004997 | seq 16
  [aml] step 120/240 | loss 3.8494 (avg 3.2981) | lr 0.004997 | seq 16
  [aml] step 130/240 | loss 4.8160 (avg 3.3365) | lr 0.004997 | seq 16
  [aml] step 140/240 | loss 1.4984 (avg 3.3118) | lr 0.004997 | seq 16
  [aml] step 150/240 | loss 3.5171 (avg 3.3379) | lr 0.004997 | seq 16
  [aml] step 160/240 | loss 2.2132 (avg 3.3455) | lr 0.004997 | seq 16
  [aml] step 170/240 | loss 1.4206 (avg 3.3277) | lr 0.004996 | seq 16
  [aml] step 180/240 | loss 2.0558 (avg 3.2982) | lr 0.004996 | seq 16
  [aml] step 190/240 | loss 4.0924 (avg 3.3100) | lr 0.004996 | seq 16
  [aml] step 200/240 | loss 3.0724 (avg 3.3268) | lr 0.004996 | seq 16
  [aml] step 210/240 | loss 4.1404 (avg 3.3208) | lr 0.004996 | seq 16
  [aml] step 220/240 | loss 3.2024 (avg 3.3326) | lr 0.004996 | seq 16
  [aml] step 230/240 | loss 4.6277 (avg 3.3093) | lr 0.004996 | seq 16
[aml] training complete: 240 steps, avg loss 3.3183 (memory freed)
  [aml] step 0/240 | loss 1.7189 (avg 1.7189) | lr 0.004996 | seq 32
  [aml] step 10/240 | loss 4.1700 (avg 3.3453) | lr 0.004996 | seq 32
  [aml] step 20/240 | loss 0.5672 (avg 3.1671) | lr 0.004996 | seq 32
  [aml] step 30/240 | loss 4.3255 (avg 3.0442) | lr 0.004996 | seq 32
  [aml] step 40/240 | loss 4.6365 (avg 3.0188) | lr 0.004996 | seq 32
  [aml] step 50/240 | loss 2.0420 (avg 2.9079) | lr 0.004995 | seq 32
  [aml] step 60/240 | loss 1.8941 (avg 2.8767) | lr 0.004995 | seq 32
  [aml] step 70/240 | loss 4.2662 (avg 2.9042) | lr 0.004995 | seq 32
  [aml] step 80/240 | loss 1.9461 (avg 2.8674) | lr 0.004995 | seq 32
  [aml] step 90/240 | loss 4.4221 (avg 2.8482) | lr 0.004995 | seq 32
  [aml] step 100/240 | loss 1.0876 (avg 2.8383) | lr 0.004995 | seq 32
  [aml] step 110/240 | loss 3.8443 (avg 2.7998) | lr 0.004995 | seq 32
  [aml] step 120/240 | loss 4.0987 (avg 2.7505) | lr 0.004995 | seq 32
  [aml] step 130/240 | loss 1.3703 (avg 2.7376) | lr 0.004995 | seq 32
  [aml] step 140/240 | loss 1.1925 (avg 2.7541) | lr 0.004995 | seq 32
  [aml] step 150/240 | loss 1.2132 (avg 2.7048) | lr 0.004995 | seq 32
  [aml] step 160/240 | loss 1.7838 (avg 2.6846) | lr 0.004994 | seq 32
  [aml] step 170/240 | loss 0.6528 (avg 2.6627) | lr 0.004994 | seq 32
  [aml] step 180/240 | loss 0.7901 (avg 2.6934) | lr 0.004994 | seq 32
  [aml] step 190/240 | loss 4.3553 (avg 2.6878) | lr 0.004994 | seq 32
  [aml] step 200/240 | loss 4.4324 (avg 2.6655) | lr 0.004994 | seq 32
  [aml] step 210/240 | loss 4.4390 (avg 2.6523) | lr 0.004994 | seq 32
  [aml] step 220/240 | loss 3.7824 (avg 2.6812) | lr 0.004994 | seq 32
  [aml] step 230/240 | loss 4.0405 (avg 2.6543) | lr 0.004994 | seq 32
[aml] training complete: 240 steps, avg loss 2.6525 (memory freed)

[stage 1 — infant] What it sounds like now:
  Q: Hello.
  A: The burning a converts. The Cretreated?
  Q: Who are you?
  A: ...
  Q: What do you know?
  A: ed rock is a block between a tal reached body a sea dam — that cone?

[growth] ONTOGENESIS: stage 1 -> 2
  embd: 32 -> 64, layer: 1 -> 2, head: 2 -> 4
[growth] Done. Freeze for 500 steps.
[init] Stage 2 (child): embd=64, layer=2, head=4 — warmup 800 steps (800 backprop + 0 notorch, sqrt-scaled 2x)
  [aml] step 0/320 | loss 0.3224 (avg 0.3224) | lr 0.000250 | seq 8
  [aml] step 10/320 | loss 4.2026 (avg 3.8117) | lr 0.000363 | seq 8
  [aml] step 20/320 | loss 4.7074 (avg 3.5481) | lr 0.000475 | seq 8
  [aml] step 30/320 | loss 4.7906 (avg 3.5688) | lr 0.000588 | seq 8
  [aml] step 40/320 | loss 4.6841 (avg 3.5164) | lr 0.000700 | seq 8
  [aml] step 50/320 | loss 4.5964 (avg 3.5806) | lr 0.000813 | seq 8
  [aml] step 60/320 | loss 3.0441 (avg 3.4730) | lr 0.000925 | seq 8
  [aml] step 70/320 | loss 1.0342 (avg 3.4357) | lr 0.001038 | seq 8
  [aml] step 80/320 | loss 3.4989 (avg 3.4596) | lr 0.001150 | seq 8
  [aml] step 90/320 | loss 2.4117 (avg 3.4901) | lr 0.001263 | seq 8
  [aml] step 100/320 | loss 3.7702 (avg 3.4180) | lr 0.001375 | seq 8
  [aml] step 110/320 | loss 5.0851 (avg 3.4032) | lr 0.001488 | seq 8
  [aml] step 120/320 | loss 5.3753 (avg 3.3956) | lr 0.001600 | seq 8
  [aml] step 130/320 | loss 4.3007 (avg 3.4303) | lr 0.001713 | seq 8
  [aml] step 140/320 | loss 3.7312 (avg 3.4558) | lr 0.001825 | seq 8
  [aml] step 150/320 | loss 4.2121 (avg 3.4367) | lr 0.001938 | seq 8
  [aml] step 160/320 | loss 0.1207 (avg 3.3973) | lr 0.002050 | seq 8
  [aml] step 170/320 | loss 4.9813 (avg 3.4140) | lr 0.002163 | seq 8
  [aml] step 180/320 | loss 5.1326 (avg 3.4016) | lr 0.002275 | seq 8
  [aml] step 190/320 | loss 5.8100 (avg 3.4084) | lr 0.002387 | seq 8
  [aml] step 200/320 | loss 3.7343 (avg 3.3867) | lr 0.002496 | seq 8
  [aml] step 210/320 | loss 1.7515 (avg 3.3905) | lr 0.002496 | seq 8
  [aml] step 220/320 | loss 0.7893 (avg 3.3707) | lr 0.002496 | seq 8
  [aml] step 230/320 | loss 0.1922 (avg 3.3498) | lr 0.002495 | seq 8
  [aml] step 240/320 | loss 2.8731 (avg 3.3380) | lr 0.002495 | seq 8
  [aml] step 250/320 | loss 5.8187 (avg 3.3552) | lr 0.002495 | seq 8
  [aml] step 260/320 | loss 3.5409 (avg 3.3753) | lr 0.002495 | seq 8
  [aml] step 270/320 | loss 4.1604 (avg 3.3608) | lr 0.002495 | seq 8
  [aml] step 280/320 | loss 4.4753 (avg 3.3533) | lr 0.002495 | seq 8
  [aml] step 290/320 | loss 4.3486 (avg 3.3615) | lr 0.002495 | seq 8
  [aml] step 300/320 | loss 0.2612 (avg 3.3194) | lr 0.002495 | seq 8
  [aml] step 310/320 | loss 2.5952 (avg 3.2731) | lr 0.002495 | seq 8
[aml] training complete: 320 steps, avg loss 3.2934 (memory freed)
  [aml] step 0/240 | loss 4.5492 (avg 4.5492) | lr 0.002495 | seq 16
  [aml] step 10/240 | loss 1.9268 (avg 3.4767) | lr 0.002495 | seq 16
  [aml] step 20/240 | loss 2.0365 (avg 3.2794) | lr 0.002495 | seq 16
  [aml] step 30/240 | loss 4.7732 (avg 3.2516) | lr 0.002495 | seq 16
  [aml] step 40/240 | loss 3.9529 (avg 3.2128) | lr 0.002495 | seq 16
  [aml] step 50/240 | loss 3.7221 (avg 3.1798) | lr 0.002495 | seq 16
  [aml] step 60/240 | loss 5.2548 (avg 3.2812) | lr 0.002494 | seq 16
  [aml] step 70/240 | loss 3.7643 (avg 3.3559) | lr 0.002494 | seq 16
  [aml] step 80/240 | loss 1.5181 (avg 3.3732) | lr 0.002494 | seq 16
  [aml] step 90/240 | loss 1.1671 (avg 3.3204) | lr 0.002494 | seq 16
  [aml] step 100/240 | loss 1.2730 (avg 3.2417) | lr 0.002494 | seq 16
  [aml] step 110/240 | loss 3.4125 (avg 3.2414) | lr 0.002494 | seq 16
  [aml] step 120/240 | loss 1.9308 (avg 3.1944) | lr 0.002494 | seq 16
  [aml] step 130/240 | loss 2.2140 (avg 3.1485) | lr 0.002494 | seq 16
  [aml] step 140/240 | loss 4.3621 (avg 3.1330) | lr 0.002494 | seq 16
  [aml] step 150/240 | loss 3.0023 (avg 3.1589) | lr 0.002494 | seq 16
  [aml] step 160/240 | loss 3.7907 (avg 3.1735) | lr 0.002494 | seq 16
  [aml] step 170/240 | loss 1.8778 (avg 3.1620) | lr 0.002494 | seq 16
  [aml] step 180/240 | loss 4.1354 (avg 3.1340) | lr 0.002494 | seq 16
  [aml] step 190/240 | loss 3.7569 (avg 3.0981) | lr 0.002494 | seq 16
  [aml] step 200/240 | loss 3.6980 (avg 3.1070) | lr 0.002493 | seq 16
  [aml] step 210/240 | loss 1.8589 (avg 3.0996) | lr 0.002493 | seq 16
  [aml] step 220/240 | loss 4.3479 (avg 3.0764) | lr 0.002493 | seq 16
  [aml] step 230/240 | loss 4.2276 (avg 3.0507) | lr 0.002493 | seq 16
[aml] training complete: 240 steps, avg loss 3.0563 (memory freed)
  [aml] step 0/240 | loss 4.4410 (avg 4.4410) | lr 0.002493 | seq 32
  [aml] step 10/240 | loss 0.8153 (avg 2.1199) | lr 0.002493 | seq 32
  [aml] step 20/240 | loss 1.3100 (avg 2.5587) | lr 0.002493 | seq 32
  [aml] step 30/240 | loss 4.3041 (avg 2.6830) | lr 0.002493 | seq 32
  [aml] step 40/240 | loss 4.3041 (avg 2.8171) | lr 0.002493 | seq 32
  [aml] step 50/240 | loss 4.0876 (avg 2.8821) | lr 0.002493 | seq 32
  [aml] step 60/240 | loss 4.7698 (avg 2.7917) | lr 0.002493 | seq 32
  [aml] step 70/240 | loss 4.0125 (avg 2.7836) | lr 0.002493 | seq 32
  [aml] step 80/240 | loss 3.5695 (avg 2.7871) | lr 0.002492 | seq 32
  [aml] step 90/240 | loss 4.1978 (avg 2.8383) | lr 0.002492 | seq 32
  [aml] step 100/240 | loss 4.1836 (avg 2.8270) | lr 0.002492 | seq 32
  [aml] step 110/240 | loss 4.0996 (avg 2.8013) | lr 0.002492 | seq 32
  [aml] step 120/240 | loss 1.7356 (avg 2.7307) | lr 0.002492 | seq 32
  [aml] step 130/240 | loss 0.7368 (avg 2.7663) | lr 0.002492 | seq 32
  [aml] step 140/240 | loss 4.1856 (avg 2.7829) | lr 0.002492 | seq 32
  [aml] step 150/240 | loss 0.9644 (avg 2.7458) | lr 0.002492 | seq 32
  [aml] step 160/240 | loss 4.1518 (avg 2.7433) | lr 0.002492 | seq 32
  [aml] step 170/240 | loss 0.4209 (avg 2.7248) | lr 0.002492 | seq 32
  [aml] step 180/240 | loss 0.9184 (avg 2.7026) | lr 0.002492 | seq 32
  [aml] step 190/240 | loss 1.0351 (avg 2.6602) | lr 0.002492 | seq 32
  [aml] step 200/240 | loss 1.1287 (avg 2.6145) | lr 0.002491 | seq 32
  [aml] step 210/240 | loss 3.7242 (avg 2.6240) | lr 0.002491 | seq 32
  [aml] step 220/240 | loss 1.9095 (avg 2.6091) | lr 0.002491 | seq 32
  [aml] step 230/240 | loss 1.2044 (avg 2.6156) | lr 0.002491 | seq 32
[aml] training complete: 240 steps, avg loss 2.6098 (memory freed)

[stage 2 — child] What it sounds like now:
  Q: Hello.
  A: A rock and deposition,?
  Q: Who are you?
  A: ...
  Q: What do you know?
  A: ...

[init] Warmup complete at stage 2. Organism ready.
[ecology] First organism in the swarm.
molequla is alive. [evolution] Autonomous mode — background trainer running. Ctrl+C to stop.
[dna] earth wrote 10 bytes to ecology
[dna] earth wrote 85 bytes to ecology
[dna] earth wrote 24 bytes to ecology
[dna] earth wrote 38 bytes to ecology
[dna] earth wrote 105 bytes to ecology
[dna] earth wrote 67 bytes to ecology
[dna] earth wrote 89 bytes to ecology
[dna] earth wrote 126 bytes to ecology
[dna] earth wrote 118 bytes to ecology
[dna] earth wrote 89 bytes to ecology
[dna] earth wrote 54 bytes to ecology
[dna] earth wrote 49 bytes to ecology
[dna] earth wrote 51 bytes to ecology
[dna] earth wrote 32 bytes to ecology
[dna] earth wrote 18 bytes to ecology
[dna] earth wrote 125 bytes to ecology
[dna] earth wrote 60 bytes to ecology
[dna] earth wrote 148 bytes to ecology
[dna] earth wrote 24 bytes to ecology
[dna] earth wrote 21 bytes to ecology
[debug-onto] tick=50 corpus=173643 stage=2 freeze=0
[dna] earth wrote 128 bytes to ecology
[dna] earth wrote 161 bytes to ecology
[dna] earth wrote 122 bytes to ecology
[dna] earth wrote 86 bytes to ecology
[dna] earth wrote 37 bytes to ecology
[dna] earth wrote 107 bytes to ecology
[dna] earth wrote 63 bytes to ecology
[dna] earth wrote 90 bytes to ecology
[dna] earth wrote 109 bytes to ecology
[dna] earth wrote 51 bytes to ecology
[dna] earth wrote 18 bytes to ecology
[dna] earth wrote 79 bytes to ecology
[dna] earth wrote 42 bytes to ecology
[dna] earth wrote 179 bytes to ecology
[dna] earth wrote 21 bytes to ecology
[dna] earth wrote 18 bytes to ecology
[dna] earth wrote 81 bytes to ecology
[dna] earth wrote 7 bytes to ecology
[debug-onto] tick=100 corpus=173643 stage=2 freeze=0
[dna] earth wrote 149 bytes to ecology
[dna] earth wrote 41 bytes to ecology
[dna] earth wrote 24 bytes to ecology
[dna] earth wrote 118 bytes to ecology
[dna] earth wrote 18 bytes to ecology
[dna] earth wrote 62 bytes to ecology
[dna] earth wrote 36 bytes to ecology
[dna] earth wrote 36 bytes to ecology
[dna] earth wrote 45 bytes to ecology
[dna] earth wrote 27 bytes to ecology
[dna] earth wrote 88 bytes to ecology
[dna] earth wrote 39 bytes to ecology
[dna] earth wrote 141 bytes to ecology
[dna] earth wrote 235 bytes to ecology
[dna] earth wrote 56 bytes to ecology
[dna] earth wrote 24 bytes to ecology
[dna] earth wrote 192 bytes to ecology
[debug-onto] tick=150 corpus=173643 stage=2 freeze=0
[dna] earth wrote 103 bytes to ecology
[dna] earth wrote 72 bytes to ecology
[dna] earth wrote 71 bytes to ecology
[dna] earth wrote 15 bytes to ecology
[dna] earth wrote 58 bytes to ecology
[dna] earth wrote 35 bytes to ecology
[dna] earth wrote 23 bytes to ecology
[dna] earth wrote 43 bytes to ecology
[dna] earth wrote 216 bytes to ecology
[dna] earth wrote 320 bytes to ecology
[dna] earth wrote 38 bytes to ecology
[dna] earth wrote 121 bytes to ecology
[dna] earth wrote 24 bytes to ecology
[dna] earth wrote 70 bytes to ecology
[dna] earth wrote 101 bytes to ecology
[dna] earth wrote 14 bytes to ecology
[dna] earth wrote 43 bytes to ecology
[dna] earth wrote 191 bytes to ecology
[dna] earth wrote 30 bytes to ecology
[dna] earth wrote 257 bytes to ecology
[debug-onto] tick=200 corpus=173643 stage=2 freeze=0
[dna] earth wrote 7 bytes to ecology
[dna] earth wrote 45 bytes to ecology
[dna] earth wrote 9 bytes to ecology
[dna] earth wrote 123 bytes to ecology
[dna] earth wrote 50 bytes to ecology
[dna] earth wrote 80 bytes to ecology
[dna] earth wrote 65 bytes to ecology
[dna] earth wrote 83 bytes to ecology
[dna] earth wrote 141 bytes to ecology
[dna] earth wrote 316 bytes to ecology
[dna] earth wrote 118 bytes to ecology
[dna] earth wrote 159 bytes to ecology
[dna] earth wrote 22 bytes to ecology
[dna] earth wrote 50 bytes to ecology
[dna] earth wrote 46 bytes to ecology
[dna] earth wrote 185 bytes to ecology
[dna] earth wrote 27 bytes to ecology
[dna] earth wrote 66 bytes to ecology
[dna] earth wrote 74 bytes to ecology
[dna] earth wrote 69 bytes to ecology
[dna] earth wrote 33 bytes to ecology
[dna] earth wrote 50 bytes to ecology
[debug-onto] tick=250 corpus=173643 stage=2 freeze=0
[dna] earth wrote 99 bytes to ecology
[dna] earth wrote 44 bytes to ecology
[dna] earth wrote 117 bytes to ecology
[dna] earth wrote 30 bytes to ecology
[dna] earth wrote 30 bytes to ecology
[dna] earth wrote 31 bytes to ecology
[dna] earth wrote 42 bytes to ecology
[dna] earth wrote 98 bytes to ecology
[dna] earth wrote 36 bytes to ecology
[dna] earth wrote 35 bytes to ecology
[dna] earth wrote 55 bytes to ecology
[dna] earth wrote 57 bytes to ecology
[dna] earth wrote 173 bytes to ecology
[dna] earth wrote 83 bytes to ecology
[dna] earth wrote 81 bytes to ecology
[dna] earth wrote 11 bytes to ecology
[dna] earth wrote 225 bytes to ecology
[dna] earth wrote 53 bytes to ecology
[dna] earth wrote 189 bytes to ecology
[debug-onto] tick=300 corpus=173643 stage=2 freeze=0
[dna] earth wrote 46 bytes to ecology
[dna] earth wrote 29 bytes to ecology
[dna] earth wrote 224 bytes to ecology
[dna] earth wrote 10 bytes to ecology
[dna] earth wrote 9 bytes to ecology
[dna] earth wrote 38 bytes to ecology
[dna] earth wrote 87 bytes to ecology
[dna] earth wrote 75 bytes to ecology
[dna] earth wrote 60 bytes to ecology
[dna] earth wrote 25 bytes to ecology
[dna] earth wrote 65 bytes to ecology
[dna] earth wrote 45 bytes to ecology
[dna] earth wrote 68 bytes to ecology
[dna] earth wrote 61 bytes to ecology
[dna] earth wrote 50 bytes to ecology
[dna] earth wrote 34 bytes to ecology
[dna] earth wrote 60 bytes to ecology
[dna] earth wrote 92 bytes to ecology
[dna] earth wrote 49 bytes to ecology
[dna] earth wrote 236 bytes to ecology
[debug-onto] tick=350 corpus=173643 stage=2 freeze=0
[dna] earth wrote 13 bytes to ecology
[dna] earth wrote 46 bytes to ecology
[dna] earth wrote 91 bytes to ecology
[dna] earth wrote 166 bytes to ecology
[dna] earth wrote 113 bytes to ecology
[dna] earth wrote 148 bytes to ecology
[dna] earth wrote 61 bytes to ecology
[dna] earth wrote 180 bytes to ecology
[dna] earth wrote 151 bytes to ecology
[dna] earth wrote 77 bytes to ecology
[dna] earth wrote 163 bytes to ecology
[dna] earth wrote 145 bytes to ecology
[dna] earth wrote 61 bytes to ecology
[dna] earth wrote 80 bytes to ecology
[dna] earth wrote 124 bytes to ecology
[dna] earth wrote 35 bytes to ecology
[dna] earth wrote 108 bytes to ecology
[dna] earth wrote 71 bytes to ecology
[dna] earth wrote 78 bytes to ecology
[debug-onto] tick=400 corpus=173643 stage=2 freeze=0
[dna] earth wrote 59 bytes to ecology
[dna] earth wrote 90 bytes to ecology
[dna] earth wrote 32 bytes to ecology
[dna] earth wrote 253 bytes to ecology
[dna] earth wrote 54 bytes to ecology
[dna] earth wrote 41 bytes to ecology
[dna] earth wrote 31 bytes to ecology
[dna] earth wrote 119 bytes to ecology
[dna] earth wrote 75 bytes to ecology
[dna] earth wrote 34 bytes to ecology
[dna] earth wrote 24 bytes to ecology
[dna] earth wrote 119 bytes to ecology
[dna] earth wrote 74 bytes to ecology
[dna] earth wrote 51 bytes to ecology
[dna] earth wrote 39 bytes to ecology
[dna] earth wrote 77 bytes to ecology
[dna] earth wrote 63 bytes to ecology
[dna] earth wrote 138 bytes to ecology
[dna] earth wrote 38 bytes to ecology
[dna] earth wrote 73 bytes to ecology
[dna] earth wrote 42 bytes to ecology
[dna] earth wrote 21 bytes to ecology
[debug-onto] tick=450 corpus=173643 stage=2 freeze=0
[dna] earth wrote 24 bytes to ecology
[dna] earth wrote 59 bytes to ecology
[dna] earth wrote 24 bytes to ecology
[dna] earth wrote 48 bytes to ecology
[dna] earth wrote 155 bytes to ecology
[dna] earth wrote 21 bytes to ecology
[dna] earth wrote 85 bytes to ecology
[dna] earth wrote 9 bytes to ecology
[dna] earth wrote 47 bytes to ecology
[dna] earth wrote 74 bytes to ecology
[dna] earth wrote 102 bytes to ecology
[dna] earth wrote 11 bytes to ecology
[dna] earth wrote 10 bytes to ecology
[dna] earth wrote 103 bytes to ecology
[dna] earth wrote 40 bytes to ecology
[dna] earth wrote 76 bytes to ecology
[dna] earth wrote 48 bytes to ecology
[dna] earth wrote 210 bytes to ecology
[dna] earth wrote 110 bytes to ecology
[dna] earth wrote 52 bytes to ecology
[debug-onto] tick=500 corpus=173643 stage=2 freeze=0
[dna] earth wrote 75 bytes to ecology
[dna] earth wrote 74 bytes to ecology
[dna] earth wrote 64 bytes to ecology
[dna] earth wrote 16 bytes to ecology
[dna] earth wrote 86 bytes to ecology
[dna] earth wrote 31 bytes to ecology
[dna] earth wrote 46 bytes to ecology
[dna] earth wrote 49 bytes to ecology
[dna] earth wrote 49 bytes to ecology
[dna] earth wrote 242 bytes to ecology
[dna] earth wrote 44 bytes to ecology
[dna] earth wrote 52 bytes to ecology
[dna] earth wrote 158 bytes to ecology
[dna] earth wrote 98 bytes to ecology
[dna] earth wrote 88 bytes to ecology
[dna] earth wrote 210 bytes to ecology
[dna] earth wrote 90 bytes to ecology
[dna] earth wrote 35 bytes to ecology
[dna] earth wrote 116 bytes to ecology
[debug-onto] tick=550 corpus=173643 stage=2 freeze=0
[dna] earth wrote 72 bytes to ecology
[dna] earth wrote 42 bytes to ecology
[dna] earth wrote 41 bytes to ecology
[dna] earth wrote 44 bytes to ecology
[dna] earth wrote 50 bytes to ecology
[dna] earth wrote 88 bytes to ecology
[dna] earth wrote 29 bytes to ecology
[dna] earth wrote 39 bytes to ecology
[dna] earth wrote 36 bytes to ecology
[dna] earth wrote 73 bytes to ecology
[dna] earth wrote 119 bytes to ecology
[dna] earth wrote 100 bytes to ecology
[dna] earth wrote 45 bytes to ecology
[dna] earth wrote 41 bytes to ecology
[dna] earth wrote 26 bytes to ecology
[dna] earth wrote 52 bytes to ecology
[dna] earth wrote 193 bytes to ecology
[dna] earth wrote 108 bytes to ecology
[debug-onto] tick=600 corpus=173643 stage=2 freeze=0
[dna] earth wrote 63 bytes to ecology
[dna] earth wrote 85 bytes to ecology
[dna] earth wrote 65 bytes to ecology
[dna] earth wrote 37 bytes to ecology
[dna] earth wrote 69 bytes to ecology
[dna] earth wrote 16 bytes to ecology
[dna] earth wrote 74 bytes to ecology
[dna] earth wrote 41 bytes to ecology
[dna] earth wrote 27 bytes to ecology
[dna] earth wrote 294 bytes to ecology
[dna] earth wrote 65 bytes to ecology
[dna] earth wrote 97 bytes to ecology
[dna] earth wrote 199 bytes to ecology
[dna] earth wrote 81 bytes to ecology
[dna] earth wrote 98 bytes to ecology
[dna] earth wrote 46 bytes to ecology
[dna] earth wrote 65 bytes to ecology
[dna] earth wrote 42 bytes to ecology
[dna] earth wrote 143 bytes to ecology
[dna] earth wrote 47 bytes to ecology
[dna] earth wrote 57 bytes to ecology
[dna] earth wrote 35 bytes to ecology
[dna] earth wrote 32 bytes to ecology
[debug-onto] tick=650 corpus=173643 stage=2 freeze=0
[dna] earth wrote 74 bytes to ecology
[dna] earth wrote 105 bytes to ecology
[dna] earth wrote 63 bytes to ecology
[dna] earth wrote 70 bytes to ecology
[dna] earth wrote 46 bytes to ecology
[dna] earth wrote 16 bytes to ecology
[dna] earth wrote 44 bytes to ecology
[dna] earth wrote 103 bytes to ecology
[dna] earth wrote 32 bytes to ecology
[dna] earth wrote 33 bytes to ecology
[dna] earth wrote 55 bytes to ecology
[dna] earth wrote 130 bytes to ecology
[dna] earth wrote 16 bytes to ecology
[dna] earth wrote 172 bytes to ecology

[evolution] Organism shutting down gracefully.
