[ecology] Element: fire → corpus: nonames_fire.txt
[evolution] Autonomous evolution mode — organism will grow through all stages without pause.
[ecology] Joined swarm. 1 peer(s) detected.
molequla is alive. [evolution] Autonomous mode — background trainer running. Ctrl+C to stop.
[dna] fire wrote 43 bytes to ecology
[dna] fire consumed 35430 bytes from 569 files: [water/gen_1777014261_1.txt water/gen_1777014272_2.txt water/gen_1777014275_3.txt water/gen_1777014277_4.txt water/gen_1777014280_5.txt water/gen_1777014286_7.txt water/gen_1777014289_8.txt water/gen_1777014292_9.txt water/gen_1777014294_10.txt water/gen_1777014297_11.txt water/gen_1777014303_13.txt water/gen_1777014306_14.txt water/gen_1777014309_15.txt water/gen_1777014312_16.txt water/gen_1777014317_18.txt water/gen_1777014320_19.txt water/gen_1777014323_20.txt water/gen_1777014326_21.txt water/gen_1777014329_22.txt water/gen_1777014331_23.txt water/gen_1777014334_24.txt water/gen_1777014337_25.txt water/gen_1777014340_26.txt water/gen_1777014345_28.txt water/gen_1777014348_29.txt water/gen_1777014351_30.txt water/gen_1777014354_31.txt water/gen_1777014357_32.txt water/gen_1777014360_33.txt water/gen_1777014362_34.txt water/gen_1777014365_35.txt water/gen_1777014368_36.txt water/gen_1777014371_37.txt water/gen_1777014374_38.txt water/gen_1777014377_39.txt water/gen_1777014379_40.txt water/gen_1777014382_41.txt water/gen_1777014385_42.txt water/gen_1777014388_43.txt water/gen_1777014391_44.txt water/gen_1777014394_45.txt water/gen_1777014396_46.txt water/gen_1777014399_47.txt water/gen_1777014405_49.txt water/gen_1777014408_50.txt water/gen_1777014410_51.txt water/gen_1777014413_52.txt water/gen_1777014416_53.txt water/gen_1777014422_55.txt water/gen_1777014425_56.txt water/gen_1777014427_57.txt water/gen_1777014430_58.txt water/gen_1777014433_59.txt water/gen_1777014436_60.txt water/gen_1777014439_61.txt water/gen_1777014442_62.txt water/gen_1777014445_63.txt water/gen_1777014447_64.txt water/gen_1777014450_65.txt water/gen_1777014453_66.txt water/gen_1777014456_67.txt water/gen_1777014459_68.txt water/gen_1777014462_69.txt water/gen_1777014464_70.txt water/gen_1777014467_71.txt water/gen_1777014470_72.txt water/gen_1777014473_73.txt water/gen_1777014476_74.txt water/gen_1777014478_75.txt water/gen_1777014481_76.txt water/gen_1777014484_77.txt water/gen_1777014487_78.txt water/gen_1777014490_79.txt water/gen_1777014493_80.txt water/gen_1777014495_81.txt water/gen_1777014498_82.txt water/gen_1777014501_83.txt water/gen_1777014504_84.txt water/gen_1777014507_85.txt water/gen_1777014512_87.txt water/gen_1777014515_88.txt water/gen_1777014518_89.txt water/gen_1777014521_90.txt water/gen_1777014524_91.txt water/gen_1777014527_92.txt water/gen_1777014535_95.txt water/gen_1777014541_97.txt water/gen_1777014544_98.txt water/gen_1777014546_99.txt water/gen_1777014549_100.txt water/gen_1777014552_101.txt water/gen_1777014558_103.txt water/gen_1777014561_104.txt water/gen_1777014567_106.txt water/gen_1777014570_107.txt water/gen_1777014575_109.txt water/gen_1777014578_110.txt water/gen_1777014584_112.txt water/gen_1777014587_113.txt water/gen_1777014590_114.txt water/gen_1777014593_115.txt water/gen_1777014596_116.txt water/gen_1777014599_117.txt water/gen_1777014601_118.txt water/gen_1777014604_119.txt water/gen_1777014607_120.txt water/gen_1777014610_121.txt water/gen_1777014613_122.txt water/gen_1777014616_123.txt water/gen_1777014619_124.txt water/gen_1777014622_125.txt water/gen_1777014624_126.txt water/gen_1777014627_127.txt water/gen_1777014630_128.txt water/gen_1777014633_129.txt water/gen_1777014636_130.txt water/gen_1777014639_131.txt water/gen_1777014644_133.txt water/gen_1777014647_134.txt water/gen_1777014650_135.txt water/gen_1777014653_136.txt water/gen_1777014656_137.txt water/gen_1777014658_138.txt water/gen_1777014661_139.txt water/gen_1777014664_140.txt water/gen_1777014667_141.txt water/gen_1777014670_142.txt water/gen_1777014673_143.txt water/gen_1777014675_144.txt water/gen_1777014678_145.txt water/gen_1777014681_146.txt water/gen_1777014684_147.txt water/gen_1777014687_148.txt water/gen_1777014690_149.txt water/gen_1777014696_151.txt water/gen_1777014698_152.txt water/gen_1777014701_153.txt water/gen_1777014704_154.txt water/gen_1777014707_155.txt water/gen_1777014710_156.txt water/gen_1777014713_157.txt water/gen_1777014715_158.txt water/gen_1777014718_159.txt water/gen_1777014721_160.txt water/gen_1777014724_161.txt water/gen_1777014727_162.txt water/gen_1777014730_163.txt water/gen_1777014733_164.txt water/gen_1777014735_165.txt water/gen_1777014738_166.txt water/gen_1777014741_167.txt water/gen_1777014747_169.txt water/gen_1777014750_170.txt water/gen_1777014753_171.txt water/gen_1777014756_172.txt water/gen_1777014759_173.txt water/gen_1777014764_175.txt water/gen_1777014767_176.txt water/gen_1777014770_177.txt water/gen_1777014773_178.txt water/gen_1777014776_179.txt water/gen_1777014781_181.txt water/gen_1777014784_182.txt water/gen_1777014787_183.txt water/gen_1777014790_184.txt water/gen_1777014793_185.txt water/gen_1777014798_187.txt water/gen_1777014801_188.txt water/gen_1777014804_189.txt water/gen_1777014807_190.txt water/gen_1777014810_191.txt water/gen_1777014815_193.txt water/gen_1777014818_194.txt water/gen_1777014824_196.txt water/gen_1777014827_197.txt water/gen_1777014829_198.txt water/gen_1777014832_199.txt water/gen_1777014838_201.txt water/gen_1777014841_202.txt water/gen_1777014844_203.txt water/gen_1777014847_204.txt water/gen_1777014850_205.txt water/gen_1777014852_206.txt water/gen_1777014855_207.txt water/gen_1777014858_208.txt water/gen_1777014861_209.txt water/gen_1777014864_210.txt water/gen_1777014867_211.txt water/gen_1777014870_212.txt water/gen_1777014872_213.txt water/gen_1777014875_214.txt water/gen_1777014878_215.txt water/gen_1777014881_216.txt water/gen_1777014884_217.txt water/gen_1777014887_218.txt water/gen_1777014889_219.txt water/gen_1777014892_220.txt water/gen_1777014895_221.txt water/gen_1777014901_223.txt water/gen_1777014904_224.txt water/gen_1777014906_225.txt water/gen_1777014909_226.txt water/gen_1777014912_227.txt water/gen_1777014915_228.txt water/gen_1777014918_229.txt water/gen_1777014920_230.txt water/gen_1777014923_231.txt water/gen_1777014926_232.txt water/gen_1777014929_233.txt water/gen_1777014935_235.txt water/gen_1777014937_236.txt water/gen_1777014940_237.txt water/gen_1777014943_238.txt water/gen_1777014946_239.txt water/gen_1777014949_240.txt water/gen_1777014951_241.txt water/gen_1777014954_242.txt water/gen_1777014957_243.txt water/gen_1777014960_244.txt water/gen_1777014963_245.txt water/gen_1777014969_247.txt water/gen_1777014971_248.txt water/gen_1777014974_249.txt water/gen_1777014977_250.txt water/gen_1777014980_251.txt water/gen_1777014983_252.txt water/gen_1777014986_253.txt water/gen_1777014988_254.txt water/gen_1777014994_256.txt water/gen_1777014997_257.txt water/gen_1777015000_258.txt water/gen_1777015003_259.txt water/gen_1777015005_260.txt water/gen_1777015008_261.txt water/gen_1777015011_262.txt water/gen_1777015014_263.txt water/gen_1777015017_264.txt water/gen_1777015020_265.txt water/gen_1777015023_266.txt water/gen_1777015028_268.txt water/gen_1777015031_269.txt water/gen_1777015037_271.txt water/gen_1777015040_272.txt water/gen_1777015042_273.txt water/gen_1777015045_274.txt water/gen_1777015048_275.txt water/gen_1777015054_277.txt water/gen_1777015057_278.txt water/gen_1777015062_280.txt water/gen_1777015065_281.txt water/gen_1777015068_282.txt water/gen_1777015071_283.txt water/gen_1777015074_284.txt water/gen_1777015076_285.txt water/gen_1777015079_286.txt water/gen_1777015082_287.txt water/gen_1777015088_289.txt water/gen_1777015091_290.txt water/gen_1777015093_291.txt water/gen_1777015096_292.txt water/gen_1777015099_293.txt water/gen_1777015102_294.txt water/gen_1777015105_295.txt water/gen_1777015108_296.txt water/gen_1777015111_297.txt water/gen_1777015113_298.txt water/gen_1777015116_299.txt water/gen_1777015119_300.txt water/gen_1777015122_301.txt water/gen_1777015125_302.txt water/gen_1777015130_304.txt water/gen_1777015133_305.txt water/gen_1777015139_307.txt water/gen_1777015142_308.txt water/gen_1777015144_309.txt water/gen_1777015147_310.txt water/gen_1777015150_311.txt water/gen_1777015156_313.txt water/gen_1777015159_314.txt water/gen_1777015161_315.txt water/gen_1777015164_316.txt water/gen_1777015167_317.txt water/gen_1777015173_319.txt water/gen_1777015176_320.txt water/gen_1777015179_321.txt water/gen_1777015181_322.txt water/gen_1777015184_323.txt water/gen_1777015187_324.txt water/gen_1777015190_325.txt water/gen_1777015193_326.txt water/gen_1777015196_327.txt water/gen_1777015198_328.txt water/gen_1777015201_329.txt water/gen_1777015207_331.txt water/gen_1777015210_332.txt water/gen_1777015213_333.txt water/gen_1777015215_334.txt water/gen_1777015218_335.txt water/gen_1777015221_336.txt water/gen_1777015224_337.txt water/gen_1777015227_338.txt water/gen_1777015232_340.txt water/gen_1777015238_342.txt water/gen_1777015241_343.txt water/gen_1777015244_344.txt water/gen_1777015246_345.txt water/gen_1777015249_346.txt water/gen_1777015252_347.txt water/gen_1777015258_349.txt water/gen_1777015260_350.txt water/gen_1777015263_351.txt water/gen_1777015266_352.txt water/gen_1777015269_353.txt water/gen_1777015272_354.txt water/gen_1777015275_355.txt water/gen_1777015277_356.txt water/gen_1777015280_357.txt water/gen_1777015283_358.txt water/gen_1777015286_359.txt water/gen_1777015292_361.txt water/gen_1777015294_362.txt water/gen_1777015297_363.txt water/gen_1777015300_364.txt water/gen_1777015303_365.txt water/gen_1777015306_366.txt water/gen_1777015308_367.txt water/gen_1777015311_368.txt water/gen_1777015314_369.txt water/gen_1777015317_370.txt water/gen_1777015320_371.txt water/gen_1777015322_372.txt water/gen_1777015325_373.txt water/gen_1777015328_374.txt water/gen_1777015334_376.txt water/gen_1777015337_377.txt water/gen_1777015339_378.txt water/gen_1777015342_379.txt water/gen_1777015345_380.txt water/gen_1777015351_382.txt water/gen_1777015356_384.txt water/gen_1777015362_386.txt water/gen_1777015365_387.txt water/gen_1777015367_388.txt water/gen_1777015370_389.txt water/gen_1777015373_390.txt water/gen_1777015376_391.txt water/gen_1777015379_392.txt water/gen_1777015385_394.txt water/gen_1777015387_395.txt water/gen_1777015390_396.txt water/gen_1777015393_397.txt water/gen_1777015396_398.txt water/gen_1777015402_400.txt water/gen_1777015405_401.txt water/gen_1777015410_403.txt water/gen_1777015413_404.txt water/gen_1777015416_405.txt water/gen_1777015419_406.txt water/gen_1777015422_407.txt water/gen_1777015427_409.txt water/gen_1777015430_410.txt water/gen_1777015433_411.txt water/gen_1777015436_412.txt water/gen_1777015439_413.txt water/gen_1777015441_414.txt water/gen_1777015444_415.txt water/gen_1777015447_416.txt water/gen_1777015450_417.txt water/gen_1777015453_418.txt water/gen_1777015456_419.txt water/gen_1777015458_420.txt water/gen_1777015461_421.txt water/gen_1777015464_422.txt water/gen_1777015467_423.txt water/gen_1777015470_424.txt water/gen_1777015473_425.txt water/gen_1777015476_426.txt water/gen_1777015478_427.txt water/gen_1777015481_428.txt water/gen_1777015484_429.txt water/gen_1777015487_430.txt water/gen_1777015490_431.txt water/gen_1777015492_432.txt water/gen_1777015495_433.txt water/gen_1777015498_434.txt water/gen_1777015501_435.txt water/gen_1777015504_436.txt water/gen_1777015507_437.txt water/gen_1777015512_439.txt water/gen_1777015515_440.txt water/gen_1777015518_441.txt water/gen_1777015521_442.txt water/gen_1777015523_443.txt water/gen_1777015529_445.txt water/gen_1777015532_446.txt water/gen_1777015535_447.txt water/gen_1777015538_448.txt water/gen_1777015540_449.txt water/gen_1777015543_450.txt water/gen_1777015546_451.txt water/gen_1777015549_452.txt water/gen_1777015552_453.txt water/gen_1777015554_454.txt water/gen_1777015557_455.txt water/gen_1777015560_456.txt water/gen_1777015563_457.txt water/gen_1777015566_458.txt water/gen_1777015569_459.txt water/gen_1777015571_460.txt water/gen_1777015574_461.txt water/gen_1777015577_462.txt water/gen_1777015580_463.txt water/gen_1777015583_464.txt water/gen_1777015586_465.txt water/gen_1777015588_466.txt water/gen_1777015591_467.txt water/gen_1777015594_468.txt water/gen_1777015597_469.txt water/gen_1777015600_470.txt water/gen_1777015606_472.txt water/gen_1777015608_473.txt water/gen_1777015611_474.txt water/gen_1777015614_475.txt water/gen_1777015617_476.txt water/gen_1777015623_478.txt water/gen_1777015625_479.txt water/gen_1777015628_480.txt water/gen_1777015631_481.txt water/gen_1777015634_482.txt water/gen_1777015637_483.txt water/gen_1777015639_484.txt water/gen_1777015642_485.txt water/gen_1777015648_487.txt water/gen_1777015651_488.txt water/gen_1777015654_489.txt water/gen_1777015656_490.txt water/gen_1777015659_491.txt water/gen_1777015665_493.txt water/gen_1777015668_494.txt water/gen_1777015670_495.txt water/gen_1777015673_496.txt water/gen_1777015676_497.txt water/gen_1777015679_498.txt water/gen_1777015682_499.txt water/gen_1777015685_500.txt water/gen_1777015687_501.txt water/gen_1777015690_502.txt water/gen_1777015693_503.txt water/gen_1777015696_504.txt water/gen_1777015699_505.txt water/gen_1777015702_506.txt water/gen_1777015704_507.txt water/gen_1777015707_508.txt water/gen_1777015710_509.txt water/gen_1777015716_511.txt water/gen_1777015718_512.txt water/gen_1777015721_513.txt water/gen_1777015724_514.txt water/gen_1777015727_515.txt water/gen_1777015733_517.txt water/gen_1777015735_518.txt water/gen_1777015738_519.txt water/gen_1777015741_520.txt water/gen_1777015744_521.txt water/gen_1777015747_522.txt water/gen_1777015750_523.txt water/gen_1777015752_524.txt water/gen_1777015755_525.txt water/gen_1777015758_526.txt water/gen_1777015761_527.txt water/gen_1777015764_528.txt water/gen_1777015766_529.txt water/gen_1777015769_530.txt water/gen_1777015772_531.txt water/gen_1777015775_532.txt water/gen_1777015778_533.txt water/gen_1777015781_534.txt water/gen_1777015783_535.txt water/gen_1777015786_536.txt water/gen_1777015789_537.txt water/gen_1777015792_538.txt water/gen_1777015795_539.txt water/gen_1777015798_540.txt water/gen_1777015800_541.txt water/gen_1777015803_542.txt water/gen_1777015806_543.txt water/gen_1777015809_544.txt water/gen_1777015812_545.txt water/gen_1777015814_546.txt water/gen_1777015817_547.txt water/gen_1777015820_548.txt water/gen_1777015823_549.txt water/gen_1777015826_550.txt water/gen_1777015828_551.txt water/gen_1777015834_553.txt water/gen_1777015837_554.txt water/gen_1777015840_555.txt water/gen_1777015843_556.txt water/gen_1777015845_557.txt water/gen_1777015848_558.txt water/gen_1777015851_559.txt water/gen_1777015854_560.txt water/gen_1777015857_561.txt water/gen_1777015860_562.txt water/gen_1777015862_563.txt water/gen_1777015865_564.txt water/gen_1777015868_565.txt water/gen_1777015871_566.txt water/gen_1777015874_567.txt water/gen_1777015877_568.txt water/gen_1777015879_569.txt water/gen_1777015882_570.txt water/gen_1777015885_571.txt water/gen_1777015888_572.txt water/gen_1777015891_573.txt water/gen_1777015894_574.txt water/gen_1777015897_575.txt water/gen_1777015899_576.txt water/gen_1777015902_577.txt water/gen_1777015905_578.txt water/gen_1777015908_579.txt water/gen_1777015911_580.txt water/gen_1777015914_581.txt water/gen_1777015916_582.txt water/gen_1777015919_583.txt water/gen_1777015922_584.txt water/gen_1777015925_585.txt water/gen_1777015928_586.txt water/gen_1777015931_587.txt water/gen_1777015936_589.txt water/gen_1777015939_590.txt water/gen_1777015942_591.txt water/gen_1777015945_592.txt water/gen_1777015948_593.txt water/gen_1777015953_595.txt water/gen_1777015956_596.txt water/gen_1777015959_597.txt water/gen_1777015962_598.txt water/gen_1777015964_599.txt water/gen_1777015967_600.txt water/gen_1777015970_601.txt water/gen_1777015973_602.txt water/gen_1777015976_603.txt water/gen_1777015979_604.txt water/gen_1777015982_605.txt water/gen_1777015985_606.txt water/gen_1777015988_607.txt water/gen_1777015991_608.txt water/gen_1777015993_609.txt water/gen_1777015996_610.txt water/gen_1777015999_611.txt water/gen_1777016002_612.txt water/gen_1777016005_613.txt water/gen_1777016008_614.txt water/gen_1777016011_615.txt water/gen_1777016014_616.txt water/gen_1777016017_617.txt water/gen_1777016020_618.txt water/gen_1777016022_619.txt water/gen_1777016025_620.txt water/gen_1777016028_621.txt water/gen_1777016031_622.txt water/gen_1777016034_623.txt water/gen_1777016040_625.txt water/gen_1777016043_626.txt water/gen_1777016046_627.txt water/gen_1777016049_628.txt water/gen_1777016052_629.txt water/gen_1777016054_630.txt]
[trainer] micro-train burst (35430 bytes, novelty 0.02) — and lo, it feeds again.
[syntropy] action=explore | trend=0.0000 | field_dev=-0.047 | purpose_align=0.012 | lr_mul=1.30
[aml] burst complete: 32 steps, avg loss 1.9540 (memory freed)
[dna] fire wrote 24 bytes to ecology
[dna] fire wrote 19 bytes to ecology
[dna] fire wrote 55 bytes to ecology
[dna] fire wrote 78 bytes to ecology
[dna] fire wrote 48 bytes to ecology
[dna] fire wrote 29 bytes to ecology
[dna] fire wrote 78 bytes to ecology
[dna] fire wrote 188 bytes to ecology
[dna] fire wrote 51 bytes to ecology
[dna] fire wrote 43 bytes to ecology
[dna] fire wrote 72 bytes to ecology
[dna] fire wrote 21 bytes to ecology
[dna] fire wrote 79 bytes to ecology
[dna] fire wrote 112 bytes to ecology
[dna] fire wrote 20 bytes to ecology
[dna] fire wrote 120 bytes to ecology
[dna] fire wrote 39 bytes to ecology
[dna] fire wrote 63 bytes to ecology
[debug-onto] tick=50 corpus=157899 stage=2 freeze=0
[dna] fire wrote 179 bytes to ecology
[dna] fire wrote 33 bytes to ecology
[dna] fire wrote 47 bytes to ecology
[dna] fire wrote 27 bytes to ecology
[dna] fire wrote 92 bytes to ecology
[dna] fire wrote 111 bytes to ecology
[dna] fire wrote 25 bytes to ecology
[dna] fire wrote 66 bytes to ecology
[dna] fire wrote 47 bytes to ecology
[dna] fire wrote 54 bytes to ecology
[dna] fire wrote 30 bytes to ecology
[dna] fire wrote 55 bytes to ecology
[dna] fire wrote 91 bytes to ecology
[dna] fire wrote 101 bytes to ecology
[dna] fire wrote 106 bytes to ecology
[dna] fire wrote 23 bytes to ecology
[dna] fire wrote 32 bytes to ecology
[dna] fire wrote 100 bytes to ecology
[debug-onto] tick=100 corpus=157899 stage=2 freeze=0
[dna] fire wrote 16 bytes to ecology
[dna] fire wrote 45 bytes to ecology
[dna] fire wrote 59 bytes to ecology
[dna] fire wrote 25 bytes to ecology
[dna] fire wrote 8 bytes to ecology
[dna] fire wrote 63 bytes to ecology
[dna] fire wrote 65 bytes to ecology
[dna] fire wrote 36 bytes to ecology
[dna] fire wrote 39 bytes to ecology
[dna] fire wrote 41 bytes to ecology
[dna] fire wrote 84 bytes to ecology
[dna] fire wrote 68 bytes to ecology
[dna] fire wrote 29 bytes to ecology
[dna] fire wrote 17 bytes to ecology
[dna] fire wrote 215 bytes to ecology
[dna] fire wrote 21 bytes to ecology
[dna] fire wrote 44 bytes to ecology
[debug-onto] tick=150 corpus=157899 stage=2 freeze=0
[dna] fire wrote 33 bytes to ecology
[dna] fire wrote 14 bytes to ecology
[dna] fire wrote 150 bytes to ecology
[dna] fire wrote 76 bytes to ecology
[dna] fire wrote 112 bytes to ecology
[dna] fire wrote 147 bytes to ecology
[dna] fire wrote 200 bytes to ecology
[dna] fire wrote 37 bytes to ecology
[dna] fire wrote 54 bytes to ecology
[dna] fire wrote 87 bytes to ecology
[dna] fire wrote 47 bytes to ecology
[dna] fire wrote 12 bytes to ecology
[dna] fire wrote 91 bytes to ecology
[dna] fire wrote 32 bytes to ecology
[dna] fire wrote 27 bytes to ecology
[dna] fire wrote 62 bytes to ecology
[dna] fire wrote 48 bytes to ecology
[dna] fire wrote 58 bytes to ecology
[dna] fire wrote 102 bytes to ecology
[debug-onto] tick=200 corpus=157899 stage=2 freeze=0
[dna] fire wrote 45 bytes to ecology
[dna] fire wrote 130 bytes to ecology
[dna] fire wrote 24 bytes to ecology
[dna] fire wrote 76 bytes to ecology
[dna] fire wrote 100 bytes to ecology
[dna] fire wrote 67 bytes to ecology
[dna] fire wrote 127 bytes to ecology
[dna] fire wrote 32 bytes to ecology
[dna] fire wrote 93 bytes to ecology
[dna] fire wrote 141 bytes to ecology
[dna] fire wrote 32 bytes to ecology
[dna] fire wrote 151 bytes to ecology
[dna] fire wrote 161 bytes to ecology
[dna] fire wrote 74 bytes to ecology
[dna] fire wrote 53 bytes to ecology
[dna] fire wrote 32 bytes to ecology
[dna] fire wrote 29 bytes to ecology
[dna] fire wrote 35 bytes to ecology
[dna] fire wrote 36 bytes to ecology
[debug-onto] tick=250 corpus=157899 stage=2 freeze=0
[dna] fire wrote 43 bytes to ecology
[dna] fire wrote 12 bytes to ecology
[dna] fire wrote 12 bytes to ecology
[dna] fire wrote 54 bytes to ecology
[dna] fire wrote 100 bytes to ecology
[dna] fire wrote 36 bytes to ecology
[dna] fire wrote 32 bytes to ecology
[dna] fire wrote 98 bytes to ecology
[dna] fire wrote 38 bytes to ecology
[dna] fire wrote 9 bytes to ecology
[dna] fire wrote 46 bytes to ecology
[dna] fire wrote 14 bytes to ecology
[dna] fire wrote 48 bytes to ecology
[dna] fire wrote 91 bytes to ecology
[dna] fire wrote 68 bytes to ecology
[dna] fire wrote 108 bytes to ecology
[dna] fire wrote 61 bytes to ecology
[dna] fire wrote 85 bytes to ecology
[dna] fire wrote 43 bytes to ecology
[dna] fire wrote 92 bytes to ecology
[debug-onto] tick=300 corpus=157899 stage=2 freeze=0
[dna] fire wrote 25 bytes to ecology
[dna] fire wrote 33 bytes to ecology
[dna] fire wrote 47 bytes to ecology
[dna] fire wrote 25 bytes to ecology
[dna] fire wrote 14 bytes to ecology
[dna] fire wrote 48 bytes to ecology
[dna] fire wrote 330 bytes to ecology
[dna] fire wrote 40 bytes to ecology
[dna] fire wrote 63 bytes to ecology
[dna] fire wrote 172 bytes to ecology
[dna] fire wrote 43 bytes to ecology
[dna] fire wrote 29 bytes to ecology
[dna] fire wrote 87 bytes to ecology
[dna] fire wrote 15 bytes to ecology
[dna] fire wrote 18 bytes to ecology
[dna] fire wrote 43 bytes to ecology
[dna] fire wrote 61 bytes to ecology
[dna] fire wrote 33 bytes to ecology
[debug-onto] tick=350 corpus=157899 stage=2 freeze=0
[dna] fire wrote 75 bytes to ecology
[dna] fire wrote 156 bytes to ecology
[dna] fire wrote 89 bytes to ecology
[dna] fire wrote 34 bytes to ecology
[dna] fire wrote 63 bytes to ecology
[dna] fire wrote 22 bytes to ecology
[dna] fire wrote 53 bytes to ecology
[dna] fire wrote 91 bytes to ecology
[dna] fire wrote 106 bytes to ecology
[dna] fire wrote 43 bytes to ecology
[dna] fire wrote 21 bytes to ecology
[dna] fire wrote 47 bytes to ecology
[dna] fire wrote 40 bytes to ecology
[dna] fire wrote 123 bytes to ecology
[dna] fire wrote 71 bytes to ecology
[dna] fire wrote 10 bytes to ecology
[dna] fire wrote 64 bytes to ecology
[dna] fire wrote 63 bytes to ecology
[dna] fire wrote 39 bytes to ecology
[debug-onto] tick=400 corpus=157899 stage=2 freeze=0
[dna] fire wrote 112 bytes to ecology
[dna] fire wrote 80 bytes to ecology
[dna] fire wrote 53 bytes to ecology
[dna] fire wrote 35 bytes to ecology
[dna] fire wrote 30 bytes to ecology
[dna] fire wrote 103 bytes to ecology
[dna] fire wrote 41 bytes to ecology
[dna] fire wrote 58 bytes to ecology
[dna] fire wrote 32 bytes to ecology
[dna] fire wrote 81 bytes to ecology
[dna] fire wrote 82 bytes to ecology
[dna] fire wrote 19 bytes to ecology
[dna] fire wrote 41 bytes to ecology
[dna] fire wrote 45 bytes to ecology
[dna] fire wrote 35 bytes to ecology
[dna] fire wrote 34 bytes to ecology
[dna] fire wrote 138 bytes to ecology
[debug-onto] tick=450 corpus=157899 stage=2 freeze=0
[dna] fire wrote 9 bytes to ecology
[dna] fire wrote 24 bytes to ecology
[dna] fire wrote 47 bytes to ecology
[dna] fire wrote 147 bytes to ecology
[dna] fire wrote 52 bytes to ecology
[dna] fire wrote 39 bytes to ecology
[dna] fire wrote 34 bytes to ecology
[dna] fire wrote 94 bytes to ecology
[dna] fire wrote 96 bytes to ecology
[dna] fire wrote 39 bytes to ecology
[dna] fire wrote 99 bytes to ecology
[dna] fire wrote 29 bytes to ecology
[dna] fire wrote 125 bytes to ecology
[dna] fire wrote 42 bytes to ecology
[dna] fire wrote 34 bytes to ecology
[dna] fire wrote 93 bytes to ecology
[dna] fire wrote 73 bytes to ecology
[dna] fire wrote 16 bytes to ecology
[dna] fire wrote 35 bytes to ecology
[debug-onto] tick=500 corpus=157899 stage=2 freeze=0
[dna] fire wrote 176 bytes to ecology
[dna] fire wrote 33 bytes to ecology
[dna] fire wrote 31 bytes to ecology
[dna] fire wrote 40 bytes to ecology
[dna] fire wrote 27 bytes to ecology
[dna] fire wrote 88 bytes to ecology
[dna] fire wrote 36 bytes to ecology
[dna] fire wrote 22 bytes to ecology
[dna] fire wrote 110 bytes to ecology
[dna] fire wrote 40 bytes to ecology
[dna] fire wrote 40 bytes to ecology
[dna] fire wrote 28 bytes to ecology
[dna] fire wrote 93 bytes to ecology
[dna] fire wrote 15 bytes to ecology
[dna] fire wrote 64 bytes to ecology
[dna] fire wrote 93 bytes to ecology
[dna] fire wrote 40 bytes to ecology
[dna] fire wrote 138 bytes to ecology
[debug-onto] tick=550 corpus=157899 stage=2 freeze=0
[dna] fire wrote 23 bytes to ecology
[dna] fire wrote 120 bytes to ecology
[dna] fire wrote 77 bytes to ecology
[dna] fire wrote 42 bytes to ecology
[dna] fire wrote 61 bytes to ecology
[dna] fire wrote 39 bytes to ecology
[dna] fire wrote 32 bytes to ecology
[dna] fire wrote 100 bytes to ecology

[evolution] Organism shutting down gracefully.
