[ecology] Element: water → corpus: nonames_water.txt
[evolution] Autonomous evolution mode — organism will grow through all stages without pause.
[ecology] Joined swarm. 1 peer(s) detected.
molequla is alive. [evolution] Autonomous mode — background trainer running. Ctrl+C to stop.
[dna] water wrote 85 bytes to ecology
[dna] water consumed 17888 bytes from 252 files: [air/gen_1777012461_1.txt air/gen_1777012474_2.txt air/gen_1777012479_4.txt air/gen_1777012482_5.txt air/gen_1777012487_7.txt air/gen_1777012496_10.txt air/gen_1777012504_13.txt air/gen_1777012512_16.txt air/gen_1777012521_19.txt air/gen_1777012523_20.txt air/gen_1777012529_22.txt air/gen_1777012537_25.txt air/gen_1777012546_28.txt air/gen_1777012554_31.txt air/gen_1777012562_34.txt air/gen_1777012571_37.txt air/gen_1777012579_40.txt air/gen_1777012587_43.txt air/gen_1777012592_45.txt air/gen_1777012595_46.txt air/gen_1777012604_49.txt air/gen_1777012612_52.txt air/gen_1777012620_55.txt air/gen_1777012628_58.txt air/gen_1777012636_61.txt air/gen_1777012642_63.txt air/gen_1777012644_64.txt air/gen_1777012652_67.txt air/gen_1777012660_70.txt air/gen_1777012677_76.txt air/gen_1777012685_79.txt air/gen_1777012693_82.txt air/gen_1777012701_85.txt air/gen_1777012709_88.txt air/gen_1777012712_89.txt air/gen_1777012717_91.txt air/gen_1777012726_94.txt air/gen_1777012734_97.txt air/gen_1777012742_100.txt air/gen_1777012750_103.txt air/gen_1777012758_106.txt air/gen_1777012767_109.txt air/gen_1777012775_112.txt air/gen_1777012783_115.txt air/gen_1777012791_118.txt air/gen_1777012799_121.txt air/gen_1777012807_124.txt air/gen_1777012810_125.txt air/gen_1777012815_127.txt air/gen_1777012823_130.txt air/gen_1777012831_133.txt air/gen_1777012840_136.txt air/gen_1777012848_139.txt air/gen_1777012856_142.txt air/gen_1777012864_145.txt air/gen_1777012872_148.txt air/gen_1777012880_151.txt air/gen_1777012888_154.txt air/gen_1777012896_157.txt air/gen_1777012905_160.txt air/gen_1777012913_163.txt air/gen_1777012921_166.txt air/gen_1777012929_169.txt air/gen_1777012937_172.txt air/gen_1777012945_175.txt air/gen_1777012954_178.txt air/gen_1777012962_181.txt air/gen_1777012970_184.txt air/gen_1777012973_185.txt air/gen_1777012978_187.txt air/gen_1777012986_190.txt air/gen_1777012994_193.txt air/gen_1777012997_194.txt air/gen_1777013003_196.txt air/gen_1777013011_199.txt air/gen_1777013019_202.txt air/gen_1777013027_205.txt air/gen_1777013035_208.txt air/gen_1777013043_211.txt air/gen_1777013051_214.txt air/gen_1777013054_215.txt air/gen_1777013060_217.txt air/gen_1777013068_220.txt air/gen_1777013076_223.txt air/gen_1777013084_226.txt air/gen_1777013092_229.txt air/gen_1777013109_235.txt air/gen_1777013117_238.txt air/gen_1777013125_241.txt air/gen_1777013133_244.txt air/gen_1777013141_247.txt air/gen_1777013149_250.txt air/gen_1777013157_253.txt air/gen_1777013163_255.txt air/gen_1777013165_256.txt air/gen_1777013174_259.txt air/gen_1777013182_262.txt air/gen_1777013190_265.txt air/gen_1777013198_268.txt air/gen_1777013201_269.txt air/gen_1777013206_271.txt air/gen_1777013214_274.txt air/gen_1777013217_275.txt air/gen_1777013222_277.txt air/gen_1777013231_280.txt air/gen_1777013239_283.txt air/gen_1777013247_286.txt air/gen_1777013255_289.txt air/gen_1777013263_292.txt air/gen_1777013271_295.txt air/gen_1777013274_296.txt air/gen_1777013277_297.txt air/gen_1777013280_298.txt air/gen_1777013288_301.txt air/gen_1777013296_304.txt air/gen_1777013304_307.txt air/gen_1777013312_310.txt air/gen_1777013321_313.txt air/gen_1777013329_316.txt air/gen_1777013337_319.txt air/gen_1777013345_322.txt air/gen_1777013353_325.txt air/gen_1777013355_326.txt air/gen_1777013361_328.txt air/gen_1777013369_331.txt air/gen_1777013374_333.txt air/gen_1777013377_334.txt air/gen_1777013380_335.txt air/gen_1777013385_337.txt air/gen_1777013388_338.txt air/gen_1777013394_340.txt air/gen_1777013402_343.txt air/gen_1777013410_346.txt air/gen_1777013418_349.txt air/gen_1777013421_350.txt air/gen_1777013426_352.txt air/gen_1777013434_355.txt air/gen_1777013443_358.txt air/gen_1777013451_361.txt air/gen_1777013453_362.txt air/gen_1777013459_364.txt air/gen_1777013467_367.txt air/gen_1777013475_370.txt air/gen_1777013483_373.txt air/gen_1777013491_376.txt air/gen_1777013500_379.txt air/gen_1777013508_382.txt air/gen_1777013516_385.txt air/gen_1777013524_388.txt air/gen_1777013532_391.txt air/gen_1777013540_394.txt air/gen_1777013548_397.txt air/gen_1777013557_400.txt air/gen_1777013565_403.txt air/gen_1777013573_406.txt air/gen_1777013581_409.txt air/gen_1777013589_412.txt air/gen_1777013597_415.txt air/gen_1777013606_418.txt air/gen_1777013614_421.txt air/gen_1777013622_424.txt air/gen_1777013630_427.txt air/gen_1777013638_430.txt air/gen_1777013646_433.txt air/gen_1777013654_436.txt air/gen_1777013663_439.txt air/gen_1777013671_442.txt air/gen_1777013679_445.txt air/gen_1777013682_446.txt air/gen_1777013687_448.txt air/gen_1777013695_451.txt air/gen_1777013703_454.txt air/gen_1777013711_457.txt air/gen_1777013719_460.txt air/gen_1777013727_463.txt air/gen_1777013736_466.txt air/gen_1777013744_469.txt air/gen_1777013752_472.txt air/gen_1777013760_475.txt air/gen_1777013768_478.txt air/gen_1777013776_481.txt air/gen_1777013782_483.txt air/gen_1777013784_484.txt air/gen_1777013793_487.txt air/gen_1777013801_490.txt air/gen_1777013809_493.txt air/gen_1777013817_496.txt air/gen_1777013825_499.txt air/gen_1777013833_502.txt air/gen_1777013841_505.txt air/gen_1777013849_508.txt air/gen_1777013858_511.txt air/gen_1777013863_513.txt air/gen_1777013866_514.txt air/gen_1777013874_517.txt air/gen_1777013877_518.txt air/gen_1777013882_520.txt air/gen_1777013885_521.txt air/gen_1777013890_523.txt air/gen_1777013898_526.txt air/gen_1777013907_529.txt air/gen_1777013909_530.txt air/gen_1777013915_532.txt air/gen_1777013923_535.txt air/gen_1777013931_538.txt air/gen_1777013939_541.txt air/gen_1777013947_544.txt air/gen_1777013956_547.txt air/gen_1777013964_550.txt air/gen_1777013972_553.txt air/gen_1777013980_556.txt air/gen_1777013988_559.txt air/gen_1777013997_562.txt air/gen_1777014005_565.txt air/gen_1777014013_568.txt air/gen_1777014021_571.txt air/gen_1777014029_574.txt air/gen_1777014032_575.txt air/gen_1777014037_577.txt air/gen_1777014045_580.txt air/gen_1777014053_583.txt air/gen_1777014056_584.txt air/gen_1777014061_586.txt air/gen_1777014064_587.txt air/gen_1777014070_589.txt air/gen_1777014078_592.txt air/gen_1777014086_595.txt air/gen_1777014089_596.txt air/gen_1777014094_598.txt air/gen_1777014102_601.txt air/gen_1777014110_604.txt air/gen_1777014119_607.txt air/gen_1777014127_610.txt air/gen_1777014135_613.txt air/gen_1777014138_614.txt air/gen_1777014143_616.txt air/gen_1777014151_619.txt air/gen_1777014160_622.txt air/gen_1777014168_625.txt air/gen_1777014176_628.txt air/gen_1777014184_631.txt air/gen_1777014192_634.txt air/gen_1777014201_637.txt air/gen_1777014209_640.txt air/gen_1777014212_641.txt air/gen_1777014217_643.txt air/gen_1777014220_644.txt air/gen_1777014225_646.txt air/gen_1777014228_647.txt air/gen_1777014233_649.txt air/gen_1777014242_652.txt air/gen_1777014250_655.txt]
[trainer] micro-train burst (17888 bytes, novelty 0.04) — and lo, it feeds again.
[syntropy] action=explore | trend=0.0000 | field_dev=0.018 | purpose_align=0.036 | lr_mul=1.30
[aml] burst complete: 32 steps, avg loss 1.8567 (memory freed)
[dna] water wrote 29 bytes to ecology
[dna] water wrote 122 bytes to ecology
[dna] water wrote 23 bytes to ecology
[dna] water wrote 262 bytes to ecology
[dna] water wrote 89 bytes to ecology
[dna] water wrote 65 bytes to ecology
[dna] water wrote 48 bytes to ecology
[dna] water wrote 53 bytes to ecology
[dna] water wrote 127 bytes to ecology
[dna] water wrote 156 bytes to ecology
[dna] water wrote 49 bytes to ecology
[dna] water wrote 19 bytes to ecology
[dna] water wrote 32 bytes to ecology
[dna] water wrote 127 bytes to ecology
[dna] water wrote 37 bytes to ecology
[dna] water wrote 67 bytes to ecology
[dna] water wrote 27 bytes to ecology
[dna] water wrote 135 bytes to ecology
[dna] water wrote 75 bytes to ecology
[dna] water wrote 45 bytes to ecology
[dna] water wrote 93 bytes to ecology
[dna] water wrote 48 bytes to ecology
[dna] water wrote 122 bytes to ecology
[dna] water wrote 32 bytes to ecology
[dna] water wrote 168 bytes to ecology
[dna] water wrote 38 bytes to ecology
[dna] water wrote 31 bytes to ecology
[dna] water wrote 133 bytes to ecology
[dna] water wrote 109 bytes to ecology
[dna] water wrote 66 bytes to ecology
[dna] water wrote 102 bytes to ecology
[dna] water wrote 17 bytes to ecology
[dna] water wrote 49 bytes to ecology
[dna] water wrote 16 bytes to ecology
[dna] water wrote 43 bytes to ecology
[dna] water wrote 141 bytes to ecology
[dna] water wrote 11 bytes to ecology
[dna] water wrote 32 bytes to ecology
[dna] water wrote 64 bytes to ecology
[dna] water wrote 41 bytes to ecology
[dna] water wrote 58 bytes to ecology
[dna] water wrote 26 bytes to ecology
[dna] water wrote 128 bytes to ecology
[dna] water wrote 37 bytes to ecology
[debug-onto] tick=50 corpus=143837 stage=2 freeze=0
[dna] water wrote 44 bytes to ecology
[dna] water wrote 14 bytes to ecology
[dna] water wrote 72 bytes to ecology
[dna] water wrote 34 bytes to ecology
[dna] water wrote 147 bytes to ecology
[dna] water wrote 12 bytes to ecology
[dna] water wrote 139 bytes to ecology
[dna] water wrote 18 bytes to ecology
[dna] water wrote 36 bytes to ecology
[dna] water wrote 106 bytes to ecology
[dna] water wrote 125 bytes to ecology
[dna] water wrote 46 bytes to ecology
[dna] water wrote 38 bytes to ecology
[dna] water wrote 24 bytes to ecology
[dna] water wrote 38 bytes to ecology
[dna] water wrote 75 bytes to ecology
[dna] water wrote 54 bytes to ecology
[dna] water wrote 19 bytes to ecology
[dna] water wrote 30 bytes to ecology
[dna] water wrote 60 bytes to ecology
[dna] water wrote 19 bytes to ecology
[dna] water wrote 39 bytes to ecology
[dna] water wrote 82 bytes to ecology
[dna] water wrote 33 bytes to ecology
[dna] water wrote 103 bytes to ecology
[dna] water wrote 39 bytes to ecology
[dna] water wrote 14 bytes to ecology
[dna] water wrote 65 bytes to ecology
[dna] water wrote 38 bytes to ecology
[dna] water wrote 32 bytes to ecology
[dna] water wrote 59 bytes to ecology
[dna] water wrote 60 bytes to ecology
[dna] water wrote 35 bytes to ecology
[dna] water wrote 72 bytes to ecology
[dna] water wrote 76 bytes to ecology
[dna] water wrote 41 bytes to ecology
[dna] water wrote 153 bytes to ecology
[dna] water wrote 21 bytes to ecology
[dna] water wrote 62 bytes to ecology
[dna] water wrote 40 bytes to ecology
[dna] water wrote 7 bytes to ecology
[dna] water wrote 9 bytes to ecology
[dna] water wrote 84 bytes to ecology
[dna] water wrote 54 bytes to ecology
[dna] water wrote 147 bytes to ecology
[dna] water wrote 48 bytes to ecology
[dna] water wrote 142 bytes to ecology
[debug-onto] tick=100 corpus=143837 stage=2 freeze=0
[dna] water wrote 76 bytes to ecology
[dna] water wrote 46 bytes to ecology
[dna] water wrote 80 bytes to ecology
[dna] water wrote 35 bytes to ecology
[dna] water wrote 29 bytes to ecology
[dna] water wrote 76 bytes to ecology
[dna] water wrote 39 bytes to ecology
[dna] water wrote 160 bytes to ecology
[dna] water wrote 38 bytes to ecology
[dna] water wrote 123 bytes to ecology
[dna] water wrote 137 bytes to ecology
[dna] water wrote 38 bytes to ecology
[dna] water wrote 91 bytes to ecology
[dna] water wrote 31 bytes to ecology
[dna] water wrote 34 bytes to ecology
[dna] water wrote 26 bytes to ecology
[dna] water wrote 49 bytes to ecology
[dna] water wrote 85 bytes to ecology
[dna] water wrote 11 bytes to ecology
[dna] water wrote 22 bytes to ecology
[dna] water wrote 36 bytes to ecology
[dna] water wrote 16 bytes to ecology
[dna] water wrote 30 bytes to ecology
[dna] water wrote 14 bytes to ecology
[dna] water wrote 42 bytes to ecology
[dna] water wrote 159 bytes to ecology
[dna] water wrote 101 bytes to ecology
[dna] water wrote 57 bytes to ecology
[dna] water wrote 36 bytes to ecology
[dna] water wrote 103 bytes to ecology
[dna] water wrote 30 bytes to ecology
[dna] water wrote 58 bytes to ecology
[dna] water wrote 94 bytes to ecology
[dna] water wrote 40 bytes to ecology
[dna] water wrote 128 bytes to ecology
[dna] water wrote 20 bytes to ecology
[dna] water wrote 53 bytes to ecology
[dna] water wrote 25 bytes to ecology
[dna] water wrote 18 bytes to ecology
[dna] water wrote 71 bytes to ecology
[dna] water wrote 191 bytes to ecology
[dna] water wrote 58 bytes to ecology
[dna] water wrote 98 bytes to ecology
[dna] water wrote 80 bytes to ecology
[debug-onto] tick=150 corpus=143837 stage=2 freeze=0
[dna] water wrote 332 bytes to ecology
[dna] water wrote 45 bytes to ecology
[dna] water wrote 64 bytes to ecology
[dna] water wrote 16 bytes to ecology
[dna] water wrote 36 bytes to ecology
[dna] water wrote 65 bytes to ecology
[dna] water wrote 77 bytes to ecology
[dna] water wrote 50 bytes to ecology
[dna] water wrote 42 bytes to ecology
[dna] water wrote 95 bytes to ecology
[dna] water wrote 147 bytes to ecology
[dna] water wrote 19 bytes to ecology
[dna] water wrote 67 bytes to ecology
[dna] water wrote 41 bytes to ecology
[dna] water wrote 22 bytes to ecology
[dna] water wrote 33 bytes to ecology
[dna] water wrote 97 bytes to ecology
[dna] water wrote 54 bytes to ecology
[dna] water wrote 24 bytes to ecology
[dna] water wrote 23 bytes to ecology
[dna] water wrote 45 bytes to ecology
[dna] water wrote 84 bytes to ecology
[dna] water wrote 46 bytes to ecology
[dna] water wrote 36 bytes to ecology
[dna] water wrote 28 bytes to ecology
[dna] water wrote 44 bytes to ecology
[dna] water wrote 62 bytes to ecology
[dna] water wrote 79 bytes to ecology
[dna] water wrote 58 bytes to ecology
[dna] water wrote 26 bytes to ecology
[dna] water wrote 51 bytes to ecology
[dna] water wrote 47 bytes to ecology
[dna] water wrote 25 bytes to ecology
[dna] water wrote 39 bytes to ecology
[dna] water wrote 23 bytes to ecology
[dna] water wrote 103 bytes to ecology
[dna] water wrote 18 bytes to ecology
[dna] water wrote 22 bytes to ecology
[dna] water wrote 49 bytes to ecology
[dna] water wrote 73 bytes to ecology
[dna] water wrote 82 bytes to ecology
[dna] water wrote 120 bytes to ecology
[dna] water wrote 48 bytes to ecology
[debug-onto] tick=200 corpus=143837 stage=2 freeze=0
[dna] water wrote 46 bytes to ecology
[dna] water wrote 48 bytes to ecology
[dna] water wrote 61 bytes to ecology
[dna] water wrote 120 bytes to ecology
[dna] water wrote 17 bytes to ecology
[dna] water wrote 264 bytes to ecology
[dna] water wrote 16 bytes to ecology
[dna] water wrote 134 bytes to ecology
[dna] water wrote 110 bytes to ecology
[dna] water wrote 10 bytes to ecology
[dna] water wrote 92 bytes to ecology
[dna] water wrote 69 bytes to ecology
[dna] water wrote 11 bytes to ecology
[dna] water wrote 87 bytes to ecology
[dna] water wrote 57 bytes to ecology
[dna] water wrote 114 bytes to ecology
[dna] water wrote 40 bytes to ecology
[dna] water wrote 56 bytes to ecology
[dna] water wrote 75 bytes to ecology
[dna] water wrote 65 bytes to ecology
[dna] water wrote 60 bytes to ecology
[dna] water wrote 41 bytes to ecology
[dna] water wrote 13 bytes to ecology
[dna] water wrote 66 bytes to ecology
[dna] water wrote 118 bytes to ecology
[dna] water wrote 40 bytes to ecology
[dna] water wrote 35 bytes to ecology
[dna] water wrote 46 bytes to ecology
[dna] water wrote 106 bytes to ecology
[dna] water wrote 18 bytes to ecology
[dna] water wrote 64 bytes to ecology
[dna] water wrote 72 bytes to ecology
[dna] water wrote 58 bytes to ecology
[dna] water wrote 51 bytes to ecology
[dna] water wrote 15 bytes to ecology
[dna] water wrote 46 bytes to ecology
[dna] water wrote 25 bytes to ecology
[dna] water wrote 51 bytes to ecology
[dna] water wrote 43 bytes to ecology
[dna] water wrote 65 bytes to ecology
[dna] water wrote 93 bytes to ecology
[dna] water wrote 35 bytes to ecology
[dna] water wrote 38 bytes to ecology
[dna] water wrote 38 bytes to ecology
[dna] water wrote 30 bytes to ecology
[dna] water wrote 29 bytes to ecology
[dna] water wrote 45 bytes to ecology
[debug-onto] tick=250 corpus=143837 stage=2 freeze=0
[dna] water wrote 31 bytes to ecology
[dna] water wrote 103 bytes to ecology
[dna] water wrote 33 bytes to ecology
[dna] water wrote 110 bytes to ecology
[dna] water wrote 9 bytes to ecology
[dna] water wrote 37 bytes to ecology
[dna] water wrote 21 bytes to ecology
[dna] water wrote 23 bytes to ecology
[dna] water wrote 178 bytes to ecology
[dna] water wrote 22 bytes to ecology
[dna] water wrote 52 bytes to ecology
[dna] water wrote 182 bytes to ecology
[dna] water wrote 72 bytes to ecology
[dna] water wrote 77 bytes to ecology
[dna] water wrote 56 bytes to ecology
[dna] water wrote 42 bytes to ecology
[dna] water wrote 73 bytes to ecology
[dna] water wrote 37 bytes to ecology
[dna] water wrote 62 bytes to ecology
[dna] water wrote 91 bytes to ecology
[dna] water wrote 185 bytes to ecology
[dna] water wrote 31 bytes to ecology
[dna] water wrote 120 bytes to ecology
[dna] water wrote 24 bytes to ecology
[dna] water wrote 56 bytes to ecology
[dna] water wrote 26 bytes to ecology
[dna] water wrote 40 bytes to ecology
[dna] water wrote 59 bytes to ecology
[dna] water wrote 32 bytes to ecology
[dna] water wrote 124 bytes to ecology
[dna] water wrote 117 bytes to ecology
[dna] water wrote 68 bytes to ecology
[dna] water wrote 38 bytes to ecology
[dna] water wrote 119 bytes to ecology
[dna] water wrote 46 bytes to ecology
[dna] water wrote 42 bytes to ecology
[dna] water wrote 51 bytes to ecology
[dna] water wrote 46 bytes to ecology
[dna] water wrote 59 bytes to ecology
[dna] water wrote 73 bytes to ecology
[dna] water wrote 54 bytes to ecology
[dna] water wrote 14 bytes to ecology
[dna] water wrote 42 bytes to ecology
[dna] water wrote 119 bytes to ecology
[dna] water wrote 65 bytes to ecology
[debug-onto] tick=300 corpus=143837 stage=2 freeze=0
[dna] water wrote 53 bytes to ecology
[dna] water wrote 13 bytes to ecology
[dna] water wrote 140 bytes to ecology
[dna] water wrote 34 bytes to ecology
[dna] water wrote 9 bytes to ecology
[dna] water wrote 45 bytes to ecology
[dna] water wrote 26 bytes to ecology
[dna] water wrote 24 bytes to ecology
[dna] water wrote 32 bytes to ecology
[dna] water wrote 82 bytes to ecology
[dna] water wrote 34 bytes to ecology
[dna] water wrote 50 bytes to ecology
[dna] water wrote 77 bytes to ecology
[dna] water wrote 84 bytes to ecology
[dna] water wrote 65 bytes to ecology
[dna] water wrote 61 bytes to ecology
[dna] water wrote 91 bytes to ecology
[dna] water wrote 96 bytes to ecology
[dna] water wrote 74 bytes to ecology
[dna] water wrote 31 bytes to ecology
[dna] water wrote 19 bytes to ecology
[dna] water wrote 64 bytes to ecology
[dna] water wrote 58 bytes to ecology
[dna] water wrote 10 bytes to ecology
[dna] water wrote 97 bytes to ecology
[dna] water wrote 14 bytes to ecology
[dna] water wrote 32 bytes to ecology
[dna] water wrote 135 bytes to ecology
[dna] water wrote 74 bytes to ecology
[dna] water wrote 26 bytes to ecology
[dna] water wrote 26 bytes to ecology
[dna] water wrote 39 bytes to ecology
[dna] water wrote 46 bytes to ecology
[dna] water wrote 76 bytes to ecology
[dna] water wrote 53 bytes to ecology
[dna] water wrote 26 bytes to ecology
[dna] water wrote 50 bytes to ecology
[dna] water wrote 24 bytes to ecology
[dna] water wrote 79 bytes to ecology
[dna] water wrote 143 bytes to ecology
[dna] water wrote 24 bytes to ecology
[dna] water wrote 33 bytes to ecology
[dna] water wrote 37 bytes to ecology
[debug-onto] tick=350 corpus=143837 stage=2 freeze=0
[dna] water wrote 31 bytes to ecology
[dna] water wrote 57 bytes to ecology
[dna] water wrote 69 bytes to ecology
[dna] water wrote 99 bytes to ecology
[dna] water wrote 50 bytes to ecology
[dna] water wrote 26 bytes to ecology
[dna] water wrote 18 bytes to ecology
[dna] water wrote 42 bytes to ecology
[dna] water wrote 27 bytes to ecology
[dna] water wrote 144 bytes to ecology
[dna] water wrote 101 bytes to ecology
[dna] water wrote 49 bytes to ecology
[dna] water wrote 50 bytes to ecology
[dna] water wrote 26 bytes to ecology
[dna] water wrote 17 bytes to ecology
[dna] water wrote 45 bytes to ecology
[dna] water wrote 167 bytes to ecology
[dna] water wrote 11 bytes to ecology
[dna] water wrote 63 bytes to ecology
[dna] water wrote 62 bytes to ecology
[dna] water wrote 28 bytes to ecology
[dna] water wrote 136 bytes to ecology
[dna] water wrote 29 bytes to ecology
[dna] water wrote 62 bytes to ecology
[dna] water wrote 63 bytes to ecology
[dna] water wrote 89 bytes to ecology
[dna] water wrote 29 bytes to ecology
[dna] water wrote 67 bytes to ecology
[dna] water wrote 44 bytes to ecology
[dna] water wrote 13 bytes to ecology
[dna] water wrote 8 bytes to ecology
[dna] water wrote 40 bytes to ecology
[dna] water wrote 50 bytes to ecology
[dna] water wrote 20 bytes to ecology
[dna] water wrote 24 bytes to ecology
[dna] water wrote 93 bytes to ecology
[dna] water wrote 40 bytes to ecology
[dna] water wrote 29 bytes to ecology
[dna] water wrote 9 bytes to ecology
[dna] water wrote 61 bytes to ecology
[dna] water wrote 49 bytes to ecology
[dna] water wrote 42 bytes to ecology
[dna] water wrote 39 bytes to ecology
[dna] water wrote 183 bytes to ecology
[dna] water wrote 9 bytes to ecology
[dna] water wrote 57 bytes to ecology
[debug-onto] tick=400 corpus=143837 stage=2 freeze=0
[dna] water wrote 49 bytes to ecology
[dna] water wrote 8 bytes to ecology
[dna] water wrote 53 bytes to ecology
[dna] water wrote 53 bytes to ecology
[dna] water wrote 95 bytes to ecology
[dna] water wrote 74 bytes to ecology
[dna] water wrote 23 bytes to ecology
[dna] water wrote 36 bytes to ecology
[dna] water wrote 22 bytes to ecology
[dna] water wrote 78 bytes to ecology
[dna] water wrote 35 bytes to ecology
[dna] water wrote 26 bytes to ecology
[dna] water wrote 32 bytes to ecology
[dna] water wrote 38 bytes to ecology
[dna] water wrote 48 bytes to ecology
[dna] water wrote 25 bytes to ecology
[dna] water wrote 84 bytes to ecology
[dna] water wrote 194 bytes to ecology
[dna] water wrote 13 bytes to ecology
[dna] water wrote 72 bytes to ecology
[dna] water wrote 73 bytes to ecology
[dna] water wrote 192 bytes to ecology
[dna] water wrote 61 bytes to ecology
[dna] water wrote 84 bytes to ecology
[dna] water wrote 45 bytes to ecology
[dna] water wrote 73 bytes to ecology
[dna] water wrote 72 bytes to ecology
[dna] water wrote 20 bytes to ecology
[dna] water wrote 50 bytes to ecology
[dna] water wrote 54 bytes to ecology
[dna] water wrote 61 bytes to ecology
[dna] water wrote 66 bytes to ecology
[dna] water wrote 74 bytes to ecology
[dna] water wrote 47 bytes to ecology
[dna] water wrote 153 bytes to ecology
[dna] water wrote 61 bytes to ecology
[dna] water wrote 36 bytes to ecology
[dna] water wrote 86 bytes to ecology
[dna] water wrote 38 bytes to ecology
[dna] water wrote 63 bytes to ecology
[dna] water wrote 75 bytes to ecology
[dna] water wrote 176 bytes to ecology
[dna] water wrote 32 bytes to ecology
[dna] water wrote 47 bytes to ecology
[dna] water wrote 54 bytes to ecology
[dna] water wrote 64 bytes to ecology
[dna] water wrote 64 bytes to ecology
[debug-onto] tick=450 corpus=143837 stage=2 freeze=0
[dna] water wrote 16 bytes to ecology
[dna] water wrote 76 bytes to ecology
[dna] water wrote 42 bytes to ecology
[dna] water wrote 55 bytes to ecology
[dna] water wrote 40 bytes to ecology
[dna] water wrote 107 bytes to ecology
[dna] water wrote 48 bytes to ecology
[dna] water wrote 165 bytes to ecology
[dna] water wrote 108 bytes to ecology
[dna] water wrote 19 bytes to ecology
[dna] water wrote 127 bytes to ecology
[dna] water wrote 21 bytes to ecology
[dna] water wrote 161 bytes to ecology
[dna] water wrote 63 bytes to ecology
[dna] water wrote 112 bytes to ecology
[dna] water wrote 31 bytes to ecology
[dna] water wrote 76 bytes to ecology
[dna] water wrote 67 bytes to ecology
[dna] water wrote 35 bytes to ecology
[dna] water wrote 15 bytes to ecology
[dna] water wrote 92 bytes to ecology
[dna] water wrote 169 bytes to ecology
[dna] water wrote 48 bytes to ecology
[dna] water wrote 66 bytes to ecology
[dna] water wrote 32 bytes to ecology
[dna] water wrote 73 bytes to ecology
[dna] water wrote 90 bytes to ecology
[dna] water wrote 25 bytes to ecology
[dna] water wrote 38 bytes to ecology
[dna] water wrote 48 bytes to ecology
[dna] water wrote 93 bytes to ecology
[dna] water wrote 168 bytes to ecology
[dna] water wrote 28 bytes to ecology
[dna] water wrote 41 bytes to ecology
[dna] water wrote 96 bytes to ecology
[dna] water wrote 19 bytes to ecology
[dna] water wrote 45 bytes to ecology
[dna] water wrote 19 bytes to ecology
[dna] water wrote 69 bytes to ecology
[dna] water wrote 16 bytes to ecology
[dna] water wrote 43 bytes to ecology
[dna] water wrote 97 bytes to ecology
[dna] water wrote 57 bytes to ecology
[dna] water wrote 66 bytes to ecology
[dna] water wrote 63 bytes to ecology
[dna] water wrote 31 bytes to ecology
[debug-onto] tick=500 corpus=143837 stage=2 freeze=0
[dna] water wrote 43 bytes to ecology
[dna] water wrote 58 bytes to ecology
[dna] water wrote 99 bytes to ecology
[dna] water wrote 37 bytes to ecology
[dna] water wrote 41 bytes to ecology
[dna] water wrote 68 bytes to ecology
[dna] water wrote 84 bytes to ecology
[dna] water wrote 36 bytes to ecology
[dna] water wrote 68 bytes to ecology
[dna] water wrote 8 bytes to ecology
[dna] water wrote 38 bytes to ecology
[dna] water wrote 28 bytes to ecology
[dna] water wrote 37 bytes to ecology
[dna] water wrote 79 bytes to ecology
[dna] water wrote 34 bytes to ecology
[dna] water wrote 17 bytes to ecology
[dna] water wrote 28 bytes to ecology
[dna] water wrote 106 bytes to ecology
[dna] water wrote 59 bytes to ecology
[dna] water wrote 79 bytes to ecology
[dna] water wrote 57 bytes to ecology
[dna] water wrote 17 bytes to ecology
[dna] water wrote 35 bytes to ecology
[dna] water wrote 186 bytes to ecology
[dna] water wrote 71 bytes to ecology
[dna] water wrote 82 bytes to ecology
[dna] water wrote 23 bytes to ecology
[dna] water wrote 74 bytes to ecology
[dna] water wrote 23 bytes to ecology
[dna] water wrote 38 bytes to ecology
[dna] water wrote 95 bytes to ecology
[dna] water wrote 71 bytes to ecology
[dna] water wrote 52 bytes to ecology
[dna] water wrote 48 bytes to ecology
[dna] water wrote 67 bytes to ecology
[dna] water wrote 80 bytes to ecology
[dna] water wrote 32 bytes to ecology
[dna] water wrote 24 bytes to ecology
[dna] water wrote 110 bytes to ecology
[dna] water wrote 37 bytes to ecology
[dna] water wrote 37 bytes to ecology
[dna] water wrote 25 bytes to ecology
[dna] water wrote 70 bytes to ecology
[dna] water wrote 50 bytes to ecology
[dna] water wrote 35 bytes to ecology
[dna] water wrote 69 bytes to ecology
[dna] water wrote 90 bytes to ecology
[dna] water wrote 88 bytes to ecology
[dna] water wrote 30 bytes to ecology
[debug-onto] tick=550 corpus=143837 stage=2 freeze=0
[dna] water wrote 88 bytes to ecology
[dna] water wrote 15 bytes to ecology
[dna] water wrote 121 bytes to ecology
[dna] water wrote 82 bytes to ecology
[dna] water wrote 68 bytes to ecology
[dna] water wrote 10 bytes to ecology
[dna] water wrote 42 bytes to ecology
[dna] water wrote 43 bytes to ecology
[dna] water wrote 101 bytes to ecology
[dna] water wrote 84 bytes to ecology
[dna] water wrote 69 bytes to ecology
[dna] water wrote 25 bytes to ecology
[dna] water wrote 64 bytes to ecology
[dna] water wrote 59 bytes to ecology
[dna] water wrote 56 bytes to ecology
[dna] water wrote 42 bytes to ecology
[dna] water wrote 123 bytes to ecology
[dna] water wrote 73 bytes to ecology
[dna] water wrote 53 bytes to ecology
[dna] water wrote 123 bytes to ecology
[dna] water wrote 83 bytes to ecology
[dna] water wrote 182 bytes to ecology
[dna] water wrote 161 bytes to ecology
[dna] water wrote 44 bytes to ecology
[dna] water wrote 53 bytes to ecology
[dna] water wrote 108 bytes to ecology
[dna] water wrote 126 bytes to ecology
[dna] water wrote 23 bytes to ecology
[dna] water wrote 67 bytes to ecology
[dna] water wrote 138 bytes to ecology
[dna] water wrote 15 bytes to ecology
[dna] water wrote 33 bytes to ecology
[dna] water wrote 42 bytes to ecology
[dna] water wrote 97 bytes to ecology
[dna] water wrote 51 bytes to ecology
[dna] water wrote 60 bytes to ecology
[dna] water wrote 125 bytes to ecology
[dna] water wrote 29 bytes to ecology
[dna] water wrote 23 bytes to ecology
[dna] water wrote 97 bytes to ecology
[dna] water wrote 40 bytes to ecology
[dna] water wrote 28 bytes to ecology
[dna] water wrote 67 bytes to ecology
[dna] water wrote 100 bytes to ecology
[dna] water wrote 66 bytes to ecology
[dna] water wrote 24 bytes to ecology
[dna] water wrote 23 bytes to ecology
[debug-onto] tick=600 corpus=143837 stage=2 freeze=0
[dna] water wrote 13 bytes to ecology
[dna] water wrote 40 bytes to ecology
[dna] water wrote 27 bytes to ecology
[dna] water wrote 100 bytes to ecology
[dna] water wrote 45 bytes to ecology
[dna] water wrote 45 bytes to ecology
[dna] water wrote 83 bytes to ecology
[dna] water wrote 33 bytes to ecology
[dna] water wrote 15 bytes to ecology
[dna] water wrote 107 bytes to ecology
[dna] water wrote 31 bytes to ecology
[dna] water wrote 17 bytes to ecology
[dna] water wrote 41 bytes to ecology
[dna] water wrote 35 bytes to ecology
[dna] water wrote 52 bytes to ecology
[dna] water wrote 78 bytes to ecology
[dna] water wrote 17 bytes to ecology
[dna] water wrote 68 bytes to ecology
[dna] water wrote 38 bytes to ecology
[dna] water wrote 42 bytes to ecology
[dna] water wrote 131 bytes to ecology
[dna] water wrote 96 bytes to ecology
[dna] water wrote 50 bytes to ecology
[dna] water wrote 101 bytes to ecology
[dna] water wrote 43 bytes to ecology
[dna] water wrote 51 bytes to ecology
[dna] water wrote 112 bytes to ecology
[dna] water wrote 34 bytes to ecology
[dna] water wrote 67 bytes to ecology

[evolution] Organism shutting down gracefully.
