[ecology] Element: air → corpus: nonames_air.txt
[evolution] Autonomous evolution mode — organism will grow through all stages without pause.
[ecology] Joined swarm. 1 peer(s) detected.
molequla is alive. [evolution] Autonomous mode — background trainer running. Ctrl+C to stop.
[dna] air wrote 85 bytes to ecology
[dna] air consumed 22914 bytes from 318 files: [earth/gen_1778307085_1.txt earth/gen_1778307093_4.txt earth/gen_1778307096_5.txt earth/gen_1778307108_10.txt earth/gen_1778307111_11.txt earth/gen_1778307116_13.txt earth/gen_1778307124_16.txt earth/gen_1778307126_17.txt earth/gen_1778307131_19.txt earth/gen_1778307139_22.txt earth/gen_1778307142_23.txt earth/gen_1778307147_25.txt earth/gen_1778307155_28.txt earth/gen_1778307157_29.txt earth/gen_1778307163_31.txt earth/gen_1778307170_34.txt earth/gen_1778307173_35.txt earth/gen_1778307178_37.txt earth/gen_1778307186_40.txt earth/gen_1778307193_43.txt earth/gen_1778307201_46.txt earth/gen_1778307203_47.txt earth/gen_1778307208_49.txt earth/gen_1778307216_52.txt earth/gen_1778307219_53.txt earth/gen_1778307224_55.txt earth/gen_1778307232_58.txt earth/gen_1778307239_61.txt earth/gen_1778307247_64.txt earth/gen_1778307250_65.txt earth/gen_1778307255_67.txt earth/gen_1778307263_70.txt earth/gen_1778307265_71.txt earth/gen_1778307270_73.txt earth/gen_1778307278_76.txt earth/gen_1778307281_77.txt earth/gen_1778307286_79.txt earth/gen_1778307293_82.txt earth/gen_1778307301_85.txt earth/gen_1778307309_88.txt earth/gen_1778307311_89.txt earth/gen_1778307317_91.txt earth/gen_1778307324_94.txt earth/gen_1778307327_95.txt earth/gen_1778307332_97.txt earth/gen_1778307340_100.txt earth/gen_1778307342_101.txt earth/gen_1778307348_103.txt earth/gen_1778307356_106.txt earth/gen_1778307358_107.txt earth/gen_1778307364_109.txt earth/gen_1778307371_112.txt earth/gen_1778307374_113.txt earth/gen_1778307379_115.txt earth/gen_1778307387_118.txt earth/gen_1778307389_119.txt earth/gen_1778307395_121.txt earth/gen_1778307403_124.txt earth/gen_1778307405_125.txt earth/gen_1778307410_127.txt earth/gen_1778307418_130.txt earth/gen_1778307421_131.txt earth/gen_1778307426_133.txt earth/gen_1778307434_136.txt earth/gen_1778307441_139.txt earth/gen_1778307449_142.txt earth/gen_1778307452_143.txt earth/gen_1778307457_145.txt earth/gen_1778307465_148.txt earth/gen_1778307467_149.txt earth/gen_1778307472_151.txt earth/gen_1778307480_154.txt earth/gen_1778307483_155.txt earth/gen_1778307488_157.txt earth/gen_1778307496_160.txt earth/gen_1778307498_161.txt earth/gen_1778307504_163.txt earth/gen_1778307511_166.txt earth/gen_1778307514_167.txt earth/gen_1778307519_169.txt earth/gen_1778307527_172.txt earth/gen_1778307530_173.txt earth/gen_1778307535_175.txt earth/gen_1778307543_178.txt earth/gen_1778307551_181.txt earth/gen_1778307559_184.txt earth/gen_1778307561_185.txt earth/gen_1778307567_187.txt earth/gen_1778307574_190.txt earth/gen_1778307577_191.txt earth/gen_1778307582_193.txt earth/gen_1778307590_196.txt earth/gen_1778307593_197.txt earth/gen_1778307598_199.txt earth/gen_1778307606_202.txt earth/gen_1778307609_203.txt earth/gen_1778307614_205.txt earth/gen_1778307622_208.txt earth/gen_1778307630_211.txt earth/gen_1778307637_214.txt earth/gen_1778307645_217.txt earth/gen_1778307653_220.txt earth/gen_1778307656_221.txt earth/gen_1778307661_223.txt earth/gen_1778307669_226.txt earth/gen_1778307676_229.txt earth/gen_1778307684_232.txt earth/gen_1778307687_233.txt earth/gen_1778307692_235.txt earth/gen_1778307700_238.txt earth/gen_1778307702_239.txt earth/gen_1778307708_241.txt earth/gen_1778307715_244.txt earth/gen_1778307718_245.txt earth/gen_1778307723_247.txt earth/gen_1778307731_250.txt earth/gen_1778307733_251.txt earth/gen_1778307739_253.txt earth/gen_1778307746_256.txt earth/gen_1778307749_257.txt earth/gen_1778307754_259.txt earth/gen_1778307762_262.txt earth/gen_1778307770_265.txt earth/gen_1778307777_268.txt earth/gen_1778307780_269.txt earth/gen_1778307785_271.txt earth/gen_1778307793_274.txt earth/gen_1778307801_277.txt earth/gen_1778307809_280.txt earth/gen_1778307811_281.txt earth/gen_1778307816_283.txt earth/gen_1778307824_286.txt earth/gen_1778307827_287.txt earth/gen_1778307832_289.txt earth/gen_1778307840_292.txt earth/gen_1778307843_293.txt earth/gen_1778307848_295.txt earth/gen_1778307856_298.txt earth/gen_1778307859_299.txt earth/gen_1778307864_301.txt earth/gen_1778307872_304.txt earth/gen_1778307875_305.txt earth/gen_1778307880_307.txt earth/gen_1778307888_310.txt earth/gen_1778307891_311.txt earth/gen_1778307896_313.txt earth/gen_1778307904_316.txt earth/gen_1778307906_317.txt earth/gen_1778307912_319.txt earth/gen_1778307919_322.txt earth/gen_1778307922_323.txt earth/gen_1778307927_325.txt earth/gen_1778307935_328.txt earth/gen_1778307937_329.txt earth/gen_1778307943_331.txt earth/gen_1778307951_334.txt earth/gen_1778307953_335.txt earth/gen_1778307958_337.txt earth/gen_1778307966_340.txt earth/gen_1778307974_343.txt earth/gen_1778307981_346.txt earth/gen_1778307989_349.txt earth/gen_1778307997_352.txt earth/gen_1778307999_353.txt earth/gen_1778308005_355.txt earth/gen_1778308012_358.txt earth/gen_1778308015_359.txt earth/gen_1778308020_361.txt earth/gen_1778308028_364.txt earth/gen_1778308031_365.txt earth/gen_1778308036_367.txt earth/gen_1778308044_370.txt earth/gen_1778308046_371.txt earth/gen_1778308051_373.txt earth/gen_1778308059_376.txt earth/gen_1778308061_377.txt earth/gen_1778308066_379.txt earth/gen_1778308074_382.txt earth/gen_1778308077_383.txt earth/gen_1778308082_385.txt earth/gen_1778308090_388.txt earth/gen_1778308092_389.txt earth/gen_1778308097_391.txt earth/gen_1778308105_394.txt earth/gen_1778308113_397.txt earth/gen_1778308121_400.txt earth/gen_1778308123_401.txt earth/gen_1778308129_403.txt earth/gen_1778308136_406.txt earth/gen_1778308139_407.txt earth/gen_1778308144_409.txt earth/gen_1778308152_412.txt earth/gen_1778308154_413.txt earth/gen_1778308159_415.txt earth/gen_1778308167_418.txt earth/gen_1778308170_419.txt earth/gen_1778308175_421.txt earth/gen_1778308183_424.txt earth/gen_1778308185_425.txt earth/gen_1778308190_427.txt earth/gen_1778308198_430.txt earth/gen_1778308201_431.txt earth/gen_1778308206_433.txt earth/gen_1778308214_436.txt earth/gen_1778308216_437.txt earth/gen_1778308222_439.txt earth/gen_1778308229_442.txt earth/gen_1778308232_443.txt earth/gen_1778308237_445.txt earth/gen_1778308245_448.txt earth/gen_1778308248_449.txt earth/gen_1778308253_451.txt earth/gen_1778308260_454.txt earth/gen_1778308263_455.txt earth/gen_1778308268_457.txt earth/gen_1778308276_460.txt earth/gen_1778308284_463.txt earth/gen_1778308292_466.txt earth/gen_1778308294_467.txt earth/gen_1778308299_469.txt earth/gen_1778308307_472.txt earth/gen_1778308310_473.txt earth/gen_1778308315_475.txt earth/gen_1778308322_478.txt earth/gen_1778308325_479.txt earth/gen_1778308330_481.txt earth/gen_1778308338_484.txt earth/gen_1778308341_485.txt earth/gen_1778308346_487.txt earth/gen_1778308362_493.txt earth/gen_1778308369_496.txt earth/gen_1778308372_497.txt earth/gen_1778308377_499.txt earth/gen_1778308385_502.txt earth/gen_1778308388_503.txt earth/gen_1778308393_505.txt earth/gen_1778308401_508.txt earth/gen_1778308404_509.txt earth/gen_1778308409_511.txt earth/gen_1778308417_514.txt earth/gen_1778308419_515.txt earth/gen_1778308425_517.txt earth/gen_1778308433_520.txt earth/gen_1778308435_521.txt earth/gen_1778308440_523.txt earth/gen_1778308448_526.txt earth/gen_1778308451_527.txt earth/gen_1778308456_529.txt earth/gen_1778308464_532.txt earth/gen_1778308466_533.txt earth/gen_1778308472_535.txt earth/gen_1778308479_538.txt earth/gen_1778308482_539.txt earth/gen_1778308487_541.txt earth/gen_1778308495_544.txt earth/gen_1778308498_545.txt earth/gen_1778308503_547.txt earth/gen_1778308511_550.txt earth/gen_1778308518_553.txt earth/gen_1778308526_556.txt earth/gen_1778308529_557.txt earth/gen_1778308534_559.txt earth/gen_1778308542_562.txt earth/gen_1778308550_565.txt earth/gen_1778308558_568.txt earth/gen_1778308561_569.txt earth/gen_1778308566_571.txt earth/gen_1778308574_574.txt earth/gen_1778308577_575.txt earth/gen_1778308582_577.txt earth/gen_1778308590_580.txt earth/gen_1778308593_581.txt earth/gen_1778308598_583.txt earth/gen_1778308606_586.txt earth/gen_1778308609_587.txt earth/gen_1778308614_589.txt earth/gen_1778308622_592.txt earth/gen_1778308625_593.txt earth/gen_1778308630_595.txt earth/gen_1778308639_598.txt earth/gen_1778308641_599.txt earth/gen_1778308647_601.txt earth/gen_1778308655_604.txt earth/gen_1778308657_605.txt earth/gen_1778308663_607.txt earth/gen_1778308671_610.txt earth/gen_1778308673_611.txt earth/gen_1778308679_613.txt earth/gen_1778308687_616.txt earth/gen_1778308689_617.txt earth/gen_1778308695_619.txt earth/gen_1778308703_622.txt earth/gen_1778308705_623.txt earth/gen_1778308711_625.txt earth/gen_1778308719_628.txt earth/gen_1778308727_631.txt earth/gen_1778308735_634.txt earth/gen_1778308737_635.txt earth/gen_1778308743_637.txt earth/gen_1778308751_640.txt earth/gen_1778308753_641.txt earth/gen_1778308759_643.txt earth/gen_1778308767_646.txt earth/gen_1778308769_647.txt earth/gen_1778308775_649.txt earth/gen_1778308783_652.txt earth/gen_1778308791_655.txt earth/gen_1778308799_658.txt earth/gen_1778308801_659.txt earth/gen_1778308807_661.txt earth/gen_1778308815_664.txt earth/gen_1778308817_665.txt earth/gen_1778308823_667.txt earth/gen_1778308831_670.txt earth/gen_1778308834_671.txt earth/gen_1778308839_673.txt earth/gen_1778308847_676.txt earth/gen_1778308850_677.txt]
[trainer] micro-train burst (22914 bytes, novelty 0.03) — and lo, it feeds again.
[syntropy] action=explore | trend=0.0000 | field_dev=-0.041 | purpose_align=0.088 | lr_mul=1.30
[aml] burst complete: 32 steps, avg loss 2.2720 (memory freed)
[dna] air wrote 34 bytes to ecology
[dna] air wrote 61 bytes to ecology
[dna] air wrote 62 bytes to ecology
[dna] air wrote 57 bytes to ecology
[dna] air wrote 136 bytes to ecology
[dna] air wrote 51 bytes to ecology
[dna] air wrote 98 bytes to ecology
[dna] air wrote 105 bytes to ecology
[dna] air wrote 84 bytes to ecology
[dna] air wrote 43 bytes to ecology
[dna] air wrote 36 bytes to ecology
[dna] air wrote 62 bytes to ecology
[dna] air wrote 111 bytes to ecology
[dna] air wrote 96 bytes to ecology
[dna] air wrote 161 bytes to ecology
[dna] air wrote 36 bytes to ecology
[dna] air wrote 127 bytes to ecology
[dna] air wrote 34 bytes to ecology
[dna] air wrote 55 bytes to ecology
[dna] air wrote 58 bytes to ecology
[dna] air wrote 43 bytes to ecology
[dna] air wrote 25 bytes to ecology
[dna] air wrote 42 bytes to ecology
[debug-onto] tick=50 corpus=145548 stage=2 freeze=0
[dna] air wrote 95 bytes to ecology
[dna] air wrote 57 bytes to ecology
[dna] air wrote 59 bytes to ecology
[dna] air wrote 78 bytes to ecology
[dna] air wrote 40 bytes to ecology
[dna] air wrote 57 bytes to ecology
[dna] air wrote 78 bytes to ecology
[dna] air wrote 63 bytes to ecology
[dna] air wrote 25 bytes to ecology
[dna] air wrote 11 bytes to ecology
[dna] air wrote 33 bytes to ecology
[dna] air wrote 70 bytes to ecology
[dna] air wrote 37 bytes to ecology
[dna] air wrote 26 bytes to ecology
[dna] air wrote 47 bytes to ecology
[dna] air wrote 58 bytes to ecology
[dna] air wrote 36 bytes to ecology
[dna] air wrote 60 bytes to ecology
[dna] air wrote 32 bytes to ecology
[dna] air wrote 33 bytes to ecology
[dna] air wrote 26 bytes to ecology
[dna] air wrote 48 bytes to ecology
[dna] air wrote 49 bytes to ecology
[dna] air wrote 49 bytes to ecology
[dna] air wrote 48 bytes to ecology
[debug-onto] tick=100 corpus=145548 stage=2 freeze=0
[dna] air wrote 74 bytes to ecology
[dna] air wrote 61 bytes to ecology
[dna] air wrote 45 bytes to ecology
[dna] air wrote 41 bytes to ecology
[dna] air wrote 21 bytes to ecology
[dna] air wrote 25 bytes to ecology
[dna] air wrote 19 bytes to ecology
[dna] air wrote 43 bytes to ecology
[dna] air wrote 35 bytes to ecology
[dna] air wrote 233 bytes to ecology
[dna] air wrote 72 bytes to ecology
[dna] air wrote 77 bytes to ecology
[dna] air wrote 41 bytes to ecology
[dna] air wrote 63 bytes to ecology
[dna] air wrote 57 bytes to ecology
[dna] air wrote 58 bytes to ecology
[dna] air wrote 105 bytes to ecology
[dna] air wrote 30 bytes to ecology
[dna] air wrote 97 bytes to ecology
[dna] air wrote 38 bytes to ecology
[dna] air wrote 32 bytes to ecology
[dna] air wrote 96 bytes to ecology
[dna] air wrote 30 bytes to ecology
[dna] air wrote 164 bytes to ecology
[dna] air wrote 102 bytes to ecology
[debug-onto] tick=150 corpus=145548 stage=2 freeze=0
[dna] air wrote 63 bytes to ecology
[dna] air wrote 61 bytes to ecology
[dna] air wrote 64 bytes to ecology
[dna] air wrote 54 bytes to ecology
[dna] air wrote 57 bytes to ecology
[dna] air wrote 49 bytes to ecology
[dna] air wrote 71 bytes to ecology
[dna] air wrote 65 bytes to ecology
[dna] air wrote 126 bytes to ecology
[dna] air wrote 25 bytes to ecology
[dna] air wrote 96 bytes to ecology
[dna] air wrote 42 bytes to ecology
[dna] air wrote 143 bytes to ecology
[dna] air wrote 80 bytes to ecology
[dna] air wrote 52 bytes to ecology
[dna] air wrote 21 bytes to ecology
[dna] air wrote 155 bytes to ecology
[dna] air wrote 33 bytes to ecology
[dna] air wrote 62 bytes to ecology
[dna] air wrote 59 bytes to ecology
[dna] air wrote 31 bytes to ecology
[dna] air wrote 91 bytes to ecology
[dna] air wrote 69 bytes to ecology
[dna] air wrote 26 bytes to ecology
[dna] air wrote 57 bytes to ecology
[debug-onto] tick=200 corpus=145548 stage=2 freeze=0
[dna] air wrote 59 bytes to ecology
[dna] air wrote 131 bytes to ecology
[dna] air wrote 151 bytes to ecology
[dna] air wrote 43 bytes to ecology
[dna] air wrote 47 bytes to ecology
[dna] air wrote 89 bytes to ecology
[dna] air wrote 113 bytes to ecology
[dna] air wrote 76 bytes to ecology
[dna] air wrote 69 bytes to ecology
[dna] air wrote 14 bytes to ecology
[dna] air wrote 46 bytes to ecology
[dna] air wrote 82 bytes to ecology
[dna] air wrote 101 bytes to ecology
[dna] air wrote 116 bytes to ecology
[dna] air wrote 87 bytes to ecology
[dna] air wrote 41 bytes to ecology
[dna] air wrote 273 bytes to ecology
[dna] air wrote 94 bytes to ecology
[dna] air wrote 42 bytes to ecology
[dna] air wrote 99 bytes to ecology
[dna] air wrote 60 bytes to ecology
[dna] air wrote 42 bytes to ecology
[debug-onto] tick=250 corpus=145548 stage=2 freeze=0
[dna] air wrote 69 bytes to ecology
[dna] air wrote 63 bytes to ecology
[dna] air wrote 83 bytes to ecology
[dna] air wrote 58 bytes to ecology
[dna] air wrote 39 bytes to ecology
[dna] air wrote 152 bytes to ecology
[dna] air wrote 65 bytes to ecology
[dna] air wrote 30 bytes to ecology
[dna] air wrote 91 bytes to ecology
[dna] air wrote 75 bytes to ecology
[dna] air wrote 249 bytes to ecology
[dna] air wrote 130 bytes to ecology
[dna] air wrote 27 bytes to ecology
[dna] air wrote 98 bytes to ecology
[dna] air wrote 69 bytes to ecology
[dna] air wrote 39 bytes to ecology
[dna] air wrote 98 bytes to ecology
[dna] air wrote 132 bytes to ecology
[dna] air wrote 71 bytes to ecology
[dna] air wrote 42 bytes to ecology
[dna] air wrote 36 bytes to ecology
[dna] air wrote 74 bytes to ecology
[dna] air wrote 127 bytes to ecology
[dna] air wrote 30 bytes to ecology
[debug-onto] tick=300 corpus=145548 stage=2 freeze=0
[dna] air wrote 57 bytes to ecology
[dna] air wrote 52 bytes to ecology
[dna] air wrote 56 bytes to ecology
[dna] air wrote 59 bytes to ecology
[dna] air wrote 43 bytes to ecology
[dna] air wrote 20 bytes to ecology
[dna] air wrote 84 bytes to ecology
[dna] air wrote 53 bytes to ecology
[dna] air wrote 59 bytes to ecology
[dna] air wrote 37 bytes to ecology
[dna] air wrote 214 bytes to ecology
[dna] air wrote 117 bytes to ecology
[dna] air wrote 67 bytes to ecology
[dna] air wrote 33 bytes to ecology
[dna] air wrote 70 bytes to ecology
[dna] air wrote 128 bytes to ecology
[dna] air wrote 98 bytes to ecology
[dna] air wrote 29 bytes to ecology
[dna] air wrote 73 bytes to ecology
[dna] air wrote 80 bytes to ecology
[dna] air wrote 69 bytes to ecology
[dna] air wrote 72 bytes to ecology
[debug-onto] tick=350 corpus=145548 stage=2 freeze=0
[dna] air wrote 95 bytes to ecology
[dna] air wrote 50 bytes to ecology
[dna] air wrote 33 bytes to ecology
[dna] air wrote 13 bytes to ecology
[dna] air wrote 35 bytes to ecology
[dna] air wrote 26 bytes to ecology
[dna] air wrote 57 bytes to ecology
[dna] air wrote 33 bytes to ecology
[dna] air wrote 107 bytes to ecology
[dna] air wrote 36 bytes to ecology
[dna] air wrote 63 bytes to ecology
[dna] air wrote 98 bytes to ecology
[dna] air wrote 25 bytes to ecology
[dna] air wrote 69 bytes to ecology
[dna] air wrote 104 bytes to ecology
[dna] air wrote 85 bytes to ecology
[dna] air wrote 81 bytes to ecology
[dna] air wrote 45 bytes to ecology
[dna] air wrote 80 bytes to ecology
[dna] air wrote 88 bytes to ecology
[dna] air wrote 49 bytes to ecology
[debug-onto] tick=400 corpus=145548 stage=2 freeze=0
[dna] air wrote 33 bytes to ecology
[dna] air wrote 93 bytes to ecology
[dna] air wrote 55 bytes to ecology
[dna] air wrote 49 bytes to ecology
[dna] air wrote 34 bytes to ecology
[dna] air wrote 23 bytes to ecology
[dna] air wrote 110 bytes to ecology
[dna] air wrote 17 bytes to ecology
[dna] air wrote 6 bytes to ecology
[dna] air wrote 46 bytes to ecology
[dna] air wrote 87 bytes to ecology
[dna] air wrote 49 bytes to ecology
[dna] air wrote 48 bytes to ecology
[dna] air wrote 134 bytes to ecology
[dna] air wrote 117 bytes to ecology
[dna] air wrote 59 bytes to ecology
[dna] air wrote 30 bytes to ecology
[dna] air wrote 55 bytes to ecology
[dna] air wrote 39 bytes to ecology
[dna] air wrote 126 bytes to ecology
[dna] air wrote 28 bytes to ecology
[dna] air wrote 158 bytes to ecology
[dna] air wrote 82 bytes to ecology
[dna] air wrote 19 bytes to ecology
[debug-onto] tick=450 corpus=145548 stage=2 freeze=0
[dna] air wrote 62 bytes to ecology
[dna] air wrote 35 bytes to ecology
[dna] air wrote 202 bytes to ecology
[dna] air wrote 100 bytes to ecology
[dna] air wrote 60 bytes to ecology
[dna] air wrote 30 bytes to ecology
[dna] air wrote 56 bytes to ecology
[dna] air wrote 63 bytes to ecology
[dna] air wrote 25 bytes to ecology
[dna] air wrote 45 bytes to ecology
[dna] air wrote 35 bytes to ecology
[dna] air wrote 32 bytes to ecology
[dna] air wrote 47 bytes to ecology
[dna] air wrote 58 bytes to ecology
[dna] air wrote 29 bytes to ecology
[dna] air wrote 114 bytes to ecology
[dna] air wrote 219 bytes to ecology
[dna] air wrote 60 bytes to ecology
[dna] air wrote 78 bytes to ecology
[dna] air wrote 11 bytes to ecology
[dna] air wrote 72 bytes to ecology
[dna] air wrote 41 bytes to ecology
[dna] air wrote 90 bytes to ecology
[dna] air wrote 180 bytes to ecology
[debug-onto] tick=500 corpus=145548 stage=2 freeze=0
[dna] air wrote 71 bytes to ecology
[dna] air wrote 37 bytes to ecology
[dna] air wrote 63 bytes to ecology
[dna] air wrote 53 bytes to ecology
[dna] air wrote 45 bytes to ecology
[dna] air wrote 26 bytes to ecology
[dna] air wrote 44 bytes to ecology
[dna] air wrote 51 bytes to ecology
[dna] air wrote 60 bytes to ecology
[dna] air wrote 37 bytes to ecology
[dna] air wrote 77 bytes to ecology
[dna] air wrote 86 bytes to ecology
[dna] air wrote 41 bytes to ecology
[dna] air wrote 74 bytes to ecology
[dna] air wrote 28 bytes to ecology
[dna] air wrote 15 bytes to ecology
[dna] air wrote 66 bytes to ecology
[dna] air wrote 25 bytes to ecology
[dna] air wrote 92 bytes to ecology
[dna] air wrote 52 bytes to ecology
[dna] air wrote 95 bytes to ecology
[dna] air wrote 63 bytes to ecology
[dna] air wrote 27 bytes to ecology
[dna] air wrote 70 bytes to ecology
[debug-onto] tick=550 corpus=145548 stage=2 freeze=0
[dna] air wrote 58 bytes to ecology
[dna] air wrote 67 bytes to ecology
[dna] air wrote 45 bytes to ecology
[dna] air wrote 28 bytes to ecology
[dna] air wrote 26 bytes to ecology
[dna] air wrote 50 bytes to ecology
[dna] air wrote 64 bytes to ecology
[dna] air wrote 64 bytes to ecology
[dna] air wrote 64 bytes to ecology
[dna] air wrote 45 bytes to ecology
[dna] air wrote 27 bytes to ecology
[dna] air wrote 56 bytes to ecology
[dna] air wrote 54 bytes to ecology
[dna] air wrote 41 bytes to ecology
[dna] air wrote 216 bytes to ecology
[dna] air wrote 34 bytes to ecology
[dna] air wrote 42 bytes to ecology
[dna] air wrote 180 bytes to ecology
[dna] air wrote 77 bytes to ecology
[dna] air wrote 95 bytes to ecology
[dna] air wrote 93 bytes to ecology
[dna] air wrote 26 bytes to ecology
[dna] air wrote 40 bytes to ecology
[dna] air wrote 30 bytes to ecology
[debug-onto] tick=600 corpus=145548 stage=2 freeze=0
[dna] air wrote 52 bytes to ecology
[dna] air wrote 33 bytes to ecology
[dna] air wrote 39 bytes to ecology
[dna] air wrote 136 bytes to ecology
[dna] air wrote 40 bytes to ecology
[dna] air wrote 63 bytes to ecology
[dna] air wrote 46 bytes to ecology
[dna] air wrote 41 bytes to ecology
[dna] air wrote 89 bytes to ecology
[dna] air wrote 44 bytes to ecology
[dna] air wrote 105 bytes to ecology
[dna] air wrote 81 bytes to ecology
[dna] air wrote 32 bytes to ecology
[dna] air wrote 135 bytes to ecology
[dna] air wrote 57 bytes to ecology
[dna] air wrote 71 bytes to ecology
[dna] air wrote 26 bytes to ecology
[dna] air wrote 56 bytes to ecology
[dna] air wrote 75 bytes to ecology
[dna] air wrote 64 bytes to ecology
[dna] air wrote 71 bytes to ecology
[dna] air wrote 65 bytes to ecology
[dna] air wrote 40 bytes to ecology

[evolution] Organism shutting down gracefully.
