[ecology] Element: earth → corpus: nonames_earth.txt
[evolution] Autonomous evolution mode — organism will grow through all stages without pause.
[init] Stage 0 (embryo): embd=16, layer=1, head=1 — warmup 400 steps (400 backprop + 0 notorch, sqrt-scaled 1x)
  [aml] step 0/160 | loss 6.6100 (avg 6.6100) | lr 0.001000 | seq 8
  [aml] step 10/160 | loss 6.1171 (avg 6.4588) | lr 0.001450 | seq 8
  [aml] step 20/160 | loss 6.1925 (avg 6.3144) | lr 0.001900 | seq 8
  [aml] step 30/160 | loss 5.7786 (avg 6.2250) | lr 0.002350 | seq 8
  [aml] step 40/160 | loss 5.4553 (avg 6.0994) | lr 0.002800 | seq 8
  [aml] step 50/160 | loss 4.6724 (avg 5.9413) | lr 0.003250 | seq 8
  [aml] step 60/160 | loss 4.8923 (avg 5.7817) | lr 0.003700 | seq 8
  [aml] step 70/160 | loss 5.2911 (avg 5.6630) | lr 0.004150 | seq 8
  [aml] step 80/160 | loss 3.0145 (avg 5.5444) | lr 0.004600 | seq 8
  [aml] step 90/160 | loss 4.1844 (avg 5.3987) | lr 0.005050 | seq 8
  [aml] step 100/160 | loss 5.0273 (avg 5.3105) | lr 0.005500 | seq 8
  [aml] step 110/160 | loss 5.3049 (avg 5.1800) | lr 0.005950 | seq 8
  [aml] step 120/160 | loss 4.0471 (avg 5.1056) | lr 0.006400 | seq 8
  [aml] step 130/160 | loss 4.4011 (avg 5.0514) | lr 0.006850 | seq 8
  [aml] step 140/160 | loss 3.0522 (avg 5.0127) | lr 0.007300 | seq 8
  [aml] step 150/160 | loss 2.7652 (avg 4.9645) | lr 0.007750 | seq 8
[aml] training complete: 160 steps, avg loss 4.9105 (memory freed)
  [aml] step 0/120 | loss 4.6927 (avg 4.6927) | lr 0.008200 | seq 16
  [aml] step 10/120 | loss 4.3056 (avg 4.4999) | lr 0.008650 | seq 16
  [aml] step 20/120 | loss 3.5247 (avg 4.4840) | lr 0.009100 | seq 16
  [aml] step 30/120 | loss 3.5159 (avg 4.2870) | lr 0.009550 | seq 16
  [aml] step 40/120 | loss 3.2766 (avg 4.3215) | lr 0.010000 | seq 16
  [aml] step 50/120 | loss 3.0778 (avg 4.3118) | lr 0.010000 | seq 16
  [aml] step 60/120 | loss 4.1956 (avg 4.3041) | lr 0.010000 | seq 16
  [aml] step 70/120 | loss 4.1733 (avg 4.2316) | lr 0.010000 | seq 16
  [aml] step 80/120 | loss 4.9872 (avg 4.1801) | lr 0.009999 | seq 16
  [aml] step 90/120 | loss 4.4274 (avg 4.0814) | lr 0.009999 | seq 16
  [aml] step 100/120 | loss 3.9720 (avg 4.0210) | lr 0.009999 | seq 16
  [aml] step 110/120 | loss 5.2292 (avg 3.9479) | lr 0.009999 | seq 16
[aml] training complete: 120 steps, avg loss 3.9607 (memory freed)
  [aml] step 0/120 | loss 2.6607 (avg 2.6607) | lr 0.009999 | seq 32
  [aml] step 10/120 | loss 4.7174 (avg 3.9557) | lr 0.009999 | seq 32
  [aml] step 20/120 | loss 4.3760 (avg 3.7843) | lr 0.009999 | seq 32
  [aml] step 30/120 | loss 3.8618 (avg 3.5264) | lr 0.009999 | seq 32
  [aml] step 40/120 | loss 3.9979 (avg 3.4740) | lr 0.009999 | seq 32
  [aml] step 50/120 | loss 3.9762 (avg 3.4363) | lr 0.009999 | seq 32
  [aml] step 60/120 | loss 2.7803 (avg 3.3733) | lr 0.009999 | seq 32
  [aml] step 70/120 | loss 1.4927 (avg 3.3410) | lr 0.009999 | seq 32
  [aml] step 80/120 | loss 4.6138 (avg 3.3347) | lr 0.009999 | seq 32
  [aml] step 90/120 | loss 1.5509 (avg 3.2903) | lr 0.009999 | seq 32
  [aml] step 100/120 | loss 0.8149 (avg 3.2956) | lr 0.009999 | seq 32
  [aml] step 110/120 | loss 0.8850 (avg 3.1719) | lr 0.009999 | seq 32
[aml] training complete: 120 steps, avg loss 3.0815 (memory freed)

[stage 0 — embryo] What it sounds like now:
  Q: Hello.
  A: :::: What is a floor channel carrying mountain range is the feature.
  Q: Who are you?
  A: by physical surrounding anything floods are about form quick dia sea distinction of released.
  Q: What do you know?
  A: is a change at the force water.

[growth] ONTOGENESIS: stage 0 -> 1
  embd: 16 -> 32, layer: 1 -> 1, head: 1 -> 2
[growth] Done. Freeze for 500 steps.
[init] Stage 1 (infant): embd=32, layer=1, head=2 — warmup 800 steps (800 backprop + 0 notorch, sqrt-scaled 2x)
  [aml] step 0/320 | loss 4.2250 (avg 4.2250) | lr 0.000500 | seq 8
  [aml] step 10/320 | loss 2.6672 (avg 4.1355) | lr 0.000725 | seq 8
  [aml] step 20/320 | loss 3.5824 (avg 4.1769) | lr 0.000950 | seq 8
  [aml] step 30/320 | loss 4.7564 (avg 4.3887) | lr 0.001175 | seq 8
  [aml] step 40/320 | loss 4.9686 (avg 4.3343) | lr 0.001400 | seq 8
  [aml] step 50/320 | loss 1.1381 (avg 4.2432) | lr 0.001625 | seq 8
  [aml] step 60/320 | loss 2.1857 (avg 4.2639) | lr 0.001850 | seq 8
  [aml] step 70/320 | loss 2.8075 (avg 4.1825) | lr 0.002075 | seq 8
  [aml] step 80/320 | loss 3.2375 (avg 4.1488) | lr 0.002300 | seq 8
  [aml] step 90/320 | loss 5.3062 (avg 4.1298) | lr 0.002525 | seq 8
  [aml] step 100/320 | loss 5.7263 (avg 4.0925) | lr 0.002750 | seq 8
  [aml] step 110/320 | loss 4.1656 (avg 4.0999) | lr 0.002975 | seq 8
  [aml] step 120/320 | loss 4.5277 (avg 4.0647) | lr 0.003200 | seq 8
  [aml] step 130/320 | loss 4.0780 (avg 4.0418) | lr 0.003425 | seq 8
  [aml] step 140/320 | loss 2.9737 (avg 4.0168) | lr 0.003650 | seq 8
  [aml] step 150/320 | loss 3.4445 (avg 3.9541) | lr 0.003875 | seq 8
  [aml] step 160/320 | loss 2.8053 (avg 3.9046) | lr 0.004100 | seq 8
  [aml] step 170/320 | loss 3.6755 (avg 3.9104) | lr 0.004325 | seq 8
  [aml] step 180/320 | loss 0.7267 (avg 3.9108) | lr 0.004550 | seq 8
  [aml] step 190/320 | loss 1.8106 (avg 3.8771) | lr 0.004775 | seq 8
  [aml] step 200/320 | loss 2.4108 (avg 3.8918) | lr 0.004998 | seq 8
  [aml] step 210/320 | loss 4.1863 (avg 3.8667) | lr 0.004998 | seq 8
  [aml] step 220/320 | loss 1.2162 (avg 3.8642) | lr 0.004998 | seq 8
  [aml] step 230/320 | loss 3.9112 (avg 3.8185) | lr 0.004998 | seq 8
  [aml] step 240/320 | loss 2.2735 (avg 3.8039) | lr 0.004998 | seq 8
  [aml] step 250/320 | loss 2.4936 (avg 3.7903) | lr 0.004998 | seq 8
  [aml] step 260/320 | loss 4.0600 (avg 3.7792) | lr 0.004998 | seq 8
  [aml] step 270/320 | loss 3.7461 (avg 3.7679) | lr 0.004998 | seq 8
  [aml] step 280/320 | loss 3.6639 (avg 3.7726) | lr 0.004998 | seq 8
  [aml] step 290/320 | loss 2.4264 (avg 3.7503) | lr 0.004998 | seq 8
  [aml] step 300/320 | loss 3.4407 (avg 3.7597) | lr 0.004998 | seq 8
  [aml] step 310/320 | loss 3.2310 (avg 3.7602) | lr 0.004998 | seq 8
[aml] training complete: 320 steps, avg loss 3.7259 (memory freed)
  [aml] step 0/240 | loss 4.2708 (avg 4.2708) | lr 0.004998 | seq 16
  [aml] step 10/240 | loss 3.6971 (avg 3.5375) | lr 0.004998 | seq 16
  [aml] step 20/240 | loss 4.3447 (avg 3.4013) | lr 0.004998 | seq 16
  [aml] step 30/240 | loss 4.0020 (avg 3.2116) | lr 0.004998 | seq 16
  [aml] step 40/240 | loss 4.2012 (avg 3.1369) | lr 0.004997 | seq 16
  [aml] step 50/240 | loss 2.9578 (avg 3.2348) | lr 0.004997 | seq 16
  [aml] step 60/240 | loss 4.0115 (avg 3.2392) | lr 0.004997 | seq 16
  [aml] step 70/240 | loss 4.5878 (avg 3.2030) | lr 0.004997 | seq 16
  [aml] step 80/240 | loss 4.0094 (avg 3.1437) | lr 0.004997 | seq 16
  [aml] step 90/240 | loss 4.7643 (avg 3.1677) | lr 0.004997 | seq 16
  [aml] step 100/240 | loss 1.1509 (avg 3.0520) | lr 0.004997 | seq 16
  [aml] step 110/240 | loss 1.5541 (avg 3.1538) | lr 0.004997 | seq 16
  [aml] step 120/240 | loss 5.3167 (avg 3.1376) | lr 0.004997 | seq 16
  [aml] step 130/240 | loss 1.9614 (avg 3.1368) | lr 0.004997 | seq 16
  [aml] step 140/240 | loss 5.9033 (avg 3.1506) | lr 0.004997 | seq 16
  [aml] step 150/240 | loss 4.7781 (avg 3.1789) | lr 0.004997 | seq 16
  [aml] step 160/240 | loss 0.8697 (avg 3.1874) | lr 0.004997 | seq 16
  [aml] step 170/240 | loss 2.2304 (avg 3.2226) | lr 0.004996 | seq 16
  [aml] step 180/240 | loss 3.6128 (avg 3.2209) | lr 0.004996 | seq 16
  [aml] step 190/240 | loss 1.5492 (avg 3.2346) | lr 0.004996 | seq 16
  [aml] step 200/240 | loss 4.3055 (avg 3.2641) | lr 0.004996 | seq 16
  [aml] step 210/240 | loss 4.7067 (avg 3.2447) | lr 0.004996 | seq 16
  [aml] step 220/240 | loss 2.9853 (avg 3.2118) | lr 0.004996 | seq 16
  [aml] step 230/240 | loss 4.3378 (avg 3.2279) | lr 0.004996 | seq 16
[aml] training complete: 240 steps, avg loss 3.2396 (memory freed)
  [aml] step 0/240 | loss 1.4570 (avg 1.4570) | lr 0.004996 | seq 32
  [aml] step 10/240 | loss 4.0099 (avg 2.8893) | lr 0.004996 | seq 32
  [aml] step 20/240 | loss 4.5663 (avg 3.2179) | lr 0.004996 | seq 32
  [aml] step 30/240 | loss 4.3484 (avg 2.9606) | lr 0.004996 | seq 32
  [aml] step 40/240 | loss 1.3184 (avg 2.9892) | lr 0.004996 | seq 32
  [aml] step 50/240 | loss 4.5140 (avg 3.0199) | lr 0.004995 | seq 32
  [aml] step 60/240 | loss 0.6859 (avg 3.0651) | lr 0.004995 | seq 32
  [aml] step 70/240 | loss 4.4406 (avg 3.0031) | lr 0.004995 | seq 32
  [aml] step 80/240 | loss 4.2636 (avg 2.9338) | lr 0.004995 | seq 32
  [aml] step 90/240 | loss 0.5021 (avg 2.8989) | lr 0.004995 | seq 32
  [aml] step 100/240 | loss 4.1996 (avg 2.9089) | lr 0.004995 | seq 32
  [aml] step 110/240 | loss 4.3917 (avg 2.8997) | lr 0.004995 | seq 32
  [aml] step 120/240 | loss 3.9446 (avg 2.8631) | lr 0.004995 | seq 32
  [aml] step 130/240 | loss 3.9043 (avg 2.8479) | lr 0.004995 | seq 32
  [aml] step 140/240 | loss 2.3352 (avg 2.8433) | lr 0.004995 | seq 32
  [aml] step 150/240 | loss 1.2834 (avg 2.7944) | lr 0.004995 | seq 32
  [aml] step 160/240 | loss 0.7397 (avg 2.7814) | lr 0.004994 | seq 32
  [aml] step 170/240 | loss 3.7832 (avg 2.7465) | lr 0.004994 | seq 32
  [aml] step 180/240 | loss 4.5635 (avg 2.7783) | lr 0.004994 | seq 32
  [aml] step 190/240 | loss 1.3622 (avg 2.7388) | lr 0.004994 | seq 32
  [aml] step 200/240 | loss 4.0499 (avg 2.7199) | lr 0.004994 | seq 32
  [aml] step 210/240 | loss 3.9113 (avg 2.6788) | lr 0.004994 | seq 32
  [aml] step 220/240 | loss 3.9492 (avg 2.7068) | lr 0.004994 | seq 32
  [aml] step 230/240 | loss 1.7466 (avg 2.6966) | lr 0.004994 | seq 32
[aml] training complete: 240 steps, avg loss 2.6721 (memory freed)

[stage 1 — infant] What it sounds like now:
  Q: Hello.
  A: is a precis the diviolate rec.
  Q: Who are you?
  A: is a gnetic water can s because its paal structure or organic bonds and pulion is a rock, and so — efficient.
  Q: What do you know?
  A: it is a river together.

[growth] ONTOGENESIS: stage 1 -> 2
  embd: 32 -> 64, layer: 1 -> 2, head: 2 -> 4
[growth] Done. Freeze for 500 steps.
[init] Stage 2 (child): embd=64, layer=2, head=4 — warmup 800 steps (800 backprop + 0 notorch, sqrt-scaled 2x)
  [aml] step 0/320 | loss 5.4744 (avg 5.4744) | lr 0.000250 | seq 8
  [aml] step 10/320 | loss 3.0239 (avg 4.0096) | lr 0.000363 | seq 8
  [aml] step 20/320 | loss 4.4847 (avg 3.9790) | lr 0.000475 | seq 8
  [aml] step 30/320 | loss 4.3242 (avg 3.8180) | lr 0.000588 | seq 8
  [aml] step 40/320 | loss 3.2637 (avg 3.8245) | lr 0.000700 | seq 8
  [aml] step 50/320 | loss 3.0233 (avg 3.6851) | lr 0.000813 | seq 8
  [aml] step 60/320 | loss 4.5154 (avg 3.6771) | lr 0.000925 | seq 8
  [aml] step 70/320 | loss 4.0608 (avg 3.5969) | lr 0.001038 | seq 8
  [aml] step 80/320 | loss 3.0359 (avg 3.5773) | lr 0.001150 | seq 8
  [aml] step 90/320 | loss 1.9184 (avg 3.4845) | lr 0.001263 | seq 8
  [aml] step 100/320 | loss 4.4476 (avg 3.4732) | lr 0.001375 | seq 8
  [aml] step 110/320 | loss 5.6284 (avg 3.4910) | lr 0.001488 | seq 8
  [aml] step 120/320 | loss 1.6716 (avg 3.4878) | lr 0.001600 | seq 8
  [aml] step 130/320 | loss 4.7181 (avg 3.4522) | lr 0.001713 | seq 8
  [aml] step 140/320 | loss 1.2928 (avg 3.4148) | lr 0.001825 | seq 8
  [aml] step 150/320 | loss 3.6283 (avg 3.4057) | lr 0.001938 | seq 8
  [aml] step 160/320 | loss 3.4356 (avg 3.4243) | lr 0.002050 | seq 8
  [aml] step 170/320 | loss 4.2648 (avg 3.4528) | lr 0.002163 | seq 8
  [aml] step 180/320 | loss 1.6413 (avg 3.4187) | lr 0.002275 | seq 8
  [aml] step 190/320 | loss 2.2005 (avg 3.3867) | lr 0.002387 | seq 8
  [aml] step 200/320 | loss 4.0987 (avg 3.3981) | lr 0.002496 | seq 8
  [aml] step 210/320 | loss 3.5281 (avg 3.3817) | lr 0.002496 | seq 8
  [aml] step 220/320 | loss 3.5248 (avg 3.3949) | lr 0.002496 | seq 8
  [aml] step 230/320 | loss 3.7985 (avg 3.3795) | lr 0.002495 | seq 8
  [aml] step 240/320 | loss 4.2665 (avg 3.4001) | lr 0.002495 | seq 8
  [aml] step 250/320 | loss 1.1846 (avg 3.3662) | lr 0.002495 | seq 8
  [aml] step 260/320 | loss 1.7152 (avg 3.3504) | lr 0.002495 | seq 8
  [aml] step 270/320 | loss 4.3569 (avg 3.3506) | lr 0.002495 | seq 8
  [aml] step 280/320 | loss 5.4874 (avg 3.3716) | lr 0.002495 | seq 8
  [aml] step 290/320 | loss 3.5504 (avg 3.3829) | lr 0.002495 | seq 8
  [aml] step 300/320 | loss 3.1318 (avg 3.3667) | lr 0.002495 | seq 8
  [aml] step 310/320 | loss 4.1824 (avg 3.3644) | lr 0.002495 | seq 8
[aml] training complete: 320 steps, avg loss 3.3691 (memory freed)
  [aml] step 0/240 | loss 3.2639 (avg 3.2639) | lr 0.002495 | seq 16
  [aml] step 10/240 | loss 3.4749 (avg 3.2968) | lr 0.002495 | seq 16
  [aml] step 20/240 | loss 1.5411 (avg 2.5719) | lr 0.002495 | seq 16
  [aml] step 30/240 | loss 4.0366 (avg 2.7544) | lr 0.002495 | seq 16
  [aml] step 40/240 | loss 3.2657 (avg 3.0240) | lr 0.002495 | seq 16
  [aml] step 50/240 | loss 2.3131 (avg 3.0961) | lr 0.002495 | seq 16
  [aml] step 60/240 | loss 3.4821 (avg 3.0344) | lr 0.002494 | seq 16
  [aml] step 70/240 | loss 4.8996 (avg 3.1076) | lr 0.002494 | seq 16
  [aml] step 80/240 | loss 3.4547 (avg 3.0630) | lr 0.002494 | seq 16
  [aml] step 90/240 | loss 5.0492 (avg 3.0988) | lr 0.002494 | seq 16
  [aml] step 100/240 | loss 4.4680 (avg 3.1525) | lr 0.002494 | seq 16
  [aml] step 110/240 | loss 4.0405 (avg 3.1908) | lr 0.002494 | seq 16
  [aml] step 120/240 | loss 4.5504 (avg 3.2379) | lr 0.002494 | seq 16
  [aml] step 130/240 | loss 1.6403 (avg 3.1800) | lr 0.002494 | seq 16
  [aml] step 140/240 | loss 4.1519 (avg 3.1436) | lr 0.002494 | seq 16
  [aml] step 150/240 | loss 3.6396 (avg 3.1619) | lr 0.002494 | seq 16
  [aml] step 160/240 | loss 3.3493 (avg 3.1172) | lr 0.002494 | seq 16
  [aml] step 170/240 | loss 3.8578 (avg 3.0840) | lr 0.002494 | seq 16
  [aml] step 180/240 | loss 1.1501 (avg 3.0767) | lr 0.002494 | seq 16
  [aml] step 190/240 | loss 0.7633 (avg 3.0983) | lr 0.002494 | seq 16
  [aml] step 200/240 | loss 2.0182 (avg 3.1057) | lr 0.002493 | seq 16
  [aml] step 210/240 | loss 4.3784 (avg 3.0903) | lr 0.002493 | seq 16
  [aml] step 220/240 | loss 2.1997 (avg 3.0741) | lr 0.002493 | seq 16
  [aml] step 230/240 | loss 2.5508 (avg 3.0429) | lr 0.002493 | seq 16
[aml] training complete: 240 steps, avg loss 3.0666 (memory freed)
  [aml] step 0/240 | loss 4.1865 (avg 4.1865) | lr 0.002493 | seq 32
  [aml] step 10/240 | loss 4.3361 (avg 2.4547) | lr 0.002493 | seq 32
  [aml] step 20/240 | loss 1.0782 (avg 2.1878) | lr 0.002493 | seq 32
  [aml] step 30/240 | loss 4.4413 (avg 2.3069) | lr 0.002493 | seq 32
  [aml] step 40/240 | loss 4.1200 (avg 2.3999) | lr 0.002493 | seq 32
  [aml] step 50/240 | loss 1.0772 (avg 2.3528) | lr 0.002493 | seq 32
  [aml] step 60/240 | loss 4.0600 (avg 2.4575) | lr 0.002493 | seq 32
  [aml] step 70/240 | loss 1.5817 (avg 2.4806) | lr 0.002493 | seq 32
  [aml] step 80/240 | loss 0.8037 (avg 2.5602) | lr 0.002492 | seq 32
  [aml] step 90/240 | loss 0.9245 (avg 2.6225) | lr 0.002492 | seq 32
  [aml] step 100/240 | loss 0.6976 (avg 2.5852) | lr 0.002492 | seq 32
  [aml] step 110/240 | loss 3.9305 (avg 2.6209) | lr 0.002492 | seq 32
  [aml] step 120/240 | loss 3.9395 (avg 2.6211) | lr 0.002492 | seq 32
  [aml] step 130/240 | loss 4.2213 (avg 2.6579) | lr 0.002492 | seq 32
  [aml] step 140/240 | loss 5.0485 (avg 2.6939) | lr 0.002492 | seq 32
  [aml] step 150/240 | loss 2.1509 (avg 2.6819) | lr 0.002492 | seq 32
  [aml] step 160/240 | loss 4.2989 (avg 2.6498) | lr 0.002492 | seq 32
  [aml] step 170/240 | loss 2.0311 (avg 2.6899) | lr 0.002492 | seq 32
  [aml] step 180/240 | loss 4.1690 (avg 2.6796) | lr 0.002492 | seq 32
  [aml] step 190/240 | loss 0.9042 (avg 2.6583) | lr 0.002492 | seq 32
  [aml] step 200/240 | loss 1.8354 (avg 2.6580) | lr 0.002491 | seq 32
  [aml] step 210/240 | loss 0.4975 (avg 2.6641) | lr 0.002491 | seq 32
  [aml] step 220/240 | loss 0.5188 (avg 2.6328) | lr 0.002491 | seq 32
  [aml] step 230/240 | loss 4.1834 (avg 2.6089) | lr 0.002491 | seq 32
[aml] training complete: 240 steps, avg loss 2.5799 (memory freed)

[stage 2 — child] What it sounds like now:
  Q: Hello.
  A: A lava persistently a rock atoms area three of sta plainine sediment depositing and the foundation hydrostat,.
  Q: Who are you?
  A: metaphorus perman to the slide it was in water that has bey.
  Q: What do you know?
  A: ...

[init] Warmup complete at stage 2. Organism ready.
[ecology] First organism in the swarm.
molequla is alive. [evolution] Autonomous mode — background trainer running. Ctrl+C to stop.
[dna] earth wrote 82 bytes to ecology
[dna] earth wrote 97 bytes to ecology
[dna] earth wrote 17 bytes to ecology
[dna] earth wrote 72 bytes to ecology
[dna] earth wrote 84 bytes to ecology
[dna] earth wrote 29 bytes to ecology
[dna] earth wrote 26 bytes to ecology
[dna] earth wrote 185 bytes to ecology
[dna] earth wrote 221 bytes to ecology
[dna] earth wrote 148 bytes to ecology
[dna] earth wrote 55 bytes to ecology
[dna] earth wrote 74 bytes to ecology
[dna] earth wrote 36 bytes to ecology
[dna] earth wrote 106 bytes to ecology
[dna] earth wrote 48 bytes to ecology
[dna] earth wrote 52 bytes to ecology
[dna] earth wrote 114 bytes to ecology
[dna] earth wrote 49 bytes to ecology
[dna] earth wrote 106 bytes to ecology
[dna] earth wrote 30 bytes to ecology
[dna] earth wrote 35 bytes to ecology
[dna] earth wrote 31 bytes to ecology
[dna] earth wrote 57 bytes to ecology
[debug-onto] tick=50 corpus=173643 stage=2 freeze=0
[dna] earth wrote 59 bytes to ecology
[dna] earth wrote 88 bytes to ecology
[dna] earth wrote 111 bytes to ecology
[dna] earth wrote 33 bytes to ecology
[dna] earth wrote 108 bytes to ecology
[dna] earth wrote 70 bytes to ecology
[dna] earth wrote 183 bytes to ecology
[dna] earth wrote 45 bytes to ecology
[dna] earth wrote 29 bytes to ecology
[dna] earth wrote 17 bytes to ecology
[dna] earth wrote 32 bytes to ecology
[dna] earth wrote 41 bytes to ecology
[dna] earth wrote 104 bytes to ecology
[dna] earth wrote 97 bytes to ecology
[dna] earth wrote 51 bytes to ecology
[dna] earth wrote 29 bytes to ecology
[dna] earth wrote 27 bytes to ecology
[dna] earth wrote 100 bytes to ecology
[dna] earth wrote 166 bytes to ecology
[dna] earth wrote 86 bytes to ecology
[dna] earth wrote 56 bytes to ecology
[dna] earth wrote 123 bytes to ecology
[dna] earth wrote 158 bytes to ecology
[debug-onto] tick=100 corpus=173643 stage=2 freeze=0
[dna] earth wrote 64 bytes to ecology
[dna] earth wrote 47 bytes to ecology
[dna] earth wrote 25 bytes to ecology
[dna] earth wrote 66 bytes to ecology
[dna] earth wrote 25 bytes to ecology
[dna] earth wrote 52 bytes to ecology
[dna] earth wrote 93 bytes to ecology
[dna] earth wrote 98 bytes to ecology
[dna] earth wrote 70 bytes to ecology
[dna] earth wrote 43 bytes to ecology
[dna] earth wrote 115 bytes to ecology
[dna] earth wrote 208 bytes to ecology
[dna] earth wrote 25 bytes to ecology
[dna] earth wrote 22 bytes to ecology
[dna] earth wrote 333 bytes to ecology
[dna] earth wrote 54 bytes to ecology
[dna] earth wrote 69 bytes to ecology
[dna] earth wrote 89 bytes to ecology
[dna] earth wrote 148 bytes to ecology
[dna] earth wrote 97 bytes to ecology
[dna] earth wrote 51 bytes to ecology
[dna] earth wrote 59 bytes to ecology
[dna] earth wrote 102 bytes to ecology
[dna] earth wrote 115 bytes to ecology
[debug-onto] tick=150 corpus=173643 stage=2 freeze=0
[dna] earth wrote 41 bytes to ecology
[dna] earth wrote 66 bytes to ecology
[dna] earth wrote 85 bytes to ecology
[dna] earth wrote 61 bytes to ecology
[dna] earth wrote 40 bytes to ecology
[dna] earth wrote 56 bytes to ecology
[dna] earth wrote 64 bytes to ecology
[dna] earth wrote 39 bytes to ecology
[dna] earth wrote 113 bytes to ecology
[dna] earth wrote 84 bytes to ecology
[dna] earth wrote 50 bytes to ecology
[dna] earth wrote 20 bytes to ecology
[dna] earth wrote 57 bytes to ecology
[dna] earth wrote 94 bytes to ecology
[dna] earth wrote 62 bytes to ecology
[dna] earth wrote 74 bytes to ecology
[dna] earth wrote 76 bytes to ecology
[dna] earth wrote 22 bytes to ecology
[dna] earth wrote 87 bytes to ecology
[dna] earth wrote 57 bytes to ecology
[dna] earth wrote 111 bytes to ecology
[dna] earth wrote 128 bytes to ecology
[dna] earth wrote 201 bytes to ecology
[dna] earth wrote 61 bytes to ecology
[debug-onto] tick=200 corpus=173643 stage=2 freeze=0
[dna] earth wrote 30 bytes to ecology
[dna] earth wrote 65 bytes to ecology
[dna] earth wrote 39 bytes to ecology
[dna] earth wrote 51 bytes to ecology
[dna] earth wrote 39 bytes to ecology
[dna] earth wrote 23 bytes to ecology
[dna] earth wrote 80 bytes to ecology
[dna] earth wrote 24 bytes to ecology
[dna] earth wrote 89 bytes to ecology
[dna] earth wrote 25 bytes to ecology
[dna] earth wrote 91 bytes to ecology
[dna] earth wrote 37 bytes to ecology
[dna] earth wrote 81 bytes to ecology
[dna] earth wrote 47 bytes to ecology
[dna] earth wrote 136 bytes to ecology
[dna] earth wrote 70 bytes to ecology
[dna] earth wrote 32 bytes to ecology
[dna] earth wrote 46 bytes to ecology
[dna] earth wrote 40 bytes to ecology
[dna] earth wrote 16 bytes to ecology
[dna] earth wrote 45 bytes to ecology
[dna] earth wrote 76 bytes to ecology
[debug-onto] tick=250 corpus=173643 stage=2 freeze=0
[dna] earth wrote 29 bytes to ecology
[dna] earth wrote 96 bytes to ecology
[dna] earth wrote 34 bytes to ecology
[dna] earth wrote 40 bytes to ecology
[dna] earth wrote 158 bytes to ecology
[dna] earth wrote 72 bytes to ecology
[dna] earth wrote 102 bytes to ecology
[dna] earth wrote 65 bytes to ecology
[dna] earth wrote 74 bytes to ecology
[dna] earth wrote 24 bytes to ecology
[dna] earth wrote 110 bytes to ecology
[dna] earth wrote 74 bytes to ecology
[dna] earth wrote 62 bytes to ecology
[dna] earth wrote 72 bytes to ecology
[dna] earth wrote 172 bytes to ecology
[dna] earth wrote 29 bytes to ecology
[dna] earth wrote 28 bytes to ecology
[dna] earth wrote 134 bytes to ecology
[dna] earth wrote 105 bytes to ecology
[dna] earth wrote 120 bytes to ecology
[dna] earth wrote 59 bytes to ecology
[dna] earth wrote 64 bytes to ecology
[dna] earth wrote 35 bytes to ecology
[debug-onto] tick=300 corpus=173643 stage=2 freeze=0
[dna] earth wrote 75 bytes to ecology
[dna] earth wrote 53 bytes to ecology
[dna] earth wrote 72 bytes to ecology
[dna] earth wrote 128 bytes to ecology
[dna] earth wrote 105 bytes to ecology
[dna] earth wrote 84 bytes to ecology
[dna] earth wrote 30 bytes to ecology
[dna] earth wrote 28 bytes to ecology
[dna] earth wrote 91 bytes to ecology
[dna] earth wrote 102 bytes to ecology
[dna] earth wrote 39 bytes to ecology
[dna] earth wrote 35 bytes to ecology
[dna] earth wrote 56 bytes to ecology
[dna] earth wrote 47 bytes to ecology
[dna] earth wrote 97 bytes to ecology
[dna] earth wrote 176 bytes to ecology
[dna] earth wrote 109 bytes to ecology
[dna] earth wrote 38 bytes to ecology
[dna] earth wrote 88 bytes to ecology
[dna] earth wrote 42 bytes to ecology
[dna] earth wrote 38 bytes to ecology
[dna] earth wrote 64 bytes to ecology
[dna] earth wrote 27 bytes to ecology
[debug-onto] tick=350 corpus=173643 stage=2 freeze=0
[dna] earth wrote 105 bytes to ecology
[dna] earth wrote 24 bytes to ecology
[dna] earth wrote 181 bytes to ecology
[dna] earth wrote 37 bytes to ecology
[dna] earth wrote 67 bytes to ecology
[dna] earth wrote 63 bytes to ecology
[dna] earth wrote 63 bytes to ecology
[dna] earth wrote 102 bytes to ecology
[dna] earth wrote 39 bytes to ecology
[dna] earth wrote 164 bytes to ecology
[dna] earth wrote 52 bytes to ecology
[dna] earth wrote 92 bytes to ecology
[dna] earth wrote 84 bytes to ecology
[dna] earth wrote 30 bytes to ecology
[dna] earth wrote 49 bytes to ecology
[dna] earth wrote 93 bytes to ecology
[dna] earth wrote 36 bytes to ecology
[dna] earth wrote 83 bytes to ecology
[dna] earth wrote 61 bytes to ecology
[dna] earth wrote 51 bytes to ecology
[dna] earth wrote 80 bytes to ecology
[dna] earth wrote 179 bytes to ecology
[dna] earth wrote 9 bytes to ecology
[dna] earth wrote 86 bytes to ecology
[dna] earth wrote 142 bytes to ecology
[debug-onto] tick=400 corpus=173643 stage=2 freeze=0
[dna] earth wrote 36 bytes to ecology
[dna] earth wrote 44 bytes to ecology
[dna] earth wrote 37 bytes to ecology
[dna] earth wrote 83 bytes to ecology
[dna] earth wrote 31 bytes to ecology
[dna] earth wrote 41 bytes to ecology
[dna] earth wrote 34 bytes to ecology
[dna] earth wrote 42 bytes to ecology
[dna] earth wrote 157 bytes to ecology
[dna] earth wrote 99 bytes to ecology
[dna] earth wrote 62 bytes to ecology
[dna] earth wrote 67 bytes to ecology
[dna] earth wrote 53 bytes to ecology
[dna] earth wrote 43 bytes to ecology
[dna] earth wrote 66 bytes to ecology
[dna] earth wrote 16 bytes to ecology
[dna] earth wrote 32 bytes to ecology
[dna] earth wrote 77 bytes to ecology
[dna] earth wrote 106 bytes to ecology
[dna] earth wrote 86 bytes to ecology
[dna] earth wrote 162 bytes to ecology
[dna] earth wrote 119 bytes to ecology
[dna] earth wrote 101 bytes to ecology
[dna] earth wrote 34 bytes to ecology
[dna] earth wrote 140 bytes to ecology
[debug-onto] tick=450 corpus=173643 stage=2 freeze=0
[dna] earth wrote 83 bytes to ecology
[dna] earth wrote 95 bytes to ecology
[dna] earth wrote 43 bytes to ecology
[dna] earth wrote 41 bytes to ecology
[dna] earth wrote 84 bytes to ecology
[dna] earth wrote 93 bytes to ecology
[dna] earth wrote 56 bytes to ecology
[dna] earth wrote 40 bytes to ecology
[dna] earth wrote 37 bytes to ecology
[dna] earth wrote 36 bytes to ecology
[dna] earth wrote 36 bytes to ecology
[dna] earth wrote 31 bytes to ecology
[dna] earth wrote 63 bytes to ecology
[dna] earth wrote 31 bytes to ecology
[dna] earth wrote 37 bytes to ecology
[dna] earth wrote 114 bytes to ecology
[dna] earth wrote 40 bytes to ecology
[dna] earth wrote 66 bytes to ecology
[dna] earth wrote 5 bytes to ecology
[dna] earth wrote 47 bytes to ecology
[dna] earth wrote 31 bytes to ecology
[dna] earth wrote 108 bytes to ecology
[dna] earth wrote 199 bytes to ecology
[debug-onto] tick=500 corpus=173643 stage=2 freeze=0
[dna] earth wrote 53 bytes to ecology
[dna] earth wrote 115 bytes to ecology
[dna] earth wrote 10 bytes to ecology
[dna] earth wrote 40 bytes to ecology
[dna] earth wrote 32 bytes to ecology
[dna] earth wrote 94 bytes to ecology
[dna] earth wrote 49 bytes to ecology
[dna] earth wrote 18 bytes to ecology
[dna] earth wrote 37 bytes to ecology
[dna] earth wrote 41 bytes to ecology
[dna] earth wrote 103 bytes to ecology
[dna] earth wrote 61 bytes to ecology
[dna] earth wrote 107 bytes to ecology
[dna] earth wrote 36 bytes to ecology
[dna] earth wrote 63 bytes to ecology
[dna] earth wrote 74 bytes to ecology
[dna] earth wrote 15 bytes to ecology
[dna] earth wrote 119 bytes to ecology
[dna] earth wrote 225 bytes to ecology
[dna] earth wrote 68 bytes to ecology
[dna] earth wrote 68 bytes to ecology
[dna] earth wrote 26 bytes to ecology
[dna] earth wrote 78 bytes to ecology
[dna] earth wrote 27 bytes to ecology
[dna] earth wrote 148 bytes to ecology
[debug-onto] tick=550 corpus=173643 stage=2 freeze=0
[dna] earth wrote 130 bytes to ecology
[dna] earth wrote 79 bytes to ecology
[dna] earth wrote 52 bytes to ecology
[dna] earth wrote 33 bytes to ecology
[dna] earth wrote 40 bytes to ecology
[dna] earth wrote 65 bytes to ecology
[dna] earth wrote 89 bytes to ecology
[dna] earth wrote 101 bytes to ecology
[dna] earth wrote 166 bytes to ecology
[dna] earth wrote 85 bytes to ecology
[dna] earth wrote 112 bytes to ecology
[dna] earth wrote 50 bytes to ecology
[dna] earth wrote 116 bytes to ecology
[dna] earth wrote 85 bytes to ecology
[dna] earth wrote 31 bytes to ecology
[dna] earth wrote 158 bytes to ecology
[dna] earth wrote 31 bytes to ecology
[dna] earth wrote 54 bytes to ecology
[dna] earth wrote 48 bytes to ecology
[dna] earth wrote 60 bytes to ecology
[dna] earth wrote 77 bytes to ecology
[dna] earth wrote 66 bytes to ecology
[dna] earth wrote 23 bytes to ecology
[debug-onto] tick=600 corpus=173643 stage=2 freeze=0
[dna] earth wrote 95 bytes to ecology
[dna] earth wrote 86 bytes to ecology
[dna] earth wrote 66 bytes to ecology
[dna] earth wrote 38 bytes to ecology
[dna] earth wrote 155 bytes to ecology
[dna] earth wrote 55 bytes to ecology
[dna] earth wrote 29 bytes to ecology
[dna] earth wrote 53 bytes to ecology
[dna] earth wrote 66 bytes to ecology
[dna] earth wrote 66 bytes to ecology
[dna] earth wrote 152 bytes to ecology
[dna] earth wrote 66 bytes to ecology
[dna] earth wrote 63 bytes to ecology
[dna] earth wrote 78 bytes to ecology
[dna] earth wrote 25 bytes to ecology
[dna] earth wrote 53 bytes to ecology
[dna] earth wrote 56 bytes to ecology
[dna] earth wrote 61 bytes to ecology
[dna] earth wrote 18 bytes to ecology
[dna] earth wrote 28 bytes to ecology
[dna] earth wrote 66 bytes to ecology
[dna] earth wrote 56 bytes to ecology
[dna] earth wrote 66 bytes to ecology
[dna] earth wrote 113 bytes to ecology
[debug-onto] tick=650 corpus=173643 stage=2 freeze=0
[dna] earth wrote 56 bytes to ecology
[dna] earth wrote 97 bytes to ecology
[dna] earth wrote 11 bytes to ecology
[dna] earth wrote 23 bytes to ecology
[dna] earth wrote 149 bytes to ecology
[dna] earth wrote 30 bytes to ecology
[dna] earth wrote 54 bytes to ecology
[dna] earth wrote 76 bytes to ecology
[dna] earth wrote 42 bytes to ecology
[dna] earth wrote 61 bytes to ecology
[dna] earth wrote 46 bytes to ecology
[dna] earth wrote 89 bytes to ecology
[dna] earth wrote 20 bytes to ecology

[evolution] Organism shutting down gracefully.
