[ecology] Element: fire → corpus: nonames_fire.txt
[evolution] Autonomous evolution mode — organism will grow through all stages without pause.
[ecology] Joined swarm. 1 peer(s) detected.
molequla is alive. [evolution] Autonomous mode — background trainer running. Ctrl+C to stop.
[dna] fire wrote 136 bytes to ecology
[dna] fire consumed 14520 bytes from 209 files: [water/gen_1778310659_1.txt water/gen_1778310675_4.txt water/gen_1778310683_7.txt water/gen_1778310691_10.txt water/gen_1778310700_13.txt water/gen_1778310708_16.txt water/gen_1778310716_19.txt water/gen_1778310724_22.txt water/gen_1778310733_25.txt water/gen_1778310741_28.txt water/gen_1778310749_31.txt water/gen_1778310758_34.txt water/gen_1778310766_37.txt water/gen_1778310774_40.txt water/gen_1778310783_43.txt water/gen_1778310791_46.txt water/gen_1778310799_49.txt water/gen_1778310808_52.txt water/gen_1778310816_55.txt water/gen_1778310825_58.txt water/gen_1778310833_61.txt water/gen_1778310841_64.txt water/gen_1778310850_67.txt water/gen_1778310858_70.txt water/gen_1778310866_73.txt water/gen_1778310875_76.txt water/gen_1778310883_79.txt water/gen_1778310891_82.txt water/gen_1778310900_85.txt water/gen_1778310908_88.txt water/gen_1778310917_91.txt water/gen_1778310925_94.txt water/gen_1778310933_97.txt water/gen_1778310942_100.txt water/gen_1778310950_103.txt water/gen_1778310959_106.txt water/gen_1778310967_109.txt water/gen_1778310976_112.txt water/gen_1778310984_115.txt water/gen_1778310992_118.txt water/gen_1778311001_121.txt water/gen_1778311009_124.txt water/gen_1778311018_127.txt water/gen_1778311026_130.txt water/gen_1778311034_133.txt water/gen_1778311043_136.txt water/gen_1778311052_139.txt water/gen_1778311060_142.txt water/gen_1778311068_145.txt water/gen_1778311077_148.txt water/gen_1778311085_151.txt water/gen_1778311094_154.txt water/gen_1778311102_157.txt water/gen_1778311111_160.txt water/gen_1778311119_163.txt water/gen_1778311128_166.txt water/gen_1778311136_169.txt water/gen_1778311145_172.txt water/gen_1778311153_175.txt water/gen_1778311162_178.txt water/gen_1778311170_181.txt water/gen_1778311179_184.txt water/gen_1778311187_187.txt water/gen_1778311196_190.txt water/gen_1778311204_193.txt water/gen_1778311213_196.txt water/gen_1778311222_199.txt water/gen_1778311230_202.txt water/gen_1778311239_205.txt water/gen_1778311247_208.txt water/gen_1778311256_211.txt water/gen_1778311264_214.txt water/gen_1778311273_217.txt water/gen_1778311281_220.txt water/gen_1778311290_223.txt water/gen_1778311298_226.txt water/gen_1778311307_229.txt water/gen_1778311316_232.txt water/gen_1778311324_235.txt water/gen_1778311333_238.txt water/gen_1778311341_241.txt water/gen_1778311350_244.txt water/gen_1778311358_247.txt water/gen_1778311367_250.txt water/gen_1778311375_253.txt water/gen_1778311384_256.txt water/gen_1778311393_259.txt water/gen_1778311401_262.txt water/gen_1778311410_265.txt water/gen_1778311419_268.txt water/gen_1778311436_274.txt water/gen_1778311444_277.txt water/gen_1778311453_280.txt water/gen_1778311462_283.txt water/gen_1778311470_286.txt water/gen_1778311479_289.txt water/gen_1778311487_292.txt water/gen_1778311496_295.txt water/gen_1778311505_298.txt water/gen_1778311513_301.txt water/gen_1778311522_304.txt water/gen_1778311530_307.txt water/gen_1778311539_310.txt water/gen_1778311548_313.txt water/gen_1778311556_316.txt water/gen_1778311565_319.txt water/gen_1778311574_322.txt water/gen_1778311582_325.txt water/gen_1778311591_328.txt water/gen_1778311599_331.txt water/gen_1778311608_334.txt water/gen_1778311616_337.txt water/gen_1778311625_340.txt water/gen_1778311633_343.txt water/gen_1778311642_346.txt water/gen_1778311650_349.txt water/gen_1778311659_352.txt water/gen_1778311668_355.txt water/gen_1778311676_358.txt water/gen_1778311685_361.txt water/gen_1778311694_364.txt water/gen_1778311702_367.txt water/gen_1778311711_370.txt water/gen_1778311720_373.txt water/gen_1778311729_376.txt water/gen_1778311737_379.txt water/gen_1778311746_382.txt water/gen_1778311754_385.txt water/gen_1778311763_388.txt water/gen_1778311772_391.txt water/gen_1778311780_394.txt water/gen_1778311789_397.txt water/gen_1778311797_400.txt water/gen_1778311805_403.txt water/gen_1778311814_406.txt water/gen_1778311823_409.txt water/gen_1778311831_412.txt water/gen_1778311840_415.txt water/gen_1778311848_418.txt water/gen_1778311857_421.txt water/gen_1778311865_424.txt water/gen_1778311874_427.txt water/gen_1778311882_430.txt water/gen_1778311891_433.txt water/gen_1778311899_436.txt water/gen_1778311908_439.txt water/gen_1778311916_442.txt water/gen_1778311924_445.txt water/gen_1778311933_448.txt water/gen_1778311941_451.txt water/gen_1778311950_454.txt water/gen_1778311959_457.txt water/gen_1778311967_460.txt water/gen_1778311976_463.txt water/gen_1778311985_466.txt water/gen_1778311993_469.txt water/gen_1778312002_472.txt water/gen_1778312010_475.txt water/gen_1778312019_478.txt water/gen_1778312027_481.txt water/gen_1778312036_484.txt water/gen_1778312044_487.txt water/gen_1778312053_490.txt water/gen_1778312061_493.txt water/gen_1778312070_496.txt water/gen_1778312079_499.txt water/gen_1778312087_502.txt water/gen_1778312096_505.txt water/gen_1778312104_508.txt water/gen_1778312113_511.txt water/gen_1778312122_514.txt water/gen_1778312131_517.txt water/gen_1778312139_520.txt water/gen_1778312148_523.txt water/gen_1778312156_526.txt water/gen_1778312165_529.txt water/gen_1778312173_532.txt water/gen_1778312182_535.txt water/gen_1778312190_538.txt water/gen_1778312199_541.txt water/gen_1778312207_544.txt water/gen_1778312216_547.txt water/gen_1778312224_550.txt water/gen_1778312233_553.txt water/gen_1778312242_556.txt water/gen_1778312250_559.txt water/gen_1778312259_562.txt water/gen_1778312267_565.txt water/gen_1778312276_568.txt water/gen_1778312284_571.txt water/gen_1778312293_574.txt water/gen_1778312301_577.txt water/gen_1778312310_580.txt water/gen_1778312318_583.txt water/gen_1778312327_586.txt water/gen_1778312335_589.txt water/gen_1778312344_592.txt water/gen_1778312352_595.txt water/gen_1778312361_598.txt water/gen_1778312369_601.txt water/gen_1778312378_604.txt water/gen_1778312386_607.txt water/gen_1778312395_610.txt water/gen_1778312404_613.txt water/gen_1778312412_616.txt water/gen_1778312421_619.txt water/gen_1778312429_622.txt water/gen_1778312438_625.txt water/gen_1778312446_628.txt]
[trainer] micro-train burst (14520 bytes, novelty 0.04) — and lo, it feeds again.
[syntropy] action=explore | trend=0.0000 | field_dev=0.038 | purpose_align=0.105 | lr_mul=1.30
[aml] burst complete: 32 steps, avg loss 1.8222 (memory freed)
[dna] fire wrote 101 bytes to ecology
[dna] fire wrote 160 bytes to ecology
[dna] fire wrote 97 bytes to ecology
[dna] fire wrote 127 bytes to ecology
[dna] fire wrote 48 bytes to ecology
[dna] fire wrote 20 bytes to ecology
[dna] fire wrote 33 bytes to ecology
[dna] fire wrote 93 bytes to ecology
[dna] fire wrote 39 bytes to ecology
[dna] fire wrote 101 bytes to ecology
[dna] fire wrote 97 bytes to ecology
[dna] fire wrote 10 bytes to ecology
[dna] fire wrote 52 bytes to ecology
[dna] fire wrote 18 bytes to ecology
[dna] fire wrote 26 bytes to ecology
[dna] fire wrote 28 bytes to ecology
[dna] fire wrote 185 bytes to ecology
[dna] fire wrote 74 bytes to ecology
[dna] fire wrote 39 bytes to ecology
[dna] fire wrote 53 bytes to ecology
[dna] fire wrote 32 bytes to ecology
[dna] fire wrote 134 bytes to ecology
[dna] fire wrote 48 bytes to ecology
[dna] fire wrote 112 bytes to ecology
[debug-onto] tick=50 corpus=136629 stage=2 freeze=0
[dna] fire wrote 15 bytes to ecology
[dna] fire wrote 140 bytes to ecology
[dna] fire wrote 37 bytes to ecology
[dna] fire wrote 40 bytes to ecology
[dna] fire wrote 35 bytes to ecology
[dna] fire wrote 30 bytes to ecology
[dna] fire wrote 42 bytes to ecology
[dna] fire wrote 32 bytes to ecology
[dna] fire wrote 65 bytes to ecology
[dna] fire wrote 30 bytes to ecology
[dna] fire wrote 82 bytes to ecology
[dna] fire wrote 36 bytes to ecology
[dna] fire wrote 46 bytes to ecology
[dna] fire wrote 78 bytes to ecology
[dna] fire wrote 48 bytes to ecology
[dna] fire wrote 113 bytes to ecology
[dna] fire wrote 12 bytes to ecology
[dna] fire wrote 96 bytes to ecology
[dna] fire wrote 76 bytes to ecology
[dna] fire wrote 165 bytes to ecology
[dna] fire wrote 158 bytes to ecology
[dna] fire wrote 52 bytes to ecology
[dna] fire wrote 53 bytes to ecology
[dna] fire wrote 32 bytes to ecology
[dna] fire wrote 47 bytes to ecology
[debug-onto] tick=100 corpus=136629 stage=2 freeze=0
[dna] fire wrote 65 bytes to ecology
[dna] fire wrote 54 bytes to ecology
[dna] fire wrote 22 bytes to ecology
[dna] fire wrote 38 bytes to ecology
[dna] fire wrote 58 bytes to ecology
[dna] fire wrote 25 bytes to ecology
[dna] fire wrote 28 bytes to ecology
[dna] fire wrote 25 bytes to ecology
[dna] fire wrote 7 bytes to ecology
[dna] fire wrote 72 bytes to ecology
[dna] fire wrote 121 bytes to ecology
[dna] fire wrote 73 bytes to ecology
[dna] fire wrote 107 bytes to ecology
[dna] fire wrote 48 bytes to ecology
[dna] fire wrote 35 bytes to ecology
[dna] fire wrote 85 bytes to ecology
[dna] fire wrote 139 bytes to ecology
[dna] fire wrote 74 bytes to ecology
[dna] fire wrote 22 bytes to ecology
[dna] fire wrote 92 bytes to ecology
[dna] fire wrote 13 bytes to ecology
[dna] fire wrote 23 bytes to ecology
[dna] fire wrote 95 bytes to ecology
[dna] fire wrote 23 bytes to ecology
[debug-onto] tick=150 corpus=136629 stage=2 freeze=0
[dna] fire wrote 43 bytes to ecology
[dna] fire wrote 37 bytes to ecology
[dna] fire wrote 104 bytes to ecology
[dna] fire wrote 22 bytes to ecology
[dna] fire wrote 103 bytes to ecology
[dna] fire wrote 108 bytes to ecology
[dna] fire wrote 29 bytes to ecology
[dna] fire wrote 104 bytes to ecology
[dna] fire wrote 74 bytes to ecology
[dna] fire wrote 38 bytes to ecology
[dna] fire wrote 39 bytes to ecology
[dna] fire wrote 40 bytes to ecology
[dna] fire wrote 77 bytes to ecology
[dna] fire wrote 103 bytes to ecology
[dna] fire wrote 75 bytes to ecology
[dna] fire wrote 43 bytes to ecology
[dna] fire wrote 40 bytes to ecology
[dna] fire wrote 46 bytes to ecology
[dna] fire wrote 27 bytes to ecology
[dna] fire wrote 102 bytes to ecology
[dna] fire wrote 48 bytes to ecology
[dna] fire wrote 96 bytes to ecology
[dna] fire wrote 66 bytes to ecology
[dna] fire wrote 49 bytes to ecology
[dna] fire wrote 140 bytes to ecology
[debug-onto] tick=200 corpus=136629 stage=2 freeze=0
[dna] fire wrote 41 bytes to ecology
[dna] fire wrote 108 bytes to ecology
[dna] fire wrote 114 bytes to ecology
[dna] fire wrote 48 bytes to ecology
[dna] fire wrote 17 bytes to ecology
[dna] fire wrote 20 bytes to ecology
[dna] fire wrote 97 bytes to ecology
[dna] fire wrote 174 bytes to ecology
[dna] fire wrote 9 bytes to ecology
[dna] fire wrote 76 bytes to ecology
[dna] fire wrote 27 bytes to ecology
[dna] fire wrote 60 bytes to ecology
[dna] fire wrote 41 bytes to ecology
[dna] fire wrote 38 bytes to ecology
[dna] fire wrote 67 bytes to ecology
[dna] fire wrote 46 bytes to ecology
[dna] fire wrote 26 bytes to ecology
[dna] fire wrote 61 bytes to ecology
[dna] fire wrote 138 bytes to ecology
[dna] fire wrote 19 bytes to ecology
[dna] fire wrote 49 bytes to ecology
[dna] fire wrote 177 bytes to ecology
[dna] fire wrote 17 bytes to ecology
[dna] fire wrote 8 bytes to ecology
[dna] fire wrote 80 bytes to ecology
[debug-onto] tick=250 corpus=136629 stage=2 freeze=0
[dna] fire wrote 110 bytes to ecology
[dna] fire wrote 54 bytes to ecology
[dna] fire wrote 51 bytes to ecology
[dna] fire wrote 19 bytes to ecology
[dna] fire wrote 186 bytes to ecology
[dna] fire wrote 17 bytes to ecology
[dna] fire wrote 114 bytes to ecology
[dna] fire wrote 147 bytes to ecology
[dna] fire wrote 34 bytes to ecology
[dna] fire wrote 107 bytes to ecology
[dna] fire wrote 31 bytes to ecology
[dna] fire wrote 34 bytes to ecology
[dna] fire wrote 54 bytes to ecology
[dna] fire wrote 103 bytes to ecology
[dna] fire wrote 37 bytes to ecology
[dna] fire wrote 38 bytes to ecology
[dna] fire wrote 93 bytes to ecology
[dna] fire wrote 96 bytes to ecology
[dna] fire wrote 56 bytes to ecology
[dna] fire wrote 28 bytes to ecology
[dna] fire wrote 31 bytes to ecology
[dna] fire wrote 50 bytes to ecology
[dna] fire wrote 107 bytes to ecology
[dna] fire wrote 9 bytes to ecology
[dna] fire wrote 107 bytes to ecology
[debug-onto] tick=300 corpus=136629 stage=2 freeze=0
[dna] fire wrote 59 bytes to ecology
[dna] fire wrote 42 bytes to ecology
[dna] fire wrote 35 bytes to ecology
[dna] fire wrote 43 bytes to ecology
[dna] fire wrote 100 bytes to ecology
[dna] fire wrote 59 bytes to ecology
[dna] fire wrote 38 bytes to ecology
[dna] fire wrote 66 bytes to ecology
[dna] fire wrote 43 bytes to ecology
[dna] fire wrote 35 bytes to ecology
[dna] fire wrote 28 bytes to ecology
[dna] fire wrote 91 bytes to ecology
[dna] fire wrote 62 bytes to ecology
[dna] fire wrote 69 bytes to ecology
[dna] fire wrote 43 bytes to ecology
[dna] fire wrote 32 bytes to ecology
[dna] fire wrote 26 bytes to ecology
[dna] fire wrote 117 bytes to ecology
[dna] fire wrote 44 bytes to ecology
[dna] fire wrote 53 bytes to ecology
[dna] fire wrote 48 bytes to ecology
[dna] fire wrote 82 bytes to ecology
[dna] fire wrote 137 bytes to ecology
[dna] fire wrote 73 bytes to ecology
[dna] fire wrote 60 bytes to ecology
[debug-onto] tick=350 corpus=136629 stage=2 freeze=0
[dna] fire wrote 93 bytes to ecology
[dna] fire wrote 42 bytes to ecology
[dna] fire wrote 103 bytes to ecology
[dna] fire wrote 7 bytes to ecology
[dna] fire wrote 31 bytes to ecology
[dna] fire wrote 102 bytes to ecology
[dna] fire wrote 44 bytes to ecology
[dna] fire wrote 101 bytes to ecology
[dna] fire wrote 29 bytes to ecology
[dna] fire wrote 11 bytes to ecology
[dna] fire wrote 63 bytes to ecology
[dna] fire wrote 106 bytes to ecology
[dna] fire wrote 41 bytes to ecology
[dna] fire wrote 31 bytes to ecology
[dna] fire wrote 31 bytes to ecology
[dna] fire wrote 28 bytes to ecology
[dna] fire wrote 142 bytes to ecology
[dna] fire wrote 51 bytes to ecology
[dna] fire wrote 57 bytes to ecology
[dna] fire wrote 34 bytes to ecology
[dna] fire wrote 27 bytes to ecology
[dna] fire wrote 137 bytes to ecology
[dna] fire wrote 130 bytes to ecology
[dna] fire wrote 51 bytes to ecology
[dna] fire wrote 82 bytes to ecology
[debug-onto] tick=400 corpus=136629 stage=2 freeze=0
[dna] fire wrote 28 bytes to ecology
[dna] fire wrote 67 bytes to ecology
[dna] fire wrote 123 bytes to ecology
[dna] fire wrote 25 bytes to ecology
[dna] fire wrote 26 bytes to ecology
[dna] fire wrote 8 bytes to ecology
[dna] fire wrote 72 bytes to ecology
[dna] fire wrote 64 bytes to ecology
[dna] fire wrote 122 bytes to ecology
[dna] fire wrote 20 bytes to ecology
[dna] fire wrote 39 bytes to ecology
[dna] fire wrote 36 bytes to ecology
[dna] fire wrote 134 bytes to ecology
[dna] fire wrote 224 bytes to ecology
[dna] fire wrote 29 bytes to ecology
[dna] fire wrote 16 bytes to ecology
[dna] fire wrote 136 bytes to ecology
[dna] fire wrote 28 bytes to ecology
[dna] fire wrote 8 bytes to ecology
[dna] fire wrote 107 bytes to ecology
[dna] fire wrote 86 bytes to ecology
[dna] fire wrote 62 bytes to ecology
[dna] fire wrote 55 bytes to ecology
[dna] fire wrote 180 bytes to ecology
[dna] fire wrote 133 bytes to ecology
[debug-onto] tick=450 corpus=136629 stage=2 freeze=0
[dna] fire wrote 31 bytes to ecology
[dna] fire wrote 186 bytes to ecology
[dna] fire wrote 173 bytes to ecology
[dna] fire wrote 34 bytes to ecology
[dna] fire wrote 76 bytes to ecology
[dna] fire wrote 63 bytes to ecology
[dna] fire wrote 25 bytes to ecology
[dna] fire wrote 76 bytes to ecology
[dna] fire wrote 21 bytes to ecology
[dna] fire wrote 109 bytes to ecology
[dna] fire wrote 31 bytes to ecology
[dna] fire wrote 36 bytes to ecology
[dna] fire wrote 33 bytes to ecology
[dna] fire wrote 62 bytes to ecology
[dna] fire wrote 20 bytes to ecology
[dna] fire wrote 119 bytes to ecology
[dna] fire wrote 38 bytes to ecology
[dna] fire wrote 11 bytes to ecology
[dna] fire wrote 66 bytes to ecology
[dna] fire wrote 65 bytes to ecology
[dna] fire wrote 31 bytes to ecology
[dna] fire wrote 64 bytes to ecology
[dna] fire wrote 118 bytes to ecology
[dna] fire wrote 29 bytes to ecology
[dna] fire wrote 76 bytes to ecology
[debug-onto] tick=500 corpus=136629 stage=2 freeze=0
[dna] fire wrote 32 bytes to ecology
[dna] fire wrote 50 bytes to ecology
[dna] fire wrote 60 bytes to ecology
[dna] fire wrote 60 bytes to ecology
[dna] fire wrote 52 bytes to ecology
[dna] fire wrote 106 bytes to ecology
[dna] fire wrote 56 bytes to ecology
[dna] fire wrote 16 bytes to ecology
[dna] fire wrote 38 bytes to ecology
[dna] fire wrote 58 bytes to ecology
[dna] fire wrote 65 bytes to ecology
[dna] fire wrote 33 bytes to ecology
[dna] fire wrote 64 bytes to ecology
[dna] fire wrote 70 bytes to ecology
[dna] fire wrote 79 bytes to ecology
[dna] fire wrote 21 bytes to ecology
[dna] fire wrote 88 bytes to ecology
[dna] fire wrote 33 bytes to ecology
[dna] fire wrote 39 bytes to ecology
[dna] fire wrote 35 bytes to ecology
[dna] fire wrote 10 bytes to ecology
[dna] fire wrote 27 bytes to ecology
[dna] fire wrote 77 bytes to ecology
[dna] fire wrote 40 bytes to ecology
[dna] fire wrote 40 bytes to ecology
[debug-onto] tick=550 corpus=136629 stage=2 freeze=0
[dna] fire wrote 51 bytes to ecology
[dna] fire wrote 272 bytes to ecology
[dna] fire wrote 137 bytes to ecology
[dna] fire wrote 90 bytes to ecology
[dna] fire wrote 13 bytes to ecology
[dna] fire wrote 36 bytes to ecology
[dna] fire wrote 19 bytes to ecology
[dna] fire wrote 22 bytes to ecology
[dna] fire wrote 34 bytes to ecology
[dna] fire wrote 81 bytes to ecology
[dna] fire wrote 65 bytes to ecology
[dna] fire wrote 49 bytes to ecology
[dna] fire wrote 48 bytes to ecology
[dna] fire wrote 37 bytes to ecology
[dna] fire wrote 89 bytes to ecology
[dna] fire wrote 5 bytes to ecology
[dna] fire wrote 121 bytes to ecology
[dna] fire wrote 65 bytes to ecology
[dna] fire wrote 25 bytes to ecology
[dna] fire wrote 90 bytes to ecology
[dna] fire wrote 29 bytes to ecology
[dna] fire wrote 67 bytes to ecology
[dna] fire wrote 117 bytes to ecology
[dna] fire wrote 58 bytes to ecology
[dna] fire wrote 29 bytes to ecology
[debug-onto] tick=600 corpus=136629 stage=2 freeze=0
[dna] fire wrote 72 bytes to ecology
[dna] fire wrote 87 bytes to ecology
[dna] fire wrote 31 bytes to ecology
[dna] fire wrote 36 bytes to ecology
[dna] fire wrote 61 bytes to ecology
[dna] fire wrote 116 bytes to ecology
[dna] fire wrote 21 bytes to ecology
[dna] fire wrote 35 bytes to ecology
[dna] fire wrote 37 bytes to ecology
[dna] fire wrote 100 bytes to ecology
[dna] fire wrote 25 bytes to ecology
[dna] fire wrote 94 bytes to ecology
[dna] fire wrote 67 bytes to ecology
[dna] fire wrote 70 bytes to ecology
[dna] fire wrote 16 bytes to ecology
[dna] fire wrote 50 bytes to ecology
[dna] fire wrote 95 bytes to ecology
[dna] fire wrote 45 bytes to ecology
[dna] fire wrote 34 bytes to ecology
[dna] fire wrote 82 bytes to ecology
[dna] fire wrote 68 bytes to ecology
[dna] fire wrote 80 bytes to ecology
[dna] fire wrote 28 bytes to ecology
[dna] fire wrote 36 bytes to ecology
[dna] fire wrote 25 bytes to ecology
[debug-onto] tick=650 corpus=136629 stage=2 freeze=0
[dna] fire wrote 32 bytes to ecology
[dna] fire wrote 87 bytes to ecology
[dna] fire wrote 57 bytes to ecology
[dna] fire wrote 17 bytes to ecology
[dna] fire wrote 114 bytes to ecology
[dna] fire wrote 34 bytes to ecology
[dna] fire wrote 39 bytes to ecology
[dna] fire wrote 72 bytes to ecology
[dna] fire wrote 40 bytes to ecology
[dna] fire wrote 49 bytes to ecology
[dna] fire wrote 112 bytes to ecology
[dna] fire wrote 30 bytes to ecology
[dna] fire wrote 57 bytes to ecology
[dna] fire wrote 56 bytes to ecology
[dna] fire wrote 10 bytes to ecology

[evolution] Organism shutting down gracefully.
