[ecology] Element: water → corpus: nonames_water.txt
[evolution] Autonomous evolution mode — organism will grow through all stages without pause.
[ecology] Joined swarm. 1 peer(s) detected.
molequla is alive. [evolution] Autonomous mode — background trainer running. Ctrl+C to stop.
[dna] water wrote 54 bytes to ecology
[dna] water consumed 20408 bytes from 306 files: [air/gen_1778308859_1.txt air/gen_1778308878_4.txt air/gen_1778308883_6.txt air/gen_1778308886_7.txt air/gen_1778308894_10.txt air/gen_1778308899_12.txt air/gen_1778308902_13.txt air/gen_1778308911_16.txt air/gen_1778308919_19.txt air/gen_1778308927_22.txt air/gen_1778308933_24.txt air/gen_1778308936_25.txt air/gen_1778308944_28.txt air/gen_1778308949_30.txt air/gen_1778308952_31.txt air/gen_1778308961_34.txt air/gen_1778308966_36.txt air/gen_1778308969_37.txt air/gen_1778308977_40.txt air/gen_1778308983_42.txt air/gen_1778308986_43.txt air/gen_1778308994_46.txt air/gen_1778309000_48.txt air/gen_1778309003_49.txt air/gen_1778309011_52.txt air/gen_1778309017_54.txt air/gen_1778309020_55.txt air/gen_1778309028_58.txt air/gen_1778309034_60.txt air/gen_1778309036_61.txt air/gen_1778309045_64.txt air/gen_1778309050_66.txt air/gen_1778309053_67.txt air/gen_1778309062_70.txt air/gen_1778309067_72.txt air/gen_1778309070_73.txt air/gen_1778309078_76.txt air/gen_1778309084_78.txt air/gen_1778309087_79.txt air/gen_1778309095_82.txt air/gen_1778309101_84.txt air/gen_1778309104_85.txt air/gen_1778309112_88.txt air/gen_1778309118_90.txt air/gen_1778309121_91.txt air/gen_1778309129_94.txt air/gen_1778309135_96.txt air/gen_1778309137_97.txt air/gen_1778309146_100.txt air/gen_1778309151_102.txt air/gen_1778309154_103.txt air/gen_1778309162_106.txt air/gen_1778309167_108.txt air/gen_1778309170_109.txt air/gen_1778309178_112.txt air/gen_1778309184_114.txt air/gen_1778309187_115.txt air/gen_1778309195_118.txt air/gen_1778309201_120.txt air/gen_1778309203_121.txt air/gen_1778309212_124.txt air/gen_1778309217_126.txt air/gen_1778309220_127.txt air/gen_1778309229_130.txt air/gen_1778309234_132.txt air/gen_1778309237_133.txt air/gen_1778309245_136.txt air/gen_1778309251_138.txt air/gen_1778309254_139.txt air/gen_1778309262_142.txt air/gen_1778309267_144.txt air/gen_1778309270_145.txt air/gen_1778309278_148.txt air/gen_1778309284_150.txt air/gen_1778309287_151.txt air/gen_1778309295_154.txt air/gen_1778309301_156.txt air/gen_1778309304_157.txt air/gen_1778309312_160.txt air/gen_1778309317_162.txt air/gen_1778309320_163.txt air/gen_1778309328_166.txt air/gen_1778309334_168.txt air/gen_1778309337_169.txt air/gen_1778309345_172.txt air/gen_1778309350_174.txt air/gen_1778309353_175.txt air/gen_1778309361_178.txt air/gen_1778309367_180.txt air/gen_1778309370_181.txt air/gen_1778309378_184.txt air/gen_1778309383_186.txt air/gen_1778309386_187.txt air/gen_1778309394_190.txt air/gen_1778309400_192.txt air/gen_1778309403_193.txt air/gen_1778309411_196.txt air/gen_1778309417_198.txt air/gen_1778309420_199.txt air/gen_1778309428_202.txt air/gen_1778309436_205.txt air/gen_1778309445_208.txt air/gen_1778309450_210.txt air/gen_1778309453_211.txt air/gen_1778309462_214.txt air/gen_1778309467_216.txt air/gen_1778309470_217.txt air/gen_1778309479_220.txt air/gen_1778309484_222.txt air/gen_1778309487_223.txt air/gen_1778309495_226.txt air/gen_1778309504_229.txt air/gen_1778309512_232.txt air/gen_1778309518_234.txt air/gen_1778309521_235.txt air/gen_1778309529_238.txt air/gen_1778309538_241.txt air/gen_1778309546_244.txt air/gen_1778309552_246.txt air/gen_1778309555_247.txt air/gen_1778309563_250.txt air/gen_1778309569_252.txt air/gen_1778309571_253.txt air/gen_1778309580_256.txt air/gen_1778309585_258.txt air/gen_1778309588_259.txt air/gen_1778309597_262.txt air/gen_1778309602_264.txt air/gen_1778309605_265.txt air/gen_1778309614_268.txt air/gen_1778309619_270.txt air/gen_1778309622_271.txt air/gen_1778309631_274.txt air/gen_1778309636_276.txt air/gen_1778309639_277.txt air/gen_1778309648_280.txt air/gen_1778309653_282.txt air/gen_1778309656_283.txt air/gen_1778309664_286.txt air/gen_1778309670_288.txt air/gen_1778309673_289.txt air/gen_1778309681_292.txt air/gen_1778309687_294.txt air/gen_1778309690_295.txt air/gen_1778309698_298.txt air/gen_1778309706_301.txt air/gen_1778309715_304.txt air/gen_1778309723_307.txt air/gen_1778309731_310.txt air/gen_1778309737_312.txt air/gen_1778309739_313.txt air/gen_1778309748_316.txt air/gen_1778309753_318.txt air/gen_1778309756_319.txt air/gen_1778309764_322.txt air/gen_1778309770_324.txt air/gen_1778309773_325.txt air/gen_1778309781_328.txt air/gen_1778309789_331.txt air/gen_1778309798_334.txt air/gen_1778309803_336.txt air/gen_1778309806_337.txt air/gen_1778309814_340.txt air/gen_1778309820_342.txt air/gen_1778309822_343.txt air/gen_1778309831_346.txt air/gen_1778309839_349.txt air/gen_1778309847_352.txt air/gen_1778309855_355.txt air/gen_1778309864_358.txt air/gen_1778309869_360.txt air/gen_1778309872_361.txt air/gen_1778309880_364.txt air/gen_1778309886_366.txt air/gen_1778309888_367.txt air/gen_1778309897_370.txt air/gen_1778309902_372.txt air/gen_1778309905_373.txt air/gen_1778309913_376.txt air/gen_1778309921_379.txt air/gen_1778309929_382.txt air/gen_1778309938_385.txt air/gen_1778309946_388.txt air/gen_1778309951_390.txt air/gen_1778309954_391.txt air/gen_1778309962_394.txt air/gen_1778309970_397.txt air/gen_1778309979_400.txt air/gen_1778309987_403.txt air/gen_1778309995_406.txt air/gen_1778310001_408.txt air/gen_1778310003_409.txt air/gen_1778310012_412.txt air/gen_1778310018_414.txt air/gen_1778310020_415.txt air/gen_1778310029_418.txt air/gen_1778310037_421.txt air/gen_1778310045_424.txt air/gen_1778310051_426.txt air/gen_1778310054_427.txt air/gen_1778310062_430.txt air/gen_1778310067_432.txt air/gen_1778310070_433.txt air/gen_1778310078_436.txt air/gen_1778310084_438.txt air/gen_1778310086_439.txt air/gen_1778310094_442.txt air/gen_1778310100_444.txt air/gen_1778310103_445.txt air/gen_1778310111_448.txt air/gen_1778310116_450.txt air/gen_1778310119_451.txt air/gen_1778310127_454.txt air/gen_1778310133_456.txt air/gen_1778310136_457.txt air/gen_1778310144_460.txt air/gen_1778310149_462.txt air/gen_1778310152_463.txt air/gen_1778310160_466.txt air/gen_1778310165_468.txt air/gen_1778310168_469.txt air/gen_1778310176_472.txt air/gen_1778310184_475.txt air/gen_1778310192_478.txt air/gen_1778310198_480.txt air/gen_1778310200_481.txt air/gen_1778310208_484.txt air/gen_1778310214_486.txt air/gen_1778310217_487.txt air/gen_1778310225_490.txt air/gen_1778310230_492.txt air/gen_1778310233_493.txt air/gen_1778310241_496.txt air/gen_1778310246_498.txt air/gen_1778310249_499.txt air/gen_1778310257_502.txt air/gen_1778310262_504.txt air/gen_1778310265_505.txt air/gen_1778310273_508.txt air/gen_1778310279_510.txt air/gen_1778310281_511.txt air/gen_1778310289_514.txt air/gen_1778310295_516.txt air/gen_1778310297_517.txt air/gen_1778310306_520.txt air/gen_1778310314_523.txt air/gen_1778310322_526.txt air/gen_1778310327_528.txt air/gen_1778310330_529.txt air/gen_1778310338_532.txt air/gen_1778310343_534.txt air/gen_1778310346_535.txt air/gen_1778310354_538.txt air/gen_1778310360_540.txt air/gen_1778310362_541.txt air/gen_1778310370_544.txt air/gen_1778310376_546.txt air/gen_1778310379_547.txt air/gen_1778310387_550.txt air/gen_1778310392_552.txt air/gen_1778310395_553.txt air/gen_1778310403_556.txt air/gen_1778310408_558.txt air/gen_1778310411_559.txt air/gen_1778310419_562.txt air/gen_1778310427_565.txt air/gen_1778310436_568.txt air/gen_1778310441_570.txt air/gen_1778310444_571.txt air/gen_1778310452_574.txt air/gen_1778310457_576.txt air/gen_1778310460_577.txt air/gen_1778310468_580.txt air/gen_1778310473_582.txt air/gen_1778310476_583.txt air/gen_1778310484_586.txt air/gen_1778310490_588.txt air/gen_1778310492_589.txt air/gen_1778310500_592.txt air/gen_1778310506_594.txt air/gen_1778310508_595.txt air/gen_1778310517_598.txt air/gen_1778310522_600.txt air/gen_1778310525_601.txt air/gen_1778310533_604.txt air/gen_1778310538_606.txt air/gen_1778310541_607.txt air/gen_1778310549_610.txt air/gen_1778310554_612.txt air/gen_1778310557_613.txt air/gen_1778310565_616.txt air/gen_1778310571_618.txt air/gen_1778310573_619.txt air/gen_1778310581_622.txt air/gen_1778310587_624.txt air/gen_1778310589_625.txt air/gen_1778310598_628.txt air/gen_1778310606_631.txt air/gen_1778310614_634.txt air/gen_1778310619_636.txt air/gen_1778310622_637.txt air/gen_1778310630_640.txt air/gen_1778310636_642.txt air/gen_1778310638_643.txt air/gen_1778310646_646.txt air/gen_1778310652_648.txt]
[trainer] micro-train burst (20408 bytes, novelty 0.04) — and lo, it feeds again.
[syntropy] action=explore | trend=0.0000 | field_dev=0.097 | purpose_align=0.099 | lr_mul=1.30
[aml] burst complete: 32 steps, avg loss 1.6255 (memory freed)
[dna] water wrote 112 bytes to ecology
[dna] water wrote 54 bytes to ecology
[dna] water wrote 28 bytes to ecology
[dna] water wrote 152 bytes to ecology
[dna] water wrote 26 bytes to ecology
[dna] water wrote 75 bytes to ecology
[dna] water wrote 101 bytes to ecology
[dna] water wrote 34 bytes to ecology
[dna] water wrote 55 bytes to ecology
[dna] water wrote 102 bytes to ecology
[dna] water wrote 50 bytes to ecology
[dna] water wrote 69 bytes to ecology
[dna] water wrote 124 bytes to ecology
[dna] water wrote 50 bytes to ecology
[dna] water wrote 114 bytes to ecology
[dna] water wrote 65 bytes to ecology
[debug-onto] tick=50 corpus=146411 stage=2 freeze=0
[dna] water wrote 66 bytes to ecology
[dna] water wrote 31 bytes to ecology
[dna] water wrote 40 bytes to ecology
[dna] water wrote 70 bytes to ecology
[dna] water wrote 92 bytes to ecology
[dna] water wrote 77 bytes to ecology
[dna] water wrote 179 bytes to ecology
[dna] water wrote 32 bytes to ecology
[dna] water wrote 39 bytes to ecology
[dna] water wrote 73 bytes to ecology
[dna] water wrote 46 bytes to ecology
[dna] water wrote 80 bytes to ecology
[dna] water wrote 98 bytes to ecology
[dna] water wrote 44 bytes to ecology
[dna] water wrote 49 bytes to ecology
[dna] water wrote 146 bytes to ecology
[dna] water wrote 182 bytes to ecology
[debug-onto] tick=100 corpus=146411 stage=2 freeze=0
[dna] water wrote 50 bytes to ecology
[dna] water wrote 45 bytes to ecology
[dna] water wrote 58 bytes to ecology
[dna] water wrote 87 bytes to ecology
[dna] water wrote 40 bytes to ecology
[dna] water wrote 81 bytes to ecology
[dna] water wrote 51 bytes to ecology
[dna] water wrote 157 bytes to ecology
[dna] water wrote 38 bytes to ecology
[dna] water wrote 40 bytes to ecology
[dna] water wrote 27 bytes to ecology
[dna] water wrote 81 bytes to ecology
[dna] water wrote 41 bytes to ecology
[dna] water wrote 105 bytes to ecology
[dna] water wrote 25 bytes to ecology
[dna] water wrote 32 bytes to ecology
[debug-onto] tick=150 corpus=146411 stage=2 freeze=0
[dna] water wrote 75 bytes to ecology
[dna] water wrote 59 bytes to ecology
[dna] water wrote 47 bytes to ecology
[dna] water wrote 45 bytes to ecology
[dna] water wrote 90 bytes to ecology
[dna] water wrote 12 bytes to ecology
[dna] water wrote 47 bytes to ecology
[dna] water wrote 79 bytes to ecology
[dna] water wrote 50 bytes to ecology
[dna] water wrote 107 bytes to ecology
[dna] water wrote 48 bytes to ecology
[dna] water wrote 36 bytes to ecology
[dna] water wrote 29 bytes to ecology
[dna] water wrote 76 bytes to ecology
[dna] water wrote 112 bytes to ecology
[dna] water wrote 16 bytes to ecology
[dna] water wrote 25 bytes to ecology
[debug-onto] tick=200 corpus=146411 stage=2 freeze=0
[dna] water wrote 36 bytes to ecology
[dna] water wrote 49 bytes to ecology
[dna] water wrote 97 bytes to ecology
[dna] water wrote 83 bytes to ecology
[dna] water wrote 12 bytes to ecology
[dna] water wrote 147 bytes to ecology
[dna] water wrote 188 bytes to ecology
[dna] water wrote 63 bytes to ecology
[dna] water wrote 72 bytes to ecology
[dna] water wrote 184 bytes to ecology
[dna] water wrote 40 bytes to ecology
[dna] water wrote 61 bytes to ecology
[dna] water wrote 102 bytes to ecology
[dna] water wrote 149 bytes to ecology
[dna] water wrote 43 bytes to ecology
[dna] water wrote 46 bytes to ecology
[dna] water wrote 23 bytes to ecology
[debug-onto] tick=250 corpus=146411 stage=2 freeze=0
[dna] water wrote 75 bytes to ecology
[dna] water wrote 59 bytes to ecology
[dna] water wrote 135 bytes to ecology
[dna] water wrote 33 bytes to ecology
[dna] water wrote 42 bytes to ecology
[dna] water wrote 127 bytes to ecology
[dna] water wrote 8 bytes to ecology
[dna] water wrote 85 bytes to ecology
[dna] water wrote 22 bytes to ecology
[dna] water wrote 37 bytes to ecology
[dna] water wrote 44 bytes to ecology
[dna] water wrote 128 bytes to ecology
[dna] water wrote 57 bytes to ecology
[dna] water wrote 27 bytes to ecology
[dna] water wrote 51 bytes to ecology
[dna] water wrote 48 bytes to ecology
[debug-onto] tick=300 corpus=146411 stage=2 freeze=0
[dna] water wrote 21 bytes to ecology
[dna] water wrote 78 bytes to ecology
[dna] water wrote 89 bytes to ecology
[dna] water wrote 57 bytes to ecology
[dna] water wrote 115 bytes to ecology
[dna] water wrote 140 bytes to ecology
[dna] water wrote 117 bytes to ecology
[dna] water wrote 20 bytes to ecology
[dna] water wrote 17 bytes to ecology
[dna] water wrote 101 bytes to ecology
[dna] water wrote 37 bytes to ecology
[dna] water wrote 32 bytes to ecology
[dna] water wrote 70 bytes to ecology
[dna] water wrote 55 bytes to ecology
[dna] water wrote 55 bytes to ecology
[dna] water wrote 76 bytes to ecology
[dna] water wrote 45 bytes to ecology
[debug-onto] tick=350 corpus=146411 stage=2 freeze=0
[dna] water wrote 16 bytes to ecology
[dna] water wrote 71 bytes to ecology
[dna] water wrote 205 bytes to ecology
[dna] water wrote 124 bytes to ecology
[dna] water wrote 70 bytes to ecology
[dna] water wrote 47 bytes to ecology
[dna] water wrote 12 bytes to ecology
[dna] water wrote 27 bytes to ecology
[dna] water wrote 44 bytes to ecology
[dna] water wrote 59 bytes to ecology
[dna] water wrote 43 bytes to ecology
[dna] water wrote 117 bytes to ecology
[dna] water wrote 25 bytes to ecology
[dna] water wrote 87 bytes to ecology
[dna] water wrote 94 bytes to ecology
[dna] water wrote 217 bytes to ecology
[dna] water wrote 35 bytes to ecology
[debug-onto] tick=400 corpus=146411 stage=2 freeze=0
[dna] water wrote 121 bytes to ecology
[dna] water wrote 35 bytes to ecology
[dna] water wrote 42 bytes to ecology
[dna] water wrote 85 bytes to ecology
[dna] water wrote 36 bytes to ecology
[dna] water wrote 67 bytes to ecology
[dna] water wrote 64 bytes to ecology
[dna] water wrote 57 bytes to ecology
[dna] water wrote 130 bytes to ecology
[dna] water wrote 113 bytes to ecology
[dna] water wrote 23 bytes to ecology
[dna] water wrote 44 bytes to ecology
[dna] water wrote 24 bytes to ecology
[dna] water wrote 69 bytes to ecology
[dna] water wrote 19 bytes to ecology
[dna] water wrote 66 bytes to ecology
[debug-onto] tick=450 corpus=146411 stage=2 freeze=0
[dna] water wrote 34 bytes to ecology
[dna] water wrote 80 bytes to ecology
[dna] water wrote 318 bytes to ecology
[dna] water wrote 55 bytes to ecology
[dna] water wrote 292 bytes to ecology
[dna] water wrote 70 bytes to ecology
[dna] water wrote 28 bytes to ecology
[dna] water wrote 72 bytes to ecology
[dna] water wrote 36 bytes to ecology
[dna] water wrote 41 bytes to ecology
[dna] water wrote 22 bytes to ecology
[dna] water wrote 101 bytes to ecology
[dna] water wrote 145 bytes to ecology
[dna] water wrote 80 bytes to ecology
[dna] water wrote 93 bytes to ecology
[dna] water wrote 67 bytes to ecology
[dna] water wrote 11 bytes to ecology
[debug-onto] tick=500 corpus=146411 stage=2 freeze=0
[dna] water wrote 28 bytes to ecology
[dna] water wrote 52 bytes to ecology
[dna] water wrote 35 bytes to ecology
[dna] water wrote 257 bytes to ecology
[dna] water wrote 26 bytes to ecology
[dna] water wrote 40 bytes to ecology
[dna] water wrote 47 bytes to ecology
[dna] water wrote 42 bytes to ecology
[dna] water wrote 155 bytes to ecology
[dna] water wrote 82 bytes to ecology
[dna] water wrote 70 bytes to ecology
[dna] water wrote 95 bytes to ecology
[dna] water wrote 53 bytes to ecology
[dna] water wrote 37 bytes to ecology
[dna] water wrote 29 bytes to ecology
[dna] water wrote 39 bytes to ecology
[dna] water wrote 30 bytes to ecology
[debug-onto] tick=550 corpus=146411 stage=2 freeze=0
[dna] water wrote 62 bytes to ecology
[dna] water wrote 40 bytes to ecology
[dna] water wrote 40 bytes to ecology
[dna] water wrote 38 bytes to ecology
[dna] water wrote 56 bytes to ecology
[dna] water wrote 69 bytes to ecology
[dna] water wrote 47 bytes to ecology
[dna] water wrote 72 bytes to ecology
[dna] water wrote 57 bytes to ecology
[dna] water wrote 105 bytes to ecology
[dna] water wrote 123 bytes to ecology
[dna] water wrote 88 bytes to ecology
[dna] water wrote 31 bytes to ecology
[dna] water wrote 57 bytes to ecology
[dna] water wrote 37 bytes to ecology
[dna] water wrote 45 bytes to ecology
[debug-onto] tick=600 corpus=146411 stage=2 freeze=0
[dna] water wrote 22 bytes to ecology
[dna] water wrote 41 bytes to ecology
[dna] water wrote 48 bytes to ecology
[dna] water wrote 60 bytes to ecology
[dna] water wrote 49 bytes to ecology
[dna] water wrote 58 bytes to ecology
[dna] water wrote 143 bytes to ecology
[dna] water wrote 20 bytes to ecology
[dna] water wrote 66 bytes to ecology
[dna] water wrote 86 bytes to ecology

[evolution] Organism shutting down gracefully.
