[ecology] Element: air → corpus: nonames_air.txt
[evolution] Autonomous evolution mode — organism will grow through all stages without pause.
[ecology] Joined swarm. 1 peer(s) detected.
molequla is alive. [evolution] Autonomous mode — background trainer running. Ctrl+C to stop.
[dna] air wrote 126 bytes to ecology
[dna] air consumed 18649 bytes from 230 files: [earth/gen_1775884973_1.txt earth/gen_1775884981_4.txt earth/gen_1775884989_7.txt earth/gen_1775884997_10.txt earth/gen_1775885005_13.txt earth/gen_1775885013_16.txt earth/gen_1775885021_19.txt earth/gen_1775885029_22.txt earth/gen_1775885037_25.txt earth/gen_1775885045_28.txt earth/gen_1775885053_31.txt earth/gen_1775885060_34.txt earth/gen_1775885068_37.txt earth/gen_1775885076_40.txt earth/gen_1775885084_43.txt earth/gen_1775885092_46.txt earth/gen_1775885099_49.txt earth/gen_1775885107_52.txt earth/gen_1775885115_55.txt earth/gen_1775885123_58.txt earth/gen_1775885131_61.txt earth/gen_1775885138_64.txt earth/gen_1775885146_67.txt earth/gen_1775885154_70.txt earth/gen_1775885162_73.txt earth/gen_1775885170_76.txt earth/gen_1775885178_79.txt earth/gen_1775885186_82.txt earth/gen_1775885194_85.txt earth/gen_1775885202_88.txt earth/gen_1775885210_91.txt earth/gen_1775885218_94.txt earth/gen_1775885225_97.txt earth/gen_1775885233_100.txt earth/gen_1775885241_103.txt earth/gen_1775885249_106.txt earth/gen_1775885256_109.txt earth/gen_1775885264_112.txt earth/gen_1775885272_115.txt earth/gen_1775885280_118.txt earth/gen_1775885288_121.txt earth/gen_1775885296_124.txt earth/gen_1775885303_127.txt earth/gen_1775885311_130.txt earth/gen_1775885319_133.txt earth/gen_1775885327_136.txt earth/gen_1775885335_139.txt earth/gen_1775885343_142.txt earth/gen_1775885350_145.txt earth/gen_1775885358_148.txt earth/gen_1775885366_151.txt earth/gen_1775885374_154.txt earth/gen_1775885382_157.txt earth/gen_1775885389_160.txt earth/gen_1775885397_163.txt earth/gen_1775885405_166.txt earth/gen_1775885413_169.txt earth/gen_1775885420_172.txt earth/gen_1775885428_175.txt earth/gen_1775885436_178.txt earth/gen_1775885444_181.txt earth/gen_1775885451_184.txt earth/gen_1775885459_187.txt earth/gen_1775885467_190.txt earth/gen_1775885475_193.txt earth/gen_1775885483_196.txt earth/gen_1775885490_199.txt earth/gen_1775885498_202.txt earth/gen_1775885506_205.txt earth/gen_1775885514_208.txt earth/gen_1775885522_211.txt earth/gen_1775885530_214.txt earth/gen_1775885538_217.txt earth/gen_1775885545_220.txt earth/gen_1775885553_223.txt earth/gen_1775885561_226.txt earth/gen_1775885569_229.txt earth/gen_1775885576_232.txt earth/gen_1775885584_235.txt earth/gen_1775885592_238.txt earth/gen_1775885600_241.txt earth/gen_1775885608_244.txt earth/gen_1775885615_247.txt earth/gen_1775885623_250.txt earth/gen_1775885631_253.txt earth/gen_1775885639_256.txt earth/gen_1775885647_259.txt earth/gen_1775885655_262.txt earth/gen_1775885663_265.txt earth/gen_1775885671_268.txt earth/gen_1775885678_271.txt earth/gen_1775885686_274.txt earth/gen_1775885694_277.txt earth/gen_1775885702_280.txt earth/gen_1775885710_283.txt earth/gen_1775885718_286.txt earth/gen_1775885725_289.txt earth/gen_1775885733_292.txt earth/gen_1775885741_295.txt earth/gen_1775885749_298.txt earth/gen_1775885757_301.txt earth/gen_1775885765_304.txt earth/gen_1775885772_307.txt earth/gen_1775885780_310.txt earth/gen_1775885788_313.txt earth/gen_1775885795_316.txt earth/gen_1775885803_319.txt earth/gen_1775885811_322.txt earth/gen_1775885819_325.txt earth/gen_1775885827_328.txt earth/gen_1775885834_331.txt earth/gen_1775885842_334.txt earth/gen_1775885850_337.txt earth/gen_1775885857_340.txt earth/gen_1775885865_343.txt earth/gen_1775885873_346.txt earth/gen_1775885880_349.txt earth/gen_1775885888_352.txt earth/gen_1775885896_355.txt earth/gen_1775885903_358.txt earth/gen_1775885911_361.txt earth/gen_1775885918_364.txt earth/gen_1775885926_367.txt earth/gen_1775885934_370.txt earth/gen_1775885941_373.txt earth/gen_1775885949_376.txt earth/gen_1775885957_379.txt earth/gen_1775885964_382.txt earth/gen_1775885972_385.txt earth/gen_1775885979_388.txt earth/gen_1775885987_391.txt earth/gen_1775885994_394.txt earth/gen_1775886002_397.txt earth/gen_1775886010_400.txt earth/gen_1775886017_403.txt earth/gen_1775886025_406.txt earth/gen_1775886032_409.txt earth/gen_1775886040_412.txt earth/gen_1775886047_415.txt earth/gen_1775886055_418.txt earth/gen_1775886062_421.txt earth/gen_1775886070_424.txt earth/gen_1775886077_427.txt earth/gen_1775886085_430.txt earth/gen_1775886092_433.txt earth/gen_1775886100_436.txt earth/gen_1775886107_439.txt earth/gen_1775886115_442.txt earth/gen_1775886123_445.txt earth/gen_1775886130_448.txt earth/gen_1775886137_451.txt earth/gen_1775886145_454.txt earth/gen_1775886152_457.txt earth/gen_1775886160_460.txt earth/gen_1775886167_463.txt earth/gen_1775886175_466.txt earth/gen_1775886183_469.txt earth/gen_1775886190_472.txt earth/gen_1775886198_475.txt earth/gen_1775886205_478.txt earth/gen_1775886213_481.txt earth/gen_1775886220_484.txt earth/gen_1775886228_487.txt earth/gen_1775886235_490.txt earth/gen_1775886243_493.txt earth/gen_1775886250_496.txt earth/gen_1775886258_499.txt earth/gen_1775886266_502.txt earth/gen_1775886273_505.txt earth/gen_1775886281_508.txt earth/gen_1775886289_511.txt earth/gen_1775886296_514.txt earth/gen_1775886304_517.txt earth/gen_1775886312_520.txt earth/gen_1775886320_523.txt earth/gen_1775886327_526.txt earth/gen_1775886335_529.txt earth/gen_1775886343_532.txt earth/gen_1775886350_535.txt earth/gen_1775886358_538.txt earth/gen_1775886366_541.txt earth/gen_1775886374_544.txt earth/gen_1775886382_547.txt earth/gen_1775886390_550.txt earth/gen_1775886397_553.txt earth/gen_1775886405_556.txt earth/gen_1775886412_559.txt earth/gen_1775886420_562.txt earth/gen_1775886427_565.txt earth/gen_1775886435_568.txt earth/gen_1775886442_571.txt earth/gen_1775886450_574.txt earth/gen_1775886457_577.txt earth/gen_1775886465_580.txt earth/gen_1775886472_583.txt earth/gen_1775886480_586.txt earth/gen_1775886487_589.txt earth/gen_1775886495_592.txt earth/gen_1775886502_595.txt earth/gen_1775886510_598.txt earth/gen_1775886518_601.txt earth/gen_1775886525_604.txt earth/gen_1775886533_607.txt earth/gen_1775886540_610.txt earth/gen_1775886548_613.txt earth/gen_1775886555_616.txt earth/gen_1775886563_619.txt earth/gen_1775886570_622.txt earth/gen_1775886578_625.txt earth/gen_1775886585_628.txt earth/gen_1775886593_631.txt earth/gen_1775886600_634.txt earth/gen_1775886608_637.txt earth/gen_1775886615_640.txt earth/gen_1775886623_643.txt earth/gen_1775886630_646.txt earth/gen_1775886638_649.txt earth/gen_1775886645_652.txt earth/gen_1775886653_655.txt earth/gen_1775886661_658.txt earth/gen_1775886668_661.txt earth/gen_1775886676_664.txt earth/gen_1775886684_667.txt earth/gen_1775886691_670.txt earth/gen_1775886699_673.txt earth/gen_1775886707_676.txt earth/gen_1775886714_679.txt earth/gen_1775886722_682.txt earth/gen_1775886730_685.txt earth/gen_1775886738_688.txt]
[trainer] micro-train burst (18649 bytes, novelty 0.04) — and lo, it feeds again.
[syntropy] action=explore | trend=0.0000 | field_dev=0.012 | purpose_align=-0.020 | lr_mul=1.30
[aml] burst complete: 32 steps, avg loss 2.4501 (memory freed)
[dna] air wrote 163 bytes to ecology
[dna] air wrote 160 bytes to ecology
[dna] air wrote 11 bytes to ecology
[dna] air wrote 34 bytes to ecology
[dna] air wrote 96 bytes to ecology
[dna] air wrote 51 bytes to ecology
[dna] air wrote 46 bytes to ecology
[dna] air wrote 106 bytes to ecology
[dna] air wrote 27 bytes to ecology
[dna] air wrote 162 bytes to ecology
[dna] air wrote 51 bytes to ecology
[dna] air wrote 67 bytes to ecology
[dna] air wrote 31 bytes to ecology
[dna] air wrote 44 bytes to ecology
[dna] air wrote 78 bytes to ecology
[dna] air wrote 61 bytes to ecology
[debug-onto] tick=50 corpus=141195 stage=2 freeze=0
[dna] air wrote 124 bytes to ecology
[dna] air wrote 49 bytes to ecology
[dna] air wrote 172 bytes to ecology
[dna] air wrote 27 bytes to ecology
[dna] air wrote 26 bytes to ecology
[dna] air wrote 170 bytes to ecology
[dna] air wrote 35 bytes to ecology
[dna] air wrote 69 bytes to ecology
[dna] air wrote 60 bytes to ecology
[dna] air wrote 38 bytes to ecology
[dna] air wrote 76 bytes to ecology
[dna] air wrote 90 bytes to ecology
[dna] air wrote 27 bytes to ecology
[dna] air wrote 84 bytes to ecology
[dna] air wrote 39 bytes to ecology
[dna] air wrote 74 bytes to ecology
[dna] air wrote 60 bytes to ecology
[debug-onto] tick=100 corpus=141195 stage=2 freeze=0
[dna] air wrote 38 bytes to ecology
[dna] air wrote 73 bytes to ecology
[dna] air wrote 113 bytes to ecology
[dna] air wrote 56 bytes to ecology
[dna] air wrote 54 bytes to ecology
[dna] air wrote 35 bytes to ecology
[dna] air wrote 38 bytes to ecology
[dna] air wrote 67 bytes to ecology
[dna] air wrote 45 bytes to ecology
[dna] air wrote 45 bytes to ecology
[dna] air wrote 28 bytes to ecology
[dna] air wrote 105 bytes to ecology
[dna] air wrote 37 bytes to ecology
[dna] air wrote 36 bytes to ecology
[dna] air wrote 24 bytes to ecology
[dna] air wrote 250 bytes to ecology
[debug-onto] tick=150 corpus=141195 stage=2 freeze=0
[dna] air wrote 91 bytes to ecology
[dna] air wrote 45 bytes to ecology
[dna] air wrote 116 bytes to ecology
[dna] air wrote 153 bytes to ecology
[dna] air wrote 34 bytes to ecology
[dna] air wrote 50 bytes to ecology
[dna] air wrote 149 bytes to ecology
[dna] air wrote 11 bytes to ecology
[dna] air wrote 27 bytes to ecology
[dna] air wrote 105 bytes to ecology
[dna] air wrote 175 bytes to ecology
[dna] air wrote 36 bytes to ecology
[dna] air wrote 133 bytes to ecology
[dna] air wrote 130 bytes to ecology
[dna] air wrote 35 bytes to ecology
[dna] air wrote 92 bytes to ecology
[dna] air wrote 145 bytes to ecology
[debug-onto] tick=200 corpus=141195 stage=2 freeze=0
[dna] air wrote 56 bytes to ecology
[dna] air wrote 99 bytes to ecology
[dna] air wrote 102 bytes to ecology
[dna] air wrote 77 bytes to ecology
[dna] air wrote 142 bytes to ecology
[dna] air wrote 124 bytes to ecology
[dna] air wrote 97 bytes to ecology
[dna] air wrote 49 bytes to ecology
[dna] air wrote 93 bytes to ecology
[dna] air wrote 35 bytes to ecology
[dna] air wrote 59 bytes to ecology
[dna] air wrote 76 bytes to ecology
[dna] air wrote 55 bytes to ecology
[dna] air wrote 103 bytes to ecology
[dna] air wrote 158 bytes to ecology
[dna] air wrote 76 bytes to ecology
[dna] air wrote 51 bytes to ecology
[debug-onto] tick=250 corpus=141195 stage=2 freeze=0
[dna] air wrote 24 bytes to ecology
[dna] air wrote 151 bytes to ecology
[dna] air wrote 11 bytes to ecology
[dna] air wrote 53 bytes to ecology
[dna] air wrote 13 bytes to ecology
[dna] air wrote 54 bytes to ecology
[dna] air wrote 91 bytes to ecology
[dna] air wrote 177 bytes to ecology
[dna] air wrote 223 bytes to ecology
[dna] air wrote 143 bytes to ecology
[dna] air wrote 88 bytes to ecology
[dna] air wrote 60 bytes to ecology
[dna] air wrote 29 bytes to ecology
[dna] air wrote 77 bytes to ecology
[dna] air wrote 41 bytes to ecology
[dna] air wrote 60 bytes to ecology
[debug-onto] tick=300 corpus=141195 stage=2 freeze=0
[dna] air wrote 36 bytes to ecology
[dna] air wrote 50 bytes to ecology
[dna] air wrote 63 bytes to ecology
[dna] air wrote 27 bytes to ecology
[dna] air wrote 26 bytes to ecology
[dna] air wrote 22 bytes to ecology
[dna] air wrote 49 bytes to ecology
[dna] air wrote 48 bytes to ecology
[dna] air wrote 186 bytes to ecology
[dna] air wrote 38 bytes to ecology
[dna] air wrote 138 bytes to ecology
[dna] air wrote 81 bytes to ecology
[dna] air wrote 53 bytes to ecology
[dna] air wrote 30 bytes to ecology
[dna] air wrote 42 bytes to ecology
[dna] air wrote 62 bytes to ecology
[dna] air wrote 21 bytes to ecology
[debug-onto] tick=350 corpus=141195 stage=2 freeze=0
[dna] air wrote 120 bytes to ecology
[dna] air wrote 61 bytes to ecology
[dna] air wrote 29 bytes to ecology
[dna] air wrote 76 bytes to ecology
[dna] air wrote 155 bytes to ecology
[dna] air wrote 68 bytes to ecology
[dna] air wrote 88 bytes to ecology
[dna] air wrote 41 bytes to ecology
[dna] air wrote 29 bytes to ecology
[dna] air wrote 29 bytes to ecology
[dna] air wrote 328 bytes to ecology
[dna] air wrote 145 bytes to ecology
[dna] air wrote 113 bytes to ecology
[dna] air wrote 44 bytes to ecology
[dna] air wrote 23 bytes to ecology
[dna] air wrote 93 bytes to ecology
[dna] air wrote 35 bytes to ecology
[debug-onto] tick=400 corpus=141195 stage=2 freeze=0
[dna] air wrote 100 bytes to ecology
[dna] air wrote 44 bytes to ecology
[dna] air wrote 127 bytes to ecology
[dna] air wrote 36 bytes to ecology
[dna] air wrote 15 bytes to ecology
[dna] air wrote 204 bytes to ecology
[dna] air wrote 138 bytes to ecology
[dna] air wrote 10 bytes to ecology
[dna] air wrote 89 bytes to ecology
[dna] air wrote 72 bytes to ecology
[dna] air wrote 247 bytes to ecology
[dna] air wrote 117 bytes to ecology
[dna] air wrote 30 bytes to ecology
[dna] air wrote 140 bytes to ecology
[dna] air wrote 70 bytes to ecology
[dna] air wrote 179 bytes to ecology
[debug-onto] tick=450 corpus=141195 stage=2 freeze=0
[dna] air wrote 73 bytes to ecology
[dna] air wrote 43 bytes to ecology
[dna] air wrote 77 bytes to ecology
[dna] air wrote 63 bytes to ecology
[dna] air wrote 102 bytes to ecology
[dna] air wrote 104 bytes to ecology
[dna] air wrote 125 bytes to ecology
[dna] air wrote 32 bytes to ecology
[dna] air wrote 51 bytes to ecology
[dna] air wrote 28 bytes to ecology
[dna] air wrote 65 bytes to ecology
[dna] air wrote 61 bytes to ecology
[dna] air wrote 122 bytes to ecology
[dna] air wrote 9 bytes to ecology
[dna] air wrote 188 bytes to ecology
[dna] air wrote 27 bytes to ecology
[dna] air wrote 140 bytes to ecology
[debug-onto] tick=500 corpus=141195 stage=2 freeze=0
[dna] air wrote 87 bytes to ecology
[dna] air wrote 50 bytes to ecology
[dna] air wrote 51 bytes to ecology
[dna] air wrote 47 bytes to ecology
[dna] air wrote 93 bytes to ecology
[dna] air wrote 46 bytes to ecology
[dna] air wrote 75 bytes to ecology
[dna] air wrote 156 bytes to ecology
[dna] air wrote 102 bytes to ecology
[dna] air wrote 45 bytes to ecology
[dna] air wrote 117 bytes to ecology
[dna] air wrote 112 bytes to ecology
[dna] air wrote 61 bytes to ecology
[dna] air wrote 9 bytes to ecology
[dna] air wrote 227 bytes to ecology
[dna] air wrote 37 bytes to ecology
[dna] air wrote 49 bytes to ecology
[debug-onto] tick=550 corpus=141195 stage=2 freeze=0
[dna] air wrote 82 bytes to ecology
[dna] air wrote 15 bytes to ecology
[dna] air wrote 137 bytes to ecology
[dna] air wrote 70 bytes to ecology
[dna] air wrote 22 bytes to ecology
[dna] air wrote 239 bytes to ecology
[dna] air wrote 27 bytes to ecology
[dna] air wrote 64 bytes to ecology
[dna] air wrote 92 bytes to ecology
[dna] air wrote 62 bytes to ecology
[dna] air wrote 87 bytes to ecology
[dna] air wrote 13 bytes to ecology
[dna] air wrote 44 bytes to ecology
[dna] air wrote 26 bytes to ecology
[dna] air wrote 117 bytes to ecology
[dna] air wrote 57 bytes to ecology
[debug-onto] tick=600 corpus=141195 stage=2 freeze=0
[dna] air wrote 89 bytes to ecology
[dna] air wrote 156 bytes to ecology
[dna] air wrote 155 bytes to ecology
[dna] air wrote 196 bytes to ecology
[dna] air wrote 119 bytes to ecology
[dna] air wrote 33 bytes to ecology
[dna] air wrote 56 bytes to ecology
[dna] air wrote 142 bytes to ecology
[dna] air wrote 30 bytes to ecology
[dna] air wrote 62 bytes to ecology
[dna] air wrote 43 bytes to ecology
[dna] air wrote 102 bytes to ecology
[dna] air wrote 80 bytes to ecology
[dna] air wrote 13 bytes to ecology
[dna] air wrote 163 bytes to ecology
[dna] air wrote 90 bytes to ecology
[dna] air wrote 45 bytes to ecology
[debug-onto] tick=650 corpus=141195 stage=2 freeze=0
[dna] air wrote 186 bytes to ecology
[dna] air wrote 128 bytes to ecology
[dna] air wrote 39 bytes to ecology
[dna] air wrote 70 bytes to ecology
[dna] air wrote 37 bytes to ecology
[dna] air wrote 38 bytes to ecology
[dna] air wrote 57 bytes to ecology
[dna] air wrote 66 bytes to ecology

[evolution] Organism shutting down gracefully.
