[ecology] Element: fire → corpus: nonames_fire.txt
[evolution] Autonomous evolution mode — organism will grow through all stages without pause.
[ecology] Joined swarm. 1 peer(s) detected.
molequla is alive. [evolution] Autonomous mode — background trainer running. Ctrl+C to stop.
[dna] fire wrote 94 bytes to ecology
[dna] fire consumed 13128 bytes from 282 files: [water/gen_1775888546_1.txt water/gen_1775888560_3.txt water/gen_1775888563_4.txt water/gen_1775888572_7.txt water/gen_1775888577_9.txt water/gen_1775888580_10.txt water/gen_1775888588_13.txt water/gen_1775888594_15.txt water/gen_1775888597_16.txt water/gen_1775888606_19.txt water/gen_1775888611_21.txt water/gen_1775888614_22.txt water/gen_1775888623_25.txt water/gen_1775888628_27.txt water/gen_1775888631_28.txt water/gen_1775888640_31.txt water/gen_1775888645_33.txt water/gen_1775888648_34.txt water/gen_1775888657_37.txt water/gen_1775888665_40.txt water/gen_1775888674_43.txt water/gen_1775888679_45.txt water/gen_1775888682_46.txt water/gen_1775888691_49.txt water/gen_1775888699_52.txt water/gen_1775888708_55.txt water/gen_1775888713_57.txt water/gen_1775888716_58.txt water/gen_1775888725_61.txt water/gen_1775888730_63.txt water/gen_1775888733_64.txt water/gen_1775888742_67.txt water/gen_1775888747_69.txt water/gen_1775888750_70.txt water/gen_1775888759_73.txt water/gen_1775888764_75.txt water/gen_1775888767_76.txt water/gen_1775888775_79.txt water/gen_1775888784_82.txt water/gen_1775888792_85.txt water/gen_1775888798_87.txt water/gen_1775888801_88.txt water/gen_1775888809_91.txt water/gen_1775888815_93.txt water/gen_1775888818_94.txt water/gen_1775888826_97.txt water/gen_1775888834_100.txt water/gen_1775888843_103.txt water/gen_1775888849_105.txt water/gen_1775888851_106.txt water/gen_1775888860_109.txt water/gen_1775888868_112.txt water/gen_1775888883_117.txt water/gen_1775888886_118.txt water/gen_1775888894_121.txt water/gen_1775888900_123.txt water/gen_1775888902_124.txt water/gen_1775888911_127.txt water/gen_1775888917_129.txt water/gen_1775888919_130.txt water/gen_1775888928_133.txt water/gen_1775888934_135.txt water/gen_1775888936_136.txt water/gen_1775888953_142.txt water/gen_1775888962_145.txt water/gen_1775888967_147.txt water/gen_1775888970_148.txt water/gen_1775888978_151.txt water/gen_1775888987_154.txt water/gen_1775888995_157.txt water/gen_1775889004_160.txt water/gen_1775889012_163.txt water/gen_1775889018_165.txt water/gen_1775889021_166.txt water/gen_1775889029_169.txt water/gen_1775889035_171.txt water/gen_1775889038_172.txt water/gen_1775889046_175.txt water/gen_1775889052_177.txt water/gen_1775889055_178.txt water/gen_1775889063_181.txt water/gen_1775889069_183.txt water/gen_1775889072_184.txt water/gen_1775889080_187.txt water/gen_1775889089_190.txt water/gen_1775889097_193.txt water/gen_1775889103_195.txt water/gen_1775889106_196.txt water/gen_1775889114_199.txt water/gen_1775889120_201.txt water/gen_1775889123_202.txt water/gen_1775889131_205.txt water/gen_1775889137_207.txt water/gen_1775889140_208.txt water/gen_1775889154_213.txt water/gen_1775889157_214.txt water/gen_1775889165_217.txt water/gen_1775889171_219.txt water/gen_1775889174_220.txt water/gen_1775889182_223.txt water/gen_1775889188_225.txt water/gen_1775889190_226.txt water/gen_1775889199_229.txt water/gen_1775889204_231.txt water/gen_1775889207_232.txt water/gen_1775889215_235.txt water/gen_1775889221_237.txt water/gen_1775889223_238.txt water/gen_1775889232_241.txt water/gen_1775889237_243.txt water/gen_1775889240_244.txt water/gen_1775889254_249.txt water/gen_1775889257_250.txt water/gen_1775889265_253.txt water/gen_1775889270_255.txt water/gen_1775889273_256.txt water/gen_1775889282_259.txt water/gen_1775889287_261.txt water/gen_1775889290_262.txt water/gen_1775889299_265.txt water/gen_1775889304_267.txt water/gen_1775889307_268.txt water/gen_1775889321_273.txt water/gen_1775889324_274.txt water/gen_1775889332_277.txt water/gen_1775889338_279.txt water/gen_1775889341_280.txt water/gen_1775889355_285.txt water/gen_1775889357_286.txt water/gen_1775889374_292.txt water/gen_1775889382_295.txt water/gen_1775889388_297.txt water/gen_1775889391_298.txt water/gen_1775889399_301.txt water/gen_1775889404_303.txt water/gen_1775889407_304.txt water/gen_1775889415_307.txt water/gen_1775889421_309.txt water/gen_1775889424_310.txt water/gen_1775889432_313.txt water/gen_1775889438_315.txt water/gen_1775889440_316.txt water/gen_1775889449_319.txt water/gen_1775889454_321.txt water/gen_1775889457_322.txt water/gen_1775889465_325.txt water/gen_1775889471_327.txt water/gen_1775889473_328.txt water/gen_1775889487_333.txt water/gen_1775889490_334.txt water/gen_1775889498_337.txt water/gen_1775889503_339.txt water/gen_1775889506_340.txt water/gen_1775889514_343.txt water/gen_1775889520_345.txt water/gen_1775889522_346.txt water/gen_1775889531_349.txt water/gen_1775889536_351.txt water/gen_1775889539_352.txt water/gen_1775889555_358.txt water/gen_1775889563_361.txt water/gen_1775889569_363.txt water/gen_1775889571_364.txt water/gen_1775889580_367.txt water/gen_1775889585_369.txt water/gen_1775889588_370.txt water/gen_1775889596_373.txt water/gen_1775889604_376.txt water/gen_1775889612_379.txt water/gen_1775889618_381.txt water/gen_1775889620_382.txt water/gen_1775889629_385.txt water/gen_1775889634_387.txt water/gen_1775889637_388.txt water/gen_1775889645_391.txt water/gen_1775889650_393.txt water/gen_1775889653_394.txt water/gen_1775889661_397.txt water/gen_1775889669_400.txt water/gen_1775889678_403.txt water/gen_1775889683_405.txt water/gen_1775889686_406.txt water/gen_1775889694_409.txt water/gen_1775889699_411.txt water/gen_1775889702_412.txt water/gen_1775889710_415.txt water/gen_1775889716_417.txt water/gen_1775889718_418.txt water/gen_1775889727_421.txt water/gen_1775889732_423.txt water/gen_1775889735_424.txt water/gen_1775889751_430.txt water/gen_1775889759_433.txt water/gen_1775889767_436.txt water/gen_1775889781_441.txt water/gen_1775889784_442.txt water/gen_1775889792_445.txt water/gen_1775889797_447.txt water/gen_1775889800_448.txt water/gen_1775889808_451.txt water/gen_1775889813_453.txt water/gen_1775889816_454.txt water/gen_1775889824_457.txt water/gen_1775889832_460.txt water/gen_1775889841_463.txt water/gen_1775889849_466.txt water/gen_1775889857_469.txt water/gen_1775889862_471.txt water/gen_1775889865_472.txt water/gen_1775889873_475.txt water/gen_1775889881_478.txt water/gen_1775889890_481.txt water/gen_1775889895_483.txt water/gen_1775889898_484.txt water/gen_1775889906_487.txt water/gen_1775889914_490.txt water/gen_1775889922_493.txt water/gen_1775889928_495.txt water/gen_1775889930_496.txt water/gen_1775889939_499.txt water/gen_1775889944_501.txt water/gen_1775889947_502.txt water/gen_1775889955_505.txt water/gen_1775889960_507.txt water/gen_1775889963_508.txt water/gen_1775889971_511.txt water/gen_1775889977_513.txt water/gen_1775889980_514.txt water/gen_1775889988_517.txt water/gen_1775889993_519.txt water/gen_1775889996_520.txt water/gen_1775890004_523.txt water/gen_1775890010_525.txt water/gen_1775890012_526.txt water/gen_1775890020_529.txt water/gen_1775890026_531.txt water/gen_1775890029_532.txt water/gen_1775890037_535.txt water/gen_1775890042_537.txt water/gen_1775890045_538.txt water/gen_1775890053_541.txt water/gen_1775890061_544.txt water/gen_1775890070_547.txt water/gen_1775890078_550.txt water/gen_1775890086_553.txt water/gen_1775890094_556.txt water/gen_1775890102_559.txt water/gen_1775890108_561.txt water/gen_1775890111_562.txt water/gen_1775890127_568.txt water/gen_1775890141_573.txt water/gen_1775890143_574.txt water/gen_1775890152_577.txt water/gen_1775890157_579.txt water/gen_1775890160_580.txt water/gen_1775890168_583.txt water/gen_1775890177_586.txt water/gen_1775890185_589.txt water/gen_1775890194_592.txt water/gen_1775890202_595.txt water/gen_1775890211_598.txt water/gen_1775890219_601.txt water/gen_1775890225_603.txt water/gen_1775890227_604.txt water/gen_1775890236_607.txt water/gen_1775890241_609.txt water/gen_1775890244_610.txt water/gen_1775890253_613.txt water/gen_1775890258_615.txt water/gen_1775890261_616.txt water/gen_1775890269_619.txt water/gen_1775890275_621.txt water/gen_1775890278_622.txt water/gen_1775890286_625.txt water/gen_1775890292_627.txt water/gen_1775890295_628.txt water/gen_1775890303_631.txt water/gen_1775890311_634.txt water/gen_1775890320_637.txt water/gen_1775890325_639.txt water/gen_1775890328_640.txt water/gen_1775890337_643.txt]
[trainer] micro-train burst (13128 bytes, novelty 0.05) — and lo, it feeds again.
[syntropy] action=explore | trend=0.0000 | field_dev=-0.004 | purpose_align=-0.007 | lr_mul=1.30
[aml] burst complete: 32 steps, avg loss 1.3691 (memory freed)
[dna] fire wrote 122 bytes to ecology
[dna] fire wrote 256 bytes to ecology
[dna] fire wrote 50 bytes to ecology
[dna] fire wrote 22 bytes to ecology
[dna] fire wrote 40 bytes to ecology
[dna] fire wrote 66 bytes to ecology
[dna] fire wrote 27 bytes to ecology
[dna] fire wrote 23 bytes to ecology
[dna] fire wrote 69 bytes to ecology
[dna] fire wrote 133 bytes to ecology
[dna] fire wrote 23 bytes to ecology
[dna] fire wrote 103 bytes to ecology
[dna] fire wrote 118 bytes to ecology
[dna] fire wrote 95 bytes to ecology
[dna] fire wrote 23 bytes to ecology
[dna] fire wrote 10 bytes to ecology
[debug-onto] tick=50 corpus=135310 stage=2 freeze=0
[dna] fire wrote 55 bytes to ecology
[dna] fire wrote 56 bytes to ecology
[dna] fire wrote 28 bytes to ecology
[dna] fire wrote 104 bytes to ecology
[dna] fire wrote 36 bytes to ecology
[dna] fire wrote 94 bytes to ecology
[dna] fire wrote 21 bytes to ecology
[dna] fire wrote 21 bytes to ecology
[dna] fire wrote 91 bytes to ecology
[dna] fire wrote 49 bytes to ecology
[dna] fire wrote 52 bytes to ecology
[dna] fire wrote 42 bytes to ecology
[dna] fire wrote 88 bytes to ecology
[dna] fire wrote 118 bytes to ecology
[dna] fire wrote 31 bytes to ecology
[dna] fire wrote 22 bytes to ecology
[dna] fire wrote 46 bytes to ecology
[debug-onto] tick=100 corpus=135310 stage=2 freeze=0
[dna] fire wrote 24 bytes to ecology
[dna] fire wrote 30 bytes to ecology
[dna] fire wrote 169 bytes to ecology
[dna] fire wrote 31 bytes to ecology
[dna] fire wrote 202 bytes to ecology
[dna] fire wrote 43 bytes to ecology
[dna] fire wrote 84 bytes to ecology
[dna] fire wrote 31 bytes to ecology
[dna] fire wrote 44 bytes to ecology
[dna] fire wrote 65 bytes to ecology
[dna] fire wrote 34 bytes to ecology
[dna] fire wrote 121 bytes to ecology
[dna] fire wrote 81 bytes to ecology
[dna] fire wrote 145 bytes to ecology
[dna] fire wrote 12 bytes to ecology
[dna] fire wrote 19 bytes to ecology
[debug-onto] tick=150 corpus=135310 stage=2 freeze=0
[dna] fire wrote 86 bytes to ecology
[dna] fire wrote 166 bytes to ecology
[dna] fire wrote 29 bytes to ecology
[dna] fire wrote 36 bytes to ecology
[dna] fire wrote 39 bytes to ecology
[dna] fire wrote 59 bytes to ecology
[dna] fire wrote 146 bytes to ecology
[dna] fire wrote 40 bytes to ecology
[dna] fire wrote 32 bytes to ecology
[dna] fire wrote 82 bytes to ecology
[dna] fire wrote 31 bytes to ecology
[dna] fire wrote 57 bytes to ecology
[dna] fire wrote 50 bytes to ecology
[dna] fire wrote 70 bytes to ecology
[dna] fire wrote 65 bytes to ecology
[dna] fire wrote 35 bytes to ecology
[dna] fire wrote 38 bytes to ecology
[debug-onto] tick=200 corpus=135310 stage=2 freeze=0
[dna] fire wrote 53 bytes to ecology
[dna] fire wrote 8 bytes to ecology
[dna] fire wrote 25 bytes to ecology
[dna] fire wrote 71 bytes to ecology
[dna] fire wrote 25 bytes to ecology
[dna] fire wrote 27 bytes to ecology
[dna] fire wrote 79 bytes to ecology
[dna] fire wrote 46 bytes to ecology
[dna] fire wrote 45 bytes to ecology
[dna] fire wrote 61 bytes to ecology
[dna] fire wrote 26 bytes to ecology
[dna] fire wrote 65 bytes to ecology
[dna] fire wrote 8 bytes to ecology
[dna] fire wrote 84 bytes to ecology
[dna] fire wrote 42 bytes to ecology
[dna] fire wrote 72 bytes to ecology
[dna] fire wrote 42 bytes to ecology
[debug-onto] tick=250 corpus=135310 stage=2 freeze=0
[dna] fire wrote 69 bytes to ecology
[dna] fire wrote 66 bytes to ecology
[dna] fire wrote 71 bytes to ecology
[dna] fire wrote 46 bytes to ecology
[dna] fire wrote 69 bytes to ecology
[dna] fire wrote 52 bytes to ecology
[dna] fire wrote 45 bytes to ecology
[dna] fire wrote 74 bytes to ecology
[dna] fire wrote 70 bytes to ecology
[dna] fire wrote 61 bytes to ecology
[dna] fire wrote 33 bytes to ecology
[dna] fire wrote 148 bytes to ecology
[dna] fire wrote 78 bytes to ecology
[dna] fire wrote 33 bytes to ecology
[dna] fire wrote 152 bytes to ecology
[dna] fire wrote 50 bytes to ecology
[debug-onto] tick=300 corpus=135310 stage=2 freeze=0
[dna] fire wrote 37 bytes to ecology
[dna] fire wrote 15 bytes to ecology
[dna] fire wrote 51 bytes to ecology
[dna] fire wrote 17 bytes to ecology
[dna] fire wrote 29 bytes to ecology
[dna] fire wrote 34 bytes to ecology
[dna] fire wrote 34 bytes to ecology
[dna] fire wrote 126 bytes to ecology
[dna] fire wrote 42 bytes to ecology
[dna] fire wrote 64 bytes to ecology
[dna] fire wrote 46 bytes to ecology
[dna] fire wrote 14 bytes to ecology
[dna] fire wrote 43 bytes to ecology
[dna] fire wrote 121 bytes to ecology
[dna] fire wrote 37 bytes to ecology
[dna] fire wrote 187 bytes to ecology
[dna] fire wrote 42 bytes to ecology
[debug-onto] tick=350 corpus=135310 stage=2 freeze=0
[dna] fire wrote 52 bytes to ecology
[dna] fire wrote 132 bytes to ecology
[dna] fire wrote 60 bytes to ecology
[dna] fire wrote 35 bytes to ecology
[dna] fire wrote 138 bytes to ecology
[dna] fire wrote 53 bytes to ecology
[dna] fire wrote 18 bytes to ecology
[dna] fire wrote 25 bytes to ecology
[dna] fire wrote 144 bytes to ecology
[dna] fire wrote 59 bytes to ecology
[dna] fire wrote 29 bytes to ecology
[dna] fire wrote 85 bytes to ecology
[dna] fire wrote 16 bytes to ecology
[dna] fire wrote 32 bytes to ecology
[dna] fire wrote 22 bytes to ecology
[dna] fire wrote 69 bytes to ecology
[dna] fire wrote 46 bytes to ecology
[debug-onto] tick=400 corpus=135310 stage=2 freeze=0
[dna] fire wrote 34 bytes to ecology
[dna] fire wrote 92 bytes to ecology
[dna] fire wrote 69 bytes to ecology
[dna] fire wrote 142 bytes to ecology
[dna] fire wrote 20 bytes to ecology
[dna] fire wrote 32 bytes to ecology
[dna] fire wrote 149 bytes to ecology
[dna] fire wrote 48 bytes to ecology
[dna] fire wrote 48 bytes to ecology
[dna] fire wrote 26 bytes to ecology
[dna] fire wrote 44 bytes to ecology
[dna] fire wrote 68 bytes to ecology
[dna] fire wrote 153 bytes to ecology
[dna] fire wrote 54 bytes to ecology
[dna] fire wrote 122 bytes to ecology
[dna] fire wrote 60 bytes to ecology
[debug-onto] tick=450 corpus=135310 stage=2 freeze=0
[dna] fire wrote 52 bytes to ecology
[dna] fire wrote 23 bytes to ecology
[dna] fire wrote 65 bytes to ecology
[dna] fire wrote 76 bytes to ecology
[dna] fire wrote 25 bytes to ecology
[dna] fire wrote 75 bytes to ecology
[dna] fire wrote 22 bytes to ecology
[dna] fire wrote 28 bytes to ecology
[dna] fire wrote 13 bytes to ecology
[dna] fire wrote 168 bytes to ecology
[dna] fire wrote 117 bytes to ecology
[dna] fire wrote 82 bytes to ecology
[dna] fire wrote 29 bytes to ecology
[dna] fire wrote 21 bytes to ecology
[dna] fire wrote 64 bytes to ecology
[dna] fire wrote 32 bytes to ecology
[dna] fire wrote 53 bytes to ecology
[debug-onto] tick=500 corpus=135310 stage=2 freeze=0
[dna] fire wrote 151 bytes to ecology
[dna] fire wrote 8 bytes to ecology
[dna] fire wrote 36 bytes to ecology
[dna] fire wrote 99 bytes to ecology
[dna] fire wrote 98 bytes to ecology
[dna] fire wrote 45 bytes to ecology
[dna] fire wrote 64 bytes to ecology
[dna] fire wrote 60 bytes to ecology
[dna] fire wrote 57 bytes to ecology
[dna] fire wrote 58 bytes to ecology
[dna] fire wrote 134 bytes to ecology
[dna] fire wrote 41 bytes to ecology
[dna] fire wrote 128 bytes to ecology
[dna] fire wrote 64 bytes to ecology
[dna] fire wrote 45 bytes to ecology
[dna] fire wrote 24 bytes to ecology
[dna] fire wrote 29 bytes to ecology
[debug-onto] tick=550 corpus=135310 stage=2 freeze=0
[dna] fire wrote 35 bytes to ecology
[dna] fire wrote 51 bytes to ecology
[dna] fire wrote 25 bytes to ecology
[dna] fire wrote 71 bytes to ecology
[dna] fire wrote 139 bytes to ecology
[dna] fire wrote 15 bytes to ecology
[dna] fire wrote 43 bytes to ecology
[dna] fire wrote 33 bytes to ecology
[dna] fire wrote 179 bytes to ecology
[dna] fire wrote 57 bytes to ecology
[dna] fire wrote 37 bytes to ecology
[dna] fire wrote 71 bytes to ecology
[dna] fire wrote 45 bytes to ecology
[dna] fire wrote 32 bytes to ecology
[dna] fire wrote 109 bytes to ecology
[dna] fire wrote 172 bytes to ecology
[debug-onto] tick=600 corpus=135310 stage=2 freeze=0
[dna] fire wrote 71 bytes to ecology
[dna] fire wrote 113 bytes to ecology
[dna] fire wrote 71 bytes to ecology
[dna] fire wrote 122 bytes to ecology
[dna] fire wrote 77 bytes to ecology
[dna] fire wrote 33 bytes to ecology
[dna] fire wrote 91 bytes to ecology
[dna] fire wrote 26 bytes to ecology
[dna] fire wrote 37 bytes to ecology
[dna] fire wrote 49 bytes to ecology
[dna] fire wrote 40 bytes to ecology
[dna] fire wrote 33 bytes to ecology
[dna] fire wrote 39 bytes to ecology
[dna] fire wrote 140 bytes to ecology
[dna] fire wrote 38 bytes to ecology
[dna] fire wrote 35 bytes to ecology
[dna] fire wrote 16 bytes to ecology
[debug-onto] tick=650 corpus=135310 stage=2 freeze=0
[dna] fire wrote 128 bytes to ecology
[dna] fire wrote 50 bytes to ecology
[dna] fire wrote 16 bytes to ecology
[dna] fire wrote 34 bytes to ecology
[dna] fire wrote 86 bytes to ecology
[dna] fire wrote 45 bytes to ecology
[dna] fire wrote 59 bytes to ecology
[dna] fire wrote 35 bytes to ecology
[dna] fire wrote 47 bytes to ecology
[dna] fire wrote 29 bytes to ecology
[dna] fire wrote 23 bytes to ecology
[dna] fire wrote 89 bytes to ecology
[dna] fire wrote 25 bytes to ecology
[dna] fire wrote 94 bytes to ecology
[dna] fire wrote 57 bytes to ecology
[dna] fire wrote 8 bytes to ecology
[dna] fire wrote 40 bytes to ecology
[debug-onto] tick=700 corpus=135310 stage=2 freeze=0
[dna] fire wrote 8 bytes to ecology

[evolution] Organism shutting down gracefully.
