[ecology] Element: water → corpus: nonames_water.txt
[evolution] Autonomous evolution mode — organism will grow through all stages without pause.
[ecology] Joined swarm. 1 peer(s) detected.
molequla is alive. [evolution] Autonomous mode — background trainer running. Ctrl+C to stop.
[dna] water wrote 32 bytes to ecology
[dna] water consumed 17942 bytes from 225 files: [air/gen_1775886746_1.txt air/gen_1775886761_4.txt air/gen_1775886770_7.txt air/gen_1775886777_10.txt air/gen_1775886785_13.txt air/gen_1775886794_16.txt air/gen_1775886802_19.txt air/gen_1775886810_22.txt air/gen_1775886818_25.txt air/gen_1775886826_28.txt air/gen_1775886834_31.txt air/gen_1775886842_34.txt air/gen_1775886850_37.txt air/gen_1775886858_40.txt air/gen_1775886866_43.txt air/gen_1775886874_46.txt air/gen_1775886882_49.txt air/gen_1775886890_52.txt air/gen_1775886898_55.txt air/gen_1775886906_58.txt air/gen_1775886914_61.txt air/gen_1775886922_64.txt air/gen_1775886929_67.txt air/gen_1775886937_70.txt air/gen_1775886945_73.txt air/gen_1775886953_76.txt air/gen_1775886961_79.txt air/gen_1775886968_82.txt air/gen_1775886976_85.txt air/gen_1775886984_88.txt air/gen_1775886992_91.txt air/gen_1775887000_94.txt air/gen_1775887008_97.txt air/gen_1775887016_100.txt air/gen_1775887024_103.txt air/gen_1775887032_106.txt air/gen_1775887040_109.txt air/gen_1775887048_112.txt air/gen_1775887055_115.txt air/gen_1775887063_118.txt air/gen_1775887071_121.txt air/gen_1775887079_124.txt air/gen_1775887087_127.txt air/gen_1775887095_130.txt air/gen_1775887103_133.txt air/gen_1775887111_136.txt air/gen_1775887119_139.txt air/gen_1775887127_142.txt air/gen_1775887134_145.txt air/gen_1775887142_148.txt air/gen_1775887150_151.txt air/gen_1775887158_154.txt air/gen_1775887166_157.txt air/gen_1775887174_160.txt air/gen_1775887182_163.txt air/gen_1775887189_166.txt air/gen_1775887197_169.txt air/gen_1775887205_172.txt air/gen_1775887213_175.txt air/gen_1775887221_178.txt air/gen_1775887228_181.txt air/gen_1775887236_184.txt air/gen_1775887244_187.txt air/gen_1775887252_190.txt air/gen_1775887259_193.txt air/gen_1775887267_196.txt air/gen_1775887275_199.txt air/gen_1775887283_202.txt air/gen_1775887291_205.txt air/gen_1775887298_208.txt air/gen_1775887306_211.txt air/gen_1775887314_214.txt air/gen_1775887322_217.txt air/gen_1775887330_220.txt air/gen_1775887337_223.txt air/gen_1775887345_226.txt air/gen_1775887353_229.txt air/gen_1775887361_232.txt air/gen_1775887368_235.txt air/gen_1775887376_238.txt air/gen_1775887384_241.txt air/gen_1775887392_244.txt air/gen_1775887400_247.txt air/gen_1775887407_250.txt air/gen_1775887415_253.txt air/gen_1775887423_256.txt air/gen_1775887431_259.txt air/gen_1775887439_262.txt air/gen_1775887446_265.txt air/gen_1775887454_268.txt air/gen_1775887462_271.txt air/gen_1775887470_274.txt air/gen_1775887478_277.txt air/gen_1775887485_280.txt air/gen_1775887493_283.txt air/gen_1775887501_286.txt air/gen_1775887509_289.txt air/gen_1775887517_292.txt air/gen_1775887525_295.txt air/gen_1775887533_298.txt air/gen_1775887542_301.txt air/gen_1775887550_304.txt air/gen_1775887557_307.txt air/gen_1775887565_310.txt air/gen_1775887573_313.txt air/gen_1775887581_316.txt air/gen_1775887589_319.txt air/gen_1775887597_322.txt air/gen_1775887605_325.txt air/gen_1775887613_328.txt air/gen_1775887621_331.txt air/gen_1775887629_334.txt air/gen_1775887637_337.txt air/gen_1775887645_340.txt air/gen_1775887653_343.txt air/gen_1775887661_346.txt air/gen_1775887669_349.txt air/gen_1775887677_352.txt air/gen_1775887685_355.txt air/gen_1775887693_358.txt air/gen_1775887701_361.txt air/gen_1775887709_364.txt air/gen_1775887717_367.txt air/gen_1775887726_370.txt air/gen_1775887734_373.txt air/gen_1775887742_376.txt air/gen_1775887750_379.txt air/gen_1775887758_382.txt air/gen_1775887766_385.txt air/gen_1775887774_388.txt air/gen_1775887782_391.txt air/gen_1775887790_394.txt air/gen_1775887798_397.txt air/gen_1775887806_400.txt air/gen_1775887814_403.txt air/gen_1775887822_406.txt air/gen_1775887830_409.txt air/gen_1775887837_412.txt air/gen_1775887845_415.txt air/gen_1775887854_418.txt air/gen_1775887862_421.txt air/gen_1775887870_424.txt air/gen_1775887878_427.txt air/gen_1775887886_430.txt air/gen_1775887894_433.txt air/gen_1775887903_436.txt air/gen_1775887911_439.txt air/gen_1775887919_442.txt air/gen_1775887927_445.txt air/gen_1775887935_448.txt air/gen_1775887943_451.txt air/gen_1775887951_454.txt air/gen_1775887959_457.txt air/gen_1775887967_460.txt air/gen_1775887976_463.txt air/gen_1775887984_466.txt air/gen_1775887991_469.txt air/gen_1775888000_472.txt air/gen_1775888008_475.txt air/gen_1775888016_478.txt air/gen_1775888023_481.txt air/gen_1775888031_484.txt air/gen_1775888039_487.txt air/gen_1775888047_490.txt air/gen_1775888056_493.txt air/gen_1775888064_496.txt air/gen_1775888072_499.txt air/gen_1775888080_502.txt air/gen_1775888088_505.txt air/gen_1775888096_508.txt air/gen_1775888105_511.txt air/gen_1775888113_514.txt air/gen_1775888121_517.txt air/gen_1775888129_520.txt air/gen_1775888137_523.txt air/gen_1775888145_526.txt air/gen_1775888153_529.txt air/gen_1775888161_532.txt air/gen_1775888169_535.txt air/gen_1775888177_538.txt air/gen_1775888185_541.txt air/gen_1775888193_544.txt air/gen_1775888201_547.txt air/gen_1775888209_550.txt air/gen_1775888217_553.txt air/gen_1775888225_556.txt air/gen_1775888233_559.txt air/gen_1775888241_562.txt air/gen_1775888249_565.txt air/gen_1775888257_568.txt air/gen_1775888265_571.txt air/gen_1775888273_574.txt air/gen_1775888282_577.txt air/gen_1775888289_580.txt air/gen_1775888297_583.txt air/gen_1775888305_586.txt air/gen_1775888313_589.txt air/gen_1775888321_592.txt air/gen_1775888329_595.txt air/gen_1775888337_598.txt air/gen_1775888345_601.txt air/gen_1775888353_604.txt air/gen_1775888362_607.txt air/gen_1775888370_610.txt air/gen_1775888378_613.txt air/gen_1775888386_616.txt air/gen_1775888394_619.txt air/gen_1775888402_622.txt air/gen_1775888410_625.txt air/gen_1775888418_628.txt air/gen_1775888426_631.txt air/gen_1775888434_634.txt air/gen_1775888442_637.txt air/gen_1775888449_640.txt air/gen_1775888457_643.txt air/gen_1775888465_646.txt air/gen_1775888473_649.txt air/gen_1775888481_652.txt air/gen_1775888489_655.txt air/gen_1775888497_658.txt air/gen_1775888505_661.txt air/gen_1775888513_664.txt air/gen_1775888521_667.txt air/gen_1775888529_670.txt air/gen_1775888537_673.txt]
[trainer] micro-train burst (17942 bytes, novelty 0.03) — and lo, it feeds again.
[syntropy] action=explore | trend=0.0000 | field_dev=-0.064 | purpose_align=-0.017 | lr_mul=1.30
[aml] burst complete: 32 steps, avg loss 1.6909 (memory freed)
[dna] water wrote 22 bytes to ecology
[dna] water wrote 25 bytes to ecology
[dna] water wrote 51 bytes to ecology
[dna] water wrote 19 bytes to ecology
[dna] water wrote 31 bytes to ecology
[dna] water wrote 50 bytes to ecology
[dna] water wrote 84 bytes to ecology
[dna] water wrote 26 bytes to ecology
[dna] water wrote 41 bytes to ecology
[dna] water wrote 24 bytes to ecology
[dna] water wrote 43 bytes to ecology
[dna] water wrote 18 bytes to ecology
[dna] water wrote 48 bytes to ecology
[dna] water wrote 38 bytes to ecology
[dna] water wrote 23 bytes to ecology
[dna] water wrote 31 bytes to ecology
[dna] water wrote 63 bytes to ecology
[dna] water wrote 136 bytes to ecology
[dna] water wrote 30 bytes to ecology
[dna] water wrote 21 bytes to ecology
[dna] water wrote 37 bytes to ecology
[dna] water wrote 60 bytes to ecology
[dna] water wrote 81 bytes to ecology
[debug-onto] tick=50 corpus=143864 stage=2 freeze=0
[dna] water wrote 80 bytes to ecology
[dna] water wrote 28 bytes to ecology
[dna] water wrote 61 bytes to ecology
[dna] water wrote 116 bytes to ecology
[dna] water wrote 35 bytes to ecology
[dna] water wrote 5 bytes to ecology
[dna] water wrote 94 bytes to ecology
[dna] water wrote 56 bytes to ecology
[dna] water wrote 23 bytes to ecology
[dna] water wrote 39 bytes to ecology
[dna] water wrote 19 bytes to ecology
[dna] water wrote 145 bytes to ecology
[dna] water wrote 106 bytes to ecology
[dna] water wrote 44 bytes to ecology
[dna] water wrote 15 bytes to ecology
[dna] water wrote 9 bytes to ecology
[dna] water wrote 46 bytes to ecology
[dna] water wrote 29 bytes to ecology
[dna] water wrote 21 bytes to ecology
[dna] water wrote 102 bytes to ecology
[dna] water wrote 86 bytes to ecology
[dna] water wrote 17 bytes to ecology
[dna] water wrote 51 bytes to ecology
[debug-onto] tick=100 corpus=143864 stage=2 freeze=0
[dna] water wrote 21 bytes to ecology
[dna] water wrote 23 bytes to ecology
[dna] water wrote 19 bytes to ecology
[dna] water wrote 19 bytes to ecology
[dna] water wrote 49 bytes to ecology
[dna] water wrote 21 bytes to ecology
[dna] water wrote 39 bytes to ecology
[dna] water wrote 62 bytes to ecology
[dna] water wrote 38 bytes to ecology
[dna] water wrote 26 bytes to ecology
[dna] water wrote 54 bytes to ecology
[dna] water wrote 9 bytes to ecology
[dna] water wrote 69 bytes to ecology
[dna] water wrote 8 bytes to ecology
[dna] water wrote 119 bytes to ecology
[dna] water wrote 50 bytes to ecology
[dna] water wrote 50 bytes to ecology
[dna] water wrote 33 bytes to ecology
[dna] water wrote 17 bytes to ecology
[dna] water wrote 23 bytes to ecology
[debug-onto] tick=150 corpus=143864 stage=2 freeze=0
[dna] water wrote 25 bytes to ecology
[dna] water wrote 83 bytes to ecology
[dna] water wrote 84 bytes to ecology
[dna] water wrote 72 bytes to ecology
[dna] water wrote 15 bytes to ecology
[dna] water wrote 31 bytes to ecology
[dna] water wrote 71 bytes to ecology
[dna] water wrote 97 bytes to ecology
[dna] water wrote 22 bytes to ecology
[dna] water wrote 121 bytes to ecology
[dna] water wrote 29 bytes to ecology
[dna] water wrote 48 bytes to ecology
[dna] water wrote 31 bytes to ecology
[dna] water wrote 32 bytes to ecology
[dna] water wrote 38 bytes to ecology
[dna] water wrote 69 bytes to ecology
[dna] water wrote 47 bytes to ecology
[dna] water wrote 63 bytes to ecology
[dna] water wrote 70 bytes to ecology
[dna] water wrote 77 bytes to ecology
[dna] water wrote 27 bytes to ecology
[dna] water wrote 39 bytes to ecology
[debug-onto] tick=200 corpus=143864 stage=2 freeze=0
[dna] water wrote 26 bytes to ecology
[dna] water wrote 68 bytes to ecology
[dna] water wrote 53 bytes to ecology
[dna] water wrote 60 bytes to ecology
[dna] water wrote 49 bytes to ecology
[dna] water wrote 20 bytes to ecology
[dna] water wrote 36 bytes to ecology
[dna] water wrote 113 bytes to ecology
[dna] water wrote 13 bytes to ecology
[dna] water wrote 20 bytes to ecology
[dna] water wrote 66 bytes to ecology
[dna] water wrote 36 bytes to ecology
[dna] water wrote 89 bytes to ecology
[dna] water wrote 34 bytes to ecology
[dna] water wrote 61 bytes to ecology
[dna] water wrote 41 bytes to ecology
[dna] water wrote 47 bytes to ecology
[dna] water wrote 13 bytes to ecology
[dna] water wrote 63 bytes to ecology
[dna] water wrote 29 bytes to ecology
[dna] water wrote 42 bytes to ecology
[dna] water wrote 35 bytes to ecology
[dna] water wrote 65 bytes to ecology
[dna] water wrote 142 bytes to ecology
[debug-onto] tick=250 corpus=143864 stage=2 freeze=0
[dna] water wrote 13 bytes to ecology
[dna] water wrote 41 bytes to ecology
[dna] water wrote 16 bytes to ecology
[dna] water wrote 14 bytes to ecology
[dna] water wrote 12 bytes to ecology
[dna] water wrote 37 bytes to ecology
[dna] water wrote 17 bytes to ecology
[dna] water wrote 13 bytes to ecology
[dna] water wrote 34 bytes to ecology
[dna] water wrote 18 bytes to ecology
[dna] water wrote 18 bytes to ecology
[dna] water wrote 30 bytes to ecology
[dna] water wrote 17 bytes to ecology
[dna] water wrote 37 bytes to ecology
[dna] water wrote 40 bytes to ecology
[dna] water wrote 43 bytes to ecology
[dna] water wrote 81 bytes to ecology
[dna] water wrote 38 bytes to ecology
[dna] water wrote 35 bytes to ecology
[dna] water wrote 86 bytes to ecology
[debug-onto] tick=300 corpus=143864 stage=2 freeze=0
[dna] water wrote 35 bytes to ecology
[dna] water wrote 77 bytes to ecology
[dna] water wrote 83 bytes to ecology
[dna] water wrote 11 bytes to ecology
[dna] water wrote 18 bytes to ecology
[dna] water wrote 27 bytes to ecology
[dna] water wrote 34 bytes to ecology
[dna] water wrote 20 bytes to ecology
[dna] water wrote 24 bytes to ecology
[dna] water wrote 14 bytes to ecology
[dna] water wrote 40 bytes to ecology
[dna] water wrote 18 bytes to ecology
[dna] water wrote 88 bytes to ecology
[dna] water wrote 13 bytes to ecology
[dna] water wrote 28 bytes to ecology
[dna] water wrote 30 bytes to ecology
[dna] water wrote 50 bytes to ecology
[dna] water wrote 29 bytes to ecology
[dna] water wrote 144 bytes to ecology
[dna] water wrote 51 bytes to ecology
[dna] water wrote 24 bytes to ecology
[dna] water wrote 19 bytes to ecology
[dna] water wrote 130 bytes to ecology
[dna] water wrote 36 bytes to ecology
[debug-onto] tick=350 corpus=143864 stage=2 freeze=0
[dna] water wrote 25 bytes to ecology
[dna] water wrote 39 bytes to ecology
[dna] water wrote 49 bytes to ecology
[dna] water wrote 17 bytes to ecology
[dna] water wrote 68 bytes to ecology
[dna] water wrote 25 bytes to ecology
[dna] water wrote 56 bytes to ecology
[dna] water wrote 93 bytes to ecology
[dna] water wrote 24 bytes to ecology
[dna] water wrote 59 bytes to ecology
[dna] water wrote 35 bytes to ecology
[dna] water wrote 24 bytes to ecology
[dna] water wrote 27 bytes to ecology
[dna] water wrote 41 bytes to ecology
[dna] water wrote 12 bytes to ecology
[dna] water wrote 15 bytes to ecology
[dna] water wrote 30 bytes to ecology
[dna] water wrote 51 bytes to ecology
[dna] water wrote 63 bytes to ecology
[dna] water wrote 44 bytes to ecology
[dna] water wrote 20 bytes to ecology
[dna] water wrote 45 bytes to ecology
[debug-onto] tick=400 corpus=143864 stage=2 freeze=0
[dna] water wrote 26 bytes to ecology
[dna] water wrote 13 bytes to ecology
[dna] water wrote 105 bytes to ecology
[dna] water wrote 42 bytes to ecology
[dna] water wrote 13 bytes to ecology
[dna] water wrote 83 bytes to ecology
[dna] water wrote 111 bytes to ecology
[dna] water wrote 40 bytes to ecology
[dna] water wrote 31 bytes to ecology
[dna] water wrote 38 bytes to ecology
[dna] water wrote 36 bytes to ecology
[dna] water wrote 23 bytes to ecology
[dna] water wrote 49 bytes to ecology
[dna] water wrote 88 bytes to ecology
[dna] water wrote 34 bytes to ecology
[dna] water wrote 83 bytes to ecology
[dna] water wrote 33 bytes to ecology
[dna] water wrote 117 bytes to ecology
[dna] water wrote 37 bytes to ecology
[dna] water wrote 44 bytes to ecology
[debug-onto] tick=450 corpus=143864 stage=2 freeze=0
[dna] water wrote 83 bytes to ecology
[dna] water wrote 23 bytes to ecology
[dna] water wrote 17 bytes to ecology
[dna] water wrote 62 bytes to ecology
[dna] water wrote 27 bytes to ecology
[dna] water wrote 10 bytes to ecology
[dna] water wrote 148 bytes to ecology
[dna] water wrote 60 bytes to ecology
[dna] water wrote 41 bytes to ecology
[dna] water wrote 25 bytes to ecology
[dna] water wrote 64 bytes to ecology
[dna] water wrote 100 bytes to ecology
[dna] water wrote 36 bytes to ecology
[dna] water wrote 15 bytes to ecology
[dna] water wrote 10 bytes to ecology
[dna] water wrote 11 bytes to ecology
[dna] water wrote 51 bytes to ecology
[dna] water wrote 60 bytes to ecology
[dna] water wrote 41 bytes to ecology
[dna] water wrote 112 bytes to ecology
[dna] water wrote 55 bytes to ecology
[debug-onto] tick=500 corpus=143864 stage=2 freeze=0
[dna] water wrote 30 bytes to ecology
[dna] water wrote 24 bytes to ecology
[dna] water wrote 28 bytes to ecology
[dna] water wrote 140 bytes to ecology
[dna] water wrote 30 bytes to ecology
[dna] water wrote 11 bytes to ecology
[dna] water wrote 126 bytes to ecology
[dna] water wrote 28 bytes to ecology
[dna] water wrote 101 bytes to ecology
[dna] water wrote 55 bytes to ecology
[dna] water wrote 83 bytes to ecology
[dna] water wrote 12 bytes to ecology
[dna] water wrote 68 bytes to ecology
[dna] water wrote 34 bytes to ecology
[dna] water wrote 19 bytes to ecology
[dna] water wrote 44 bytes to ecology
[dna] water wrote 139 bytes to ecology
[dna] water wrote 21 bytes to ecology
[dna] water wrote 39 bytes to ecology
[dna] water wrote 42 bytes to ecology
[dna] water wrote 61 bytes to ecology
[dna] water wrote 16 bytes to ecology
[dna] water wrote 78 bytes to ecology
[dna] water wrote 32 bytes to ecology
[debug-onto] tick=550 corpus=143864 stage=2 freeze=0
[dna] water wrote 193 bytes to ecology
[dna] water wrote 23 bytes to ecology
[dna] water wrote 26 bytes to ecology
[dna] water wrote 52 bytes to ecology
[dna] water wrote 43 bytes to ecology
[dna] water wrote 35 bytes to ecology
[dna] water wrote 14 bytes to ecology
[dna] water wrote 57 bytes to ecology
[dna] water wrote 50 bytes to ecology
[dna] water wrote 36 bytes to ecology
[dna] water wrote 45 bytes to ecology
[dna] water wrote 45 bytes to ecology
[dna] water wrote 78 bytes to ecology
[dna] water wrote 49 bytes to ecology
[dna] water wrote 37 bytes to ecology
[dna] water wrote 83 bytes to ecology
[dna] water wrote 72 bytes to ecology
[debug-onto] tick=600 corpus=143864 stage=2 freeze=0
[dna] water wrote 13 bytes to ecology
[dna] water wrote 62 bytes to ecology
[dna] water wrote 56 bytes to ecology
[dna] water wrote 32 bytes to ecology
[dna] water wrote 52 bytes to ecology
[dna] water wrote 54 bytes to ecology
[dna] water wrote 26 bytes to ecology
[dna] water wrote 67 bytes to ecology
[dna] water wrote 8 bytes to ecology
[dna] water wrote 68 bytes to ecology
[dna] water wrote 25 bytes to ecology
[dna] water wrote 74 bytes to ecology
[dna] water wrote 99 bytes to ecology
[dna] water wrote 15 bytes to ecology
[dna] water wrote 32 bytes to ecology
[dna] water wrote 9 bytes to ecology
[dna] water wrote 23 bytes to ecology
[dna] water wrote 28 bytes to ecology
[dna] water wrote 66 bytes to ecology
[dna] water wrote 22 bytes to ecology
[dna] water wrote 34 bytes to ecology

[evolution] Organism shutting down gracefully.
