[ecology] Element: air → corpus: nonames_air.txt
[evolution] Autonomous evolution mode — organism will grow through all stages without pause.
[ecology] Joined swarm. 1 peer(s) detected.
molequla is alive. [evolution] Autonomous mode — background trainer running. Ctrl+C to stop.
[dna] air wrote 32 bytes to ecology
[dna] air consumed 17082 bytes from 224 files: [earth/gen_1778048787_1.txt earth/gen_1778048794_4.txt earth/gen_1778048802_7.txt earth/gen_1778048810_10.txt earth/gen_1778048818_13.txt earth/gen_1778048826_16.txt earth/gen_1778048834_19.txt earth/gen_1778048842_22.txt earth/gen_1778048850_25.txt earth/gen_1778048858_28.txt earth/gen_1778048865_31.txt earth/gen_1778048873_34.txt earth/gen_1778048881_37.txt earth/gen_1778048889_40.txt earth/gen_1778048897_43.txt earth/gen_1778048905_46.txt earth/gen_1778048912_49.txt earth/gen_1778048920_52.txt earth/gen_1778048928_55.txt earth/gen_1778048936_58.txt earth/gen_1778048944_61.txt earth/gen_1778048960_67.txt earth/gen_1778048968_70.txt earth/gen_1778048976_73.txt earth/gen_1778048984_76.txt earth/gen_1778048991_79.txt earth/gen_1778048999_82.txt earth/gen_1778049007_85.txt earth/gen_1778049015_88.txt earth/gen_1778049023_91.txt earth/gen_1778049031_94.txt earth/gen_1778049039_97.txt earth/gen_1778049047_100.txt earth/gen_1778049055_103.txt earth/gen_1778049063_106.txt earth/gen_1778049071_109.txt earth/gen_1778049079_112.txt earth/gen_1778049087_115.txt earth/gen_1778049095_118.txt earth/gen_1778049102_121.txt earth/gen_1778049110_124.txt earth/gen_1778049118_127.txt earth/gen_1778049126_130.txt earth/gen_1778049134_133.txt earth/gen_1778049141_136.txt earth/gen_1778049149_139.txt earth/gen_1778049157_142.txt earth/gen_1778049165_145.txt earth/gen_1778049173_148.txt earth/gen_1778049181_151.txt earth/gen_1778049189_154.txt earth/gen_1778049197_157.txt earth/gen_1778049205_160.txt earth/gen_1778049213_163.txt earth/gen_1778049220_166.txt earth/gen_1778049228_169.txt earth/gen_1778049236_172.txt earth/gen_1778049243_175.txt earth/gen_1778049251_178.txt earth/gen_1778049259_181.txt earth/gen_1778049267_184.txt earth/gen_1778049274_187.txt earth/gen_1778049282_190.txt earth/gen_1778049290_193.txt earth/gen_1778049298_196.txt earth/gen_1778049306_199.txt earth/gen_1778049314_202.txt earth/gen_1778049322_205.txt earth/gen_1778049330_208.txt earth/gen_1778049337_211.txt earth/gen_1778049345_214.txt earth/gen_1778049353_217.txt earth/gen_1778049361_220.txt earth/gen_1778049368_223.txt earth/gen_1778049376_226.txt earth/gen_1778049384_229.txt earth/gen_1778049391_232.txt earth/gen_1778049399_235.txt earth/gen_1778049407_238.txt earth/gen_1778049414_241.txt earth/gen_1778049422_244.txt earth/gen_1778049430_247.txt earth/gen_1778049438_250.txt earth/gen_1778049446_253.txt earth/gen_1778049453_256.txt earth/gen_1778049461_259.txt earth/gen_1778049469_262.txt earth/gen_1778049477_265.txt earth/gen_1778049485_268.txt earth/gen_1778049493_271.txt earth/gen_1778049500_274.txt earth/gen_1778049508_277.txt earth/gen_1778049516_280.txt earth/gen_1778049524_283.txt earth/gen_1778049532_286.txt earth/gen_1778049540_289.txt earth/gen_1778049548_292.txt earth/gen_1778049556_295.txt earth/gen_1778049563_298.txt earth/gen_1778049571_301.txt earth/gen_1778049579_304.txt earth/gen_1778049587_307.txt earth/gen_1778049595_310.txt earth/gen_1778049603_313.txt earth/gen_1778049610_316.txt earth/gen_1778049618_319.txt earth/gen_1778049626_322.txt earth/gen_1778049634_325.txt earth/gen_1778049641_328.txt earth/gen_1778049649_331.txt earth/gen_1778049657_334.txt earth/gen_1778049665_337.txt earth/gen_1778049673_340.txt earth/gen_1778049681_343.txt earth/gen_1778049688_346.txt earth/gen_1778049696_349.txt earth/gen_1778049704_352.txt earth/gen_1778049712_355.txt earth/gen_1778049727_361.txt earth/gen_1778049735_364.txt earth/gen_1778049743_367.txt earth/gen_1778049751_370.txt earth/gen_1778049759_373.txt earth/gen_1778049766_376.txt earth/gen_1778049774_379.txt earth/gen_1778049782_382.txt earth/gen_1778049790_385.txt earth/gen_1778049798_388.txt earth/gen_1778049806_391.txt earth/gen_1778049814_394.txt earth/gen_1778049821_397.txt earth/gen_1778049829_400.txt earth/gen_1778049836_403.txt earth/gen_1778049844_406.txt earth/gen_1778049852_409.txt earth/gen_1778049860_412.txt earth/gen_1778049867_415.txt earth/gen_1778049875_418.txt earth/gen_1778049883_421.txt earth/gen_1778049891_424.txt earth/gen_1778049899_427.txt earth/gen_1778049907_430.txt earth/gen_1778049915_433.txt earth/gen_1778049923_436.txt earth/gen_1778049931_439.txt earth/gen_1778049938_442.txt earth/gen_1778049946_445.txt earth/gen_1778049954_448.txt earth/gen_1778049962_451.txt earth/gen_1778049969_454.txt earth/gen_1778049977_457.txt earth/gen_1778049985_460.txt earth/gen_1778049993_463.txt earth/gen_1778050001_466.txt earth/gen_1778050008_469.txt earth/gen_1778050016_472.txt earth/gen_1778050024_475.txt earth/gen_1778050032_478.txt earth/gen_1778050040_481.txt earth/gen_1778050049_484.txt earth/gen_1778050057_487.txt earth/gen_1778050064_490.txt earth/gen_1778050072_493.txt earth/gen_1778050080_496.txt earth/gen_1778050088_499.txt earth/gen_1778050096_502.txt earth/gen_1778050103_505.txt earth/gen_1778050111_508.txt earth/gen_1778050119_511.txt earth/gen_1778050127_514.txt earth/gen_1778050134_517.txt earth/gen_1778050142_520.txt earth/gen_1778050150_523.txt earth/gen_1778050158_526.txt earth/gen_1778050166_529.txt earth/gen_1778050173_532.txt earth/gen_1778050181_535.txt earth/gen_1778050189_538.txt earth/gen_1778050196_541.txt earth/gen_1778050204_544.txt earth/gen_1778050212_547.txt earth/gen_1778050220_550.txt earth/gen_1778050228_553.txt earth/gen_1778050236_556.txt earth/gen_1778050243_559.txt earth/gen_1778050251_562.txt earth/gen_1778050259_565.txt earth/gen_1778050267_568.txt earth/gen_1778050275_571.txt earth/gen_1778050283_574.txt earth/gen_1778050291_577.txt earth/gen_1778050299_580.txt earth/gen_1778050306_583.txt earth/gen_1778050314_586.txt earth/gen_1778050322_589.txt earth/gen_1778050330_592.txt earth/gen_1778050338_595.txt earth/gen_1778050346_598.txt earth/gen_1778050353_601.txt earth/gen_1778050361_604.txt earth/gen_1778050369_607.txt earth/gen_1778050377_610.txt earth/gen_1778050385_613.txt earth/gen_1778050393_616.txt earth/gen_1778050401_619.txt earth/gen_1778050409_622.txt earth/gen_1778050417_625.txt earth/gen_1778050425_628.txt earth/gen_1778050432_631.txt earth/gen_1778050440_634.txt earth/gen_1778050448_637.txt earth/gen_1778050456_640.txt earth/gen_1778050464_643.txt earth/gen_1778050472_646.txt earth/gen_1778050480_649.txt earth/gen_1778050487_652.txt earth/gen_1778050495_655.txt earth/gen_1778050503_658.txt earth/gen_1778050511_661.txt earth/gen_1778050519_664.txt earth/gen_1778050527_667.txt earth/gen_1778050535_670.txt earth/gen_1778050542_673.txt earth/gen_1778050550_676.txt]
[trainer] micro-train burst (17082 bytes, novelty 0.04) — and lo, it feeds again.
[syntropy] action=explore | trend=0.0000 | field_dev=-0.004 | purpose_align=-0.111 | lr_mul=1.30
[aml] burst complete: 32 steps, avg loss 2.5156 (memory freed)
[dna] air wrote 67 bytes to ecology
[dna] air wrote 13 bytes to ecology
[dna] air wrote 87 bytes to ecology
[dna] air wrote 85 bytes to ecology
[dna] air wrote 254 bytes to ecology
[dna] air wrote 94 bytes to ecology
[dna] air wrote 182 bytes to ecology
[dna] air wrote 57 bytes to ecology
[dna] air wrote 64 bytes to ecology
[dna] air wrote 39 bytes to ecology
[dna] air wrote 33 bytes to ecology
[dna] air wrote 37 bytes to ecology
[dna] air wrote 36 bytes to ecology
[dna] air wrote 32 bytes to ecology
[dna] air wrote 71 bytes to ecology
[dna] air wrote 60 bytes to ecology
[debug-onto] tick=50 corpus=139622 stage=2 freeze=0
[dna] air wrote 26 bytes to ecology
[dna] air wrote 44 bytes to ecology
[dna] air wrote 203 bytes to ecology
[dna] air wrote 118 bytes to ecology
[dna] air wrote 40 bytes to ecology
[dna] air wrote 24 bytes to ecology
[dna] air wrote 60 bytes to ecology
[dna] air wrote 159 bytes to ecology
[dna] air wrote 36 bytes to ecology
[dna] air wrote 39 bytes to ecology
[dna] air wrote 74 bytes to ecology
[dna] air wrote 36 bytes to ecology
[dna] air wrote 87 bytes to ecology
[dna] air wrote 257 bytes to ecology
[dna] air wrote 110 bytes to ecology
[dna] air wrote 104 bytes to ecology
[dna] air wrote 41 bytes to ecology
[debug-onto] tick=100 corpus=139622 stage=2 freeze=0
[dna] air wrote 29 bytes to ecology
[dna] air wrote 57 bytes to ecology
[dna] air wrote 79 bytes to ecology
[dna] air wrote 45 bytes to ecology
[dna] air wrote 79 bytes to ecology
[dna] air wrote 112 bytes to ecology
[dna] air wrote 229 bytes to ecology
[dna] air wrote 93 bytes to ecology
[dna] air wrote 84 bytes to ecology
[dna] air wrote 134 bytes to ecology
[dna] air wrote 75 bytes to ecology
[dna] air wrote 49 bytes to ecology
[dna] air wrote 14 bytes to ecology
[dna] air wrote 161 bytes to ecology
[dna] air wrote 63 bytes to ecology
[dna] air wrote 57 bytes to ecology
[debug-onto] tick=150 corpus=139622 stage=2 freeze=0
[dna] air wrote 195 bytes to ecology
[dna] air wrote 244 bytes to ecology
[dna] air wrote 33 bytes to ecology
[dna] air wrote 26 bytes to ecology
[dna] air wrote 27 bytes to ecology
[dna] air wrote 24 bytes to ecology
[dna] air wrote 37 bytes to ecology
[dna] air wrote 54 bytes to ecology
[dna] air wrote 50 bytes to ecology
[dna] air wrote 149 bytes to ecology
[dna] air wrote 119 bytes to ecology
[dna] air wrote 112 bytes to ecology
[dna] air wrote 129 bytes to ecology
[dna] air wrote 74 bytes to ecology
[dna] air wrote 77 bytes to ecology
[dna] air wrote 76 bytes to ecology
[dna] air wrote 40 bytes to ecology
[debug-onto] tick=200 corpus=139622 stage=2 freeze=0
[dna] air wrote 94 bytes to ecology
[dna] air wrote 57 bytes to ecology
[dna] air wrote 60 bytes to ecology
[dna] air wrote 128 bytes to ecology
[dna] air wrote 29 bytes to ecology
[dna] air wrote 69 bytes to ecology
[dna] air wrote 57 bytes to ecology
[dna] air wrote 31 bytes to ecology
[dna] air wrote 302 bytes to ecology
[dna] air wrote 200 bytes to ecology
[dna] air wrote 16 bytes to ecology
[dna] air wrote 26 bytes to ecology
[dna] air wrote 34 bytes to ecology
[dna] air wrote 58 bytes to ecology
[dna] air wrote 34 bytes to ecology
[dna] air wrote 30 bytes to ecology
[dna] air wrote 109 bytes to ecology
[debug-onto] tick=250 corpus=139622 stage=2 freeze=0
[dna] air wrote 86 bytes to ecology
[dna] air wrote 92 bytes to ecology
[dna] air wrote 78 bytes to ecology
[dna] air wrote 85 bytes to ecology
[dna] air wrote 30 bytes to ecology
[dna] air wrote 47 bytes to ecology
[dna] air wrote 75 bytes to ecology
[dna] air wrote 214 bytes to ecology
[dna] air wrote 33 bytes to ecology
[dna] air wrote 26 bytes to ecology
[dna] air wrote 105 bytes to ecology
[dna] air wrote 192 bytes to ecology
[dna] air wrote 51 bytes to ecology
[dna] air wrote 103 bytes to ecology
[dna] air wrote 57 bytes to ecology
[dna] air wrote 28 bytes to ecology
[debug-onto] tick=300 corpus=139622 stage=2 freeze=0
[dna] air wrote 31 bytes to ecology
[dna] air wrote 89 bytes to ecology
[dna] air wrote 106 bytes to ecology
[dna] air wrote 124 bytes to ecology
[dna] air wrote 35 bytes to ecology
[dna] air wrote 56 bytes to ecology
[dna] air wrote 338 bytes to ecology
[dna] air wrote 51 bytes to ecology
[dna] air wrote 79 bytes to ecology
[dna] air wrote 46 bytes to ecology
[dna] air wrote 35 bytes to ecology
[dna] air wrote 39 bytes to ecology
[dna] air wrote 54 bytes to ecology
[dna] air wrote 156 bytes to ecology
[dna] air wrote 34 bytes to ecology
[dna] air wrote 28 bytes to ecology
[dna] air wrote 65 bytes to ecology
[debug-onto] tick=350 corpus=139622 stage=2 freeze=0
[dna] air wrote 105 bytes to ecology
[dna] air wrote 52 bytes to ecology
[dna] air wrote 34 bytes to ecology
[dna] air wrote 147 bytes to ecology
[dna] air wrote 82 bytes to ecology
[dna] air wrote 242 bytes to ecology
[dna] air wrote 125 bytes to ecology
[dna] air wrote 44 bytes to ecology
[dna] air wrote 105 bytes to ecology
[dna] air wrote 56 bytes to ecology
[dna] air wrote 39 bytes to ecology
[dna] air wrote 66 bytes to ecology
[dna] air wrote 67 bytes to ecology
[dna] air wrote 67 bytes to ecology
[dna] air wrote 95 bytes to ecology
[dna] air wrote 53 bytes to ecology
[dna] air wrote 55 bytes to ecology
[debug-onto] tick=400 corpus=139622 stage=2 freeze=0
[dna] air wrote 36 bytes to ecology
[dna] air wrote 13 bytes to ecology
[dna] air wrote 120 bytes to ecology
[dna] air wrote 45 bytes to ecology
[dna] air wrote 65 bytes to ecology
[dna] air wrote 79 bytes to ecology
[dna] air wrote 109 bytes to ecology
[dna] air wrote 67 bytes to ecology
[dna] air wrote 66 bytes to ecology
[dna] air wrote 74 bytes to ecology
[dna] air wrote 29 bytes to ecology
[dna] air wrote 49 bytes to ecology
[dna] air wrote 82 bytes to ecology
[dna] air wrote 38 bytes to ecology
[dna] air wrote 33 bytes to ecology
[dna] air wrote 50 bytes to ecology
[debug-onto] tick=450 corpus=139622 stage=2 freeze=0
[dna] air wrote 45 bytes to ecology
[dna] air wrote 33 bytes to ecology
[dna] air wrote 96 bytes to ecology
[dna] air wrote 68 bytes to ecology
[dna] air wrote 38 bytes to ecology
[dna] air wrote 125 bytes to ecology
[dna] air wrote 62 bytes to ecology
[dna] air wrote 72 bytes to ecology
[dna] air wrote 43 bytes to ecology
[dna] air wrote 55 bytes to ecology
[dna] air wrote 53 bytes to ecology
[dna] air wrote 32 bytes to ecology
[dna] air wrote 69 bytes to ecology
[dna] air wrote 55 bytes to ecology
[dna] air wrote 95 bytes to ecology
[dna] air wrote 96 bytes to ecology
[dna] air wrote 28 bytes to ecology
[debug-onto] tick=500 corpus=139622 stage=2 freeze=0
[dna] air wrote 59 bytes to ecology
[dna] air wrote 101 bytes to ecology
[dna] air wrote 57 bytes to ecology
[dna] air wrote 103 bytes to ecology
[dna] air wrote 39 bytes to ecology
[dna] air wrote 41 bytes to ecology
[dna] air wrote 250 bytes to ecology
[dna] air wrote 191 bytes to ecology
[dna] air wrote 204 bytes to ecology
[dna] air wrote 68 bytes to ecology
[dna] air wrote 44 bytes to ecology
[dna] air wrote 57 bytes to ecology
[dna] air wrote 32 bytes to ecology
[dna] air wrote 68 bytes to ecology
[dna] air wrote 146 bytes to ecology
[dna] air wrote 50 bytes to ecology
[dna] air wrote 133 bytes to ecology
[debug-onto] tick=550 corpus=139622 stage=2 freeze=0
[dna] air wrote 111 bytes to ecology
[dna] air wrote 28 bytes to ecology
[dna] air wrote 82 bytes to ecology
[dna] air wrote 52 bytes to ecology
[dna] air wrote 31 bytes to ecology
[dna] air wrote 140 bytes to ecology
[dna] air wrote 37 bytes to ecology
[dna] air wrote 107 bytes to ecology
[dna] air wrote 128 bytes to ecology
[dna] air wrote 22 bytes to ecology
[dna] air wrote 32 bytes to ecology
[dna] air wrote 158 bytes to ecology
[dna] air wrote 34 bytes to ecology
[dna] air wrote 62 bytes to ecology
[dna] air wrote 43 bytes to ecology
[dna] air wrote 65 bytes to ecology
[debug-onto] tick=600 corpus=139622 stage=2 freeze=0
[dna] air wrote 81 bytes to ecology
[dna] air wrote 79 bytes to ecology
[dna] air wrote 30 bytes to ecology
[dna] air wrote 79 bytes to ecology
[dna] air wrote 265 bytes to ecology
[dna] air wrote 38 bytes to ecology
[dna] air wrote 52 bytes to ecology
[dna] air wrote 144 bytes to ecology
[dna] air wrote 87 bytes to ecology
[dna] air wrote 147 bytes to ecology
[dna] air wrote 82 bytes to ecology
[dna] air wrote 38 bytes to ecology
[dna] air wrote 29 bytes to ecology
[dna] air wrote 48 bytes to ecology
[dna] air wrote 108 bytes to ecology
[dna] air wrote 147 bytes to ecology
[dna] air wrote 97 bytes to ecology
[debug-onto] tick=650 corpus=139622 stage=2 freeze=0
[dna] air wrote 16 bytes to ecology
[dna] air wrote 36 bytes to ecology
[dna] air wrote 61 bytes to ecology
[dna] air wrote 39 bytes to ecology
[dna] air wrote 176 bytes to ecology
[dna] air wrote 91 bytes to ecology
[dna] air wrote 40 bytes to ecology
[dna] air wrote 116 bytes to ecology
[dna] air wrote 107 bytes to ecology
[dna] air wrote 62 bytes to ecology
[dna] air wrote 43 bytes to ecology
[dna] air wrote 66 bytes to ecology
[dna] air wrote 34 bytes to ecology
[dna] air wrote 41 bytes to ecology
[dna] air wrote 45 bytes to ecology

[evolution] Organism shutting down gracefully.
