[ecology] Element: fire → corpus: nonames_fire.txt
[evolution] Autonomous evolution mode — organism will grow through all stages without pause.
[ecology] Joined swarm. 1 peer(s) detected.
molequla is alive. [evolution] Autonomous mode — background trainer running. Ctrl+C to stop.
[dna] fire wrote 81 bytes to ecology
[dna] fire consumed 13806 bytes from 211 files: [water/gen_1778052360_1.txt water/gen_1778052376_4.txt water/gen_1778052385_7.txt water/gen_1778052393_10.txt water/gen_1778052402_13.txt water/gen_1778052410_16.txt water/gen_1778052419_19.txt water/gen_1778052427_22.txt water/gen_1778052436_25.txt water/gen_1778052445_28.txt water/gen_1778052453_31.txt water/gen_1778052462_34.txt water/gen_1778052471_37.txt water/gen_1778052479_40.txt water/gen_1778052488_43.txt water/gen_1778052496_46.txt water/gen_1778052505_49.txt water/gen_1778052514_52.txt water/gen_1778052522_55.txt water/gen_1778052531_58.txt water/gen_1778052540_61.txt water/gen_1778052549_64.txt water/gen_1778052557_67.txt water/gen_1778052566_70.txt water/gen_1778052575_73.txt water/gen_1778052583_76.txt water/gen_1778052592_79.txt water/gen_1778052600_82.txt water/gen_1778052609_85.txt water/gen_1778052617_88.txt water/gen_1778052626_91.txt water/gen_1778052634_94.txt water/gen_1778052643_97.txt water/gen_1778052651_100.txt water/gen_1778052660_103.txt water/gen_1778052668_106.txt water/gen_1778052677_109.txt water/gen_1778052686_112.txt water/gen_1778052694_115.txt water/gen_1778052703_118.txt water/gen_1778052711_121.txt water/gen_1778052720_124.txt water/gen_1778052728_127.txt water/gen_1778052737_130.txt water/gen_1778052746_133.txt water/gen_1778052754_136.txt water/gen_1778052763_139.txt water/gen_1778052772_142.txt water/gen_1778052780_145.txt water/gen_1778052789_148.txt water/gen_1778052798_151.txt water/gen_1778052807_154.txt water/gen_1778052815_157.txt water/gen_1778052824_160.txt water/gen_1778052832_163.txt water/gen_1778052841_166.txt water/gen_1778052849_169.txt water/gen_1778052858_172.txt water/gen_1778052866_175.txt water/gen_1778052875_178.txt water/gen_1778052883_181.txt water/gen_1778052892_184.txt water/gen_1778052900_187.txt water/gen_1778052909_190.txt water/gen_1778052917_193.txt water/gen_1778052926_196.txt water/gen_1778052934_199.txt water/gen_1778052943_202.txt water/gen_1778052951_205.txt water/gen_1778052959_208.txt water/gen_1778052968_211.txt water/gen_1778052976_214.txt water/gen_1778052984_217.txt water/gen_1778052993_220.txt water/gen_1778053001_223.txt water/gen_1778053010_226.txt water/gen_1778053018_229.txt water/gen_1778053027_232.txt water/gen_1778053035_235.txt water/gen_1778053044_238.txt water/gen_1778053052_241.txt water/gen_1778053061_244.txt water/gen_1778053069_247.txt water/gen_1778053078_250.txt water/gen_1778053086_253.txt water/gen_1778053094_256.txt water/gen_1778053103_259.txt water/gen_1778053111_262.txt water/gen_1778053120_265.txt water/gen_1778053128_268.txt water/gen_1778053137_271.txt water/gen_1778053145_274.txt water/gen_1778053154_277.txt water/gen_1778053162_280.txt water/gen_1778053171_283.txt water/gen_1778053179_286.txt water/gen_1778053188_289.txt water/gen_1778053196_292.txt water/gen_1778053205_295.txt water/gen_1778053213_298.txt water/gen_1778053222_301.txt water/gen_1778053230_304.txt water/gen_1778053238_307.txt water/gen_1778053247_310.txt water/gen_1778053255_313.txt water/gen_1778053264_316.txt water/gen_1778053272_319.txt water/gen_1778053281_322.txt water/gen_1778053289_325.txt water/gen_1778053298_328.txt water/gen_1778053306_331.txt water/gen_1778053315_334.txt water/gen_1778053323_337.txt water/gen_1778053331_340.txt water/gen_1778053340_343.txt water/gen_1778053348_346.txt water/gen_1778053357_349.txt water/gen_1778053365_352.txt water/gen_1778053374_355.txt water/gen_1778053382_358.txt water/gen_1778053391_361.txt water/gen_1778053399_364.txt water/gen_1778053408_367.txt water/gen_1778053416_370.txt water/gen_1778053425_373.txt water/gen_1778053433_376.txt water/gen_1778053441_379.txt water/gen_1778053450_382.txt water/gen_1778053458_385.txt water/gen_1778053467_388.txt water/gen_1778053475_391.txt water/gen_1778053484_394.txt water/gen_1778053492_397.txt water/gen_1778053501_400.txt water/gen_1778053509_403.txt water/gen_1778053518_406.txt water/gen_1778053526_409.txt water/gen_1778053535_412.txt water/gen_1778053543_415.txt water/gen_1778053552_418.txt water/gen_1778053560_421.txt water/gen_1778053569_424.txt water/gen_1778053577_427.txt water/gen_1778053585_430.txt water/gen_1778053594_433.txt water/gen_1778053602_436.txt water/gen_1778053611_439.txt water/gen_1778053619_442.txt water/gen_1778053628_445.txt water/gen_1778053636_448.txt water/gen_1778053645_451.txt water/gen_1778053653_454.txt water/gen_1778053662_457.txt water/gen_1778053670_460.txt water/gen_1778053678_463.txt water/gen_1778053687_466.txt water/gen_1778053695_469.txt water/gen_1778053704_472.txt water/gen_1778053712_475.txt water/gen_1778053721_478.txt water/gen_1778053729_481.txt water/gen_1778053737_484.txt water/gen_1778053746_487.txt water/gen_1778053754_490.txt water/gen_1778053763_493.txt water/gen_1778053771_496.txt water/gen_1778053780_499.txt water/gen_1778053788_502.txt water/gen_1778053797_505.txt water/gen_1778053805_508.txt water/gen_1778053813_511.txt water/gen_1778053822_514.txt water/gen_1778053830_517.txt water/gen_1778053839_520.txt water/gen_1778053847_523.txt water/gen_1778053855_526.txt water/gen_1778053864_529.txt water/gen_1778053872_532.txt water/gen_1778053881_535.txt water/gen_1778053889_538.txt water/gen_1778053898_541.txt water/gen_1778053906_544.txt water/gen_1778053915_547.txt water/gen_1778053923_550.txt water/gen_1778053931_553.txt water/gen_1778053940_556.txt water/gen_1778053948_559.txt water/gen_1778053957_562.txt water/gen_1778053965_565.txt water/gen_1778053974_568.txt water/gen_1778053982_571.txt water/gen_1778053990_574.txt water/gen_1778053999_577.txt water/gen_1778054007_580.txt water/gen_1778054016_583.txt water/gen_1778054024_586.txt water/gen_1778054033_589.txt water/gen_1778054041_592.txt water/gen_1778054049_595.txt water/gen_1778054058_598.txt water/gen_1778054066_601.txt water/gen_1778054074_604.txt water/gen_1778054083_607.txt water/gen_1778054091_610.txt water/gen_1778054100_613.txt water/gen_1778054108_616.txt water/gen_1778054117_619.txt water/gen_1778054125_622.txt water/gen_1778054134_625.txt water/gen_1778054142_628.txt water/gen_1778054151_631.txt]
[trainer] micro-train burst (13806 bytes, novelty 0.05) — and lo, it feeds again.
[syntropy] action=explore | trend=0.0000 | field_dev=-0.011 | purpose_align=-0.033 | lr_mul=1.30
[aml] burst complete: 32 steps, avg loss 1.8966 (memory freed)
[dna] fire wrote 98 bytes to ecology
[dna] fire wrote 51 bytes to ecology
[dna] fire wrote 94 bytes to ecology
[dna] fire wrote 45 bytes to ecology
[dna] fire wrote 51 bytes to ecology
[dna] fire wrote 54 bytes to ecology
[dna] fire wrote 30 bytes to ecology
[dna] fire wrote 70 bytes to ecology
[dna] fire wrote 110 bytes to ecology
[dna] fire wrote 138 bytes to ecology
[dna] fire wrote 10 bytes to ecology
[dna] fire wrote 56 bytes to ecology
[dna] fire wrote 42 bytes to ecology
[dna] fire wrote 38 bytes to ecology
[dna] fire wrote 72 bytes to ecology
[dna] fire wrote 20 bytes to ecology
[debug-onto] tick=50 corpus=135917 stage=2 freeze=0
[dna] fire wrote 57 bytes to ecology
[dna] fire wrote 31 bytes to ecology
[dna] fire wrote 103 bytes to ecology
[dna] fire wrote 93 bytes to ecology
[dna] fire wrote 50 bytes to ecology
[dna] fire wrote 55 bytes to ecology
[dna] fire wrote 33 bytes to ecology
[dna] fire wrote 102 bytes to ecology
[dna] fire wrote 95 bytes to ecology
[dna] fire wrote 116 bytes to ecology
[dna] fire wrote 121 bytes to ecology
[dna] fire wrote 37 bytes to ecology
[dna] fire wrote 57 bytes to ecology
[dna] fire wrote 8 bytes to ecology
[dna] fire wrote 117 bytes to ecology
[dna] fire wrote 81 bytes to ecology
[dna] fire wrote 56 bytes to ecology
[debug-onto] tick=100 corpus=135917 stage=2 freeze=0
[dna] fire wrote 37 bytes to ecology
[dna] fire wrote 42 bytes to ecology
[dna] fire wrote 10 bytes to ecology
[dna] fire wrote 39 bytes to ecology
[dna] fire wrote 42 bytes to ecology
[dna] fire wrote 40 bytes to ecology
[dna] fire wrote 72 bytes to ecology
[dna] fire wrote 108 bytes to ecology
[dna] fire wrote 90 bytes to ecology
[dna] fire wrote 173 bytes to ecology
[dna] fire wrote 38 bytes to ecology
[dna] fire wrote 173 bytes to ecology
[dna] fire wrote 13 bytes to ecology
[dna] fire wrote 13 bytes to ecology
[dna] fire wrote 38 bytes to ecology
[dna] fire wrote 16 bytes to ecology
[debug-onto] tick=150 corpus=135917 stage=2 freeze=0
[dna] fire wrote 42 bytes to ecology
[dna] fire wrote 190 bytes to ecology
[dna] fire wrote 89 bytes to ecology
[dna] fire wrote 34 bytes to ecology
[dna] fire wrote 97 bytes to ecology
[dna] fire wrote 31 bytes to ecology
[dna] fire wrote 24 bytes to ecology
[dna] fire wrote 37 bytes to ecology
[dna] fire wrote 11 bytes to ecology
[dna] fire wrote 46 bytes to ecology
[dna] fire wrote 125 bytes to ecology
[dna] fire wrote 37 bytes to ecology
[dna] fire wrote 10 bytes to ecology
[dna] fire wrote 285 bytes to ecology
[dna] fire wrote 40 bytes to ecology
[dna] fire wrote 33 bytes to ecology
[dna] fire wrote 24 bytes to ecology
[debug-onto] tick=200 corpus=135917 stage=2 freeze=0
[dna] fire wrote 100 bytes to ecology
[dna] fire wrote 24 bytes to ecology
[dna] fire wrote 29 bytes to ecology
[dna] fire wrote 7 bytes to ecology
[dna] fire wrote 24 bytes to ecology
[dna] fire wrote 76 bytes to ecology
[dna] fire wrote 49 bytes to ecology
[dna] fire wrote 44 bytes to ecology
[dna] fire wrote 15 bytes to ecology
[dna] fire wrote 300 bytes to ecology
[dna] fire wrote 34 bytes to ecology
[dna] fire wrote 49 bytes to ecology
[dna] fire wrote 9 bytes to ecology
[dna] fire wrote 76 bytes to ecology
[dna] fire wrote 33 bytes to ecology
[dna] fire wrote 52 bytes to ecology
[dna] fire wrote 23 bytes to ecology
[debug-onto] tick=250 corpus=135917 stage=2 freeze=0
[dna] fire wrote 13 bytes to ecology
[dna] fire wrote 6 bytes to ecology
[dna] fire wrote 29 bytes to ecology
[dna] fire wrote 78 bytes to ecology
[dna] fire wrote 6 bytes to ecology
[dna] fire wrote 72 bytes to ecology
[dna] fire wrote 286 bytes to ecology
[dna] fire wrote 31 bytes to ecology
[dna] fire wrote 28 bytes to ecology
[dna] fire wrote 26 bytes to ecology
[dna] fire wrote 136 bytes to ecology
[dna] fire wrote 40 bytes to ecology
[dna] fire wrote 34 bytes to ecology
[dna] fire wrote 23 bytes to ecology
[dna] fire wrote 40 bytes to ecology
[dna] fire wrote 57 bytes to ecology
[debug-onto] tick=300 corpus=135917 stage=2 freeze=0
[dna] fire wrote 39 bytes to ecology
[dna] fire wrote 27 bytes to ecology
[dna] fire wrote 50 bytes to ecology
[dna] fire wrote 44 bytes to ecology
[dna] fire wrote 54 bytes to ecology
[dna] fire wrote 122 bytes to ecology
[dna] fire wrote 71 bytes to ecology
[dna] fire wrote 43 bytes to ecology
[dna] fire wrote 25 bytes to ecology
[dna] fire wrote 33 bytes to ecology
[dna] fire wrote 66 bytes to ecology
[dna] fire wrote 52 bytes to ecology
[dna] fire wrote 47 bytes to ecology
[dna] fire wrote 39 bytes to ecology
[dna] fire wrote 9 bytes to ecology
[dna] fire wrote 137 bytes to ecology
[dna] fire wrote 25 bytes to ecology
[debug-onto] tick=350 corpus=135917 stage=2 freeze=0
[dna] fire wrote 13 bytes to ecology
[dna] fire wrote 97 bytes to ecology
[dna] fire wrote 18 bytes to ecology
[dna] fire wrote 55 bytes to ecology
[dna] fire wrote 59 bytes to ecology
[dna] fire wrote 23 bytes to ecology
[dna] fire wrote 97 bytes to ecology
[dna] fire wrote 52 bytes to ecology
[dna] fire wrote 43 bytes to ecology
[dna] fire wrote 43 bytes to ecology
[dna] fire wrote 35 bytes to ecology
[dna] fire wrote 32 bytes to ecology
[dna] fire wrote 37 bytes to ecology
[dna] fire wrote 91 bytes to ecology
[dna] fire wrote 32 bytes to ecology
[dna] fire wrote 78 bytes to ecology
[dna] fire wrote 58 bytes to ecology
[debug-onto] tick=400 corpus=135917 stage=2 freeze=0
[dna] fire wrote 64 bytes to ecology
[dna] fire wrote 100 bytes to ecology
[dna] fire wrote 20 bytes to ecology
[dna] fire wrote 44 bytes to ecology
[dna] fire wrote 23 bytes to ecology
[dna] fire wrote 37 bytes to ecology
[dna] fire wrote 35 bytes to ecology
[dna] fire wrote 64 bytes to ecology
[dna] fire wrote 38 bytes to ecology
[dna] fire wrote 43 bytes to ecology
[dna] fire wrote 42 bytes to ecology
[dna] fire wrote 32 bytes to ecology
[dna] fire wrote 266 bytes to ecology
[dna] fire wrote 27 bytes to ecology
[dna] fire wrote 75 bytes to ecology
[dna] fire wrote 85 bytes to ecology
[debug-onto] tick=450 corpus=135917 stage=2 freeze=0
[dna] fire wrote 84 bytes to ecology
[dna] fire wrote 137 bytes to ecology
[dna] fire wrote 99 bytes to ecology
[dna] fire wrote 15 bytes to ecology
[dna] fire wrote 146 bytes to ecology
[dna] fire wrote 36 bytes to ecology
[dna] fire wrote 54 bytes to ecology
[dna] fire wrote 17 bytes to ecology
[dna] fire wrote 88 bytes to ecology
[dna] fire wrote 95 bytes to ecology
[dna] fire wrote 102 bytes to ecology
[dna] fire wrote 31 bytes to ecology
[dna] fire wrote 48 bytes to ecology
[dna] fire wrote 77 bytes to ecology
[dna] fire wrote 29 bytes to ecology
[dna] fire wrote 121 bytes to ecology
[dna] fire wrote 23 bytes to ecology
[debug-onto] tick=500 corpus=135917 stage=2 freeze=0
[dna] fire wrote 34 bytes to ecology
[dna] fire wrote 104 bytes to ecology
[dna] fire wrote 112 bytes to ecology
[dna] fire wrote 24 bytes to ecology
[dna] fire wrote 46 bytes to ecology
[dna] fire wrote 26 bytes to ecology
[dna] fire wrote 27 bytes to ecology
[dna] fire wrote 41 bytes to ecology
[dna] fire wrote 12 bytes to ecology
[dna] fire wrote 107 bytes to ecology
[dna] fire wrote 18 bytes to ecology
[dna] fire wrote 81 bytes to ecology
[dna] fire wrote 50 bytes to ecology
[dna] fire wrote 20 bytes to ecology
[dna] fire wrote 44 bytes to ecology
[dna] fire wrote 27 bytes to ecology
[dna] fire wrote 12 bytes to ecology
[debug-onto] tick=550 corpus=135917 stage=2 freeze=0
[dna] fire wrote 97 bytes to ecology
[dna] fire wrote 27 bytes to ecology
[dna] fire wrote 47 bytes to ecology
[dna] fire wrote 31 bytes to ecology
[dna] fire wrote 37 bytes to ecology
[dna] fire wrote 121 bytes to ecology
[dna] fire wrote 50 bytes to ecology
[dna] fire wrote 78 bytes to ecology
[dna] fire wrote 33 bytes to ecology
[dna] fire wrote 45 bytes to ecology
[dna] fire wrote 18 bytes to ecology
[dna] fire wrote 21 bytes to ecology
[dna] fire wrote 81 bytes to ecology
[dna] fire wrote 58 bytes to ecology
[dna] fire wrote 136 bytes to ecology
[dna] fire wrote 23 bytes to ecology
[debug-onto] tick=600 corpus=135917 stage=2 freeze=0
[dna] fire wrote 22 bytes to ecology
[dna] fire wrote 80 bytes to ecology
[dna] fire wrote 42 bytes to ecology
[dna] fire wrote 81 bytes to ecology
[dna] fire wrote 96 bytes to ecology
[dna] fire wrote 47 bytes to ecology
[dna] fire wrote 26 bytes to ecology
[dna] fire wrote 108 bytes to ecology
[dna] fire wrote 50 bytes to ecology
[dna] fire wrote 34 bytes to ecology
[dna] fire wrote 64 bytes to ecology
[dna] fire wrote 52 bytes to ecology
[dna] fire wrote 7 bytes to ecology
[dna] fire wrote 107 bytes to ecology
[dna] fire wrote 29 bytes to ecology
[dna] fire wrote 16 bytes to ecology
[dna] fire wrote 31 bytes to ecology
[debug-onto] tick=650 corpus=135917 stage=2 freeze=0
[dna] fire wrote 144 bytes to ecology
[dna] fire wrote 37 bytes to ecology
[dna] fire wrote 18 bytes to ecology
[dna] fire wrote 35 bytes to ecology
[dna] fire wrote 16 bytes to ecology
[dna] fire wrote 5 bytes to ecology
[dna] fire wrote 12 bytes to ecology
[dna] fire wrote 51 bytes to ecology
[dna] fire wrote 61 bytes to ecology
[dna] fire wrote 68 bytes to ecology
[dna] fire wrote 23 bytes to ecology
[dna] fire wrote 78 bytes to ecology
[dna] fire wrote 24 bytes to ecology
[dna] fire wrote 10 bytes to ecology

[evolution] Organism shutting down gracefully.
