[ecology] Element: earth → corpus: nonames_earth.txt
[evolution] Autonomous evolution mode — organism will grow through all stages without pause.
[init] Stage 0 (embryo): embd=16, layer=1, head=1 — warmup 400 steps (400 backprop + 0 notorch, sqrt-scaled 1x)
  [aml] step 0/160 | loss 6.5371 (avg 6.5371) | lr 0.001000 | seq 8
  [aml] step 10/160 | loss 6.1819 (avg 6.4366) | lr 0.001450 | seq 8
  [aml] step 20/160 | loss 6.2684 (avg 6.2926) | lr 0.001900 | seq 8
  [aml] step 30/160 | loss 5.7673 (avg 6.2067) | lr 0.002350 | seq 8
  [aml] step 40/160 | loss 5.4321 (avg 6.0898) | lr 0.002800 | seq 8
  [aml] step 50/160 | loss 4.6685 (avg 5.9336) | lr 0.003250 | seq 8
  [aml] step 60/160 | loss 4.8766 (avg 5.7739) | lr 0.003700 | seq 8
  [aml] step 70/160 | loss 5.3167 (avg 5.6544) | lr 0.004150 | seq 8
  [aml] step 80/160 | loss 2.9803 (avg 5.5346) | lr 0.004600 | seq 8
  [aml] step 90/160 | loss 4.1600 (avg 5.3879) | lr 0.005050 | seq 8
  [aml] step 100/160 | loss 5.0064 (avg 5.2987) | lr 0.005500 | seq 8
  [aml] step 110/160 | loss 5.2608 (avg 5.1680) | lr 0.005950 | seq 8
  [aml] step 120/160 | loss 3.9467 (avg 5.0937) | lr 0.006400 | seq 8
  [aml] step 130/160 | loss 4.4343 (avg 5.0389) | lr 0.006850 | seq 8
  [aml] step 140/160 | loss 2.9964 (avg 5.0020) | lr 0.007300 | seq 8
  [aml] step 150/160 | loss 2.8115 (avg 4.9577) | lr 0.007750 | seq 8
[aml] training complete: 160 steps, avg loss 4.9117 (memory freed)
  [aml] step 0/120 | loss 4.7891 (avg 4.7891) | lr 0.008200 | seq 16
  [aml] step 10/120 | loss 4.3138 (avg 4.4534) | lr 0.008650 | seq 16
  [aml] step 20/120 | loss 3.5184 (avg 4.4757) | lr 0.009100 | seq 16
  [aml] step 30/120 | loss 3.3801 (avg 4.2475) | lr 0.009550 | seq 16
  [aml] step 40/120 | loss 3.1902 (avg 4.2790) | lr 0.010000 | seq 16
  [aml] step 50/120 | loss 3.0177 (avg 4.2705) | lr 0.010000 | seq 16
  [aml] step 60/120 | loss 4.3797 (avg 4.2766) | lr 0.010000 | seq 16
  [aml] step 70/120 | loss 4.2434 (avg 4.1971) | lr 0.010000 | seq 16
  [aml] step 80/120 | loss 4.8849 (avg 4.1514) | lr 0.009999 | seq 16
  [aml] step 90/120 | loss 4.4299 (avg 4.0529) | lr 0.009999 | seq 16
  [aml] step 100/120 | loss 3.7032 (avg 3.9877) | lr 0.009999 | seq 16
  [aml] step 110/120 | loss 5.1862 (avg 3.9114) | lr 0.009999 | seq 16
[aml] training complete: 120 steps, avg loss 3.9298 (memory freed)
  [aml] step 0/120 | loss 2.9812 (avg 2.9812) | lr 0.009999 | seq 32
  [aml] step 10/120 | loss 4.8950 (avg 4.0665) | lr 0.009999 | seq 32
  [aml] step 20/120 | loss 4.4500 (avg 3.8700) | lr 0.009999 | seq 32
  [aml] step 30/120 | loss 3.8976 (avg 3.5578) | lr 0.009999 | seq 32
  [aml] step 40/120 | loss 4.0124 (avg 3.4854) | lr 0.009999 | seq 32
  [aml] step 50/120 | loss 4.0899 (avg 3.4424) | lr 0.009999 | seq 32
  [aml] step 60/120 | loss 2.9848 (avg 3.3810) | lr 0.009999 | seq 32
  [aml] step 70/120 | loss 1.4783 (avg 3.3581) | lr 0.009999 | seq 32
  [aml] step 80/120 | loss 4.5482 (avg 3.3551) | lr 0.009999 | seq 32
  [aml] step 90/120 | loss 1.5203 (avg 3.3074) | lr 0.009999 | seq 32
  [aml] step 100/120 | loss 0.8348 (avg 3.3139) | lr 0.009999 | seq 32
  [aml] step 110/120 | loss 0.9805 (avg 3.1913) | lr 0.009999 | seq 32
[aml] training complete: 120 steps, avg loss 3.0989 (memory freed)

[stage 0 — embryo] What it sounds like now:
  Q: Hello.
  A: is a rock that is the significance to its side.
  Q: Who are you?
  A: billions of rock. A mineral hard, a structure and in one smaller or concrete cracks contains spillway of the made a piers dissolved and the water pressure below the most of retaining to extreme elements in a reposed to the lar?
  Q: What do you know?
  A: ...

[growth] ONTOGENESIS: stage 0 -> 1
  embd: 16 -> 32, layer: 1 -> 1, head: 1 -> 2
[growth] Done. Freeze for 500 steps.
[init] Stage 1 (infant): embd=32, layer=1, head=2 — warmup 800 steps (800 backprop + 0 notorch, sqrt-scaled 2x)
  [aml] step 0/320 | loss 4.4011 (avg 4.4011) | lr 0.000500 | seq 8
  [aml] step 10/320 | loss 6.0784 (avg 4.8045) | lr 0.000725 | seq 8
  [aml] step 20/320 | loss 5.2256 (avg 4.5285) | lr 0.000950 | seq 8
  [aml] step 30/320 | loss 4.7614 (avg 4.4559) | lr 0.001175 | seq 8
  [aml] step 40/320 | loss 5.1385 (avg 4.4618) | lr 0.001400 | seq 8
  [aml] step 50/320 | loss 3.8622 (avg 4.3681) | lr 0.001625 | seq 8
  [aml] step 60/320 | loss 3.5216 (avg 4.2653) | lr 0.001850 | seq 8
  [aml] step 70/320 | loss 2.2913 (avg 4.2573) | lr 0.002075 | seq 8
  [aml] step 80/320 | loss 0.7840 (avg 4.1127) | lr 0.002300 | seq 8
  [aml] step 90/320 | loss 1.1105 (avg 4.0081) | lr 0.002525 | seq 8
  [aml] step 100/320 | loss 4.1045 (avg 3.9743) | lr 0.002750 | seq 8
  [aml] step 110/320 | loss 3.2223 (avg 3.9330) | lr 0.002975 | seq 8
  [aml] step 120/320 | loss 3.1964 (avg 3.8577) | lr 0.003200 | seq 8
  [aml] step 130/320 | loss 1.0841 (avg 3.7949) | lr 0.003425 | seq 8
  [aml] step 140/320 | loss 1.4889 (avg 3.8189) | lr 0.003650 | seq 8
  [aml] step 150/320 | loss 4.4429 (avg 3.7827) | lr 0.003875 | seq 8
  [aml] step 160/320 | loss 4.0231 (avg 3.7459) | lr 0.004100 | seq 8
  [aml] step 170/320 | loss 5.6323 (avg 3.7433) | lr 0.004325 | seq 8
  [aml] step 180/320 | loss 3.5980 (avg 3.7344) | lr 0.004550 | seq 8
  [aml] step 190/320 | loss 3.6764 (avg 3.7473) | lr 0.004775 | seq 8
  [aml] step 200/320 | loss 5.6232 (avg 3.7412) | lr 0.004998 | seq 8
  [aml] step 210/320 | loss 4.0013 (avg 3.7343) | lr 0.004998 | seq 8
  [aml] step 220/320 | loss 4.2439 (avg 3.7392) | lr 0.004998 | seq 8
  [aml] step 230/320 | loss 4.4803 (avg 3.6862) | lr 0.004998 | seq 8
  [aml] step 240/320 | loss 2.5868 (avg 3.6874) | lr 0.004998 | seq 8
  [aml] step 250/320 | loss 1.1901 (avg 3.6887) | lr 0.004998 | seq 8
  [aml] step 260/320 | loss 3.5077 (avg 3.6954) | lr 0.004998 | seq 8
  [aml] step 270/320 | loss 3.4141 (avg 3.6974) | lr 0.004998 | seq 8
  [aml] step 280/320 | loss 4.3646 (avg 3.6881) | lr 0.004998 | seq 8
  [aml] step 290/320 | loss 3.2322 (avg 3.7083) | lr 0.004998 | seq 8
  [aml] step 300/320 | loss 4.7263 (avg 3.7189) | lr 0.004998 | seq 8
  [aml] step 310/320 | loss 0.4065 (avg 3.6947) | lr 0.004998 | seq 8
[aml] training complete: 320 steps, avg loss 3.6896 (memory freed)
  [aml] step 0/240 | loss 4.6361 (avg 4.6361) | lr 0.004998 | seq 16
  [aml] step 10/240 | loss 2.1681 (avg 3.0521) | lr 0.004998 | seq 16
  [aml] step 20/240 | loss 2.2571 (avg 2.9885) | lr 0.004998 | seq 16
  [aml] step 30/240 | loss 2.4014 (avg 3.1295) | lr 0.004998 | seq 16
  [aml] step 40/240 | loss 2.8746 (avg 2.9848) | lr 0.004997 | seq 16
  [aml] step 50/240 | loss 4.7652 (avg 3.1726) | lr 0.004997 | seq 16
  [aml] step 60/240 | loss 1.7838 (avg 3.1380) | lr 0.004997 | seq 16
  [aml] step 70/240 | loss 4.1429 (avg 3.1582) | lr 0.004997 | seq 16
  [aml] step 80/240 | loss 1.7398 (avg 3.1291) | lr 0.004997 | seq 16
  [aml] step 90/240 | loss 4.2856 (avg 3.1774) | lr 0.004997 | seq 16
  [aml] step 100/240 | loss 3.0994 (avg 3.2030) | lr 0.004997 | seq 16
  [aml] step 110/240 | loss 4.8714 (avg 3.2450) | lr 0.004997 | seq 16
  [aml] step 120/240 | loss 2.0569 (avg 3.2479) | lr 0.004997 | seq 16
  [aml] step 130/240 | loss 4.5087 (avg 3.2555) | lr 0.004997 | seq 16
  [aml] step 140/240 | loss 4.3170 (avg 3.2817) | lr 0.004997 | seq 16
  [aml] step 150/240 | loss 4.1823 (avg 3.2728) | lr 0.004997 | seq 16
  [aml] step 160/240 | loss 1.2706 (avg 3.2352) | lr 0.004997 | seq 16
  [aml] step 170/240 | loss 4.7887 (avg 3.2407) | lr 0.004996 | seq 16
  [aml] step 180/240 | loss 4.7158 (avg 3.2672) | lr 0.004996 | seq 16
  [aml] step 190/240 | loss 2.4164 (avg 3.2516) | lr 0.004996 | seq 16
  [aml] step 200/240 | loss 4.9654 (avg 3.2745) | lr 0.004996 | seq 16
  [aml] step 210/240 | loss 2.2544 (avg 3.2449) | lr 0.004996 | seq 16
  [aml] step 220/240 | loss 4.9724 (avg 3.2703) | lr 0.004996 | seq 16
  [aml] step 230/240 | loss 2.8356 (avg 3.2743) | lr 0.004996 | seq 16
[aml] training complete: 240 steps, avg loss 3.2748 (memory freed)
  [aml] step 0/240 | loss 1.5247 (avg 1.5247) | lr 0.004996 | seq 32
  [aml] step 10/240 | loss 4.6447 (avg 2.9954) | lr 0.004996 | seq 32
  [aml] step 20/240 | loss 0.7085 (avg 2.7761) | lr 0.004996 | seq 32
  [aml] step 30/240 | loss 3.9817 (avg 2.7848) | lr 0.004996 | seq 32
  [aml] step 40/240 | loss 1.1806 (avg 2.7023) | lr 0.004996 | seq 32
  [aml] step 50/240 | loss 2.5764 (avg 2.8122) | lr 0.004995 | seq 32
  [aml] step 60/240 | loss 1.3709 (avg 2.7604) | lr 0.004995 | seq 32
  [aml] step 70/240 | loss 0.9794 (avg 2.7470) | lr 0.004995 | seq 32
  [aml] step 80/240 | loss 1.3163 (avg 2.7576) | lr 0.004995 | seq 32
  [aml] step 90/240 | loss 0.9643 (avg 2.7118) | lr 0.004995 | seq 32
  [aml] step 100/240 | loss 1.0198 (avg 2.6729) | lr 0.004995 | seq 32
  [aml] step 110/240 | loss 4.3946 (avg 2.6945) | lr 0.004995 | seq 32
  [aml] step 120/240 | loss 1.0018 (avg 2.6905) | lr 0.004995 | seq 32
  [aml] step 130/240 | loss 0.9315 (avg 2.6401) | lr 0.004995 | seq 32
  [aml] step 140/240 | loss 0.9146 (avg 2.6214) | lr 0.004995 | seq 32
  [aml] step 150/240 | loss 4.7447 (avg 2.6213) | lr 0.004995 | seq 32
  [aml] step 160/240 | loss 4.1167 (avg 2.6504) | lr 0.004994 | seq 32
  [aml] step 170/240 | loss 1.0724 (avg 2.6285) | lr 0.004994 | seq 32
  [aml] step 180/240 | loss 3.4326 (avg 2.6201) | lr 0.004994 | seq 32
  [aml] step 190/240 | loss 4.3596 (avg 2.6100) | lr 0.004994 | seq 32
  [aml] step 200/240 | loss 1.6363 (avg 2.6273) | lr 0.004994 | seq 32
  [aml] step 210/240 | loss 4.2822 (avg 2.6125) | lr 0.004994 | seq 32
  [aml] step 220/240 | loss 0.2815 (avg 2.6014) | lr 0.004994 | seq 32
  [aml] step 230/240 | loss 3.1088 (avg 2.6075) | lr 0.004994 | seq 32
[aml] training complete: 240 steps, avg loss 2.5947 (memory freed)

[stage 1 — infant] What it sounds like now:
  Q: Hello.
  A: Geother. Indivine of the most handles the body su it is a river fuel?
  Q: Who are you?
  A: ...
  Q: What do you know?
  A: ...

[growth] ONTOGENESIS: stage 1 -> 2
  embd: 32 -> 64, layer: 1 -> 2, head: 2 -> 4
[growth] Done. Freeze for 500 steps.
[init] Stage 2 (child): embd=64, layer=2, head=4 — warmup 800 steps (800 backprop + 0 notorch, sqrt-scaled 2x)
  [aml] step 0/320 | loss 4.3144 (avg 4.3144) | lr 0.000250 | seq 8
  [aml] step 10/320 | loss 1.9865 (avg 4.4190) | lr 0.000363 | seq 8
  [aml] step 20/320 | loss 4.2501 (avg 3.8436) | lr 0.000475 | seq 8
  [aml] step 30/320 | loss 4.8814 (avg 3.6235) | lr 0.000588 | seq 8
  [aml] step 40/320 | loss 3.7014 (avg 3.6073) | lr 0.000700 | seq 8
  [aml] step 50/320 | loss 3.6069 (avg 3.5749) | lr 0.000813 | seq 8
  [aml] step 60/320 | loss 3.6571 (avg 3.5456) | lr 0.000925 | seq 8
  [aml] step 70/320 | loss 3.5258 (avg 3.4600) | lr 0.001038 | seq 8
  [aml] step 80/320 | loss 1.3434 (avg 3.3945) | lr 0.001150 | seq 8
  [aml] step 90/320 | loss 4.8471 (avg 3.4178) | lr 0.001263 | seq 8
  [aml] step 100/320 | loss 5.0200 (avg 3.4380) | lr 0.001375 | seq 8
  [aml] step 110/320 | loss 1.6091 (avg 3.4373) | lr 0.001488 | seq 8
  [aml] step 120/320 | loss 0.9748 (avg 3.4307) | lr 0.001600 | seq 8
  [aml] step 130/320 | loss 3.6266 (avg 3.4062) | lr 0.001713 | seq 8
  [aml] step 140/320 | loss 0.5948 (avg 3.3784) | lr 0.001825 | seq 8
  [aml] step 150/320 | loss 3.4662 (avg 3.4297) | lr 0.001938 | seq 8
  [aml] step 160/320 | loss 3.3872 (avg 3.4169) | lr 0.002050 | seq 8
  [aml] step 170/320 | loss 3.9692 (avg 3.3821) | lr 0.002163 | seq 8
  [aml] step 180/320 | loss 4.2910 (avg 3.4052) | lr 0.002275 | seq 8
  [aml] step 190/320 | loss 1.4578 (avg 3.3798) | lr 0.002387 | seq 8
  [aml] step 200/320 | loss 1.2728 (avg 3.3352) | lr 0.002496 | seq 8
  [aml] step 210/320 | loss 2.7939 (avg 3.3340) | lr 0.002496 | seq 8
  [aml] step 220/320 | loss 4.1235 (avg 3.3453) | lr 0.002496 | seq 8
  [aml] step 230/320 | loss 3.7152 (avg 3.3662) | lr 0.002495 | seq 8
  [aml] step 240/320 | loss 4.6207 (avg 3.3616) | lr 0.002495 | seq 8
  [aml] step 250/320 | loss 2.0256 (avg 3.3642) | lr 0.002495 | seq 8
  [aml] step 260/320 | loss 0.0914 (avg 3.3630) | lr 0.002495 | seq 8
  [aml] step 270/320 | loss 4.0523 (avg 3.3727) | lr 0.002495 | seq 8
  [aml] step 280/320 | loss 4.5648 (avg 3.3856) | lr 0.002495 | seq 8
  [aml] step 290/320 | loss 3.4933 (avg 3.3641) | lr 0.002495 | seq 8
  [aml] step 300/320 | loss 5.0576 (avg 3.3457) | lr 0.002495 | seq 8
  [aml] step 310/320 | loss 2.9952 (avg 3.3163) | lr 0.002495 | seq 8
[aml] training complete: 320 steps, avg loss 3.3219 (memory freed)
  [aml] step 0/240 | loss 3.4103 (avg 3.4103) | lr 0.002495 | seq 16
  [aml] step 10/240 | loss 3.3748 (avg 3.5656) | lr 0.002495 | seq 16
  [aml] step 20/240 | loss 5.1443 (avg 3.3439) | lr 0.002495 | seq 16
  [aml] step 30/240 | loss 4.5199 (avg 3.1246) | lr 0.002495 | seq 16
  [aml] step 40/240 | loss 2.8263 (avg 3.1768) | lr 0.002495 | seq 16
  [aml] step 50/240 | loss 2.3688 (avg 3.1368) | lr 0.002495 | seq 16
  [aml] step 60/240 | loss 3.9141 (avg 3.2096) | lr 0.002494 | seq 16
  [aml] step 70/240 | loss 4.7552 (avg 3.3283) | lr 0.002494 | seq 16
  [aml] step 80/240 | loss 4.7581 (avg 3.3541) | lr 0.002494 | seq 16
  [aml] step 90/240 | loss 1.7064 (avg 3.3254) | lr 0.002494 | seq 16
  [aml] step 100/240 | loss 1.3984 (avg 3.2397) | lr 0.002494 | seq 16
  [aml] step 110/240 | loss 5.0387 (avg 3.2284) | lr 0.002494 | seq 16
  [aml] step 120/240 | loss 1.1228 (avg 3.2044) | lr 0.002494 | seq 16
  [aml] step 130/240 | loss 1.0667 (avg 3.1639) | lr 0.002494 | seq 16
  [aml] step 140/240 | loss 1.6719 (avg 3.1021) | lr 0.002494 | seq 16
  [aml] step 150/240 | loss 4.7400 (avg 3.1248) | lr 0.002494 | seq 16
  [aml] step 160/240 | loss 4.8831 (avg 3.1533) | lr 0.002494 | seq 16
  [aml] step 170/240 | loss 3.9967 (avg 3.1342) | lr 0.002494 | seq 16
  [aml] step 180/240 | loss 4.5080 (avg 3.1198) | lr 0.002494 | seq 16
  [aml] step 190/240 | loss 1.0464 (avg 3.0840) | lr 0.002494 | seq 16
  [aml] step 200/240 | loss 2.4785 (avg 3.0608) | lr 0.002493 | seq 16
  [aml] step 210/240 | loss 2.9490 (avg 3.0840) | lr 0.002493 | seq 16
  [aml] step 220/240 | loss 1.2767 (avg 3.0583) | lr 0.002493 | seq 16
  [aml] step 230/240 | loss 3.6927 (avg 3.0210) | lr 0.002493 | seq 16
[aml] training complete: 240 steps, avg loss 3.0146 (memory freed)
  [aml] step 0/240 | loss 4.1035 (avg 4.1035) | lr 0.002493 | seq 32
  [aml] step 10/240 | loss 1.1753 (avg 2.6299) | lr 0.002493 | seq 32
  [aml] step 20/240 | loss 3.5766 (avg 2.6545) | lr 0.002493 | seq 32
  [aml] step 30/240 | loss 0.6131 (avg 2.7395) | lr 0.002493 | seq 32
  [aml] step 40/240 | loss 4.1904 (avg 2.8587) | lr 0.002493 | seq 32
  [aml] step 50/240 | loss 4.7955 (avg 2.9072) | lr 0.002493 | seq 32
  [aml] step 60/240 | loss 1.0381 (avg 2.8047) | lr 0.002493 | seq 32
  [aml] step 70/240 | loss 1.8030 (avg 2.7889) | lr 0.002493 | seq 32
  [aml] step 80/240 | loss 4.2588 (avg 2.7757) | lr 0.002492 | seq 32
  [aml] step 90/240 | loss 1.8652 (avg 2.8087) | lr 0.002492 | seq 32
  [aml] step 100/240 | loss 3.5202 (avg 2.8350) | lr 0.002492 | seq 32
  [aml] step 110/240 | loss 2.1852 (avg 2.8321) | lr 0.002492 | seq 32
  [aml] step 120/240 | loss 0.6916 (avg 2.7631) | lr 0.002492 | seq 32
  [aml] step 130/240 | loss 4.5162 (avg 2.8237) | lr 0.002492 | seq 32
  [aml] step 140/240 | loss 3.6889 (avg 2.7839) | lr 0.002492 | seq 32
  [aml] step 150/240 | loss 3.9000 (avg 2.7686) | lr 0.002492 | seq 32
  [aml] step 160/240 | loss 3.8492 (avg 2.7571) | lr 0.002492 | seq 32
  [aml] step 170/240 | loss 4.3326 (avg 2.7652) | lr 0.002492 | seq 32
  [aml] step 180/240 | loss 4.2382 (avg 2.7226) | lr 0.002492 | seq 32
  [aml] step 190/240 | loss 0.7743 (avg 2.6704) | lr 0.002492 | seq 32
  [aml] step 200/240 | loss 1.1827 (avg 2.6438) | lr 0.002491 | seq 32
  [aml] step 210/240 | loss 0.6548 (avg 2.6250) | lr 0.002491 | seq 32
  [aml] step 220/240 | loss 3.9635 (avg 2.6166) | lr 0.002491 | seq 32
  [aml] step 230/240 | loss 3.8687 (avg 2.6175) | lr 0.002491 | seq 32
[aml] training complete: 240 steps, avg loss 2.6211 (memory freed)

[stage 2 — child] What it sounds like now:
  Q: Hello.
  A: It is the surface to fis a boundary — collapse, oxides.
  Q: Who are you?
  A: ...
  Q: What do you know?
  A: fuelsic bonds once in the earthquakes of rock under different in the sits at on the lesson of the slopes molics within sediment sits circase?

[init] Warmup complete at stage 2. Organism ready.
[ecology] First organism in the swarm.
molequla is alive. [evolution] Autonomous mode — background trainer running. Ctrl+C to stop.
[dna] earth wrote 99 bytes to ecology
[dna] earth wrote 72 bytes to ecology
[dna] earth wrote 293 bytes to ecology
[dna] earth wrote 33 bytes to ecology
[dna] earth wrote 54 bytes to ecology
[dna] earth wrote 64 bytes to ecology
[dna] earth wrote 50 bytes to ecology
[dna] earth wrote 28 bytes to ecology
[dna] earth wrote 71 bytes to ecology
[dna] earth wrote 174 bytes to ecology
[dna] earth wrote 38 bytes to ecology
[dna] earth wrote 32 bytes to ecology
[dna] earth wrote 11 bytes to ecology
[dna] earth wrote 48 bytes to ecology
[dna] earth wrote 211 bytes to ecology
[dna] earth wrote 243 bytes to ecology
[dna] earth wrote 50 bytes to ecology
[dna] earth wrote 120 bytes to ecology
[dna] earth wrote 53 bytes to ecology
[debug-onto] tick=50 corpus=173643 stage=2 freeze=0
[dna] earth wrote 32 bytes to ecology
[dna] earth wrote 29 bytes to ecology
[dna] earth wrote 32 bytes to ecology
[dna] earth wrote 60 bytes to ecology
[dna] earth wrote 112 bytes to ecology
[dna] earth wrote 31 bytes to ecology
[dna] earth wrote 114 bytes to ecology
[dna] earth wrote 135 bytes to ecology
[dna] earth wrote 103 bytes to ecology
[dna] earth wrote 34 bytes to ecology
[dna] earth wrote 64 bytes to ecology
[dna] earth wrote 58 bytes to ecology
[dna] earth wrote 60 bytes to ecology
[dna] earth wrote 127 bytes to ecology
[dna] earth wrote 59 bytes to ecology
[dna] earth wrote 134 bytes to ecology
[dna] earth wrote 51 bytes to ecology
[dna] earth wrote 17 bytes to ecology
[dna] earth wrote 163 bytes to ecology
[dna] earth wrote 26 bytes to ecology
[dna] earth wrote 131 bytes to ecology
[debug-onto] tick=100 corpus=173643 stage=2 freeze=0
[dna] earth wrote 58 bytes to ecology
[dna] earth wrote 49 bytes to ecology
[dna] earth wrote 59 bytes to ecology
[dna] earth wrote 13 bytes to ecology
[dna] earth wrote 45 bytes to ecology
[dna] earth wrote 47 bytes to ecology
[dna] earth wrote 86 bytes to ecology
[dna] earth wrote 229 bytes to ecology
[dna] earth wrote 102 bytes to ecology
[dna] earth wrote 72 bytes to ecology
[dna] earth wrote 35 bytes to ecology
[dna] earth wrote 190 bytes to ecology
[dna] earth wrote 50 bytes to ecology
[dna] earth wrote 11 bytes to ecology
[dna] earth wrote 72 bytes to ecology
[dna] earth wrote 33 bytes to ecology
[dna] earth wrote 113 bytes to ecology
[dna] earth wrote 18 bytes to ecology
[dna] earth wrote 49 bytes to ecology
[dna] earth wrote 212 bytes to ecology
[debug-onto] tick=150 corpus=173643 stage=2 freeze=0
[dna] earth wrote 62 bytes to ecology
[dna] earth wrote 95 bytes to ecology
[dna] earth wrote 93 bytes to ecology
[dna] earth wrote 337 bytes to ecology
[dna] earth wrote 80 bytes to ecology
[dna] earth wrote 137 bytes to ecology
[dna] earth wrote 6 bytes to ecology
[dna] earth wrote 49 bytes to ecology
[dna] earth wrote 82 bytes to ecology
[dna] earth wrote 130 bytes to ecology
[dna] earth wrote 17 bytes to ecology
[dna] earth wrote 22 bytes to ecology
[dna] earth wrote 57 bytes to ecology
[dna] earth wrote 130 bytes to ecology
[dna] earth wrote 23 bytes to ecology
[dna] earth wrote 136 bytes to ecology
[dna] earth wrote 141 bytes to ecology
[dna] earth wrote 176 bytes to ecology
[debug-onto] tick=200 corpus=173643 stage=2 freeze=0
[dna] earth wrote 78 bytes to ecology
[dna] earth wrote 12 bytes to ecology
[dna] earth wrote 180 bytes to ecology
[dna] earth wrote 77 bytes to ecology
[dna] earth wrote 64 bytes to ecology
[dna] earth wrote 82 bytes to ecology
[dna] earth wrote 143 bytes to ecology
[dna] earth wrote 102 bytes to ecology
[dna] earth wrote 57 bytes to ecology
[dna] earth wrote 99 bytes to ecology
[dna] earth wrote 61 bytes to ecology
[dna] earth wrote 195 bytes to ecology
[dna] earth wrote 66 bytes to ecology
[dna] earth wrote 97 bytes to ecology
[dna] earth wrote 58 bytes to ecology
[dna] earth wrote 75 bytes to ecology
[dna] earth wrote 55 bytes to ecology
[dna] earth wrote 59 bytes to ecology
[dna] earth wrote 57 bytes to ecology
[dna] earth wrote 188 bytes to ecology
[dna] earth wrote 209 bytes to ecology
[debug-onto] tick=250 corpus=173643 stage=2 freeze=0
[dna] earth wrote 37 bytes to ecology
[dna] earth wrote 69 bytes to ecology
[dna] earth wrote 60 bytes to ecology
[dna] earth wrote 167 bytes to ecology
[dna] earth wrote 28 bytes to ecology
[dna] earth wrote 57 bytes to ecology
[dna] earth wrote 50 bytes to ecology
[dna] earth wrote 134 bytes to ecology
[dna] earth wrote 51 bytes to ecology
[dna] earth wrote 40 bytes to ecology
[dna] earth wrote 167 bytes to ecology
[dna] earth wrote 136 bytes to ecology
[dna] earth wrote 12 bytes to ecology
[dna] earth wrote 45 bytes to ecology
[dna] earth wrote 71 bytes to ecology
[dna] earth wrote 41 bytes to ecology
[dna] earth wrote 59 bytes to ecology
[debug-onto] tick=300 corpus=173643 stage=2 freeze=0
[dna] earth wrote 91 bytes to ecology
[dna] earth wrote 61 bytes to ecology
[dna] earth wrote 11 bytes to ecology
[dna] earth wrote 75 bytes to ecology
[dna] earth wrote 124 bytes to ecology
[dna] earth wrote 87 bytes to ecology
[dna] earth wrote 38 bytes to ecology
[dna] earth wrote 130 bytes to ecology
[dna] earth wrote 85 bytes to ecology
[dna] earth wrote 80 bytes to ecology
[dna] earth wrote 119 bytes to ecology
[dna] earth wrote 40 bytes to ecology
[dna] earth wrote 114 bytes to ecology
[dna] earth wrote 73 bytes to ecology
[dna] earth wrote 63 bytes to ecology
[dna] earth wrote 57 bytes to ecology
[dna] earth wrote 163 bytes to ecology
[dna] earth wrote 124 bytes to ecology
[debug-onto] tick=350 corpus=173643 stage=2 freeze=0
[dna] earth wrote 95 bytes to ecology
[dna] earth wrote 139 bytes to ecology
[dna] earth wrote 101 bytes to ecology
[dna] earth wrote 81 bytes to ecology
[dna] earth wrote 51 bytes to ecology
[dna] earth wrote 159 bytes to ecology
[dna] earth wrote 130 bytes to ecology
[dna] earth wrote 84 bytes to ecology
[dna] earth wrote 155 bytes to ecology
[dna] earth wrote 31 bytes to ecology
[dna] earth wrote 88 bytes to ecology
[dna] earth wrote 19 bytes to ecology
[dna] earth wrote 63 bytes to ecology
[dna] earth wrote 18 bytes to ecology
[dna] earth wrote 38 bytes to ecology
[dna] earth wrote 28 bytes to ecology
[dna] earth wrote 82 bytes to ecology
[dna] earth wrote 92 bytes to ecology
[dna] earth wrote 329 bytes to ecology
[dna] earth wrote 54 bytes to ecology
[dna] earth wrote 70 bytes to ecology
[debug-onto] tick=400 corpus=173643 stage=2 freeze=0
[dna] earth wrote 29 bytes to ecology
[dna] earth wrote 39 bytes to ecology
[dna] earth wrote 162 bytes to ecology
[dna] earth wrote 100 bytes to ecology
[dna] earth wrote 136 bytes to ecology
[dna] earth wrote 27 bytes to ecology
[dna] earth wrote 13 bytes to ecology
[dna] earth wrote 144 bytes to ecology
[dna] earth wrote 67 bytes to ecology
[dna] earth wrote 119 bytes to ecology
[dna] earth wrote 86 bytes to ecology
[dna] earth wrote 64 bytes to ecology
[dna] earth wrote 58 bytes to ecology
[dna] earth wrote 94 bytes to ecology
[dna] earth wrote 69 bytes to ecology
[dna] earth wrote 118 bytes to ecology
[dna] earth wrote 66 bytes to ecology
[debug-onto] tick=450 corpus=173643 stage=2 freeze=0
[dna] earth wrote 40 bytes to ecology
[dna] earth wrote 43 bytes to ecology
[dna] earth wrote 68 bytes to ecology
[dna] earth wrote 27 bytes to ecology
[dna] earth wrote 41 bytes to ecology
[dna] earth wrote 51 bytes to ecology
[dna] earth wrote 67 bytes to ecology
[dna] earth wrote 147 bytes to ecology
[dna] earth wrote 87 bytes to ecology
[dna] earth wrote 221 bytes to ecology
[dna] earth wrote 47 bytes to ecology
[dna] earth wrote 170 bytes to ecology
[dna] earth wrote 89 bytes to ecology
[dna] earth wrote 45 bytes to ecology
[dna] earth wrote 127 bytes to ecology
[dna] earth wrote 209 bytes to ecology
[dna] earth wrote 144 bytes to ecology
[dna] earth wrote 66 bytes to ecology
[dna] earth wrote 123 bytes to ecology
[dna] earth wrote 47 bytes to ecology
[dna] earth wrote 88 bytes to ecology
[dna] earth wrote 44 bytes to ecology
[debug-onto] tick=500 corpus=173643 stage=2 freeze=0
[dna] earth wrote 37 bytes to ecology
[dna] earth wrote 38 bytes to ecology
[dna] earth wrote 92 bytes to ecology
[dna] earth wrote 37 bytes to ecology
[dna] earth wrote 112 bytes to ecology
[dna] earth wrote 64 bytes to ecology
[dna] earth wrote 63 bytes to ecology
[dna] earth wrote 125 bytes to ecology
[dna] earth wrote 146 bytes to ecology
[dna] earth wrote 40 bytes to ecology
[dna] earth wrote 143 bytes to ecology
[dna] earth wrote 55 bytes to ecology
[dna] earth wrote 188 bytes to ecology
[dna] earth wrote 187 bytes to ecology
[dna] earth wrote 47 bytes to ecology
[dna] earth wrote 90 bytes to ecology
[dna] earth wrote 36 bytes to ecology
[dna] earth wrote 169 bytes to ecology
[dna] earth wrote 55 bytes to ecology
[debug-onto] tick=550 corpus=173643 stage=2 freeze=0
[dna] earth wrote 107 bytes to ecology
[dna] earth wrote 24 bytes to ecology
[dna] earth wrote 23 bytes to ecology
[dna] earth wrote 7 bytes to ecology
[dna] earth wrote 29 bytes to ecology
[dna] earth wrote 70 bytes to ecology
[dna] earth wrote 118 bytes to ecology
[dna] earth wrote 94 bytes to ecology
[dna] earth wrote 83 bytes to ecology
[dna] earth wrote 93 bytes to ecology
[dna] earth wrote 10 bytes to ecology
[dna] earth wrote 34 bytes to ecology
[dna] earth wrote 49 bytes to ecology
[dna] earth wrote 97 bytes to ecology
[dna] earth wrote 57 bytes to ecology
[dna] earth wrote 60 bytes to ecology
[dna] earth wrote 49 bytes to ecology
[dna] earth wrote 129 bytes to ecology
[dna] earth wrote 82 bytes to ecology
[debug-onto] tick=600 corpus=173643 stage=2 freeze=0
[dna] earth wrote 336 bytes to ecology
[dna] earth wrote 46 bytes to ecology
[dna] earth wrote 31 bytes to ecology
[dna] earth wrote 168 bytes to ecology
[dna] earth wrote 65 bytes to ecology
[dna] earth wrote 37 bytes to ecology
[dna] earth wrote 42 bytes to ecology
[dna] earth wrote 102 bytes to ecology
[dna] earth wrote 34 bytes to ecology
[dna] earth wrote 63 bytes to ecology
[dna] earth wrote 54 bytes to ecology
[dna] earth wrote 91 bytes to ecology
[dna] earth wrote 92 bytes to ecology
[dna] earth wrote 159 bytes to ecology
[dna] earth wrote 42 bytes to ecology
[dna] earth wrote 35 bytes to ecology
[dna] earth wrote 48 bytes to ecology
[debug-onto] tick=650 corpus=173643 stage=2 freeze=0
[dna] earth wrote 124 bytes to ecology
[dna] earth wrote 115 bytes to ecology
[dna] earth wrote 111 bytes to ecology
[dna] earth wrote 59 bytes to ecology
[dna] earth wrote 123 bytes to ecology

[evolution] Organism shutting down gracefully.
