[ecology] Element: earth → corpus: nonames_earth.txt
[evolution] Autonomous evolution mode — organism will grow through all stages without pause.
[init] Stage 0 (embryo): embd=16, layer=1, head=1 — warmup 400 steps (400 backprop + 0 notorch, sqrt-scaled 1x)
  [aml] step 0/160 | loss 6.4751 (avg 6.4751) | lr 0.001000 | seq 8
  [aml] step 10/160 | loss 6.1482 (avg 6.4364) | lr 0.001450 | seq 8
  [aml] step 20/160 | loss 6.2708 (avg 6.2993) | lr 0.001900 | seq 8
  [aml] step 30/160 | loss 5.7476 (avg 6.1980) | lr 0.002350 | seq 8
  [aml] step 40/160 | loss 5.4375 (avg 6.0794) | lr 0.002800 | seq 8
  [aml] step 50/160 | loss 4.6617 (avg 5.9222) | lr 0.003250 | seq 8
  [aml] step 60/160 | loss 4.9153 (avg 5.7602) | lr 0.003700 | seq 8
  [aml] step 70/160 | loss 5.3696 (avg 5.6469) | lr 0.004150 | seq 8
  [aml] step 80/160 | loss 2.9925 (avg 5.5363) | lr 0.004600 | seq 8
  [aml] step 90/160 | loss 4.1233 (avg 5.3908) | lr 0.005050 | seq 8
  [aml] step 100/160 | loss 5.0455 (avg 5.3023) | lr 0.005500 | seq 8
  [aml] step 110/160 | loss 5.2844 (avg 5.1736) | lr 0.005950 | seq 8
  [aml] step 120/160 | loss 3.9280 (avg 5.0996) | lr 0.006400 | seq 8
  [aml] step 130/160 | loss 5.8070 (avg 5.0535) | lr 0.006850 | seq 8
  [aml] step 140/160 | loss 3.0289 (avg 5.0039) | lr 0.007300 | seq 8
  [aml] step 150/160 | loss 2.7382 (avg 4.9547) | lr 0.007750 | seq 8
[aml] training complete: 160 steps, avg loss 4.9063 (memory freed)
  [aml] step 0/120 | loss 4.4348 (avg 4.4348) | lr 0.008200 | seq 16
  [aml] step 10/120 | loss 4.2192 (avg 4.3616) | lr 0.008650 | seq 16
  [aml] step 20/120 | loss 3.3088 (avg 4.3665) | lr 0.009100 | seq 16
  [aml] step 30/120 | loss 3.3071 (avg 4.1636) | lr 0.009550 | seq 16
  [aml] step 40/120 | loss 3.3028 (avg 4.1822) | lr 0.010000 | seq 16
  [aml] step 50/120 | loss 2.9014 (avg 4.1491) | lr 0.010000 | seq 16
  [aml] step 60/120 | loss 4.1585 (avg 4.1549) | lr 0.010000 | seq 16
  [aml] step 70/120 | loss 4.6425 (avg 4.0868) | lr 0.010000 | seq 16
  [aml] step 80/120 | loss 5.0328 (avg 4.0458) | lr 0.009999 | seq 16
  [aml] step 90/120 | loss 4.4507 (avg 3.9467) | lr 0.009999 | seq 16
  [aml] step 100/120 | loss 3.9175 (avg 3.8962) | lr 0.009999 | seq 16
  [aml] step 110/120 | loss 5.2296 (avg 3.8348) | lr 0.009999 | seq 16
[aml] training complete: 120 steps, avg loss 3.8520 (memory freed)
  [aml] step 0/120 | loss 2.3103 (avg 2.3103) | lr 0.009999 | seq 32
  [aml] step 10/120 | loss 4.9016 (avg 3.8571) | lr 0.009999 | seq 32
  [aml] step 20/120 | loss 4.3640 (avg 3.7709) | lr 0.009999 | seq 32
  [aml] step 30/120 | loss 3.8651 (avg 3.4893) | lr 0.009999 | seq 32
  [aml] step 40/120 | loss 4.0680 (avg 3.4454) | lr 0.009999 | seq 32
  [aml] step 50/120 | loss 4.0856 (avg 3.4135) | lr 0.009999 | seq 32
  [aml] step 60/120 | loss 2.7401 (avg 3.3539) | lr 0.009999 | seq 32
  [aml] step 70/120 | loss 1.5143 (avg 3.3379) | lr 0.009999 | seq 32
  [aml] step 80/120 | loss 4.5289 (avg 3.3370) | lr 0.009999 | seq 32
  [aml] step 90/120 | loss 1.5408 (avg 3.2931) | lr 0.009999 | seq 32
  [aml] step 100/120 | loss 0.8672 (avg 3.3037) | lr 0.009999 | seq 32
  [aml] step 110/120 | loss 0.8816 (avg 3.1793) | lr 0.009999 | seq 32
[aml] training complete: 120 steps, avg loss 3.0880 (memory freed)

[stage 0 — embryo] What it sounds like now:
  Q: Hello.
  A: : A trees the concrete enough toppled on the value?
  Q: Who are you?
  A: ...
  Q: What do you know?
  A: ...

[growth] ONTOGENESIS: stage 0 -> 1
  embd: 16 -> 32, layer: 1 -> 1, head: 1 -> 2
[growth] Done. Freeze for 500 steps.
[init] Stage 1 (infant): embd=32, layer=1, head=2 — warmup 800 steps (800 backprop + 0 notorch, sqrt-scaled 2x)
  [aml] step 0/320 | loss 6.0185 (avg 6.0185) | lr 0.000500 | seq 8
  [aml] step 10/320 | loss 6.3295 (avg 4.4753) | lr 0.000725 | seq 8
  [aml] step 20/320 | loss 1.8560 (avg 4.2247) | lr 0.000950 | seq 8
  [aml] step 30/320 | loss 5.3038 (avg 4.0942) | lr 0.001175 | seq 8
  [aml] step 40/320 | loss 5.0336 (avg 3.9462) | lr 0.001400 | seq 8
  [aml] step 50/320 | loss 3.1976 (avg 3.9917) | lr 0.001625 | seq 8
  [aml] step 60/320 | loss 4.6401 (avg 3.9776) | lr 0.001850 | seq 8
  [aml] step 70/320 | loss 4.4352 (avg 4.0701) | lr 0.002075 | seq 8
  [aml] step 80/320 | loss 6.0127 (avg 4.0948) | lr 0.002300 | seq 8
  [aml] step 90/320 | loss 4.6148 (avg 4.1254) | lr 0.002525 | seq 8
  [aml] step 100/320 | loss 2.9907 (avg 4.1257) | lr 0.002750 | seq 8
  [aml] step 110/320 | loss 4.3750 (avg 4.0996) | lr 0.002975 | seq 8
  [aml] step 120/320 | loss 4.9681 (avg 4.0607) | lr 0.003200 | seq 8
  [aml] step 130/320 | loss 4.8767 (avg 4.0140) | lr 0.003425 | seq 8
  [aml] step 140/320 | loss 3.4180 (avg 3.9841) | lr 0.003650 | seq 8
  [aml] step 150/320 | loss 2.6933 (avg 4.0175) | lr 0.003875 | seq 8
  [aml] step 160/320 | loss 4.0349 (avg 3.9856) | lr 0.004100 | seq 8
  [aml] step 170/320 | loss 4.7274 (avg 4.0075) | lr 0.004325 | seq 8
  [aml] step 180/320 | loss 5.3938 (avg 3.9828) | lr 0.004550 | seq 8
  [aml] step 190/320 | loss 5.5496 (avg 3.9345) | lr 0.004775 | seq 8
  [aml] step 200/320 | loss 3.6505 (avg 3.9000) | lr 0.004998 | seq 8
  [aml] step 210/320 | loss 4.6429 (avg 3.9057) | lr 0.004998 | seq 8
  [aml] step 220/320 | loss 4.6183 (avg 3.8994) | lr 0.004998 | seq 8
  [aml] step 230/320 | loss 2.0516 (avg 3.8747) | lr 0.004998 | seq 8
  [aml] step 240/320 | loss 4.3731 (avg 3.8782) | lr 0.004998 | seq 8
  [aml] step 250/320 | loss 3.8274 (avg 3.8688) | lr 0.004998 | seq 8
  [aml] step 260/320 | loss 3.2147 (avg 3.8771) | lr 0.004998 | seq 8
  [aml] step 270/320 | loss 1.1481 (avg 3.8279) | lr 0.004998 | seq 8
  [aml] step 280/320 | loss 4.7735 (avg 3.8092) | lr 0.004998 | seq 8
  [aml] step 290/320 | loss 4.1123 (avg 3.8021) | lr 0.004998 | seq 8
  [aml] step 300/320 | loss 3.4945 (avg 3.7743) | lr 0.004998 | seq 8
  [aml] step 310/320 | loss 3.6086 (avg 3.7905) | lr 0.004998 | seq 8
[aml] training complete: 320 steps, avg loss 3.7814 (memory freed)
  [aml] step 0/240 | loss 4.2519 (avg 4.2519) | lr 0.004998 | seq 16
  [aml] step 10/240 | loss 2.8412 (avg 3.7687) | lr 0.004998 | seq 16
  [aml] step 20/240 | loss 4.7543 (avg 3.8256) | lr 0.004998 | seq 16
  [aml] step 30/240 | loss 3.7887 (avg 3.7690) | lr 0.004998 | seq 16
  [aml] step 40/240 | loss 2.0917 (avg 3.7288) | lr 0.004997 | seq 16
  [aml] step 50/240 | loss 4.9895 (avg 3.6077) | lr 0.004997 | seq 16
  [aml] step 60/240 | loss 3.1015 (avg 3.5252) | lr 0.004997 | seq 16
  [aml] step 70/240 | loss 3.5567 (avg 3.4801) | lr 0.004997 | seq 16
  [aml] step 80/240 | loss 4.8120 (avg 3.4156) | lr 0.004997 | seq 16
  [aml] step 90/240 | loss 4.0596 (avg 3.3924) | lr 0.004997 | seq 16
  [aml] step 100/240 | loss 3.5955 (avg 3.3742) | lr 0.004997 | seq 16
  [aml] step 110/240 | loss 2.4153 (avg 3.3509) | lr 0.004997 | seq 16
  [aml] step 120/240 | loss 1.9506 (avg 3.3097) | lr 0.004997 | seq 16
  [aml] step 130/240 | loss 3.2160 (avg 3.2764) | lr 0.004997 | seq 16
  [aml] step 140/240 | loss 2.7271 (avg 3.2630) | lr 0.004997 | seq 16
  [aml] step 150/240 | loss 4.2973 (avg 3.2348) | lr 0.004997 | seq 16
  [aml] step 160/240 | loss 1.4072 (avg 3.2504) | lr 0.004997 | seq 16
  [aml] step 170/240 | loss 2.3262 (avg 3.2285) | lr 0.004996 | seq 16
  [aml] step 180/240 | loss 3.6656 (avg 3.2487) | lr 0.004996 | seq 16
  [aml] step 190/240 | loss 2.5311 (avg 3.2519) | lr 0.004996 | seq 16
  [aml] step 200/240 | loss 1.2057 (avg 3.2541) | lr 0.004996 | seq 16
  [aml] step 210/240 | loss 4.5644 (avg 3.2669) | lr 0.004996 | seq 16
  [aml] step 220/240 | loss 3.9964 (avg 3.2665) | lr 0.004996 | seq 16
  [aml] step 230/240 | loss 3.2526 (avg 3.2762) | lr 0.004996 | seq 16
[aml] training complete: 240 steps, avg loss 3.2849 (memory freed)
  [aml] step 0/240 | loss 4.1441 (avg 4.1441) | lr 0.004996 | seq 32
  [aml] step 10/240 | loss 0.6965 (avg 3.0597) | lr 0.004996 | seq 32
  [aml] step 20/240 | loss 5.0327 (avg 2.7374) | lr 0.004996 | seq 32
  [aml] step 30/240 | loss 4.0747 (avg 2.6677) | lr 0.004996 | seq 32
  [aml] step 40/240 | loss 3.9313 (avg 2.8984) | lr 0.004996 | seq 32
  [aml] step 50/240 | loss 4.4490 (avg 2.9759) | lr 0.004995 | seq 32
  [aml] step 60/240 | loss 4.1042 (avg 3.0330) | lr 0.004995 | seq 32
  [aml] step 70/240 | loss 4.3588 (avg 2.9856) | lr 0.004995 | seq 32
  [aml] step 80/240 | loss 0.8625 (avg 2.9091) | lr 0.004995 | seq 32
  [aml] step 90/240 | loss 4.8521 (avg 2.9771) | lr 0.004995 | seq 32
  [aml] step 100/240 | loss 2.3348 (avg 2.9431) | lr 0.004995 | seq 32
  [aml] step 110/240 | loss 4.2855 (avg 3.0000) | lr 0.004995 | seq 32
  [aml] step 120/240 | loss 4.2940 (avg 2.9621) | lr 0.004995 | seq 32
  [aml] step 130/240 | loss 1.8300 (avg 2.9421) | lr 0.004995 | seq 32
  [aml] step 140/240 | loss 0.9768 (avg 2.8986) | lr 0.004995 | seq 32
  [aml] step 150/240 | loss 4.5387 (avg 2.9078) | lr 0.004995 | seq 32
  [aml] step 160/240 | loss 3.9391 (avg 2.8705) | lr 0.004994 | seq 32
  [aml] step 170/240 | loss 4.2387 (avg 2.8846) | lr 0.004994 | seq 32
  [aml] step 180/240 | loss 2.0543 (avg 2.8455) | lr 0.004994 | seq 32
  [aml] step 190/240 | loss 3.7336 (avg 2.8428) | lr 0.004994 | seq 32
  [aml] step 200/240 | loss 3.8503 (avg 2.8394) | lr 0.004994 | seq 32
  [aml] step 210/240 | loss 4.6270 (avg 2.8164) | lr 0.004994 | seq 32
  [aml] step 220/240 | loss 3.7215 (avg 2.7815) | lr 0.004994 | seq 32
  [aml] step 230/240 | loss 4.2056 (avg 2.7864) | lr 0.004994 | seq 32
[aml] training complete: 240 steps, avg loss 2.7716 (memory freed)

[stage 1 — infant] What it sounds like now:
  Q: Hello.
  A: Ea spannucle in a membank atoms.
  Q: Who are you?
  A: ?
  Q: What do you know?
  A: ?

[growth] ONTOGENESIS: stage 1 -> 2
  embd: 32 -> 64, layer: 1 -> 2, head: 2 -> 4
[growth] Done. Freeze for 500 steps.
[init] Stage 2 (child): embd=64, layer=2, head=4 — warmup 800 steps (800 backprop + 0 notorch, sqrt-scaled 2x)
  [aml] step 0/320 | loss 3.3037 (avg 3.3037) | lr 0.000250 | seq 8
  [aml] step 10/320 | loss 0.1998 (avg 4.0960) | lr 0.000363 | seq 8
  [aml] step 20/320 | loss 0.1507 (avg 3.6100) | lr 0.000475 | seq 8
  [aml] step 30/320 | loss 3.7662 (avg 3.7211) | lr 0.000588 | seq 8
  [aml] step 40/320 | loss 4.5766 (avg 3.7230) | lr 0.000700 | seq 8
  [aml] step 50/320 | loss 4.2321 (avg 3.5609) | lr 0.000813 | seq 8
  [aml] step 60/320 | loss 3.2179 (avg 3.5993) | lr 0.000925 | seq 8
  [aml] step 70/320 | loss 3.2649 (avg 3.5253) | lr 0.001038 | seq 8
  [aml] step 80/320 | loss 2.8246 (avg 3.4347) | lr 0.001150 | seq 8
  [aml] step 90/320 | loss 0.3285 (avg 3.3922) | lr 0.001263 | seq 8
  [aml] step 100/320 | loss 4.8478 (avg 3.4353) | lr 0.001375 | seq 8
  [aml] step 110/320 | loss 2.9484 (avg 3.4263) | lr 0.001488 | seq 8
  [aml] step 120/320 | loss 4.0659 (avg 3.4265) | lr 0.001600 | seq 8
  [aml] step 130/320 | loss 0.7462 (avg 3.3954) | lr 0.001713 | seq 8
  [aml] step 140/320 | loss 0.2005 (avg 3.3853) | lr 0.001825 | seq 8
  [aml] step 150/320 | loss 0.6973 (avg 3.3703) | lr 0.001938 | seq 8
  [aml] step 160/320 | loss 4.3471 (avg 3.3756) | lr 0.002050 | seq 8
  [aml] step 170/320 | loss 3.0141 (avg 3.3535) | lr 0.002163 | seq 8
  [aml] step 180/320 | loss 2.0405 (avg 3.3586) | lr 0.002275 | seq 8
  [aml] step 190/320 | loss 4.1620 (avg 3.3563) | lr 0.002387 | seq 8
  [aml] step 200/320 | loss 4.6254 (avg 3.3705) | lr 0.002496 | seq 8
  [aml] step 210/320 | loss 4.2430 (avg 3.3441) | lr 0.002496 | seq 8
  [aml] step 220/320 | loss 5.1645 (avg 3.3376) | lr 0.002496 | seq 8
  [aml] step 230/320 | loss 4.8990 (avg 3.3285) | lr 0.002495 | seq 8
  [aml] step 240/320 | loss 4.0514 (avg 3.3560) | lr 0.002495 | seq 8
  [aml] step 250/320 | loss 3.8094 (avg 3.3772) | lr 0.002495 | seq 8
  [aml] step 260/320 | loss 0.3280 (avg 3.3652) | lr 0.002495 | seq 8
  [aml] step 270/320 | loss 4.0820 (avg 3.3594) | lr 0.002495 | seq 8
  [aml] step 280/320 | loss 4.0526 (avg 3.3540) | lr 0.002495 | seq 8
  [aml] step 290/320 | loss 3.5571 (avg 3.3465) | lr 0.002495 | seq 8
  [aml] step 300/320 | loss 5.1358 (avg 3.3438) | lr 0.002495 | seq 8
  [aml] step 310/320 | loss 0.1243 (avg 3.3394) | lr 0.002495 | seq 8
[aml] training complete: 320 steps, avg loss 3.3442 (memory freed)
  [aml] step 0/240 | loss 4.0867 (avg 4.0867) | lr 0.002495 | seq 16
  [aml] step 10/240 | loss 1.8911 (avg 2.5795) | lr 0.002495 | seq 16
  [aml] step 20/240 | loss 3.9975 (avg 3.1666) | lr 0.002495 | seq 16
  [aml] step 30/240 | loss 4.0708 (avg 3.2050) | lr 0.002495 | seq 16
  [aml] step 40/240 | loss 2.9699 (avg 3.2275) | lr 0.002495 | seq 16
  [aml] step 50/240 | loss 5.0611 (avg 3.2547) | lr 0.002495 | seq 16
  [aml] step 60/240 | loss 4.2843 (avg 3.3283) | lr 0.002494 | seq 16
  [aml] step 70/240 | loss 4.0548 (avg 3.3740) | lr 0.002494 | seq 16
  [aml] step 80/240 | loss 3.6279 (avg 3.3620) | lr 0.002494 | seq 16
  [aml] step 90/240 | loss 4.0867 (avg 3.3638) | lr 0.002494 | seq 16
  [aml] step 100/240 | loss 4.0893 (avg 3.3406) | lr 0.002494 | seq 16
  [aml] step 110/240 | loss 0.8474 (avg 3.2299) | lr 0.002494 | seq 16
  [aml] step 120/240 | loss 4.7294 (avg 3.1951) | lr 0.002494 | seq 16
  [aml] step 130/240 | loss 4.6280 (avg 3.2372) | lr 0.002494 | seq 16
  [aml] step 140/240 | loss 2.2749 (avg 3.2426) | lr 0.002494 | seq 16
  [aml] step 150/240 | loss 1.3388 (avg 3.1948) | lr 0.002494 | seq 16
  [aml] step 160/240 | loss 1.2564 (avg 3.2056) | lr 0.002494 | seq 16
  [aml] step 170/240 | loss 2.4528 (avg 3.1879) | lr 0.002494 | seq 16
  [aml] step 180/240 | loss 3.6111 (avg 3.1869) | lr 0.002494 | seq 16
  [aml] step 190/240 | loss 4.1109 (avg 3.2126) | lr 0.002494 | seq 16
  [aml] step 200/240 | loss 1.7092 (avg 3.2359) | lr 0.002493 | seq 16
  [aml] step 210/240 | loss 4.6165 (avg 3.2517) | lr 0.002493 | seq 16
  [aml] step 220/240 | loss 4.7281 (avg 3.2231) | lr 0.002493 | seq 16
  [aml] step 230/240 | loss 3.1328 (avg 3.1865) | lr 0.002493 | seq 16
[aml] training complete: 240 steps, avg loss 3.1988 (memory freed)
  [aml] step 0/240 | loss 1.4625 (avg 1.4625) | lr 0.002493 | seq 32
  [aml] step 10/240 | loss 2.3802 (avg 2.0631) | lr 0.002493 | seq 32
  [aml] step 20/240 | loss 0.9599 (avg 2.2219) | lr 0.002493 | seq 32
  [aml] step 30/240 | loss 3.0526 (avg 2.2815) | lr 0.002493 | seq 32
  [aml] step 40/240 | loss 3.4278 (avg 2.4700) | lr 0.002493 | seq 32
  [aml] step 50/240 | loss 0.9670 (avg 2.6016) | lr 0.002493 | seq 32
  [aml] step 60/240 | loss 4.2123 (avg 2.6756) | lr 0.002493 | seq 32
  [aml] step 70/240 | loss 1.3987 (avg 2.6160) | lr 0.002493 | seq 32
  [aml] step 80/240 | loss 0.7918 (avg 2.5028) | lr 0.002492 | seq 32
  [aml] step 90/240 | loss 0.6791 (avg 2.4840) | lr 0.002492 | seq 32
  [aml] step 100/240 | loss 1.0465 (avg 2.4003) | lr 0.002492 | seq 32
  [aml] step 110/240 | loss 3.9847 (avg 2.4834) | lr 0.002492 | seq 32
  [aml] step 120/240 | loss 4.5595 (avg 2.4678) | lr 0.002492 | seq 32
  [aml] step 130/240 | loss 1.0392 (avg 2.4188) | lr 0.002492 | seq 32
  [aml] step 140/240 | loss 4.1514 (avg 2.4197) | lr 0.002492 | seq 32
  [aml] step 150/240 | loss 4.0727 (avg 2.4301) | lr 0.002492 | seq 32
  [aml] step 160/240 | loss 1.0269 (avg 2.4073) | lr 0.002492 | seq 32
  [aml] step 170/240 | loss 3.9765 (avg 2.4415) | lr 0.002492 | seq 32
  [aml] step 180/240 | loss 1.5814 (avg 2.4480) | lr 0.002492 | seq 32
  [aml] step 190/240 | loss 0.6800 (avg 2.4784) | lr 0.002492 | seq 32
  [aml] step 200/240 | loss 0.9340 (avg 2.5037) | lr 0.002491 | seq 32
  [aml] step 210/240 | loss 0.6691 (avg 2.4905) | lr 0.002491 | seq 32
  [aml] step 220/240 | loss 3.9994 (avg 2.5105) | lr 0.002491 | seq 32
  [aml] step 230/240 | loss 4.2999 (avg 2.5144) | lr 0.002491 | seq 32
[aml] training complete: 240 steps, avg loss 2.5287 (memory freed)

[stage 2 — child] What it sounds like now:
  Q: Hello.
  A: is the to the line and years agricate could's are vs the base of a lakebed and a structure that isk, lesson of a by a main water, or dark, and clay, it behind a lava is the slow.
  Q: Who are you?
  A: ...
  Q: What do you know?
  A: ...

[init] Warmup complete at stage 2. Organism ready.
[ecology] First organism in the swarm.
molequla is alive. [evolution] Autonomous mode — background trainer running. Ctrl+C to stop.
[dna] earth wrote 59 bytes to ecology
[dna] earth wrote 212 bytes to ecology
[dna] earth wrote 132 bytes to ecology
[dna] earth wrote 56 bytes to ecology
[dna] earth wrote 30 bytes to ecology
[dna] earth wrote 122 bytes to ecology
[dna] earth wrote 33 bytes to ecology
[dna] earth wrote 19 bytes to ecology
[dna] earth wrote 77 bytes to ecology
[dna] earth wrote 65 bytes to ecology
[dna] earth wrote 29 bytes to ecology
[dna] earth wrote 21 bytes to ecology
[dna] earth wrote 175 bytes to ecology
[dna] earth wrote 28 bytes to ecology
[dna] earth wrote 66 bytes to ecology
[dna] earth wrote 44 bytes to ecology
[dna] earth wrote 94 bytes to ecology
[debug-onto] tick=50 corpus=173643 stage=2 freeze=0
[dna] earth wrote 40 bytes to ecology
[dna] earth wrote 60 bytes to ecology
[dna] earth wrote 130 bytes to ecology
[dna] earth wrote 203 bytes to ecology
[dna] earth wrote 65 bytes to ecology
[dna] earth wrote 40 bytes to ecology
[dna] earth wrote 32 bytes to ecology
[dna] earth wrote 134 bytes to ecology
[dna] earth wrote 112 bytes to ecology
[dna] earth wrote 46 bytes to ecology
[dna] earth wrote 91 bytes to ecology
[dna] earth wrote 73 bytes to ecology
[dna] earth wrote 52 bytes to ecology
[dna] earth wrote 37 bytes to ecology
[dna] earth wrote 34 bytes to ecology
[dna] earth wrote 57 bytes to ecology
[dna] earth wrote 139 bytes to ecology
[debug-onto] tick=100 corpus=173643 stage=2 freeze=0
[dna] earth wrote 57 bytes to ecology
[dna] earth wrote 53 bytes to ecology
[dna] earth wrote 145 bytes to ecology
[dna] earth wrote 55 bytes to ecology
[dna] earth wrote 135 bytes to ecology
[dna] earth wrote 140 bytes to ecology
[dna] earth wrote 137 bytes to ecology
[dna] earth wrote 11 bytes to ecology
[dna] earth wrote 38 bytes to ecology
[dna] earth wrote 29 bytes to ecology
[dna] earth wrote 143 bytes to ecology
[dna] earth wrote 27 bytes to ecology
[dna] earth wrote 18 bytes to ecology
[dna] earth wrote 92 bytes to ecology
[dna] earth wrote 82 bytes to ecology
[dna] earth wrote 37 bytes to ecology
[debug-onto] tick=150 corpus=173643 stage=2 freeze=0
[dna] earth wrote 6 bytes to ecology
[dna] earth wrote 19 bytes to ecology
[dna] earth wrote 155 bytes to ecology
[dna] earth wrote 111 bytes to ecology
[dna] earth wrote 41 bytes to ecology
[dna] earth wrote 62 bytes to ecology
[dna] earth wrote 118 bytes to ecology
[dna] earth wrote 74 bytes to ecology
[dna] earth wrote 99 bytes to ecology
[dna] earth wrote 86 bytes to ecology
[dna] earth wrote 16 bytes to ecology
[dna] earth wrote 103 bytes to ecology
[dna] earth wrote 39 bytes to ecology
[dna] earth wrote 201 bytes to ecology
[dna] earth wrote 112 bytes to ecology
[dna] earth wrote 40 bytes to ecology
[dna] earth wrote 111 bytes to ecology
[debug-onto] tick=200 corpus=173643 stage=2 freeze=0
[dna] earth wrote 84 bytes to ecology
[dna] earth wrote 139 bytes to ecology
[dna] earth wrote 231 bytes to ecology
[dna] earth wrote 80 bytes to ecology
[dna] earth wrote 26 bytes to ecology
[dna] earth wrote 106 bytes to ecology
[dna] earth wrote 48 bytes to ecology
[dna] earth wrote 109 bytes to ecology
[dna] earth wrote 38 bytes to ecology
[dna] earth wrote 48 bytes to ecology
[dna] earth wrote 43 bytes to ecology
[dna] earth wrote 61 bytes to ecology
[dna] earth wrote 42 bytes to ecology
[dna] earth wrote 70 bytes to ecology
[dna] earth wrote 68 bytes to ecology
[dna] earth wrote 163 bytes to ecology
[dna] earth wrote 50 bytes to ecology
[debug-onto] tick=250 corpus=173643 stage=2 freeze=0
[dna] earth wrote 46 bytes to ecology
[dna] earth wrote 23 bytes to ecology
[dna] earth wrote 65 bytes to ecology
[dna] earth wrote 58 bytes to ecology
[dna] earth wrote 45 bytes to ecology
[dna] earth wrote 119 bytes to ecology
[dna] earth wrote 119 bytes to ecology
[dna] earth wrote 63 bytes to ecology
[dna] earth wrote 80 bytes to ecology
[dna] earth wrote 45 bytes to ecology
[dna] earth wrote 61 bytes to ecology
[dna] earth wrote 24 bytes to ecology
[dna] earth wrote 64 bytes to ecology
[dna] earth wrote 76 bytes to ecology
[dna] earth wrote 110 bytes to ecology
[dna] earth wrote 61 bytes to ecology
[debug-onto] tick=300 corpus=173643 stage=2 freeze=0
[dna] earth wrote 116 bytes to ecology
[dna] earth wrote 129 bytes to ecology
[dna] earth wrote 200 bytes to ecology
[dna] earth wrote 247 bytes to ecology
[dna] earth wrote 98 bytes to ecology
[dna] earth wrote 49 bytes to ecology
[dna] earth wrote 8 bytes to ecology
[dna] earth wrote 21 bytes to ecology
[dna] earth wrote 78 bytes to ecology
[dna] earth wrote 65 bytes to ecology
[dna] earth wrote 45 bytes to ecology
[dna] earth wrote 76 bytes to ecology
[dna] earth wrote 34 bytes to ecology
[dna] earth wrote 24 bytes to ecology
[dna] earth wrote 86 bytes to ecology
[dna] earth wrote 156 bytes to ecology
[dna] earth wrote 78 bytes to ecology
[debug-onto] tick=350 corpus=173643 stage=2 freeze=0
[dna] earth wrote 119 bytes to ecology
[dna] earth wrote 244 bytes to ecology
[dna] earth wrote 66 bytes to ecology
[dna] earth wrote 113 bytes to ecology
[dna] earth wrote 54 bytes to ecology
[dna] earth wrote 33 bytes to ecology
[dna] earth wrote 8 bytes to ecology
[dna] earth wrote 89 bytes to ecology
[dna] earth wrote 38 bytes to ecology
[dna] earth wrote 68 bytes to ecology
[dna] earth wrote 21 bytes to ecology
[dna] earth wrote 117 bytes to ecology
[dna] earth wrote 151 bytes to ecology
[dna] earth wrote 90 bytes to ecology
[dna] earth wrote 24 bytes to ecology
[dna] earth wrote 140 bytes to ecology
[dna] earth wrote 34 bytes to ecology
[debug-onto] tick=400 corpus=173643 stage=2 freeze=0
[dna] earth wrote 16 bytes to ecology
[dna] earth wrote 31 bytes to ecology
[dna] earth wrote 139 bytes to ecology
[dna] earth wrote 45 bytes to ecology
[dna] earth wrote 60 bytes to ecology
[dna] earth wrote 13 bytes to ecology
[dna] earth wrote 71 bytes to ecology
[dna] earth wrote 32 bytes to ecology
[dna] earth wrote 88 bytes to ecology
[dna] earth wrote 102 bytes to ecology
[dna] earth wrote 19 bytes to ecology
[dna] earth wrote 53 bytes to ecology
[dna] earth wrote 43 bytes to ecology
[dna] earth wrote 29 bytes to ecology
[dna] earth wrote 78 bytes to ecology
[dna] earth wrote 31 bytes to ecology
[debug-onto] tick=450 corpus=173643 stage=2 freeze=0
[dna] earth wrote 62 bytes to ecology
[dna] earth wrote 132 bytes to ecology
[dna] earth wrote 31 bytes to ecology
[dna] earth wrote 59 bytes to ecology
[dna] earth wrote 40 bytes to ecology
[dna] earth wrote 27 bytes to ecology
[dna] earth wrote 26 bytes to ecology
[dna] earth wrote 60 bytes to ecology
[dna] earth wrote 113 bytes to ecology
[dna] earth wrote 48 bytes to ecology
[dna] earth wrote 166 bytes to ecology
[dna] earth wrote 42 bytes to ecology
[dna] earth wrote 99 bytes to ecology
[dna] earth wrote 95 bytes to ecology
[dna] earth wrote 80 bytes to ecology
[dna] earth wrote 48 bytes to ecology
[dna] earth wrote 175 bytes to ecology
[debug-onto] tick=500 corpus=173643 stage=2 freeze=0
[dna] earth wrote 67 bytes to ecology
[dna] earth wrote 79 bytes to ecology
[dna] earth wrote 29 bytes to ecology
[dna] earth wrote 140 bytes to ecology
[dna] earth wrote 53 bytes to ecology
[dna] earth wrote 33 bytes to ecology
[dna] earth wrote 126 bytes to ecology
[dna] earth wrote 35 bytes to ecology
[dna] earth wrote 37 bytes to ecology
[dna] earth wrote 183 bytes to ecology
[dna] earth wrote 107 bytes to ecology
[dna] earth wrote 97 bytes to ecology
[dna] earth wrote 30 bytes to ecology
[dna] earth wrote 58 bytes to ecology
[dna] earth wrote 53 bytes to ecology
[dna] earth wrote 213 bytes to ecology
[dna] earth wrote 184 bytes to ecology
[debug-onto] tick=550 corpus=173643 stage=2 freeze=0
[dna] earth wrote 28 bytes to ecology
[dna] earth wrote 33 bytes to ecology
[dna] earth wrote 93 bytes to ecology
[dna] earth wrote 115 bytes to ecology
[dna] earth wrote 86 bytes to ecology
[dna] earth wrote 67 bytes to ecology
[dna] earth wrote 112 bytes to ecology
[dna] earth wrote 24 bytes to ecology
[dna] earth wrote 41 bytes to ecology
[dna] earth wrote 45 bytes to ecology
[dna] earth wrote 62 bytes to ecology
[dna] earth wrote 168 bytes to ecology
[dna] earth wrote 110 bytes to ecology
[dna] earth wrote 50 bytes to ecology
[dna] earth wrote 172 bytes to ecology
[dna] earth wrote 30 bytes to ecology
[debug-onto] tick=600 corpus=173643 stage=2 freeze=0
[dna] earth wrote 122 bytes to ecology
[dna] earth wrote 59 bytes to ecology
[dna] earth wrote 146 bytes to ecology
[dna] earth wrote 76 bytes to ecology
[dna] earth wrote 23 bytes to ecology
[dna] earth wrote 100 bytes to ecology
[dna] earth wrote 76 bytes to ecology
[dna] earth wrote 210 bytes to ecology
[dna] earth wrote 55 bytes to ecology
[dna] earth wrote 195 bytes to ecology
[dna] earth wrote 21 bytes to ecology
[dna] earth wrote 45 bytes to ecology
[dna] earth wrote 37 bytes to ecology
[dna] earth wrote 33 bytes to ecology
[dna] earth wrote 84 bytes to ecology
[dna] earth wrote 101 bytes to ecology
[dna] earth wrote 51 bytes to ecology
[debug-onto] tick=650 corpus=173643 stage=2 freeze=0
[dna] earth wrote 79 bytes to ecology
[dna] earth wrote 37 bytes to ecology
[dna] earth wrote 137 bytes to ecology
[dna] earth wrote 98 bytes to ecology
[dna] earth wrote 44 bytes to ecology
[dna] earth wrote 32 bytes to ecology

[evolution] Organism shutting down gracefully.
