[ecology] Element: water → corpus: nonames_water.txt
[evolution] Autonomous evolution mode — organism will grow through all stages without pause.
[ecology] Joined swarm. 1 peer(s) detected.
molequla is alive. [evolution] Autonomous mode — background trainer running. Ctrl+C to stop.
[dna] water wrote 40 bytes to ecology
[dna] water consumed 16926 bytes from 225 files: [air/gen_1776667248_1.txt air/gen_1776667264_4.txt air/gen_1776667272_7.txt air/gen_1776667279_10.txt air/gen_1776667287_13.txt air/gen_1776667294_16.txt air/gen_1776667302_19.txt air/gen_1776667309_22.txt air/gen_1776667317_25.txt air/gen_1776667324_28.txt air/gen_1776667340_34.txt air/gen_1776667348_37.txt air/gen_1776667355_40.txt air/gen_1776667363_43.txt air/gen_1776667371_46.txt air/gen_1776667378_49.txt air/gen_1776667386_52.txt air/gen_1776667393_55.txt air/gen_1776667401_58.txt air/gen_1776667408_61.txt air/gen_1776667416_64.txt air/gen_1776667423_67.txt air/gen_1776667431_70.txt air/gen_1776667438_73.txt air/gen_1776667446_76.txt air/gen_1776667454_79.txt air/gen_1776667462_82.txt air/gen_1776667470_85.txt air/gen_1776667478_88.txt air/gen_1776667486_91.txt air/gen_1776667495_94.txt air/gen_1776667503_97.txt air/gen_1776667511_100.txt air/gen_1776667519_103.txt air/gen_1776667527_106.txt air/gen_1776667535_109.txt air/gen_1776667543_112.txt air/gen_1776667551_115.txt air/gen_1776667558_118.txt air/gen_1776667566_121.txt air/gen_1776667574_124.txt air/gen_1776667582_127.txt air/gen_1776667590_130.txt air/gen_1776667598_133.txt air/gen_1776667606_136.txt air/gen_1776667614_139.txt air/gen_1776667623_142.txt air/gen_1776667631_145.txt air/gen_1776667639_148.txt air/gen_1776667647_151.txt air/gen_1776667655_154.txt air/gen_1776667663_157.txt air/gen_1776667671_160.txt air/gen_1776667679_163.txt air/gen_1776667687_166.txt air/gen_1776667695_169.txt air/gen_1776667703_172.txt air/gen_1776667711_175.txt air/gen_1776667719_178.txt air/gen_1776667728_181.txt air/gen_1776667736_184.txt air/gen_1776667744_187.txt air/gen_1776667752_190.txt air/gen_1776667760_193.txt air/gen_1776667769_196.txt air/gen_1776667777_199.txt air/gen_1776667785_202.txt air/gen_1776667793_205.txt air/gen_1776667801_208.txt air/gen_1776667809_211.txt air/gen_1776667817_214.txt air/gen_1776667824_217.txt air/gen_1776667832_220.txt air/gen_1776667839_223.txt air/gen_1776667847_226.txt air/gen_1776667855_229.txt air/gen_1776667863_232.txt air/gen_1776667870_235.txt air/gen_1776667878_238.txt air/gen_1776667885_241.txt air/gen_1776667893_244.txt air/gen_1776667901_247.txt air/gen_1776667908_250.txt air/gen_1776667916_253.txt air/gen_1776667923_256.txt air/gen_1776667931_259.txt air/gen_1776667938_262.txt air/gen_1776667946_265.txt air/gen_1776667954_268.txt air/gen_1776667961_271.txt air/gen_1776667969_274.txt air/gen_1776667977_277.txt air/gen_1776667984_280.txt air/gen_1776667992_283.txt air/gen_1776668000_286.txt air/gen_1776668008_289.txt air/gen_1776668016_292.txt air/gen_1776668024_295.txt air/gen_1776668031_298.txt air/gen_1776668039_301.txt air/gen_1776668047_304.txt air/gen_1776668055_307.txt air/gen_1776668063_310.txt air/gen_1776668071_313.txt air/gen_1776668079_316.txt air/gen_1776668087_319.txt air/gen_1776668095_322.txt air/gen_1776668103_325.txt air/gen_1776668111_328.txt air/gen_1776668119_331.txt air/gen_1776668127_334.txt air/gen_1776668135_337.txt air/gen_1776668143_340.txt air/gen_1776668151_343.txt air/gen_1776668159_346.txt air/gen_1776668167_349.txt air/gen_1776668175_352.txt air/gen_1776668183_355.txt air/gen_1776668191_358.txt air/gen_1776668199_361.txt air/gen_1776668207_364.txt air/gen_1776668214_367.txt air/gen_1776668222_370.txt air/gen_1776668230_373.txt air/gen_1776668238_376.txt air/gen_1776668246_379.txt air/gen_1776668254_382.txt air/gen_1776668262_385.txt air/gen_1776668270_388.txt air/gen_1776668278_391.txt air/gen_1776668285_394.txt air/gen_1776668293_397.txt air/gen_1776668301_400.txt air/gen_1776668309_403.txt air/gen_1776668317_406.txt air/gen_1776668325_409.txt air/gen_1776668333_412.txt air/gen_1776668341_415.txt air/gen_1776668349_418.txt air/gen_1776668357_421.txt air/gen_1776668365_424.txt air/gen_1776668373_427.txt air/gen_1776668381_430.txt air/gen_1776668389_433.txt air/gen_1776668397_436.txt air/gen_1776668405_439.txt air/gen_1776668413_442.txt air/gen_1776668421_445.txt air/gen_1776668429_448.txt air/gen_1776668437_451.txt air/gen_1776668445_454.txt air/gen_1776668453_457.txt air/gen_1776668461_460.txt air/gen_1776668469_463.txt air/gen_1776668477_466.txt air/gen_1776668485_469.txt air/gen_1776668494_472.txt air/gen_1776668502_475.txt air/gen_1776668510_478.txt air/gen_1776668518_481.txt air/gen_1776668527_484.txt air/gen_1776668535_487.txt air/gen_1776668543_490.txt air/gen_1776668551_493.txt air/gen_1776668559_496.txt air/gen_1776668567_499.txt air/gen_1776668575_502.txt air/gen_1776668584_505.txt air/gen_1776668592_508.txt air/gen_1776668600_511.txt air/gen_1776668608_514.txt air/gen_1776668616_517.txt air/gen_1776668624_520.txt air/gen_1776668633_523.txt air/gen_1776668649_529.txt air/gen_1776668658_532.txt air/gen_1776668666_535.txt air/gen_1776668674_538.txt air/gen_1776668682_541.txt air/gen_1776668690_544.txt air/gen_1776668698_547.txt air/gen_1776668706_550.txt air/gen_1776668714_553.txt air/gen_1776668721_556.txt air/gen_1776668729_559.txt air/gen_1776668737_562.txt air/gen_1776668745_565.txt air/gen_1776668752_568.txt air/gen_1776668760_571.txt air/gen_1776668768_574.txt air/gen_1776668776_577.txt air/gen_1776668784_580.txt air/gen_1776668791_583.txt air/gen_1776668799_586.txt air/gen_1776668807_589.txt air/gen_1776668815_592.txt air/gen_1776668822_595.txt air/gen_1776668830_598.txt air/gen_1776668838_601.txt air/gen_1776668845_604.txt air/gen_1776668853_607.txt air/gen_1776668861_610.txt air/gen_1776668869_613.txt air/gen_1776668877_616.txt air/gen_1776668884_619.txt air/gen_1776668892_622.txt air/gen_1776668900_625.txt air/gen_1776668908_628.txt air/gen_1776668916_631.txt air/gen_1776668924_634.txt air/gen_1776668931_637.txt air/gen_1776668939_640.txt air/gen_1776668947_643.txt air/gen_1776668955_646.txt air/gen_1776668963_649.txt air/gen_1776668970_652.txt air/gen_1776668978_655.txt air/gen_1776668986_658.txt air/gen_1776668994_661.txt air/gen_1776669002_664.txt air/gen_1776669010_667.txt air/gen_1776669018_670.txt air/gen_1776669026_673.txt air/gen_1776669034_676.txt air/gen_1776669042_679.txt]
[trainer] micro-train burst (16926 bytes, novelty 0.03) — and lo, it feeds again.
[syntropy] action=explore | trend=0.0000 | field_dev=-0.057 | purpose_align=-0.050 | lr_mul=1.30
[aml] burst complete: 32 steps, avg loss 1.5637 (memory freed)
[dna] water wrote 72 bytes to ecology
[dna] water wrote 27 bytes to ecology
[dna] water wrote 29 bytes to ecology
[dna] water wrote 31 bytes to ecology
[dna] water wrote 37 bytes to ecology
[dna] water wrote 35 bytes to ecology
[dna] water wrote 83 bytes to ecology
[dna] water wrote 76 bytes to ecology
[dna] water wrote 84 bytes to ecology
[dna] water wrote 53 bytes to ecology
[dna] water wrote 41 bytes to ecology
[dna] water wrote 101 bytes to ecology
[dna] water wrote 131 bytes to ecology
[dna] water wrote 48 bytes to ecology
[dna] water wrote 49 bytes to ecology
[dna] water wrote 53 bytes to ecology
[dna] water wrote 49 bytes to ecology
[dna] water wrote 172 bytes to ecology
[dna] water wrote 108 bytes to ecology
[dna] water wrote 45 bytes to ecology
[dna] water wrote 105 bytes to ecology
[dna] water wrote 18 bytes to ecology
[debug-onto] tick=50 corpus=142848 stage=2 freeze=0
[dna] water wrote 87 bytes to ecology
[dna] water wrote 80 bytes to ecology
[dna] water wrote 38 bytes to ecology
[dna] water wrote 153 bytes to ecology
[dna] water wrote 15 bytes to ecology
[dna] water wrote 40 bytes to ecology
[dna] water wrote 149 bytes to ecology
[dna] water wrote 35 bytes to ecology
[dna] water wrote 46 bytes to ecology
[dna] water wrote 43 bytes to ecology
[dna] water wrote 31 bytes to ecology
[dna] water wrote 35 bytes to ecology
[dna] water wrote 76 bytes to ecology
[dna] water wrote 31 bytes to ecology
[dna] water wrote 44 bytes to ecology
[dna] water wrote 59 bytes to ecology
[dna] water wrote 67 bytes to ecology
[dna] water wrote 42 bytes to ecology
[dna] water wrote 116 bytes to ecology
[dna] water wrote 20 bytes to ecology
[dna] water wrote 75 bytes to ecology
[dna] water wrote 68 bytes to ecology
[dna] water wrote 73 bytes to ecology
[dna] water wrote 25 bytes to ecology
[debug-onto] tick=100 corpus=142848 stage=2 freeze=0
[dna] water wrote 36 bytes to ecology
[dna] water wrote 42 bytes to ecology
[dna] water wrote 70 bytes to ecology
[dna] water wrote 70 bytes to ecology
[dna] water wrote 97 bytes to ecology
[dna] water wrote 108 bytes to ecology
[dna] water wrote 40 bytes to ecology
[dna] water wrote 58 bytes to ecology
[dna] water wrote 21 bytes to ecology
[dna] water wrote 80 bytes to ecology
[dna] water wrote 35 bytes to ecology
[dna] water wrote 60 bytes to ecology
[dna] water wrote 43 bytes to ecology
[dna] water wrote 28 bytes to ecology
[dna] water wrote 103 bytes to ecology
[dna] water wrote 38 bytes to ecology
[dna] water wrote 83 bytes to ecology
[dna] water wrote 35 bytes to ecology
[dna] water wrote 62 bytes to ecology
[dna] water wrote 41 bytes to ecology
[dna] water wrote 19 bytes to ecology
[dna] water wrote 70 bytes to ecology
[debug-onto] tick=150 corpus=142848 stage=2 freeze=0
[dna] water wrote 30 bytes to ecology
[dna] water wrote 100 bytes to ecology
[dna] water wrote 37 bytes to ecology
[dna] water wrote 37 bytes to ecology
[dna] water wrote 26 bytes to ecology
[dna] water wrote 54 bytes to ecology
[dna] water wrote 48 bytes to ecology
[dna] water wrote 40 bytes to ecology
[dna] water wrote 44 bytes to ecology
[dna] water wrote 78 bytes to ecology
[dna] water wrote 127 bytes to ecology
[dna] water wrote 63 bytes to ecology
[dna] water wrote 8 bytes to ecology
[dna] water wrote 44 bytes to ecology
[dna] water wrote 99 bytes to ecology
[dna] water wrote 33 bytes to ecology
[dna] water wrote 45 bytes to ecology
[dna] water wrote 40 bytes to ecology
[dna] water wrote 151 bytes to ecology
[dna] water wrote 66 bytes to ecology
[dna] water wrote 62 bytes to ecology
[dna] water wrote 25 bytes to ecology
[debug-onto] tick=200 corpus=142848 stage=2 freeze=0
[dna] water wrote 10 bytes to ecology
[dna] water wrote 78 bytes to ecology
[dna] water wrote 114 bytes to ecology
[dna] water wrote 33 bytes to ecology
[dna] water wrote 64 bytes to ecology
[dna] water wrote 50 bytes to ecology
[dna] water wrote 160 bytes to ecology
[dna] water wrote 37 bytes to ecology
[dna] water wrote 71 bytes to ecology
[dna] water wrote 79 bytes to ecology
[dna] water wrote 39 bytes to ecology
[dna] water wrote 25 bytes to ecology
[dna] water wrote 112 bytes to ecology
[dna] water wrote 9 bytes to ecology
[dna] water wrote 38 bytes to ecology
[dna] water wrote 52 bytes to ecology
[dna] water wrote 46 bytes to ecology
[dna] water wrote 38 bytes to ecology
[dna] water wrote 45 bytes to ecology
[dna] water wrote 111 bytes to ecology
[debug-onto] tick=250 corpus=142848 stage=2 freeze=0
[dna] water wrote 190 bytes to ecology
[dna] water wrote 204 bytes to ecology
[dna] water wrote 48 bytes to ecology
[dna] water wrote 59 bytes to ecology
[dna] water wrote 44 bytes to ecology
[dna] water wrote 41 bytes to ecology
[dna] water wrote 27 bytes to ecology
[dna] water wrote 34 bytes to ecology
[dna] water wrote 26 bytes to ecology
[dna] water wrote 80 bytes to ecology
[dna] water wrote 16 bytes to ecology
[dna] water wrote 62 bytes to ecology
[dna] water wrote 10 bytes to ecology
[dna] water wrote 46 bytes to ecology
[dna] water wrote 74 bytes to ecology
[dna] water wrote 27 bytes to ecology
[dna] water wrote 125 bytes to ecology
[dna] water wrote 29 bytes to ecology
[dna] water wrote 82 bytes to ecology
[dna] water wrote 86 bytes to ecology
[dna] water wrote 63 bytes to ecology
[debug-onto] tick=300 corpus=142848 stage=2 freeze=0
[dna] water wrote 34 bytes to ecology
[dna] water wrote 50 bytes to ecology
[dna] water wrote 22 bytes to ecology
[dna] water wrote 37 bytes to ecology
[dna] water wrote 16 bytes to ecology
[dna] water wrote 25 bytes to ecology
[dna] water wrote 37 bytes to ecology
[dna] water wrote 22 bytes to ecology
[dna] water wrote 9 bytes to ecology
[dna] water wrote 16 bytes to ecology
[dna] water wrote 94 bytes to ecology
[dna] water wrote 48 bytes to ecology
[dna] water wrote 36 bytes to ecology
[dna] water wrote 24 bytes to ecology
[dna] water wrote 61 bytes to ecology
[dna] water wrote 55 bytes to ecology
[dna] water wrote 47 bytes to ecology
[dna] water wrote 42 bytes to ecology
[dna] water wrote 29 bytes to ecology
[dna] water wrote 27 bytes to ecology
[dna] water wrote 61 bytes to ecology
[debug-onto] tick=350 corpus=142848 stage=2 freeze=0
[dna] water wrote 13 bytes to ecology
[dna] water wrote 41 bytes to ecology
[dna] water wrote 50 bytes to ecology
[dna] water wrote 11 bytes to ecology
[dna] water wrote 31 bytes to ecology
[dna] water wrote 101 bytes to ecology
[dna] water wrote 158 bytes to ecology
[dna] water wrote 59 bytes to ecology
[dna] water wrote 119 bytes to ecology
[dna] water wrote 97 bytes to ecology
[dna] water wrote 22 bytes to ecology
[dna] water wrote 126 bytes to ecology
[dna] water wrote 14 bytes to ecology
[dna] water wrote 133 bytes to ecology
[dna] water wrote 106 bytes to ecology
[dna] water wrote 15 bytes to ecology
[dna] water wrote 81 bytes to ecology
[dna] water wrote 70 bytes to ecology
[dna] water wrote 48 bytes to ecology
[dna] water wrote 32 bytes to ecology
[dna] water wrote 44 bytes to ecology
[dna] water wrote 37 bytes to ecology
[dna] water wrote 69 bytes to ecology
[dna] water wrote 42 bytes to ecology
[dna] water wrote 29 bytes to ecology
[debug-onto] tick=400 corpus=142848 stage=2 freeze=0
[dna] water wrote 22 bytes to ecology
[dna] water wrote 47 bytes to ecology
[dna] water wrote 27 bytes to ecology
[dna] water wrote 57 bytes to ecology
[dna] water wrote 56 bytes to ecology
[dna] water wrote 92 bytes to ecology
[dna] water wrote 40 bytes to ecology
[dna] water wrote 18 bytes to ecology
[dna] water wrote 97 bytes to ecology
[dna] water wrote 29 bytes to ecology
[dna] water wrote 30 bytes to ecology
[dna] water wrote 105 bytes to ecology
[dna] water wrote 53 bytes to ecology
[dna] water wrote 21 bytes to ecology
[dna] water wrote 190 bytes to ecology
[dna] water wrote 93 bytes to ecology
[dna] water wrote 64 bytes to ecology
[dna] water wrote 31 bytes to ecology
[dna] water wrote 97 bytes to ecology
[dna] water wrote 207 bytes to ecology
[dna] water wrote 56 bytes to ecology
[dna] water wrote 55 bytes to ecology
[debug-onto] tick=450 corpus=142848 stage=2 freeze=0
[dna] water wrote 49 bytes to ecology
[dna] water wrote 27 bytes to ecology
[dna] water wrote 58 bytes to ecology
[dna] water wrote 40 bytes to ecology
[dna] water wrote 27 bytes to ecology
[dna] water wrote 33 bytes to ecology
[dna] water wrote 29 bytes to ecology
[dna] water wrote 20 bytes to ecology
[dna] water wrote 46 bytes to ecology
[dna] water wrote 189 bytes to ecology
[dna] water wrote 167 bytes to ecology
[dna] water wrote 104 bytes to ecology
[dna] water wrote 71 bytes to ecology
[dna] water wrote 18 bytes to ecology
[dna] water wrote 58 bytes to ecology
[dna] water wrote 164 bytes to ecology
[dna] water wrote 103 bytes to ecology
[dna] water wrote 169 bytes to ecology
[dna] water wrote 78 bytes to ecology
[dna] water wrote 62 bytes to ecology
[dna] water wrote 98 bytes to ecology
[debug-onto] tick=500 corpus=142848 stage=2 freeze=0
[dna] water wrote 14 bytes to ecology
[dna] water wrote 42 bytes to ecology
[dna] water wrote 9 bytes to ecology
[dna] water wrote 88 bytes to ecology
[dna] water wrote 32 bytes to ecology
[dna] water wrote 36 bytes to ecology
[dna] water wrote 15 bytes to ecology
[dna] water wrote 11 bytes to ecology
[dna] water wrote 66 bytes to ecology
[dna] water wrote 19 bytes to ecology
[dna] water wrote 43 bytes to ecology
[dna] water wrote 49 bytes to ecology
[dna] water wrote 84 bytes to ecology
[dna] water wrote 41 bytes to ecology
[dna] water wrote 17 bytes to ecology
[dna] water wrote 143 bytes to ecology
[dna] water wrote 120 bytes to ecology
[dna] water wrote 21 bytes to ecology
[dna] water wrote 54 bytes to ecology
[dna] water wrote 64 bytes to ecology
[dna] water wrote 14 bytes to ecology
[dna] water wrote 71 bytes to ecology
[debug-onto] tick=550 corpus=142848 stage=2 freeze=0
[dna] water wrote 108 bytes to ecology
[dna] water wrote 53 bytes to ecology
[dna] water wrote 57 bytes to ecology
[dna] water wrote 44 bytes to ecology
[dna] water wrote 139 bytes to ecology
[dna] water wrote 23 bytes to ecology
[dna] water wrote 58 bytes to ecology
[dna] water wrote 89 bytes to ecology
[dna] water wrote 45 bytes to ecology
[dna] water wrote 37 bytes to ecology
[dna] water wrote 29 bytes to ecology
[dna] water wrote 53 bytes to ecology
[dna] water wrote 36 bytes to ecology
[dna] water wrote 22 bytes to ecology
[dna] water wrote 26 bytes to ecology
[dna] water wrote 48 bytes to ecology
[dna] water wrote 52 bytes to ecology
[dna] water wrote 9 bytes to ecology
[dna] water wrote 78 bytes to ecology
[dna] water wrote 36 bytes to ecology
[debug-onto] tick=600 corpus=142848 stage=2 freeze=0
[dna] water wrote 107 bytes to ecology
[dna] water wrote 60 bytes to ecology
[dna] water wrote 33 bytes to ecology
[dna] water wrote 48 bytes to ecology
[dna] water wrote 27 bytes to ecology

[evolution] Organism shutting down gracefully.
