[ecology] Element: air → corpus: nonames_air.txt
[evolution] Autonomous evolution mode — organism will grow through all stages without pause.
[ecology] Joined swarm. 1 peer(s) detected.
molequla is alive. [evolution] Autonomous mode — background trainer running. Ctrl+C to stop.
[dna] air wrote 66 bytes to ecology
[dna] air consumed 18786 bytes from 217 files: [earth/gen_1776146272_1.txt earth/gen_1776146281_4.txt earth/gen_1776146289_7.txt earth/gen_1776146298_10.txt earth/gen_1776146306_13.txt earth/gen_1776146314_16.txt earth/gen_1776146322_19.txt earth/gen_1776146330_22.txt earth/gen_1776146339_25.txt earth/gen_1776146347_28.txt earth/gen_1776146355_31.txt earth/gen_1776146363_34.txt earth/gen_1776146371_37.txt earth/gen_1776146379_40.txt earth/gen_1776146387_43.txt earth/gen_1776146395_46.txt earth/gen_1776146403_49.txt earth/gen_1776146411_52.txt earth/gen_1776146419_55.txt earth/gen_1776146427_58.txt earth/gen_1776146435_61.txt earth/gen_1776146443_64.txt earth/gen_1776146452_67.txt earth/gen_1776146460_70.txt earth/gen_1776146468_73.txt earth/gen_1776146476_76.txt earth/gen_1776146484_79.txt earth/gen_1776146492_82.txt earth/gen_1776146500_85.txt earth/gen_1776146508_88.txt earth/gen_1776146517_91.txt earth/gen_1776146525_94.txt earth/gen_1776146533_97.txt earth/gen_1776146541_100.txt earth/gen_1776146549_103.txt earth/gen_1776146558_106.txt earth/gen_1776146566_109.txt earth/gen_1776146574_112.txt earth/gen_1776146582_115.txt earth/gen_1776146590_118.txt earth/gen_1776146598_121.txt earth/gen_1776146607_124.txt earth/gen_1776146615_127.txt earth/gen_1776146623_130.txt earth/gen_1776146631_133.txt earth/gen_1776146639_136.txt earth/gen_1776146647_139.txt earth/gen_1776146655_142.txt earth/gen_1776146663_145.txt earth/gen_1776146672_148.txt earth/gen_1776146680_151.txt earth/gen_1776146688_154.txt earth/gen_1776146696_157.txt earth/gen_1776146704_160.txt earth/gen_1776146712_163.txt earth/gen_1776146721_166.txt earth/gen_1776146729_169.txt earth/gen_1776146738_172.txt earth/gen_1776146746_175.txt earth/gen_1776146754_178.txt earth/gen_1776146762_181.txt earth/gen_1776146771_184.txt earth/gen_1776146779_187.txt earth/gen_1776146787_190.txt earth/gen_1776146796_193.txt earth/gen_1776146804_196.txt earth/gen_1776146813_199.txt earth/gen_1776146821_202.txt earth/gen_1776146829_205.txt earth/gen_1776146837_208.txt earth/gen_1776146845_211.txt earth/gen_1776146853_214.txt earth/gen_1776146861_217.txt earth/gen_1776146869_220.txt earth/gen_1776146878_223.txt earth/gen_1776146886_226.txt earth/gen_1776146894_229.txt earth/gen_1776146902_232.txt earth/gen_1776146910_235.txt earth/gen_1776146918_238.txt earth/gen_1776146927_241.txt earth/gen_1776146935_244.txt earth/gen_1776146943_247.txt earth/gen_1776146951_250.txt earth/gen_1776146959_253.txt earth/gen_1776146968_256.txt earth/gen_1776146976_259.txt earth/gen_1776146984_262.txt earth/gen_1776146992_265.txt earth/gen_1776147000_268.txt earth/gen_1776147008_271.txt earth/gen_1776147016_274.txt earth/gen_1776147024_277.txt earth/gen_1776147032_280.txt earth/gen_1776147040_283.txt earth/gen_1776147048_286.txt earth/gen_1776147056_289.txt earth/gen_1776147064_292.txt earth/gen_1776147072_295.txt earth/gen_1776147080_298.txt earth/gen_1776147088_301.txt earth/gen_1776147096_304.txt earth/gen_1776147104_307.txt earth/gen_1776147112_310.txt earth/gen_1776147121_313.txt earth/gen_1776147129_316.txt earth/gen_1776147137_319.txt earth/gen_1776147146_322.txt earth/gen_1776147154_325.txt earth/gen_1776147163_328.txt earth/gen_1776147171_331.txt earth/gen_1776147180_334.txt earth/gen_1776147188_337.txt earth/gen_1776147196_340.txt earth/gen_1776147204_343.txt earth/gen_1776147212_346.txt earth/gen_1776147220_349.txt earth/gen_1776147228_352.txt earth/gen_1776147236_355.txt earth/gen_1776147244_358.txt earth/gen_1776147252_361.txt earth/gen_1776147260_364.txt earth/gen_1776147269_367.txt earth/gen_1776147277_370.txt earth/gen_1776147285_373.txt earth/gen_1776147293_376.txt earth/gen_1776147301_379.txt earth/gen_1776147309_382.txt earth/gen_1776147318_385.txt earth/gen_1776147326_388.txt earth/gen_1776147334_391.txt earth/gen_1776147342_394.txt earth/gen_1776147350_397.txt earth/gen_1776147359_400.txt earth/gen_1776147367_403.txt earth/gen_1776147376_406.txt earth/gen_1776147384_409.txt earth/gen_1776147392_412.txt earth/gen_1776147401_415.txt earth/gen_1776147409_418.txt earth/gen_1776147417_421.txt earth/gen_1776147426_424.txt earth/gen_1776147434_427.txt earth/gen_1776147442_430.txt earth/gen_1776147450_433.txt earth/gen_1776147459_436.txt earth/gen_1776147467_439.txt earth/gen_1776147475_442.txt earth/gen_1776147483_445.txt earth/gen_1776147491_448.txt earth/gen_1776147499_451.txt earth/gen_1776147507_454.txt earth/gen_1776147515_457.txt earth/gen_1776147524_460.txt earth/gen_1776147532_463.txt earth/gen_1776147540_466.txt earth/gen_1776147548_469.txt earth/gen_1776147556_472.txt earth/gen_1776147564_475.txt earth/gen_1776147572_478.txt earth/gen_1776147581_481.txt earth/gen_1776147589_484.txt earth/gen_1776147597_487.txt earth/gen_1776147605_490.txt earth/gen_1776147613_493.txt earth/gen_1776147621_496.txt earth/gen_1776147629_499.txt earth/gen_1776147636_502.txt earth/gen_1776147645_505.txt earth/gen_1776147653_508.txt earth/gen_1776147661_511.txt earth/gen_1776147669_514.txt earth/gen_1776147678_517.txt earth/gen_1776147686_520.txt earth/gen_1776147694_523.txt earth/gen_1776147702_526.txt earth/gen_1776147711_529.txt earth/gen_1776147719_532.txt earth/gen_1776147727_535.txt earth/gen_1776147735_538.txt earth/gen_1776147743_541.txt earth/gen_1776147751_544.txt earth/gen_1776147759_547.txt earth/gen_1776147767_550.txt earth/gen_1776147776_553.txt earth/gen_1776147784_556.txt earth/gen_1776147792_559.txt earth/gen_1776147801_562.txt earth/gen_1776147809_565.txt earth/gen_1776147817_568.txt earth/gen_1776147825_571.txt earth/gen_1776147833_574.txt earth/gen_1776147842_577.txt earth/gen_1776147850_580.txt earth/gen_1776147858_583.txt earth/gen_1776147866_586.txt earth/gen_1776147874_589.txt earth/gen_1776147882_592.txt earth/gen_1776147890_595.txt earth/gen_1776147898_598.txt earth/gen_1776147906_601.txt earth/gen_1776147914_604.txt earth/gen_1776147922_607.txt earth/gen_1776147930_610.txt earth/gen_1776147938_613.txt earth/gen_1776147946_616.txt earth/gen_1776147954_619.txt earth/gen_1776147963_622.txt earth/gen_1776147971_625.txt earth/gen_1776147979_628.txt earth/gen_1776147987_631.txt earth/gen_1776147996_634.txt earth/gen_1776148004_637.txt earth/gen_1776148012_640.txt earth/gen_1776148021_643.txt earth/gen_1776148029_646.txt earth/gen_1776148037_649.txt]
[trainer] micro-train burst (18786 bytes, novelty 0.04) — and lo, it feeds again.
[syntropy] action=steady | trend=0.0000 | field_dev=0.102 | purpose_align=0.025 | lr_mul=1.00
[aml] burst complete: 32 steps, avg loss 2.4285 (memory freed)
[dna] air wrote 28 bytes to ecology
[dna] air wrote 87 bytes to ecology
[dna] air wrote 53 bytes to ecology
[dna] air wrote 95 bytes to ecology
[dna] air wrote 149 bytes to ecology
[dna] air wrote 25 bytes to ecology
[dna] air wrote 80 bytes to ecology
[dna] air wrote 87 bytes to ecology
[dna] air wrote 112 bytes to ecology
[dna] air wrote 42 bytes to ecology
[dna] air wrote 65 bytes to ecology
[dna] air wrote 79 bytes to ecology
[dna] air wrote 34 bytes to ecology
[dna] air wrote 40 bytes to ecology
[dna] air wrote 33 bytes to ecology
[dna] air wrote 86 bytes to ecology
[debug-onto] tick=50 corpus=141319 stage=2 freeze=0
[dna] air wrote 25 bytes to ecology
[dna] air wrote 83 bytes to ecology
[dna] air wrote 71 bytes to ecology
[dna] air wrote 95 bytes to ecology
[dna] air wrote 67 bytes to ecology
[dna] air wrote 300 bytes to ecology
[dna] air wrote 143 bytes to ecology
[dna] air wrote 66 bytes to ecology
[dna] air wrote 30 bytes to ecology
[dna] air wrote 24 bytes to ecology
[dna] air wrote 40 bytes to ecology
[dna] air wrote 106 bytes to ecology
[dna] air wrote 11 bytes to ecology
[dna] air wrote 189 bytes to ecology
[dna] air wrote 45 bytes to ecology
[dna] air wrote 72 bytes to ecology
[dna] air wrote 65 bytes to ecology
[debug-onto] tick=100 corpus=141319 stage=2 freeze=0
[dna] air wrote 86 bytes to ecology
[dna] air wrote 134 bytes to ecology
[dna] air wrote 33 bytes to ecology
[dna] air wrote 49 bytes to ecology
[dna] air wrote 64 bytes to ecology
[dna] air wrote 132 bytes to ecology
[dna] air wrote 66 bytes to ecology
[dna] air wrote 184 bytes to ecology
[dna] air wrote 327 bytes to ecology
[dna] air wrote 50 bytes to ecology
[dna] air wrote 30 bytes to ecology
[dna] air wrote 39 bytes to ecology
[dna] air wrote 78 bytes to ecology
[dna] air wrote 41 bytes to ecology
[dna] air wrote 93 bytes to ecology
[dna] air wrote 60 bytes to ecology
[debug-onto] tick=150 corpus=141319 stage=2 freeze=0
[dna] air wrote 100 bytes to ecology
[dna] air wrote 47 bytes to ecology
[dna] air wrote 128 bytes to ecology
[dna] air wrote 56 bytes to ecology
[dna] air wrote 73 bytes to ecology
[dna] air wrote 55 bytes to ecology
[dna] air wrote 87 bytes to ecology
[dna] air wrote 57 bytes to ecology
[dna] air wrote 90 bytes to ecology
[dna] air wrote 34 bytes to ecology
[dna] air wrote 61 bytes to ecology
[dna] air wrote 37 bytes to ecology
[dna] air wrote 71 bytes to ecology
[dna] air wrote 39 bytes to ecology
[dna] air wrote 176 bytes to ecology
[dna] air wrote 43 bytes to ecology
[dna] air wrote 231 bytes to ecology
[debug-onto] tick=200 corpus=141319 stage=2 freeze=0
[dna] air wrote 36 bytes to ecology
[dna] air wrote 41 bytes to ecology
[dna] air wrote 39 bytes to ecology
[dna] air wrote 60 bytes to ecology
[dna] air wrote 21 bytes to ecology
[dna] air wrote 95 bytes to ecology
[dna] air wrote 93 bytes to ecology
[dna] air wrote 84 bytes to ecology
[dna] air wrote 133 bytes to ecology
[dna] air wrote 110 bytes to ecology
[dna] air wrote 158 bytes to ecology
[dna] air wrote 28 bytes to ecology
[dna] air wrote 236 bytes to ecology
[dna] air wrote 71 bytes to ecology
[dna] air wrote 107 bytes to ecology
[dna] air wrote 92 bytes to ecology
[dna] air wrote 32 bytes to ecology
[debug-onto] tick=250 corpus=141319 stage=2 freeze=0
[dna] air wrote 60 bytes to ecology
[dna] air wrote 49 bytes to ecology
[dna] air wrote 100 bytes to ecology
[dna] air wrote 81 bytes to ecology
[dna] air wrote 92 bytes to ecology
[dna] air wrote 101 bytes to ecology
[dna] air wrote 106 bytes to ecology
[dna] air wrote 159 bytes to ecology
[dna] air wrote 72 bytes to ecology
[dna] air wrote 67 bytes to ecology
[dna] air wrote 119 bytes to ecology
[dna] air wrote 90 bytes to ecology
[dna] air wrote 75 bytes to ecology
[dna] air wrote 126 bytes to ecology
[dna] air wrote 46 bytes to ecology
[dna] air wrote 63 bytes to ecology
[debug-onto] tick=300 corpus=141319 stage=2 freeze=0
[dna] air wrote 48 bytes to ecology
[dna] air wrote 26 bytes to ecology
[dna] air wrote 18 bytes to ecology
[dna] air wrote 21 bytes to ecology
[dna] air wrote 221 bytes to ecology
[dna] air wrote 10 bytes to ecology
[dna] air wrote 46 bytes to ecology
[dna] air wrote 90 bytes to ecology
[dna] air wrote 151 bytes to ecology
[dna] air wrote 102 bytes to ecology
[dna] air wrote 105 bytes to ecology
[dna] air wrote 50 bytes to ecology
[dna] air wrote 76 bytes to ecology
[dna] air wrote 28 bytes to ecology
[dna] air wrote 119 bytes to ecology
[dna] air wrote 97 bytes to ecology
[dna] air wrote 127 bytes to ecology
[debug-onto] tick=350 corpus=141319 stage=2 freeze=0
[dna] air wrote 99 bytes to ecology
[dna] air wrote 38 bytes to ecology
[dna] air wrote 121 bytes to ecology
[dna] air wrote 104 bytes to ecology
[dna] air wrote 80 bytes to ecology
[dna] air wrote 29 bytes to ecology
[dna] air wrote 82 bytes to ecology
[dna] air wrote 58 bytes to ecology
[dna] air wrote 168 bytes to ecology
[dna] air wrote 94 bytes to ecology
[dna] air wrote 56 bytes to ecology
[dna] air wrote 51 bytes to ecology
[dna] air wrote 58 bytes to ecology
[dna] air wrote 92 bytes to ecology
[dna] air wrote 124 bytes to ecology
[dna] air wrote 196 bytes to ecology
[dna] air wrote 48 bytes to ecology
[debug-onto] tick=400 corpus=141319 stage=2 freeze=0
[dna] air wrote 121 bytes to ecology
[dna] air wrote 30 bytes to ecology
[dna] air wrote 50 bytes to ecology
[dna] air wrote 135 bytes to ecology
[dna] air wrote 94 bytes to ecology
[dna] air wrote 272 bytes to ecology
[dna] air wrote 75 bytes to ecology
[dna] air wrote 32 bytes to ecology
[dna] air wrote 48 bytes to ecology
[dna] air wrote 50 bytes to ecology
[dna] air wrote 30 bytes to ecology
[dna] air wrote 31 bytes to ecology
[dna] air wrote 69 bytes to ecology
[dna] air wrote 94 bytes to ecology
[dna] air wrote 47 bytes to ecology
[dna] air wrote 80 bytes to ecology
[debug-onto] tick=450 corpus=141319 stage=2 freeze=0
[dna] air wrote 36 bytes to ecology
[dna] air wrote 117 bytes to ecology
[dna] air wrote 123 bytes to ecology
[dna] air wrote 20 bytes to ecology
[dna] air wrote 39 bytes to ecology
[dna] air wrote 70 bytes to ecology
[dna] air wrote 43 bytes to ecology
[dna] air wrote 99 bytes to ecology
[dna] air wrote 51 bytes to ecology
[dna] air wrote 83 bytes to ecology
[dna] air wrote 31 bytes to ecology
[dna] air wrote 41 bytes to ecology
[dna] air wrote 73 bytes to ecology
[dna] air wrote 58 bytes to ecology
[dna] air wrote 85 bytes to ecology
[dna] air wrote 66 bytes to ecology
[dna] air wrote 50 bytes to ecology
[debug-onto] tick=500 corpus=141319 stage=2 freeze=0
[dna] air wrote 162 bytes to ecology
[dna] air wrote 102 bytes to ecology
[dna] air wrote 152 bytes to ecology
[dna] air wrote 179 bytes to ecology
[dna] air wrote 63 bytes to ecology
[dna] air wrote 39 bytes to ecology
[dna] air wrote 12 bytes to ecology
[dna] air wrote 22 bytes to ecology
[dna] air wrote 108 bytes to ecology
[dna] air wrote 13 bytes to ecology
[dna] air wrote 226 bytes to ecology
[dna] air wrote 53 bytes to ecology
[dna] air wrote 75 bytes to ecology
[dna] air wrote 34 bytes to ecology
[dna] air wrote 87 bytes to ecology
[dna] air wrote 7 bytes to ecology
[dna] air wrote 46 bytes to ecology
[debug-onto] tick=550 corpus=141319 stage=2 freeze=0
[dna] air wrote 97 bytes to ecology
[dna] air wrote 198 bytes to ecology
[dna] air wrote 40 bytes to ecology
[dna] air wrote 91 bytes to ecology
[dna] air wrote 35 bytes to ecology
[dna] air wrote 176 bytes to ecology
[dna] air wrote 61 bytes to ecology
[dna] air wrote 155 bytes to ecology
[dna] air wrote 33 bytes to ecology
[dna] air wrote 165 bytes to ecology
[dna] air wrote 111 bytes to ecology
[dna] air wrote 226 bytes to ecology
[dna] air wrote 63 bytes to ecology
[dna] air wrote 34 bytes to ecology
[dna] air wrote 57 bytes to ecology
[dna] air wrote 33 bytes to ecology
[debug-onto] tick=600 corpus=141319 stage=2 freeze=0
[dna] air wrote 84 bytes to ecology
[dna] air wrote 52 bytes to ecology
[dna] air wrote 106 bytes to ecology
[dna] air wrote 95 bytes to ecology
[dna] air wrote 101 bytes to ecology
[dna] air wrote 111 bytes to ecology
[dna] air wrote 62 bytes to ecology
[dna] air wrote 45 bytes to ecology
[dna] air wrote 156 bytes to ecology
[dna] air wrote 60 bytes to ecology
[dna] air wrote 98 bytes to ecology
[dna] air wrote 90 bytes to ecology
[dna] air wrote 51 bytes to ecology
[dna] air wrote 63 bytes to ecology
[dna] air wrote 60 bytes to ecology
[dna] air wrote 60 bytes to ecology
[dna] air wrote 64 bytes to ecology
[debug-onto] tick=650 corpus=141319 stage=2 freeze=0
[dna] air wrote 81 bytes to ecology
[dna] air wrote 33 bytes to ecology
[dna] air wrote 59 bytes to ecology
[dna] air wrote 67 bytes to ecology

[evolution] Organism shutting down gracefully.
