[ecology] Element: fire → corpus: nonames_fire.txt
[evolution] Autonomous evolution mode — organism will grow through all stages without pause.
[ecology] Joined swarm. 1 peer(s) detected.
molequla is alive. [evolution] Autonomous mode — background trainer running. Ctrl+C to stop.
[dna] fire wrote 98 bytes to ecology
[dna] fire consumed 16135 bytes from 214 files: [water/gen_1776149844_1.txt water/gen_1776149861_4.txt water/gen_1776149870_7.txt water/gen_1776149879_10.txt water/gen_1776149888_13.txt water/gen_1776149897_16.txt water/gen_1776149906_19.txt water/gen_1776149915_22.txt water/gen_1776149924_25.txt water/gen_1776149933_28.txt water/gen_1776149942_31.txt water/gen_1776149950_34.txt water/gen_1776149959_37.txt water/gen_1776149968_40.txt water/gen_1776149977_43.txt water/gen_1776149980_44.txt water/gen_1776149986_46.txt water/gen_1776149995_49.txt water/gen_1776150004_52.txt water/gen_1776150013_55.txt water/gen_1776150016_56.txt water/gen_1776150022_58.txt water/gen_1776150031_61.txt water/gen_1776150040_64.txt water/gen_1776150048_67.txt water/gen_1776150057_70.txt water/gen_1776150066_73.txt water/gen_1776150075_76.txt water/gen_1776150083_79.txt water/gen_1776150092_82.txt water/gen_1776150101_85.txt water/gen_1776150110_88.txt water/gen_1776150119_91.txt water/gen_1776150128_94.txt water/gen_1776150137_97.txt water/gen_1776150146_100.txt water/gen_1776150154_103.txt water/gen_1776150157_104.txt water/gen_1776150163_106.txt water/gen_1776150172_109.txt water/gen_1776150181_112.txt water/gen_1776150190_115.txt water/gen_1776150199_118.txt water/gen_1776150208_121.txt water/gen_1776150211_122.txt water/gen_1776150217_124.txt water/gen_1776150225_127.txt water/gen_1776150234_130.txt water/gen_1776150243_133.txt water/gen_1776150252_136.txt water/gen_1776150260_139.txt water/gen_1776150269_142.txt water/gen_1776150278_145.txt water/gen_1776150281_146.txt water/gen_1776150287_148.txt water/gen_1776150296_151.txt water/gen_1776150305_154.txt water/gen_1776150314_157.txt water/gen_1776150323_160.txt water/gen_1776150332_163.txt water/gen_1776150340_166.txt water/gen_1776150349_169.txt water/gen_1776150352_170.txt water/gen_1776150358_172.txt water/gen_1776150366_175.txt water/gen_1776150375_178.txt water/gen_1776150384_181.txt water/gen_1776150393_184.txt water/gen_1776150402_187.txt water/gen_1776150410_190.txt water/gen_1776150419_193.txt water/gen_1776150428_196.txt water/gen_1776150437_199.txt water/gen_1776150446_202.txt water/gen_1776150455_205.txt water/gen_1776150464_208.txt water/gen_1776150473_211.txt water/gen_1776150482_214.txt water/gen_1776150490_217.txt water/gen_1776150499_220.txt water/gen_1776150508_223.txt water/gen_1776150511_224.txt water/gen_1776150516_226.txt water/gen_1776150525_229.txt water/gen_1776150533_232.txt water/gen_1776150542_235.txt water/gen_1776150551_238.txt water/gen_1776150560_241.txt water/gen_1776150568_244.txt water/gen_1776150577_247.txt water/gen_1776150586_250.txt water/gen_1776150595_253.txt water/gen_1776150603_256.txt water/gen_1776150612_259.txt water/gen_1776150620_262.txt water/gen_1776150629_265.txt water/gen_1776150638_268.txt water/gen_1776150646_271.txt water/gen_1776150655_274.txt water/gen_1776150663_277.txt water/gen_1776150672_280.txt water/gen_1776150681_283.txt water/gen_1776150689_286.txt water/gen_1776150698_289.txt water/gen_1776150707_292.txt water/gen_1776150716_295.txt water/gen_1776150725_298.txt water/gen_1776150733_301.txt water/gen_1776150742_304.txt water/gen_1776150751_307.txt water/gen_1776150759_310.txt water/gen_1776150768_313.txt water/gen_1776150776_316.txt water/gen_1776150785_319.txt water/gen_1776150794_322.txt water/gen_1776150802_325.txt water/gen_1776150811_328.txt water/gen_1776150820_331.txt water/gen_1776150829_334.txt water/gen_1776150837_337.txt water/gen_1776150846_340.txt water/gen_1776150855_343.txt water/gen_1776150863_346.txt water/gen_1776150872_349.txt water/gen_1776150881_352.txt water/gen_1776150889_355.txt water/gen_1776150898_358.txt water/gen_1776150907_361.txt water/gen_1776150915_364.txt water/gen_1776150924_367.txt water/gen_1776150933_370.txt water/gen_1776150941_373.txt water/gen_1776150950_376.txt water/gen_1776150959_379.txt water/gen_1776150968_382.txt water/gen_1776150976_385.txt water/gen_1776150985_388.txt water/gen_1776150994_391.txt water/gen_1776151002_394.txt water/gen_1776151011_397.txt water/gen_1776151014_398.txt water/gen_1776151019_400.txt water/gen_1776151028_403.txt water/gen_1776151037_406.txt water/gen_1776151046_409.txt water/gen_1776151055_412.txt water/gen_1776151064_415.txt water/gen_1776151073_418.txt water/gen_1776151081_421.txt water/gen_1776151090_424.txt water/gen_1776151098_427.txt water/gen_1776151107_430.txt water/gen_1776151116_433.txt water/gen_1776151125_436.txt water/gen_1776151134_439.txt water/gen_1776151143_442.txt water/gen_1776151152_445.txt water/gen_1776151160_448.txt water/gen_1776151169_451.txt water/gen_1776151177_454.txt water/gen_1776151186_457.txt water/gen_1776151195_460.txt water/gen_1776151203_463.txt water/gen_1776151212_466.txt water/gen_1776151221_469.txt water/gen_1776151230_472.txt water/gen_1776151239_475.txt water/gen_1776151247_478.txt water/gen_1776151256_481.txt water/gen_1776151264_484.txt water/gen_1776151273_487.txt water/gen_1776151282_490.txt water/gen_1776151290_493.txt water/gen_1776151299_496.txt water/gen_1776151308_499.txt water/gen_1776151317_502.txt water/gen_1776151325_505.txt water/gen_1776151334_508.txt water/gen_1776151343_511.txt water/gen_1776151352_514.txt water/gen_1776151361_517.txt water/gen_1776151369_520.txt water/gen_1776151378_523.txt water/gen_1776151387_526.txt water/gen_1776151396_529.txt water/gen_1776151404_532.txt water/gen_1776151413_535.txt water/gen_1776151422_538.txt water/gen_1776151431_541.txt water/gen_1776151434_542.txt water/gen_1776151440_544.txt water/gen_1776151448_547.txt water/gen_1776151457_550.txt water/gen_1776151466_553.txt water/gen_1776151475_556.txt water/gen_1776151483_559.txt water/gen_1776151492_562.txt water/gen_1776151501_565.txt water/gen_1776151510_568.txt water/gen_1776151518_571.txt water/gen_1776151527_574.txt water/gen_1776151536_577.txt water/gen_1776151545_580.txt water/gen_1776151554_583.txt water/gen_1776151562_586.txt water/gen_1776151571_589.txt water/gen_1776151574_590.txt water/gen_1776151580_592.txt water/gen_1776151589_595.txt water/gen_1776151598_598.txt water/gen_1776151606_601.txt water/gen_1776151615_604.txt water/gen_1776151624_607.txt water/gen_1776151633_610.txt]
[trainer] micro-train burst (16135 bytes, novelty 0.04) — and lo, it feeds again.
[syntropy] action=explore | trend=0.0000 | field_dev=0.100 | purpose_align=-0.036 | lr_mul=1.30
[aml] burst complete: 32 steps, avg loss 1.6263 (memory freed)
[dna] fire wrote 53 bytes to ecology
[dna] fire wrote 43 bytes to ecology
[dna] fire wrote 78 bytes to ecology
[dna] fire wrote 57 bytes to ecology
[dna] fire wrote 34 bytes to ecology
[dna] fire wrote 133 bytes to ecology
[dna] fire wrote 157 bytes to ecology
[dna] fire wrote 110 bytes to ecology
[dna] fire wrote 53 bytes to ecology
[dna] fire wrote 23 bytes to ecology
[dna] fire wrote 106 bytes to ecology
[dna] fire wrote 52 bytes to ecology
[dna] fire wrote 226 bytes to ecology
[dna] fire wrote 204 bytes to ecology
[dna] fire wrote 22 bytes to ecology
[dna] fire wrote 70 bytes to ecology
[debug-onto] tick=50 corpus=138249 stage=2 freeze=0
[dna] fire wrote 32 bytes to ecology
[dna] fire wrote 40 bytes to ecology
[dna] fire wrote 69 bytes to ecology
[dna] fire wrote 50 bytes to ecology
[dna] fire wrote 137 bytes to ecology
[dna] fire wrote 166 bytes to ecology
[dna] fire wrote 57 bytes to ecology
[dna] fire wrote 46 bytes to ecology
[dna] fire wrote 118 bytes to ecology
[dna] fire wrote 87 bytes to ecology
[dna] fire wrote 39 bytes to ecology
[dna] fire wrote 160 bytes to ecology
[dna] fire wrote 55 bytes to ecology
[dna] fire wrote 22 bytes to ecology
[dna] fire wrote 31 bytes to ecology
[dna] fire wrote 27 bytes to ecology
[dna] fire wrote 92 bytes to ecology
[dna] fire wrote 158 bytes to ecology
[dna] fire wrote 8 bytes to ecology
[dna] fire wrote 149 bytes to ecology
[debug-onto] tick=100 corpus=138249 stage=2 freeze=0
[dna] fire wrote 110 bytes to ecology
[dna] fire wrote 39 bytes to ecology
[dna] fire wrote 32 bytes to ecology
[dna] fire wrote 49 bytes to ecology
[dna] fire wrote 61 bytes to ecology
[dna] fire wrote 75 bytes to ecology
[dna] fire wrote 19 bytes to ecology
[dna] fire wrote 45 bytes to ecology
[dna] fire wrote 310 bytes to ecology
[dna] fire wrote 21 bytes to ecology
[dna] fire wrote 36 bytes to ecology
[dna] fire wrote 25 bytes to ecology
[dna] fire wrote 65 bytes to ecology
[dna] fire wrote 109 bytes to ecology
[dna] fire wrote 66 bytes to ecology
[dna] fire wrote 207 bytes to ecology
[dna] fire wrote 32 bytes to ecology
[debug-onto] tick=150 corpus=138249 stage=2 freeze=0
[dna] fire wrote 102 bytes to ecology
[dna] fire wrote 9 bytes to ecology
[dna] fire wrote 60 bytes to ecology
[dna] fire wrote 64 bytes to ecology
[dna] fire wrote 99 bytes to ecology
[dna] fire wrote 123 bytes to ecology
[dna] fire wrote 25 bytes to ecology
[dna] fire wrote 28 bytes to ecology
[dna] fire wrote 28 bytes to ecology
[dna] fire wrote 67 bytes to ecology
[dna] fire wrote 32 bytes to ecology
[dna] fire wrote 88 bytes to ecology
[dna] fire wrote 126 bytes to ecology
[dna] fire wrote 102 bytes to ecology
[dna] fire wrote 20 bytes to ecology
[dna] fire wrote 10 bytes to ecology
[dna] fire wrote 40 bytes to ecology
[dna] fire wrote 49 bytes to ecology
[dna] fire wrote 31 bytes to ecology
[debug-onto] tick=200 corpus=138249 stage=2 freeze=0
[dna] fire wrote 48 bytes to ecology
[dna] fire wrote 65 bytes to ecology
[dna] fire wrote 59 bytes to ecology
[dna] fire wrote 180 bytes to ecology
[dna] fire wrote 56 bytes to ecology
[dna] fire wrote 33 bytes to ecology
[dna] fire wrote 125 bytes to ecology
[dna] fire wrote 100 bytes to ecology
[dna] fire wrote 81 bytes to ecology
[dna] fire wrote 52 bytes to ecology
[dna] fire wrote 22 bytes to ecology
[dna] fire wrote 30 bytes to ecology
[dna] fire wrote 44 bytes to ecology
[dna] fire wrote 43 bytes to ecology
[dna] fire wrote 37 bytes to ecology
[dna] fire wrote 89 bytes to ecology
[dna] fire wrote 61 bytes to ecology
[debug-onto] tick=250 corpus=138249 stage=2 freeze=0
[dna] fire wrote 57 bytes to ecology
[dna] fire wrote 62 bytes to ecology
[dna] fire wrote 35 bytes to ecology
[dna] fire wrote 20 bytes to ecology
[dna] fire wrote 31 bytes to ecology
[dna] fire wrote 24 bytes to ecology
[dna] fire wrote 40 bytes to ecology
[dna] fire wrote 35 bytes to ecology
[dna] fire wrote 23 bytes to ecology
[dna] fire wrote 32 bytes to ecology
[dna] fire wrote 29 bytes to ecology
[dna] fire wrote 77 bytes to ecology
[dna] fire wrote 42 bytes to ecology
[dna] fire wrote 33 bytes to ecology
[dna] fire wrote 19 bytes to ecology
[dna] fire wrote 107 bytes to ecology
[dna] fire wrote 98 bytes to ecology
[dna] fire wrote 112 bytes to ecology
[dna] fire wrote 17 bytes to ecology
[dna] fire wrote 74 bytes to ecology
[debug-onto] tick=300 corpus=138249 stage=2 freeze=0
[dna] fire wrote 90 bytes to ecology
[dna] fire wrote 13 bytes to ecology
[dna] fire wrote 87 bytes to ecology
[dna] fire wrote 59 bytes to ecology
[dna] fire wrote 72 bytes to ecology
[dna] fire wrote 97 bytes to ecology
[dna] fire wrote 27 bytes to ecology
[dna] fire wrote 51 bytes to ecology
[dna] fire wrote 12 bytes to ecology
[dna] fire wrote 98 bytes to ecology
[dna] fire wrote 57 bytes to ecology
[dna] fire wrote 29 bytes to ecology
[dna] fire wrote 144 bytes to ecology
[dna] fire wrote 133 bytes to ecology
[dna] fire wrote 80 bytes to ecology
[dna] fire wrote 70 bytes to ecology
[dna] fire wrote 26 bytes to ecology
[dna] fire wrote 38 bytes to ecology
[dna] fire wrote 40 bytes to ecology
[dna] fire wrote 8 bytes to ecology
[debug-onto] tick=350 corpus=138249 stage=2 freeze=0
[dna] fire wrote 41 bytes to ecology
[dna] fire wrote 42 bytes to ecology
[dna] fire wrote 34 bytes to ecology
[dna] fire wrote 21 bytes to ecology
[dna] fire wrote 11 bytes to ecology
[dna] fire wrote 121 bytes to ecology
[dna] fire wrote 43 bytes to ecology
[dna] fire wrote 39 bytes to ecology
[dna] fire wrote 35 bytes to ecology
[dna] fire wrote 113 bytes to ecology
[dna] fire wrote 224 bytes to ecology
[dna] fire wrote 73 bytes to ecology
[dna] fire wrote 24 bytes to ecology
[dna] fire wrote 123 bytes to ecology
[dna] fire wrote 68 bytes to ecology
[dna] fire wrote 21 bytes to ecology
[dna] fire wrote 45 bytes to ecology
[dna] fire wrote 77 bytes to ecology
[dna] fire wrote 129 bytes to ecology
[dna] fire wrote 106 bytes to ecology
[debug-onto] tick=400 corpus=138249 stage=2 freeze=0
[dna] fire wrote 75 bytes to ecology
[dna] fire wrote 27 bytes to ecology
[dna] fire wrote 83 bytes to ecology
[dna] fire wrote 91 bytes to ecology
[dna] fire wrote 67 bytes to ecology
[dna] fire wrote 16 bytes to ecology
[dna] fire wrote 40 bytes to ecology
[dna] fire wrote 81 bytes to ecology
[dna] fire wrote 70 bytes to ecology
[dna] fire wrote 44 bytes to ecology
[dna] fire wrote 63 bytes to ecology
[dna] fire wrote 46 bytes to ecology
[dna] fire wrote 55 bytes to ecology
[dna] fire wrote 74 bytes to ecology
[dna] fire wrote 92 bytes to ecology
[dna] fire wrote 83 bytes to ecology
[dna] fire wrote 68 bytes to ecology
[dna] fire wrote 84 bytes to ecology
[dna] fire wrote 46 bytes to ecology
[dna] fire wrote 48 bytes to ecology
[debug-onto] tick=450 corpus=138249 stage=2 freeze=0
[dna] fire wrote 221 bytes to ecology
[dna] fire wrote 15 bytes to ecology
[dna] fire wrote 48 bytes to ecology
[dna] fire wrote 50 bytes to ecology
[dna] fire wrote 64 bytes to ecology
[dna] fire wrote 125 bytes to ecology
[dna] fire wrote 65 bytes to ecology
[dna] fire wrote 95 bytes to ecology
[dna] fire wrote 171 bytes to ecology
[dna] fire wrote 73 bytes to ecology
[dna] fire wrote 16 bytes to ecology
[dna] fire wrote 50 bytes to ecology
[dna] fire wrote 23 bytes to ecology
[dna] fire wrote 108 bytes to ecology
[dna] fire wrote 77 bytes to ecology
[dna] fire wrote 26 bytes to ecology
[dna] fire wrote 22 bytes to ecology
[dna] fire wrote 38 bytes to ecology
[dna] fire wrote 32 bytes to ecology
[debug-onto] tick=500 corpus=138249 stage=2 freeze=0
[dna] fire wrote 29 bytes to ecology
[dna] fire wrote 47 bytes to ecology
[dna] fire wrote 247 bytes to ecology
[dna] fire wrote 62 bytes to ecology
[dna] fire wrote 73 bytes to ecology
[dna] fire wrote 43 bytes to ecology
[dna] fire wrote 128 bytes to ecology
[dna] fire wrote 52 bytes to ecology
[dna] fire wrote 39 bytes to ecology
[dna] fire wrote 145 bytes to ecology
[dna] fire wrote 21 bytes to ecology
[dna] fire wrote 55 bytes to ecology
[dna] fire wrote 34 bytes to ecology
[dna] fire wrote 69 bytes to ecology
[dna] fire wrote 54 bytes to ecology
[dna] fire wrote 21 bytes to ecology
[dna] fire wrote 65 bytes to ecology
[dna] fire wrote 9 bytes to ecology
[debug-onto] tick=550 corpus=138249 stage=2 freeze=0
[dna] fire wrote 31 bytes to ecology
[dna] fire wrote 38 bytes to ecology
[dna] fire wrote 18 bytes to ecology
[dna] fire wrote 40 bytes to ecology
[dna] fire wrote 51 bytes to ecology
[dna] fire wrote 77 bytes to ecology
[dna] fire wrote 36 bytes to ecology
[dna] fire wrote 28 bytes to ecology
[dna] fire wrote 100 bytes to ecology
[dna] fire wrote 156 bytes to ecology
[dna] fire wrote 29 bytes to ecology
[dna] fire wrote 37 bytes to ecology
[dna] fire wrote 77 bytes to ecology
[dna] fire wrote 57 bytes to ecology
[dna] fire wrote 55 bytes to ecology
[dna] fire wrote 21 bytes to ecology
[dna] fire wrote 48 bytes to ecology
[dna] fire wrote 26 bytes to ecology
[debug-onto] tick=600 corpus=138249 stage=2 freeze=0
[dna] fire wrote 216 bytes to ecology
[dna] fire wrote 24 bytes to ecology
[dna] fire wrote 80 bytes to ecology
[dna] fire wrote 40 bytes to ecology
[dna] fire wrote 195 bytes to ecology
[dna] fire wrote 38 bytes to ecology
[dna] fire wrote 57 bytes to ecology
[dna] fire wrote 45 bytes to ecology
[dna] fire wrote 39 bytes to ecology
[dna] fire wrote 94 bytes to ecology
[dna] fire wrote 73 bytes to ecology
[dna] fire wrote 10 bytes to ecology
[dna] fire wrote 25 bytes to ecology
[dna] fire wrote 98 bytes to ecology
[dna] fire wrote 103 bytes to ecology
[dna] fire wrote 149 bytes to ecology
[dna] fire wrote 69 bytes to ecology
[dna] fire wrote 41 bytes to ecology
[dna] fire wrote 32 bytes to ecology
[dna] fire wrote 8 bytes to ecology
[debug-onto] tick=650 corpus=138249 stage=2 freeze=0
[dna] fire wrote 24 bytes to ecology
[dna] fire wrote 7 bytes to ecology
[dna] fire wrote 36 bytes to ecology

[evolution] Organism shutting down gracefully.
