[ecology] Element: water → corpus: nonames_water.txt
[evolution] Autonomous evolution mode — organism will grow through all stages without pause.
[ecology] Joined swarm. 1 peer(s) detected.
molequla is alive. [evolution] Autonomous mode — background trainer running. Ctrl+C to stop.
[dna] water wrote 57 bytes to ecology
[dna] water consumed 18015 bytes from 221 files: [air/gen_1776148044_1.txt air/gen_1776148060_4.txt air/gen_1776148068_7.txt air/gen_1776148077_10.txt air/gen_1776148085_13.txt air/gen_1776148094_16.txt air/gen_1776148102_19.txt air/gen_1776148111_22.txt air/gen_1776148119_25.txt air/gen_1776148128_28.txt air/gen_1776148136_31.txt air/gen_1776148145_34.txt air/gen_1776148153_37.txt air/gen_1776148162_40.txt air/gen_1776148170_43.txt air/gen_1776148178_46.txt air/gen_1776148187_49.txt air/gen_1776148196_52.txt air/gen_1776148204_55.txt air/gen_1776148213_58.txt air/gen_1776148221_61.txt air/gen_1776148230_64.txt air/gen_1776148238_67.txt air/gen_1776148246_70.txt air/gen_1776148255_73.txt air/gen_1776148263_76.txt air/gen_1776148271_79.txt air/gen_1776148279_82.txt air/gen_1776148288_85.txt air/gen_1776148296_88.txt air/gen_1776148304_91.txt air/gen_1776148312_94.txt air/gen_1776148320_97.txt air/gen_1776148329_100.txt air/gen_1776148337_103.txt air/gen_1776148345_106.txt air/gen_1776148353_109.txt air/gen_1776148362_112.txt air/gen_1776148370_115.txt air/gen_1776148378_118.txt air/gen_1776148386_121.txt air/gen_1776148394_124.txt air/gen_1776148402_127.txt air/gen_1776148410_130.txt air/gen_1776148418_133.txt air/gen_1776148426_136.txt air/gen_1776148434_139.txt air/gen_1776148442_142.txt air/gen_1776148450_145.txt air/gen_1776148458_148.txt air/gen_1776148466_151.txt air/gen_1776148474_154.txt air/gen_1776148482_157.txt air/gen_1776148490_160.txt air/gen_1776148498_163.txt air/gen_1776148506_166.txt air/gen_1776148514_169.txt air/gen_1776148521_172.txt air/gen_1776148530_175.txt air/gen_1776148538_178.txt air/gen_1776148546_181.txt air/gen_1776148554_184.txt air/gen_1776148562_187.txt air/gen_1776148570_190.txt air/gen_1776148578_193.txt air/gen_1776148586_196.txt air/gen_1776148594_199.txt air/gen_1776148603_202.txt air/gen_1776148611_205.txt air/gen_1776148619_208.txt air/gen_1776148627_211.txt air/gen_1776148635_214.txt air/gen_1776148643_217.txt air/gen_1776148651_220.txt air/gen_1776148659_223.txt air/gen_1776148667_226.txt air/gen_1776148675_229.txt air/gen_1776148683_232.txt air/gen_1776148691_235.txt air/gen_1776148698_238.txt air/gen_1776148706_241.txt air/gen_1776148714_244.txt air/gen_1776148722_247.txt air/gen_1776148730_250.txt air/gen_1776148738_253.txt air/gen_1776148747_256.txt air/gen_1776148755_259.txt air/gen_1776148763_262.txt air/gen_1776148771_265.txt air/gen_1776148779_268.txt air/gen_1776148788_271.txt air/gen_1776148796_274.txt air/gen_1776148804_277.txt air/gen_1776148811_280.txt air/gen_1776148819_283.txt air/gen_1776148828_286.txt air/gen_1776148836_289.txt air/gen_1776148844_292.txt air/gen_1776148852_295.txt air/gen_1776148860_298.txt air/gen_1776148868_301.txt air/gen_1776148875_304.txt air/gen_1776148883_307.txt air/gen_1776148891_310.txt air/gen_1776148900_313.txt air/gen_1776148908_316.txt air/gen_1776148916_319.txt air/gen_1776148924_322.txt air/gen_1776148932_325.txt air/gen_1776148940_328.txt air/gen_1776148948_331.txt air/gen_1776148956_334.txt air/gen_1776148964_337.txt air/gen_1776148972_340.txt air/gen_1776148979_343.txt air/gen_1776148987_346.txt air/gen_1776148995_349.txt air/gen_1776149003_352.txt air/gen_1776149011_355.txt air/gen_1776149019_358.txt air/gen_1776149028_361.txt air/gen_1776149035_364.txt air/gen_1776149043_367.txt air/gen_1776149051_370.txt air/gen_1776149059_373.txt air/gen_1776149068_376.txt air/gen_1776149075_379.txt air/gen_1776149083_382.txt air/gen_1776149092_385.txt air/gen_1776149100_388.txt air/gen_1776149108_391.txt air/gen_1776149116_394.txt air/gen_1776149124_397.txt air/gen_1776149132_400.txt air/gen_1776149140_403.txt air/gen_1776149148_406.txt air/gen_1776149157_409.txt air/gen_1776149165_412.txt air/gen_1776149173_415.txt air/gen_1776149181_418.txt air/gen_1776149189_421.txt air/gen_1776149197_424.txt air/gen_1776149205_427.txt air/gen_1776149213_430.txt air/gen_1776149221_433.txt air/gen_1776149229_436.txt air/gen_1776149237_439.txt air/gen_1776149245_442.txt air/gen_1776149253_445.txt air/gen_1776149261_448.txt air/gen_1776149269_451.txt air/gen_1776149277_454.txt air/gen_1776149285_457.txt air/gen_1776149293_460.txt air/gen_1776149301_463.txt air/gen_1776149309_466.txt air/gen_1776149317_469.txt air/gen_1776149325_472.txt air/gen_1776149333_475.txt air/gen_1776149342_478.txt air/gen_1776149350_481.txt air/gen_1776149358_484.txt air/gen_1776149366_487.txt air/gen_1776149374_490.txt air/gen_1776149382_493.txt air/gen_1776149390_496.txt air/gen_1776149398_499.txt air/gen_1776149406_502.txt air/gen_1776149415_505.txt air/gen_1776149423_508.txt air/gen_1776149431_511.txt air/gen_1776149439_514.txt air/gen_1776149447_517.txt air/gen_1776149455_520.txt air/gen_1776149463_523.txt air/gen_1776149471_526.txt air/gen_1776149479_529.txt air/gen_1776149487_532.txt air/gen_1776149494_535.txt air/gen_1776149502_538.txt air/gen_1776149511_541.txt air/gen_1776149519_544.txt air/gen_1776149527_547.txt air/gen_1776149534_550.txt air/gen_1776149542_553.txt air/gen_1776149550_556.txt air/gen_1776149558_559.txt air/gen_1776149566_562.txt air/gen_1776149574_565.txt air/gen_1776149582_568.txt air/gen_1776149590_571.txt air/gen_1776149598_574.txt air/gen_1776149606_577.txt air/gen_1776149614_580.txt air/gen_1776149622_583.txt air/gen_1776149630_586.txt air/gen_1776149638_589.txt air/gen_1776149646_592.txt air/gen_1776149654_595.txt air/gen_1776149662_598.txt air/gen_1776149671_601.txt air/gen_1776149679_604.txt air/gen_1776149687_607.txt air/gen_1776149695_610.txt air/gen_1776149703_613.txt air/gen_1776149711_616.txt air/gen_1776149719_619.txt air/gen_1776149727_622.txt air/gen_1776149735_625.txt air/gen_1776149743_628.txt air/gen_1776149751_631.txt air/gen_1776149760_634.txt air/gen_1776149768_637.txt air/gen_1776149775_640.txt air/gen_1776149783_643.txt air/gen_1776149791_646.txt air/gen_1776149799_649.txt air/gen_1776149807_652.txt air/gen_1776149816_655.txt air/gen_1776149824_658.txt air/gen_1776149832_661.txt]
[trainer] micro-train burst (18015 bytes, novelty 0.03) — and lo, it feeds again.
[syntropy] action=explore | trend=0.0000 | field_dev=-0.047 | purpose_align=0.082 | lr_mul=1.30
[aml] burst complete: 32 steps, avg loss 1.6461 (memory freed)
[trainer] growing new delta module (total: 2) — new soul appended.
[dna] water wrote 75 bytes to ecology
[dna] water wrote 82 bytes to ecology
[dna] water wrote 134 bytes to ecology
[dna] water wrote 52 bytes to ecology
[dna] water wrote 37 bytes to ecology
[dna] water wrote 89 bytes to ecology
[dna] water wrote 112 bytes to ecology
[dna] water wrote 49 bytes to ecology
[dna] water wrote 58 bytes to ecology
[dna] water wrote 27 bytes to ecology
[dna] water wrote 32 bytes to ecology
[dna] water wrote 38 bytes to ecology
[dna] water wrote 91 bytes to ecology
[dna] water wrote 79 bytes to ecology
[dna] water wrote 69 bytes to ecology
[dna] water wrote 58 bytes to ecology
[dna] water wrote 37 bytes to ecology
[debug-onto] tick=50 corpus=143933 stage=2 freeze=0
[dna] water wrote 39 bytes to ecology
[dna] water wrote 61 bytes to ecology
[dna] water wrote 116 bytes to ecology
[dna] water wrote 76 bytes to ecology
[dna] water wrote 84 bytes to ecology
[dna] water wrote 106 bytes to ecology
[dna] water wrote 203 bytes to ecology
[dna] water wrote 14 bytes to ecology
[dna] water wrote 52 bytes to ecology
[dna] water wrote 139 bytes to ecology
[dna] water wrote 209 bytes to ecology
[dna] water wrote 123 bytes to ecology
[dna] water wrote 49 bytes to ecology
[dna] water wrote 58 bytes to ecology
[dna] water wrote 16 bytes to ecology
[dna] water wrote 49 bytes to ecology
[dna] water wrote 110 bytes to ecology
[dna] water wrote 125 bytes to ecology
[debug-onto] tick=100 corpus=143933 stage=2 freeze=0
[dna] water wrote 43 bytes to ecology
[dna] water wrote 15 bytes to ecology
[dna] water wrote 96 bytes to ecology
[dna] water wrote 68 bytes to ecology
[dna] water wrote 103 bytes to ecology
[dna] water wrote 43 bytes to ecology
[dna] water wrote 126 bytes to ecology
[dna] water wrote 54 bytes to ecology
[dna] water wrote 102 bytes to ecology
[dna] water wrote 213 bytes to ecology
[dna] water wrote 50 bytes to ecology
[dna] water wrote 55 bytes to ecology
[dna] water wrote 110 bytes to ecology
[dna] water wrote 67 bytes to ecology
[dna] water wrote 42 bytes to ecology
[dna] water wrote 92 bytes to ecology
[dna] water wrote 40 bytes to ecology
[dna] water wrote 119 bytes to ecology
[dna] water wrote 68 bytes to ecology
[debug-onto] tick=150 corpus=143933 stage=2 freeze=0
[dna] water wrote 52 bytes to ecology
[dna] water wrote 137 bytes to ecology
[dna] water wrote 54 bytes to ecology
[dna] water wrote 146 bytes to ecology
[dna] water wrote 86 bytes to ecology
[dna] water wrote 67 bytes to ecology
[dna] water wrote 22 bytes to ecology
[dna] water wrote 82 bytes to ecology
[dna] water wrote 89 bytes to ecology
[dna] water wrote 58 bytes to ecology
[dna] water wrote 42 bytes to ecology
[dna] water wrote 128 bytes to ecology
[dna] water wrote 43 bytes to ecology
[dna] water wrote 19 bytes to ecology
[dna] water wrote 32 bytes to ecology
[dna] water wrote 57 bytes to ecology
[dna] water wrote 85 bytes to ecology
[dna] water wrote 218 bytes to ecology
[debug-onto] tick=200 corpus=143933 stage=2 freeze=0
[dna] water wrote 148 bytes to ecology
[dna] water wrote 35 bytes to ecology
[dna] water wrote 63 bytes to ecology
[dna] water wrote 110 bytes to ecology
[dna] water wrote 67 bytes to ecology
[dna] water wrote 36 bytes to ecology
[dna] water wrote 29 bytes to ecology
[dna] water wrote 95 bytes to ecology
[dna] water wrote 72 bytes to ecology
[dna] water wrote 73 bytes to ecology
[dna] water wrote 48 bytes to ecology
[dna] water wrote 10 bytes to ecology
[dna] water wrote 92 bytes to ecology
[dna] water wrote 77 bytes to ecology
[dna] water wrote 37 bytes to ecology
[dna] water wrote 14 bytes to ecology
[dna] water wrote 35 bytes to ecology
[dna] water wrote 55 bytes to ecology
[debug-onto] tick=250 corpus=143933 stage=2 freeze=0
[dna] water wrote 33 bytes to ecology
[dna] water wrote 91 bytes to ecology
[dna] water wrote 63 bytes to ecology
[dna] water wrote 65 bytes to ecology
[dna] water wrote 9 bytes to ecology
[dna] water wrote 43 bytes to ecology
[dna] water wrote 190 bytes to ecology
[dna] water wrote 82 bytes to ecology
[dna] water wrote 66 bytes to ecology
[dna] water wrote 152 bytes to ecology
[dna] water wrote 125 bytes to ecology
[dna] water wrote 166 bytes to ecology
[dna] water wrote 51 bytes to ecology
[dna] water wrote 84 bytes to ecology
[dna] water wrote 50 bytes to ecology
[dna] water wrote 95 bytes to ecology
[debug-onto] tick=300 corpus=143933 stage=2 freeze=0
[dna] water wrote 36 bytes to ecology
[dna] water wrote 48 bytes to ecology
[dna] water wrote 49 bytes to ecology
[dna] water wrote 63 bytes to ecology
[dna] water wrote 103 bytes to ecology
[dna] water wrote 69 bytes to ecology
[dna] water wrote 100 bytes to ecology
[dna] water wrote 56 bytes to ecology
[dna] water wrote 74 bytes to ecology
[dna] water wrote 36 bytes to ecology
[dna] water wrote 57 bytes to ecology
[dna] water wrote 17 bytes to ecology
[dna] water wrote 47 bytes to ecology
[dna] water wrote 50 bytes to ecology
[dna] water wrote 30 bytes to ecology
[dna] water wrote 36 bytes to ecology
[dna] water wrote 58 bytes to ecology
[debug-onto] tick=350 corpus=143933 stage=2 freeze=0
[dna] water wrote 97 bytes to ecology
[dna] water wrote 170 bytes to ecology
[dna] water wrote 18 bytes to ecology
[dna] water wrote 89 bytes to ecology
[dna] water wrote 29 bytes to ecology
[dna] water wrote 51 bytes to ecology
[dna] water wrote 54 bytes to ecology
[dna] water wrote 214 bytes to ecology
[dna] water wrote 25 bytes to ecology
[dna] water wrote 25 bytes to ecology
[dna] water wrote 31 bytes to ecology
[dna] water wrote 38 bytes to ecology
[dna] water wrote 104 bytes to ecology
[dna] water wrote 110 bytes to ecology
[dna] water wrote 11 bytes to ecology
[dna] water wrote 79 bytes to ecology
[dna] water wrote 55 bytes to ecology
[dna] water wrote 100 bytes to ecology
[debug-onto] tick=400 corpus=143933 stage=2 freeze=0
[dna] water wrote 167 bytes to ecology
[dna] water wrote 91 bytes to ecology
[dna] water wrote 31 bytes to ecology
[dna] water wrote 60 bytes to ecology
[dna] water wrote 30 bytes to ecology
[dna] water wrote 102 bytes to ecology
[dna] water wrote 41 bytes to ecology
[dna] water wrote 56 bytes to ecology
[dna] water wrote 104 bytes to ecology
[dna] water wrote 44 bytes to ecology
[dna] water wrote 68 bytes to ecology
[dna] water wrote 96 bytes to ecology
[dna] water wrote 104 bytes to ecology
[dna] water wrote 39 bytes to ecology
[dna] water wrote 37 bytes to ecology
[dna] water wrote 21 bytes to ecology
[debug-onto] tick=450 corpus=143933 stage=2 freeze=0
[dna] water wrote 76 bytes to ecology
[dna] water wrote 45 bytes to ecology
[dna] water wrote 98 bytes to ecology
[dna] water wrote 62 bytes to ecology
[dna] water wrote 66 bytes to ecology
[dna] water wrote 62 bytes to ecology
[dna] water wrote 33 bytes to ecology
[dna] water wrote 16 bytes to ecology
[dna] water wrote 158 bytes to ecology
[dna] water wrote 171 bytes to ecology
[dna] water wrote 104 bytes to ecology
[dna] water wrote 88 bytes to ecology
[dna] water wrote 61 bytes to ecology
[dna] water wrote 26 bytes to ecology
[dna] water wrote 29 bytes to ecology
[dna] water wrote 38 bytes to ecology
[dna] water wrote 60 bytes to ecology
[debug-onto] tick=500 corpus=143933 stage=2 freeze=0
[dna] water wrote 59 bytes to ecology
[dna] water wrote 37 bytes to ecology
[dna] water wrote 139 bytes to ecology
[dna] water wrote 35 bytes to ecology
[dna] water wrote 29 bytes to ecology
[dna] water wrote 65 bytes to ecology
[dna] water wrote 100 bytes to ecology
[dna] water wrote 175 bytes to ecology
[dna] water wrote 53 bytes to ecology
[dna] water wrote 45 bytes to ecology
[dna] water wrote 121 bytes to ecology
[dna] water wrote 245 bytes to ecology
[dna] water wrote 210 bytes to ecology
[dna] water wrote 101 bytes to ecology
[dna] water wrote 82 bytes to ecology
[dna] water wrote 114 bytes to ecology
[dna] water wrote 89 bytes to ecology
[dna] water wrote 29 bytes to ecology
[debug-onto] tick=550 corpus=143933 stage=2 freeze=0
[dna] water wrote 96 bytes to ecology
[dna] water wrote 103 bytes to ecology
[dna] water wrote 34 bytes to ecology
[dna] water wrote 114 bytes to ecology
[dna] water wrote 63 bytes to ecology
[dna] water wrote 84 bytes to ecology
[dna] water wrote 61 bytes to ecology
[dna] water wrote 48 bytes to ecology
[dna] water wrote 76 bytes to ecology
[dna] water wrote 55 bytes to ecology
[dna] water wrote 75 bytes to ecology
[dna] water wrote 97 bytes to ecology
[dna] water wrote 23 bytes to ecology
[dna] water wrote 199 bytes to ecology
[dna] water wrote 35 bytes to ecology
[dna] water wrote 100 bytes to ecology
[dna] water wrote 82 bytes to ecology
[debug-onto] tick=600 corpus=143933 stage=2 freeze=0
[dna] water wrote 85 bytes to ecology
[dna] water wrote 165 bytes to ecology
[dna] water wrote 35 bytes to ecology
[dna] water wrote 75 bytes to ecology

[evolution] Organism shutting down gracefully.
