[ecology] Element: air → corpus: nonames_air.txt
[evolution] Autonomous evolution mode — organism will grow through all stages without pause.
[ecology] Joined swarm. 1 peer(s) detected.
molequla is alive. [evolution] Autonomous mode — background trainer running. Ctrl+C to stop.
[dna] air wrote 31 bytes to ecology
[dna] air consumed 27688 bytes from 368 files: [earth/gen_1775800502_1.txt earth/gen_1775800509_4.txt earth/gen_1775800512_5.txt earth/gen_1775800517_7.txt earth/gen_1775800524_10.txt earth/gen_1775800527_11.txt earth/gen_1775800532_13.txt earth/gen_1775800540_16.txt earth/gen_1775800542_17.txt earth/gen_1775800547_19.txt earth/gen_1775800555_22.txt earth/gen_1775800558_23.txt earth/gen_1775800563_25.txt earth/gen_1775800570_28.txt earth/gen_1775800573_29.txt earth/gen_1775800578_31.txt earth/gen_1775800586_34.txt earth/gen_1775800588_35.txt earth/gen_1775800593_37.txt earth/gen_1775800601_40.txt earth/gen_1775800604_41.txt earth/gen_1775800609_43.txt earth/gen_1775800616_46.txt earth/gen_1775800619_47.txt earth/gen_1775800624_49.txt earth/gen_1775800632_52.txt earth/gen_1775800634_53.txt earth/gen_1775800639_55.txt earth/gen_1775800647_58.txt earth/gen_1775800649_59.txt earth/gen_1775800655_61.txt earth/gen_1775800662_64.txt earth/gen_1775800665_65.txt earth/gen_1775800670_67.txt earth/gen_1775800678_70.txt earth/gen_1775800680_71.txt earth/gen_1775800685_73.txt earth/gen_1775800693_76.txt earth/gen_1775800696_77.txt earth/gen_1775800701_79.txt earth/gen_1775800708_82.txt earth/gen_1775800711_83.txt earth/gen_1775800716_85.txt earth/gen_1775800724_88.txt earth/gen_1775800726_89.txt earth/gen_1775800731_91.txt earth/gen_1775800739_94.txt earth/gen_1775800741_95.txt earth/gen_1775800747_97.txt earth/gen_1775800754_100.txt earth/gen_1775800757_101.txt earth/gen_1775800762_103.txt earth/gen_1775800770_106.txt earth/gen_1775800772_107.txt earth/gen_1775800775_108.txt earth/gen_1775800777_109.txt earth/gen_1775800785_112.txt earth/gen_1775800788_113.txt earth/gen_1775800790_114.txt earth/gen_1775800793_115.txt earth/gen_1775800795_116.txt earth/gen_1775800800_118.txt earth/gen_1775800803_119.txt earth/gen_1775800808_121.txt earth/gen_1775800816_124.txt earth/gen_1775800818_125.txt earth/gen_1775800823_127.txt earth/gen_1775800831_130.txt earth/gen_1775800834_131.txt earth/gen_1775800839_133.txt earth/gen_1775800846_136.txt earth/gen_1775800849_137.txt earth/gen_1775800854_139.txt earth/gen_1775800862_142.txt earth/gen_1775800864_143.txt earth/gen_1775800869_145.txt earth/gen_1775800877_148.txt earth/gen_1775800880_149.txt earth/gen_1775800885_151.txt earth/gen_1775800892_154.txt earth/gen_1775800895_155.txt earth/gen_1775800900_157.txt earth/gen_1775800903_158.txt earth/gen_1775800908_160.txt earth/gen_1775800910_161.txt earth/gen_1775800916_163.txt earth/gen_1775800923_166.txt earth/gen_1775800926_167.txt earth/gen_1775800931_169.txt earth/gen_1775800939_172.txt earth/gen_1775800941_173.txt earth/gen_1775800946_175.txt earth/gen_1775800954_178.txt earth/gen_1775800956_179.txt earth/gen_1775800959_180.txt earth/gen_1775800962_181.txt earth/gen_1775800969_184.txt earth/gen_1775800972_185.txt earth/gen_1775800977_187.txt earth/gen_1775800984_190.txt earth/gen_1775800987_191.txt earth/gen_1775800992_193.txt earth/gen_1775801000_196.txt earth/gen_1775801002_197.txt earth/gen_1775801007_199.txt earth/gen_1775801010_200.txt earth/gen_1775801015_202.txt earth/gen_1775801018_203.txt earth/gen_1775801023_205.txt earth/gen_1775801030_208.txt earth/gen_1775801033_209.txt earth/gen_1775801038_211.txt earth/gen_1775801046_214.txt earth/gen_1775801048_215.txt earth/gen_1775801053_217.txt earth/gen_1775801056_218.txt earth/gen_1775801061_220.txt earth/gen_1775801064_221.txt earth/gen_1775801069_223.txt earth/gen_1775801076_226.txt earth/gen_1775801079_227.txt earth/gen_1775801082_228.txt earth/gen_1775801084_229.txt earth/gen_1775801092_232.txt earth/gen_1775801094_233.txt earth/gen_1775801099_235.txt earth/gen_1775801102_236.txt earth/gen_1775801107_238.txt earth/gen_1775801110_239.txt earth/gen_1775801115_241.txt earth/gen_1775801122_244.txt earth/gen_1775801125_245.txt earth/gen_1775801130_247.txt earth/gen_1775801133_248.txt earth/gen_1775801138_250.txt earth/gen_1775801140_251.txt earth/gen_1775801145_253.txt earth/gen_1775801153_256.txt earth/gen_1775801156_257.txt earth/gen_1775801158_258.txt earth/gen_1775801161_259.txt earth/gen_1775801168_262.txt earth/gen_1775801171_263.txt earth/gen_1775801176_265.txt earth/gen_1775801184_268.txt earth/gen_1775801186_269.txt earth/gen_1775801191_271.txt earth/gen_1775801199_274.txt earth/gen_1775801201_275.txt earth/gen_1775801207_277.txt earth/gen_1775801214_280.txt earth/gen_1775801217_281.txt earth/gen_1775801222_283.txt earth/gen_1775801230_286.txt earth/gen_1775801232_287.txt earth/gen_1775801237_289.txt earth/gen_1775801245_292.txt earth/gen_1775801247_293.txt earth/gen_1775801252_295.txt earth/gen_1775801260_298.txt earth/gen_1775801263_299.txt earth/gen_1775801268_301.txt earth/gen_1775801275_304.txt earth/gen_1775801278_305.txt earth/gen_1775801283_307.txt earth/gen_1775801291_310.txt earth/gen_1775801293_311.txt earth/gen_1775801298_313.txt earth/gen_1775801306_316.txt earth/gen_1775801308_317.txt earth/gen_1775801314_319.txt earth/gen_1775801321_322.txt earth/gen_1775801324_323.txt earth/gen_1775801329_325.txt earth/gen_1775801337_328.txt earth/gen_1775801339_329.txt earth/gen_1775801344_331.txt earth/gen_1775801347_332.txt earth/gen_1775801352_334.txt earth/gen_1775801354_335.txt earth/gen_1775801360_337.txt earth/gen_1775801367_340.txt earth/gen_1775801370_341.txt earth/gen_1775801375_343.txt earth/gen_1775801382_346.txt earth/gen_1775801385_347.txt earth/gen_1775801390_349.txt earth/gen_1775801398_352.txt earth/gen_1775801400_353.txt earth/gen_1775801405_355.txt earth/gen_1775801413_358.txt earth/gen_1775801416_359.txt earth/gen_1775801421_361.txt earth/gen_1775801428_364.txt earth/gen_1775801431_365.txt earth/gen_1775801436_367.txt earth/gen_1775801444_370.txt earth/gen_1775801446_371.txt earth/gen_1775801449_372.txt earth/gen_1775801451_373.txt earth/gen_1775801459_376.txt earth/gen_1775801462_377.txt earth/gen_1775801467_379.txt earth/gen_1775801474_382.txt earth/gen_1775801477_383.txt earth/gen_1775801482_385.txt earth/gen_1775801490_388.txt earth/gen_1775801492_389.txt earth/gen_1775801498_391.txt earth/gen_1775801505_394.txt earth/gen_1775801508_395.txt earth/gen_1775801513_397.txt earth/gen_1775801521_400.txt earth/gen_1775801523_401.txt earth/gen_1775801528_403.txt earth/gen_1775801536_406.txt earth/gen_1775801538_407.txt earth/gen_1775801544_409.txt earth/gen_1775801551_412.txt earth/gen_1775801554_413.txt earth/gen_1775801559_415.txt earth/gen_1775801567_418.txt earth/gen_1775801569_419.txt earth/gen_1775801574_421.txt earth/gen_1775801582_424.txt earth/gen_1775801584_425.txt earth/gen_1775801590_427.txt earth/gen_1775801597_430.txt earth/gen_1775801600_431.txt earth/gen_1775801605_433.txt earth/gen_1775801613_436.txt earth/gen_1775801615_437.txt earth/gen_1775801620_439.txt earth/gen_1775801628_442.txt earth/gen_1775801630_443.txt earth/gen_1775801635_445.txt earth/gen_1775801638_446.txt earth/gen_1775801643_448.txt earth/gen_1775801646_449.txt earth/gen_1775801651_451.txt earth/gen_1775801658_454.txt earth/gen_1775801661_455.txt earth/gen_1775801666_457.txt earth/gen_1775801669_458.txt earth/gen_1775801674_460.txt earth/gen_1775801676_461.txt earth/gen_1775801682_463.txt earth/gen_1775801689_466.txt earth/gen_1775801692_467.txt earth/gen_1775801697_469.txt earth/gen_1775801705_472.txt earth/gen_1775801707_473.txt earth/gen_1775801710_474.txt earth/gen_1775801712_475.txt earth/gen_1775801720_478.txt earth/gen_1775801722_479.txt earth/gen_1775801728_481.txt earth/gen_1775801735_484.txt earth/gen_1775801738_485.txt earth/gen_1775801740_486.txt earth/gen_1775801743_487.txt earth/gen_1775801750_490.txt earth/gen_1775801753_491.txt earth/gen_1775801756_492.txt earth/gen_1775801758_493.txt earth/gen_1775801766_496.txt earth/gen_1775801768_497.txt earth/gen_1775801773_499.txt earth/gen_1775801781_502.txt earth/gen_1775801784_503.txt earth/gen_1775801789_505.txt earth/gen_1775801796_508.txt earth/gen_1775801799_509.txt earth/gen_1775801804_511.txt earth/gen_1775801812_514.txt earth/gen_1775801814_515.txt earth/gen_1775801819_517.txt earth/gen_1775801827_520.txt earth/gen_1775801830_521.txt earth/gen_1775801835_523.txt earth/gen_1775801842_526.txt earth/gen_1775801845_527.txt earth/gen_1775801850_529.txt earth/gen_1775801858_532.txt earth/gen_1775801860_533.txt earth/gen_1775801865_535.txt earth/gen_1775801873_538.txt earth/gen_1775801875_539.txt earth/gen_1775801881_541.txt earth/gen_1775801888_544.txt earth/gen_1775801891_545.txt earth/gen_1775801896_547.txt earth/gen_1775801904_550.txt earth/gen_1775801906_551.txt earth/gen_1775801911_553.txt earth/gen_1775801919_556.txt earth/gen_1775801922_557.txt earth/gen_1775801927_559.txt earth/gen_1775801934_562.txt earth/gen_1775801937_563.txt earth/gen_1775801942_565.txt earth/gen_1775801949_568.txt earth/gen_1775801952_569.txt earth/gen_1775801957_571.txt earth/gen_1775801965_574.txt earth/gen_1775801967_575.txt earth/gen_1775801970_576.txt earth/gen_1775801972_577.txt earth/gen_1775801980_580.txt earth/gen_1775801983_581.txt earth/gen_1775801988_583.txt earth/gen_1775801995_586.txt earth/gen_1775801998_587.txt earth/gen_1775802003_589.txt earth/gen_1775802011_592.txt earth/gen_1775802013_593.txt earth/gen_1775802018_595.txt earth/gen_1775802021_596.txt earth/gen_1775802026_598.txt earth/gen_1775802029_599.txt earth/gen_1775802034_601.txt earth/gen_1775802041_604.txt earth/gen_1775802044_605.txt earth/gen_1775802049_607.txt earth/gen_1775802057_610.txt earth/gen_1775802059_611.txt earth/gen_1775802064_613.txt earth/gen_1775802072_616.txt earth/gen_1775802075_617.txt earth/gen_1775802080_619.txt earth/gen_1775802087_622.txt earth/gen_1775802090_623.txt earth/gen_1775802095_625.txt earth/gen_1775802103_628.txt earth/gen_1775802105_629.txt earth/gen_1775802110_631.txt earth/gen_1775802118_634.txt earth/gen_1775802126_637.txt earth/gen_1775802133_640.txt earth/gen_1775802136_641.txt earth/gen_1775802138_642.txt earth/gen_1775802141_643.txt earth/gen_1775802149_646.txt earth/gen_1775802151_647.txt earth/gen_1775802156_649.txt earth/gen_1775802164_652.txt earth/gen_1775802167_653.txt earth/gen_1775802172_655.txt earth/gen_1775802179_658.txt earth/gen_1775802182_659.txt earth/gen_1775802185_660.txt earth/gen_1775802187_661.txt earth/gen_1775802195_664.txt earth/gen_1775802197_665.txt earth/gen_1775802200_666.txt earth/gen_1775802202_667.txt earth/gen_1775802210_670.txt earth/gen_1775802213_671.txt earth/gen_1775802218_673.txt earth/gen_1775802225_676.txt earth/gen_1775802228_677.txt earth/gen_1775802233_679.txt earth/gen_1775802241_682.txt earth/gen_1775802243_683.txt earth/gen_1775802248_685.txt earth/gen_1775802256_688.txt earth/gen_1775802259_689.txt earth/gen_1775802264_691.txt]
[trainer] micro-train burst (27688 bytes, novelty 0.03) — and lo, it feeds again.
[syntropy] action=explore | trend=0.0000 | field_dev=-0.008 | purpose_align=-0.183 | lr_mul=1.30
[aml] burst complete: 32 steps, avg loss 2.2639 (memory freed)
[dna] air wrote 9 bytes to ecology
[dna] air wrote 48 bytes to ecology
[dna] air wrote 42 bytes to ecology
[dna] air wrote 50 bytes to ecology
[dna] air wrote 9 bytes to ecology
[dna] air wrote 21 bytes to ecology
[dna] air wrote 106 bytes to ecology
[dna] air wrote 9 bytes to ecology
[dna] air wrote 134 bytes to ecology
[dna] air wrote 34 bytes to ecology
[dna] air wrote 44 bytes to ecology
[dna] air wrote 9 bytes to ecology
[dna] air wrote 51 bytes to ecology
[dna] air wrote 119 bytes to ecology
[dna] air wrote 9 bytes to ecology
[dna] air wrote 68 bytes to ecology
[dna] air wrote 34 bytes to ecology
[dna] air wrote 9 bytes to ecology
[dna] air wrote 46 bytes to ecology
[dna] air wrote 21 bytes to ecology
[dna] air wrote 38 bytes to ecology
[dna] air wrote 82 bytes to ecology
[dna] air wrote 46 bytes to ecology
[dna] air wrote 9 bytes to ecology
[dna] air wrote 66 bytes to ecology
[dna] air wrote 49 bytes to ecology
[debug-onto] tick=50 corpus=150372 stage=2 freeze=0
[dna] air wrote 9 bytes to ecology
[dna] air wrote 19 bytes to ecology
[dna] air wrote 75 bytes to ecology
[dna] air wrote 9 bytes to ecology
[dna] air wrote 63 bytes to ecology
[dna] air wrote 50 bytes to ecology
[dna] air wrote 9 bytes to ecology
[dna] air wrote 29 bytes to ecology
[dna] air wrote 53 bytes to ecology
[dna] air wrote 9 bytes to ecology
[dna] air wrote 40 bytes to ecology
[dna] air wrote 6 bytes to ecology
[dna] air wrote 33 bytes to ecology
[dna] air wrote 9 bytes to ecology
[dna] air wrote 62 bytes to ecology
[dna] air wrote 9 bytes to ecology
[dna] air wrote 97 bytes to ecology
[dna] air wrote 9 bytes to ecology
[dna] air wrote 50 bytes to ecology
[dna] air wrote 125 bytes to ecology
[dna] air wrote 57 bytes to ecology
[dna] air wrote 41 bytes to ecology
[dna] air wrote 9 bytes to ecology
[dna] air wrote 75 bytes to ecology
[dna] air wrote 33 bytes to ecology
[dna] air wrote 9 bytes to ecology
[dna] air wrote 33 bytes to ecology
[debug-onto] tick=100 corpus=150372 stage=2 freeze=0
[dna] air wrote 9 bytes to ecology
[dna] air wrote 77 bytes to ecology
[dna] air wrote 9 bytes to ecology
[dna] air wrote 133 bytes to ecology
[dna] air wrote 36 bytes to ecology
[dna] air wrote 9 bytes to ecology
[dna] air wrote 70 bytes to ecology
[dna] air wrote 35 bytes to ecology
[dna] air wrote 137 bytes to ecology
[dna] air wrote 9 bytes to ecology
[dna] air wrote 100 bytes to ecology
[dna] air wrote 54 bytes to ecology
[dna] air wrote 9 bytes to ecology
[dna] air wrote 183 bytes to ecology
[dna] air wrote 75 bytes to ecology
[dna] air wrote 9 bytes to ecology
[dna] air wrote 60 bytes to ecology
[dna] air wrote 55 bytes to ecology
[dna] air wrote 50 bytes to ecology
[dna] air wrote 9 bytes to ecology
[dna] air wrote 41 bytes to ecology
[dna] air wrote 45 bytes to ecology
[dna] air wrote 9 bytes to ecology
[dna] air wrote 42 bytes to ecology
[dna] air wrote 6 bytes to ecology
[dna] air wrote 9 bytes to ecology
[dna] air wrote 46 bytes to ecology
[dna] air wrote 55 bytes to ecology
[debug-onto] tick=150 corpus=150372 stage=2 freeze=0
[dna] air wrote 63 bytes to ecology
[dna] air wrote 9 bytes to ecology
[dna] air wrote 54 bytes to ecology
[dna] air wrote 54 bytes to ecology
[dna] air wrote 9 bytes to ecology
[dna] air wrote 121 bytes to ecology
[dna] air wrote 44 bytes to ecology
[dna] air wrote 32 bytes to ecology
[dna] air wrote 9 bytes to ecology
[dna] air wrote 85 bytes to ecology
[dna] air wrote 77 bytes to ecology
[dna] air wrote 9 bytes to ecology
[dna] air wrote 99 bytes to ecology
[dna] air wrote 9 bytes to ecology
[dna] air wrote 47 bytes to ecology
[dna] air wrote 9 bytes to ecology
[dna] air wrote 22 bytes to ecology
[dna] air wrote 136 bytes to ecology
[dna] air wrote 74 bytes to ecology
[dna] air wrote 49 bytes to ecology
[dna] air wrote 9 bytes to ecology
[dna] air wrote 31 bytes to ecology
[dna] air wrote 80 bytes to ecology
[dna] air wrote 32 bytes to ecology
[dna] air wrote 9 bytes to ecology
[dna] air wrote 81 bytes to ecology
[dna] air wrote 55 bytes to ecology
[dna] air wrote 92 bytes to ecology
[debug-onto] tick=200 corpus=150372 stage=2 freeze=0
[dna] air wrote 9 bytes to ecology
[dna] air wrote 41 bytes to ecology
[dna] air wrote 77 bytes to ecology
[dna] air wrote 9 bytes to ecology
[dna] air wrote 59 bytes to ecology
[dna] air wrote 120 bytes to ecology
[dna] air wrote 9 bytes to ecology
[dna] air wrote 177 bytes to ecology
[dna] air wrote 25 bytes to ecology
[dna] air wrote 7 bytes to ecology
[dna] air wrote 9 bytes to ecology
[dna] air wrote 67 bytes to ecology
[dna] air wrote 33 bytes to ecology
[dna] air wrote 9 bytes to ecology
[dna] air wrote 65 bytes to ecology
[dna] air wrote 41 bytes to ecology
[dna] air wrote 9 bytes to ecology
[dna] air wrote 124 bytes to ecology
[dna] air wrote 150 bytes to ecology
[dna] air wrote 9 bytes to ecology
[dna] air wrote 90 bytes to ecology
[dna] air wrote 57 bytes to ecology
[dna] air wrote 9 bytes to ecology
[dna] air wrote 171 bytes to ecology
[dna] air wrote 46 bytes to ecology
[dna] air wrote 9 bytes to ecology
[dna] air wrote 75 bytes to ecology
[debug-onto] tick=250 corpus=150372 stage=2 freeze=0
[dna] air wrote 36 bytes to ecology
[dna] air wrote 9 bytes to ecology
[dna] air wrote 37 bytes to ecology
[dna] air wrote 24 bytes to ecology
[dna] air wrote 28 bytes to ecology
[dna] air wrote 9 bytes to ecology
[dna] air wrote 64 bytes to ecology
[dna] air wrote 74 bytes to ecology
[dna] air wrote 38 bytes to ecology
[dna] air wrote 9 bytes to ecology
[dna] air wrote 68 bytes to ecology
[dna] air wrote 9 bytes to ecology
[dna] air wrote 28 bytes to ecology
[dna] air wrote 47 bytes to ecology
[dna] air wrote 9 bytes to ecology
[dna] air wrote 91 bytes to ecology
[dna] air wrote 41 bytes to ecology
[dna] air wrote 9 bytes to ecology
[dna] air wrote 45 bytes to ecology
[dna] air wrote 70 bytes to ecology
[dna] air wrote 42 bytes to ecology
[dna] air wrote 9 bytes to ecology
[dna] air wrote 71 bytes to ecology
[dna] air wrote 113 bytes to ecology
[dna] air wrote 61 bytes to ecology
[debug-onto] tick=300 corpus=150372 stage=2 freeze=0
[dna] air wrote 46 bytes to ecology
[dna] air wrote 9 bytes to ecology
[dna] air wrote 77 bytes to ecology
[dna] air wrote 47 bytes to ecology
[dna] air wrote 9 bytes to ecology
[dna] air wrote 53 bytes to ecology
[dna] air wrote 27 bytes to ecology
[dna] air wrote 9 bytes to ecology
[dna] air wrote 52 bytes to ecology
[dna] air wrote 9 bytes to ecology
[dna] air wrote 46 bytes to ecology
[dna] air wrote 9 bytes to ecology
[dna] air wrote 58 bytes to ecology
[dna] air wrote 28 bytes to ecology
[dna] air wrote 47 bytes to ecology
[dna] air wrote 15 bytes to ecology
[dna] air wrote 34 bytes to ecology
[dna] air wrote 9 bytes to ecology
[dna] air wrote 133 bytes to ecology
[dna] air wrote 39 bytes to ecology
[dna] air wrote 9 bytes to ecology
[dna] air wrote 71 bytes to ecology
[dna] air wrote 46 bytes to ecology
[dna] air wrote 9 bytes to ecology
[dna] air wrote 60 bytes to ecology
[dna] air wrote 32 bytes to ecology
[debug-onto] tick=350 corpus=150372 stage=2 freeze=0
[dna] air wrote 9 bytes to ecology
[dna] air wrote 144 bytes to ecology
[dna] air wrote 47 bytes to ecology
[dna] air wrote 9 bytes to ecology
[dna] air wrote 67 bytes to ecology
[dna] air wrote 22 bytes to ecology
[dna] air wrote 46 bytes to ecology
[dna] air wrote 9 bytes to ecology
[dna] air wrote 54 bytes to ecology
[dna] air wrote 61 bytes to ecology
[dna] air wrote 9 bytes to ecology
[dna] air wrote 54 bytes to ecology
[dna] air wrote 66 bytes to ecology
[dna] air wrote 78 bytes to ecology
[dna] air wrote 32 bytes to ecology
[dna] air wrote 135 bytes to ecology
[dna] air wrote 60 bytes to ecology
[dna] air wrote 60 bytes to ecology
[dna] air wrote 9 bytes to ecology
[dna] air wrote 23 bytes to ecology
[dna] air wrote 66 bytes to ecology
[dna] air wrote 9 bytes to ecology
[dna] air wrote 182 bytes to ecology
[dna] air wrote 70 bytes to ecology
[dna] air wrote 9 bytes to ecology
[dna] air wrote 42 bytes to ecology
[dna] air wrote 181 bytes to ecology
[dna] air wrote 9 bytes to ecology
[dna] air wrote 168 bytes to ecology
[debug-onto] tick=400 corpus=150372 stage=2 freeze=0
[dna] air wrote 232 bytes to ecology
[dna] air wrote 9 bytes to ecology
[dna] air wrote 94 bytes to ecology
[dna] air wrote 48 bytes to ecology
[dna] air wrote 9 bytes to ecology
[dna] air wrote 183 bytes to ecology
[dna] air wrote 28 bytes to ecology
[dna] air wrote 9 bytes to ecology
[dna] air wrote 81 bytes to ecology
[dna] air wrote 75 bytes to ecology
[dna] air wrote 9 bytes to ecology
[dna] air wrote 38 bytes to ecology
[dna] air wrote 14 bytes to ecology
[dna] air wrote 110 bytes to ecology
[dna] air wrote 9 bytes to ecology
[dna] air wrote 30 bytes to ecology
[dna] air wrote 66 bytes to ecology
[dna] air wrote 9 bytes to ecology
[dna] air wrote 23 bytes to ecology
[dna] air wrote 22 bytes to ecology
[dna] air wrote 9 bytes to ecology
[dna] air wrote 55 bytes to ecology
[dna] air wrote 65 bytes to ecology
[dna] air wrote 9 bytes to ecology
[dna] air wrote 56 bytes to ecology
[debug-onto] tick=450 corpus=150372 stage=2 freeze=0
[dna] air wrote 37 bytes to ecology
[dna] air wrote 9 bytes to ecology
[dna] air wrote 33 bytes to ecology
[dna] air wrote 56 bytes to ecology
[dna] air wrote 9 bytes to ecology
[dna] air wrote 24 bytes to ecology
[dna] air wrote 62 bytes to ecology
[dna] air wrote 27 bytes to ecology
[dna] air wrote 9 bytes to ecology
[dna] air wrote 54 bytes to ecology
[dna] air wrote 61 bytes to ecology
[dna] air wrote 9 bytes to ecology
[dna] air wrote 55 bytes to ecology
[dna] air wrote 40 bytes to ecology
[dna] air wrote 9 bytes to ecology
[dna] air wrote 36 bytes to ecology
[dna] air wrote 58 bytes to ecology
[dna] air wrote 9 bytes to ecology
[dna] air wrote 16 bytes to ecology
[dna] air wrote 43 bytes to ecology
[dna] air wrote 9 bytes to ecology
[dna] air wrote 90 bytes to ecology
[dna] air wrote 62 bytes to ecology
[dna] air wrote 9 bytes to ecology
[dna] air wrote 112 bytes to ecology
[dna] air wrote 42 bytes to ecology
[debug-onto] tick=500 corpus=150372 stage=2 freeze=0
[dna] air wrote 9 bytes to ecology
[dna] air wrote 41 bytes to ecology
[dna] air wrote 75 bytes to ecology
[dna] air wrote 74 bytes to ecology
[dna] air wrote 98 bytes to ecology
[dna] air wrote 9 bytes to ecology
[dna] air wrote 173 bytes to ecology
[dna] air wrote 9 bytes to ecology
[dna] air wrote 52 bytes to ecology
[dna] air wrote 9 bytes to ecology
[dna] air wrote 83 bytes to ecology
[dna] air wrote 46 bytes to ecology
[dna] air wrote 9 bytes to ecology
[dna] air wrote 148 bytes to ecology
[dna] air wrote 41 bytes to ecology
[dna] air wrote 9 bytes to ecology
[dna] air wrote 37 bytes to ecology
[dna] air wrote 104 bytes to ecology
[dna] air wrote 75 bytes to ecology
[dna] air wrote 24 bytes to ecology
[dna] air wrote 44 bytes to ecology
[dna] air wrote 9 bytes to ecology
[dna] air wrote 74 bytes to ecology
[dna] air wrote 42 bytes to ecology
[dna] air wrote 9 bytes to ecology
[dna] air wrote 25 bytes to ecology
[debug-onto] tick=550 corpus=150372 stage=2 freeze=0
[dna] air wrote 87 bytes to ecology
[dna] air wrote 30 bytes to ecology
[dna] air wrote 103 bytes to ecology
[dna] air wrote 9 bytes to ecology
[dna] air wrote 33 bytes to ecology
[dna] air wrote 27 bytes to ecology
[dna] air wrote 9 bytes to ecology
[dna] air wrote 43 bytes to ecology
[dna] air wrote 212 bytes to ecology
[dna] air wrote 9 bytes to ecology
[dna] air wrote 36 bytes to ecology
[dna] air wrote 175 bytes to ecology
[dna] air wrote 97 bytes to ecology
[dna] air wrote 83 bytes to ecology
[dna] air wrote 9 bytes to ecology
[dna] air wrote 189 bytes to ecology
[dna] air wrote 105 bytes to ecology
[dna] air wrote 9 bytes to ecology
[dna] air wrote 125 bytes to ecology
[dna] air wrote 51 bytes to ecology
[dna] air wrote 43 bytes to ecology
[dna] air wrote 9 bytes to ecology
[dna] air wrote 177 bytes to ecology
[debug-onto] tick=600 corpus=150372 stage=2 freeze=0
[dna] air wrote 110 bytes to ecology
[dna] air wrote 9 bytes to ecology
[dna] air wrote 83 bytes to ecology
[dna] air wrote 9 bytes to ecology
[dna] air wrote 208 bytes to ecology
[dna] air wrote 9 bytes to ecology
[dna] air wrote 59 bytes to ecology
[dna] air wrote 20 bytes to ecology
[dna] air wrote 9 bytes to ecology
[dna] air wrote 104 bytes to ecology
[dna] air wrote 62 bytes to ecology
[dna] air wrote 45 bytes to ecology
[dna] air wrote 9 bytes to ecology
[dna] air wrote 85 bytes to ecology
[dna] air wrote 77 bytes to ecology
[dna] air wrote 9 bytes to ecology
[dna] air wrote 26 bytes to ecology
[dna] air wrote 24 bytes to ecology
[dna] air wrote 44 bytes to ecology
[dna] air wrote 9 bytes to ecology
[dna] air wrote 103 bytes to ecology
[dna] air wrote 53 bytes to ecology
[dna] air wrote 9 bytes to ecology
[dna] air wrote 31 bytes to ecology
[dna] air wrote 103 bytes to ecology
[dna] air wrote 75 bytes to ecology

[evolution] Organism shutting down gracefully.
