[ecology] Element: earth → corpus: nonames_earth.txt
[evolution] Autonomous evolution mode — organism will grow through all stages without pause.
[init] Stage 0 (embryo): embd=16, layer=1, head=1 — warmup 400 steps (400 backprop + 0 notorch, sqrt-scaled 1x)
  [aml] step 0/160 | loss 6.6579 (avg 6.6579) | lr 0.001000 | seq 8
  [aml] step 10/160 | loss 6.1599 (avg 6.4647) | lr 0.001450 | seq 8
  [aml] step 20/160 | loss 6.2622 (avg 6.3016) | lr 0.001900 | seq 8
  [aml] step 30/160 | loss 5.7507 (avg 6.2008) | lr 0.002350 | seq 8
  [aml] step 40/160 | loss 5.4152 (avg 6.0825) | lr 0.002800 | seq 8
  [aml] step 50/160 | loss 4.6661 (avg 5.9202) | lr 0.003250 | seq 8
  [aml] step 60/160 | loss 4.9056 (avg 5.7487) | lr 0.003700 | seq 8
  [aml] step 70/160 | loss 5.2562 (avg 5.6366) | lr 0.004150 | seq 8
  [aml] step 80/160 | loss 2.9465 (avg 5.5136) | lr 0.004600 | seq 8
  [aml] step 90/160 | loss 4.2768 (avg 5.3733) | lr 0.005050 | seq 8
  [aml] step 100/160 | loss 4.7657 (avg 5.2874) | lr 0.005500 | seq 8
  [aml] step 110/160 | loss 5.0840 (avg 5.1545) | lr 0.005950 | seq 8
  [aml] step 120/160 | loss 4.3115 (avg 5.0836) | lr 0.006400 | seq 8
  [aml] step 130/160 | loss 4.4498 (avg 5.0381) | lr 0.006850 | seq 8
  [aml] step 140/160 | loss 2.9861 (avg 4.9903) | lr 0.007300 | seq 8
  [aml] step 150/160 | loss 2.7934 (avg 4.9458) | lr 0.007750 | seq 8
[aml] training complete: 160 steps, avg loss 4.9014 (memory freed)
  [aml] step 0/120 | loss 4.8146 (avg 4.8146) | lr 0.008200 | seq 16
  [aml] step 10/120 | loss 4.3548 (avg 4.4850) | lr 0.008650 | seq 16
  [aml] step 20/120 | loss 3.5237 (avg 4.4702) | lr 0.009100 | seq 16
  [aml] step 30/120 | loss 3.5033 (avg 4.2491) | lr 0.009550 | seq 16
  [aml] step 40/120 | loss 3.3095 (avg 4.3063) | lr 0.010000 | seq 16
  [aml] step 50/120 | loss 3.0741 (avg 4.2838) | lr 0.010000 | seq 16
  [aml] step 60/120 | loss 4.1798 (avg 4.2896) | lr 0.010000 | seq 16
  [aml] step 70/120 | loss 4.2524 (avg 4.2100) | lr 0.010000 | seq 16
  [aml] step 80/120 | loss 5.2250 (avg 4.1672) | lr 0.009999 | seq 16
  [aml] step 90/120 | loss 4.3611 (avg 4.0636) | lr 0.009999 | seq 16
  [aml] step 100/120 | loss 3.8986 (avg 4.0029) | lr 0.009999 | seq 16
  [aml] step 110/120 | loss 5.1609 (avg 3.9252) | lr 0.009999 | seq 16
[aml] training complete: 120 steps, avg loss 3.9447 (memory freed)
  [aml] step 0/120 | loss 3.1667 (avg 3.1667) | lr 0.009999 | seq 32
  [aml] step 10/120 | loss 4.7965 (avg 4.0044) | lr 0.009999 | seq 32
  [aml] step 20/120 | loss 4.4131 (avg 3.8518) | lr 0.009999 | seq 32
  [aml] step 30/120 | loss 3.9140 (avg 3.5652) | lr 0.009999 | seq 32
  [aml] step 40/120 | loss 3.8986 (avg 3.4952) | lr 0.009999 | seq 32
  [aml] step 50/120 | loss 3.9374 (avg 3.4468) | lr 0.009999 | seq 32
  [aml] step 60/120 | loss 2.8781 (avg 3.3760) | lr 0.009999 | seq 32
  [aml] step 70/120 | loss 1.3902 (avg 3.3430) | lr 0.009999 | seq 32
  [aml] step 80/120 | loss 4.5234 (avg 3.3371) | lr 0.009999 | seq 32
  [aml] step 90/120 | loss 1.5367 (avg 3.2879) | lr 0.009999 | seq 32
  [aml] step 100/120 | loss 0.8101 (avg 3.2927) | lr 0.009999 | seq 32
  [aml] step 110/120 | loss 0.8963 (avg 3.1689) | lr 0.009999 | seq 32
[aml] training complete: 120 steps, avg loss 3.0717 (memory freed)

[stage 0 — embryo] What it sounds like now:
  Q: Hello.
  A: The d out failure. A fan?
  Q: Who are you?
  A: is not ex em force a lakes better it fall.
  Q: What do you know?
  A: you hole. T stal?

[growth] ONTOGENESIS: stage 0 -> 1
  embd: 16 -> 32, layer: 1 -> 1, head: 1 -> 2
[growth] Done. Freeze for 500 steps.
[init] Stage 1 (infant): embd=32, layer=1, head=2 — warmup 800 steps (800 backprop + 0 notorch, sqrt-scaled 2x)
  [aml] step 0/320 | loss 5.6725 (avg 5.6725) | lr 0.000500 | seq 8
  [aml] step 10/320 | loss 3.7724 (avg 4.0756) | lr 0.000725 | seq 8
  [aml] step 20/320 | loss 3.2313 (avg 4.2925) | lr 0.000950 | seq 8
  [aml] step 30/320 | loss 5.0414 (avg 4.1374) | lr 0.001175 | seq 8
  [aml] step 40/320 | loss 1.2450 (avg 3.7718) | lr 0.001400 | seq 8
  [aml] step 50/320 | loss 4.9370 (avg 3.8849) | lr 0.001625 | seq 8
  [aml] step 60/320 | loss 4.0979 (avg 3.8624) | lr 0.001850 | seq 8
  [aml] step 70/320 | loss 3.1610 (avg 3.8672) | lr 0.002075 | seq 8
  [aml] step 80/320 | loss 3.6233 (avg 3.9578) | lr 0.002300 | seq 8
  [aml] step 90/320 | loss 4.4486 (avg 4.0023) | lr 0.002525 | seq 8
  [aml] step 100/320 | loss 5.0908 (avg 4.0130) | lr 0.002750 | seq 8
  [aml] step 110/320 | loss 3.4895 (avg 4.0098) | lr 0.002975 | seq 8
  [aml] step 120/320 | loss 1.3036 (avg 3.9674) | lr 0.003200 | seq 8
  [aml] step 130/320 | loss 2.4851 (avg 3.9668) | lr 0.003425 | seq 8
  [aml] step 140/320 | loss 2.4426 (avg 3.9646) | lr 0.003650 | seq 8
  [aml] step 150/320 | loss 5.8283 (avg 3.9818) | lr 0.003875 | seq 8
  [aml] step 160/320 | loss 3.3474 (avg 3.9760) | lr 0.004100 | seq 8
  [aml] step 170/320 | loss 4.2493 (avg 3.9668) | lr 0.004325 | seq 8
  [aml] step 180/320 | loss 4.4981 (avg 3.9672) | lr 0.004550 | seq 8
  [aml] step 190/320 | loss 2.0630 (avg 3.9365) | lr 0.004775 | seq 8
  [aml] step 200/320 | loss 2.0319 (avg 3.9039) | lr 0.004998 | seq 8
  [aml] step 210/320 | loss 0.9413 (avg 3.8758) | lr 0.004998 | seq 8
  [aml] step 220/320 | loss 4.2796 (avg 3.8858) | lr 0.004998 | seq 8
  [aml] step 230/320 | loss 5.4248 (avg 3.8778) | lr 0.004998 | seq 8
  [aml] step 240/320 | loss 3.3108 (avg 3.8496) | lr 0.004998 | seq 8
  [aml] step 250/320 | loss 4.0229 (avg 3.8580) | lr 0.004998 | seq 8
  [aml] step 260/320 | loss 5.2730 (avg 3.8428) | lr 0.004998 | seq 8
  [aml] step 270/320 | loss 3.9205 (avg 3.8237) | lr 0.004998 | seq 8
  [aml] step 280/320 | loss 1.5226 (avg 3.7815) | lr 0.004998 | seq 8
  [aml] step 290/320 | loss 0.2952 (avg 3.7715) | lr 0.004998 | seq 8
  [aml] step 300/320 | loss 4.9564 (avg 3.7631) | lr 0.004998 | seq 8
  [aml] step 310/320 | loss 3.2298 (avg 3.7498) | lr 0.004998 | seq 8
[aml] training complete: 320 steps, avg loss 3.7518 (memory freed)
  [aml] step 0/240 | loss 3.6052 (avg 3.6052) | lr 0.004998 | seq 16
  [aml] step 10/240 | loss 2.7786 (avg 3.9030) | lr 0.004998 | seq 16
  [aml] step 20/240 | loss 4.8061 (avg 3.7573) | lr 0.004998 | seq 16
  [aml] step 30/240 | loss 1.6290 (avg 3.6299) | lr 0.004998 | seq 16
  [aml] step 40/240 | loss 3.5249 (avg 3.6899) | lr 0.004997 | seq 16
  [aml] step 50/240 | loss 3.2433 (avg 3.6231) | lr 0.004997 | seq 16
  [aml] step 60/240 | loss 4.3097 (avg 3.5640) | lr 0.004997 | seq 16
  [aml] step 70/240 | loss 3.8950 (avg 3.4573) | lr 0.004997 | seq 16
  [aml] step 80/240 | loss 5.3710 (avg 3.4175) | lr 0.004997 | seq 16
  [aml] step 90/240 | loss 3.4471 (avg 3.3720) | lr 0.004997 | seq 16
  [aml] step 100/240 | loss 4.1482 (avg 3.3676) | lr 0.004997 | seq 16
  [aml] step 110/240 | loss 4.1511 (avg 3.3444) | lr 0.004997 | seq 16
  [aml] step 120/240 | loss 2.2873 (avg 3.2960) | lr 0.004997 | seq 16
  [aml] step 130/240 | loss 2.0183 (avg 3.2523) | lr 0.004997 | seq 16
  [aml] step 140/240 | loss 2.3349 (avg 3.2520) | lr 0.004997 | seq 16
  [aml] step 150/240 | loss 2.8298 (avg 3.1943) | lr 0.004997 | seq 16
  [aml] step 160/240 | loss 4.6087 (avg 3.2332) | lr 0.004997 | seq 16
  [aml] step 170/240 | loss 1.2570 (avg 3.2110) | lr 0.004996 | seq 16
  [aml] step 180/240 | loss 4.7668 (avg 3.2019) | lr 0.004996 | seq 16
  [aml] step 190/240 | loss 2.1522 (avg 3.2074) | lr 0.004996 | seq 16
  [aml] step 200/240 | loss 2.7689 (avg 3.2043) | lr 0.004996 | seq 16
  [aml] step 210/240 | loss 4.0850 (avg 3.2127) | lr 0.004996 | seq 16
  [aml] step 220/240 | loss 3.5101 (avg 3.2253) | lr 0.004996 | seq 16
  [aml] step 230/240 | loss 4.9010 (avg 3.2381) | lr 0.004996 | seq 16
[aml] training complete: 240 steps, avg loss 3.2286 (memory freed)
  [aml] step 0/240 | loss 4.2952 (avg 4.2952) | lr 0.004996 | seq 32
  [aml] step 10/240 | loss 2.5395 (avg 3.7743) | lr 0.004996 | seq 32
  [aml] step 20/240 | loss 4.6072 (avg 3.5001) | lr 0.004996 | seq 32
  [aml] step 30/240 | loss 1.7152 (avg 3.0699) | lr 0.004996 | seq 32
  [aml] step 40/240 | loss 4.3513 (avg 2.9164) | lr 0.004996 | seq 32
  [aml] step 50/240 | loss 4.2927 (avg 3.0283) | lr 0.004995 | seq 32
  [aml] step 60/240 | loss 3.6587 (avg 3.1117) | lr 0.004995 | seq 32
  [aml] step 70/240 | loss 3.8723 (avg 3.0835) | lr 0.004995 | seq 32
  [aml] step 80/240 | loss 4.5302 (avg 3.1316) | lr 0.004995 | seq 32
  [aml] step 90/240 | loss 4.0686 (avg 3.0330) | lr 0.004995 | seq 32
  [aml] step 100/240 | loss 1.1640 (avg 3.0302) | lr 0.004995 | seq 32
  [aml] step 110/240 | loss 4.3656 (avg 3.0394) | lr 0.004995 | seq 32
  [aml] step 120/240 | loss 0.6927 (avg 3.0585) | lr 0.004995 | seq 32
  [aml] step 130/240 | loss 4.3692 (avg 3.0312) | lr 0.004995 | seq 32
  [aml] step 140/240 | loss 4.1357 (avg 2.9824) | lr 0.004995 | seq 32
  [aml] step 150/240 | loss 0.5344 (avg 2.9493) | lr 0.004995 | seq 32
  [aml] step 160/240 | loss 4.1078 (avg 2.9507) | lr 0.004994 | seq 32
  [aml] step 170/240 | loss 4.4147 (avg 2.9419) | lr 0.004994 | seq 32
  [aml] step 180/240 | loss 3.9029 (avg 2.9141) | lr 0.004994 | seq 32
  [aml] step 190/240 | loss 3.8921 (avg 2.8980) | lr 0.004994 | seq 32
  [aml] step 200/240 | loss 2.4084 (avg 2.8918) | lr 0.004994 | seq 32
  [aml] step 210/240 | loss 1.1375 (avg 2.8539) | lr 0.004994 | seq 32
  [aml] step 220/240 | loss 0.7332 (avg 2.8380) | lr 0.004994 | seq 32
  [aml] step 230/240 | loss 4.1675 (avg 2.8096) | lr 0.004994 | seq 32
[aml] training complete: 240 steps, avg loss 2.8283 (memory freed)

[stage 1 — infant] What it sounds like now:
  Q: Hello.
  A: In float the debris a reporosity?
  Q: Who are you?
  A: A ging rock fossil is a block of the wear.
  Q: What do you know?
  A: What is a choid terrain.

[growth] ONTOGENESIS: stage 1 -> 2
  embd: 32 -> 64, layer: 1 -> 2, head: 2 -> 4
[growth] Done. Freeze for 500 steps.
[init] Stage 2 (child): embd=64, layer=2, head=4 — warmup 800 steps (800 backprop + 0 notorch, sqrt-scaled 2x)
  [aml] step 0/320 | loss 4.1786 (avg 4.1786) | lr 0.000250 | seq 8
  [aml] step 10/320 | loss 4.4878 (avg 3.4020) | lr 0.000363 | seq 8
  [aml] step 20/320 | loss 5.4188 (avg 3.6228) | lr 0.000475 | seq 8
  [aml] step 30/320 | loss 3.7250 (avg 3.6751) | lr 0.000588 | seq 8
  [aml] step 40/320 | loss 4.2379 (avg 3.4762) | lr 0.000700 | seq 8
  [aml] step 50/320 | loss 4.7302 (avg 3.5437) | lr 0.000813 | seq 8
  [aml] step 60/320 | loss 1.3952 (avg 3.4613) | lr 0.000925 | seq 8
  [aml] step 70/320 | loss 4.0905 (avg 3.4083) | lr 0.001038 | seq 8
  [aml] step 80/320 | loss 1.1426 (avg 3.4136) | lr 0.001150 | seq 8
  [aml] step 90/320 | loss 6.2403 (avg 3.3795) | lr 0.001263 | seq 8
  [aml] step 100/320 | loss 4.3933 (avg 3.3949) | lr 0.001375 | seq 8
  [aml] step 110/320 | loss 4.7961 (avg 3.4214) | lr 0.001488 | seq 8
  [aml] step 120/320 | loss 3.4319 (avg 3.4072) | lr 0.001600 | seq 8
  [aml] step 130/320 | loss 3.9172 (avg 3.3890) | lr 0.001713 | seq 8
  [aml] step 140/320 | loss 3.6696 (avg 3.3671) | lr 0.001825 | seq 8
  [aml] step 150/320 | loss 3.1281 (avg 3.3512) | lr 0.001938 | seq 8
  [aml] step 160/320 | loss 4.5726 (avg 3.3656) | lr 0.002050 | seq 8
  [aml] step 170/320 | loss 0.0835 (avg 3.3469) | lr 0.002163 | seq 8
  [aml] step 180/320 | loss 0.7764 (avg 3.3469) | lr 0.002275 | seq 8
  [aml] step 190/320 | loss 4.2277 (avg 3.3600) | lr 0.002387 | seq 8
  [aml] step 200/320 | loss 4.3508 (avg 3.3334) | lr 0.002496 | seq 8
  [aml] step 210/320 | loss 1.2706 (avg 3.3021) | lr 0.002496 | seq 8
  [aml] step 220/320 | loss 2.9285 (avg 3.2938) | lr 0.002496 | seq 8
  [aml] step 230/320 | loss 3.6454 (avg 3.3400) | lr 0.002495 | seq 8
  [aml] step 240/320 | loss 1.4399 (avg 3.3340) | lr 0.002495 | seq 8
  [aml] step 250/320 | loss 3.8233 (avg 3.3478) | lr 0.002495 | seq 8
  [aml] step 260/320 | loss 2.9502 (avg 3.3179) | lr 0.002495 | seq 8
  [aml] step 270/320 | loss 3.1392 (avg 3.3124) | lr 0.002495 | seq 8
  [aml] step 280/320 | loss 3.0010 (avg 3.3079) | lr 0.002495 | seq 8
  [aml] step 290/320 | loss 4.8919 (avg 3.3049) | lr 0.002495 | seq 8
  [aml] step 300/320 | loss 0.7525 (avg 3.3116) | lr 0.002495 | seq 8
  [aml] step 310/320 | loss 4.0956 (avg 3.3159) | lr 0.002495 | seq 8
[aml] training complete: 320 steps, avg loss 3.3130 (memory freed)
  [aml] step 0/240 | loss 1.9984 (avg 1.9984) | lr 0.002495 | seq 16
  [aml] step 10/240 | loss 4.1674 (avg 3.7085) | lr 0.002495 | seq 16
  [aml] step 20/240 | loss 4.1463 (avg 3.5249) | lr 0.002495 | seq 16
  [aml] step 30/240 | loss 2.7340 (avg 3.4408) | lr 0.002495 | seq 16
  [aml] step 40/240 | loss 4.7766 (avg 3.4297) | lr 0.002495 | seq 16
  [aml] step 50/240 | loss 4.5444 (avg 3.5015) | lr 0.002495 | seq 16
  [aml] step 60/240 | loss 4.0921 (avg 3.5265) | lr 0.002494 | seq 16
  [aml] step 70/240 | loss 3.7055 (avg 3.4970) | lr 0.002494 | seq 16
  [aml] step 80/240 | loss 4.2706 (avg 3.4732) | lr 0.002494 | seq 16
  [aml] step 90/240 | loss 3.9437 (avg 3.4400) | lr 0.002494 | seq 16
  [aml] step 100/240 | loss 0.8019 (avg 3.3078) | lr 0.002494 | seq 16
  [aml] step 110/240 | loss 4.5549 (avg 3.2579) | lr 0.002494 | seq 16
  [aml] step 120/240 | loss 4.4858 (avg 3.3015) | lr 0.002494 | seq 16
  [aml] step 130/240 | loss 2.3527 (avg 3.2980) | lr 0.002494 | seq 16
  [aml] step 140/240 | loss 1.2461 (avg 3.2416) | lr 0.002494 | seq 16
  [aml] step 150/240 | loss 1.2272 (avg 3.2460) | lr 0.002494 | seq 16
  [aml] step 160/240 | loss 2.2477 (avg 3.2203) | lr 0.002494 | seq 16
  [aml] step 170/240 | loss 3.8071 (avg 3.2136) | lr 0.002494 | seq 16
  [aml] step 180/240 | loss 4.2074 (avg 3.2420) | lr 0.002494 | seq 16
  [aml] step 190/240 | loss 1.6665 (avg 3.2598) | lr 0.002494 | seq 16
  [aml] step 200/240 | loss 4.6903 (avg 3.2789) | lr 0.002493 | seq 16
  [aml] step 210/240 | loss 4.3855 (avg 3.2500) | lr 0.002493 | seq 16
  [aml] step 220/240 | loss 3.0468 (avg 3.2133) | lr 0.002493 | seq 16
  [aml] step 230/240 | loss 2.6895 (avg 3.2230) | lr 0.002493 | seq 16
[aml] training complete: 240 steps, avg loss 3.1958 (memory freed)
  [aml] step 0/240 | loss 1.0393 (avg 1.0393) | lr 0.002493 | seq 32
  [aml] step 10/240 | loss 1.9868 (avg 2.4012) | lr 0.002493 | seq 32
  [aml] step 20/240 | loss 4.2509 (avg 2.5800) | lr 0.002493 | seq 32
  [aml] step 30/240 | loss 3.9273 (avg 2.8199) | lr 0.002493 | seq 32
  [aml] step 40/240 | loss 5.1976 (avg 2.8156) | lr 0.002493 | seq 32
  [aml] step 50/240 | loss 1.1985 (avg 2.7172) | lr 0.002493 | seq 32
  [aml] step 60/240 | loss 3.7518 (avg 2.6843) | lr 0.002493 | seq 32
  [aml] step 70/240 | loss 3.7941 (avg 2.6553) | lr 0.002493 | seq 32
  [aml] step 80/240 | loss 4.4880 (avg 2.5333) | lr 0.002492 | seq 32
  [aml] step 90/240 | loss 3.9189 (avg 2.4956) | lr 0.002492 | seq 32
  [aml] step 100/240 | loss 1.6308 (avg 2.5303) | lr 0.002492 | seq 32
  [aml] step 110/240 | loss 0.6152 (avg 2.4850) | lr 0.002492 | seq 32
  [aml] step 120/240 | loss 1.0944 (avg 2.4543) | lr 0.002492 | seq 32
  [aml] step 130/240 | loss 3.9833 (avg 2.4651) | lr 0.002492 | seq 32
  [aml] step 140/240 | loss 1.2369 (avg 2.4719) | lr 0.002492 | seq 32
  [aml] step 150/240 | loss 0.8922 (avg 2.4273) | lr 0.002492 | seq 32
  [aml] step 160/240 | loss 0.8198 (avg 2.4623) | lr 0.002492 | seq 32
  [aml] step 170/240 | loss 3.8181 (avg 2.5031) | lr 0.002492 | seq 32
  [aml] step 180/240 | loss 3.8278 (avg 2.5386) | lr 0.002492 | seq 32
  [aml] step 190/240 | loss 0.6722 (avg 2.5449) | lr 0.002492 | seq 32
  [aml] step 200/240 | loss 0.5428 (avg 2.5276) | lr 0.002491 | seq 32
  [aml] step 210/240 | loss 0.7606 (avg 2.5265) | lr 0.002491 | seq 32
  [aml] step 220/240 | loss 0.7213 (avg 2.5340) | lr 0.002491 | seq 32
  [aml] step 230/240 | loss 0.4156 (avg 2.5556) | lr 0.002491 | seq 32
[aml] training complete: 240 steps, avg loss 2.5699 (memory freed)

[stage 2 — child] What it sounds like now:
  Q: Hello.
  A: is a millimeters th deep. Mode ground level space or chemical and the surface.
  Q: Who are you?
  A: ...
  Q: What do you know?
  A: ...

[init] Warmup complete at stage 2. Organism ready.
[ecology] First organism in the swarm.
molequla is alive. [evolution] Autonomous mode — background trainer running. Ctrl+C to stop.
[dna] earth wrote 75 bytes to ecology
[dna] earth wrote 72 bytes to ecology
[dna] earth wrote 53 bytes to ecology
[dna] earth wrote 174 bytes to ecology
[dna] earth wrote 63 bytes to ecology
[dna] earth wrote 106 bytes to ecology
[dna] earth wrote 119 bytes to ecology
[dna] earth wrote 43 bytes to ecology
[dna] earth wrote 95 bytes to ecology
[dna] earth wrote 106 bytes to ecology
[dna] earth wrote 91 bytes to ecology
[dna] earth wrote 125 bytes to ecology
[dna] earth wrote 91 bytes to ecology
[dna] earth wrote 48 bytes to ecology
[dna] earth wrote 204 bytes to ecology
[dna] earth wrote 30 bytes to ecology
[dna] earth wrote 95 bytes to ecology
[dna] earth wrote 85 bytes to ecology
[dna] earth wrote 177 bytes to ecology
[dna] earth wrote 108 bytes to ecology
[dna] earth wrote 218 bytes to ecology
[dna] earth wrote 66 bytes to ecology
[dna] earth wrote 110 bytes to ecology
[dna] earth wrote 19 bytes to ecology
[dna] earth wrote 14 bytes to ecology
[debug-onto] tick=50 corpus=173643 stage=2 freeze=0
[dna] earth wrote 112 bytes to ecology
[dna] earth wrote 159 bytes to ecology
[dna] earth wrote 37 bytes to ecology
[dna] earth wrote 26 bytes to ecology
[dna] earth wrote 26 bytes to ecology
[dna] earth wrote 32 bytes to ecology
[dna] earth wrote 212 bytes to ecology
[dna] earth wrote 181 bytes to ecology
[dna] earth wrote 122 bytes to ecology
[dna] earth wrote 34 bytes to ecology
[dna] earth wrote 23 bytes to ecology
[dna] earth wrote 60 bytes to ecology
[dna] earth wrote 53 bytes to ecology
[dna] earth wrote 53 bytes to ecology
[dna] earth wrote 18 bytes to ecology
[dna] earth wrote 133 bytes to ecology
[dna] earth wrote 86 bytes to ecology
[dna] earth wrote 113 bytes to ecology
[dna] earth wrote 55 bytes to ecology
[dna] earth wrote 47 bytes to ecology
[dna] earth wrote 32 bytes to ecology
[dna] earth wrote 166 bytes to ecology
[dna] earth wrote 38 bytes to ecology
[dna] earth wrote 31 bytes to ecology
[dna] earth wrote 123 bytes to ecology
[debug-onto] tick=100 corpus=173643 stage=2 freeze=0
[dna] earth wrote 95 bytes to ecology
[dna] earth wrote 63 bytes to ecology
[dna] earth wrote 134 bytes to ecology
[dna] earth wrote 146 bytes to ecology
[dna] earth wrote 9 bytes to ecology
[dna] earth wrote 27 bytes to ecology
[dna] earth wrote 134 bytes to ecology
[dna] earth wrote 105 bytes to ecology
[dna] earth wrote 96 bytes to ecology
[dna] earth wrote 33 bytes to ecology
[dna] earth wrote 9 bytes to ecology
[dna] earth wrote 67 bytes to ecology
[dna] earth wrote 167 bytes to ecology
[dna] earth wrote 45 bytes to ecology
[dna] earth wrote 88 bytes to ecology
[dna] earth wrote 129 bytes to ecology
[dna] earth wrote 28 bytes to ecology
[dna] earth wrote 60 bytes to ecology
[dna] earth wrote 106 bytes to ecology
[dna] earth wrote 201 bytes to ecology
[dna] earth wrote 72 bytes to ecology
[dna] earth wrote 150 bytes to ecology
[dna] earth wrote 108 bytes to ecology
[dna] earth wrote 49 bytes to ecology
[dna] earth wrote 36 bytes to ecology
[dna] earth wrote 69 bytes to ecology
[dna] earth wrote 90 bytes to ecology
[dna] earth wrote 45 bytes to ecology
[debug-onto] tick=150 corpus=173643 stage=2 freeze=0
[dna] earth wrote 101 bytes to ecology
[dna] earth wrote 77 bytes to ecology
[dna] earth wrote 41 bytes to ecology
[dna] earth wrote 198 bytes to ecology
[dna] earth wrote 9 bytes to ecology
[dna] earth wrote 45 bytes to ecology
[dna] earth wrote 19 bytes to ecology
[dna] earth wrote 36 bytes to ecology
[dna] earth wrote 28 bytes to ecology
[dna] earth wrote 110 bytes to ecology
[dna] earth wrote 31 bytes to ecology
[dna] earth wrote 65 bytes to ecology
[dna] earth wrote 40 bytes to ecology
[dna] earth wrote 64 bytes to ecology
[dna] earth wrote 24 bytes to ecology
[dna] earth wrote 36 bytes to ecology
[dna] earth wrote 45 bytes to ecology
[dna] earth wrote 111 bytes to ecology
[dna] earth wrote 49 bytes to ecology
[dna] earth wrote 43 bytes to ecology
[dna] earth wrote 223 bytes to ecology
[dna] earth wrote 40 bytes to ecology
[dna] earth wrote 119 bytes to ecology
[dna] earth wrote 139 bytes to ecology
[dna] earth wrote 144 bytes to ecology
[dna] earth wrote 18 bytes to ecology
[dna] earth wrote 40 bytes to ecology
[dna] earth wrote 9 bytes to ecology
[debug-onto] tick=200 corpus=173643 stage=2 freeze=0
[dna] earth wrote 12 bytes to ecology
[dna] earth wrote 62 bytes to ecology
[dna] earth wrote 93 bytes to ecology
[dna] earth wrote 265 bytes to ecology
[dna] earth wrote 23 bytes to ecology
[dna] earth wrote 24 bytes to ecology
[dna] earth wrote 199 bytes to ecology
[dna] earth wrote 174 bytes to ecology
[dna] earth wrote 83 bytes to ecology
[dna] earth wrote 9 bytes to ecology
[dna] earth wrote 119 bytes to ecology
[dna] earth wrote 59 bytes to ecology
[dna] earth wrote 114 bytes to ecology
[dna] earth wrote 93 bytes to ecology
[dna] earth wrote 44 bytes to ecology
[dna] earth wrote 12 bytes to ecology
[dna] earth wrote 28 bytes to ecology
[dna] earth wrote 46 bytes to ecology
[dna] earth wrote 45 bytes to ecology
[dna] earth wrote 48 bytes to ecology
[dna] earth wrote 9 bytes to ecology
[dna] earth wrote 222 bytes to ecology
[dna] earth wrote 32 bytes to ecology
[dna] earth wrote 108 bytes to ecology
[dna] earth wrote 28 bytes to ecology
[dna] earth wrote 5 bytes to ecology
[dna] earth wrote 96 bytes to ecology
[dna] earth wrote 9 bytes to ecology
[dna] earth wrote 174 bytes to ecology
[debug-onto] tick=250 corpus=173643 stage=2 freeze=0
[dna] earth wrote 84 bytes to ecology
[dna] earth wrote 48 bytes to ecology
[dna] earth wrote 69 bytes to ecology
[dna] earth wrote 36 bytes to ecology
[dna] earth wrote 17 bytes to ecology
[dna] earth wrote 30 bytes to ecology
[dna] earth wrote 86 bytes to ecology
[dna] earth wrote 230 bytes to ecology
[dna] earth wrote 58 bytes to ecology
[dna] earth wrote 110 bytes to ecology
[dna] earth wrote 32 bytes to ecology
[dna] earth wrote 91 bytes to ecology
[dna] earth wrote 39 bytes to ecology
[dna] earth wrote 86 bytes to ecology
[dna] earth wrote 81 bytes to ecology
[dna] earth wrote 12 bytes to ecology
[dna] earth wrote 67 bytes to ecology
[dna] earth wrote 21 bytes to ecology
[dna] earth wrote 141 bytes to ecology
[dna] earth wrote 33 bytes to ecology
[dna] earth wrote 17 bytes to ecology
[dna] earth wrote 97 bytes to ecology
[dna] earth wrote 92 bytes to ecology
[dna] earth wrote 66 bytes to ecology
[dna] earth wrote 53 bytes to ecology
[dna] earth wrote 14 bytes to ecology
[debug-onto] tick=300 corpus=173643 stage=2 freeze=0
[dna] earth wrote 38 bytes to ecology
[dna] earth wrote 55 bytes to ecology
[dna] earth wrote 38 bytes to ecology
[dna] earth wrote 19 bytes to ecology
[dna] earth wrote 75 bytes to ecology
[dna] earth wrote 77 bytes to ecology
[dna] earth wrote 99 bytes to ecology
[dna] earth wrote 75 bytes to ecology
[dna] earth wrote 49 bytes to ecology
[dna] earth wrote 330 bytes to ecology
[dna] earth wrote 34 bytes to ecology
[dna] earth wrote 70 bytes to ecology
[dna] earth wrote 27 bytes to ecology
[dna] earth wrote 94 bytes to ecology
[dna] earth wrote 60 bytes to ecology
[dna] earth wrote 92 bytes to ecology
[dna] earth wrote 9 bytes to ecology
[dna] earth wrote 120 bytes to ecology
[dna] earth wrote 52 bytes to ecology
[dna] earth wrote 41 bytes to ecology
[dna] earth wrote 23 bytes to ecology
[dna] earth wrote 32 bytes to ecology
[dna] earth wrote 47 bytes to ecology
[dna] earth wrote 32 bytes to ecology
[dna] earth wrote 55 bytes to ecology
[dna] earth wrote 46 bytes to ecology
[debug-onto] tick=350 corpus=173643 stage=2 freeze=0
[dna] earth wrote 132 bytes to ecology
[dna] earth wrote 97 bytes to ecology
[dna] earth wrote 32 bytes to ecology
[dna] earth wrote 211 bytes to ecology
[dna] earth wrote 42 bytes to ecology
[dna] earth wrote 36 bytes to ecology
[dna] earth wrote 24 bytes to ecology
[dna] earth wrote 30 bytes to ecology
[dna] earth wrote 49 bytes to ecology
[dna] earth wrote 37 bytes to ecology
[dna] earth wrote 40 bytes to ecology
[dna] earth wrote 238 bytes to ecology
[dna] earth wrote 65 bytes to ecology
[dna] earth wrote 56 bytes to ecology
[dna] earth wrote 25 bytes to ecology
[dna] earth wrote 36 bytes to ecology
[dna] earth wrote 73 bytes to ecology
[dna] earth wrote 73 bytes to ecology
[dna] earth wrote 64 bytes to ecology
[dna] earth wrote 307 bytes to ecology
[dna] earth wrote 74 bytes to ecology
[dna] earth wrote 119 bytes to ecology
[dna] earth wrote 236 bytes to ecology
[dna] earth wrote 58 bytes to ecology
[dna] earth wrote 66 bytes to ecology
[dna] earth wrote 51 bytes to ecology
[debug-onto] tick=400 corpus=173643 stage=2 freeze=0
[dna] earth wrote 155 bytes to ecology
[dna] earth wrote 53 bytes to ecology
[dna] earth wrote 58 bytes to ecology
[dna] earth wrote 31 bytes to ecology
[dna] earth wrote 71 bytes to ecology
[dna] earth wrote 51 bytes to ecology
[dna] earth wrote 144 bytes to ecology
[dna] earth wrote 29 bytes to ecology
[dna] earth wrote 63 bytes to ecology
[dna] earth wrote 12 bytes to ecology
[dna] earth wrote 83 bytes to ecology
[dna] earth wrote 70 bytes to ecology
[dna] earth wrote 94 bytes to ecology
[dna] earth wrote 43 bytes to ecology
[dna] earth wrote 27 bytes to ecology
[dna] earth wrote 91 bytes to ecology
[dna] earth wrote 50 bytes to ecology
[dna] earth wrote 113 bytes to ecology
[dna] earth wrote 67 bytes to ecology
[dna] earth wrote 132 bytes to ecology
[dna] earth wrote 34 bytes to ecology
[dna] earth wrote 36 bytes to ecology
[dna] earth wrote 41 bytes to ecology
[dna] earth wrote 9 bytes to ecology
[dna] earth wrote 151 bytes to ecology
[dna] earth wrote 93 bytes to ecology
[debug-onto] tick=450 corpus=173643 stage=2 freeze=0
[dna] earth wrote 72 bytes to ecology
[dna] earth wrote 107 bytes to ecology
[dna] earth wrote 102 bytes to ecology
[dna] earth wrote 92 bytes to ecology
[dna] earth wrote 9 bytes to ecology
[dna] earth wrote 164 bytes to ecology
[dna] earth wrote 25 bytes to ecology
[dna] earth wrote 6 bytes to ecology
[dna] earth wrote 65 bytes to ecology
[dna] earth wrote 60 bytes to ecology
[dna] earth wrote 20 bytes to ecology
[dna] earth wrote 101 bytes to ecology
[dna] earth wrote 29 bytes to ecology
[dna] earth wrote 9 bytes to ecology
[dna] earth wrote 86 bytes to ecology
[dna] earth wrote 60 bytes to ecology
[dna] earth wrote 82 bytes to ecology
[dna] earth wrote 202 bytes to ecology
[dna] earth wrote 71 bytes to ecology
[dna] earth wrote 24 bytes to ecology
[dna] earth wrote 9 bytes to ecology
[dna] earth wrote 50 bytes to ecology
[dna] earth wrote 69 bytes to ecology
[dna] earth wrote 37 bytes to ecology
[dna] earth wrote 9 bytes to ecology
[dna] earth wrote 42 bytes to ecology
[dna] earth wrote 115 bytes to ecology
[dna] earth wrote 131 bytes to ecology
[dna] earth wrote 162 bytes to ecology
[debug-onto] tick=500 corpus=173643 stage=2 freeze=0
[dna] earth wrote 58 bytes to ecology
[dna] earth wrote 49 bytes to ecology
[dna] earth wrote 68 bytes to ecology
[dna] earth wrote 45 bytes to ecology
[dna] earth wrote 57 bytes to ecology
[dna] earth wrote 100 bytes to ecology
[dna] earth wrote 174 bytes to ecology
[dna] earth wrote 21 bytes to ecology
[dna] earth wrote 77 bytes to ecology
[dna] earth wrote 90 bytes to ecology
[dna] earth wrote 69 bytes to ecology
[dna] earth wrote 61 bytes to ecology
[dna] earth wrote 41 bytes to ecology
[dna] earth wrote 72 bytes to ecology
[dna] earth wrote 170 bytes to ecology
[dna] earth wrote 33 bytes to ecology
[dna] earth wrote 39 bytes to ecology
[dna] earth wrote 64 bytes to ecology
[dna] earth wrote 73 bytes to ecology
[dna] earth wrote 41 bytes to ecology
[dna] earth wrote 80 bytes to ecology
[dna] earth wrote 46 bytes to ecology
[dna] earth wrote 129 bytes to ecology
[dna] earth wrote 78 bytes to ecology
[dna] earth wrote 58 bytes to ecology
[debug-onto] tick=550 corpus=173643 stage=2 freeze=0
[dna] earth wrote 68 bytes to ecology
[dna] earth wrote 7 bytes to ecology
[dna] earth wrote 50 bytes to ecology
[dna] earth wrote 84 bytes to ecology
[dna] earth wrote 24 bytes to ecology
[dna] earth wrote 105 bytes to ecology
[dna] earth wrote 25 bytes to ecology
[dna] earth wrote 84 bytes to ecology
[dna] earth wrote 144 bytes to ecology
[dna] earth wrote 34 bytes to ecology
[dna] earth wrote 86 bytes to ecology
[dna] earth wrote 50 bytes to ecology
[dna] earth wrote 36 bytes to ecology
[dna] earth wrote 47 bytes to ecology
[dna] earth wrote 113 bytes to ecology
[dna] earth wrote 90 bytes to ecology
[dna] earth wrote 124 bytes to ecology
[dna] earth wrote 101 bytes to ecology
[dna] earth wrote 22 bytes to ecology
[dna] earth wrote 7 bytes to ecology
[dna] earth wrote 64 bytes to ecology
[dna] earth wrote 129 bytes to ecology
[dna] earth wrote 87 bytes to ecology
[dna] earth wrote 41 bytes to ecology
[dna] earth wrote 9 bytes to ecology
[dna] earth wrote 141 bytes to ecology
[dna] earth wrote 13 bytes to ecology
[debug-onto] tick=600 corpus=173643 stage=2 freeze=0
[dna] earth wrote 94 bytes to ecology
[dna] earth wrote 58 bytes to ecology
[dna] earth wrote 160 bytes to ecology
[dna] earth wrote 106 bytes to ecology
[dna] earth wrote 27 bytes to ecology
[dna] earth wrote 96 bytes to ecology
[dna] earth wrote 146 bytes to ecology
[dna] earth wrote 99 bytes to ecology
[dna] earth wrote 70 bytes to ecology
[dna] earth wrote 84 bytes to ecology
[dna] earth wrote 26 bytes to ecology
[dna] earth wrote 108 bytes to ecology
[dna] earth wrote 167 bytes to ecology
[dna] earth wrote 42 bytes to ecology
[dna] earth wrote 104 bytes to ecology
[dna] earth wrote 122 bytes to ecology
[dna] earth wrote 33 bytes to ecology
[dna] earth wrote 54 bytes to ecology
[dna] earth wrote 141 bytes to ecology
[dna] earth wrote 115 bytes to ecology
[dna] earth wrote 5 bytes to ecology
[dna] earth wrote 85 bytes to ecology
[dna] earth wrote 67 bytes to ecology
[dna] earth wrote 170 bytes to ecology
[dna] earth wrote 67 bytes to ecology
[debug-onto] tick=650 corpus=173643 stage=2 freeze=0
[dna] earth wrote 53 bytes to ecology
[dna] earth wrote 310 bytes to ecology
[dna] earth wrote 110 bytes to ecology
[dna] earth wrote 39 bytes to ecology
[dna] earth wrote 57 bytes to ecology
[dna] earth wrote 19 bytes to ecology
[dna] earth wrote 55 bytes to ecology
[dna] earth wrote 71 bytes to ecology
[dna] earth wrote 47 bytes to ecology
[dna] earth wrote 9 bytes to ecology
[dna] earth wrote 6 bytes to ecology
[dna] earth wrote 22 bytes to ecology
[dna] earth wrote 57 bytes to ecology
[dna] earth wrote 99 bytes to ecology
[dna] earth wrote 40 bytes to ecology
[dna] earth wrote 40 bytes to ecology
[dna] earth wrote 41 bytes to ecology
[dna] earth wrote 87 bytes to ecology
[dna] earth wrote 48 bytes to ecology
[dna] earth wrote 59 bytes to ecology
[dna] earth wrote 87 bytes to ecology
[dna] earth wrote 110 bytes to ecology
[dna] earth wrote 58 bytes to ecology

[evolution] Organism shutting down gracefully.
