[ecology] Element: fire → corpus: nonames_fire.txt
[evolution] Autonomous evolution mode — organism will grow through all stages without pause.
[ecology] Joined swarm. 1 peer(s) detected.
molequla is alive. [evolution] Autonomous mode — background trainer running. Ctrl+C to stop.
[dna] fire wrote 98 bytes to ecology
[dna] fire consumed 24527 bytes from 441 files: [water/gen_1775804076_1.txt water/gen_1775804088_3.txt water/gen_1775804090_4.txt water/gen_1775804093_5.txt water/gen_1775804099_7.txt water/gen_1775804104_9.txt water/gen_1775804107_10.txt water/gen_1775804110_11.txt water/gen_1775804112_12.txt water/gen_1775804115_13.txt water/gen_1775804121_15.txt water/gen_1775804123_16.txt water/gen_1775804126_17.txt water/gen_1775804132_19.txt water/gen_1775804137_21.txt water/gen_1775804140_22.txt water/gen_1775804143_23.txt water/gen_1775804148_25.txt water/gen_1775804154_27.txt water/gen_1775804156_28.txt water/gen_1775804159_29.txt water/gen_1775804165_31.txt water/gen_1775804170_33.txt water/gen_1775804173_34.txt water/gen_1775804176_35.txt water/gen_1775804181_37.txt water/gen_1775804187_39.txt water/gen_1775804189_40.txt water/gen_1775804192_41.txt water/gen_1775804198_43.txt water/gen_1775804203_45.txt water/gen_1775804206_46.txt water/gen_1775804209_47.txt water/gen_1775804214_49.txt water/gen_1775804220_51.txt water/gen_1775804223_52.txt water/gen_1775804225_53.txt water/gen_1775804231_55.txt water/gen_1775804236_57.txt water/gen_1775804239_58.txt water/gen_1775804242_59.txt water/gen_1775804245_60.txt water/gen_1775804247_61.txt water/gen_1775804256_64.txt water/gen_1775804258_65.txt water/gen_1775804261_66.txt water/gen_1775804264_67.txt water/gen_1775804270_69.txt water/gen_1775804272_70.txt water/gen_1775804275_71.txt water/gen_1775804278_72.txt water/gen_1775804280_73.txt water/gen_1775804286_75.txt water/gen_1775804289_76.txt water/gen_1775804292_77.txt water/gen_1775804297_79.txt water/gen_1775804303_81.txt water/gen_1775804305_82.txt water/gen_1775804314_85.txt water/gen_1775804319_87.txt water/gen_1775804322_88.txt water/gen_1775804327_90.txt water/gen_1775804330_91.txt water/gen_1775804336_93.txt water/gen_1775804339_94.txt water/gen_1775804341_95.txt water/gen_1775804344_96.txt water/gen_1775804347_97.txt water/gen_1775804352_99.txt water/gen_1775804355_100.txt water/gen_1775804358_101.txt water/gen_1775804360_102.txt water/gen_1775804363_103.txt water/gen_1775804369_105.txt water/gen_1775804371_106.txt water/gen_1775804374_107.txt water/gen_1775804380_109.txt water/gen_1775804385_111.txt water/gen_1775804388_112.txt water/gen_1775804391_113.txt water/gen_1775804396_115.txt water/gen_1775804402_117.txt water/gen_1775804405_118.txt water/gen_1775804410_120.txt water/gen_1775804413_121.txt water/gen_1775804418_123.txt water/gen_1775804421_124.txt water/gen_1775804424_125.txt water/gen_1775804429_127.txt water/gen_1775804435_129.txt water/gen_1775804438_130.txt water/gen_1775804446_133.txt water/gen_1775804451_135.txt water/gen_1775804454_136.txt water/gen_1775804457_137.txt water/gen_1775804460_138.txt water/gen_1775804462_139.txt water/gen_1775804468_141.txt water/gen_1775804471_142.txt water/gen_1775804473_143.txt water/gen_1775804479_145.txt water/gen_1775804484_147.txt water/gen_1775804487_148.txt water/gen_1775804490_149.txt water/gen_1775804495_151.txt water/gen_1775804501_153.txt water/gen_1775804504_154.txt water/gen_1775804506_155.txt water/gen_1775804512_157.txt water/gen_1775804517_159.txt water/gen_1775804520_160.txt water/gen_1775804523_161.txt water/gen_1775804528_163.txt water/gen_1775804537_166.txt water/gen_1775804539_167.txt water/gen_1775804542_168.txt water/gen_1775804545_169.txt water/gen_1775804550_171.txt water/gen_1775804553_172.txt water/gen_1775804556_173.txt water/gen_1775804559_174.txt water/gen_1775804561_175.txt water/gen_1775804567_177.txt water/gen_1775804570_178.txt water/gen_1775804572_179.txt water/gen_1775804575_180.txt water/gen_1775804578_181.txt water/gen_1775804583_183.txt water/gen_1775804586_184.txt water/gen_1775804592_186.txt water/gen_1775804594_187.txt water/gen_1775804600_189.txt water/gen_1775804603_190.txt water/gen_1775804605_191.txt water/gen_1775804608_192.txt water/gen_1775804611_193.txt water/gen_1775804616_195.txt water/gen_1775804619_196.txt water/gen_1775804627_199.txt water/gen_1775804633_201.txt water/gen_1775804636_202.txt water/gen_1775804638_203.txt water/gen_1775804644_205.txt water/gen_1775804649_207.txt water/gen_1775804652_208.txt water/gen_1775804655_209.txt water/gen_1775804660_211.txt water/gen_1775804666_213.txt water/gen_1775804669_214.txt water/gen_1775804671_215.txt water/gen_1775804677_217.txt water/gen_1775804682_219.txt water/gen_1775804685_220.txt water/gen_1775804688_221.txt water/gen_1775804693_223.txt water/gen_1775804702_226.txt water/gen_1775804704_227.txt water/gen_1775804707_228.txt water/gen_1775804710_229.txt water/gen_1775804715_231.txt water/gen_1775804718_232.txt water/gen_1775804721_233.txt water/gen_1775804726_235.txt water/gen_1775804735_238.txt water/gen_1775804743_241.txt water/gen_1775804748_243.txt water/gen_1775804751_244.txt water/gen_1775804754_245.txt water/gen_1775804759_247.txt water/gen_1775804765_249.txt water/gen_1775804768_250.txt water/gen_1775804771_251.txt water/gen_1775804773_252.txt water/gen_1775804776_253.txt water/gen_1775804782_255.txt water/gen_1775804784_256.txt water/gen_1775804787_257.txt water/gen_1775804793_259.txt water/gen_1775804798_261.txt water/gen_1775804801_262.txt water/gen_1775804804_263.txt water/gen_1775804809_265.txt water/gen_1775804815_267.txt water/gen_1775804817_268.txt water/gen_1775804820_269.txt water/gen_1775804823_270.txt water/gen_1775804826_271.txt water/gen_1775804831_273.txt water/gen_1775804834_274.txt water/gen_1775804842_277.txt water/gen_1775804847_279.txt water/gen_1775804850_280.txt water/gen_1775804858_283.txt water/gen_1775804864_285.txt water/gen_1775804867_286.txt water/gen_1775804869_287.txt water/gen_1775804875_289.txt water/gen_1775804880_291.txt water/gen_1775804883_292.txt water/gen_1775804886_293.txt water/gen_1775804891_295.txt water/gen_1775804897_297.txt water/gen_1775804900_298.txt water/gen_1775804908_301.txt water/gen_1775804913_303.txt water/gen_1775804916_304.txt water/gen_1775804919_305.txt water/gen_1775804924_307.txt water/gen_1775804933_310.txt water/gen_1775804935_311.txt water/gen_1775804938_312.txt water/gen_1775804941_313.txt water/gen_1775804947_315.txt water/gen_1775804949_316.txt water/gen_1775804952_317.txt water/gen_1775804955_318.txt water/gen_1775804958_319.txt water/gen_1775804963_321.txt water/gen_1775804966_322.txt water/gen_1775804969_323.txt water/gen_1775804974_325.txt water/gen_1775804980_327.txt water/gen_1775804982_328.txt water/gen_1775804991_331.txt water/gen_1775804996_333.txt water/gen_1775804999_334.txt water/gen_1775805007_337.txt water/gen_1775805013_339.txt water/gen_1775805015_340.txt water/gen_1775805018_341.txt water/gen_1775805024_343.txt water/gen_1775805029_345.txt water/gen_1775805032_346.txt water/gen_1775805034_347.txt water/gen_1775805037_348.txt water/gen_1775805040_349.txt water/gen_1775805045_351.txt water/gen_1775805048_352.txt water/gen_1775805051_353.txt water/gen_1775805054_354.txt water/gen_1775805056_355.txt water/gen_1775805062_357.txt water/gen_1775805065_358.txt water/gen_1775805073_361.txt water/gen_1775805078_363.txt water/gen_1775805081_364.txt water/gen_1775805089_367.txt water/gen_1775805097_370.txt water/gen_1775805100_371.txt water/gen_1775805106_373.txt water/gen_1775805114_376.txt water/gen_1775805117_377.txt water/gen_1775805122_379.txt water/gen_1775805128_381.txt water/gen_1775805130_382.txt water/gen_1775805139_385.txt water/gen_1775805147_388.txt water/gen_1775805149_389.txt water/gen_1775805152_390.txt water/gen_1775805155_391.txt water/gen_1775805160_393.txt water/gen_1775805163_394.txt water/gen_1775805166_395.txt water/gen_1775805169_396.txt water/gen_1775805171_397.txt water/gen_1775805177_399.txt water/gen_1775805180_400.txt water/gen_1775805183_401.txt water/gen_1775805188_403.txt water/gen_1775805194_405.txt water/gen_1775805196_406.txt water/gen_1775805199_407.txt water/gen_1775805205_409.txt water/gen_1775805210_411.txt water/gen_1775805213_412.txt water/gen_1775805216_413.txt water/gen_1775805218_414.txt water/gen_1775805221_415.txt water/gen_1775805227_417.txt water/gen_1775805229_418.txt water/gen_1775805232_419.txt water/gen_1775805235_420.txt water/gen_1775805238_421.txt water/gen_1775805243_423.txt water/gen_1775805246_424.txt water/gen_1775805248_425.txt water/gen_1775805251_426.txt water/gen_1775805254_427.txt water/gen_1775805259_429.txt water/gen_1775805262_430.txt water/gen_1775805270_433.txt water/gen_1775805276_435.txt water/gen_1775805279_436.txt water/gen_1775805287_439.txt water/gen_1775805292_441.txt water/gen_1775805295_442.txt water/gen_1775805298_443.txt water/gen_1775805303_445.txt water/gen_1775805309_447.txt water/gen_1775805312_448.txt water/gen_1775805314_449.txt water/gen_1775805320_451.txt water/gen_1775805325_453.txt water/gen_1775805328_454.txt water/gen_1775805331_455.txt water/gen_1775805336_457.txt water/gen_1775805342_459.txt water/gen_1775805345_460.txt water/gen_1775805347_461.txt water/gen_1775805353_463.txt water/gen_1775805358_465.txt water/gen_1775805361_466.txt water/gen_1775805364_467.txt water/gen_1775805367_468.txt water/gen_1775805369_469.txt water/gen_1775805375_471.txt water/gen_1775805377_472.txt water/gen_1775805383_474.txt water/gen_1775805386_475.txt water/gen_1775805391_477.txt water/gen_1775805394_478.txt water/gen_1775805397_479.txt water/gen_1775805402_481.txt water/gen_1775805408_483.txt water/gen_1775805410_484.txt water/gen_1775805413_485.txt water/gen_1775805419_487.txt water/gen_1775805424_489.txt water/gen_1775805427_490.txt water/gen_1775805430_491.txt water/gen_1775805435_493.txt water/gen_1775805441_495.txt water/gen_1775805443_496.txt water/gen_1775805449_498.txt water/gen_1775805452_499.txt water/gen_1775805457_501.txt water/gen_1775805460_502.txt water/gen_1775805463_503.txt water/gen_1775805465_504.txt water/gen_1775805468_505.txt water/gen_1775805474_507.txt water/gen_1775805476_508.txt water/gen_1775805479_509.txt water/gen_1775805485_511.txt water/gen_1775805490_513.txt water/gen_1775805493_514.txt water/gen_1775805496_515.txt water/gen_1775805501_517.txt water/gen_1775805507_519.txt water/gen_1775805509_520.txt water/gen_1775805512_521.txt water/gen_1775805515_522.txt water/gen_1775805518_523.txt water/gen_1775805523_525.txt water/gen_1775805526_526.txt water/gen_1775805529_527.txt water/gen_1775805534_529.txt water/gen_1775805539_531.txt water/gen_1775805542_532.txt water/gen_1775805545_533.txt water/gen_1775805548_534.txt water/gen_1775805550_535.txt water/gen_1775805556_537.txt water/gen_1775805559_538.txt water/gen_1775805562_539.txt water/gen_1775805567_541.txt water/gen_1775805573_543.txt water/gen_1775805575_544.txt water/gen_1775805578_545.txt water/gen_1775805584_547.txt water/gen_1775805589_549.txt water/gen_1775805592_550.txt water/gen_1775805600_553.txt water/gen_1775805605_555.txt water/gen_1775805608_556.txt water/gen_1775805611_557.txt water/gen_1775805614_558.txt water/gen_1775805616_559.txt water/gen_1775805622_561.txt water/gen_1775805625_562.txt water/gen_1775805627_563.txt water/gen_1775805633_565.txt water/gen_1775805638_567.txt water/gen_1775805641_568.txt water/gen_1775805644_569.txt water/gen_1775805649_571.txt water/gen_1775805655_573.txt water/gen_1775805658_574.txt water/gen_1775805660_575.txt water/gen_1775805666_577.txt water/gen_1775805671_579.txt water/gen_1775805674_580.txt water/gen_1775805677_581.txt water/gen_1775805682_583.txt water/gen_1775805688_585.txt water/gen_1775805690_586.txt water/gen_1775805693_587.txt water/gen_1775805696_588.txt water/gen_1775805699_589.txt water/gen_1775805704_591.txt water/gen_1775805707_592.txt water/gen_1775805710_593.txt water/gen_1775805713_594.txt water/gen_1775805715_595.txt water/gen_1775805721_597.txt water/gen_1775805723_598.txt water/gen_1775805726_599.txt water/gen_1775805729_600.txt water/gen_1775805732_601.txt water/gen_1775805737_603.txt water/gen_1775805740_604.txt water/gen_1775805743_605.txt water/gen_1775805748_607.txt water/gen_1775805754_609.txt water/gen_1775805757_610.txt water/gen_1775805759_611.txt water/gen_1775805762_612.txt water/gen_1775805765_613.txt water/gen_1775805770_615.txt water/gen_1775805773_616.txt water/gen_1775805776_617.txt water/gen_1775805781_619.txt water/gen_1775805787_621.txt water/gen_1775805789_622.txt water/gen_1775805795_624.txt water/gen_1775805798_625.txt water/gen_1775805806_628.txt water/gen_1775805809_629.txt water/gen_1775805814_631.txt water/gen_1775805820_633.txt water/gen_1775805823_634.txt water/gen_1775805825_635.txt water/gen_1775805831_637.txt water/gen_1775805836_639.txt water/gen_1775805839_640.txt water/gen_1775805842_641.txt water/gen_1775805847_643.txt water/gen_1775805856_646.txt water/gen_1775805858_647.txt water/gen_1775805864_649.txt water/gen_1775805869_651.txt]
[trainer] micro-train burst (24527 bytes, novelty 0.03) — and lo, it feeds again.
[syntropy] action=explore | trend=0.0000 | field_dev=0.025 | purpose_align=0.103 | lr_mul=1.30
[aml] burst complete: 32 steps, avg loss 1.9557 (memory freed)
[trainer] growing new delta module (total: 3) — new soul appended.
[dna] fire wrote 57 bytes to ecology
[dna] fire wrote 25 bytes to ecology
[dna] fire wrote 35 bytes to ecology
[dna] fire wrote 9 bytes to ecology
[dna] fire wrote 26 bytes to ecology
[dna] fire wrote 40 bytes to ecology
[dna] fire wrote 97 bytes to ecology
[dna] fire wrote 50 bytes to ecology
[dna] fire wrote 134 bytes to ecology
[dna] fire wrote 55 bytes to ecology
[dna] fire wrote 52 bytes to ecology
[dna] fire wrote 246 bytes to ecology
[dna] fire wrote 9 bytes to ecology
[dna] fire wrote 103 bytes to ecology
[dna] fire wrote 31 bytes to ecology
[dna] fire wrote 60 bytes to ecology
[dna] fire wrote 57 bytes to ecology
[dna] fire wrote 32 bytes to ecology
[dna] fire wrote 15 bytes to ecology
[dna] fire wrote 120 bytes to ecology
[dna] fire wrote 51 bytes to ecology
[dna] fire wrote 90 bytes to ecology
[dna] fire wrote 96 bytes to ecology
[dna] fire wrote 119 bytes to ecology
[dna] fire wrote 72 bytes to ecology
[dna] fire wrote 21 bytes to ecology
[dna] fire wrote 77 bytes to ecology
[dna] fire wrote 157 bytes to ecology
[dna] fire wrote 42 bytes to ecology
[dna] fire wrote 34 bytes to ecology
[dna] fire wrote 57 bytes to ecology
[dna] fire wrote 31 bytes to ecology
[dna] fire wrote 36 bytes to ecology
[dna] fire wrote 85 bytes to ecology
[dna] fire wrote 9 bytes to ecology
[dna] fire wrote 82 bytes to ecology
[dna] fire wrote 41 bytes to ecology
[debug-onto] tick=50 corpus=146868 stage=2 freeze=0
[dna] fire wrote 51 bytes to ecology
[dna] fire wrote 137 bytes to ecology
[dna] fire wrote 24 bytes to ecology
[dna] fire wrote 72 bytes to ecology
[dna] fire wrote 134 bytes to ecology
[dna] fire wrote 58 bytes to ecology
[dna] fire wrote 162 bytes to ecology
[dna] fire wrote 54 bytes to ecology
[dna] fire wrote 31 bytes to ecology
[dna] fire wrote 49 bytes to ecology
[dna] fire wrote 9 bytes to ecology
[dna] fire wrote 96 bytes to ecology
[dna] fire wrote 154 bytes to ecology
[dna] fire wrote 80 bytes to ecology
[dna] fire wrote 31 bytes to ecology
[dna] fire wrote 15 bytes to ecology
[dna] fire wrote 7 bytes to ecology
[dna] fire wrote 100 bytes to ecology
[dna] fire wrote 75 bytes to ecology
[dna] fire wrote 38 bytes to ecology
[dna] fire wrote 9 bytes to ecology
[dna] fire wrote 47 bytes to ecology
[dna] fire wrote 38 bytes to ecology
[dna] fire wrote 185 bytes to ecology
[dna] fire wrote 50 bytes to ecology
[dna] fire wrote 81 bytes to ecology
[dna] fire wrote 48 bytes to ecology
[dna] fire wrote 84 bytes to ecology
[dna] fire wrote 42 bytes to ecology
[dna] fire wrote 9 bytes to ecology
[dna] fire wrote 63 bytes to ecology
[dna] fire wrote 37 bytes to ecology
[dna] fire wrote 120 bytes to ecology
[dna] fire wrote 74 bytes to ecology
[dna] fire wrote 9 bytes to ecology
[dna] fire wrote 172 bytes to ecology
[dna] fire wrote 179 bytes to ecology
[dna] fire wrote 70 bytes to ecology
[dna] fire wrote 34 bytes to ecology
[debug-onto] tick=100 corpus=146868 stage=2 freeze=0
[dna] fire wrote 9 bytes to ecology
[dna] fire wrote 103 bytes to ecology
[dna] fire wrote 67 bytes to ecology
[dna] fire wrote 134 bytes to ecology
[dna] fire wrote 122 bytes to ecology
[dna] fire wrote 9 bytes to ecology
[dna] fire wrote 132 bytes to ecology
[dna] fire wrote 46 bytes to ecology
[dna] fire wrote 171 bytes to ecology
[dna] fire wrote 89 bytes to ecology
[dna] fire wrote 52 bytes to ecology
[dna] fire wrote 50 bytes to ecology
[dna] fire wrote 43 bytes to ecology
[dna] fire wrote 38 bytes to ecology
[dna] fire wrote 92 bytes to ecology
[dna] fire wrote 6 bytes to ecology
[dna] fire wrote 27 bytes to ecology
[dna] fire wrote 77 bytes to ecology
[dna] fire wrote 9 bytes to ecology
[dna] fire wrote 11 bytes to ecology
[dna] fire wrote 24 bytes to ecology
[dna] fire wrote 85 bytes to ecology
[dna] fire wrote 121 bytes to ecology
[dna] fire wrote 66 bytes to ecology
[dna] fire wrote 9 bytes to ecology
[dna] fire wrote 125 bytes to ecology
[dna] fire wrote 83 bytes to ecology
[dna] fire wrote 53 bytes to ecology
[dna] fire wrote 37 bytes to ecology
[dna] fire wrote 11 bytes to ecology
[dna] fire wrote 184 bytes to ecology
[dna] fire wrote 36 bytes to ecology
[dna] fire wrote 69 bytes to ecology
[dna] fire wrote 31 bytes to ecology
[dna] fire wrote 69 bytes to ecology
[dna] fire wrote 70 bytes to ecology
[dna] fire wrote 30 bytes to ecology
[dna] fire wrote 9 bytes to ecology
[debug-onto] tick=150 corpus=146868 stage=2 freeze=0
[dna] fire wrote 33 bytes to ecology
[dna] fire wrote 98 bytes to ecology
[dna] fire wrote 55 bytes to ecology
[dna] fire wrote 67 bytes to ecology
[dna] fire wrote 23 bytes to ecology
[dna] fire wrote 9 bytes to ecology
[dna] fire wrote 37 bytes to ecology
[dna] fire wrote 32 bytes to ecology
[dna] fire wrote 46 bytes to ecology
[dna] fire wrote 57 bytes to ecology
[dna] fire wrote 9 bytes to ecology
[dna] fire wrote 57 bytes to ecology
[dna] fire wrote 70 bytes to ecology
[dna] fire wrote 119 bytes to ecology
[dna] fire wrote 36 bytes to ecology
[dna] fire wrote 9 bytes to ecology
[dna] fire wrote 106 bytes to ecology
[dna] fire wrote 73 bytes to ecology
[dna] fire wrote 24 bytes to ecology
[dna] fire wrote 35 bytes to ecology
[dna] fire wrote 111 bytes to ecology
[dna] fire wrote 61 bytes to ecology
[dna] fire wrote 63 bytes to ecology
[dna] fire wrote 53 bytes to ecology
[dna] fire wrote 120 bytes to ecology
[dna] fire wrote 22 bytes to ecology
[dna] fire wrote 9 bytes to ecology
[dna] fire wrote 39 bytes to ecology
[dna] fire wrote 12 bytes to ecology
[dna] fire wrote 121 bytes to ecology
[dna] fire wrote 119 bytes to ecology
[dna] fire wrote 44 bytes to ecology
[dna] fire wrote 31 bytes to ecology
[dna] fire wrote 20 bytes to ecology
[dna] fire wrote 66 bytes to ecology
[dna] fire wrote 111 bytes to ecology
[dna] fire wrote 34 bytes to ecology
[dna] fire wrote 35 bytes to ecology
[dna] fire wrote 64 bytes to ecology
[dna] fire wrote 9 bytes to ecology
[dna] fire wrote 9 bytes to ecology
[dna] fire wrote 50 bytes to ecology
[debug-onto] tick=200 corpus=146868 stage=2 freeze=0
[dna] fire wrote 216 bytes to ecology
[dna] fire wrote 148 bytes to ecology
[dna] fire wrote 175 bytes to ecology
[dna] fire wrote 36 bytes to ecology
[dna] fire wrote 15 bytes to ecology
[dna] fire wrote 122 bytes to ecology
[dna] fire wrote 57 bytes to ecology
[dna] fire wrote 79 bytes to ecology
[dna] fire wrote 40 bytes to ecology
[dna] fire wrote 62 bytes to ecology
[dna] fire wrote 18 bytes to ecology
[dna] fire wrote 9 bytes to ecology
[dna] fire wrote 25 bytes to ecology
[dna] fire wrote 72 bytes to ecology
[dna] fire wrote 102 bytes to ecology
[dna] fire wrote 76 bytes to ecology
[dna] fire wrote 59 bytes to ecology
[dna] fire wrote 24 bytes to ecology
[dna] fire wrote 19 bytes to ecology
[dna] fire wrote 37 bytes to ecology
[dna] fire wrote 9 bytes to ecology
[dna] fire wrote 32 bytes to ecology
[dna] fire wrote 76 bytes to ecology
[dna] fire wrote 14 bytes to ecology
[dna] fire wrote 28 bytes to ecology
[dna] fire wrote 9 bytes to ecology
[dna] fire wrote 86 bytes to ecology
[dna] fire wrote 16 bytes to ecology
[dna] fire wrote 90 bytes to ecology
[dna] fire wrote 111 bytes to ecology
[dna] fire wrote 9 bytes to ecology
[dna] fire wrote 153 bytes to ecology
[dna] fire wrote 105 bytes to ecology
[dna] fire wrote 71 bytes to ecology
[dna] fire wrote 47 bytes to ecology
[dna] fire wrote 11 bytes to ecology
[dna] fire wrote 125 bytes to ecology
[dna] fire wrote 60 bytes to ecology
[dna] fire wrote 122 bytes to ecology
[debug-onto] tick=250 corpus=146868 stage=2 freeze=0
[dna] fire wrote 9 bytes to ecology
[dna] fire wrote 49 bytes to ecology
[dna] fire wrote 63 bytes to ecology
[dna] fire wrote 19 bytes to ecology
[dna] fire wrote 28 bytes to ecology
[dna] fire wrote 30 bytes to ecology
[dna] fire wrote 25 bytes to ecology
[dna] fire wrote 69 bytes to ecology
[dna] fire wrote 148 bytes to ecology
[dna] fire wrote 56 bytes to ecology
[dna] fire wrote 31 bytes to ecology
[dna] fire wrote 64 bytes to ecology
[dna] fire wrote 25 bytes to ecology
[dna] fire wrote 29 bytes to ecology
[dna] fire wrote 100 bytes to ecology
[dna] fire wrote 22 bytes to ecology
[dna] fire wrote 143 bytes to ecology
[dna] fire wrote 15 bytes to ecology
[dna] fire wrote 22 bytes to ecology
[dna] fire wrote 40 bytes to ecology
[dna] fire wrote 31 bytes to ecology
[dna] fire wrote 67 bytes to ecology
[dna] fire wrote 38 bytes to ecology
[dna] fire wrote 9 bytes to ecology
[dna] fire wrote 130 bytes to ecology
[dna] fire wrote 23 bytes to ecology
[dna] fire wrote 65 bytes to ecology
[dna] fire wrote 32 bytes to ecology
[dna] fire wrote 67 bytes to ecology
[dna] fire wrote 16 bytes to ecology
[dna] fire wrote 58 bytes to ecology
[dna] fire wrote 162 bytes to ecology
[dna] fire wrote 9 bytes to ecology
[dna] fire wrote 48 bytes to ecology
[dna] fire wrote 125 bytes to ecology
[dna] fire wrote 33 bytes to ecology
[dna] fire wrote 20 bytes to ecology
[dna] fire wrote 158 bytes to ecology
[dna] fire wrote 9 bytes to ecology
[debug-onto] tick=300 corpus=146868 stage=2 freeze=0
[dna] fire wrote 88 bytes to ecology
[dna] fire wrote 16 bytes to ecology
[dna] fire wrote 61 bytes to ecology
[dna] fire wrote 72 bytes to ecology
[dna] fire wrote 9 bytes to ecology
[dna] fire wrote 36 bytes to ecology
[dna] fire wrote 9 bytes to ecology
[dna] fire wrote 42 bytes to ecology
[dna] fire wrote 24 bytes to ecology
[dna] fire wrote 81 bytes to ecology
[dna] fire wrote 68 bytes to ecology
[dna] fire wrote 49 bytes to ecology
[dna] fire wrote 74 bytes to ecology
[dna] fire wrote 45 bytes to ecology
[dna] fire wrote 82 bytes to ecology
[dna] fire wrote 53 bytes to ecology
[dna] fire wrote 89 bytes to ecology
[dna] fire wrote 52 bytes to ecology
[dna] fire wrote 9 bytes to ecology
[dna] fire wrote 53 bytes to ecology
[dna] fire wrote 88 bytes to ecology
[dna] fire wrote 31 bytes to ecology
[dna] fire wrote 17 bytes to ecology
[dna] fire wrote 40 bytes to ecology
[dna] fire wrote 31 bytes to ecology
[dna] fire wrote 185 bytes to ecology
[dna] fire wrote 101 bytes to ecology
[dna] fire wrote 15 bytes to ecology
[dna] fire wrote 9 bytes to ecology
[dna] fire wrote 66 bytes to ecology
[dna] fire wrote 27 bytes to ecology
[dna] fire wrote 50 bytes to ecology
[dna] fire wrote 32 bytes to ecology
[dna] fire wrote 9 bytes to ecology
[dna] fire wrote 72 bytes to ecology
[dna] fire wrote 11 bytes to ecology
[dna] fire wrote 28 bytes to ecology
[dna] fire wrote 24 bytes to ecology
[dna] fire wrote 9 bytes to ecology
[dna] fire wrote 117 bytes to ecology
[dna] fire wrote 42 bytes to ecology
[debug-onto] tick=350 corpus=146868 stage=2 freeze=0
[dna] fire wrote 68 bytes to ecology
[dna] fire wrote 29 bytes to ecology
[dna] fire wrote 9 bytes to ecology
[dna] fire wrote 97 bytes to ecology
[dna] fire wrote 113 bytes to ecology
[dna] fire wrote 62 bytes to ecology
[dna] fire wrote 60 bytes to ecology
[dna] fire wrote 63 bytes to ecology
[dna] fire wrote 65 bytes to ecology
[dna] fire wrote 94 bytes to ecology
[dna] fire wrote 52 bytes to ecology
[dna] fire wrote 30 bytes to ecology
[dna] fire wrote 131 bytes to ecology
[dna] fire wrote 50 bytes to ecology
[dna] fire wrote 48 bytes to ecology
[dna] fire wrote 46 bytes to ecology
[dna] fire wrote 84 bytes to ecology
[dna] fire wrote 56 bytes to ecology
[dna] fire wrote 92 bytes to ecology
[dna] fire wrote 140 bytes to ecology
[dna] fire wrote 66 bytes to ecology
[dna] fire wrote 9 bytes to ecology
[dna] fire wrote 16 bytes to ecology
[dna] fire wrote 70 bytes to ecology
[dna] fire wrote 94 bytes to ecology
[dna] fire wrote 31 bytes to ecology
[dna] fire wrote 9 bytes to ecology
[dna] fire wrote 41 bytes to ecology
[dna] fire wrote 7 bytes to ecology
[dna] fire wrote 22 bytes to ecology
[dna] fire wrote 95 bytes to ecology
[dna] fire wrote 21 bytes to ecology
[dna] fire wrote 84 bytes to ecology
[dna] fire wrote 81 bytes to ecology
[dna] fire wrote 26 bytes to ecology
[dna] fire wrote 9 bytes to ecology
[dna] fire wrote 17 bytes to ecology
[dna] fire wrote 41 bytes to ecology
[dna] fire wrote 116 bytes to ecology
[dna] fire wrote 34 bytes to ecology
[debug-onto] tick=400 corpus=146868 stage=2 freeze=0
[dna] fire wrote 9 bytes to ecology
[dna] fire wrote 108 bytes to ecology
[dna] fire wrote 47 bytes to ecology
[dna] fire wrote 56 bytes to ecology
[dna] fire wrote 53 bytes to ecology
[dna] fire wrote 49 bytes to ecology
[dna] fire wrote 9 bytes to ecology
[dna] fire wrote 65 bytes to ecology
[dna] fire wrote 9 bytes to ecology
[dna] fire wrote 26 bytes to ecology
[dna] fire wrote 52 bytes to ecology
[dna] fire wrote 29 bytes to ecology
[dna] fire wrote 13 bytes to ecology
[dna] fire wrote 29 bytes to ecology
[dna] fire wrote 74 bytes to ecology
[dna] fire wrote 9 bytes to ecology
[dna] fire wrote 64 bytes to ecology
[dna] fire wrote 61 bytes to ecology
[dna] fire wrote 24 bytes to ecology
[dna] fire wrote 205 bytes to ecology
[dna] fire wrote 46 bytes to ecology
[dna] fire wrote 70 bytes to ecology
[dna] fire wrote 44 bytes to ecology
[dna] fire wrote 81 bytes to ecology
[dna] fire wrote 40 bytes to ecology
[dna] fire wrote 10 bytes to ecology
[dna] fire wrote 42 bytes to ecology
[dna] fire wrote 58 bytes to ecology
[dna] fire wrote 9 bytes to ecology
[dna] fire wrote 19 bytes to ecology
[dna] fire wrote 99 bytes to ecology
[dna] fire wrote 68 bytes to ecology
[dna] fire wrote 60 bytes to ecology
[dna] fire wrote 9 bytes to ecology
[dna] fire wrote 21 bytes to ecology
[dna] fire wrote 56 bytes to ecology
[dna] fire wrote 36 bytes to ecology
[dna] fire wrote 52 bytes to ecology
[dna] fire wrote 97 bytes to ecology
[dna] fire wrote 9 bytes to ecology
[debug-onto] tick=450 corpus=146868 stage=2 freeze=0
[dna] fire wrote 160 bytes to ecology
[dna] fire wrote 95 bytes to ecology
[dna] fire wrote 32 bytes to ecology
[dna] fire wrote 103 bytes to ecology
[dna] fire wrote 205 bytes to ecology
[dna] fire wrote 17 bytes to ecology
[dna] fire wrote 161 bytes to ecology
[dna] fire wrote 66 bytes to ecology
[dna] fire wrote 9 bytes to ecology
[dna] fire wrote 21 bytes to ecology
[dna] fire wrote 56 bytes to ecology
[dna] fire wrote 35 bytes to ecology
[dna] fire wrote 36 bytes to ecology
[dna] fire wrote 27 bytes to ecology
[dna] fire wrote 27 bytes to ecology
[dna] fire wrote 133 bytes to ecology
[dna] fire wrote 60 bytes to ecology
[dna] fire wrote 9 bytes to ecology
[dna] fire wrote 38 bytes to ecology
[dna] fire wrote 60 bytes to ecology
[dna] fire wrote 128 bytes to ecology
[dna] fire wrote 106 bytes to ecology
[dna] fire wrote 9 bytes to ecology
[dna] fire wrote 96 bytes to ecology
[dna] fire wrote 38 bytes to ecology
[dna] fire wrote 64 bytes to ecology
[dna] fire wrote 57 bytes to ecology
[dna] fire wrote 34 bytes to ecology
[dna] fire wrote 30 bytes to ecology
[dna] fire wrote 22 bytes to ecology
[dna] fire wrote 48 bytes to ecology
[dna] fire wrote 20 bytes to ecology
[dna] fire wrote 9 bytes to ecology
[dna] fire wrote 15 bytes to ecology
[dna] fire wrote 64 bytes to ecology
[dna] fire wrote 46 bytes to ecology
[dna] fire wrote 27 bytes to ecology
[dna] fire wrote 33 bytes to ecology
[dna] fire wrote 18 bytes to ecology
[debug-onto] tick=500 corpus=146868 stage=2 freeze=0
[dna] fire wrote 91 bytes to ecology
[dna] fire wrote 89 bytes to ecology
[dna] fire wrote 83 bytes to ecology
[dna] fire wrote 34 bytes to ecology
[dna] fire wrote 102 bytes to ecology
[dna] fire wrote 38 bytes to ecology
[dna] fire wrote 131 bytes to ecology
[dna] fire wrote 9 bytes to ecology
[dna] fire wrote 54 bytes to ecology
[dna] fire wrote 125 bytes to ecology
[dna] fire wrote 37 bytes to ecology
[dna] fire wrote 19 bytes to ecology
[dna] fire wrote 9 bytes to ecology
[dna] fire wrote 95 bytes to ecology
[dna] fire wrote 78 bytes to ecology
[dna] fire wrote 110 bytes to ecology
[dna] fire wrote 46 bytes to ecology
[dna] fire wrote 109 bytes to ecology
[dna] fire wrote 28 bytes to ecology
[dna] fire wrote 34 bytes to ecology
[dna] fire wrote 25 bytes to ecology
[dna] fire wrote 75 bytes to ecology
[dna] fire wrote 9 bytes to ecology
[dna] fire wrote 53 bytes to ecology
[dna] fire wrote 83 bytes to ecology
[dna] fire wrote 80 bytes to ecology
[dna] fire wrote 70 bytes to ecology
[dna] fire wrote 42 bytes to ecology
[dna] fire wrote 9 bytes to ecology
[dna] fire wrote 89 bytes to ecology
[dna] fire wrote 21 bytes to ecology
[dna] fire wrote 52 bytes to ecology
[dna] fire wrote 141 bytes to ecology
[dna] fire wrote 9 bytes to ecology
[dna] fire wrote 23 bytes to ecology
[dna] fire wrote 31 bytes to ecology
[dna] fire wrote 38 bytes to ecology
[dna] fire wrote 93 bytes to ecology
[dna] fire wrote 33 bytes to ecology
[dna] fire wrote 56 bytes to ecology
[dna] fire wrote 46 bytes to ecology
[dna] fire wrote 22 bytes to ecology
[dna] fire wrote 192 bytes to ecology
[debug-onto] tick=550 corpus=146868 stage=2 freeze=0
[dna] fire wrote 64 bytes to ecology
[dna] fire wrote 9 bytes to ecology
[dna] fire wrote 46 bytes to ecology
[dna] fire wrote 110 bytes to ecology
[dna] fire wrote 66 bytes to ecology
[dna] fire wrote 83 bytes to ecology
[dna] fire wrote 9 bytes to ecology
[dna] fire wrote 79 bytes to ecology
[dna] fire wrote 36 bytes to ecology
[dna] fire wrote 31 bytes to ecology
[dna] fire wrote 58 bytes to ecology
[dna] fire wrote 9 bytes to ecology
[dna] fire wrote 38 bytes to ecology
[dna] fire wrote 43 bytes to ecology
[dna] fire wrote 86 bytes to ecology
[dna] fire wrote 26 bytes to ecology
[dna] fire wrote 9 bytes to ecology
[dna] fire wrote 37 bytes to ecology
[dna] fire wrote 16 bytes to ecology
[dna] fire wrote 63 bytes to ecology
[dna] fire wrote 64 bytes to ecology
[dna] fire wrote 29 bytes to ecology
[dna] fire wrote 48 bytes to ecology
[dna] fire wrote 68 bytes to ecology
[dna] fire wrote 17 bytes to ecology
[dna] fire wrote 102 bytes to ecology
[dna] fire wrote 34 bytes to ecology
[dna] fire wrote 36 bytes to ecology
[dna] fire wrote 42 bytes to ecology
[dna] fire wrote 46 bytes to ecology
[dna] fire wrote 13 bytes to ecology
[dna] fire wrote 60 bytes to ecology
[dna] fire wrote 74 bytes to ecology
[dna] fire wrote 9 bytes to ecology
[dna] fire wrote 49 bytes to ecology
[dna] fire wrote 40 bytes to ecology
[dna] fire wrote 20 bytes to ecology
[dna] fire wrote 52 bytes to ecology
[dna] fire wrote 9 bytes to ecology
[debug-onto] tick=600 corpus=146868 stage=2 freeze=0
[dna] fire wrote 30 bytes to ecology
[dna] fire wrote 47 bytes to ecology
[dna] fire wrote 157 bytes to ecology
[dna] fire wrote 41 bytes to ecology
[dna] fire wrote 9 bytes to ecology
[dna] fire wrote 157 bytes to ecology
[dna] fire wrote 102 bytes to ecology
[dna] fire wrote 45 bytes to ecology
[dna] fire wrote 71 bytes to ecology
[dna] fire wrote 9 bytes to ecology
[dna] fire wrote 166 bytes to ecology
[dna] fire wrote 22 bytes to ecology
[dna] fire wrote 23 bytes to ecology
[dna] fire wrote 84 bytes to ecology
[dna] fire wrote 20 bytes to ecology
[dna] fire wrote 9 bytes to ecology
[dna] fire wrote 34 bytes to ecology
[dna] fire wrote 63 bytes to ecology
[dna] fire wrote 21 bytes to ecology
[dna] fire wrote 137 bytes to ecology
[dna] fire wrote 9 bytes to ecology
[dna] fire wrote 86 bytes to ecology
[dna] fire wrote 18 bytes to ecology
[dna] fire wrote 74 bytes to ecology
[dna] fire wrote 65 bytes to ecology
[dna] fire wrote 9 bytes to ecology
[dna] fire wrote 73 bytes to ecology
[dna] fire wrote 33 bytes to ecology
[dna] fire wrote 47 bytes to ecology
[dna] fire wrote 44 bytes to ecology
[dna] fire wrote 9 bytes to ecology
[dna] fire wrote 63 bytes to ecology
[dna] fire wrote 90 bytes to ecology

[evolution] Organism shutting down gracefully.
