[ecology] Element: water → corpus: nonames_water.txt
[evolution] Autonomous evolution mode — organism will grow through all stages without pause.
[ecology] Joined swarm. 1 peer(s) detected.
molequla is alive. [evolution] Autonomous mode — background trainer running. Ctrl+C to stop.
[dna] water wrote 9 bytes to ecology
[dna] water consumed 16910 bytes from 343 files: [air/gen_1775802275_1.txt air/gen_1775802290_3.txt air/gen_1775802292_4.txt air/gen_1775802298_6.txt air/gen_1775802301_7.txt air/gen_1775802306_9.txt air/gen_1775802309_10.txt air/gen_1775802317_13.txt air/gen_1775802323_15.txt air/gen_1775802326_16.txt air/gen_1775802331_18.txt air/gen_1775802334_19.txt air/gen_1775802340_21.txt air/gen_1775802342_22.txt air/gen_1775802351_25.txt air/gen_1775802356_27.txt air/gen_1775802359_28.txt air/gen_1775802367_31.txt air/gen_1775802373_33.txt air/gen_1775802376_34.txt air/gen_1775802384_37.txt air/gen_1775802392_40.txt air/gen_1775802398_42.txt air/gen_1775802400_43.txt air/gen_1775802406_45.txt air/gen_1775802409_46.txt air/gen_1775802417_49.txt air/gen_1775802423_51.txt air/gen_1775802425_52.txt air/gen_1775802434_55.txt air/gen_1775802439_57.txt air/gen_1775802442_58.txt air/gen_1775802450_61.txt air/gen_1775802456_63.txt air/gen_1775802459_64.txt air/gen_1775802467_67.txt air/gen_1775802473_69.txt air/gen_1775802475_70.txt air/gen_1775802481_72.txt air/gen_1775802484_73.txt air/gen_1775802489_75.txt air/gen_1775802492_76.txt air/gen_1775802497_78.txt air/gen_1775802500_79.txt air/gen_1775802506_81.txt air/gen_1775802508_82.txt air/gen_1775802517_85.txt air/gen_1775802525_88.txt air/gen_1775802533_91.txt air/gen_1775802539_93.txt air/gen_1775802542_94.txt air/gen_1775802550_97.txt air/gen_1775802556_99.txt air/gen_1775802558_100.txt air/gen_1775802564_102.txt air/gen_1775802567_103.txt air/gen_1775802572_105.txt air/gen_1775802575_106.txt air/gen_1775802583_109.txt air/gen_1775802589_111.txt air/gen_1775802592_112.txt air/gen_1775802597_114.txt air/gen_1775802600_115.txt air/gen_1775802606_117.txt air/gen_1775802608_118.txt air/gen_1775802617_121.txt air/gen_1775802622_123.txt air/gen_1775802625_124.txt air/gen_1775802633_127.txt air/gen_1775802639_129.txt air/gen_1775802642_130.txt air/gen_1775802647_132.txt air/gen_1775802650_133.txt air/gen_1775802656_135.txt air/gen_1775802658_136.txt air/gen_1775802667_139.txt air/gen_1775802672_141.txt air/gen_1775802675_142.txt air/gen_1775802683_145.txt air/gen_1775802689_147.txt air/gen_1775802692_148.txt air/gen_1775802697_150.txt air/gen_1775802700_151.txt air/gen_1775802705_153.txt air/gen_1775802708_154.txt air/gen_1775802716_157.txt air/gen_1775802722_159.txt air/gen_1775802725_160.txt air/gen_1775802730_162.txt air/gen_1775802733_163.txt air/gen_1775802739_165.txt air/gen_1775802742_166.txt air/gen_1775802750_169.txt air/gen_1775802755_171.txt air/gen_1775802758_172.txt air/gen_1775802764_174.txt air/gen_1775802767_175.txt air/gen_1775802772_177.txt air/gen_1775802775_178.txt air/gen_1775802783_181.txt air/gen_1775802792_184.txt air/gen_1775802800_187.txt air/gen_1775802805_189.txt air/gen_1775802808_190.txt air/gen_1775802814_192.txt air/gen_1775802817_193.txt air/gen_1775802822_195.txt air/gen_1775802825_196.txt air/gen_1775802830_198.txt air/gen_1775802833_199.txt air/gen_1775802839_201.txt air/gen_1775802841_202.txt air/gen_1775802850_205.txt air/gen_1775802855_207.txt air/gen_1775802858_208.txt air/gen_1775802867_211.txt air/gen_1775802872_213.txt air/gen_1775802875_214.txt air/gen_1775802881_216.txt air/gen_1775802883_217.txt air/gen_1775802889_219.txt air/gen_1775802892_220.txt air/gen_1775802900_223.txt air/gen_1775802906_225.txt air/gen_1775802908_226.txt air/gen_1775802917_229.txt air/gen_1775802922_231.txt air/gen_1775802925_232.txt air/gen_1775802934_235.txt air/gen_1775802939_237.txt air/gen_1775802942_238.txt air/gen_1775802950_241.txt air/gen_1775802956_243.txt air/gen_1775802959_244.txt air/gen_1775802967_247.txt air/gen_1775802973_249.txt air/gen_1775802976_250.txt air/gen_1775802984_253.txt air/gen_1775802989_255.txt air/gen_1775802992_256.txt air/gen_1775802998_258.txt air/gen_1775803001_259.txt air/gen_1775803006_261.txt air/gen_1775803009_262.txt air/gen_1775803017_265.txt air/gen_1775803026_268.txt air/gen_1775803031_270.txt air/gen_1775803034_271.txt air/gen_1775803039_273.txt air/gen_1775803042_274.txt air/gen_1775803051_277.txt air/gen_1775803056_279.txt air/gen_1775803059_280.txt air/gen_1775803067_283.txt air/gen_1775803073_285.txt air/gen_1775803076_286.txt air/gen_1775803084_289.txt air/gen_1775803092_292.txt air/gen_1775803098_294.txt air/gen_1775803101_295.txt air/gen_1775803106_297.txt air/gen_1775803109_298.txt air/gen_1775803117_301.txt air/gen_1775803123_303.txt air/gen_1775803126_304.txt air/gen_1775803134_307.txt air/gen_1775803140_309.txt air/gen_1775803142_310.txt air/gen_1775803151_313.txt air/gen_1775803156_315.txt air/gen_1775803159_316.txt air/gen_1775803165_318.txt air/gen_1775803167_319.txt air/gen_1775803173_321.txt air/gen_1775803176_322.txt air/gen_1775803184_325.txt air/gen_1775803192_328.txt air/gen_1775803198_330.txt air/gen_1775803201_331.txt air/gen_1775803206_333.txt air/gen_1775803209_334.txt air/gen_1775803217_337.txt air/gen_1775803223_339.txt air/gen_1775803226_340.txt air/gen_1775803234_343.txt air/gen_1775803239_345.txt air/gen_1775803242_346.txt air/gen_1775803251_349.txt air/gen_1775803256_351.txt air/gen_1775803259_352.txt air/gen_1775803267_355.txt air/gen_1775803273_357.txt air/gen_1775803276_358.txt air/gen_1775803281_360.txt air/gen_1775803284_361.txt air/gen_1775803289_363.txt air/gen_1775803292_364.txt air/gen_1775803301_367.txt air/gen_1775803306_369.txt air/gen_1775803309_370.txt air/gen_1775803315_372.txt air/gen_1775803317_373.txt air/gen_1775803323_375.txt air/gen_1775803326_376.txt air/gen_1775803331_378.txt air/gen_1775803334_379.txt air/gen_1775803340_381.txt air/gen_1775803342_382.txt air/gen_1775803351_385.txt air/gen_1775803356_387.txt air/gen_1775803359_388.txt air/gen_1775803367_391.txt air/gen_1775803373_393.txt air/gen_1775803376_394.txt air/gen_1775803384_397.txt air/gen_1775803389_399.txt air/gen_1775803392_400.txt air/gen_1775803401_403.txt air/gen_1775803406_405.txt air/gen_1775803409_406.txt air/gen_1775803417_409.txt air/gen_1775803423_411.txt air/gen_1775803426_412.txt air/gen_1775803434_415.txt air/gen_1775803439_417.txt air/gen_1775803442_418.txt air/gen_1775803451_421.txt air/gen_1775803456_423.txt air/gen_1775803459_424.txt air/gen_1775803464_426.txt air/gen_1775803467_427.txt air/gen_1775803473_429.txt air/gen_1775803475_430.txt air/gen_1775803484_433.txt air/gen_1775803489_435.txt air/gen_1775803492_436.txt air/gen_1775803500_439.txt air/gen_1775803506_441.txt air/gen_1775803509_442.txt air/gen_1775803517_445.txt air/gen_1775803523_447.txt air/gen_1775803525_448.txt air/gen_1775803534_451.txt air/gen_1775803539_453.txt air/gen_1775803542_454.txt air/gen_1775803550_457.txt air/gen_1775803556_459.txt air/gen_1775803559_460.txt air/gen_1775803564_462.txt air/gen_1775803567_463.txt air/gen_1775803572_465.txt air/gen_1775803575_466.txt air/gen_1775803583_469.txt air/gen_1775803589_471.txt air/gen_1775803592_472.txt air/gen_1775803600_475.txt air/gen_1775803605_477.txt air/gen_1775803608_478.txt air/gen_1775803617_481.txt air/gen_1775803622_483.txt air/gen_1775803625_484.txt air/gen_1775803633_487.txt air/gen_1775803639_489.txt air/gen_1775803641_490.txt air/gen_1775803650_493.txt air/gen_1775803655_495.txt air/gen_1775803658_496.txt air/gen_1775803666_499.txt air/gen_1775803672_501.txt air/gen_1775803675_502.txt air/gen_1775803683_505.txt air/gen_1775803691_508.txt air/gen_1775803700_511.txt air/gen_1775803705_513.txt air/gen_1775803708_514.txt air/gen_1775803713_516.txt air/gen_1775803716_517.txt air/gen_1775803722_519.txt air/gen_1775803725_520.txt air/gen_1775803733_523.txt air/gen_1775803738_525.txt air/gen_1775803741_526.txt air/gen_1775803750_529.txt air/gen_1775803755_531.txt air/gen_1775803758_532.txt air/gen_1775803766_535.txt air/gen_1775803772_537.txt air/gen_1775803774_538.txt air/gen_1775803783_541.txt air/gen_1775803788_543.txt air/gen_1775803791_544.txt air/gen_1775803799_547.txt air/gen_1775803805_549.txt air/gen_1775803808_550.txt air/gen_1775803816_553.txt air/gen_1775803824_556.txt air/gen_1775803833_559.txt air/gen_1775803838_561.txt air/gen_1775803841_562.txt air/gen_1775803849_565.txt air/gen_1775803855_567.txt air/gen_1775803857_568.txt air/gen_1775803866_571.txt air/gen_1775803871_573.txt air/gen_1775803874_574.txt air/gen_1775803882_577.txt air/gen_1775803891_580.txt air/gen_1775803899_583.txt air/gen_1775803905_585.txt air/gen_1775803908_586.txt air/gen_1775803916_589.txt air/gen_1775803921_591.txt air/gen_1775803924_592.txt air/gen_1775803930_594.txt air/gen_1775803932_595.txt air/gen_1775803938_597.txt air/gen_1775803941_598.txt air/gen_1775803949_601.txt air/gen_1775803955_603.txt air/gen_1775803957_604.txt air/gen_1775803963_606.txt air/gen_1775803966_607.txt air/gen_1775803971_609.txt air/gen_1775803974_610.txt air/gen_1775803982_613.txt air/gen_1775803988_615.txt air/gen_1775803991_616.txt air/gen_1775803996_618.txt air/gen_1775803999_619.txt air/gen_1775804004_621.txt air/gen_1775804007_622.txt air/gen_1775804016_625.txt air/gen_1775804021_627.txt air/gen_1775804024_628.txt air/gen_1775804029_630.txt air/gen_1775804032_631.txt air/gen_1775804038_633.txt air/gen_1775804040_634.txt air/gen_1775804049_637.txt air/gen_1775804054_639.txt air/gen_1775804057_640.txt air/gen_1775804063_642.txt air/gen_1775804065_643.txt]
[trainer] micro-train burst (16910 bytes, novelty 0.04) — and lo, it feeds again.
[syntropy] action=explore | trend=0.0000 | field_dev=-0.002 | purpose_align=-0.182 | lr_mul=1.30
[aml] burst complete: 32 steps, avg loss 1.6337 (memory freed)
[trainer] growing new delta module (total: 2) — new soul appended.
[dna] water wrote 51 bytes to ecology
[dna] water wrote 70 bytes to ecology
[dna] water wrote 13 bytes to ecology
[dna] water wrote 35 bytes to ecology
[dna] water wrote 23 bytes to ecology
[dna] water wrote 174 bytes to ecology
[dna] water wrote 81 bytes to ecology
[dna] water wrote 35 bytes to ecology
[dna] water wrote 53 bytes to ecology
[dna] water wrote 26 bytes to ecology
[dna] water wrote 30 bytes to ecology
[dna] water wrote 66 bytes to ecology
[dna] water wrote 114 bytes to ecology
[dna] water wrote 33 bytes to ecology
[dna] water wrote 43 bytes to ecology
[dna] water wrote 60 bytes to ecology
[dna] water wrote 79 bytes to ecology
[dna] water wrote 82 bytes to ecology
[dna] water wrote 92 bytes to ecology
[dna] water wrote 30 bytes to ecology
[dna] water wrote 47 bytes to ecology
[dna] water wrote 68 bytes to ecology
[dna] water wrote 67 bytes to ecology
[dna] water wrote 52 bytes to ecology
[dna] water wrote 48 bytes to ecology
[dna] water wrote 105 bytes to ecology
[dna] water wrote 31 bytes to ecology
[dna] water wrote 64 bytes to ecology
[dna] water wrote 68 bytes to ecology
[dna] water wrote 70 bytes to ecology
[dna] water wrote 186 bytes to ecology
[dna] water wrote 22 bytes to ecology
[dna] water wrote 63 bytes to ecology
[debug-onto] tick=50 corpus=142950 stage=2 freeze=0
[dna] water wrote 54 bytes to ecology
[dna] water wrote 37 bytes to ecology
[dna] water wrote 51 bytes to ecology
[dna] water wrote 219 bytes to ecology
[dna] water wrote 19 bytes to ecology
[dna] water wrote 72 bytes to ecology
[dna] water wrote 24 bytes to ecology
[dna] water wrote 173 bytes to ecology
[dna] water wrote 32 bytes to ecology
[dna] water wrote 31 bytes to ecology
[dna] water wrote 76 bytes to ecology
[dna] water wrote 146 bytes to ecology
[dna] water wrote 28 bytes to ecology
[dna] water wrote 46 bytes to ecology
[dna] water wrote 57 bytes to ecology
[dna] water wrote 39 bytes to ecology
[dna] water wrote 10 bytes to ecology
[dna] water wrote 25 bytes to ecology
[dna] water wrote 9 bytes to ecology
[dna] water wrote 26 bytes to ecology
[dna] water wrote 106 bytes to ecology
[dna] water wrote 28 bytes to ecology
[dna] water wrote 48 bytes to ecology
[dna] water wrote 68 bytes to ecology
[dna] water wrote 84 bytes to ecology
[dna] water wrote 9 bytes to ecology
[dna] water wrote 29 bytes to ecology
[dna] water wrote 103 bytes to ecology
[dna] water wrote 101 bytes to ecology
[dna] water wrote 46 bytes to ecology
[dna] water wrote 26 bytes to ecology
[dna] water wrote 44 bytes to ecology
[dna] water wrote 53 bytes to ecology
[dna] water wrote 33 bytes to ecology
[dna] water wrote 25 bytes to ecology
[dna] water wrote 48 bytes to ecology
[debug-onto] tick=100 corpus=142950 stage=2 freeze=0
[dna] water wrote 40 bytes to ecology
[dna] water wrote 6 bytes to ecology
[dna] water wrote 64 bytes to ecology
[dna] water wrote 37 bytes to ecology
[dna] water wrote 33 bytes to ecology
[dna] water wrote 101 bytes to ecology
[dna] water wrote 47 bytes to ecology
[dna] water wrote 25 bytes to ecology
[dna] water wrote 54 bytes to ecology
[dna] water wrote 13 bytes to ecology
[dna] water wrote 124 bytes to ecology
[dna] water wrote 35 bytes to ecology
[dna] water wrote 35 bytes to ecology
[dna] water wrote 27 bytes to ecology
[dna] water wrote 57 bytes to ecology
[dna] water wrote 108 bytes to ecology
[dna] water wrote 67 bytes to ecology
[dna] water wrote 70 bytes to ecology
[dna] water wrote 72 bytes to ecology
[dna] water wrote 9 bytes to ecology
[dna] water wrote 103 bytes to ecology
[dna] water wrote 72 bytes to ecology
[dna] water wrote 42 bytes to ecology
[dna] water wrote 37 bytes to ecology
[dna] water wrote 110 bytes to ecology
[dna] water wrote 12 bytes to ecology
[dna] water wrote 83 bytes to ecology
[dna] water wrote 9 bytes to ecology
[dna] water wrote 29 bytes to ecology
[dna] water wrote 69 bytes to ecology
[dna] water wrote 58 bytes to ecology
[dna] water wrote 58 bytes to ecology
[dna] water wrote 27 bytes to ecology
[dna] water wrote 25 bytes to ecology
[debug-onto] tick=150 corpus=142950 stage=2 freeze=0
[dna] water wrote 56 bytes to ecology
[dna] water wrote 69 bytes to ecology
[dna] water wrote 71 bytes to ecology
[dna] water wrote 56 bytes to ecology
[dna] water wrote 107 bytes to ecology
[dna] water wrote 9 bytes to ecology
[dna] water wrote 31 bytes to ecology
[dna] water wrote 75 bytes to ecology
[dna] water wrote 37 bytes to ecology
[dna] water wrote 26 bytes to ecology
[dna] water wrote 60 bytes to ecology
[dna] water wrote 29 bytes to ecology
[dna] water wrote 42 bytes to ecology
[dna] water wrote 27 bytes to ecology
[dna] water wrote 31 bytes to ecology
[dna] water wrote 18 bytes to ecology
[dna] water wrote 32 bytes to ecology
[dna] water wrote 23 bytes to ecology
[dna] water wrote 71 bytes to ecology
[dna] water wrote 33 bytes to ecology
[dna] water wrote 29 bytes to ecology
[dna] water wrote 25 bytes to ecology
[dna] water wrote 45 bytes to ecology
[dna] water wrote 14 bytes to ecology
[dna] water wrote 27 bytes to ecology
[dna] water wrote 14 bytes to ecology
[dna] water wrote 33 bytes to ecology
[dna] water wrote 56 bytes to ecology
[dna] water wrote 17 bytes to ecology
[dna] water wrote 64 bytes to ecology
[dna] water wrote 11 bytes to ecology
[dna] water wrote 46 bytes to ecology
[dna] water wrote 9 bytes to ecology
[dna] water wrote 71 bytes to ecology
[dna] water wrote 49 bytes to ecology
[debug-onto] tick=200 corpus=142950 stage=2 freeze=0
[dna] water wrote 29 bytes to ecology
[dna] water wrote 53 bytes to ecology
[dna] water wrote 19 bytes to ecology
[dna] water wrote 42 bytes to ecology
[dna] water wrote 95 bytes to ecology
[dna] water wrote 75 bytes to ecology
[dna] water wrote 9 bytes to ecology
[dna] water wrote 78 bytes to ecology
[dna] water wrote 9 bytes to ecology
[dna] water wrote 266 bytes to ecology
[dna] water wrote 46 bytes to ecology
[dna] water wrote 85 bytes to ecology
[dna] water wrote 33 bytes to ecology
[dna] water wrote 26 bytes to ecology
[dna] water wrote 61 bytes to ecology
[dna] water wrote 37 bytes to ecology
[dna] water wrote 107 bytes to ecology
[dna] water wrote 41 bytes to ecology
[dna] water wrote 116 bytes to ecology
[dna] water wrote 75 bytes to ecology
[dna] water wrote 9 bytes to ecology
[dna] water wrote 48 bytes to ecology
[dna] water wrote 8 bytes to ecology
[dna] water wrote 35 bytes to ecology
[dna] water wrote 18 bytes to ecology
[dna] water wrote 48 bytes to ecology
[dna] water wrote 96 bytes to ecology
[dna] water wrote 31 bytes to ecology
[dna] water wrote 45 bytes to ecology
[dna] water wrote 20 bytes to ecology
[dna] water wrote 34 bytes to ecology
[dna] water wrote 40 bytes to ecology
[debug-onto] tick=250 corpus=142950 stage=2 freeze=0
[dna] water wrote 157 bytes to ecology
[dna] water wrote 39 bytes to ecology
[dna] water wrote 48 bytes to ecology
[dna] water wrote 34 bytes to ecology
[dna] water wrote 47 bytes to ecology
[dna] water wrote 60 bytes to ecology
[dna] water wrote 56 bytes to ecology
[dna] water wrote 30 bytes to ecology
[dna] water wrote 69 bytes to ecology
[dna] water wrote 43 bytes to ecology
[dna] water wrote 73 bytes to ecology
[dna] water wrote 34 bytes to ecology
[dna] water wrote 50 bytes to ecology
[dna] water wrote 20 bytes to ecology
[dna] water wrote 80 bytes to ecology
[dna] water wrote 71 bytes to ecology
[dna] water wrote 35 bytes to ecology
[dna] water wrote 97 bytes to ecology
[dna] water wrote 36 bytes to ecology
[dna] water wrote 23 bytes to ecology
[dna] water wrote 144 bytes to ecology
[dna] water wrote 34 bytes to ecology
[dna] water wrote 21 bytes to ecology
[dna] water wrote 28 bytes to ecology
[dna] water wrote 66 bytes to ecology
[dna] water wrote 141 bytes to ecology
[dna] water wrote 52 bytes to ecology
[dna] water wrote 21 bytes to ecology
[dna] water wrote 30 bytes to ecology
[dna] water wrote 70 bytes to ecology
[dna] water wrote 184 bytes to ecology
[dna] water wrote 90 bytes to ecology
[debug-onto] tick=300 corpus=142950 stage=2 freeze=0
[dna] water wrote 82 bytes to ecology
[dna] water wrote 9 bytes to ecology
[dna] water wrote 70 bytes to ecology
[dna] water wrote 25 bytes to ecology
[dna] water wrote 47 bytes to ecology
[dna] water wrote 85 bytes to ecology
[dna] water wrote 36 bytes to ecology
[dna] water wrote 34 bytes to ecology
[dna] water wrote 79 bytes to ecology
[dna] water wrote 55 bytes to ecology
[dna] water wrote 64 bytes to ecology
[dna] water wrote 47 bytes to ecology
[dna] water wrote 37 bytes to ecology
[dna] water wrote 56 bytes to ecology
[dna] water wrote 49 bytes to ecology
[dna] water wrote 36 bytes to ecology
[dna] water wrote 15 bytes to ecology
[dna] water wrote 100 bytes to ecology
[dna] water wrote 24 bytes to ecology
[dna] water wrote 97 bytes to ecology
[dna] water wrote 38 bytes to ecology
[dna] water wrote 27 bytes to ecology
[dna] water wrote 89 bytes to ecology
[dna] water wrote 86 bytes to ecology
[dna] water wrote 108 bytes to ecology
[dna] water wrote 131 bytes to ecology
[dna] water wrote 70 bytes to ecology
[dna] water wrote 59 bytes to ecology
[dna] water wrote 58 bytes to ecology
[dna] water wrote 36 bytes to ecology
[dna] water wrote 43 bytes to ecology
[dna] water wrote 134 bytes to ecology
[dna] water wrote 29 bytes to ecology
[debug-onto] tick=350 corpus=142950 stage=2 freeze=0
[dna] water wrote 24 bytes to ecology
[dna] water wrote 13 bytes to ecology
[dna] water wrote 69 bytes to ecology
[dna] water wrote 66 bytes to ecology
[dna] water wrote 60 bytes to ecology
[dna] water wrote 47 bytes to ecology
[dna] water wrote 80 bytes to ecology
[dna] water wrote 72 bytes to ecology
[dna] water wrote 79 bytes to ecology
[dna] water wrote 56 bytes to ecology
[dna] water wrote 52 bytes to ecology
[dna] water wrote 170 bytes to ecology
[dna] water wrote 47 bytes to ecology
[dna] water wrote 37 bytes to ecology
[dna] water wrote 56 bytes to ecology
[dna] water wrote 65 bytes to ecology
[dna] water wrote 50 bytes to ecology
[dna] water wrote 76 bytes to ecology
[dna] water wrote 34 bytes to ecology
[dna] water wrote 27 bytes to ecology
[dna] water wrote 82 bytes to ecology
[dna] water wrote 72 bytes to ecology
[dna] water wrote 77 bytes to ecology
[dna] water wrote 80 bytes to ecology
[dna] water wrote 70 bytes to ecology
[dna] water wrote 100 bytes to ecology
[dna] water wrote 149 bytes to ecology
[dna] water wrote 17 bytes to ecology
[dna] water wrote 92 bytes to ecology
[dna] water wrote 45 bytes to ecology
[dna] water wrote 92 bytes to ecology
[debug-onto] tick=400 corpus=142950 stage=2 freeze=0
[dna] water wrote 98 bytes to ecology
[dna] water wrote 65 bytes to ecology
[dna] water wrote 57 bytes to ecology
[dna] water wrote 31 bytes to ecology
[dna] water wrote 10 bytes to ecology
[dna] water wrote 33 bytes to ecology
[dna] water wrote 9 bytes to ecology
[dna] water wrote 71 bytes to ecology
[dna] water wrote 204 bytes to ecology
[dna] water wrote 172 bytes to ecology
[dna] water wrote 53 bytes to ecology
[dna] water wrote 9 bytes to ecology
[dna] water wrote 56 bytes to ecology
[dna] water wrote 24 bytes to ecology
[dna] water wrote 13 bytes to ecology
[dna] water wrote 33 bytes to ecology
[dna] water wrote 62 bytes to ecology
[dna] water wrote 50 bytes to ecology
[dna] water wrote 18 bytes to ecology
[dna] water wrote 12 bytes to ecology
[dna] water wrote 15 bytes to ecology
[dna] water wrote 28 bytes to ecology
[dna] water wrote 87 bytes to ecology
[dna] water wrote 62 bytes to ecology
[dna] water wrote 29 bytes to ecology
[dna] water wrote 81 bytes to ecology
[dna] water wrote 226 bytes to ecology
[dna] water wrote 104 bytes to ecology
[dna] water wrote 63 bytes to ecology
[dna] water wrote 132 bytes to ecology
[dna] water wrote 34 bytes to ecology
[dna] water wrote 83 bytes to ecology
[dna] water wrote 146 bytes to ecology
[dna] water wrote 51 bytes to ecology
[debug-onto] tick=450 corpus=142950 stage=2 freeze=0
[dna] water wrote 29 bytes to ecology
[dna] water wrote 9 bytes to ecology
[dna] water wrote 49 bytes to ecology
[dna] water wrote 67 bytes to ecology
[dna] water wrote 51 bytes to ecology
[dna] water wrote 59 bytes to ecology
[dna] water wrote 22 bytes to ecology
[dna] water wrote 18 bytes to ecology
[dna] water wrote 36 bytes to ecology
[dna] water wrote 9 bytes to ecology
[dna] water wrote 89 bytes to ecology
[dna] water wrote 46 bytes to ecology
[dna] water wrote 48 bytes to ecology
[dna] water wrote 74 bytes to ecology
[dna] water wrote 33 bytes to ecology
[dna] water wrote 35 bytes to ecology
[dna] water wrote 27 bytes to ecology
[dna] water wrote 56 bytes to ecology
[dna] water wrote 31 bytes to ecology
[dna] water wrote 41 bytes to ecology
[dna] water wrote 28 bytes to ecology
[dna] water wrote 150 bytes to ecology
[dna] water wrote 115 bytes to ecology
[dna] water wrote 46 bytes to ecology
[dna] water wrote 16 bytes to ecology
[dna] water wrote 53 bytes to ecology
[dna] water wrote 16 bytes to ecology
[dna] water wrote 53 bytes to ecology
[dna] water wrote 30 bytes to ecology
[dna] water wrote 37 bytes to ecology
[dna] water wrote 43 bytes to ecology
[dna] water wrote 23 bytes to ecology
[dna] water wrote 63 bytes to ecology
[dna] water wrote 36 bytes to ecology
[debug-onto] tick=500 corpus=142950 stage=2 freeze=0
[dna] water wrote 9 bytes to ecology
[dna] water wrote 79 bytes to ecology
[dna] water wrote 46 bytes to ecology
[dna] water wrote 43 bytes to ecology
[dna] water wrote 45 bytes to ecology
[dna] water wrote 9 bytes to ecology
[dna] water wrote 65 bytes to ecology
[dna] water wrote 28 bytes to ecology
[dna] water wrote 123 bytes to ecology
[dna] water wrote 9 bytes to ecology
[dna] water wrote 46 bytes to ecology
[dna] water wrote 38 bytes to ecology
[dna] water wrote 30 bytes to ecology
[dna] water wrote 187 bytes to ecology
[dna] water wrote 69 bytes to ecology
[dna] water wrote 41 bytes to ecology
[dna] water wrote 94 bytes to ecology
[dna] water wrote 100 bytes to ecology
[dna] water wrote 13 bytes to ecology
[dna] water wrote 60 bytes to ecology
[dna] water wrote 30 bytes to ecology
[dna] water wrote 42 bytes to ecology
[dna] water wrote 37 bytes to ecology
[dna] water wrote 91 bytes to ecology
[dna] water wrote 127 bytes to ecology
[dna] water wrote 7 bytes to ecology
[dna] water wrote 81 bytes to ecology
[dna] water wrote 24 bytes to ecology
[dna] water wrote 116 bytes to ecology
[dna] water wrote 57 bytes to ecology
[dna] water wrote 164 bytes to ecology
[dna] water wrote 46 bytes to ecology
[dna] water wrote 52 bytes to ecology
[dna] water wrote 13 bytes to ecology
[dna] water wrote 73 bytes to ecology
[dna] water wrote 9 bytes to ecology
[dna] water wrote 40 bytes to ecology
[debug-onto] tick=550 corpus=142950 stage=2 freeze=0
[dna] water wrote 40 bytes to ecology
[dna] water wrote 61 bytes to ecology
[dna] water wrote 57 bytes to ecology
[dna] water wrote 62 bytes to ecology
[dna] water wrote 48 bytes to ecology
[dna] water wrote 29 bytes to ecology
[dna] water wrote 34 bytes to ecology
[dna] water wrote 41 bytes to ecology
[dna] water wrote 17 bytes to ecology
[dna] water wrote 103 bytes to ecology
[dna] water wrote 16 bytes to ecology
[dna] water wrote 51 bytes to ecology
[dna] water wrote 16 bytes to ecology
[dna] water wrote 31 bytes to ecology
[dna] water wrote 21 bytes to ecology
[dna] water wrote 31 bytes to ecology
[dna] water wrote 25 bytes to ecology
[dna] water wrote 127 bytes to ecology
[dna] water wrote 20 bytes to ecology
[dna] water wrote 37 bytes to ecology
[dna] water wrote 97 bytes to ecology
[dna] water wrote 42 bytes to ecology
[dna] water wrote 39 bytes to ecology
[dna] water wrote 69 bytes to ecology
[dna] water wrote 120 bytes to ecology
[dna] water wrote 72 bytes to ecology
[dna] water wrote 110 bytes to ecology
[dna] water wrote 29 bytes to ecology
[dna] water wrote 77 bytes to ecology
[dna] water wrote 22 bytes to ecology
[dna] water wrote 12 bytes to ecology
[dna] water wrote 26 bytes to ecology
[dna] water wrote 19 bytes to ecology
[dna] water wrote 52 bytes to ecology
[dna] water wrote 112 bytes to ecology
[dna] water wrote 31 bytes to ecology
[debug-onto] tick=600 corpus=142950 stage=2 freeze=0
[dna] water wrote 82 bytes to ecology
[dna] water wrote 9 bytes to ecology
[dna] water wrote 65 bytes to ecology
[dna] water wrote 45 bytes to ecology
[dna] water wrote 79 bytes to ecology
[dna] water wrote 225 bytes to ecology
[dna] water wrote 42 bytes to ecology
[dna] water wrote 59 bytes to ecology
[dna] water wrote 42 bytes to ecology
[dna] water wrote 60 bytes to ecology
[dna] water wrote 69 bytes to ecology
[dna] water wrote 72 bytes to ecology
[dna] water wrote 72 bytes to ecology
[dna] water wrote 27 bytes to ecology
[dna] water wrote 9 bytes to ecology
[dna] water wrote 37 bytes to ecology
[dna] water wrote 121 bytes to ecology
[dna] water wrote 27 bytes to ecology
[dna] water wrote 98 bytes to ecology
[dna] water wrote 8 bytes to ecology
[dna] water wrote 136 bytes to ecology
[dna] water wrote 50 bytes to ecology
[dna] water wrote 36 bytes to ecology
[dna] water wrote 51 bytes to ecology
[dna] water wrote 62 bytes to ecology
[dna] water wrote 8 bytes to ecology
[dna] water wrote 47 bytes to ecology
[dna] water wrote 8 bytes to ecology
[dna] water wrote 33 bytes to ecology
[dna] water wrote 36 bytes to ecology
[dna] water wrote 20 bytes to ecology
[dna] water wrote 26 bytes to ecology
[debug-onto] tick=650 corpus=142950 stage=2 freeze=0
[dna] water wrote 54 bytes to ecology

[evolution] Organism shutting down gracefully.
