[ecology] Element: air → corpus: nonames_air.txt
[evolution] Autonomous evolution mode — organism will grow through all stages without pause.
[ecology] Joined swarm. 1 peer(s) detected.
molequla is alive. [evolution] Autonomous mode — background trainer running. Ctrl+C to stop.
[dna] air wrote 141 bytes to ecology
[dna] air consumed 28769 bytes from 358 files: [earth/gen_1777701768_1.txt earth/gen_1777701774_3.txt earth/gen_1777701776_4.txt earth/gen_1777701784_7.txt earth/gen_1777701789_9.txt earth/gen_1777701792_10.txt earth/gen_1777701795_11.txt earth/gen_1777701797_12.txt earth/gen_1777701800_13.txt earth/gen_1777701808_16.txt earth/gen_1777701816_19.txt earth/gen_1777701824_22.txt earth/gen_1777701832_25.txt earth/gen_1777701837_27.txt earth/gen_1777701839_28.txt earth/gen_1777701847_31.txt earth/gen_1777701852_33.txt earth/gen_1777701855_34.txt earth/gen_1777701863_37.txt earth/gen_1777701868_39.txt earth/gen_1777701871_40.txt earth/gen_1777701879_43.txt earth/gen_1777701884_45.txt earth/gen_1777701887_46.txt earth/gen_1777701895_49.txt earth/gen_1777701900_51.txt earth/gen_1777701902_52.txt earth/gen_1777701910_55.txt earth/gen_1777701916_57.txt earth/gen_1777701918_58.txt earth/gen_1777701926_61.txt earth/gen_1777701932_63.txt earth/gen_1777701934_64.txt earth/gen_1777701942_67.txt earth/gen_1777701948_69.txt earth/gen_1777701950_70.txt earth/gen_1777701953_71.txt earth/gen_1777701958_73.txt earth/gen_1777701964_75.txt earth/gen_1777701966_76.txt earth/gen_1777701974_79.txt earth/gen_1777701979_81.txt earth/gen_1777701982_82.txt earth/gen_1777701985_83.txt earth/gen_1777701990_85.txt earth/gen_1777701995_87.txt earth/gen_1777701998_88.txt earth/gen_1777702006_91.txt earth/gen_1777702009_92.txt earth/gen_1777702012_93.txt earth/gen_1777702014_94.txt earth/gen_1777702022_97.txt earth/gen_1777702028_99.txt earth/gen_1777702030_100.txt earth/gen_1777702038_103.txt earth/gen_1777702046_106.txt earth/gen_1777702054_109.txt earth/gen_1777702059_111.txt earth/gen_1777702062_112.txt earth/gen_1777702070_115.txt earth/gen_1777702078_118.txt earth/gen_1777702086_121.txt earth/gen_1777702094_124.txt earth/gen_1777702096_125.txt earth/gen_1777702102_127.txt earth/gen_1777702107_129.txt earth/gen_1777702110_130.txt earth/gen_1777702112_131.txt earth/gen_1777702118_133.txt earth/gen_1777702120_134.txt earth/gen_1777702123_135.txt earth/gen_1777702126_136.txt earth/gen_1777702134_139.txt earth/gen_1777702142_142.txt earth/gen_1777702150_145.txt earth/gen_1777702157_148.txt earth/gen_1777702165_151.txt earth/gen_1777702171_153.txt earth/gen_1777702173_154.txt earth/gen_1777702181_157.txt earth/gen_1777702187_159.txt earth/gen_1777702189_160.txt earth/gen_1777702192_161.txt earth/gen_1777702197_163.txt earth/gen_1777702203_165.txt earth/gen_1777702205_166.txt earth/gen_1777702213_169.txt earth/gen_1777702219_171.txt earth/gen_1777702221_172.txt earth/gen_1777702227_174.txt earth/gen_1777702229_175.txt earth/gen_1777702237_178.txt earth/gen_1777702245_181.txt earth/gen_1777702250_183.txt earth/gen_1777702253_184.txt earth/gen_1777702261_187.txt earth/gen_1777702264_188.txt earth/gen_1777702267_189.txt earth/gen_1777702269_190.txt earth/gen_1777702277_193.txt earth/gen_1777702280_194.txt earth/gen_1777702283_195.txt earth/gen_1777702285_196.txt earth/gen_1777702293_199.txt earth/gen_1777702296_200.txt earth/gen_1777702299_201.txt earth/gen_1777702301_202.txt earth/gen_1777702309_205.txt earth/gen_1777702315_207.txt earth/gen_1777702317_208.txt earth/gen_1777702325_211.txt earth/gen_1777702330_213.txt earth/gen_1777702333_214.txt earth/gen_1777702341_217.txt earth/gen_1777702346_219.txt earth/gen_1777702349_220.txt earth/gen_1777702357_223.txt earth/gen_1777702362_225.txt earth/gen_1777702365_226.txt earth/gen_1777702373_229.txt earth/gen_1777702376_230.txt earth/gen_1777702381_232.txt earth/gen_1777702389_235.txt earth/gen_1777702394_237.txt earth/gen_1777702397_238.txt earth/gen_1777702399_239.txt earth/gen_1777702405_241.txt earth/gen_1777702413_244.txt earth/gen_1777702421_247.txt earth/gen_1777702426_249.txt earth/gen_1777702429_250.txt earth/gen_1777702437_253.txt earth/gen_1777702442_255.txt earth/gen_1777702445_256.txt earth/gen_1777702447_257.txt earth/gen_1777702452_259.txt earth/gen_1777702458_261.txt earth/gen_1777702460_262.txt earth/gen_1777702463_263.txt earth/gen_1777702468_265.txt earth/gen_1777702474_267.txt earth/gen_1777702476_268.txt earth/gen_1777702484_271.txt earth/gen_1777702492_274.txt earth/gen_1777702495_275.txt earth/gen_1777702500_277.txt earth/gen_1777702506_279.txt earth/gen_1777702508_280.txt earth/gen_1777702516_283.txt earth/gen_1777702522_285.txt earth/gen_1777702524_286.txt earth/gen_1777702527_287.txt earth/gen_1777702532_289.txt earth/gen_1777702538_291.txt earth/gen_1777702540_292.txt earth/gen_1777702543_293.txt earth/gen_1777702548_295.txt earth/gen_1777702556_298.txt earth/gen_1777702569_303.txt earth/gen_1777702572_304.txt earth/gen_1777702580_307.txt earth/gen_1777702585_309.txt earth/gen_1777702588_310.txt earth/gen_1777702596_313.txt earth/gen_1777702601_315.txt earth/gen_1777702604_316.txt earth/gen_1777702612_319.txt earth/gen_1777702617_321.txt earth/gen_1777702620_322.txt earth/gen_1777702628_325.txt earth/gen_1777702633_327.txt earth/gen_1777702636_328.txt earth/gen_1777702641_330.txt earth/gen_1777702644_331.txt earth/gen_1777702649_333.txt earth/gen_1777702652_334.txt earth/gen_1777702660_337.txt earth/gen_1777702662_338.txt earth/gen_1777702665_339.txt earth/gen_1777702668_340.txt earth/gen_1777702675_343.txt earth/gen_1777702683_346.txt earth/gen_1777702691_349.txt earth/gen_1777702699_352.txt earth/gen_1777702704_354.txt earth/gen_1777702707_355.txt earth/gen_1777702712_357.txt earth/gen_1777702715_358.txt earth/gen_1777702723_361.txt earth/gen_1777702728_363.txt earth/gen_1777702731_364.txt earth/gen_1777702739_367.txt earth/gen_1777702747_370.txt earth/gen_1777702755_373.txt earth/gen_1777702762_376.txt earth/gen_1777702770_379.txt earth/gen_1777702773_380.txt earth/gen_1777702776_381.txt earth/gen_1777702778_382.txt earth/gen_1777702786_385.txt earth/gen_1777702792_387.txt earth/gen_1777702794_388.txt earth/gen_1777702797_389.txt earth/gen_1777702800_390.txt earth/gen_1777702802_391.txt earth/gen_1777702805_392.txt earth/gen_1777702808_393.txt earth/gen_1777702810_394.txt earth/gen_1777702818_397.txt earth/gen_1777702821_398.txt earth/gen_1777702823_399.txt earth/gen_1777702826_400.txt earth/gen_1777702834_403.txt earth/gen_1777702839_405.txt earth/gen_1777702842_406.txt earth/gen_1777702850_409.txt earth/gen_1777702855_411.txt earth/gen_1777702858_412.txt earth/gen_1777702866_415.txt earth/gen_1777702871_417.txt earth/gen_1777702874_418.txt earth/gen_1777702882_421.txt earth/gen_1777702888_423.txt earth/gen_1777702890_424.txt earth/gen_1777702898_427.txt earth/gen_1777702901_428.txt earth/gen_1777702903_429.txt earth/gen_1777702906_430.txt earth/gen_1777702914_433.txt earth/gen_1777702919_435.txt earth/gen_1777702922_436.txt earth/gen_1777702925_437.txt earth/gen_1777702930_439.txt earth/gen_1777702935_441.txt earth/gen_1777702938_442.txt earth/gen_1777702946_445.txt earth/gen_1777702954_448.txt earth/gen_1777702962_451.txt earth/gen_1777702967_453.txt earth/gen_1777702970_454.txt earth/gen_1777702978_457.txt earth/gen_1777702983_459.txt earth/gen_1777702986_460.txt earth/gen_1777702993_463.txt earth/gen_1777702999_465.txt earth/gen_1777703001_466.txt earth/gen_1777703009_469.txt earth/gen_1777703015_471.txt earth/gen_1777703017_472.txt earth/gen_1777703025_475.txt earth/gen_1777703028_476.txt earth/gen_1777703031_477.txt earth/gen_1777703033_478.txt earth/gen_1777703041_481.txt earth/gen_1777703049_484.txt earth/gen_1777703057_487.txt earth/gen_1777703060_488.txt earth/gen_1777703063_489.txt earth/gen_1777703065_490.txt earth/gen_1777703073_493.txt earth/gen_1777703079_495.txt earth/gen_1777703081_496.txt earth/gen_1777703089_499.txt earth/gen_1777703095_501.txt earth/gen_1777703097_502.txt earth/gen_1777703105_505.txt earth/gen_1777703111_507.txt earth/gen_1777703113_508.txt earth/gen_1777703121_511.txt earth/gen_1777703126_513.txt earth/gen_1777703129_514.txt earth/gen_1777703132_515.txt earth/gen_1777703137_517.txt earth/gen_1777703142_519.txt earth/gen_1777703145_520.txt earth/gen_1777703153_523.txt earth/gen_1777703159_525.txt earth/gen_1777703161_526.txt earth/gen_1777703164_527.txt earth/gen_1777703169_529.txt earth/gen_1777703175_531.txt earth/gen_1777703177_532.txt earth/gen_1777703186_535.txt earth/gen_1777703188_536.txt earth/gen_1777703191_537.txt earth/gen_1777703194_538.txt earth/gen_1777703199_540.txt earth/gen_1777703202_541.txt earth/gen_1777703207_543.txt earth/gen_1777703210_544.txt earth/gen_1777703213_545.txt earth/gen_1777703215_546.txt earth/gen_1777703218_547.txt earth/gen_1777703224_549.txt earth/gen_1777703226_550.txt earth/gen_1777703229_551.txt earth/gen_1777703234_553.txt earth/gen_1777703237_554.txt earth/gen_1777703242_556.txt earth/gen_1777703250_559.txt earth/gen_1777703256_561.txt earth/gen_1777703258_562.txt earth/gen_1777703266_565.txt earth/gen_1777703274_568.txt earth/gen_1777703277_569.txt earth/gen_1777703283_571.txt earth/gen_1777703288_573.txt earth/gen_1777703290_574.txt earth/gen_1777703298_577.txt earth/gen_1777703304_579.txt earth/gen_1777703306_580.txt earth/gen_1777703314_583.txt earth/gen_1777703320_585.txt earth/gen_1777703322_586.txt earth/gen_1777703325_587.txt earth/gen_1777703330_589.txt earth/gen_1777703338_592.txt earth/gen_1777703346_595.txt earth/gen_1777703349_596.txt earth/gen_1777703354_598.txt earth/gen_1777703362_601.txt earth/gen_1777703367_603.txt earth/gen_1777703370_604.txt earth/gen_1777703372_605.txt earth/gen_1777703378_607.txt earth/gen_1777703386_610.txt earth/gen_1777703394_613.txt earth/gen_1777703399_615.txt earth/gen_1777703402_616.txt earth/gen_1777703410_619.txt earth/gen_1777703415_621.txt earth/gen_1777703418_622.txt earth/gen_1777703426_625.txt earth/gen_1777703428_626.txt earth/gen_1777703431_627.txt earth/gen_1777703434_628.txt earth/gen_1777703442_631.txt earth/gen_1777703447_633.txt earth/gen_1777703450_634.txt earth/gen_1777703452_635.txt earth/gen_1777703455_636.txt earth/gen_1777703458_637.txt earth/gen_1777703463_639.txt earth/gen_1777703466_640.txt earth/gen_1777703474_643.txt earth/gen_1777703479_645.txt earth/gen_1777703482_646.txt earth/gen_1777703487_648.txt earth/gen_1777703490_649.txt earth/gen_1777703492_650.txt earth/gen_1777703498_652.txt earth/gen_1777703506_655.txt earth/gen_1777703508_656.txt earth/gen_1777703514_658.txt earth/gen_1777703516_659.txt earth/gen_1777703522_661.txt earth/gen_1777703527_663.txt earth/gen_1777703530_664.txt]
[trainer] micro-train burst (28769 bytes, novelty 0.03) — and lo, it feeds again.
[syntropy] action=explore | trend=0.0000 | field_dev=-0.063 | purpose_align=0.089 | lr_mul=1.30
[aml] burst complete: 32 steps, avg loss 2.4824 (memory freed)
[dna] air wrote 39 bytes to ecology
[dna] air wrote 170 bytes to ecology
[dna] air wrote 76 bytes to ecology
[dna] air wrote 43 bytes to ecology
[dna] air wrote 29 bytes to ecology
[dna] air wrote 44 bytes to ecology
[dna] air wrote 23 bytes to ecology
[dna] air wrote 29 bytes to ecology
[dna] air wrote 31 bytes to ecology
[dna] air wrote 40 bytes to ecology
[dna] air wrote 13 bytes to ecology
[dna] air wrote 69 bytes to ecology
[dna] air wrote 67 bytes to ecology
[dna] air wrote 153 bytes to ecology
[dna] air wrote 46 bytes to ecology
[dna] air wrote 74 bytes to ecology
[dna] air wrote 14 bytes to ecology
[dna] air wrote 20 bytes to ecology
[dna] air wrote 227 bytes to ecology
[dna] air wrote 28 bytes to ecology
[dna] air wrote 199 bytes to ecology
[dna] air wrote 60 bytes to ecology
[dna] air wrote 31 bytes to ecology
[dna] air wrote 31 bytes to ecology
[dna] air wrote 63 bytes to ecology
[dna] air wrote 119 bytes to ecology
[debug-onto] tick=50 corpus=151443 stage=2 freeze=0
[dna] air wrote 63 bytes to ecology
[dna] air wrote 57 bytes to ecology
[dna] air wrote 41 bytes to ecology
[dna] air wrote 121 bytes to ecology
[dna] air wrote 93 bytes to ecology
[dna] air wrote 41 bytes to ecology
[dna] air wrote 33 bytes to ecology
[dna] air wrote 128 bytes to ecology
[dna] air wrote 28 bytes to ecology
[dna] air wrote 66 bytes to ecology
[dna] air wrote 60 bytes to ecology
[dna] air wrote 69 bytes to ecology
[dna] air wrote 156 bytes to ecology
[dna] air wrote 19 bytes to ecology
[dna] air wrote 55 bytes to ecology
[dna] air wrote 131 bytes to ecology
[dna] air wrote 170 bytes to ecology
[dna] air wrote 48 bytes to ecology
[dna] air wrote 57 bytes to ecology
[dna] air wrote 131 bytes to ecology
[dna] air wrote 63 bytes to ecology
[dna] air wrote 42 bytes to ecology
[dna] air wrote 25 bytes to ecology
[dna] air wrote 32 bytes to ecology
[dna] air wrote 57 bytes to ecology
[dna] air wrote 102 bytes to ecology
[debug-onto] tick=100 corpus=151443 stage=2 freeze=0
[dna] air wrote 9 bytes to ecology
[dna] air wrote 40 bytes to ecology
[dna] air wrote 117 bytes to ecology
[dna] air wrote 100 bytes to ecology
[dna] air wrote 80 bytes to ecology
[dna] air wrote 137 bytes to ecology
[dna] air wrote 66 bytes to ecology
[dna] air wrote 248 bytes to ecology
[dna] air wrote 80 bytes to ecology
[dna] air wrote 181 bytes to ecology
[dna] air wrote 53 bytes to ecology
[dna] air wrote 94 bytes to ecology
[dna] air wrote 100 bytes to ecology
[dna] air wrote 67 bytes to ecology
[dna] air wrote 89 bytes to ecology
[dna] air wrote 55 bytes to ecology
[dna] air wrote 49 bytes to ecology
[dna] air wrote 12 bytes to ecology
[dna] air wrote 40 bytes to ecology
[dna] air wrote 40 bytes to ecology
[dna] air wrote 38 bytes to ecology
[dna] air wrote 41 bytes to ecology
[debug-onto] tick=150 corpus=151443 stage=2 freeze=0
[dna] air wrote 77 bytes to ecology
[dna] air wrote 44 bytes to ecology
[dna] air wrote 85 bytes to ecology
[dna] air wrote 19 bytes to ecology
[dna] air wrote 128 bytes to ecology
[dna] air wrote 53 bytes to ecology
[dna] air wrote 52 bytes to ecology
[dna] air wrote 25 bytes to ecology
[dna] air wrote 18 bytes to ecology
[dna] air wrote 133 bytes to ecology
[dna] air wrote 62 bytes to ecology
[dna] air wrote 32 bytes to ecology
[dna] air wrote 116 bytes to ecology
[dna] air wrote 17 bytes to ecology
[dna] air wrote 81 bytes to ecology
[dna] air wrote 62 bytes to ecology
[dna] air wrote 179 bytes to ecology
[dna] air wrote 146 bytes to ecology
[dna] air wrote 40 bytes to ecology
[dna] air wrote 127 bytes to ecology
[dna] air wrote 66 bytes to ecology
[dna] air wrote 66 bytes to ecology
[dna] air wrote 46 bytes to ecology
[debug-onto] tick=200 corpus=151443 stage=2 freeze=0
[dna] air wrote 60 bytes to ecology
[dna] air wrote 87 bytes to ecology
[dna] air wrote 26 bytes to ecology
[dna] air wrote 116 bytes to ecology
[dna] air wrote 22 bytes to ecology
[dna] air wrote 29 bytes to ecology
[dna] air wrote 124 bytes to ecology
[dna] air wrote 36 bytes to ecology
[dna] air wrote 149 bytes to ecology
[dna] air wrote 82 bytes to ecology
[dna] air wrote 80 bytes to ecology
[dna] air wrote 91 bytes to ecology
[dna] air wrote 90 bytes to ecology
[dna] air wrote 35 bytes to ecology
[dna] air wrote 20 bytes to ecology
[dna] air wrote 39 bytes to ecology
[dna] air wrote 9 bytes to ecology
[dna] air wrote 18 bytes to ecology
[dna] air wrote 139 bytes to ecology
[dna] air wrote 127 bytes to ecology
[dna] air wrote 134 bytes to ecology
[dna] air wrote 283 bytes to ecology
[dna] air wrote 73 bytes to ecology
[dna] air wrote 33 bytes to ecology
[dna] air wrote 50 bytes to ecology
[debug-onto] tick=250 corpus=151443 stage=2 freeze=0
[dna] air wrote 78 bytes to ecology
[dna] air wrote 133 bytes to ecology
[dna] air wrote 42 bytes to ecology
[dna] air wrote 166 bytes to ecology
[dna] air wrote 29 bytes to ecology
[dna] air wrote 163 bytes to ecology
[dna] air wrote 63 bytes to ecology
[dna] air wrote 107 bytes to ecology
[dna] air wrote 119 bytes to ecology
[dna] air wrote 55 bytes to ecology
[dna] air wrote 167 bytes to ecology
[dna] air wrote 108 bytes to ecology
[dna] air wrote 80 bytes to ecology
[dna] air wrote 56 bytes to ecology
[dna] air wrote 114 bytes to ecology
[dna] air wrote 41 bytes to ecology
[dna] air wrote 135 bytes to ecology
[dna] air wrote 74 bytes to ecology
[dna] air wrote 53 bytes to ecology
[dna] air wrote 32 bytes to ecology
[dna] air wrote 125 bytes to ecology
[debug-onto] tick=300 corpus=151443 stage=2 freeze=0
[dna] air wrote 58 bytes to ecology
[dna] air wrote 26 bytes to ecology
[dna] air wrote 53 bytes to ecology
[dna] air wrote 95 bytes to ecology
[dna] air wrote 105 bytes to ecology
[dna] air wrote 147 bytes to ecology
[dna] air wrote 31 bytes to ecology
[dna] air wrote 69 bytes to ecology
[dna] air wrote 77 bytes to ecology
[dna] air wrote 32 bytes to ecology
[dna] air wrote 75 bytes to ecology
[dna] air wrote 42 bytes to ecology
[dna] air wrote 46 bytes to ecology
[dna] air wrote 93 bytes to ecology
[dna] air wrote 80 bytes to ecology
[dna] air wrote 77 bytes to ecology
[dna] air wrote 16 bytes to ecology
[dna] air wrote 31 bytes to ecology
[dna] air wrote 69 bytes to ecology
[dna] air wrote 110 bytes to ecology
[dna] air wrote 11 bytes to ecology
[dna] air wrote 154 bytes to ecology
[dna] air wrote 96 bytes to ecology
[dna] air wrote 123 bytes to ecology
[debug-onto] tick=350 corpus=151443 stage=2 freeze=0
[dna] air wrote 85 bytes to ecology
[dna] air wrote 129 bytes to ecology
[dna] air wrote 79 bytes to ecology
[dna] air wrote 52 bytes to ecology
[dna] air wrote 41 bytes to ecology
[dna] air wrote 47 bytes to ecology
[dna] air wrote 114 bytes to ecology
[dna] air wrote 56 bytes to ecology
[dna] air wrote 120 bytes to ecology
[dna] air wrote 151 bytes to ecology
[dna] air wrote 24 bytes to ecology
[dna] air wrote 80 bytes to ecology
[dna] air wrote 80 bytes to ecology
[dna] air wrote 201 bytes to ecology
[dna] air wrote 118 bytes to ecology
[dna] air wrote 90 bytes to ecology
[dna] air wrote 61 bytes to ecology
[dna] air wrote 109 bytes to ecology
[dna] air wrote 80 bytes to ecology
[dna] air wrote 63 bytes to ecology
[dna] air wrote 101 bytes to ecology
[dna] air wrote 95 bytes to ecology
[dna] air wrote 26 bytes to ecology
[dna] air wrote 199 bytes to ecology
[dna] air wrote 99 bytes to ecology
[dna] air wrote 148 bytes to ecology
[debug-onto] tick=400 corpus=151443 stage=2 freeze=0
[dna] air wrote 45 bytes to ecology
[dna] air wrote 123 bytes to ecology
[dna] air wrote 231 bytes to ecology
[dna] air wrote 31 bytes to ecology
[dna] air wrote 104 bytes to ecology
[dna] air wrote 24 bytes to ecology
[dna] air wrote 136 bytes to ecology
[dna] air wrote 106 bytes to ecology
[dna] air wrote 62 bytes to ecology
[dna] air wrote 30 bytes to ecology
[dna] air wrote 45 bytes to ecology
[dna] air wrote 125 bytes to ecology
[dna] air wrote 74 bytes to ecology
[dna] air wrote 15 bytes to ecology
[dna] air wrote 144 bytes to ecology
[dna] air wrote 111 bytes to ecology
[dna] air wrote 40 bytes to ecology
[dna] air wrote 29 bytes to ecology
[dna] air wrote 43 bytes to ecology
[dna] air wrote 24 bytes to ecology
[dna] air wrote 42 bytes to ecology
[dna] air wrote 101 bytes to ecology
[dna] air wrote 58 bytes to ecology
[dna] air wrote 131 bytes to ecology
[debug-onto] tick=450 corpus=151443 stage=2 freeze=0
[dna] air wrote 72 bytes to ecology
[dna] air wrote 332 bytes to ecology
[dna] air wrote 66 bytes to ecology
[dna] air wrote 71 bytes to ecology
[dna] air wrote 116 bytes to ecology
[dna] air wrote 42 bytes to ecology
[dna] air wrote 60 bytes to ecology
[dna] air wrote 56 bytes to ecology
[dna] air wrote 63 bytes to ecology
[dna] air wrote 40 bytes to ecology
[dna] air wrote 49 bytes to ecology
[dna] air wrote 55 bytes to ecology
[dna] air wrote 13 bytes to ecology
[dna] air wrote 39 bytes to ecology
[dna] air wrote 69 bytes to ecology
[dna] air wrote 54 bytes to ecology
[dna] air wrote 29 bytes to ecology
[dna] air wrote 30 bytes to ecology
[dna] air wrote 60 bytes to ecology
[dna] air wrote 13 bytes to ecology
[dna] air wrote 33 bytes to ecology
[dna] air wrote 58 bytes to ecology
[dna] air wrote 77 bytes to ecology
[dna] air wrote 126 bytes to ecology
[dna] air wrote 63 bytes to ecology
[dna] air wrote 60 bytes to ecology
[dna] air wrote 15 bytes to ecology
[debug-onto] tick=500 corpus=151443 stage=2 freeze=0
[dna] air wrote 40 bytes to ecology
[dna] air wrote 300 bytes to ecology
[dna] air wrote 118 bytes to ecology
[dna] air wrote 91 bytes to ecology
[dna] air wrote 166 bytes to ecology
[dna] air wrote 156 bytes to ecology
[dna] air wrote 99 bytes to ecology
[dna] air wrote 64 bytes to ecology
[dna] air wrote 20 bytes to ecology
[dna] air wrote 153 bytes to ecology
[dna] air wrote 19 bytes to ecology
[dna] air wrote 53 bytes to ecology
[dna] air wrote 119 bytes to ecology
[dna] air wrote 11 bytes to ecology
[dna] air wrote 88 bytes to ecology
[dna] air wrote 63 bytes to ecology
[dna] air wrote 38 bytes to ecology
[dna] air wrote 34 bytes to ecology
[dna] air wrote 41 bytes to ecology
[dna] air wrote 95 bytes to ecology
[dna] air wrote 152 bytes to ecology
[dna] air wrote 76 bytes to ecology
[dna] air wrote 107 bytes to ecology
[dna] air wrote 72 bytes to ecology
[debug-onto] tick=550 corpus=151443 stage=2 freeze=0
[dna] air wrote 26 bytes to ecology
[dna] air wrote 58 bytes to ecology
[dna] air wrote 41 bytes to ecology
[dna] air wrote 110 bytes to ecology
[dna] air wrote 189 bytes to ecology
[dna] air wrote 29 bytes to ecology
[dna] air wrote 93 bytes to ecology
[dna] air wrote 189 bytes to ecology
[dna] air wrote 82 bytes to ecology
[dna] air wrote 101 bytes to ecology
[dna] air wrote 25 bytes to ecology
[dna] air wrote 51 bytes to ecology
[dna] air wrote 133 bytes to ecology
[dna] air wrote 79 bytes to ecology
[dna] air wrote 45 bytes to ecology
[dna] air wrote 16 bytes to ecology
[dna] air wrote 78 bytes to ecology
[dna] air wrote 104 bytes to ecology
[dna] air wrote 105 bytes to ecology
[dna] air wrote 11 bytes to ecology
[dna] air wrote 67 bytes to ecology
[dna] air wrote 41 bytes to ecology
[dna] air wrote 16 bytes to ecology
[dna] air wrote 34 bytes to ecology
[dna] air wrote 46 bytes to ecology
[dna] air wrote 54 bytes to ecology
[dna] air wrote 118 bytes to ecology
[dna] air wrote 26 bytes to ecology
[debug-onto] tick=600 corpus=151443 stage=2 freeze=0
[dna] air wrote 33 bytes to ecology
[dna] air wrote 50 bytes to ecology
[dna] air wrote 92 bytes to ecology
[dna] air wrote 37 bytes to ecology
[dna] air wrote 63 bytes to ecology

[evolution] Organism shutting down gracefully.
