[ecology] Element: earth → corpus: nonames_earth.txt
[evolution] Autonomous evolution mode — organism will grow through all stages without pause.
[init] Stage 0 (embryo): embd=16, layer=1, head=1 — warmup 400 steps (400 backprop + 0 notorch, sqrt-scaled 1x)
  [aml] step 0/160 | loss 6.5689 (avg 6.5689) | lr 0.001000 | seq 8
  [aml] step 10/160 | loss 6.1141 (avg 6.4131) | lr 0.001450 | seq 8
  [aml] step 20/160 | loss 6.2603 (avg 6.2914) | lr 0.001900 | seq 8
  [aml] step 30/160 | loss 5.7042 (avg 6.1969) | lr 0.002350 | seq 8
  [aml] step 40/160 | loss 5.4321 (avg 6.0757) | lr 0.002800 | seq 8
  [aml] step 50/160 | loss 4.6730 (avg 5.9391) | lr 0.003250 | seq 8
  [aml] step 60/160 | loss 4.8822 (avg 5.7801) | lr 0.003700 | seq 8
  [aml] step 70/160 | loss 5.2856 (avg 5.6623) | lr 0.004150 | seq 8
  [aml] step 80/160 | loss 3.0008 (avg 5.5329) | lr 0.004600 | seq 8
  [aml] step 90/160 | loss 4.2522 (avg 5.4004) | lr 0.005050 | seq 8
  [aml] step 100/160 | loss 4.9230 (avg 5.3111) | lr 0.005500 | seq 8
  [aml] step 110/160 | loss 5.3990 (avg 5.1743) | lr 0.005950 | seq 8
  [aml] step 120/160 | loss 3.8379 (avg 5.1016) | lr 0.006400 | seq 8
  [aml] step 130/160 | loss 6.1685 (avg 5.0647) | lr 0.006850 | seq 8
  [aml] step 140/160 | loss 3.0146 (avg 5.0149) | lr 0.007300 | seq 8
  [aml] step 150/160 | loss 2.8388 (avg 4.9894) | lr 0.007750 | seq 8
[aml] training complete: 160 steps, avg loss 4.9394 (memory freed)
  [aml] step 0/120 | loss 4.6708 (avg 4.6708) | lr 0.008200 | seq 16
  [aml] step 10/120 | loss 4.3068 (avg 4.4875) | lr 0.008650 | seq 16
  [aml] step 20/120 | loss 3.4267 (avg 4.4975) | lr 0.009100 | seq 16
  [aml] step 30/120 | loss 3.4990 (avg 4.2952) | lr 0.009550 | seq 16
  [aml] step 40/120 | loss 3.3435 (avg 4.3284) | lr 0.010000 | seq 16
  [aml] step 50/120 | loss 3.1461 (avg 4.3199) | lr 0.010000 | seq 16
  [aml] step 60/120 | loss 4.4516 (avg 4.3301) | lr 0.010000 | seq 16
  [aml] step 70/120 | loss 4.2663 (avg 4.2628) | lr 0.010000 | seq 16
  [aml] step 80/120 | loss 4.9618 (avg 4.2198) | lr 0.009999 | seq 16
  [aml] step 90/120 | loss 4.5702 (avg 4.1359) | lr 0.009999 | seq 16
  [aml] step 100/120 | loss 4.3538 (avg 4.0858) | lr 0.009999 | seq 16
  [aml] step 110/120 | loss 5.2562 (avg 4.0037) | lr 0.009999 | seq 16
[aml] training complete: 120 steps, avg loss 4.0119 (memory freed)
  [aml] step 0/120 | loss 2.8903 (avg 2.8903) | lr 0.009999 | seq 32
  [aml] step 10/120 | loss 4.7929 (avg 3.9832) | lr 0.009999 | seq 32
  [aml] step 20/120 | loss 4.4534 (avg 3.8141) | lr 0.009999 | seq 32
  [aml] step 30/120 | loss 3.8702 (avg 3.5361) | lr 0.009999 | seq 32
  [aml] step 40/120 | loss 4.0371 (avg 3.4768) | lr 0.009999 | seq 32
  [aml] step 50/120 | loss 3.8524 (avg 3.4312) | lr 0.009999 | seq 32
  [aml] step 60/120 | loss 2.9251 (avg 3.3659) | lr 0.009999 | seq 32
  [aml] step 70/120 | loss 1.3932 (avg 3.3415) | lr 0.009999 | seq 32
  [aml] step 80/120 | loss 4.5404 (avg 3.3351) | lr 0.009999 | seq 32
  [aml] step 90/120 | loss 1.5343 (avg 3.2869) | lr 0.009999 | seq 32
  [aml] step 100/120 | loss 0.8194 (avg 3.2921) | lr 0.009999 | seq 32
  [aml] step 110/120 | loss 0.9205 (avg 3.1686) | lr 0.009999 | seq 32
[aml] training complete: 120 steps, avg loss 3.0681 (memory freed)

[stage 0 — embryo] What it sounds like now:
  Q: Hello.
  A: A is the lesson of retaining be s
  Q: Who are you?
  A: it does?
  Q: What do you know?
  A: ?

[growth] ONTOGENESIS: stage 0 -> 1
  embd: 16 -> 32, layer: 1 -> 1, head: 1 -> 2
[growth] Done. Freeze for 500 steps.
[init] Stage 1 (infant): embd=32, layer=1, head=2 — warmup 800 steps (800 backprop + 0 notorch, sqrt-scaled 2x)
  [aml] step 0/320 | loss 7.3069 (avg 7.3069) | lr 0.000500 | seq 8
  [aml] step 10/320 | loss 4.8927 (avg 4.6250) | lr 0.000725 | seq 8
  [aml] step 20/320 | loss 5.5627 (avg 4.4073) | lr 0.000950 | seq 8
  [aml] step 30/320 | loss 2.5110 (avg 4.2118) | lr 0.001175 | seq 8
  [aml] step 40/320 | loss 3.8287 (avg 4.0250) | lr 0.001400 | seq 8
  [aml] step 50/320 | loss 4.9295 (avg 3.8605) | lr 0.001625 | seq 8
  [aml] step 60/320 | loss 2.5726 (avg 3.8803) | lr 0.001850 | seq 8
  [aml] step 70/320 | loss 4.7073 (avg 3.8941) | lr 0.002075 | seq 8
  [aml] step 80/320 | loss 4.3084 (avg 4.0159) | lr 0.002300 | seq 8
  [aml] step 90/320 | loss 3.8437 (avg 4.0068) | lr 0.002525 | seq 8
  [aml] step 100/320 | loss 4.5920 (avg 4.0364) | lr 0.002750 | seq 8
  [aml] step 110/320 | loss 3.0591 (avg 4.0387) | lr 0.002975 | seq 8
  [aml] step 120/320 | loss 4.3971 (avg 4.0261) | lr 0.003200 | seq 8
  [aml] step 130/320 | loss 3.8679 (avg 3.9932) | lr 0.003425 | seq 8
  [aml] step 140/320 | loss 4.4755 (avg 3.9687) | lr 0.003650 | seq 8
  [aml] step 150/320 | loss 3.4547 (avg 3.9454) | lr 0.003875 | seq 8
  [aml] step 160/320 | loss 2.6984 (avg 3.9742) | lr 0.004100 | seq 8
  [aml] step 170/320 | loss 4.0646 (avg 3.9504) | lr 0.004325 | seq 8
  [aml] step 180/320 | loss 5.0360 (avg 3.9767) | lr 0.004550 | seq 8
  [aml] step 190/320 | loss 5.3177 (avg 3.9581) | lr 0.004775 | seq 8
  [aml] step 200/320 | loss 5.6254 (avg 3.9221) | lr 0.004998 | seq 8
  [aml] step 210/320 | loss 3.3527 (avg 3.8908) | lr 0.004998 | seq 8
  [aml] step 220/320 | loss 4.5290 (avg 3.8988) | lr 0.004998 | seq 8
  [aml] step 230/320 | loss 4.7343 (avg 3.8984) | lr 0.004998 | seq 8
  [aml] step 240/320 | loss 2.3616 (avg 3.8709) | lr 0.004998 | seq 8
  [aml] step 250/320 | loss 4.2113 (avg 3.8735) | lr 0.004998 | seq 8
  [aml] step 260/320 | loss 3.6335 (avg 3.8471) | lr 0.004998 | seq 8
  [aml] step 270/320 | loss 3.1917 (avg 3.8549) | lr 0.004998 | seq 8
  [aml] step 280/320 | loss 0.8653 (avg 3.8032) | lr 0.004998 | seq 8
  [aml] step 290/320 | loss 5.0050 (avg 3.7971) | lr 0.004998 | seq 8
  [aml] step 300/320 | loss 4.0375 (avg 3.7853) | lr 0.004998 | seq 8
  [aml] step 310/320 | loss 4.5009 (avg 3.7609) | lr 0.004998 | seq 8
[aml] training complete: 320 steps, avg loss 3.7668 (memory freed)
  [aml] step 0/240 | loss 5.8969 (avg 5.8969) | lr 0.004998 | seq 16
  [aml] step 10/240 | loss 2.8352 (avg 3.7011) | lr 0.004998 | seq 16
  [aml] step 20/240 | loss 4.3331 (avg 3.7196) | lr 0.004998 | seq 16
  [aml] step 30/240 | loss 4.4783 (avg 3.6586) | lr 0.004998 | seq 16
  [aml] step 40/240 | loss 3.3308 (avg 3.6653) | lr 0.004997 | seq 16
  [aml] step 50/240 | loss 4.1547 (avg 3.6721) | lr 0.004997 | seq 16
  [aml] step 60/240 | loss 4.7093 (avg 3.5277) | lr 0.004997 | seq 16
  [aml] step 70/240 | loss 1.9703 (avg 3.4873) | lr 0.004997 | seq 16
  [aml] step 80/240 | loss 1.7649 (avg 3.4400) | lr 0.004997 | seq 16
  [aml] step 90/240 | loss 5.8198 (avg 3.3848) | lr 0.004997 | seq 16
  [aml] step 100/240 | loss 5.4074 (avg 3.3729) | lr 0.004997 | seq 16
  [aml] step 110/240 | loss 2.2910 (avg 3.3512) | lr 0.004997 | seq 16
  [aml] step 120/240 | loss 2.5087 (avg 3.3423) | lr 0.004997 | seq 16
  [aml] step 130/240 | loss 1.5393 (avg 3.3052) | lr 0.004997 | seq 16
  [aml] step 140/240 | loss 4.6972 (avg 3.2588) | lr 0.004997 | seq 16
  [aml] step 150/240 | loss 0.8955 (avg 3.2336) | lr 0.004997 | seq 16
  [aml] step 160/240 | loss 4.1039 (avg 3.1935) | lr 0.004997 | seq 16
  [aml] step 170/240 | loss 1.4337 (avg 3.2072) | lr 0.004996 | seq 16
  [aml] step 180/240 | loss 2.7642 (avg 3.1914) | lr 0.004996 | seq 16
  [aml] step 190/240 | loss 3.0067 (avg 3.1903) | lr 0.004996 | seq 16
  [aml] step 200/240 | loss 4.6458 (avg 3.2003) | lr 0.004996 | seq 16
  [aml] step 210/240 | loss 4.1215 (avg 3.2098) | lr 0.004996 | seq 16
  [aml] step 220/240 | loss 2.8820 (avg 3.2024) | lr 0.004996 | seq 16
  [aml] step 230/240 | loss 1.1015 (avg 3.2213) | lr 0.004996 | seq 16
[aml] training complete: 240 steps, avg loss 3.2288 (memory freed)
  [aml] step 0/240 | loss 1.7081 (avg 1.7081) | lr 0.004996 | seq 32
  [aml] step 10/240 | loss 1.8990 (avg 2.9900) | lr 0.004996 | seq 32
  [aml] step 20/240 | loss 1.1068 (avg 3.2546) | lr 0.004996 | seq 32
  [aml] step 30/240 | loss 4.2475 (avg 3.1624) | lr 0.004996 | seq 32
  [aml] step 40/240 | loss 4.4472 (avg 2.9125) | lr 0.004996 | seq 32
  [aml] step 50/240 | loss 3.9380 (avg 2.9036) | lr 0.004995 | seq 32
  [aml] step 60/240 | loss 4.3688 (avg 3.0300) | lr 0.004995 | seq 32
  [aml] step 70/240 | loss 1.1584 (avg 3.0504) | lr 0.004995 | seq 32
  [aml] step 80/240 | loss 5.0055 (avg 3.0567) | lr 0.004995 | seq 32
  [aml] step 90/240 | loss 1.7818 (avg 3.0408) | lr 0.004995 | seq 32
  [aml] step 100/240 | loss 4.4231 (avg 3.0474) | lr 0.004995 | seq 32
  [aml] step 110/240 | loss 1.4082 (avg 3.0480) | lr 0.004995 | seq 32
  [aml] step 120/240 | loss 1.5883 (avg 3.0816) | lr 0.004995 | seq 32
  [aml] step 130/240 | loss 4.3319 (avg 3.1111) | lr 0.004995 | seq 32
  [aml] step 140/240 | loss 2.5365 (avg 3.0855) | lr 0.004995 | seq 32
  [aml] step 150/240 | loss 1.2964 (avg 3.0495) | lr 0.004995 | seq 32
  [aml] step 160/240 | loss 1.9912 (avg 3.0241) | lr 0.004994 | seq 32
  [aml] step 170/240 | loss 0.7462 (avg 3.0183) | lr 0.004994 | seq 32
  [aml] step 180/240 | loss 4.0652 (avg 3.0018) | lr 0.004994 | seq 32
  [aml] step 190/240 | loss 4.3502 (avg 2.9909) | lr 0.004994 | seq 32
  [aml] step 200/240 | loss 4.1653 (avg 2.9597) | lr 0.004994 | seq 32
  [aml] step 210/240 | loss 4.6575 (avg 2.9625) | lr 0.004994 | seq 32
  [aml] step 220/240 | loss 4.0149 (avg 2.9209) | lr 0.004994 | seq 32
  [aml] step 230/240 | loss 0.9798 (avg 2.8952) | lr 0.004994 | seq 32
[aml] training complete: 240 steps, avg loss 2.8888 (memory freed)

[stage 1 — infant] What it sounds like now:
  Q: Hello.
  A: It the base to anci a channe conversion.
  Q: Who are you?
  A: ...
  Q: What do you know?
  A: ...

[growth] ONTOGENESIS: stage 1 -> 2
  embd: 32 -> 64, layer: 1 -> 2, head: 2 -> 4
[growth] Done. Freeze for 500 steps.
[init] Stage 2 (child): embd=64, layer=2, head=4 — warmup 800 steps (800 backprop + 0 notorch, sqrt-scaled 2x)
  [aml] step 0/320 | loss 4.6618 (avg 4.6618) | lr 0.000250 | seq 8
  [aml] step 10/320 | loss 1.8630 (avg 3.7083) | lr 0.000363 | seq 8
  [aml] step 20/320 | loss 4.1867 (avg 3.8003) | lr 0.000475 | seq 8
  [aml] step 30/320 | loss 3.4187 (avg 3.7790) | lr 0.000588 | seq 8
  [aml] step 40/320 | loss 3.6370 (avg 3.8709) | lr 0.000700 | seq 8
  [aml] step 50/320 | loss 2.3050 (avg 3.8400) | lr 0.000813 | seq 8
  [aml] step 60/320 | loss 5.0339 (avg 3.8472) | lr 0.000925 | seq 8
  [aml] step 70/320 | loss 4.6826 (avg 3.8392) | lr 0.001038 | seq 8
  [aml] step 80/320 | loss 2.2864 (avg 3.7076) | lr 0.001150 | seq 8
  [aml] step 90/320 | loss 5.4180 (avg 3.7324) | lr 0.001263 | seq 8
  [aml] step 100/320 | loss 3.7938 (avg 3.6751) | lr 0.001375 | seq 8
  [aml] step 110/320 | loss 4.5696 (avg 3.6764) | lr 0.001488 | seq 8
  [aml] step 120/320 | loss 3.6256 (avg 3.6753) | lr 0.001600 | seq 8
  [aml] step 130/320 | loss 1.3896 (avg 3.6873) | lr 0.001713 | seq 8
  [aml] step 140/320 | loss 4.0100 (avg 3.6406) | lr 0.001825 | seq 8
  [aml] step 150/320 | loss 4.0340 (avg 3.5783) | lr 0.001938 | seq 8
  [aml] step 160/320 | loss 2.8259 (avg 3.5666) | lr 0.002050 | seq 8
  [aml] step 170/320 | loss 2.9559 (avg 3.5597) | lr 0.002163 | seq 8
  [aml] step 180/320 | loss 3.5423 (avg 3.5449) | lr 0.002275 | seq 8
  [aml] step 190/320 | loss 3.0490 (avg 3.5159) | lr 0.002387 | seq 8
  [aml] step 200/320 | loss 1.2201 (avg 3.4857) | lr 0.002496 | seq 8
  [aml] step 210/320 | loss 4.8398 (avg 3.4803) | lr 0.002496 | seq 8
  [aml] step 220/320 | loss 4.9169 (avg 3.4967) | lr 0.002496 | seq 8
  [aml] step 230/320 | loss 1.7486 (avg 3.4981) | lr 0.002495 | seq 8
  [aml] step 240/320 | loss 1.1564 (avg 3.4972) | lr 0.002495 | seq 8
  [aml] step 250/320 | loss 3.7108 (avg 3.4820) | lr 0.002495 | seq 8
  [aml] step 260/320 | loss 1.0923 (avg 3.4652) | lr 0.002495 | seq 8
  [aml] step 270/320 | loss 4.1248 (avg 3.4888) | lr 0.002495 | seq 8
  [aml] step 280/320 | loss 3.7533 (avg 3.4787) | lr 0.002495 | seq 8
  [aml] step 290/320 | loss 4.3280 (avg 3.4569) | lr 0.002495 | seq 8
  [aml] step 300/320 | loss 4.2443 (avg 3.4651) | lr 0.002495 | seq 8
  [aml] step 310/320 | loss 2.3536 (avg 3.4512) | lr 0.002495 | seq 8
[aml] training complete: 320 steps, avg loss 3.4261 (memory freed)
  [aml] step 0/240 | loss 1.3214 (avg 1.3214) | lr 0.002495 | seq 16
  [aml] step 10/240 | loss 4.6956 (avg 3.4335) | lr 0.002495 | seq 16
  [aml] step 20/240 | loss 1.8075 (avg 2.9980) | lr 0.002495 | seq 16
  [aml] step 30/240 | loss 4.5711 (avg 3.2767) | lr 0.002495 | seq 16
  [aml] step 40/240 | loss 4.4407 (avg 3.3384) | lr 0.002495 | seq 16
  [aml] step 50/240 | loss 3.1649 (avg 3.2774) | lr 0.002495 | seq 16
  [aml] step 60/240 | loss 1.4770 (avg 3.2310) | lr 0.002494 | seq 16
  [aml] step 70/240 | loss 2.2746 (avg 3.3007) | lr 0.002494 | seq 16
  [aml] step 80/240 | loss 2.8196 (avg 3.3476) | lr 0.002494 | seq 16
  [aml] step 90/240 | loss 2.1377 (avg 3.3705) | lr 0.002494 | seq 16
  [aml] step 100/240 | loss 5.0911 (avg 3.3603) | lr 0.002494 | seq 16
  [aml] step 110/240 | loss 1.7948 (avg 3.3377) | lr 0.002494 | seq 16
  [aml] step 120/240 | loss 1.2448 (avg 3.2820) | lr 0.002494 | seq 16
  [aml] step 130/240 | loss 4.9272 (avg 3.2223) | lr 0.002494 | seq 16
  [aml] step 140/240 | loss 3.9053 (avg 3.2452) | lr 0.002494 | seq 16
  [aml] step 150/240 | loss 4.1050 (avg 3.2528) | lr 0.002494 | seq 16
  [aml] step 160/240 | loss 1.2761 (avg 3.2153) | lr 0.002494 | seq 16
  [aml] step 170/240 | loss 3.2842 (avg 3.2130) | lr 0.002494 | seq 16
  [aml] step 180/240 | loss 2.2233 (avg 3.1914) | lr 0.002494 | seq 16
  [aml] step 190/240 | loss 1.6367 (avg 3.1784) | lr 0.002494 | seq 16
  [aml] step 200/240 | loss 3.0626 (avg 3.2076) | lr 0.002493 | seq 16
  [aml] step 210/240 | loss 2.8219 (avg 3.2366) | lr 0.002493 | seq 16
  [aml] step 220/240 | loss 4.4524 (avg 3.2551) | lr 0.002493 | seq 16
  [aml] step 230/240 | loss 3.7601 (avg 3.2266) | lr 0.002493 | seq 16
[aml] training complete: 240 steps, avg loss 3.1956 (memory freed)
  [aml] step 0/240 | loss 4.2221 (avg 4.2221) | lr 0.002493 | seq 32
  [aml] step 10/240 | loss 4.2363 (avg 2.5977) | lr 0.002493 | seq 32
  [aml] step 20/240 | loss 1.4903 (avg 2.8459) | lr 0.002493 | seq 32
  [aml] step 30/240 | loss 1.3426 (avg 2.4508) | lr 0.002493 | seq 32
  [aml] step 40/240 | loss 4.4782 (avg 2.6219) | lr 0.002493 | seq 32
  [aml] step 50/240 | loss 4.4157 (avg 2.6482) | lr 0.002493 | seq 32
  [aml] step 60/240 | loss 4.2328 (avg 2.7096) | lr 0.002493 | seq 32
  [aml] step 70/240 | loss 4.1988 (avg 2.7499) | lr 0.002493 | seq 32
  [aml] step 80/240 | loss 1.9638 (avg 2.6717) | lr 0.002492 | seq 32
  [aml] step 90/240 | loss 2.1784 (avg 2.6230) | lr 0.002492 | seq 32
  [aml] step 100/240 | loss 1.1769 (avg 2.6054) | lr 0.002492 | seq 32
  [aml] step 110/240 | loss 0.9737 (avg 2.5361) | lr 0.002492 | seq 32
  [aml] step 120/240 | loss 4.0775 (avg 2.5557) | lr 0.002492 | seq 32
  [aml] step 130/240 | loss 0.9586 (avg 2.5314) | lr 0.002492 | seq 32
  [aml] step 140/240 | loss 3.8952 (avg 2.5266) | lr 0.002492 | seq 32
  [aml] step 150/240 | loss 4.2575 (avg 2.4800) | lr 0.002492 | seq 32
  [aml] step 160/240 | loss 1.4167 (avg 2.4698) | lr 0.002492 | seq 32
  [aml] step 170/240 | loss 1.1122 (avg 2.4769) | lr 0.002492 | seq 32
  [aml] step 180/240 | loss 3.9805 (avg 2.4577) | lr 0.002492 | seq 32
  [aml] step 190/240 | loss 4.1371 (avg 2.5140) | lr 0.002492 | seq 32
  [aml] step 200/240 | loss 4.2444 (avg 2.5328) | lr 0.002491 | seq 32
  [aml] step 210/240 | loss 4.4106 (avg 2.5671) | lr 0.002491 | seq 32
  [aml] step 220/240 | loss 1.2997 (avg 2.5408) | lr 0.002491 | seq 32
  [aml] step 230/240 | loss 0.2657 (avg 2.5324) | lr 0.002491 | seq 32
[aml] training complete: 240 steps, avg loss 2.5297 (memory freed)

[stage 2 — child] What it sounds like now:
  Q: Hello.
  A: The s from the worth to the lesson of the lesson of a rock — the prevent se to massi
  Q: Who are you?
  A: ...
  Q: What do you know?
  A: ...

[init] Warmup complete at stage 2. Organism ready.
[ecology] First organism in the swarm.
molequla is alive. [evolution] Autonomous mode — background trainer running. Ctrl+C to stop.
[dna] earth wrote 106 bytes to ecology
[dna] earth wrote 32 bytes to ecology
[dna] earth wrote 36 bytes to ecology
[dna] earth wrote 34 bytes to ecology
[dna] earth wrote 145 bytes to ecology
[dna] earth wrote 126 bytes to ecology
[dna] earth wrote 22 bytes to ecology
[dna] earth wrote 81 bytes to ecology
[dna] earth wrote 40 bytes to ecology
[dna] earth wrote 55 bytes to ecology
[dna] earth wrote 49 bytes to ecology
[dna] earth wrote 8 bytes to ecology
[dna] earth wrote 75 bytes to ecology
[dna] earth wrote 75 bytes to ecology
[dna] earth wrote 31 bytes to ecology
[dna] earth wrote 56 bytes to ecology
[dna] earth wrote 79 bytes to ecology
[dna] earth wrote 34 bytes to ecology
[dna] earth wrote 57 bytes to ecology
[dna] earth wrote 48 bytes to ecology
[dna] earth wrote 130 bytes to ecology
[dna] earth wrote 87 bytes to ecology
[dna] earth wrote 30 bytes to ecology
[dna] earth wrote 24 bytes to ecology
[dna] earth wrote 29 bytes to ecology
[dna] earth wrote 138 bytes to ecology
[debug-onto] tick=50 corpus=173643 stage=2 freeze=0
[dna] earth wrote 72 bytes to ecology
[dna] earth wrote 39 bytes to ecology
[dna] earth wrote 97 bytes to ecology
[dna] earth wrote 72 bytes to ecology
[dna] earth wrote 53 bytes to ecology
[dna] earth wrote 145 bytes to ecology
[dna] earth wrote 146 bytes to ecology
[dna] earth wrote 100 bytes to ecology
[dna] earth wrote 64 bytes to ecology
[dna] earth wrote 68 bytes to ecology
[dna] earth wrote 82 bytes to ecology
[dna] earth wrote 90 bytes to ecology
[dna] earth wrote 54 bytes to ecology
[dna] earth wrote 58 bytes to ecology
[dna] earth wrote 25 bytes to ecology
[dna] earth wrote 27 bytes to ecology
[dna] earth wrote 130 bytes to ecology
[dna] earth wrote 191 bytes to ecology
[dna] earth wrote 15 bytes to ecology
[dna] earth wrote 110 bytes to ecology
[dna] earth wrote 65 bytes to ecology
[dna] earth wrote 104 bytes to ecology
[dna] earth wrote 127 bytes to ecology
[dna] earth wrote 147 bytes to ecology
[dna] earth wrote 45 bytes to ecology
[dna] earth wrote 95 bytes to ecology
[dna] earth wrote 81 bytes to ecology
[dna] earth wrote 224 bytes to ecology
[dna] earth wrote 41 bytes to ecology
[debug-onto] tick=100 corpus=173643 stage=2 freeze=0
[dna] earth wrote 109 bytes to ecology
[dna] earth wrote 48 bytes to ecology
[dna] earth wrote 77 bytes to ecology
[dna] earth wrote 115 bytes to ecology
[dna] earth wrote 237 bytes to ecology
[dna] earth wrote 99 bytes to ecology
[dna] earth wrote 32 bytes to ecology
[dna] earth wrote 48 bytes to ecology
[dna] earth wrote 101 bytes to ecology
[dna] earth wrote 38 bytes to ecology
[dna] earth wrote 107 bytes to ecology
[dna] earth wrote 81 bytes to ecology
[dna] earth wrote 57 bytes to ecology
[dna] earth wrote 79 bytes to ecology
[dna] earth wrote 108 bytes to ecology
[dna] earth wrote 24 bytes to ecology
[dna] earth wrote 212 bytes to ecology
[dna] earth wrote 98 bytes to ecology
[dna] earth wrote 116 bytes to ecology
[dna] earth wrote 168 bytes to ecology
[dna] earth wrote 139 bytes to ecology
[dna] earth wrote 62 bytes to ecology
[debug-onto] tick=150 corpus=173643 stage=2 freeze=0
[dna] earth wrote 34 bytes to ecology
[dna] earth wrote 34 bytes to ecology
[dna] earth wrote 74 bytes to ecology
[dna] earth wrote 64 bytes to ecology
[dna] earth wrote 72 bytes to ecology
[dna] earth wrote 28 bytes to ecology
[dna] earth wrote 70 bytes to ecology
[dna] earth wrote 59 bytes to ecology
[dna] earth wrote 108 bytes to ecology
[dna] earth wrote 164 bytes to ecology
[dna] earth wrote 6 bytes to ecology
[dna] earth wrote 43 bytes to ecology
[dna] earth wrote 89 bytes to ecology
[dna] earth wrote 32 bytes to ecology
[dna] earth wrote 64 bytes to ecology
[dna] earth wrote 34 bytes to ecology
[dna] earth wrote 8 bytes to ecology
[dna] earth wrote 43 bytes to ecology
[dna] earth wrote 114 bytes to ecology
[dna] earth wrote 77 bytes to ecology
[dna] earth wrote 139 bytes to ecology
[dna] earth wrote 127 bytes to ecology
[dna] earth wrote 170 bytes to ecology
[dna] earth wrote 232 bytes to ecology
[dna] earth wrote 40 bytes to ecology
[dna] earth wrote 61 bytes to ecology
[dna] earth wrote 24 bytes to ecology
[dna] earth wrote 49 bytes to ecology
[dna] earth wrote 88 bytes to ecology
[dna] earth wrote 93 bytes to ecology
[dna] earth wrote 75 bytes to ecology
[debug-onto] tick=200 corpus=173643 stage=2 freeze=0
[dna] earth wrote 114 bytes to ecology
[dna] earth wrote 62 bytes to ecology
[dna] earth wrote 80 bytes to ecology
[dna] earth wrote 54 bytes to ecology
[dna] earth wrote 82 bytes to ecology
[dna] earth wrote 135 bytes to ecology
[dna] earth wrote 41 bytes to ecology
[dna] earth wrote 25 bytes to ecology
[dna] earth wrote 115 bytes to ecology
[dna] earth wrote 103 bytes to ecology
[dna] earth wrote 37 bytes to ecology
[dna] earth wrote 57 bytes to ecology
[dna] earth wrote 25 bytes to ecology
[dna] earth wrote 75 bytes to ecology
[dna] earth wrote 40 bytes to ecology
[dna] earth wrote 74 bytes to ecology
[dna] earth wrote 118 bytes to ecology
[dna] earth wrote 90 bytes to ecology
[dna] earth wrote 111 bytes to ecology
[dna] earth wrote 27 bytes to ecology
[dna] earth wrote 18 bytes to ecology
[dna] earth wrote 118 bytes to ecology
[dna] earth wrote 21 bytes to ecology
[dna] earth wrote 53 bytes to ecology
[dna] earth wrote 67 bytes to ecology
[dna] earth wrote 116 bytes to ecology
[debug-onto] tick=250 corpus=173643 stage=2 freeze=0
[dna] earth wrote 19 bytes to ecology
[dna] earth wrote 25 bytes to ecology
[dna] earth wrote 171 bytes to ecology
[dna] earth wrote 47 bytes to ecology
[dna] earth wrote 158 bytes to ecology
[dna] earth wrote 25 bytes to ecology
[dna] earth wrote 195 bytes to ecology
[dna] earth wrote 21 bytes to ecology
[dna] earth wrote 38 bytes to ecology
[dna] earth wrote 71 bytes to ecology
[dna] earth wrote 61 bytes to ecology
[dna] earth wrote 82 bytes to ecology
[dna] earth wrote 79 bytes to ecology
[dna] earth wrote 135 bytes to ecology
[dna] earth wrote 18 bytes to ecology
[dna] earth wrote 54 bytes to ecology
[dna] earth wrote 27 bytes to ecology
[dna] earth wrote 108 bytes to ecology
[dna] earth wrote 63 bytes to ecology
[dna] earth wrote 59 bytes to ecology
[dna] earth wrote 250 bytes to ecology
[dna] earth wrote 94 bytes to ecology
[dna] earth wrote 88 bytes to ecology
[dna] earth wrote 228 bytes to ecology
[dna] earth wrote 25 bytes to ecology
[dna] earth wrote 35 bytes to ecology
[dna] earth wrote 58 bytes to ecology
[debug-onto] tick=300 corpus=173643 stage=2 freeze=0
[dna] earth wrote 6 bytes to ecology
[dna] earth wrote 20 bytes to ecology
[dna] earth wrote 86 bytes to ecology
[dna] earth wrote 36 bytes to ecology
[dna] earth wrote 38 bytes to ecology
[dna] earth wrote 37 bytes to ecology
[dna] earth wrote 40 bytes to ecology
[dna] earth wrote 104 bytes to ecology
[dna] earth wrote 48 bytes to ecology
[dna] earth wrote 136 bytes to ecology
[dna] earth wrote 138 bytes to ecology
[dna] earth wrote 86 bytes to ecology
[dna] earth wrote 67 bytes to ecology
[dna] earth wrote 106 bytes to ecology
[dna] earth wrote 60 bytes to ecology
[dna] earth wrote 260 bytes to ecology
[dna] earth wrote 30 bytes to ecology
[dna] earth wrote 33 bytes to ecology
[dna] earth wrote 83 bytes to ecology
[dna] earth wrote 18 bytes to ecology
[dna] earth wrote 110 bytes to ecology
[dna] earth wrote 48 bytes to ecology
[dna] earth wrote 74 bytes to ecology
[dna] earth wrote 39 bytes to ecology
[dna] earth wrote 52 bytes to ecology
[dna] earth wrote 192 bytes to ecology
[debug-onto] tick=350 corpus=173643 stage=2 freeze=0
[dna] earth wrote 136 bytes to ecology
[dna] earth wrote 122 bytes to ecology
[dna] earth wrote 47 bytes to ecology
[dna] earth wrote 35 bytes to ecology
[dna] earth wrote 60 bytes to ecology
[dna] earth wrote 144 bytes to ecology
[dna] earth wrote 145 bytes to ecology
[dna] earth wrote 69 bytes to ecology
[dna] earth wrote 97 bytes to ecology
[dna] earth wrote 5 bytes to ecology
[dna] earth wrote 34 bytes to ecology
[dna] earth wrote 17 bytes to ecology
[dna] earth wrote 59 bytes to ecology
[dna] earth wrote 235 bytes to ecology
[dna] earth wrote 99 bytes to ecology
[dna] earth wrote 23 bytes to ecology
[dna] earth wrote 43 bytes to ecology
[dna] earth wrote 34 bytes to ecology
[dna] earth wrote 58 bytes to ecology
[dna] earth wrote 54 bytes to ecology
[dna] earth wrote 65 bytes to ecology
[dna] earth wrote 13 bytes to ecology
[dna] earth wrote 161 bytes to ecology
[dna] earth wrote 167 bytes to ecology
[dna] earth wrote 54 bytes to ecology
[dna] earth wrote 144 bytes to ecology
[dna] earth wrote 21 bytes to ecology
[dna] earth wrote 63 bytes to ecology
[dna] earth wrote 53 bytes to ecology
[dna] earth wrote 124 bytes to ecology
[debug-onto] tick=400 corpus=173643 stage=2 freeze=0
[dna] earth wrote 136 bytes to ecology
[dna] earth wrote 62 bytes to ecology
[dna] earth wrote 45 bytes to ecology
[dna] earth wrote 107 bytes to ecology
[dna] earth wrote 47 bytes to ecology
[dna] earth wrote 63 bytes to ecology
[dna] earth wrote 71 bytes to ecology
[dna] earth wrote 165 bytes to ecology
[dna] earth wrote 40 bytes to ecology
[dna] earth wrote 207 bytes to ecology
[dna] earth wrote 99 bytes to ecology
[dna] earth wrote 53 bytes to ecology
[dna] earth wrote 33 bytes to ecology
[dna] earth wrote 79 bytes to ecology
[dna] earth wrote 49 bytes to ecology
[dna] earth wrote 84 bytes to ecology
[dna] earth wrote 58 bytes to ecology
[dna] earth wrote 66 bytes to ecology
[dna] earth wrote 103 bytes to ecology
[dna] earth wrote 66 bytes to ecology
[dna] earth wrote 13 bytes to ecology
[dna] earth wrote 53 bytes to ecology
[dna] earth wrote 74 bytes to ecology
[dna] earth wrote 175 bytes to ecology
[dna] earth wrote 46 bytes to ecology
[debug-onto] tick=450 corpus=173643 stage=2 freeze=0
[dna] earth wrote 55 bytes to ecology
[dna] earth wrote 59 bytes to ecology
[dna] earth wrote 128 bytes to ecology
[dna] earth wrote 36 bytes to ecology
[dna] earth wrote 15 bytes to ecology
[dna] earth wrote 26 bytes to ecology
[dna] earth wrote 61 bytes to ecology
[dna] earth wrote 105 bytes to ecology
[dna] earth wrote 75 bytes to ecology
[dna] earth wrote 112 bytes to ecology
[dna] earth wrote 61 bytes to ecology
[dna] earth wrote 56 bytes to ecology
[dna] earth wrote 94 bytes to ecology
[dna] earth wrote 108 bytes to ecology
[dna] earth wrote 217 bytes to ecology
[dna] earth wrote 150 bytes to ecology
[dna] earth wrote 146 bytes to ecology
[dna] earth wrote 71 bytes to ecology
[dna] earth wrote 242 bytes to ecology
[dna] earth wrote 17 bytes to ecology
[dna] earth wrote 56 bytes to ecology
[dna] earth wrote 199 bytes to ecology
[dna] earth wrote 46 bytes to ecology
[dna] earth wrote 19 bytes to ecology
[dna] earth wrote 129 bytes to ecology
[dna] earth wrote 50 bytes to ecology
[debug-onto] tick=500 corpus=173643 stage=2 freeze=0
[dna] earth wrote 158 bytes to ecology
[dna] earth wrote 77 bytes to ecology
[dna] earth wrote 63 bytes to ecology
[dna] earth wrote 75 bytes to ecology
[dna] earth wrote 26 bytes to ecology
[dna] earth wrote 64 bytes to ecology
[dna] earth wrote 166 bytes to ecology
[dna] earth wrote 201 bytes to ecology
[dna] earth wrote 41 bytes to ecology
[dna] earth wrote 7 bytes to ecology
[dna] earth wrote 39 bytes to ecology
[dna] earth wrote 116 bytes to ecology
[dna] earth wrote 27 bytes to ecology
[dna] earth wrote 55 bytes to ecology
[dna] earth wrote 76 bytes to ecology
[dna] earth wrote 32 bytes to ecology
[dna] earth wrote 67 bytes to ecology
[dna] earth wrote 101 bytes to ecology
[dna] earth wrote 85 bytes to ecology
[dna] earth wrote 54 bytes to ecology
[dna] earth wrote 139 bytes to ecology
[dna] earth wrote 100 bytes to ecology
[dna] earth wrote 86 bytes to ecology
[dna] earth wrote 54 bytes to ecology
[dna] earth wrote 10 bytes to ecology
[dna] earth wrote 59 bytes to ecology
[dna] earth wrote 80 bytes to ecology
[dna] earth wrote 61 bytes to ecology
[dna] earth wrote 29 bytes to ecology
[dna] earth wrote 67 bytes to ecology
[dna] earth wrote 113 bytes to ecology
[dna] earth wrote 27 bytes to ecology
[dna] earth wrote 129 bytes to ecology
[debug-onto] tick=550 corpus=173643 stage=2 freeze=0
[dna] earth wrote 89 bytes to ecology
[dna] earth wrote 74 bytes to ecology
[dna] earth wrote 20 bytes to ecology
[dna] earth wrote 61 bytes to ecology
[dna] earth wrote 82 bytes to ecology
[dna] earth wrote 19 bytes to ecology
[dna] earth wrote 42 bytes to ecology
[dna] earth wrote 7 bytes to ecology
[dna] earth wrote 82 bytes to ecology
[dna] earth wrote 127 bytes to ecology
[dna] earth wrote 11 bytes to ecology
[dna] earth wrote 192 bytes to ecology
[dna] earth wrote 22 bytes to ecology
[dna] earth wrote 25 bytes to ecology
[dna] earth wrote 23 bytes to ecology
[dna] earth wrote 96 bytes to ecology
[dna] earth wrote 72 bytes to ecology
[dna] earth wrote 44 bytes to ecology
[dna] earth wrote 125 bytes to ecology
[dna] earth wrote 103 bytes to ecology
[dna] earth wrote 100 bytes to ecology
[dna] earth wrote 180 bytes to ecology
[dna] earth wrote 9 bytes to ecology
[dna] earth wrote 80 bytes to ecology
[dna] earth wrote 73 bytes to ecology
[dna] earth wrote 25 bytes to ecology
[dna] earth wrote 65 bytes to ecology
[debug-onto] tick=600 corpus=173643 stage=2 freeze=0
[dna] earth wrote 49 bytes to ecology
[dna] earth wrote 127 bytes to ecology
[dna] earth wrote 29 bytes to ecology
[dna] earth wrote 68 bytes to ecology
[dna] earth wrote 93 bytes to ecology
[dna] earth wrote 129 bytes to ecology
[dna] earth wrote 34 bytes to ecology
[dna] earth wrote 110 bytes to ecology
[dna] earth wrote 196 bytes to ecology
[dna] earth wrote 54 bytes to ecology
[dna] earth wrote 34 bytes to ecology
[dna] earth wrote 57 bytes to ecology
[dna] earth wrote 66 bytes to ecology
[dna] earth wrote 37 bytes to ecology
[dna] earth wrote 40 bytes to ecology
[dna] earth wrote 132 bytes to ecology
[dna] earth wrote 33 bytes to ecology
[dna] earth wrote 43 bytes to ecology
[dna] earth wrote 98 bytes to ecology
[dna] earth wrote 39 bytes to ecology
[dna] earth wrote 28 bytes to ecology
[dna] earth wrote 82 bytes to ecology
[dna] earth wrote 81 bytes to ecology
[dna] earth wrote 179 bytes to ecology
[dna] earth wrote 30 bytes to ecology
[dna] earth wrote 112 bytes to ecology
[dna] earth wrote 27 bytes to ecology
[dna] earth wrote 71 bytes to ecology
[dna] earth wrote 74 bytes to ecology
[dna] earth wrote 262 bytes to ecology
[debug-onto] tick=650 corpus=173643 stage=2 freeze=0
[dna] earth wrote 28 bytes to ecology
[dna] earth wrote 175 bytes to ecology
[dna] earth wrote 91 bytes to ecology
[dna] earth wrote 30 bytes to ecology
[dna] earth wrote 77 bytes to ecology
[dna] earth wrote 49 bytes to ecology
[dna] earth wrote 132 bytes to ecology
[dna] earth wrote 86 bytes to ecology

[evolution] Organism shutting down gracefully.
