[ecology] Element: water → corpus: nonames_water.txt
[evolution] Autonomous evolution mode — organism will grow through all stages without pause.
[ecology] Joined swarm. 1 peer(s) detected.
molequla is alive. [evolution] Autonomous mode — background trainer running. Ctrl+C to stop.
[dna] water wrote 50 bytes to ecology
[dna] water consumed 23267 bytes from 300 files: [air/gen_1777703540_1.txt air/gen_1777703560_4.txt air/gen_1777703566_6.txt air/gen_1777703569_7.txt air/gen_1777703578_10.txt air/gen_1777703587_13.txt air/gen_1777703595_16.txt air/gen_1777703601_18.txt air/gen_1777703604_19.txt air/gen_1777703613_22.txt air/gen_1777703616_23.txt air/gen_1777703619_24.txt air/gen_1777703622_25.txt air/gen_1777703628_27.txt air/gen_1777703631_28.txt air/gen_1777703637_30.txt air/gen_1777703640_31.txt air/gen_1777703642_32.txt air/gen_1777703645_33.txt air/gen_1777703648_34.txt air/gen_1777703654_36.txt air/gen_1777703657_37.txt air/gen_1777703666_40.txt air/gen_1777703672_42.txt air/gen_1777703675_43.txt air/gen_1777703684_46.txt air/gen_1777703693_49.txt air/gen_1777703701_52.txt air/gen_1777703707_54.txt air/gen_1777703710_55.txt air/gen_1777703713_56.txt air/gen_1777703719_58.txt air/gen_1777703728_61.txt air/gen_1777703737_64.txt air/gen_1777703743_66.txt air/gen_1777703746_67.txt air/gen_1777703752_69.txt air/gen_1777703755_70.txt air/gen_1777703761_72.txt air/gen_1777703764_73.txt air/gen_1777703769_75.txt air/gen_1777703772_76.txt air/gen_1777703781_79.txt air/gen_1777703784_80.txt air/gen_1777703790_82.txt air/gen_1777703799_85.txt air/gen_1777703802_86.txt air/gen_1777703808_88.txt air/gen_1777703814_90.txt air/gen_1777703817_91.txt air/gen_1777703826_94.txt air/gen_1777703834_97.txt air/gen_1777703843_100.txt air/gen_1777703852_103.txt air/gen_1777703855_104.txt air/gen_1777703858_105.txt air/gen_1777703861_106.txt air/gen_1777703870_109.txt air/gen_1777703879_112.txt air/gen_1777703888_115.txt air/gen_1777703897_118.txt air/gen_1777703905_121.txt air/gen_1777703914_124.txt air/gen_1777703920_126.txt air/gen_1777703923_127.txt air/gen_1777703932_130.txt air/gen_1777703938_132.txt air/gen_1777703941_133.txt air/gen_1777703950_136.txt air/gen_1777703956_138.txt air/gen_1777703958_139.txt air/gen_1777703967_142.txt air/gen_1777703976_145.txt air/gen_1777703985_148.txt air/gen_1777703994_151.txt air/gen_1777704003_154.txt air/gen_1777704011_157.txt air/gen_1777704014_158.txt air/gen_1777704020_160.txt air/gen_1777704029_163.txt air/gen_1777704038_166.txt air/gen_1777704044_168.txt air/gen_1777704047_169.txt air/gen_1777704056_172.txt air/gen_1777704065_175.txt air/gen_1777704068_176.txt air/gen_1777704073_178.txt air/gen_1777704076_179.txt air/gen_1777704082_181.txt air/gen_1777704091_184.txt air/gen_1777704100_187.txt air/gen_1777704109_190.txt air/gen_1777704115_192.txt air/gen_1777704118_193.txt air/gen_1777704121_194.txt air/gen_1777704127_196.txt air/gen_1777704135_199.txt air/gen_1777704144_202.txt air/gen_1777704153_205.txt air/gen_1777704156_206.txt air/gen_1777704162_208.txt air/gen_1777704168_210.txt air/gen_1777704171_211.txt air/gen_1777704180_214.txt air/gen_1777704188_217.txt air/gen_1777704197_220.txt air/gen_1777704206_223.txt air/gen_1777704215_226.txt air/gen_1777704221_228.txt air/gen_1777704224_229.txt air/gen_1777704227_230.txt air/gen_1777704230_231.txt air/gen_1777704233_232.txt air/gen_1777704241_235.txt air/gen_1777704247_237.txt air/gen_1777704250_238.txt air/gen_1777704259_241.txt air/gen_1777704268_244.txt air/gen_1777704277_247.txt air/gen_1777704283_249.txt air/gen_1777704286_250.txt air/gen_1777704295_253.txt air/gen_1777704303_256.txt air/gen_1777704309_258.txt air/gen_1777704312_259.txt air/gen_1777704321_262.txt air/gen_1777704330_265.txt air/gen_1777704333_266.txt air/gen_1777704339_268.txt air/gen_1777704345_270.txt air/gen_1777704348_271.txt air/gen_1777704357_274.txt air/gen_1777704365_277.txt air/gen_1777704374_280.txt air/gen_1777704383_283.txt air/gen_1777704392_286.txt air/gen_1777704398_288.txt air/gen_1777704401_289.txt air/gen_1777704404_290.txt air/gen_1777704410_292.txt air/gen_1777704419_295.txt air/gen_1777704427_298.txt air/gen_1777704436_301.txt air/gen_1777704445_304.txt air/gen_1777704451_306.txt air/gen_1777704454_307.txt air/gen_1777704460_309.txt air/gen_1777704463_310.txt air/gen_1777704472_313.txt air/gen_1777704477_315.txt air/gen_1777704480_316.txt air/gen_1777704489_319.txt air/gen_1777704492_320.txt air/gen_1777704495_321.txt air/gen_1777704498_322.txt air/gen_1777704504_324.txt air/gen_1777704507_325.txt air/gen_1777704510_326.txt air/gen_1777704516_328.txt air/gen_1777704524_331.txt air/gen_1777704533_334.txt air/gen_1777704542_337.txt air/gen_1777704551_340.txt air/gen_1777704559_343.txt air/gen_1777704568_346.txt air/gen_1777704577_349.txt air/gen_1777704583_351.txt air/gen_1777704586_352.txt air/gen_1777704592_354.txt air/gen_1777704595_355.txt air/gen_1777704601_357.txt air/gen_1777704604_358.txt air/gen_1777704612_361.txt air/gen_1777704621_364.txt air/gen_1777704630_367.txt air/gen_1777704633_368.txt air/gen_1777704636_369.txt air/gen_1777704639_370.txt air/gen_1777704645_372.txt air/gen_1777704648_373.txt air/gen_1777704651_374.txt air/gen_1777704657_376.txt air/gen_1777704666_379.txt air/gen_1777704672_381.txt air/gen_1777704674_382.txt air/gen_1777704683_385.txt air/gen_1777704692_388.txt air/gen_1777704701_391.txt air/gen_1777704710_394.txt air/gen_1777704719_397.txt air/gen_1777704724_399.txt air/gen_1777704727_400.txt air/gen_1777704736_403.txt air/gen_1777704744_406.txt air/gen_1777704753_409.txt air/gen_1777704759_411.txt air/gen_1777704762_412.txt air/gen_1777704768_414.txt air/gen_1777704771_415.txt air/gen_1777704780_418.txt air/gen_1777704786_420.txt air/gen_1777704789_421.txt air/gen_1777704797_424.txt air/gen_1777704806_427.txt air/gen_1777704815_430.txt air/gen_1777704821_432.txt air/gen_1777704824_433.txt air/gen_1777704827_434.txt air/gen_1777704830_435.txt air/gen_1777704833_436.txt air/gen_1777704841_439.txt air/gen_1777704847_441.txt air/gen_1777704850_442.txt air/gen_1777704859_445.txt air/gen_1777704862_446.txt air/gen_1777704868_448.txt air/gen_1777704877_451.txt air/gen_1777704886_454.txt air/gen_1777704891_456.txt air/gen_1777704894_457.txt air/gen_1777704897_458.txt air/gen_1777704903_460.txt air/gen_1777704912_463.txt air/gen_1777704918_465.txt air/gen_1777704921_466.txt air/gen_1777704926_468.txt air/gen_1777704929_469.txt air/gen_1777704932_470.txt air/gen_1777704938_472.txt air/gen_1777704947_475.txt air/gen_1777704953_477.txt air/gen_1777704956_478.txt air/gen_1777704965_481.txt air/gen_1777704971_483.txt air/gen_1777704974_484.txt air/gen_1777704982_487.txt air/gen_1777704988_489.txt air/gen_1777704991_490.txt air/gen_1777705000_493.txt air/gen_1777705003_494.txt air/gen_1777705009_496.txt air/gen_1777705018_499.txt air/gen_1777705021_500.txt air/gen_1777705024_501.txt air/gen_1777705027_502.txt air/gen_1777705033_504.txt air/gen_1777705036_505.txt air/gen_1777705045_508.txt air/gen_1777705053_511.txt air/gen_1777705062_514.txt air/gen_1777705071_517.txt air/gen_1777705074_518.txt air/gen_1777705077_519.txt air/gen_1777705080_520.txt air/gen_1777705086_522.txt air/gen_1777705089_523.txt air/gen_1777705098_526.txt air/gen_1777705104_528.txt air/gen_1777705107_529.txt air/gen_1777705116_532.txt air/gen_1777705124_535.txt air/gen_1777705133_538.txt air/gen_1777705142_541.txt air/gen_1777705145_542.txt air/gen_1777705151_544.txt air/gen_1777705160_547.txt air/gen_1777705168_550.txt air/gen_1777705174_552.txt air/gen_1777705177_553.txt air/gen_1777705183_555.txt air/gen_1777705186_556.txt air/gen_1777705192_558.txt air/gen_1777705195_559.txt air/gen_1777705204_562.txt air/gen_1777705210_564.txt air/gen_1777705212_565.txt air/gen_1777705218_567.txt air/gen_1777705221_568.txt air/gen_1777705227_570.txt air/gen_1777705230_571.txt air/gen_1777705233_572.txt air/gen_1777705239_574.txt air/gen_1777705245_576.txt air/gen_1777705248_577.txt air/gen_1777705254_579.txt air/gen_1777705257_580.txt air/gen_1777705266_583.txt air/gen_1777705271_585.txt air/gen_1777705274_586.txt air/gen_1777705283_589.txt air/gen_1777705292_592.txt air/gen_1777705301_595.txt air/gen_1777705309_598.txt air/gen_1777705312_599.txt air/gen_1777705315_600.txt air/gen_1777705318_601.txt air/gen_1777705324_603.txt air/gen_1777705327_604.txt air/gen_1777705333_606.txt air/gen_1777705336_607.txt]
[trainer] micro-train burst (23267 bytes, novelty 0.03) — and lo, it feeds again.
[syntropy] action=explore | trend=0.0000 | field_dev=-0.020 | purpose_align=0.084 | lr_mul=1.30
[aml] burst complete: 32 steps, avg loss 1.5190 (memory freed)
[dna] water wrote 40 bytes to ecology
[dna] water wrote 40 bytes to ecology
[dna] water wrote 35 bytes to ecology
[dna] water wrote 46 bytes to ecology
[dna] water wrote 42 bytes to ecology
[dna] water wrote 30 bytes to ecology
[dna] water wrote 217 bytes to ecology
[dna] water wrote 28 bytes to ecology
[dna] water wrote 32 bytes to ecology
[dna] water wrote 80 bytes to ecology
[dna] water wrote 154 bytes to ecology
[dna] water wrote 27 bytes to ecology
[dna] water wrote 47 bytes to ecology
[dna] water wrote 206 bytes to ecology
[dna] water wrote 45 bytes to ecology
[dna] water wrote 32 bytes to ecology
[dna] water wrote 25 bytes to ecology
[dna] water wrote 76 bytes to ecology
[debug-onto] tick=50 corpus=149264 stage=2 freeze=0
[dna] water wrote 37 bytes to ecology
[dna] water wrote 75 bytes to ecology
[dna] water wrote 24 bytes to ecology
[dna] water wrote 42 bytes to ecology
[dna] water wrote 80 bytes to ecology
[dna] water wrote 131 bytes to ecology
[dna] water wrote 44 bytes to ecology
[dna] water wrote 19 bytes to ecology
[dna] water wrote 25 bytes to ecology
[dna] water wrote 69 bytes to ecology
[dna] water wrote 93 bytes to ecology
[dna] water wrote 30 bytes to ecology
[dna] water wrote 159 bytes to ecology
[dna] water wrote 29 bytes to ecology
[dna] water wrote 45 bytes to ecology
[dna] water wrote 46 bytes to ecology
[dna] water wrote 15 bytes to ecology
[dna] water wrote 54 bytes to ecology
[dna] water wrote 46 bytes to ecology
[dna] water wrote 44 bytes to ecology
[dna] water wrote 44 bytes to ecology
[debug-onto] tick=100 corpus=149264 stage=2 freeze=0
[dna] water wrote 26 bytes to ecology
[dna] water wrote 171 bytes to ecology
[dna] water wrote 51 bytes to ecology
[dna] water wrote 37 bytes to ecology
[dna] water wrote 44 bytes to ecology
[dna] water wrote 42 bytes to ecology
[dna] water wrote 59 bytes to ecology
[dna] water wrote 66 bytes to ecology
[dna] water wrote 129 bytes to ecology
[dna] water wrote 76 bytes to ecology
[dna] water wrote 47 bytes to ecology
[dna] water wrote 38 bytes to ecology
[dna] water wrote 70 bytes to ecology
[dna] water wrote 34 bytes to ecology
[dna] water wrote 24 bytes to ecology
[dna] water wrote 26 bytes to ecology
[dna] water wrote 32 bytes to ecology
[dna] water wrote 32 bytes to ecology
[debug-onto] tick=150 corpus=149264 stage=2 freeze=0
[dna] water wrote 53 bytes to ecology
[dna] water wrote 77 bytes to ecology
[dna] water wrote 136 bytes to ecology
[dna] water wrote 94 bytes to ecology
[dna] water wrote 150 bytes to ecology
[dna] water wrote 68 bytes to ecology
[dna] water wrote 91 bytes to ecology
[dna] water wrote 132 bytes to ecology
[dna] water wrote 26 bytes to ecology
[dna] water wrote 50 bytes to ecology
[dna] water wrote 79 bytes to ecology
[dna] water wrote 17 bytes to ecology
[dna] water wrote 257 bytes to ecology
[dna] water wrote 166 bytes to ecology
[dna] water wrote 8 bytes to ecology
[dna] water wrote 139 bytes to ecology
[dna] water wrote 85 bytes to ecology
[dna] water wrote 13 bytes to ecology
[dna] water wrote 39 bytes to ecology
[dna] water wrote 25 bytes to ecology
[debug-onto] tick=200 corpus=149264 stage=2 freeze=0
[dna] water wrote 32 bytes to ecology
[dna] water wrote 28 bytes to ecology
[dna] water wrote 63 bytes to ecology
[dna] water wrote 26 bytes to ecology
[dna] water wrote 51 bytes to ecology
[dna] water wrote 64 bytes to ecology
[dna] water wrote 29 bytes to ecology
[dna] water wrote 17 bytes to ecology
[dna] water wrote 90 bytes to ecology
[dna] water wrote 78 bytes to ecology
[dna] water wrote 18 bytes to ecology
[dna] water wrote 22 bytes to ecology
[dna] water wrote 27 bytes to ecology
[dna] water wrote 31 bytes to ecology
[dna] water wrote 67 bytes to ecology
[dna] water wrote 29 bytes to ecology
[dna] water wrote 22 bytes to ecology
[dna] water wrote 75 bytes to ecology
[dna] water wrote 58 bytes to ecology
[debug-onto] tick=250 corpus=149264 stage=2 freeze=0
[dna] water wrote 64 bytes to ecology
[dna] water wrote 42 bytes to ecology
[dna] water wrote 31 bytes to ecology
[dna] water wrote 36 bytes to ecology
[dna] water wrote 58 bytes to ecology
[dna] water wrote 21 bytes to ecology
[dna] water wrote 89 bytes to ecology
[dna] water wrote 39 bytes to ecology
[dna] water wrote 27 bytes to ecology
[dna] water wrote 30 bytes to ecology
[dna] water wrote 28 bytes to ecology
[dna] water wrote 13 bytes to ecology
[dna] water wrote 96 bytes to ecology
[dna] water wrote 115 bytes to ecology
[dna] water wrote 47 bytes to ecology
[dna] water wrote 55 bytes to ecology
[dna] water wrote 33 bytes to ecology
[dna] water wrote 29 bytes to ecology
[debug-onto] tick=300 corpus=149264 stage=2 freeze=0
[dna] water wrote 26 bytes to ecology
[dna] water wrote 96 bytes to ecology
[dna] water wrote 42 bytes to ecology
[dna] water wrote 72 bytes to ecology
[dna] water wrote 99 bytes to ecology
[dna] water wrote 25 bytes to ecology
[dna] water wrote 20 bytes to ecology
[dna] water wrote 75 bytes to ecology
[dna] water wrote 48 bytes to ecology
[dna] water wrote 74 bytes to ecology
[dna] water wrote 18 bytes to ecology
[dna] water wrote 39 bytes to ecology
[dna] water wrote 28 bytes to ecology
[dna] water wrote 101 bytes to ecology
[dna] water wrote 19 bytes to ecology
[dna] water wrote 273 bytes to ecology
[dna] water wrote 64 bytes to ecology
[dna] water wrote 128 bytes to ecology
[debug-onto] tick=350 corpus=149264 stage=2 freeze=0
[dna] water wrote 142 bytes to ecology
[dna] water wrote 34 bytes to ecology
[dna] water wrote 11 bytes to ecology
[dna] water wrote 12 bytes to ecology
[dna] water wrote 21 bytes to ecology
[dna] water wrote 182 bytes to ecology
[dna] water wrote 77 bytes to ecology
[dna] water wrote 22 bytes to ecology
[dna] water wrote 182 bytes to ecology
[dna] water wrote 139 bytes to ecology
[dna] water wrote 49 bytes to ecology
[dna] water wrote 56 bytes to ecology
[dna] water wrote 37 bytes to ecology
[dna] water wrote 23 bytes to ecology
[dna] water wrote 98 bytes to ecology
[dna] water wrote 55 bytes to ecology
[dna] water wrote 88 bytes to ecology
[dna] water wrote 93 bytes to ecology
[dna] water wrote 52 bytes to ecology
[dna] water wrote 80 bytes to ecology
[dna] water wrote 39 bytes to ecology
[dna] water wrote 43 bytes to ecology
[debug-onto] tick=400 corpus=149264 stage=2 freeze=0
[dna] water wrote 192 bytes to ecology
[dna] water wrote 162 bytes to ecology
[dna] water wrote 45 bytes to ecology
[dna] water wrote 25 bytes to ecology
[dna] water wrote 31 bytes to ecology
[dna] water wrote 62 bytes to ecology
[dna] water wrote 35 bytes to ecology
[dna] water wrote 40 bytes to ecology
[dna] water wrote 62 bytes to ecology
[dna] water wrote 183 bytes to ecology
[dna] water wrote 109 bytes to ecology
[dna] water wrote 89 bytes to ecology
[dna] water wrote 54 bytes to ecology
[dna] water wrote 9 bytes to ecology
[dna] water wrote 26 bytes to ecology
[dna] water wrote 75 bytes to ecology
[dna] water wrote 75 bytes to ecology
[dna] water wrote 35 bytes to ecology
[dna] water wrote 51 bytes to ecology
[dna] water wrote 31 bytes to ecology
[dna] water wrote 42 bytes to ecology
[dna] water wrote 34 bytes to ecology
[debug-onto] tick=450 corpus=149264 stage=2 freeze=0
[dna] water wrote 56 bytes to ecology
[dna] water wrote 130 bytes to ecology
[dna] water wrote 47 bytes to ecology
[dna] water wrote 196 bytes to ecology
[dna] water wrote 15 bytes to ecology
[dna] water wrote 10 bytes to ecology
[dna] water wrote 23 bytes to ecology
[dna] water wrote 71 bytes to ecology
[dna] water wrote 108 bytes to ecology
[dna] water wrote 49 bytes to ecology
[dna] water wrote 35 bytes to ecology
[dna] water wrote 97 bytes to ecology
[dna] water wrote 33 bytes to ecology
[dna] water wrote 66 bytes to ecology
[dna] water wrote 87 bytes to ecology
[dna] water wrote 56 bytes to ecology
[dna] water wrote 172 bytes to ecology
[dna] water wrote 66 bytes to ecology
[dna] water wrote 95 bytes to ecology
[dna] water wrote 19 bytes to ecology
[dna] water wrote 47 bytes to ecology
[debug-onto] tick=500 corpus=149264 stage=2 freeze=0
[dna] water wrote 136 bytes to ecology
[dna] water wrote 34 bytes to ecology
[dna] water wrote 59 bytes to ecology
[dna] water wrote 26 bytes to ecology
[dna] water wrote 60 bytes to ecology
[dna] water wrote 65 bytes to ecology
[dna] water wrote 45 bytes to ecology
[dna] water wrote 5 bytes to ecology
[dna] water wrote 106 bytes to ecology
[dna] water wrote 29 bytes to ecology
[dna] water wrote 19 bytes to ecology
[dna] water wrote 203 bytes to ecology
[dna] water wrote 14 bytes to ecology
[dna] water wrote 119 bytes to ecology
[dna] water wrote 104 bytes to ecology
[dna] water wrote 44 bytes to ecology
[dna] water wrote 57 bytes to ecology
[dna] water wrote 38 bytes to ecology
[dna] water wrote 108 bytes to ecology
[dna] water wrote 77 bytes to ecology
[dna] water wrote 102 bytes to ecology
[debug-onto] tick=550 corpus=149264 stage=2 freeze=0
[dna] water wrote 65 bytes to ecology
[dna] water wrote 26 bytes to ecology
[dna] water wrote 23 bytes to ecology
[dna] water wrote 39 bytes to ecology
[dna] water wrote 68 bytes to ecology
[dna] water wrote 126 bytes to ecology
[dna] water wrote 56 bytes to ecology
[dna] water wrote 55 bytes to ecology
[dna] water wrote 50 bytes to ecology
[dna] water wrote 23 bytes to ecology
[dna] water wrote 76 bytes to ecology
[dna] water wrote 40 bytes to ecology
[dna] water wrote 57 bytes to ecology
[dna] water wrote 75 bytes to ecology
[dna] water wrote 49 bytes to ecology
[dna] water wrote 24 bytes to ecology
[dna] water wrote 48 bytes to ecology
[dna] water wrote 82 bytes to ecology
[dna] water wrote 38 bytes to ecology
[dna] water wrote 59 bytes to ecology
[dna] water wrote 24 bytes to ecology
[dna] water wrote 136 bytes to ecology
[debug-onto] tick=600 corpus=149264 stage=2 freeze=0
[dna] water wrote 53 bytes to ecology
[dna] water wrote 50 bytes to ecology

[evolution] Organism shutting down gracefully.
