[ecology] Element: air → corpus: nonames_air.txt
[evolution] Autonomous evolution mode — organism will grow through all stages without pause.
[ecology] Joined swarm. 1 peer(s) detected.
molequla is alive. [evolution] Autonomous mode — background trainer running. Ctrl+C to stop.
[dna] air wrote 31 bytes to ecology
[dna] air consumed 20203 bytes from 287 files: [earth/gen_1778135488_1.txt earth/gen_1778135491_2.txt earth/gen_1778135496_4.txt earth/gen_1778135504_7.txt earth/gen_1778135512_10.txt earth/gen_1778135519_13.txt earth/gen_1778135527_16.txt earth/gen_1778135535_19.txt earth/gen_1778135537_20.txt earth/gen_1778135543_22.txt earth/gen_1778135550_25.txt earth/gen_1778135558_28.txt earth/gen_1778135566_31.txt earth/gen_1778135568_32.txt earth/gen_1778135574_34.txt earth/gen_1778135581_37.txt earth/gen_1778135584_38.txt earth/gen_1778135589_40.txt earth/gen_1778135597_43.txt earth/gen_1778135605_46.txt earth/gen_1778135612_49.txt earth/gen_1778135620_52.txt earth/gen_1778135628_55.txt earth/gen_1778135636_58.txt earth/gen_1778135644_61.txt earth/gen_1778135646_62.txt earth/gen_1778135651_64.txt earth/gen_1778135659_67.txt earth/gen_1778135662_68.txt earth/gen_1778135667_70.txt earth/gen_1778135675_73.txt earth/gen_1778135683_76.txt earth/gen_1778135691_79.txt earth/gen_1778135694_80.txt earth/gen_1778135699_82.txt earth/gen_1778135707_85.txt earth/gen_1778135709_86.txt earth/gen_1778135715_88.txt earth/gen_1778135722_91.txt earth/gen_1778135725_92.txt earth/gen_1778135730_94.txt earth/gen_1778135738_97.txt earth/gen_1778135741_98.txt earth/gen_1778135746_100.txt earth/gen_1778135754_103.txt earth/gen_1778135756_104.txt earth/gen_1778135761_106.txt earth/gen_1778135769_109.txt earth/gen_1778135777_112.txt earth/gen_1778135785_115.txt earth/gen_1778135787_116.txt earth/gen_1778135792_118.txt earth/gen_1778135800_121.txt earth/gen_1778135808_124.txt earth/gen_1778135816_127.txt earth/gen_1778135818_128.txt earth/gen_1778135824_130.txt earth/gen_1778135831_133.txt earth/gen_1778135839_136.txt earth/gen_1778135847_139.txt earth/gen_1778135850_140.txt earth/gen_1778135855_142.txt earth/gen_1778135863_145.txt earth/gen_1778135870_148.txt earth/gen_1778135878_151.txt earth/gen_1778135886_154.txt earth/gen_1778135894_157.txt earth/gen_1778135896_158.txt earth/gen_1778135902_160.txt earth/gen_1778135909_163.txt earth/gen_1778135917_166.txt earth/gen_1778135925_169.txt earth/gen_1778135927_170.txt earth/gen_1778135933_172.txt earth/gen_1778135940_175.txt earth/gen_1778135943_176.txt earth/gen_1778135948_178.txt earth/gen_1778135956_181.txt earth/gen_1778135958_182.txt earth/gen_1778135964_184.txt earth/gen_1778135971_187.txt earth/gen_1778135979_190.txt earth/gen_1778135987_193.txt earth/gen_1778135995_196.txt earth/gen_1778136003_199.txt earth/gen_1778136018_205.txt earth/gen_1778136021_206.txt earth/gen_1778136026_208.txt earth/gen_1778136034_211.txt earth/gen_1778136037_212.txt earth/gen_1778136042_214.txt earth/gen_1778136050_217.txt earth/gen_1778136057_220.txt earth/gen_1778136065_223.txt earth/gen_1778136073_226.txt earth/gen_1778136081_229.txt earth/gen_1778136089_232.txt earth/gen_1778136096_235.txt earth/gen_1778136104_238.txt earth/gen_1778136112_241.txt earth/gen_1778136115_242.txt earth/gen_1778136120_244.txt earth/gen_1778136128_247.txt earth/gen_1778136136_250.txt earth/gen_1778136143_253.txt earth/gen_1778136146_254.txt earth/gen_1778136151_256.txt earth/gen_1778136159_259.txt earth/gen_1778136167_262.txt earth/gen_1778136175_265.txt earth/gen_1778136182_268.txt earth/gen_1778136190_271.txt earth/gen_1778136193_272.txt earth/gen_1778136198_274.txt earth/gen_1778136206_277.txt earth/gen_1778136208_278.txt earth/gen_1778136213_280.txt earth/gen_1778136221_283.txt earth/gen_1778136224_284.txt earth/gen_1778136229_286.txt earth/gen_1778136237_289.txt earth/gen_1778136239_290.txt earth/gen_1778136244_292.txt earth/gen_1778136252_295.txt earth/gen_1778136255_296.txt earth/gen_1778136260_298.txt earth/gen_1778136267_301.txt earth/gen_1778136270_302.txt earth/gen_1778136275_304.txt earth/gen_1778136283_307.txt earth/gen_1778136286_308.txt earth/gen_1778136291_310.txt earth/gen_1778136299_313.txt earth/gen_1778136301_314.txt earth/gen_1778136307_316.txt earth/gen_1778136315_319.txt earth/gen_1778136317_320.txt earth/gen_1778136322_322.txt earth/gen_1778136330_325.txt earth/gen_1778136333_326.txt earth/gen_1778136338_328.txt earth/gen_1778136346_331.txt earth/gen_1778136354_334.txt earth/gen_1778136362_337.txt earth/gen_1778136370_340.txt earth/gen_1778136378_343.txt earth/gen_1778136380_344.txt earth/gen_1778136386_346.txt earth/gen_1778136393_349.txt earth/gen_1778136396_350.txt earth/gen_1778136401_352.txt earth/gen_1778136409_355.txt earth/gen_1778136412_356.txt earth/gen_1778136417_358.txt earth/gen_1778136425_361.txt earth/gen_1778136428_362.txt earth/gen_1778136433_364.txt earth/gen_1778136441_367.txt earth/gen_1778136443_368.txt earth/gen_1778136448_370.txt earth/gen_1778136456_373.txt earth/gen_1778136464_376.txt earth/gen_1778136472_379.txt earth/gen_1778136480_382.txt earth/gen_1778136488_385.txt earth/gen_1778136495_388.txt earth/gen_1778136503_391.txt earth/gen_1778136511_394.txt earth/gen_1778136519_397.txt earth/gen_1778136521_398.txt earth/gen_1778136527_400.txt earth/gen_1778136534_403.txt earth/gen_1778136537_404.txt earth/gen_1778136542_406.txt earth/gen_1778136550_409.txt earth/gen_1778136558_412.txt earth/gen_1778136566_415.txt earth/gen_1778136574_418.txt earth/gen_1778136582_421.txt earth/gen_1778136584_422.txt earth/gen_1778136589_424.txt earth/gen_1778136597_427.txt earth/gen_1778136605_430.txt earth/gen_1778136613_433.txt earth/gen_1778136620_436.txt earth/gen_1778136628_439.txt earth/gen_1778136631_440.txt earth/gen_1778136636_442.txt earth/gen_1778136644_445.txt earth/gen_1778136646_446.txt earth/gen_1778136652_448.txt earth/gen_1778136659_451.txt earth/gen_1778136662_452.txt earth/gen_1778136667_454.txt earth/gen_1778136675_457.txt earth/gen_1778136683_460.txt earth/gen_1778136691_463.txt earth/gen_1778136693_464.txt earth/gen_1778136698_466.txt earth/gen_1778136706_469.txt earth/gen_1778136709_470.txt earth/gen_1778136714_472.txt earth/gen_1778136722_475.txt earth/gen_1778136730_478.txt earth/gen_1778136738_481.txt earth/gen_1778136740_482.txt earth/gen_1778136745_484.txt earth/gen_1778136753_487.txt earth/gen_1778136756_488.txt earth/gen_1778136761_490.txt earth/gen_1778136769_493.txt earth/gen_1778136771_494.txt earth/gen_1778136776_496.txt earth/gen_1778136784_499.txt earth/gen_1778136787_500.txt earth/gen_1778136792_502.txt earth/gen_1778136800_505.txt earth/gen_1778136808_508.txt earth/gen_1778136816_511.txt earth/gen_1778136824_514.txt earth/gen_1778136832_517.txt earth/gen_1778136839_520.txt earth/gen_1778136847_523.txt earth/gen_1778136850_524.txt earth/gen_1778136855_526.txt earth/gen_1778136866_530.txt earth/gen_1778136871_532.txt earth/gen_1778136879_535.txt earth/gen_1778136881_536.txt earth/gen_1778136886_538.txt earth/gen_1778136894_541.txt earth/gen_1778136902_544.txt earth/gen_1778136910_547.txt earth/gen_1778136912_548.txt earth/gen_1778136918_550.txt earth/gen_1778136926_553.txt earth/gen_1778136933_556.txt earth/gen_1778136941_559.txt earth/gen_1778136944_560.txt earth/gen_1778136949_562.txt earth/gen_1778136957_565.txt earth/gen_1778136965_568.txt earth/gen_1778136972_571.txt earth/gen_1778136975_572.txt earth/gen_1778136980_574.txt earth/gen_1778136988_577.txt earth/gen_1778136996_580.txt earth/gen_1778137003_583.txt earth/gen_1778137011_586.txt earth/gen_1778137019_589.txt earth/gen_1778137022_590.txt earth/gen_1778137027_592.txt earth/gen_1778137035_595.txt earth/gen_1778137037_596.txt earth/gen_1778137042_598.txt earth/gen_1778137050_601.txt earth/gen_1778137058_604.txt earth/gen_1778137066_607.txt earth/gen_1778137068_608.txt earth/gen_1778137074_610.txt earth/gen_1778137081_613.txt earth/gen_1778137089_616.txt earth/gen_1778137097_619.txt earth/gen_1778137105_622.txt earth/gen_1778137112_625.txt earth/gen_1778137120_628.txt earth/gen_1778137128_631.txt earth/gen_1778137136_634.txt earth/gen_1778137144_637.txt earth/gen_1778137146_638.txt earth/gen_1778137152_640.txt earth/gen_1778137159_643.txt earth/gen_1778137167_646.txt earth/gen_1778137175_649.txt earth/gen_1778137183_652.txt earth/gen_1778137190_655.txt earth/gen_1778137198_658.txt earth/gen_1778137206_661.txt earth/gen_1778137214_664.txt earth/gen_1778137221_667.txt earth/gen_1778137224_668.txt earth/gen_1778137229_670.txt earth/gen_1778137237_673.txt earth/gen_1778137239_674.txt earth/gen_1778137245_676.txt earth/gen_1778137253_679.txt earth/gen_1778137255_680.txt]
[trainer] micro-train burst (20203 bytes, novelty 0.04) — and lo, it feeds again.
[syntropy] action=explore | trend=0.0000 | field_dev=0.099 | purpose_align=0.175 | lr_mul=1.30
[aml] burst complete: 32 steps, avg loss 2.0216 (memory freed)
[dna] air wrote 86 bytes to ecology
[dna] air wrote 43 bytes to ecology
[dna] air wrote 33 bytes to ecology
[dna] air wrote 124 bytes to ecology
[dna] air wrote 48 bytes to ecology
[dna] air wrote 110 bytes to ecology
[dna] air wrote 84 bytes to ecology
[dna] air wrote 26 bytes to ecology
[dna] air wrote 59 bytes to ecology
[dna] air wrote 65 bytes to ecology
[dna] air wrote 85 bytes to ecology
[dna] air wrote 96 bytes to ecology
[dna] air wrote 93 bytes to ecology
[dna] air wrote 46 bytes to ecology
[dna] air wrote 35 bytes to ecology
[dna] air wrote 249 bytes to ecology
[debug-onto] tick=50 corpus=142806 stage=2 freeze=0
[dna] air wrote 121 bytes to ecology
[dna] air wrote 23 bytes to ecology
[dna] air wrote 44 bytes to ecology
[dna] air wrote 9 bytes to ecology
[dna] air wrote 93 bytes to ecology
[dna] air wrote 164 bytes to ecology
[dna] air wrote 55 bytes to ecology
[dna] air wrote 70 bytes to ecology
[dna] air wrote 41 bytes to ecology
[dna] air wrote 130 bytes to ecology
[dna] air wrote 33 bytes to ecology
[dna] air wrote 226 bytes to ecology
[dna] air wrote 231 bytes to ecology
[dna] air wrote 51 bytes to ecology
[dna] air wrote 91 bytes to ecology
[dna] air wrote 49 bytes to ecology
[dna] air wrote 84 bytes to ecology
[debug-onto] tick=100 corpus=142806 stage=2 freeze=0
[dna] air wrote 19 bytes to ecology
[dna] air wrote 41 bytes to ecology
[dna] air wrote 46 bytes to ecology
[dna] air wrote 58 bytes to ecology
[dna] air wrote 37 bytes to ecology
[dna] air wrote 49 bytes to ecology
[dna] air wrote 88 bytes to ecology
[dna] air wrote 23 bytes to ecology
[dna] air wrote 30 bytes to ecology
[dna] air wrote 133 bytes to ecology
[dna] air wrote 99 bytes to ecology
[dna] air wrote 73 bytes to ecology
[dna] air wrote 45 bytes to ecology
[dna] air wrote 237 bytes to ecology
[dna] air wrote 98 bytes to ecology
[dna] air wrote 76 bytes to ecology
[debug-onto] tick=150 corpus=142806 stage=2 freeze=0
[dna] air wrote 99 bytes to ecology
[dna] air wrote 14 bytes to ecology
[dna] air wrote 32 bytes to ecology
[dna] air wrote 159 bytes to ecology
[dna] air wrote 25 bytes to ecology
[dna] air wrote 59 bytes to ecology
[dna] air wrote 46 bytes to ecology
[dna] air wrote 91 bytes to ecology
[dna] air wrote 50 bytes to ecology
[dna] air wrote 33 bytes to ecology
[dna] air wrote 12 bytes to ecology
[dna] air wrote 37 bytes to ecology
[dna] air wrote 11 bytes to ecology
[dna] air wrote 54 bytes to ecology
[dna] air wrote 144 bytes to ecology
[dna] air wrote 69 bytes to ecology
[dna] air wrote 12 bytes to ecology
[debug-onto] tick=200 corpus=142806 stage=2 freeze=0
[dna] air wrote 38 bytes to ecology
[dna] air wrote 107 bytes to ecology
[dna] air wrote 60 bytes to ecology
[dna] air wrote 72 bytes to ecology
[dna] air wrote 13 bytes to ecology
[dna] air wrote 31 bytes to ecology
[dna] air wrote 65 bytes to ecology
[dna] air wrote 49 bytes to ecology
[dna] air wrote 46 bytes to ecology
[dna] air wrote 34 bytes to ecology
[dna] air wrote 140 bytes to ecology
[dna] air wrote 7 bytes to ecology
[dna] air wrote 27 bytes to ecology
[dna] air wrote 49 bytes to ecology
[dna] air wrote 35 bytes to ecology
[dna] air wrote 113 bytes to ecology
[dna] air wrote 97 bytes to ecology
[debug-onto] tick=250 corpus=142806 stage=2 freeze=0
[dna] air wrote 34 bytes to ecology
[dna] air wrote 46 bytes to ecology
[dna] air wrote 31 bytes to ecology
[dna] air wrote 80 bytes to ecology
[dna] air wrote 35 bytes to ecology
[dna] air wrote 66 bytes to ecology
[dna] air wrote 23 bytes to ecology
[dna] air wrote 30 bytes to ecology
[dna] air wrote 46 bytes to ecology
[dna] air wrote 48 bytes to ecology
[dna] air wrote 113 bytes to ecology
[dna] air wrote 53 bytes to ecology
[dna] air wrote 74 bytes to ecology
[dna] air wrote 37 bytes to ecology
[dna] air wrote 13 bytes to ecology
[dna] air wrote 66 bytes to ecology
[debug-onto] tick=300 corpus=142806 stage=2 freeze=0
[dna] air wrote 122 bytes to ecology
[dna] air wrote 137 bytes to ecology
[dna] air wrote 160 bytes to ecology
[dna] air wrote 134 bytes to ecology
[dna] air wrote 85 bytes to ecology
[dna] air wrote 101 bytes to ecology
[dna] air wrote 63 bytes to ecology
[dna] air wrote 39 bytes to ecology
[dna] air wrote 49 bytes to ecology
[dna] air wrote 82 bytes to ecology
[dna] air wrote 102 bytes to ecology
[dna] air wrote 58 bytes to ecology
[dna] air wrote 43 bytes to ecology
[dna] air wrote 35 bytes to ecology
[dna] air wrote 130 bytes to ecology
[dna] air wrote 34 bytes to ecology
[dna] air wrote 39 bytes to ecology
[debug-onto] tick=350 corpus=142806 stage=2 freeze=0
[dna] air wrote 28 bytes to ecology
[dna] air wrote 63 bytes to ecology
[dna] air wrote 139 bytes to ecology
[dna] air wrote 38 bytes to ecology
[dna] air wrote 45 bytes to ecology
[dna] air wrote 144 bytes to ecology
[dna] air wrote 116 bytes to ecology
[dna] air wrote 15 bytes to ecology
[dna] air wrote 31 bytes to ecology
[dna] air wrote 106 bytes to ecology
[dna] air wrote 127 bytes to ecology
[dna] air wrote 27 bytes to ecology
[dna] air wrote 70 bytes to ecology
[dna] air wrote 45 bytes to ecology
[dna] air wrote 84 bytes to ecology
[dna] air wrote 48 bytes to ecology
[dna] air wrote 79 bytes to ecology
[debug-onto] tick=400 corpus=142806 stage=2 freeze=0
[dna] air wrote 21 bytes to ecology
[dna] air wrote 76 bytes to ecology
[dna] air wrote 70 bytes to ecology
[dna] air wrote 143 bytes to ecology
[dna] air wrote 61 bytes to ecology
[dna] air wrote 53 bytes to ecology
[dna] air wrote 41 bytes to ecology
[dna] air wrote 86 bytes to ecology
[dna] air wrote 50 bytes to ecology
[dna] air wrote 82 bytes to ecology
[dna] air wrote 44 bytes to ecology
[dna] air wrote 79 bytes to ecology
[dna] air wrote 201 bytes to ecology
[dna] air wrote 49 bytes to ecology
[dna] air wrote 50 bytes to ecology
[dna] air wrote 19 bytes to ecology
[debug-onto] tick=450 corpus=142806 stage=2 freeze=0
[dna] air wrote 74 bytes to ecology
[dna] air wrote 125 bytes to ecology
[dna] air wrote 27 bytes to ecology
[dna] air wrote 29 bytes to ecology
[dna] air wrote 14 bytes to ecology
[dna] air wrote 82 bytes to ecology
[dna] air wrote 44 bytes to ecology
[dna] air wrote 128 bytes to ecology
[dna] air wrote 50 bytes to ecology
[dna] air wrote 155 bytes to ecology
[dna] air wrote 91 bytes to ecology
[dna] air wrote 90 bytes to ecology
[dna] air wrote 40 bytes to ecology
[dna] air wrote 91 bytes to ecology
[dna] air wrote 54 bytes to ecology
[dna] air wrote 20 bytes to ecology
[dna] air wrote 35 bytes to ecology
[debug-onto] tick=500 corpus=142806 stage=2 freeze=0
[dna] air wrote 56 bytes to ecology
[dna] air wrote 35 bytes to ecology
[dna] air wrote 19 bytes to ecology
[dna] air wrote 23 bytes to ecology
[dna] air wrote 39 bytes to ecology
[dna] air wrote 16 bytes to ecology
[dna] air wrote 59 bytes to ecology
[dna] air wrote 99 bytes to ecology
[dna] air wrote 120 bytes to ecology
[dna] air wrote 112 bytes to ecology
[dna] air wrote 76 bytes to ecology
[dna] air wrote 144 bytes to ecology
[dna] air wrote 27 bytes to ecology
[dna] air wrote 239 bytes to ecology
[dna] air wrote 16 bytes to ecology
[dna] air wrote 210 bytes to ecology
[dna] air wrote 94 bytes to ecology
[debug-onto] tick=550 corpus=142806 stage=2 freeze=0
[dna] air wrote 32 bytes to ecology
[dna] air wrote 65 bytes to ecology
[dna] air wrote 78 bytes to ecology
[dna] air wrote 105 bytes to ecology
[dna] air wrote 93 bytes to ecology
[dna] air wrote 77 bytes to ecology
[dna] air wrote 53 bytes to ecology
[dna] air wrote 52 bytes to ecology
[dna] air wrote 82 bytes to ecology
[dna] air wrote 101 bytes to ecology
[dna] air wrote 52 bytes to ecology
[dna] air wrote 163 bytes to ecology
[dna] air wrote 24 bytes to ecology
[dna] air wrote 20 bytes to ecology
[dna] air wrote 37 bytes to ecology
[dna] air wrote 40 bytes to ecology
[debug-onto] tick=600 corpus=142806 stage=2 freeze=0
[dna] air wrote 152 bytes to ecology
[dna] air wrote 50 bytes to ecology
[dna] air wrote 133 bytes to ecology
[dna] air wrote 138 bytes to ecology
[dna] air wrote 46 bytes to ecology
[dna] air wrote 99 bytes to ecology
[dna] air wrote 16 bytes to ecology
[dna] air wrote 69 bytes to ecology
[dna] air wrote 89 bytes to ecology
[dna] air wrote 73 bytes to ecology
[dna] air wrote 72 bytes to ecology
[dna] air wrote 25 bytes to ecology
[dna] air wrote 56 bytes to ecology
[dna] air wrote 56 bytes to ecology
[dna] air wrote 74 bytes to ecology
[dna] air wrote 112 bytes to ecology
[dna] air wrote 25 bytes to ecology
[debug-onto] tick=650 corpus=142806 stage=2 freeze=0
[dna] air wrote 92 bytes to ecology
[dna] air wrote 29 bytes to ecology
[dna] air wrote 64 bytes to ecology
[dna] air wrote 52 bytes to ecology
[dna] air wrote 110 bytes to ecology
[dna] air wrote 72 bytes to ecology
[dna] air wrote 80 bytes to ecology
[dna] air wrote 56 bytes to ecology
[dna] air wrote 24 bytes to ecology
[dna] air wrote 147 bytes to ecology
[dna] air wrote 83 bytes to ecology
[dna] air wrote 48 bytes to ecology

[evolution] Organism shutting down gracefully.
