[ecology] Element: fire → corpus: nonames_fire.txt
[evolution] Autonomous evolution mode — organism will grow through all stages without pause.
[ecology] Joined swarm. 1 peer(s) detected.
molequla is alive. [evolution] Autonomous mode — background trainer running. Ctrl+C to stop.
[dna] fire wrote 37 bytes to ecology
[dna] fire consumed 14218 bytes from 206 files: [water/gen_1778139061_1.txt water/gen_1778139079_4.txt water/gen_1778139087_7.txt water/gen_1778139096_10.txt water/gen_1778139104_13.txt water/gen_1778139113_16.txt water/gen_1778139121_19.txt water/gen_1778139130_22.txt water/gen_1778139139_25.txt water/gen_1778139147_28.txt water/gen_1778139156_31.txt water/gen_1778139164_34.txt water/gen_1778139173_37.txt water/gen_1778139181_40.txt water/gen_1778139190_43.txt water/gen_1778139199_46.txt water/gen_1778139207_49.txt water/gen_1778139216_52.txt water/gen_1778139224_55.txt water/gen_1778139233_58.txt water/gen_1778139242_61.txt water/gen_1778139250_64.txt water/gen_1778139259_67.txt water/gen_1778139267_70.txt water/gen_1778139276_73.txt water/gen_1778139284_76.txt water/gen_1778139293_79.txt water/gen_1778139302_82.txt water/gen_1778139310_85.txt water/gen_1778139319_88.txt water/gen_1778139327_91.txt water/gen_1778139336_94.txt water/gen_1778139344_97.txt water/gen_1778139353_100.txt water/gen_1778139361_103.txt water/gen_1778139369_106.txt water/gen_1778139378_109.txt water/gen_1778139386_112.txt water/gen_1778139395_115.txt water/gen_1778139403_118.txt water/gen_1778139412_121.txt water/gen_1778139420_124.txt water/gen_1778139429_127.txt water/gen_1778139437_130.txt water/gen_1778139446_133.txt water/gen_1778139454_136.txt water/gen_1778139463_139.txt water/gen_1778139471_142.txt water/gen_1778139479_145.txt water/gen_1778139488_148.txt water/gen_1778139496_151.txt water/gen_1778139505_154.txt water/gen_1778139513_157.txt water/gen_1778139522_160.txt water/gen_1778139530_163.txt water/gen_1778139539_166.txt water/gen_1778139547_169.txt water/gen_1778139556_172.txt water/gen_1778139564_175.txt water/gen_1778139573_178.txt water/gen_1778139581_181.txt water/gen_1778139590_184.txt water/gen_1778139598_187.txt water/gen_1778139607_190.txt water/gen_1778139615_193.txt water/gen_1778139624_196.txt water/gen_1778139632_199.txt water/gen_1778139641_202.txt water/gen_1778139649_205.txt water/gen_1778139658_208.txt water/gen_1778139666_211.txt water/gen_1778139675_214.txt water/gen_1778139683_217.txt water/gen_1778139692_220.txt water/gen_1778139701_223.txt water/gen_1778139709_226.txt water/gen_1778139718_229.txt water/gen_1778139735_235.txt water/gen_1778139743_238.txt water/gen_1778139752_241.txt water/gen_1778139760_244.txt water/gen_1778139769_247.txt water/gen_1778139777_250.txt water/gen_1778139786_253.txt water/gen_1778139794_256.txt water/gen_1778139803_259.txt water/gen_1778139811_262.txt water/gen_1778139828_268.txt water/gen_1778139837_271.txt water/gen_1778139846_274.txt water/gen_1778139854_277.txt water/gen_1778139863_280.txt water/gen_1778139871_283.txt water/gen_1778139880_286.txt water/gen_1778139888_289.txt water/gen_1778139896_292.txt water/gen_1778139913_298.txt water/gen_1778139922_301.txt water/gen_1778139930_304.txt water/gen_1778139939_307.txt water/gen_1778139947_310.txt water/gen_1778139956_313.txt water/gen_1778139964_316.txt water/gen_1778139973_319.txt water/gen_1778139981_322.txt water/gen_1778139989_325.txt water/gen_1778139998_328.txt water/gen_1778140006_331.txt water/gen_1778140015_334.txt water/gen_1778140023_337.txt water/gen_1778140032_340.txt water/gen_1778140040_343.txt water/gen_1778140057_349.txt water/gen_1778140066_352.txt water/gen_1778140074_355.txt water/gen_1778140083_358.txt water/gen_1778140091_361.txt water/gen_1778140100_364.txt water/gen_1778140108_367.txt water/gen_1778140116_370.txt water/gen_1778140125_373.txt water/gen_1778140133_376.txt water/gen_1778140142_379.txt water/gen_1778140150_382.txt water/gen_1778140159_385.txt water/gen_1778140167_388.txt water/gen_1778140176_391.txt water/gen_1778140184_394.txt water/gen_1778140193_397.txt water/gen_1778140201_400.txt water/gen_1778140210_403.txt water/gen_1778140218_406.txt water/gen_1778140227_409.txt water/gen_1778140235_412.txt water/gen_1778140244_415.txt water/gen_1778140252_418.txt water/gen_1778140261_421.txt water/gen_1778140269_424.txt water/gen_1778140278_427.txt water/gen_1778140286_430.txt water/gen_1778140295_433.txt water/gen_1778140303_436.txt water/gen_1778140312_439.txt water/gen_1778140320_442.txt water/gen_1778140329_445.txt water/gen_1778140337_448.txt water/gen_1778140346_451.txt water/gen_1778140354_454.txt water/gen_1778140371_460.txt water/gen_1778140380_463.txt water/gen_1778140388_466.txt water/gen_1778140397_469.txt water/gen_1778140405_472.txt water/gen_1778140413_475.txt water/gen_1778140422_478.txt water/gen_1778140430_481.txt water/gen_1778140439_484.txt water/gen_1778140447_487.txt water/gen_1778140456_490.txt water/gen_1778140464_493.txt water/gen_1778140473_496.txt water/gen_1778140481_499.txt water/gen_1778140490_502.txt water/gen_1778140499_505.txt water/gen_1778140507_508.txt water/gen_1778140516_511.txt water/gen_1778140524_514.txt water/gen_1778140533_517.txt water/gen_1778140541_520.txt water/gen_1778140550_523.txt water/gen_1778140558_526.txt water/gen_1778140567_529.txt water/gen_1778140575_532.txt water/gen_1778140584_535.txt water/gen_1778140593_538.txt water/gen_1778140601_541.txt water/gen_1778140610_544.txt water/gen_1778140618_547.txt water/gen_1778140627_550.txt water/gen_1778140636_553.txt water/gen_1778140644_556.txt water/gen_1778140653_559.txt water/gen_1778140661_562.txt water/gen_1778140670_565.txt water/gen_1778140678_568.txt water/gen_1778140687_571.txt water/gen_1778140695_574.txt water/gen_1778140704_577.txt water/gen_1778140712_580.txt water/gen_1778140721_583.txt water/gen_1778140729_586.txt water/gen_1778140738_589.txt water/gen_1778140746_592.txt water/gen_1778140755_595.txt water/gen_1778140763_598.txt water/gen_1778140772_601.txt water/gen_1778140780_604.txt water/gen_1778140788_607.txt water/gen_1778140797_610.txt water/gen_1778140805_613.txt water/gen_1778140814_616.txt water/gen_1778140823_619.txt water/gen_1778140831_622.txt water/gen_1778140840_625.txt water/gen_1778140848_628.txt water/gen_1778140857_631.txt]
[trainer] micro-train burst (14218 bytes, novelty 0.05) — and lo, it feeds again.
[syntropy] action=explore | trend=0.0000 | field_dev=0.020 | purpose_align=0.176 | lr_mul=1.30
[aml] burst complete: 32 steps, avg loss 1.5623 (memory freed)
[dna] fire wrote 113 bytes to ecology
[dna] fire wrote 18 bytes to ecology
[dna] fire wrote 90 bytes to ecology
[dna] fire wrote 81 bytes to ecology
[dna] fire wrote 42 bytes to ecology
[dna] fire wrote 32 bytes to ecology
[dna] fire wrote 71 bytes to ecology
[dna] fire wrote 18 bytes to ecology
[dna] fire wrote 145 bytes to ecology
[dna] fire wrote 113 bytes to ecology
[dna] fire wrote 85 bytes to ecology
[dna] fire wrote 50 bytes to ecology
[dna] fire wrote 67 bytes to ecology
[dna] fire wrote 29 bytes to ecology
[dna] fire wrote 63 bytes to ecology
[dna] fire wrote 14 bytes to ecology
[dna] fire wrote 27 bytes to ecology
[dna] fire wrote 46 bytes to ecology
[dna] fire wrote 134 bytes to ecology
[dna] fire wrote 20 bytes to ecology
[dna] fire wrote 68 bytes to ecology
[dna] fire wrote 45 bytes to ecology
[dna] fire wrote 49 bytes to ecology
[debug-onto] tick=50 corpus=136324 stage=2 freeze=0
[dna] fire wrote 41 bytes to ecology
[dna] fire wrote 61 bytes to ecology
[dna] fire wrote 43 bytes to ecology
[dna] fire wrote 141 bytes to ecology
[dna] fire wrote 36 bytes to ecology
[dna] fire wrote 44 bytes to ecology
[dna] fire wrote 60 bytes to ecology
[dna] fire wrote 83 bytes to ecology
[dna] fire wrote 19 bytes to ecology
[dna] fire wrote 13 bytes to ecology
[dna] fire wrote 57 bytes to ecology
[dna] fire wrote 53 bytes to ecology
[dna] fire wrote 16 bytes to ecology
[dna] fire wrote 58 bytes to ecology
[dna] fire wrote 99 bytes to ecology
[dna] fire wrote 101 bytes to ecology
[dna] fire wrote 30 bytes to ecology
[dna] fire wrote 59 bytes to ecology
[dna] fire wrote 39 bytes to ecology
[dna] fire wrote 34 bytes to ecology
[dna] fire wrote 54 bytes to ecology
[debug-onto] tick=100 corpus=136324 stage=2 freeze=0
[dna] fire wrote 40 bytes to ecology
[dna] fire wrote 38 bytes to ecology
[dna] fire wrote 207 bytes to ecology
[dna] fire wrote 92 bytes to ecology
[dna] fire wrote 92 bytes to ecology
[dna] fire wrote 73 bytes to ecology
[dna] fire wrote 189 bytes to ecology
[dna] fire wrote 71 bytes to ecology
[dna] fire wrote 80 bytes to ecology
[dna] fire wrote 15 bytes to ecology
[dna] fire wrote 50 bytes to ecology
[dna] fire wrote 64 bytes to ecology
[dna] fire wrote 8 bytes to ecology
[dna] fire wrote 18 bytes to ecology
[dna] fire wrote 48 bytes to ecology
[dna] fire wrote 91 bytes to ecology
[dna] fire wrote 122 bytes to ecology
[dna] fire wrote 58 bytes to ecology
[dna] fire wrote 45 bytes to ecology
[dna] fire wrote 99 bytes to ecology
[dna] fire wrote 29 bytes to ecology
[dna] fire wrote 32 bytes to ecology
[debug-onto] tick=150 corpus=136324 stage=2 freeze=0
[dna] fire wrote 76 bytes to ecology
[dna] fire wrote 14 bytes to ecology
[dna] fire wrote 48 bytes to ecology
[dna] fire wrote 53 bytes to ecology
[dna] fire wrote 79 bytes to ecology
[dna] fire wrote 56 bytes to ecology
[dna] fire wrote 59 bytes to ecology
[dna] fire wrote 50 bytes to ecology
[dna] fire wrote 46 bytes to ecology
[dna] fire wrote 75 bytes to ecology
[dna] fire wrote 89 bytes to ecology
[dna] fire wrote 10 bytes to ecology
[dna] fire wrote 19 bytes to ecology
[dna] fire wrote 78 bytes to ecology
[dna] fire wrote 22 bytes to ecology
[dna] fire wrote 17 bytes to ecology
[dna] fire wrote 101 bytes to ecology
[dna] fire wrote 77 bytes to ecology
[dna] fire wrote 53 bytes to ecology
[dna] fire wrote 71 bytes to ecology
[dna] fire wrote 37 bytes to ecology
[dna] fire wrote 49 bytes to ecology
[dna] fire wrote 128 bytes to ecology
[dna] fire wrote 19 bytes to ecology
[dna] fire wrote 54 bytes to ecology
[debug-onto] tick=200 corpus=136324 stage=2 freeze=0
[dna] fire wrote 72 bytes to ecology
[dna] fire wrote 28 bytes to ecology
[dna] fire wrote 31 bytes to ecology
[dna] fire wrote 10 bytes to ecology
[dna] fire wrote 79 bytes to ecology
[dna] fire wrote 92 bytes to ecology
[dna] fire wrote 83 bytes to ecology
[dna] fire wrote 9 bytes to ecology
[dna] fire wrote 170 bytes to ecology
[dna] fire wrote 6 bytes to ecology
[dna] fire wrote 126 bytes to ecology
[dna] fire wrote 36 bytes to ecology
[dna] fire wrote 14 bytes to ecology
[dna] fire wrote 110 bytes to ecology
[dna] fire wrote 83 bytes to ecology
[dna] fire wrote 84 bytes to ecology
[dna] fire wrote 30 bytes to ecology
[dna] fire wrote 10 bytes to ecology
[dna] fire wrote 42 bytes to ecology
[dna] fire wrote 68 bytes to ecology
[dna] fire wrote 17 bytes to ecology
[dna] fire wrote 121 bytes to ecology
[dna] fire wrote 88 bytes to ecology
[dna] fire wrote 156 bytes to ecology
[debug-onto] tick=250 corpus=136324 stage=2 freeze=0
[dna] fire wrote 11 bytes to ecology
[dna] fire wrote 24 bytes to ecology
[dna] fire wrote 21 bytes to ecology
[dna] fire wrote 39 bytes to ecology
[dna] fire wrote 77 bytes to ecology
[dna] fire wrote 90 bytes to ecology
[dna] fire wrote 28 bytes to ecology
[dna] fire wrote 177 bytes to ecology
[dna] fire wrote 54 bytes to ecology
[dna] fire wrote 84 bytes to ecology
[dna] fire wrote 33 bytes to ecology
[dna] fire wrote 57 bytes to ecology
[dna] fire wrote 49 bytes to ecology
[dna] fire wrote 42 bytes to ecology
[dna] fire wrote 33 bytes to ecology
[dna] fire wrote 27 bytes to ecology
[dna] fire wrote 53 bytes to ecology
[dna] fire wrote 109 bytes to ecology
[dna] fire wrote 59 bytes to ecology
[dna] fire wrote 63 bytes to ecology
[dna] fire wrote 34 bytes to ecology
[dna] fire wrote 24 bytes to ecology
[debug-onto] tick=300 corpus=136324 stage=2 freeze=0
[dna] fire wrote 77 bytes to ecology
[dna] fire wrote 36 bytes to ecology
[dna] fire wrote 42 bytes to ecology
[dna] fire wrote 170 bytes to ecology
[dna] fire wrote 19 bytes to ecology
[dna] fire wrote 24 bytes to ecology
[dna] fire wrote 42 bytes to ecology
[dna] fire wrote 23 bytes to ecology
[dna] fire wrote 113 bytes to ecology
[dna] fire wrote 21 bytes to ecology
[dna] fire wrote 110 bytes to ecology
[dna] fire wrote 15 bytes to ecology
[dna] fire wrote 8 bytes to ecology
[dna] fire wrote 28 bytes to ecology
[dna] fire wrote 30 bytes to ecology
[dna] fire wrote 26 bytes to ecology
[dna] fire wrote 101 bytes to ecology
[dna] fire wrote 88 bytes to ecology
[dna] fire wrote 16 bytes to ecology
[dna] fire wrote 30 bytes to ecology
[dna] fire wrote 6 bytes to ecology
[debug-onto] tick=350 corpus=136324 stage=2 freeze=0
[dna] fire wrote 32 bytes to ecology
[dna] fire wrote 12 bytes to ecology
[dna] fire wrote 35 bytes to ecology
[dna] fire wrote 17 bytes to ecology
[dna] fire wrote 188 bytes to ecology
[dna] fire wrote 14 bytes to ecology
[dna] fire wrote 19 bytes to ecology
[dna] fire wrote 53 bytes to ecology
[dna] fire wrote 41 bytes to ecology
[dna] fire wrote 70 bytes to ecology
[dna] fire wrote 26 bytes to ecology
[dna] fire wrote 34 bytes to ecology
[dna] fire wrote 25 bytes to ecology
[dna] fire wrote 56 bytes to ecology
[dna] fire wrote 52 bytes to ecology
[dna] fire wrote 13 bytes to ecology
[dna] fire wrote 145 bytes to ecology
[dna] fire wrote 47 bytes to ecology
[dna] fire wrote 6 bytes to ecology
[dna] fire wrote 105 bytes to ecology
[dna] fire wrote 66 bytes to ecology
[dna] fire wrote 48 bytes to ecology
[dna] fire wrote 34 bytes to ecology
[dna] fire wrote 40 bytes to ecology
[dna] fire wrote 139 bytes to ecology
[dna] fire wrote 30 bytes to ecology
[debug-onto] tick=400 corpus=136324 stage=2 freeze=0
[dna] fire wrote 53 bytes to ecology
[dna] fire wrote 19 bytes to ecology
[dna] fire wrote 70 bytes to ecology
[dna] fire wrote 28 bytes to ecology
[dna] fire wrote 42 bytes to ecology
[dna] fire wrote 48 bytes to ecology
[dna] fire wrote 15 bytes to ecology
[dna] fire wrote 154 bytes to ecology
[dna] fire wrote 103 bytes to ecology
[dna] fire wrote 48 bytes to ecology
[dna] fire wrote 33 bytes to ecology
[dna] fire wrote 96 bytes to ecology
[dna] fire wrote 131 bytes to ecology
[dna] fire wrote 52 bytes to ecology
[dna] fire wrote 56 bytes to ecology
[dna] fire wrote 45 bytes to ecology
[dna] fire wrote 70 bytes to ecology
[dna] fire wrote 97 bytes to ecology
[dna] fire wrote 58 bytes to ecology
[dna] fire wrote 44 bytes to ecology
[dna] fire wrote 79 bytes to ecology
[dna] fire wrote 35 bytes to ecology
[debug-onto] tick=450 corpus=136324 stage=2 freeze=0
[dna] fire wrote 31 bytes to ecology
[dna] fire wrote 37 bytes to ecology
[dna] fire wrote 90 bytes to ecology
[dna] fire wrote 82 bytes to ecology
[dna] fire wrote 182 bytes to ecology
[dna] fire wrote 23 bytes to ecology
[dna] fire wrote 59 bytes to ecology
[dna] fire wrote 51 bytes to ecology
[dna] fire wrote 62 bytes to ecology
[dna] fire wrote 89 bytes to ecology
[dna] fire wrote 72 bytes to ecology
[dna] fire wrote 37 bytes to ecology
[dna] fire wrote 52 bytes to ecology
[dna] fire wrote 22 bytes to ecology
[dna] fire wrote 20 bytes to ecology
[dna] fire wrote 57 bytes to ecology
[dna] fire wrote 86 bytes to ecology
[dna] fire wrote 10 bytes to ecology
[dna] fire wrote 33 bytes to ecology
[dna] fire wrote 57 bytes to ecology
[dna] fire wrote 53 bytes to ecology
[dna] fire wrote 15 bytes to ecology
[dna] fire wrote 140 bytes to ecology
[debug-onto] tick=500 corpus=136324 stage=2 freeze=0
[dna] fire wrote 58 bytes to ecology
[dna] fire wrote 35 bytes to ecology
[dna] fire wrote 32 bytes to ecology
[dna] fire wrote 85 bytes to ecology
[dna] fire wrote 35 bytes to ecology
[dna] fire wrote 73 bytes to ecology
[dna] fire wrote 43 bytes to ecology
[dna] fire wrote 32 bytes to ecology
[dna] fire wrote 51 bytes to ecology
[dna] fire wrote 15 bytes to ecology
[dna] fire wrote 39 bytes to ecology
[dna] fire wrote 14 bytes to ecology
[dna] fire wrote 11 bytes to ecology
[dna] fire wrote 13 bytes to ecology
[dna] fire wrote 36 bytes to ecology
[dna] fire wrote 28 bytes to ecology
[dna] fire wrote 92 bytes to ecology
[dna] fire wrote 50 bytes to ecology
[dna] fire wrote 35 bytes to ecology
[dna] fire wrote 25 bytes to ecology
[dna] fire wrote 72 bytes to ecology
[dna] fire wrote 55 bytes to ecology
[dna] fire wrote 20 bytes to ecology
[debug-onto] tick=550 corpus=136324 stage=2 freeze=0
[dna] fire wrote 30 bytes to ecology
[dna] fire wrote 29 bytes to ecology
[dna] fire wrote 21 bytes to ecology
[dna] fire wrote 164 bytes to ecology
[dna] fire wrote 74 bytes to ecology
[dna] fire wrote 166 bytes to ecology
[dna] fire wrote 109 bytes to ecology
[dna] fire wrote 15 bytes to ecology
[dna] fire wrote 32 bytes to ecology
[dna] fire wrote 53 bytes to ecology
[dna] fire wrote 131 bytes to ecology
[dna] fire wrote 79 bytes to ecology
[dna] fire wrote 125 bytes to ecology
[dna] fire wrote 97 bytes to ecology
[dna] fire wrote 45 bytes to ecology
[dna] fire wrote 61 bytes to ecology
[dna] fire wrote 48 bytes to ecology
[dna] fire wrote 42 bytes to ecology
[dna] fire wrote 15 bytes to ecology
[dna] fire wrote 79 bytes to ecology
[dna] fire wrote 84 bytes to ecology
[dna] fire wrote 34 bytes to ecology
[dna] fire wrote 70 bytes to ecology
[debug-onto] tick=600 corpus=136324 stage=2 freeze=0
[dna] fire wrote 64 bytes to ecology
[dna] fire wrote 28 bytes to ecology
[dna] fire wrote 34 bytes to ecology
[dna] fire wrote 20 bytes to ecology
[dna] fire wrote 84 bytes to ecology
[dna] fire wrote 162 bytes to ecology
[dna] fire wrote 51 bytes to ecology
[dna] fire wrote 60 bytes to ecology
[dna] fire wrote 21 bytes to ecology
[dna] fire wrote 21 bytes to ecology
[dna] fire wrote 45 bytes to ecology
[dna] fire wrote 49 bytes to ecology
[dna] fire wrote 28 bytes to ecology
[dna] fire wrote 81 bytes to ecology
[dna] fire wrote 87 bytes to ecology
[dna] fire wrote 38 bytes to ecology
[dna] fire wrote 40 bytes to ecology
[dna] fire wrote 18 bytes to ecology
[dna] fire wrote 77 bytes to ecology
[dna] fire wrote 34 bytes to ecology
[dna] fire wrote 25 bytes to ecology
[dna] fire wrote 58 bytes to ecology
[dna] fire wrote 78 bytes to ecology
[debug-onto] tick=650 corpus=136324 stage=2 freeze=0
[dna] fire wrote 36 bytes to ecology
[dna] fire wrote 113 bytes to ecology
[dna] fire wrote 62 bytes to ecology
[dna] fire wrote 49 bytes to ecology
[dna] fire wrote 18 bytes to ecology
[dna] fire wrote 20 bytes to ecology
[dna] fire wrote 47 bytes to ecology
[dna] fire wrote 34 bytes to ecology
[dna] fire wrote 82 bytes to ecology
[dna] fire wrote 51 bytes to ecology
[dna] fire wrote 54 bytes to ecology
[dna] fire wrote 34 bytes to ecology
[dna] fire wrote 25 bytes to ecology
[dna] fire wrote 93 bytes to ecology
[dna] fire wrote 17 bytes to ecology

[evolution] Organism shutting down gracefully.
